<?xml version="1.0" encoding="utf-8"?>
<MyTestX>
	<Version>11.0.0.58</Version>
	<SaveDate>2019-12-27T11:07:03Z</SaveDate>
	<TestOptions>
		<TestCreate>2019-12-13T00:37:23Z</TestCreate>
		<TestLastSave>2019-12-26T11:43:11Z</TestLastSave>
		<TestUID>43106513-FAD7-41EB-A12C-566800BF5D07</TestUID>
		<Title>Физиология закрытая база-модуль3</Title>
		<Author>user</Author>
		<AuthorEmail/>
		<QuestionFormulization>Rand</QuestionFormulization>
		<IsOrderTaskRandom>True</IsOrderTaskRandom>
		<IsOrderVariantRandom>True</IsOrderVariantRandom>
		<Mode>
			<ModeEducation>True</ModeEducation>
			<ModeFree>False</ModeFree>
			<ModePenalty>False</ModePenalty>
			<ModeMono>False</ModeMono>
		</Mode>
		<MarkLevel MarkCount="5">
			<Level Mark="5">85</Level>
			<Level Mark="4">70</Level>
			<Level Mark="3">50</Level>
			<Level Mark="2">0</Level>
			<Level Mark="1">0</Level>
		</MarkLevel>
		<Mark100True>True</Mark100True>
		<OptionsGroups>
			<IsUseGroupLimit>True</IsUseGroupLimit>
			<IsShowGroupTitle>False</IsShowGroupTitle>
		</OptionsGroups>
		<OptionsModeEdu>
			<IsShowGoodAnswer>True</IsShowGoodAnswer>
			<IsShowGoodAlert>False</IsShowGoodAlert>
			<IsRepeatAskTask>False</IsRepeatAskTask>
			<IsRepeatAtTheEnd>False</IsRepeatAtTheEnd>
		</OptionsModeEdu>
		<Report>
			<IsShowReport>False</IsShowReport>
			<IsSaveReport>False</IsSaveReport>
			<IsShowReportOnlyError>False</IsShowReportOnlyError>
			<IsShowReportHideAnswers>False</IsShowReportHideAnswers>
			<IsIncludeReport>False</IsIncludeReport>
			<IsIncludeReportOnlyError>False</IsIncludeReportOnlyError>
			<IsIncludeReportHideAnswers>False</IsIncludeReportHideAnswers>
		</Report>
		<Limit/>
		<SaveAndShowResult>
			<IsSaveResult>False</IsSaveResult>
			<IsSaveResultText>True</IsSaveResultText>
			<IsSaveResultProtection>False</IsSaveResultProtection>
			<IsSendResult>True</IsSendResult>
			<IsMonitor>True</IsMonitor>
			<IsSendEMail>False</IsSendEMail>
			<IsSendPost>False</IsSendPost>
			<IsShowUserResult>True</IsShowUserResult>
		</SaveAndShowResult>
		<OtherOptions>
			<IsDenyCalculator>False</IsDenyCalculator>
		</OtherOptions>
	</TestOptions>
	<Groups>
		<Group>
			<Title>Новая группа</Title>
			<Tasks>
				<Task Type="TYPE_TASK_CHOICE_SINGLE" Score="1">
					<Title/>
					<QuestionText>
						<PlainText>Які із перелічених елементів входять до складу аналізатора (за І.П. Павловим)?</PlainText>
						<FormattedText>LTggMSAzIDINCi05IDEgMCAwIDAgMCAxMw0KOTYNCi05IDIgMCAwIDAgMCAxDQoNCjBFMDEwOTUzNzQ3OTZDNjU0RTYxNkQ2NTA2MEI0RTZGNzI2RDYxNkMyMDc0NjU3ODc0MEE1MzY5N0E2NTQ0NkY3NTYyNkM2NTAyMUMwODQ2NkY2RTc0NEU2MTZENjUwNjBGNTQ2OTZENjU3MzIwNEU2NTc3MjA1MjZGNkQ2MTZFMDc1NTZFNjk2MzZGNjQ2NTA5MDQ1MzY5N0E2NTAyMEUwMDAwDQotOSAyIDAgMCAwIDAgMg0KDQowRTAxMDQ1NDYxNjI3MzBFMDAwMDAwDQotOSAyIDAgMCAwIDAgNA0KDQowRTAwDQotOSAwIDAgMCAwIDAgNw0KMCAxIDAgOCAzIDANCjJGMDQzQTA0NTYwNDIwMDA1NjA0MzcwNDIwMDAzRjA0MzUwNDQwMDQzNTA0M0IwNDU2MDQ0NzA0MzUwNDNEMDQzODA0NDUwNDIwMDAzNTA0M0IwNDM1MDQzQzA0MzUwNDNEMDQ0MjA0NTYwNDMyMDQyMDAwMzIwNDQ1MDQzRTA0MzQwNDRGMDQ0MjA0NEMwNDIwMDAzNDA0M0UwNDIwMDA0MTA0M0EwNDNCMDQzMDA0MzQwNDQzMDQyMDAwMzAwNDNEMDQzMDA0M0IwNDU2MDQzNzA0MzAwNDQyMDQzRTA0NDAwNDMwMDQyMDAwMjgwMDM3MDQzMDA0MjAwMDA2MDQyRTAwMUYwNDJFMDAyMDAwMUYwNDMwMDQzMjA0M0IwNDNFMDQzMjA0MzgwNDNDMDQyOTAwM0YwMA0K</FormattedText>
					</QuestionText>
					<Options>
						<IsAllowRandom>true</IsAllowRandom>
						<IsCompulsory>false</IsCompulsory>
						<IsOnlyForEduMode>false</IsOnlyForEduMode>
						<IsDenyPartially>false</IsDenyPartially>
					</Options>
					<Variants>
						<VariantText CorrectAnswer="False">
							<PlainText>Провідний, посилюючий і сприймаючий відділи.</PlainText>
							<FormattedText>LTggMSAzIDINCi05IDEgMCAwIDAgMCAxMw0KOTYNCi05IDIgMCAwIDAgMCAxDQoNCjBFMDEwOTUzNzQ3OTZDNjU0RTYxNkQ2NTA2MEI0RTZGNzI2RDYxNkMyMDc0NjU3ODc0MEE1MzY5N0E2NTQ0NkY3NTYyNkM2NTAyMUMwODQ2NkY2RTc0NEU2MTZENjUwNjBGNTQ2OTZENjU3MzIwNEU2NTc3MjA1MjZGNkQ2MTZFMDc1NTZFNjk2MzZGNjQ2NTA5MDQ1MzY5N0E2NTAyMEUwMDAxMDg1Mzc0NjE2RTY0NjE3MjY0MDgwNzQzNjg2MTcyNzM2NTc0MDcwRjUyNTU1MzUzNDk0MTRFNUY0MzQ4NDE1MjUzNDU1NDBBNTM2OTdBNjU0NDZGNzU2MjZDNjUwMjFDMDg0NjZGNkU3NDRFNjE2RDY1MDYwRjU0Njk2RDY1NzMyMDRFNjU3NzIwNTI2RjZENjE2RTA3NTU2RTY5NjM2RjY0NjUwOTA0NTM2OTdBNjUwMjBFMDAwMA0KLTkgMiAwIDAgMCAwIDINCg0KMEUwMTA0NTQ2MTYyNzMwRTAwMDAwMA0KLTkgMiAwIDAgMCAwIDQNCg0KMEUwMA0KLTkgMCAwIDAgMCAwIDcNCjEgMSAwIDggMyAwDQoxRjA0NDAwNDNFMDQzMjA0NTYwNDM0MDQzRDA0MzgwNDM5MDQyQzAwMjAwMDNGMDQzRTA0NDEwNDM4MDQzQjA0NEUwNDRFMDQ0NzA0MzgwNDM5MDQyMDAwNTYwNDIwMDA0MTA0M0YwNDQwMDQzODA0MzkwNDNDMDQzMDA0NEUwNDQ3MDQzODA0MzkwNDIwMDAzMjA0NTYwNDM0MDQzNDA0NTYwNDNCMDQzODA0MkUwMA0K</FormattedText>
						</VariantText>
						<VariantText CorrectAnswer="False">
							<PlainText>Уловлюючий, посилюючий і провідний відділи.</PlainText>
							<FormattedText>LTggMSAzIDINCi05IDEgMCAwIDAgMCAxMw0KOTYNCi05IDIgMCAwIDAgMCAxDQoNCjBFMDEwOTUzNzQ3OTZDNjU0RTYxNkQ2NTA2MEI0RTZGNzI2RDYxNkMyMDc0NjU3ODc0MEE1MzY5N0E2NTQ0NkY3NTYyNkM2NTAyMUMwODQ2NkY2RTc0NEU2MTZENjUwNjBGNTQ2OTZENjU3MzIwNEU2NTc3MjA1MjZGNkQ2MTZFMDc1NTZFNjk2MzZGNjQ2NTA5MDQ1MzY5N0E2NTAyMEUwMDAxMDg1Mzc0NjE2RTY0NjE3MjY0MDgwNzQzNjg2MTcyNzM2NTc0MDcwRjUyNTU1MzUzNDk0MTRFNUY0MzQ4NDE1MjUzNDU1NDBBNTM2OTdBNjU0NDZGNzU2MjZDNjUwMjFDMDg0NjZGNkU3NDRFNjE2RDY1MDYwRjU0Njk2RDY1NzMyMDRFNjU3NzIwNTI2RjZENjE2RTA3NTU2RTY5NjM2RjY0NjUwOTA0NTM2OTdBNjUwMjBFMDAwMA0KLTkgMiAwIDAgMCAwIDINCg0KMEUwMTA0NTQ2MTYyNzMwRTAwMDAwMA0KLTkgMiAwIDAgMCAwIDQNCg0KMEUwMA0KLTkgMCAwIDAgMCAwIDcNCjEgMSAwIDggMyAwDQoyMzA0M0IwNDNFMDQzMjA0M0IwNDRFMDQ0RTA0NDcwNDM4MDQzOTA0MkMwMDIwMDAzRjA0M0UwNDQxMDQzODA0M0IwNDRFMDQ0RTA0NDcwNDM4MDQzOTA0MjAwMDU2MDQyMDAwM0YwNDQwMDQzRTA0MzIwNDU2MDQzNDA0M0QwNDM4MDQzOTA0MjAwMDMyMDQ1NjA0MzQwNDM0MDQ1NjA0M0IwNDM4MDQyRTAwDQo=</FormattedText>
						</VariantText>
						<VariantText CorrectAnswer="False">
							<PlainText>Сприймаючий, посилюючий і аналізуючий відділи.</PlainText>
							<FormattedText>LTggMSAzIDINCi05IDEgMCAwIDAgMCAxMw0KOTYNCi05IDIgMCAwIDAgMCAxDQoNCjBFMDEwOTUzNzQ3OTZDNjU0RTYxNkQ2NTA2MEI0RTZGNzI2RDYxNkMyMDc0NjU3ODc0MEE1MzY5N0E2NTQ0NkY3NTYyNkM2NTAyMUMwODQ2NkY2RTc0NEU2MTZENjUwNjBGNTQ2OTZENjU3MzIwNEU2NTc3MjA1MjZGNkQ2MTZFMDc1NTZFNjk2MzZGNjQ2NTA5MDQ1MzY5N0E2NTAyMEUwMDAxMDg1Mzc0NjE2RTY0NjE3MjY0MDgwNzQzNjg2MTcyNzM2NTc0MDcwRjUyNTU1MzUzNDk0MTRFNUY0MzQ4NDE1MjUzNDU1NDBBNTM2OTdBNjU0NDZGNzU2MjZDNjUwMjFDMDg0NjZGNkU3NDRFNjE2RDY1MDYwRjU0Njk2RDY1NzMyMDRFNjU3NzIwNTI2RjZENjE2RTA3NTU2RTY5NjM2RjY0NjUwOTA0NTM2OTdBNjUwMjBFMDAwMA0KLTkgMiAwIDAgMCAwIDINCg0KMEUwMTA0NTQ2MTYyNzMwRTAwMDAwMA0KLTkgMiAwIDAgMCAwIDQNCg0KMEUwMA0KLTkgMCAwIDAgMCAwIDcNCjEgMSAwIDggMyAwDQoyMTA0M0YwNDQwMDQzODA0MzkwNDNDMDQzMDA0NEUwNDQ3MDQzODA0MzkwNDJDMDAyMDAwM0YwNDNFMDQ0MTA0MzgwNDNCMDQ0RTA0NEUwNDQ3MDQzODA0MzkwNDIwMDA1NjA0MjAwMDMwMDQzRDA0MzAwNDNCMDQ1NjA0MzcwNDQzMDQ0RTA0NDcwNDM4MDQzOTA0MjAwMDMyMDQ1NjA0MzQwNDM0MDQ1NjA0M0IwNDM4MDQyRTAwDQo=</FormattedText>
						</VariantText>
						<VariantText CorrectAnswer="False">
							<PlainText>Уловлюючий, провідний і аналізуючий відділи.</PlainText>
							<FormattedText>LTggMSAzIDINCi05IDEgMCAwIDAgMCAxMw0KOTYNCi05IDIgMCAwIDAgMCAxDQoNCjBFMDEwOTUzNzQ3OTZDNjU0RTYxNkQ2NTA2MEI0RTZGNzI2RDYxNkMyMDc0NjU3ODc0MEE1MzY5N0E2NTQ0NkY3NTYyNkM2NTAyMUMwODQ2NkY2RTc0NEU2MTZENjUwNjBGNTQ2OTZENjU3MzIwNEU2NTc3MjA1MjZGNkQ2MTZFMDc1NTZFNjk2MzZGNjQ2NTA5MDQ1MzY5N0E2NTAyMEUwMDAxMDg1Mzc0NjE2RTY0NjE3MjY0MDgwNzQzNjg2MTcyNzM2NTc0MDcwRjUyNTU1MzUzNDk0MTRFNUY0MzQ4NDE1MjUzNDU1NDBBNTM2OTdBNjU0NDZGNzU2MjZDNjUwMjFDMDg0NjZGNkU3NDRFNjE2RDY1MDYwRjU0Njk2RDY1NzMyMDRFNjU3NzIwNTI2RjZENjE2RTA3NTU2RTY5NjM2RjY0NjUwOTA0NTM2OTdBNjUwMjBFMDAwMA0KLTkgMiAwIDAgMCAwIDINCg0KMEUwMTA0NTQ2MTYyNzMwRTAwMDAwMA0KLTkgMiAwIDAgMCAwIDQNCg0KMEUwMA0KLTkgMCAwIDAgMCAwIDcNCjEgMSAwIDggMyAwDQoyMzA0M0IwNDNFMDQzMjA0M0IwNDRFMDQ0RTA0NDcwNDM4MDQzOTA0MkMwMDIwMDAzRjA0NDAwNDNFMDQzMjA0NTYwNDM0MDQzRDA0MzgwNDM5MDQyMDAwNTYwNDIwMDAzMDA0M0QwNDMwMDQzQjA0NTYwNDM3MDQ0MzA0NEUwNDQ3MDQzODA0MzkwNDIwMDAzMjA0NTYwNDM0MDQzNDA0NTYwNDNCMDQzODA0MkUwMA0K</FormattedText>
						</VariantText>
						<VariantText CorrectAnswer="True">
							<PlainText>Рецепторний, провідний і центральний відділи.</PlainText>
							<FormattedText>LTggMSAzIDINCi05IDEgMCAwIDAgMCAxMw0KOTYNCi05IDIgMCAwIDAgMCAxDQoNCjBFMDEwOTUzNzQ3OTZDNjU0RTYxNkQ2NTA2MEI0RTZGNzI2RDYxNkMyMDc0NjU3ODc0MEE1MzY5N0E2NTQ0NkY3NTYyNkM2NTAyMUMwODQ2NkY2RTc0NEU2MTZENjUwNjBGNTQ2OTZENjU3MzIwNEU2NTc3MjA1MjZGNkQ2MTZFMDc1NTZFNjk2MzZGNjQ2NTA5MDQ1MzY5N0E2NTAyMEUwMDAxMDg1Mzc0NjE2RTY0NjE3MjY0MDgwNzQzNjg2MTcyNzM2NTc0MDcwRjUyNTU1MzUzNDk0MTRFNUY0MzQ4NDE1MjUzNDU1NDBBNTM2OTdBNjU0NDZGNzU2MjZDNjUwMjFDMDg0NjZGNkU3NDRFNjE2RDY1MDYwRjU0Njk2RDY1NzMyMDRFNjU3NzIwNTI2RjZENjE2RTA3NTU2RTY5NjM2RjY0NjUwOTA0NTM2OTdBNjUwMjBFMDAwMA0KLTkgMiAwIDAgMCAwIDINCg0KMEUwMTA0NTQ2MTYyNzMwRTAwMDAwMA0KLTkgMiAwIDAgMCAwIDQNCg0KMEUwMA0KLTkgMCAwIDAgMCAwIDcNCjEgMSAwIDggMyAwDQoyMDA0MzUwNDQ2MDQzNTA0M0YwNDQyMDQzRTA0NDAwNDNEMDQzODA0MzkwNDJDMDAyMDAwM0YwNDQwMDQzRTA0MzIwNDU2MDQzNDA0M0QwNDM4MDQzOTA0MjAwMDU2MDQyMDAwNDYwNDM1MDQzRDA0NDIwNDQwMDQzMDA0M0IwNDRDMDQzRDA0MzgwNDM5MDQyMDAwMzIwNDU2MDQzNDA0MzQwNDU2MDQzQjA0MzgwNDJFMDANCg==</FormattedText>
						</VariantText>
					</Variants>
				</Task>
				<!-- ***** -->
				<Task Type="TYPE_TASK_CHOICE_SINGLE" Score="1">
					<Title/>
					<QuestionText>
						<PlainText>Яке із зазначених явищ здійснюється на рівні рецепторної ланки аналізатора?</PlainText>
						<FormattedText>LTggMSAzIDINCi05IDEgMCAwIDAgMCAxMw0KOTYNCi05IDIgMCAwIDAgMCAxDQoNCjBFMDEwOTUzNzQ3OTZDNjU0RTYxNkQ2NTA2MEI0RTZGNzI2RDYxNkMyMDc0NjU3ODc0MEE1MzY5N0E2NTQ0NkY3NTYyNkM2NTAyMUMwODQ2NkY2RTc0NEU2MTZENjUwNjBGNTQ2OTZENjU3MzIwNEU2NTc3MjA1MjZGNkQ2MTZFMDc1NTZFNjk2MzZGNjQ2NTA5MDQ1MzY5N0E2NTAyMEUwMDAxMDg1Mzc0NjE2RTY0NjE3MjY0MDgwNzQzNjg2MTcyNzM2NTc0MDcwRjUyNTU1MzUzNDk0MTRFNUY0MzQ4NDE1MjUzNDU1NDBBNTM2OTdBNjU0NDZGNzU2MjZDNjUwMjFDMDg0NjZGNkU3NDRFNjE2RDY1MDYwRjU0Njk2RDY1NzMyMDRFNjU3NzIwNTI2RjZENjE2RTA3NTU2RTY5NjM2RjY0NjUwOTA0NTM2OTdBNjUwMjBFMDAwMA0KLTkgMiAwIDAgMCAwIDINCg0KMEUwMTA0NTQ2MTYyNzMwRTAwMDAwMTA4NTM3NDYxNkU2NDYxNzI2NDA4MDk0MTZDNjk2NzZFNkQ2NTZFNzQwNzBBNzI3NjYxNEE3NTczNzQ2OTY2NzkwNDU0NjE2MjczMEUwMDAwMDANCi05IDIgMCAwIDAgMCA0DQoNCjBFMDANCi05IDAgMCAwIDAgMCA3DQoxIDEgMSA4IDMgMA0KMkYwNDNBMDQzNTA0MjAwMDU2MDQzNzA0MjAwMDM3MDQzMDA0MzcwNDNEMDQzMDA0NDcwNDM1MDQzRDA0MzgwNDQ1MDQyMDAwNEYwNDMyMDQzODA0NDkwNDIwMDAzNzA0MzQwNDU2MDQzOTA0NDEwNDNEMDQ0RTA0NTQwNDQyMDQ0QzA0NDEwNDRGMDQyMDAwM0QwNDMwMDQyMDAwNDAwNDU2MDQzMjA0M0QwNDU2MDQyMDAwNDAwNDM1MDQ0NjA0MzUwNDNGMDQ0MjA0M0UwNDQwMDQzRDA0M0UwNDU3MDQyMDAwM0IwNDMwMDQzRDA0M0EwNDM4MDQyMDAwMzAwNDNEMDQzMDA0M0IwNDU2MDQzNzA0MzAwNDQyMDQzRTA0NDAwNDMwMDQzRjAwDQo=</FormattedText>
					</QuestionText>
					<Options>
						<IsAllowRandom>true</IsAllowRandom>
						<IsCompulsory>false</IsCompulsory>
						<IsOnlyForEduMode>false</IsOnlyForEduMode>
						<IsDenyPartially>false</IsDenyPartially>
					</Options>
					<Variants>
						<VariantText CorrectAnswer="False">
							<PlainText>Посилення сигналів.</PlainText>
							<FormattedText>LTggMSAzIDINCi05IDEgMCAwIDAgMCAxMw0KOTYNCi05IDIgMCAwIDAgMCAxDQoNCjBFMDEwOTUzNzQ3OTZDNjU0RTYxNkQ2NTA2MEI0RTZGNzI2RDYxNkMyMDc0NjU3ODc0MEE1MzY5N0E2NTQ0NkY3NTYyNkM2NTAyMUMwODQ2NkY2RTc0NEU2MTZENjUwNjBGNTQ2OTZENjU3MzIwNEU2NTc3MjA1MjZGNkQ2MTZFMDc1NTZFNjk2MzZGNjQ2NTA5MDQ1MzY5N0E2NTAyMEUwMDAxMDg1Mzc0NjE2RTY0NjE3MjY0MDgwNzQzNjg2MTcyNzM2NTc0MDcwRjUyNTU1MzUzNDk0MTRFNUY0MzQ4NDE1MjUzNDU1NDBBNTM2OTdBNjU0NDZGNzU2MjZDNjUwMjFDMDg0NjZGNkU3NDRFNjE2RDY1MDYwRjU0Njk2RDY1NzMyMDRFNjU3NzIwNTI2RjZENjE2RTA3NTU2RTY5NjM2RjY0NjUwOTA0NTM2OTdBNjUwMjBFMDAwMA0KLTkgMiAwIDAgMCAwIDINCg0KMEUwMTA0NTQ2MTYyNzMwRTAwMDAwMA0KLTkgMiAwIDAgMCAwIDQNCg0KMEUwMA0KLTkgMCAwIDAgMCAwIDcNCjEgMSAwIDggMyAwDQoxRjA0M0UwNDQxMDQzODA0M0IwNDM1MDQzRDA0M0QwNDRGMDQyMDAwNDEwNDM4MDQzMzA0M0QwNDMwMDQzQjA0NTYwNDMyMDQyRTAwDQo=</FormattedText>
						</VariantText>
						<VariantText CorrectAnswer="False">
							<PlainText>Фільтрація інформації.</PlainText>
							<FormattedText>LTggMSAzIDINCi05IDEgMCAwIDAgMCAxMw0KOTYNCi05IDIgMCAwIDAgMCAxDQoNCjBFMDEwOTUzNzQ3OTZDNjU0RTYxNkQ2NTA2MEI0RTZGNzI2RDYxNkMyMDc0NjU3ODc0MEE1MzY5N0E2NTQ0NkY3NTYyNkM2NTAyMUMwODQ2NkY2RTc0NEU2MTZENjUwNjBGNTQ2OTZENjU3MzIwNEU2NTc3MjA1MjZGNkQ2MTZFMDc1NTZFNjk2MzZGNjQ2NTA5MDQ1MzY5N0E2NTAyMEUwMDAxMDg1Mzc0NjE2RTY0NjE3MjY0MDgwNzQzNjg2MTcyNzM2NTc0MDcwRjUyNTU1MzUzNDk0MTRFNUY0MzQ4NDE1MjUzNDU1NDBBNTM2OTdBNjU0NDZGNzU2MjZDNjUwMjFDMDg0NjZGNkU3NDRFNjE2RDY1MDYwRjU0Njk2RDY1NzMyMDRFNjU3NzIwNTI2RjZENjE2RTA3NTU2RTY5NjM2RjY0NjUwOTA0NTM2OTdBNjUwMjBFMDAwMA0KLTkgMiAwIDAgMCAwIDINCg0KMEUwMTA0NTQ2MTYyNzMwRTAwMDAwMA0KLTkgMiAwIDAgMCAwIDQNCg0KMEUwMA0KLTkgMCAwIDAgMCAwIDcNCjEgMSAwIDggMyAwDQoyNDA0NTYwNDNCMDQ0QzA0NDIwNDQwMDQzMDA0NDYwNDU2MDQ0RjA0MjAwMDU2MDQzRDA0NDQwNDNFMDQ0MDA0M0MwNDMwMDQ0NjA0NTYwNDU3MDQyRTAwDQo=</FormattedText>
						</VariantText>
						<VariantText CorrectAnswer="False">
							<PlainText>Детектування інформації.</PlainText>
							<FormattedText>LTggMSAzIDINCi05IDEgMCAwIDAgMCAxMw0KOTYNCi05IDIgMCAwIDAgMCAxDQoNCjBFMDEwOTUzNzQ3OTZDNjU0RTYxNkQ2NTA2MEI0RTZGNzI2RDYxNkMyMDc0NjU3ODc0MEE1MzY5N0E2NTQ0NkY3NTYyNkM2NTAyMUMwODQ2NkY2RTc0NEU2MTZENjUwNjBGNTQ2OTZENjU3MzIwNEU2NTc3MjA1MjZGNkQ2MTZFMDc1NTZFNjk2MzZGNjQ2NTA5MDQ1MzY5N0E2NTAyMEUwMDAxMDg1Mzc0NjE2RTY0NjE3MjY0MDgwNzQzNjg2MTcyNzM2NTc0MDcwRjUyNTU1MzUzNDk0MTRFNUY0MzQ4NDE1MjUzNDU1NDBBNTM2OTdBNjU0NDZGNzU2MjZDNjUwMjFDMDg0NjZGNkU3NDRFNjE2RDY1MDYwRjU0Njk2RDY1NzMyMDRFNjU3NzIwNTI2RjZENjE2RTA3NTU2RTY5NjM2RjY0NjUwOTA0NTM2OTdBNjUwMjBFMDAwMA0KLTkgMiAwIDAgMCAwIDINCg0KMEUwMTA0NTQ2MTYyNzMwRTAwMDAwMA0KLTkgMiAwIDAgMCAwIDQNCg0KMEUwMA0KLTkgMCAwIDAgMCAwIDcNCjEgMSAwIDggMyAwDQoxNDA0MzUwNDQyMDQzNTA0M0EwNDQyMDQ0MzA0MzIwNDMwMDQzRDA0M0QwNDRGMDQyMDAwNTYwNDNEMDQ0NDA0M0UwNDQwMDQzQzA0MzAwNDQ2MDQ1NjA0NTcwNDJFMDANCg==</FormattedText>
						</VariantText>
						<VariantText CorrectAnswer="False">
							<PlainText>Ослаблення сигналів.</PlainText>
							<FormattedText>LTggMSAzIDINCi05IDEgMCAwIDAgMCAxMw0KOTYNCi05IDIgMCAwIDAgMCAxDQoNCjBFMDEwOTUzNzQ3OTZDNjU0RTYxNkQ2NTA2MEI0RTZGNzI2RDYxNkMyMDc0NjU3ODc0MEE1MzY5N0E2NTQ0NkY3NTYyNkM2NTAyMUMwODQ2NkY2RTc0NEU2MTZENjUwNjBGNTQ2OTZENjU3MzIwNEU2NTc3MjA1MjZGNkQ2MTZFMDc1NTZFNjk2MzZGNjQ2NTA5MDQ1MzY5N0E2NTAyMEUwMDAxMDg1Mzc0NjE2RTY0NjE3MjY0MDgwNzQzNjg2MTcyNzM2NTc0MDcwRjUyNTU1MzUzNDk0MTRFNUY0MzQ4NDE1MjUzNDU1NDBBNTM2OTdBNjU0NDZGNzU2MjZDNjUwMjFDMDg0NjZGNkU3NDRFNjE2RDY1MDYwRjU0Njk2RDY1NzMyMDRFNjU3NzIwNTI2RjZENjE2RTA3NTU2RTY5NjM2RjY0NjUwOTA0NTM2OTdBNjUwMjBFMDAwMA0KLTkgMiAwIDAgMCAwIDINCg0KMEUwMTA0NTQ2MTYyNzMwRTAwMDAwMA0KLTkgMiAwIDAgMCAwIDQNCg0KMEUwMA0KLTkgMCAwIDAgMCAwIDcNCjEgMSAwIDggMyAwDQoxRTA0NDEwNDNCMDQzMDA0MzEwNDNCMDQzNTA0M0QwNDNEMDQ0RjA0MjAwMDQxMDQzODA0MzMwNDNEMDQzMDA0M0IwNDU2MDQzMjA0MkUwMA0K</FormattedText>
						</VariantText>
						<VariantText CorrectAnswer="True">
							<PlainText>Кодування інформації.</PlainText>
							<FormattedText>LTggMSAzIDINCi05IDEgMCAwIDAgMCAxMw0KOTYNCi05IDIgMCAwIDAgMCAxDQoNCjBFMDEwOTUzNzQ3OTZDNjU0RTYxNkQ2NTA2MEI0RTZGNzI2RDYxNkMyMDc0NjU3ODc0MEE1MzY5N0E2NTQ0NkY3NTYyNkM2NTAyMUMwODQ2NkY2RTc0NEU2MTZENjUwNjBGNTQ2OTZENjU3MzIwNEU2NTc3MjA1MjZGNkQ2MTZFMDc1NTZFNjk2MzZGNjQ2NTA5MDQ1MzY5N0E2NTAyMEUwMDAxMDg1Mzc0NjE2RTY0NjE3MjY0MDgwNzQzNjg2MTcyNzM2NTc0MDcwRjUyNTU1MzUzNDk0MTRFNUY0MzQ4NDE1MjUzNDU1NDBBNTM2OTdBNjU0NDZGNzU2MjZDNjUwMjFDMDg0NjZGNkU3NDRFNjE2RDY1MDYwRjU0Njk2RDY1NzMyMDRFNjU3NzIwNTI2RjZENjE2RTA3NTU2RTY5NjM2RjY0NjUwOTA0NTM2OTdBNjUwMjBFMDAwMA0KLTkgMiAwIDAgMCAwIDINCg0KMEUwMTA0NTQ2MTYyNzMwRTAwMDAwMA0KLTkgMiAwIDAgMCAwIDQNCg0KMEUwMA0KLTkgMCAwIDAgMCAwIDcNCjEgMSAwIDggMyAwDQoxQTA0M0UwNDM0MDQ0MzA0MzIwNDMwMDQzRDA0M0QwNDRGMDQyMDAwNTYwNDNEMDQ0NDA0M0UwNDQwMDQzQzA0MzAwNDQ2MDQ1NjA0NTcwNDJFMDANCg==</FormattedText>
						</VariantText>
					</Variants>
				</Task>
				<!-- ***** -->
				<Task Type="TYPE_TASK_CHOICE_SINGLE" Score="1">
					<Title/>
					<QuestionText>
						<PlainText>Які із перелічених процесів відбуваються на рівні провідникової ланки аналізатора?</PlainText>
						<FormattedText>LTggMSAzIDINCi05IDEgMCAwIDAgMCAxMw0KOTYNCi05IDIgMCAwIDAgMCAxDQoNCjBFMDEwOTUzNzQ3OTZDNjU0RTYxNkQ2NTA2MEI0RTZGNzI2RDYxNkMyMDc0NjU3ODc0MEE1MzY5N0E2NTQ0NkY3NTYyNkM2NTAyMUMwODQ2NkY2RTc0NEU2MTZENjUwNjBGNTQ2OTZENjU3MzIwNEU2NTc3MjA1MjZGNkQ2MTZFMDc1NTZFNjk2MzZGNjQ2NTA5MDQ1MzY5N0E2NTAyMEUwMDAxMDg1Mzc0NjE2RTY0NjE3MjY0MDgwNzQzNjg2MTcyNzM2NTc0MDcwRjUyNTU1MzUzNDk0MTRFNUY0MzQ4NDE1MjUzNDU1NDBBNTM2OTdBNjU0NDZGNzU2MjZDNjUwMjFDMDg0NjZGNkU3NDRFNjE2RDY1MDYwRjU0Njk2RDY1NzMyMDRFNjU3NzIwNTI2RjZENjE2RTA3NTU2RTY5NjM2RjY0NjUwOTA0NTM2OTdBNjUwMjBFMDAwMA0KLTkgMiAwIDAgMCAwIDINCg0KMEUwMTA0NTQ2MTYyNzMwRTAwMDAwMTA4NTM3NDYxNkU2NDYxNzI2NDA4MDk0MTZDNjk2NzZFNkQ2NTZFNzQwNzBBNzI3NjYxNEE3NTczNzQ2OTY2NzkwNDU0NjE2MjczMEUwMDAwMDANCi05IDIgMCAwIDAgMCA0DQoNCjBFMDANCi05IDAgMCAwIDAgMCA3DQoxIDEgMCA4IDMgMA0KMkYwNDNBMDQ1NjA0MjAwMDU2MDQzNzA0MjAwMDNGMDQzNTA0NDAwNDM1MDQzQjA0NTYwNDQ3MDQzNTA0M0QwNDM4MDQ0NTA0MjAwMDNGMDQ0MDA0M0UwNDQ2MDQzNTA0NDEwNDU2MDQzMjA0MjAwMDMyMDQ1NjA0MzQwNDMxMDQ0MzA0MzIwNDMwMDQ0RTA0NDIwNDRDMDQ0MTA0NEYwNDIwMDAzRDA0MzAwNDIwMDA0MDA0NTYwNDMyMDQzRDA0NTYwNDIwMDAzRjA0NDAwNDNFMDQzMjA0NTYwNDM0MDQzRDA0MzgwNDNBMDQzRTA0MzIwNDNFMDQ1NzA0MjAwMDNCMDQzMDA0M0QwNDNBMDQzODA0MjAwMDMwMDQzRDA0MzAwNDNCMDQ1NjA0MzcwNDMwMDQ0MjA0M0UwNDQwMDQzMDA0M0YwMA0KMSAxIDEgOCAzIDANCjIwMDANCg==</FormattedText>
					</QuestionText>
					<Options>
						<IsAllowRandom>true</IsAllowRandom>
						<IsCompulsory>false</IsCompulsory>
						<IsOnlyForEduMode>false</IsOnlyForEduMode>
						<IsDenyPartially>false</IsDenyPartially>
					</Options>
					<Variants>
						<VariantText CorrectAnswer="False">
							<PlainText>Проведення і зменшення інформаційного потоку.</PlainText>
							<FormattedText>LTggMSAzIDINCi05IDEgMCAwIDAgMCAxMw0KOTYNCi05IDIgMCAwIDAgMCAxDQoNCjBFMDEwOTUzNzQ3OTZDNjU0RTYxNkQ2NTA2MEI0RTZGNzI2RDYxNkMyMDc0NjU3ODc0MEE1MzY5N0E2NTQ0NkY3NTYyNkM2NTAyMUMwODQ2NkY2RTc0NEU2MTZENjUwNjBGNTQ2OTZENjU3MzIwNEU2NTc3MjA1MjZGNkQ2MTZFMDc1NTZFNjk2MzZGNjQ2NTA5MDQ1MzY5N0E2NTAyMEUwMDAxMDg1Mzc0NjE2RTY0NjE3MjY0MDgwNzQzNjg2MTcyNzM2NTc0MDcwRjUyNTU1MzUzNDk0MTRFNUY0MzQ4NDE1MjUzNDU1NDBBNTM2OTdBNjU0NDZGNzU2MjZDNjUwMjFDMDg0NjZGNkU3NDRFNjE2RDY1MDYwRjU0Njk2RDY1NzMyMDRFNjU3NzIwNTI2RjZENjE2RTA3NTU2RTY5NjM2RjY0NjUwOTA0NTM2OTdBNjUwMjBFMDAwMA0KLTkgMiAwIDAgMCAwIDINCg0KMEUwMTA0NTQ2MTYyNzMwRTAwMDAwMA0KLTkgMiAwIDAgMCAwIDQNCg0KMEUwMA0KLTkgMCAwIDAgMCAwIDcNCjEgMSAwIDggMyAwDQoxRjA0NDAwNDNFMDQzMjA0MzUwNDM0MDQzNTA0M0QwNDNEMDQ0RjA0MjAwMDU2MDQyMDAwMzcwNDNDMDQzNTA0M0QwNDQ4MDQzNTA0M0QwNDNEMDQ0RjA0MjAwMDU2MDQzRDA0NDQwNDNFMDQ0MDA0M0MwNDMwMDQ0NjA0NTYwNDM5MDQzRDA0M0UwNDMzMDQzRTA0MjAwMDNGMDQzRTA0NDIwNDNFMDQzQTA0NDMwNDJFMDANCg==</FormattedText>
						</VariantText>
						<VariantText CorrectAnswer="False">
							<PlainText>Проведення імпульсів і видалення інформаційного шуму.</PlainText>
							<FormattedText>LTggMSAzIDINCi05IDEgMCAwIDAgMCAxMw0KOTYNCi05IDIgMCAwIDAgMCAxDQoNCjBFMDEwOTUzNzQ3OTZDNjU0RTYxNkQ2NTA2MEI0RTZGNzI2RDYxNkMyMDc0NjU3ODc0MEE1MzY5N0E2NTQ0NkY3NTYyNkM2NTAyMUMwODQ2NkY2RTc0NEU2MTZENjUwNjBGNTQ2OTZENjU3MzIwNEU2NTc3MjA1MjZGNkQ2MTZFMDc1NTZFNjk2MzZGNjQ2NTA5MDQ1MzY5N0E2NTAyMEUwMDAxMDg1Mzc0NjE2RTY0NjE3MjY0MDgwNzQzNjg2MTcyNzM2NTc0MDcwRjUyNTU1MzUzNDk0MTRFNUY0MzQ4NDE1MjUzNDU1NDBBNTM2OTdBNjU0NDZGNzU2MjZDNjUwMjFDMDg0NjZGNkU3NDRFNjE2RDY1MDYwRjU0Njk2RDY1NzMyMDRFNjU3NzIwNTI2RjZENjE2RTA3NTU2RTY5NjM2RjY0NjUwOTA0NTM2OTdBNjUwMjBFMDAwMA0KLTkgMiAwIDAgMCAwIDINCg0KMEUwMTA0NTQ2MTYyNzMwRTAwMDAwMA0KLTkgMiAwIDAgMCAwIDQNCg0KMEUwMA0KLTkgMCAwIDAgMCAwIDcNCjEgMSAwIDggMyAwDQoyMDAwMUYwNDQwMDQzRTA0MzIwNDM1MDQzNDA0MzUwNDNEMDQzRDA0NEYwNDIwMDA1NjA0M0MwNDNGMDQ0MzA0M0IwNDRDMDQ0MTA0NTYwNDMyMDQyMDAwNTYwNDIwMDAzMjA0MzgwNDM0MDQzMDA0M0IwNDM1MDQzRDA0M0QwNDRGMDQyMDAwNTYwNDNEMDQ0NDA0M0UwNDQwMDQzQzA0MzAwNDQ2MDQ1NjA0MzkwNDNEMDQzRTA0MzMwNDNFMDQyMDAwNDgwNDQzMDQzQzA0NDMwNDJFMDANCg==</FormattedText>
						</VariantText>
						<VariantText CorrectAnswer="False">
							<PlainText>Проведення і попередня обробка інформації.</PlainText>
							<FormattedText>LTggMSAzIDINCi05IDEgMCAwIDAgMCAxMw0KOTYNCi05IDIgMCAwIDAgMCAxDQoNCjBFMDEwOTUzNzQ3OTZDNjU0RTYxNkQ2NTA2MEI0RTZGNzI2RDYxNkMyMDc0NjU3ODc0MEE1MzY5N0E2NTQ0NkY3NTYyNkM2NTAyMUMwODQ2NkY2RTc0NEU2MTZENjUwNjBGNTQ2OTZENjU3MzIwNEU2NTc3MjA1MjZGNkQ2MTZFMDc1NTZFNjk2MzZGNjQ2NTA5MDQ1MzY5N0E2NTAyMEUwMDAxMDg1Mzc0NjE2RTY0NjE3MjY0MDgwNzQzNjg2MTcyNzM2NTc0MDcwRjUyNTU1MzUzNDk0MTRFNUY0MzQ4NDE1MjUzNDU1NDBBNTM2OTdBNjU0NDZGNzU2MjZDNjUwMjFDMDg0NjZGNkU3NDRFNjE2RDY1MDYwRjU0Njk2RDY1NzMyMDRFNjU3NzIwNTI2RjZENjE2RTA3NTU2RTY5NjM2RjY0NjUwOTA0NTM2OTdBNjUwMjBFMDAwMA0KLTkgMiAwIDAgMCAwIDINCg0KMEUwMTA0NTQ2MTYyNzMwRTAwMDAwMA0KLTkgMiAwIDAgMCAwIDQNCg0KMEUwMA0KLTkgMCAwIDAgMCAwIDcNCjEgMSAwIDggMyAwDQoxRjA0NDAwNDNFMDQzMjA0MzUwNDM0MDQzNTA0M0QwNDNEMDQ0RjA0MjAwMDU2MDQyMDAwM0YwNDNFMDQzRjA0MzUwNDQwMDQzNTA0MzQwNDNEMDQ0RjA0MjAwMDNFMDQzMTA0NDAwNDNFMDQzMTA0M0EwNDMwMDQyMDAwNTYwNDNEMDQ0NDA0M0UwNDQwMDQzQzA0MzAwNDQ2MDQ1NjA0NTcwNDJFMDANCg==</FormattedText>
						</VariantText>
						<VariantText CorrectAnswer="False">
							<PlainText>Проведення і посилення інформаційного потоку.</PlainText>
							<FormattedText>LTggMSAzIDINCi05IDEgMCAwIDAgMCAxMw0KOTYNCi05IDIgMCAwIDAgMCAxDQoNCjBFMDEwOTUzNzQ3OTZDNjU0RTYxNkQ2NTA2MEI0RTZGNzI2RDYxNkMyMDc0NjU3ODc0MEE1MzY5N0E2NTQ0NkY3NTYyNkM2NTAyMUMwODQ2NkY2RTc0NEU2MTZENjUwNjBGNTQ2OTZENjU3MzIwNEU2NTc3MjA1MjZGNkQ2MTZFMDc1NTZFNjk2MzZGNjQ2NTA5MDQ1MzY5N0E2NTAyMEUwMDAxMDg1Mzc0NjE2RTY0NjE3MjY0MDgwNzQzNjg2MTcyNzM2NTc0MDcwRjUyNTU1MzUzNDk0MTRFNUY0MzQ4NDE1MjUzNDU1NDBBNTM2OTdBNjU0NDZGNzU2MjZDNjUwMjFDMDg0NjZGNkU3NDRFNjE2RDY1MDYwRjU0Njk2RDY1NzMyMDRFNjU3NzIwNTI2RjZENjE2RTA3NTU2RTY5NjM2RjY0NjUwOTA0NTM2OTdBNjUwMjBFMDAwMA0KLTkgMiAwIDAgMCAwIDINCg0KMEUwMTA0NTQ2MTYyNzMwRTAwMDAwMA0KLTkgMiAwIDAgMCAwIDQNCg0KMEUwMA0KLTkgMCAwIDAgMCAwIDcNCjEgMSAwIDggMyAwDQoxRjA0NDAwNDNFMDQzMjA0MzUwNDM0MDQzNTA0M0QwNDNEMDQ0RjA0MjAwMDU2MDQyMDAwM0YwNDNFMDQ0MTA0MzgwNDNCMDQzNTA0M0QwNDNEMDQ0RjA0MjAwMDU2MDQzRDA0NDQwNDNFMDQ0MDA0M0MwNDMwMDQ0NjA0NTYwNDM5MDQzRDA0M0UwNDMzMDQzRTA0MjAwMDNGMDQzRTA0NDIwNDNFMDQzQTA0NDMwNDJFMDANCg==</FormattedText>
						</VariantText>
						<VariantText CorrectAnswer="True">
							<PlainText>Проведення інформації у незмінному вигляді</PlainText>
							<FormattedText>LTggMSAzIDINCi05IDEgMCAwIDAgMCAxMw0KOTYNCi05IDIgMCAwIDAgMCAxDQoNCjBFMDEwOTUzNzQ3OTZDNjU0RTYxNkQ2NTA2MEI0RTZGNzI2RDYxNkMyMDc0NjU3ODc0MEE1MzY5N0E2NTQ0NkY3NTYyNkM2NTAyMUMwODQ2NkY2RTc0NEU2MTZENjUwNjBGNTQ2OTZENjU3MzIwNEU2NTc3MjA1MjZGNkQ2MTZFMDc1NTZFNjk2MzZGNjQ2NTA5MDQ1MzY5N0E2NTAyMEUwMDAxMDg1Mzc0NjE2RTY0NjE3MjY0MDgwNzQzNjg2MTcyNzM2NTc0MDcwRjUyNTU1MzUzNDk0MTRFNUY0MzQ4NDE1MjUzNDU1NDBBNTM2OTdBNjU0NDZGNzU2MjZDNjUwMjFDMDg0NjZGNkU3NDRFNjE2RDY1MDYwRjU0Njk2RDY1NzMyMDRFNjU3NzIwNTI2RjZENjE2RTA3NTU2RTY5NjM2RjY0NjUwOTA0NTM2OTdBNjUwMjBFMDAwMA0KLTkgMiAwIDAgMCAwIDINCg0KMEUwMTA0NTQ2MTYyNzMwRTAwMDAwMA0KLTkgMiAwIDAgMCAwIDQNCg0KMEUwMA0KLTkgMCAwIDAgMCAwIDcNCjEgMSAwIDggMyAwDQoxRjA0NDAwNDNFMDQzMjA0MzUwNDM0MDQzNTA0M0QwNDNEMDQ0RjA0MjAwMDU2MDQzRDA0NDQwNDNFMDQ0MDA0M0MwNDMwMDQ0NjA0NTYwNDU3MDQyMDAwNDMwNDIwMDAzRDA0MzUwNDM3MDQzQzA0NTYwNDNEMDQzRDA0M0UwNDNDMDQ0MzA0MjAwMDMyMDQzODA0MzMwNDNCMDQ0RjA0MzQwNDU2MDQNCg==</FormattedText>
						</VariantText>
					</Variants>
				</Task>
				<!-- ***** -->
				<Task Type="TYPE_TASK_CHOICE_SINGLE" Score="1">
					<Title/>
					<QuestionText>
						<PlainText>Які із зазначених явищ відбуваються на рівні центральної ланки аналізатора?</PlainText>
						<FormattedText>LTggMSAzIDINCi05IDEgMCAwIDAgMCAxMw0KOTYNCi05IDIgMCAwIDAgMCAxDQoNCjBFMDEwOTUzNzQ3OTZDNjU0RTYxNkQ2NTA2MEI0RTZGNzI2RDYxNkMyMDc0NjU3ODc0MEE1MzY5N0E2NTQ0NkY3NTYyNkM2NTAyMUMwODQ2NkY2RTc0NEU2MTZENjUwNjBGNTQ2OTZENjU3MzIwNEU2NTc3MjA1MjZGNkQ2MTZFMDc1NTZFNjk2MzZGNjQ2NTA5MDQ1MzY5N0E2NTAyMEUwMDAxMDg1Mzc0NjE2RTY0NjE3MjY0MDgwNzQzNjg2MTcyNzM2NTc0MDcwRjUyNTU1MzUzNDk0MTRFNUY0MzQ4NDE1MjUzNDU1NDBBNTM2OTdBNjU0NDZGNzU2MjZDNjUwMjFDMDg0NjZGNkU3NDRFNjE2RDY1MDYwRjU0Njk2RDY1NzMyMDRFNjU3NzIwNTI2RjZENjE2RTA3NTU2RTY5NjM2RjY0NjUwOTA0NTM2OTdBNjUwMjBFMDAwMA0KLTkgMiAwIDAgMCAwIDINCg0KMEUwMTA0NTQ2MTYyNzMwRTAwMDAwMA0KLTkgMiAwIDAgMCAwIDQNCg0KMEUwMA0KLTkgMCAwIDAgMCAwIDcNCjEgMSAwIDggMyAwDQoyRjA0M0EwNDU2MDQyMDAwNTYwNDM3MDQyMDAwMzcwNDMwMDQzNzA0M0QwNDMwMDQ0NzA0MzUwNDNEMDQzODA0NDUwNDIwMDA0RjA0MzIwNDM4MDQ0OTA0MjAwMDMyMDQ1NjA0MzQwNDMxMDQ0MzA0MzIwNDMwMDQ0RTA0NDIwNDRDMDQ0MTA0NEYwNDIwMDAzRDA0MzAwNDIwMDA0MDA0NTYwNDMyMDQzRDA0NTYwNDIwMDA0NjA0MzUwNDNEMDQ0MjA0NDAwNDMwMDQzQjA0NEMwNDNEMDQzRTA0NTcwNDIwMDAzQjA0MzAwNDNEMDQzQTA0MzgwNDIwMDAzMDA0M0QwNDMwMDQzQjA0NTYwNDM3MDQzMDA0NDIwNDNFMDQ0MDA0MzAwNDNGMDANCg==</FormattedText>
					</QuestionText>
					<Options>
						<IsAllowRandom>true</IsAllowRandom>
						<IsCompulsory>false</IsCompulsory>
						<IsOnlyForEduMode>false</IsOnlyForEduMode>
						<IsDenyPartially>false</IsDenyPartially>
					</Options>
					<Variants>
						<VariantText CorrectAnswer="False">
							<PlainText>Іррадіація імпульсів.</PlainText>
							<FormattedText>LTggMSAzIDINCi05IDEgMCAwIDAgMCAxMw0KOTYNCi05IDIgMCAwIDAgMCAxDQoNCjBFMDEwOTUzNzQ3OTZDNjU0RTYxNkQ2NTA2MEI0RTZGNzI2RDYxNkMyMDc0NjU3ODc0MEE1MzY5N0E2NTQ0NkY3NTYyNkM2NTAyMUMwODQ2NkY2RTc0NEU2MTZENjUwNjBGNTQ2OTZENjU3MzIwNEU2NTc3MjA1MjZGNkQ2MTZFMDc1NTZFNjk2MzZGNjQ2NTA5MDQ1MzY5N0E2NTAyMEUwMDAxMDg1Mzc0NjE2RTY0NjE3MjY0MDgwNzQzNjg2MTcyNzM2NTc0MDcwRjUyNTU1MzUzNDk0MTRFNUY0MzQ4NDE1MjUzNDU1NDBBNTM2OTdBNjU0NDZGNzU2MjZDNjUwMjFDMDg0NjZGNkU3NDRFNjE2RDY1MDYwRjU0Njk2RDY1NzMyMDRFNjU3NzIwNTI2RjZENjE2RTA3NTU2RTY5NjM2RjY0NjUwOTA0NTM2OTdBNjUwMjBFMDAwMA0KLTkgMiAwIDAgMCAwIDINCg0KMEUwMTA0NTQ2MTYyNzMwRTAwMDAwMA0KLTkgMiAwIDAgMCAwIDQNCg0KMEUwMA0KLTkgMCAwIDAgMCAwIDcNCjEgMSAwIDggMyAwDQowNjA0NDAwNDQwMDQzMDA0MzQwNDU2MDQzMDA0NDYwNDU2MDQ0RjA0MjAwMDU2MDQzQzA0M0YwNDQzMDQzQjA0NEMwNDQxMDQ1NjA0MzIwNDJFMDANCg==</FormattedText>
						</VariantText>
						<VariantText CorrectAnswer="False">
							<PlainText>Дивергенція імпульсів.</PlainText>
							<FormattedText>LTggMSAzIDINCi05IDEgMCAwIDAgMCAxMw0KOTYNCi05IDIgMCAwIDAgMCAxDQoNCjBFMDEwOTUzNzQ3OTZDNjU0RTYxNkQ2NTA2MEI0RTZGNzI2RDYxNkMyMDc0NjU3ODc0MEE1MzY5N0E2NTQ0NkY3NTYyNkM2NTAyMUMwODQ2NkY2RTc0NEU2MTZENjUwNjBGNTQ2OTZENjU3MzIwNEU2NTc3MjA1MjZGNkQ2MTZFMDc1NTZFNjk2MzZGNjQ2NTA5MDQ1MzY5N0E2NTAyMEUwMDAxMDg1Mzc0NjE2RTY0NjE3MjY0MDgwNzQzNjg2MTcyNzM2NTc0MDcwRjUyNTU1MzUzNDk0MTRFNUY0MzQ4NDE1MjUzNDU1NDBBNTM2OTdBNjU0NDZGNzU2MjZDNjUwMjFDMDg0NjZGNkU3NDRFNjE2RDY1MDYwRjU0Njk2RDY1NzMyMDRFNjU3NzIwNTI2RjZENjE2RTA3NTU2RTY5NjM2RjY0NjUwOTA0NTM2OTdBNjUwMjBFMDAwMA0KLTkgMiAwIDAgMCAwIDINCg0KMEUwMTA0NTQ2MTYyNzMwRTAwMDAwMA0KLTkgMiAwIDAgMCAwIDQNCg0KMEUwMA0KLTkgMCAwIDAgMCAwIDcNCjEgMSAwIDggMyAwDQoxNDA0MzgwNDMyMDQzNTA0NDAwNDMzMDQzNTA0M0QwNDQ2MDQ1NjA0NEYwNDIwMDA1NjA0M0MwNDNGMDQ0MzA0M0IwNDRDMDQ0MTA0NTYwNDMyMDQyRTAwDQo=</FormattedText>
						</VariantText>
						<VariantText CorrectAnswer="False">
							<PlainText>Загасання імпульсів.</PlainText>
							<FormattedText>LTggMSAzIDINCi05IDEgMCAwIDAgMCAxMw0KOTYNCi05IDIgMCAwIDAgMCAxDQoNCjBFMDEwOTUzNzQ3OTZDNjU0RTYxNkQ2NTA2MEI0RTZGNzI2RDYxNkMyMDc0NjU3ODc0MEE1MzY5N0E2NTQ0NkY3NTYyNkM2NTAyMUMwODQ2NkY2RTc0NEU2MTZENjUwNjBGNTQ2OTZENjU3MzIwNEU2NTc3MjA1MjZGNkQ2MTZFMDc1NTZFNjk2MzZGNjQ2NTA5MDQ1MzY5N0E2NTAyMEUwMDAxMDg1Mzc0NjE2RTY0NjE3MjY0MDgwNzQzNjg2MTcyNzM2NTc0MDcwRjUyNTU1MzUzNDk0MTRFNUY0MzQ4NDE1MjUzNDU1NDBBNTM2OTdBNjU0NDZGNzU2MjZDNjUwMjFDMDg0NjZGNkU3NDRFNjE2RDY1MDYwRjU0Njk2RDY1NzMyMDRFNjU3NzIwNTI2RjZENjE2RTA3NTU2RTY5NjM2RjY0NjUwOTA0NTM2OTdBNjUwMjBFMDAwMA0KLTkgMiAwIDAgMCAwIDINCg0KMEUwMTA0NTQ2MTYyNzMwRTAwMDAwMA0KLTkgMiAwIDAgMCAwIDQNCg0KMEUwMA0KLTkgMCAwIDAgMCAwIDcNCjEgMSAwIDggMyAwDQoxNzA0MzAwNDMzMDQzMDA0NDEwNDMwMDQzRDA0M0QwNDRGMDQyMDAwNTYwNDNDMDQzRjA0NDMwNDNCMDQ0QzA0NDEwNDU2MDQzMjA0MkUwMA0K</FormattedText>
						</VariantText>
						<VariantText CorrectAnswer="False">
							<PlainText>Конвергенція нервових імпульсів.</PlainText>
							<FormattedText>LTggMSAzIDINCi05IDEgMCAwIDAgMCAxMw0KOTYNCi05IDIgMCAwIDAgMCAxDQoNCjBFMDEwOTUzNzQ3OTZDNjU0RTYxNkQ2NTA2MEI0RTZGNzI2RDYxNkMyMDc0NjU3ODc0MEE1MzY5N0E2NTQ0NkY3NTYyNkM2NTAyMUMwODQ2NkY2RTc0NEU2MTZENjUwNjBGNTQ2OTZENjU3MzIwNEU2NTc3MjA1MjZGNkQ2MTZFMDc1NTZFNjk2MzZGNjQ2NTA5MDQ1MzY5N0E2NTAyMEUwMDAxMDg1Mzc0NjE2RTY0NjE3MjY0MDgwNzQzNjg2MTcyNzM2NTc0MDcwRjUyNTU1MzUzNDk0MTRFNUY0MzQ4NDE1MjUzNDU1NDBBNTM2OTdBNjU0NDZGNzU2MjZDNjUwMjFDMDg0NjZGNkU3NDRFNjE2RDY1MDYwRjU0Njk2RDY1NzMyMDRFNjU3NzIwNTI2RjZENjE2RTA3NTU2RTY5NjM2RjY0NjUwOTA0NTM2OTdBNjUwMjBFMDAwMA0KLTkgMiAwIDAgMCAwIDINCg0KMEUwMTA0NTQ2MTYyNzMwRTAwMDAwMA0KLTkgMiAwIDAgMCAwIDQNCg0KMEUwMA0KLTkgMCAwIDAgMCAwIDcNCjEgMSAwIDggMyAwDQoxQTA0M0UwNDNEMDQzMjA0MzUwNDQwMDQzMzA0MzUwNDNEMDQ0NjA0NTYwNDRGMDQyMDAwM0QwNDM1MDQ0MDA0MzIwNDNFMDQzMjA0MzgwNDQ1MDQyMDAwNTYwNDNDMDQzRjA0NDMwNDNCMDQ0QzA0NDEwNDU2MDQzMjA0MkUwMA0K</FormattedText>
						</VariantText>
						<VariantText CorrectAnswer="True">
							<PlainText>Детектування нервових імпульсів.</PlainText>
							<FormattedText>LTggMSAzIDINCi05IDEgMCAwIDAgMCAxMw0KOTYNCi05IDIgMCAwIDAgMCAxDQoNCjBFMDEwOTUzNzQ3OTZDNjU0RTYxNkQ2NTA2MEI0RTZGNzI2RDYxNkMyMDc0NjU3ODc0MEE1MzY5N0E2NTQ0NkY3NTYyNkM2NTAyMUMwODQ2NkY2RTc0NEU2MTZENjUwNjBGNTQ2OTZENjU3MzIwNEU2NTc3MjA1MjZGNkQ2MTZFMDc1NTZFNjk2MzZGNjQ2NTA5MDQ1MzY5N0E2NTAyMEUwMDAxMDg1Mzc0NjE2RTY0NjE3MjY0MDgwNzQzNjg2MTcyNzM2NTc0MDcwRjUyNTU1MzUzNDk0MTRFNUY0MzQ4NDE1MjUzNDU1NDBBNTM2OTdBNjU0NDZGNzU2MjZDNjUwMjFDMDg0NjZGNkU3NDRFNjE2RDY1MDYwRjU0Njk2RDY1NzMyMDRFNjU3NzIwNTI2RjZENjE2RTA3NTU2RTY5NjM2RjY0NjUwOTA0NTM2OTdBNjUwMjBFMDAwMA0KLTkgMiAwIDAgMCAwIDINCg0KMEUwMTA0NTQ2MTYyNzMwRTAwMDAwMA0KLTkgMiAwIDAgMCAwIDQNCg0KMEUwMA0KLTkgMCAwIDAgMCAwIDcNCjEgMSAwIDggMyAwDQoxNDA0MzUwNDQyMDQzNTA0M0EwNDQyMDQ0MzA0MzIwNDMwMDQzRDA0M0QwNDRGMDQyMDAwM0QwNDM1MDQ0MDA0MzIwNDNFMDQzMjA0MzgwNDQ1MDQyMDAwNTYwNDNDMDQzRjA0NDMwNDNCMDQ0QzA0NDEwNDU2MDQzMjA0MkUwMA0K</FormattedText>
						</VariantText>
					</Variants>
				</Task>
				<!-- ***** -->
				<Task Type="TYPE_TASK_CHOICE_SINGLE" Score="1">
					<Title/>
					<QuestionText>
						<PlainText>Рецепторний потенціал є аналогом:</PlainText>
						<FormattedText>LTggMSAzIDINCi05IDEgMCAwIDAgMCAxMw0KOTYNCi05IDIgMCAwIDAgMCAxDQoNCjBFMDEwOTUzNzQ3OTZDNjU0RTYxNkQ2NTA2MEI0RTZGNzI2RDYxNkMyMDc0NjU3ODc0MEE1MzY5N0E2NTQ0NkY3NTYyNkM2NTAyMUMwODQ2NkY2RTc0NEU2MTZENjUwNjBGNTQ2OTZENjU3MzIwNEU2NTc3MjA1MjZGNkQ2MTZFMDc1NTZFNjk2MzZGNjQ2NTA5MDQ1MzY5N0E2NTAyMEUwMDAxMDg1Mzc0NjE2RTY0NjE3MjY0MDgwNzQzNjg2MTcyNzM2NTc0MDcwRjUyNTU1MzUzNDk0MTRFNUY0MzQ4NDE1MjUzNDU1NDBBNTM2OTdBNjU0NDZGNzU2MjZDNjUwMjFDMDg0NjZGNkU3NDRFNjE2RDY1MDYwRjU0Njk2RDY1NzMyMDRFNjU3NzIwNTI2RjZENjE2RTA3NTU2RTY5NjM2RjY0NjUwOTA0NTM2OTdBNjUwMjBFMDAwMA0KLTkgMiAwIDAgMCAwIDINCg0KMEUwMTA0NTQ2MTYyNzMwRTAwMDAwMTA4NTM3NDYxNkU2NDYxNzI2NDA4MDk0MTZDNjk2NzZFNkQ2NTZFNzQwNzBBNzI3NjYxNEE3NTczNzQ2OTY2NzkwNDU0NjE2MjczMEUwMDAwMDANCi05IDIgMCAwIDAgMCA0DQoNCjBFMDANCi05IDAgMCAwIDAgMCA3DQoxIDEgMCA4IDMgMA0KMjAwNDM1MDQ0NjA0MzUwNDNGMDQ0MjA0M0UwNDQwMDQzRDA0MzgwNDM5MDQyMDAwM0YwNDNFMDQ0MjA0MzUwNDNEMDQ0NjA0NTYwNDMwMDQzQjA0MjAwMDU0MDQyMDAwMzAwNDNEMDQzMDA0M0IwNDNFMDQzMzA0M0UwNDNDMDQzQTAwDQoxIDEgMSA4IDMgMA0KDQo=</FormattedText>
					</QuestionText>
					<Options>
						<IsAllowRandom>true</IsAllowRandom>
						<IsCompulsory>false</IsCompulsory>
						<IsOnlyForEduMode>false</IsOnlyForEduMode>
						<IsDenyPartially>false</IsDenyPartially>
					</Options>
					<Variants>
						<VariantText CorrectAnswer="False">
							<PlainText>Місцевого потенціалу.</PlainText>
							<FormattedText>LTggMSAzIDINCi05IDEgMCAwIDAgMCAxMw0KOTYNCi05IDIgMCAwIDAgMCAxDQoNCjBFMDEwOTUzNzQ3OTZDNjU0RTYxNkQ2NTA2MEI0RTZGNzI2RDYxNkMyMDc0NjU3ODc0MEE1MzY5N0E2NTQ0NkY3NTYyNkM2NTAyMUMwODQ2NkY2RTc0NEU2MTZENjUwNjBGNTQ2OTZENjU3MzIwNEU2NTc3MjA1MjZGNkQ2MTZFMDc1NTZFNjk2MzZGNjQ2NTA5MDQ1MzY5N0E2NTAyMEUwMDAxMDg1Mzc0NjE2RTY0NjE3MjY0MDgwNzQzNjg2MTcyNzM2NTc0MDcwRjUyNTU1MzUzNDk0MTRFNUY0MzQ4NDE1MjUzNDU1NDBBNTM2OTdBNjU0NDZGNzU2MjZDNjUwMjFDMDg0NjZGNkU3NDRFNjE2RDY1MDYwRjU0Njk2RDY1NzMyMDRFNjU3NzIwNTI2RjZENjE2RTA3NTU2RTY5NjM2RjY0NjUwOTA0NTM2OTdBNjUwMjBFMDAwMA0KLTkgMiAwIDAgMCAwIDINCg0KMEUwMTA0NTQ2MTYyNzMwRTAwMDAwMA0KLTkgMiAwIDAgMCAwIDQNCg0KMEUwMA0KLTkgMCAwIDAgMCAwIDcNCjEgMSAwIDggMyAwDQoxQzA0NTYwNDQxMDQ0NjA0MzUwNDMyMDQzRTA0MzMwNDNFMDQyMDAwM0YwNDNFMDQ0MjA0MzUwNDNEMDQ0NjA0NTYwNDMwMDQzQjA0NDMwNDJFMDANCg==</FormattedText>
						</VariantText>
						<VariantText CorrectAnswer="False">
							<PlainText>Потенціалу дії.</PlainText>
							<FormattedText>LTggMSAzIDINCi05IDEgMCAwIDAgMCAxMw0KOTYNCi05IDIgMCAwIDAgMCAxDQoNCjBFMDEwOTUzNzQ3OTZDNjU0RTYxNkQ2NTA2MEI0RTZGNzI2RDYxNkMyMDc0NjU3ODc0MEE1MzY5N0E2NTQ0NkY3NTYyNkM2NTAyMUMwODQ2NkY2RTc0NEU2MTZENjUwNjBGNTQ2OTZENjU3MzIwNEU2NTc3MjA1MjZGNkQ2MTZFMDc1NTZFNjk2MzZGNjQ2NTA5MDQ1MzY5N0E2NTAyMEUwMDAxMDg1Mzc0NjE2RTY0NjE3MjY0MDgwNzQzNjg2MTcyNzM2NTc0MDcwRjUyNTU1MzUzNDk0MTRFNUY0MzQ4NDE1MjUzNDU1NDBBNTM2OTdBNjU0NDZGNzU2MjZDNjUwMjFDMDg0NjZGNkU3NDRFNjE2RDY1MDYwRjU0Njk2RDY1NzMyMDRFNjU3NzIwNTI2RjZENjE2RTA3NTU2RTY5NjM2RjY0NjUwOTA0NTM2OTdBNjUwMjBFMDAwMA0KLTkgMiAwIDAgMCAwIDINCg0KMEUwMTA0NTQ2MTYyNzMwRTAwMDAwMA0KLTkgMiAwIDAgMCAwIDQNCg0KMEUwMA0KLTkgMCAwIDAgMCAwIDcNCjEgMSAwIDggMyAwDQoxRjA0M0UwNDQyMDQzNTA0M0QwNDQ2MDQ1NjA0MzAwNDNCMDQ0MzA0MjAwMDM0MDQ1NjA0NTcwNDJFMDANCg==</FormattedText>
						</VariantText>
						<VariantText CorrectAnswer="False">
							<PlainText>«Спайку» потенціалу дії.</PlainText>
							<FormattedText>LTggMSAzIDINCi05IDEgMCAwIDAgMCAxMw0KOTYNCi05IDIgMCAwIDAgMCAxDQoNCjBFMDEwOTUzNzQ3OTZDNjU0RTYxNkQ2NTA2MEI0RTZGNzI2RDYxNkMyMDc0NjU3ODc0MEE1MzY5N0E2NTQ0NkY3NTYyNkM2NTAyMUMwODQ2NkY2RTc0NEU2MTZENjUwNjBGNTQ2OTZENjU3MzIwNEU2NTc3MjA1MjZGNkQ2MTZFMDc1NTZFNjk2MzZGNjQ2NTA5MDQ1MzY5N0E2NTAyMEUwMDAxMDg1Mzc0NjE2RTY0NjE3MjY0MDgwNzQzNjg2MTcyNzM2NTc0MDcwRjUyNTU1MzUzNDk0MTRFNUY0MzQ4NDE1MjUzNDU1NDBBNTM2OTdBNjU0NDZGNzU2MjZDNjUwMjFDMDg0NjZGNkU3NDRFNjE2RDY1MDYwRjU0Njk2RDY1NzMyMDRFNjU3NzIwNTI2RjZENjE2RTA3NTU2RTY5NjM2RjY0NjUwOTA0NTM2OTdBNjUwMjBFMDAwMA0KLTkgMiAwIDAgMCAwIDINCg0KMEUwMTA0NTQ2MTYyNzMwRTAwMDAwMA0KLTkgMiAwIDAgMCAwIDQNCg0KMEUwMA0KLTkgMCAwIDAgMCAwIDcNCjEgMSAwIDggMyAwDQpBQjAwMjEwNDNGMDQzMDA0MzkwNDNBMDQ0MzA0QkIwMDIwMDAzRjA0M0UwNDQyMDQzNTA0M0QwNDQ2MDQ1NjA0MzAwNDNCMDQ0MzA0MjAwMDM0MDQ1NjA0NTcwNDJFMDANCg==</FormattedText>
						</VariantText>
						<VariantText CorrectAnswer="False">
							<PlainText>Слідового негативного потенціалу.</PlainText>
							<FormattedText>LTggMSAzIDINCi05IDEgMCAwIDAgMCAxMw0KOTYNCi05IDIgMCAwIDAgMCAxDQoNCjBFMDEwOTUzNzQ3OTZDNjU0RTYxNkQ2NTA2MEI0RTZGNzI2RDYxNkMyMDc0NjU3ODc0MEE1MzY5N0E2NTQ0NkY3NTYyNkM2NTAyMUMwODQ2NkY2RTc0NEU2MTZENjUwNjBGNTQ2OTZENjU3MzIwNEU2NTc3MjA1MjZGNkQ2MTZFMDc1NTZFNjk2MzZGNjQ2NTA5MDQ1MzY5N0E2NTAyMEUwMDAxMDg1Mzc0NjE2RTY0NjE3MjY0MDgwNzQzNjg2MTcyNzM2NTc0MDcwRjUyNTU1MzUzNDk0MTRFNUY0MzQ4NDE1MjUzNDU1NDBBNTM2OTdBNjU0NDZGNzU2MjZDNjUwMjFDMDg0NjZGNkU3NDRFNjE2RDY1MDYwRjU0Njk2RDY1NzMyMDRFNjU3NzIwNTI2RjZENjE2RTA3NTU2RTY5NjM2RjY0NjUwOTA0NTM2OTdBNjUwMjBFMDAwMA0KLTkgMiAwIDAgMCAwIDINCg0KMEUwMTA0NTQ2MTYyNzMwRTAwMDAwMA0KLTkgMiAwIDAgMCAwIDQNCg0KMEUwMA0KLTkgMCAwIDAgMCAwIDcNCjEgMSAwIDggMyAwDQoyMTA0M0IwNDU2MDQzNDA0M0UwNDMyMDQzRTA0MzMwNDNFMDQyMDAwM0QwNDM1MDQzMzA0MzAwNDQyMDQzODA0MzIwNDNEMDQzRTA0MzMwNDNFMDQyMDAwM0YwNDNFMDQ0MjA0MzUwNDNEMDQ0NjA0NTYwNDMwMDQzQjA0NDMwNDJFMDANCg==</FormattedText>
						</VariantText>
						<VariantText CorrectAnswer="True">
							<PlainText>Локальної відповіді.</PlainText>
							<FormattedText>LTggMSAzIDINCi05IDEgMCAwIDAgMCAxMw0KOTYNCi05IDIgMCAwIDAgMCAxDQoNCjBFMDEwOTUzNzQ3OTZDNjU0RTYxNkQ2NTA2MEI0RTZGNzI2RDYxNkMyMDc0NjU3ODc0MEE1MzY5N0E2NTQ0NkY3NTYyNkM2NTAyMUMwODQ2NkY2RTc0NEU2MTZENjUwNjBGNTQ2OTZENjU3MzIwNEU2NTc3MjA1MjZGNkQ2MTZFMDc1NTZFNjk2MzZGNjQ2NTA5MDQ1MzY5N0E2NTAyMEUwMDAxMDg1Mzc0NjE2RTY0NjE3MjY0MDgwNzQzNjg2MTcyNzM2NTc0MDcwRjUyNTU1MzUzNDk0MTRFNUY0MzQ4NDE1MjUzNDU1NDBBNTM2OTdBNjU0NDZGNzU2MjZDNjUwMjFDMDg0NjZGNkU3NDRFNjE2RDY1MDYwRjU0Njk2RDY1NzMyMDRFNjU3NzIwNTI2RjZENjE2RTA3NTU2RTY5NjM2RjY0NjUwOTA0NTM2OTdBNjUwMjBFMDAwMA0KLTkgMiAwIDAgMCAwIDINCg0KMEUwMTA0NTQ2MTYyNzMwRTAwMDAwMA0KLTkgMiAwIDAgMCAwIDQNCg0KMEUwMA0KLTkgMCAwIDAgMCAwIDcNCjEgMSAwIDggMyAwDQoxQjA0M0UwNDNBMDQzMDA0M0IwNDRDMDQzRDA0M0UwNDU3MDQyMDAwMzIwNDU2MDQzNDA0M0YwNDNFMDQzMjA0NTYwNDM0MDQ1NjA0MkUwMA0K</FormattedText>
						</VariantText>
					</Variants>
				</Task>
				<!-- ***** -->
				<Task Type="TYPE_TASK_CHOICE_SINGLE" Score="1">
					<Title/>
					<QuestionText>
						<PlainText>Які нервові процеси забезпечують посилення та «очищення» інформації, яка проводиться?</PlainText>
						<FormattedText>LTggMSAzIDINCi05IDEgMCAwIDAgMCAxMw0KOTYNCi05IDIgMCAwIDAgMCAxDQoNCjBFMDEwOTUzNzQ3OTZDNjU0RTYxNkQ2NTA2MEI0RTZGNzI2RDYxNkMyMDc0NjU3ODc0MEE1MzY5N0E2NTQ0NkY3NTYyNkM2NTAyMUMwODQ2NkY2RTc0NEU2MTZENjUwNjBGNTQ2OTZENjU3MzIwNEU2NTc3MjA1MjZGNkQ2MTZFMDc1NTZFNjk2MzZGNjQ2NTA5MDQ1MzY5N0E2NTAyMEUwMDAxMDg1Mzc0NjE2RTY0NjE3MjY0MDgwNzQzNjg2MTcyNzM2NTc0MDcwRjUyNTU1MzUzNDk0MTRFNUY0MzQ4NDE1MjUzNDU1NDBBNTM2OTdBNjU0NDZGNzU2MjZDNjUwMjFDMDg0NjZGNkU3NDRFNjE2RDY1MDYwRjU0Njk2RDY1NzMyMDRFNjU3NzIwNTI2RjZENjE2RTA3NTU2RTY5NjM2RjY0NjUwOTA0NTM2OTdBNjUwMjBFMDAwMA0KLTkgMiAwIDAgMCAwIDINCg0KMEUwMTA0NTQ2MTYyNzMwRTAwMDAwMTA4NTM3NDYxNkU2NDYxNzI2NDA4MDk0MTZDNjk2NzZFNkQ2NTZFNzQwNzBBNzI3NjYxNEE3NTczNzQ2OTY2NzkwNDU0NjE2MjczMEUwMDAwMDANCi05IDIgMCAwIDAgMCA0DQoNCjBFMDANCi05IDAgMCAwIDAgMCA3DQoxIDIgMSA4IDMgMA0KMkYwNDNBMDQ1NjA0MjAwMDNEMDQzNTA0NDAwNDMyMDQzRTA0MzIwNDU2MDQyMDAwM0YwNDQwMDQzRTA0NDYwNDM1MDQ0MTA0MzgwNDIwMDAzNzA0MzAwNDMxMDQzNTA0MzcwNDNGMDQzNTA0NDcwNDQzMDQ0RTA0NDIwNDRDMDQyMDAwM0YwNDNFMDQ0MTA0MzgwNDNCMDQzNTA0M0QwNDNEMDQ0RjA0MjAwMDQyMDQzMDA0MjAwMEFCMDAzRTA0NDcwNDM4MDQ0OTA0MzUwNDNEMDQzRDA0NEYwNEJCMDAyMDAwNTYwNDNEMDQ0NDA0M0UwNDQwMDQzQzA0MzAwNDQ2MDQ1NjA0NTcwNDJDMDAyMDAwNEYwNDNBMDQzMDA0MjAwMDNGMDQ0MDA0M0UwNDMyMDQzRTA0MzQwNDM4MDQ0MjA0NEMwNDQxMDQ0RjA0M0YwMA0KDQo=</FormattedText>
					</QuestionText>
					<Options>
						<IsAllowRandom>true</IsAllowRandom>
						<IsCompulsory>false</IsCompulsory>
						<IsOnlyForEduMode>false</IsOnlyForEduMode>
						<IsDenyPartially>false</IsDenyPartially>
					</Options>
					<Variants>
						<VariantText CorrectAnswer="False">
							<PlainText>Трансформація ритму збудження.</PlainText>
							<FormattedText>LTggMSAzIDINCi05IDEgMCAwIDAgMCAxMw0KOTYNCi05IDIgMCAwIDAgMCAxDQoNCjBFMDEwOTUzNzQ3OTZDNjU0RTYxNkQ2NTA2MEI0RTZGNzI2RDYxNkMyMDc0NjU3ODc0MEE1MzY5N0E2NTQ0NkY3NTYyNkM2NTAyMUMwODQ2NkY2RTc0NEU2MTZENjUwNjBGNTQ2OTZENjU3MzIwNEU2NTc3MjA1MjZGNkQ2MTZFMDc1NTZFNjk2MzZGNjQ2NTA5MDQ1MzY5N0E2NTAyMEUwMDAxMDg1Mzc0NjE2RTY0NjE3MjY0MDgwNzQzNjg2MTcyNzM2NTc0MDcwRjUyNTU1MzUzNDk0MTRFNUY0MzQ4NDE1MjUzNDU1NDBBNTM2OTdBNjU0NDZGNzU2MjZDNjUwMjFDMDg0NjZGNkU3NDRFNjE2RDY1MDYwRjU0Njk2RDY1NzMyMDRFNjU3NzIwNTI2RjZENjE2RTA3NTU2RTY5NjM2RjY0NjUwOTA0NTM2OTdBNjUwMjBFMDAwMA0KLTkgMiAwIDAgMCAwIDINCg0KMEUwMTA0NTQ2MTYyNzMwRTAwMDAwMA0KLTkgMiAwIDAgMCAwIDQNCg0KMEUwMA0KLTkgMCAwIDAgMCAwIDcNCjEgMSAwIDggMyAwDQoyMjA0NDAwNDMwMDQzRDA0NDEwNDQ0MDQzRTA0NDAwNDNDMDQzMDA0NDYwNDU2MDQ0RjA0MjAwMDQwMDQzODA0NDIwNDNDMDQ0MzA0MjAwMDM3MDQzMTA0NDMwNDM0MDQzNjA0MzUwNDNEMDQzRDA0NEYwNDJFMDANCg==</FormattedText>
						</VariantText>
						<VariantText CorrectAnswer="False">
							<PlainText>Післядія.</PlainText>
							<FormattedText>LTggMSAzIDINCi05IDEgMCAwIDAgMCAxMw0KOTYNCi05IDIgMCAwIDAgMCAxDQoNCjBFMDEwOTUzNzQ3OTZDNjU0RTYxNkQ2NTA2MEI0RTZGNzI2RDYxNkMyMDc0NjU3ODc0MEE1MzY5N0E2NTQ0NkY3NTYyNkM2NTAyMUMwODQ2NkY2RTc0NEU2MTZENjUwNjBGNTQ2OTZENjU3MzIwNEU2NTc3MjA1MjZGNkQ2MTZFMDc1NTZFNjk2MzZGNjQ2NTA5MDQ1MzY5N0E2NTAyMEUwMDAxMDg1Mzc0NjE2RTY0NjE3MjY0MDgwNzQzNjg2MTcyNzM2NTc0MDcwRjUyNTU1MzUzNDk0MTRFNUY0MzQ4NDE1MjUzNDU1NDBBNTM2OTdBNjU0NDZGNzU2MjZDNjUwMjFDMDg0NjZGNkU3NDRFNjE2RDY1MDYwRjU0Njk2RDY1NzMyMDRFNjU3NzIwNTI2RjZENjE2RTA3NTU2RTY5NjM2RjY0NjUwOTA0NTM2OTdBNjUwMjBFMDAwMA0KLTkgMiAwIDAgMCAwIDINCg0KMEUwMTA0NTQ2MTYyNzMwRTAwMDAwMA0KLTkgMiAwIDAgMCAwIDQNCg0KMEUwMA0KLTkgMCAwIDAgMCAwIDcNCjEgMSAwIDggMyAwDQoxRjA0NTYwNDQxMDQzQjA0NEYwNDM0MDQ1NjA0NEYwNDJFMDANCg==</FormattedText>
						</VariantText>
						<VariantText CorrectAnswer="False">
							<PlainText>Полегшення.</PlainText>
							<FormattedText>LTggMSAzIDINCi05IDEgMCAwIDAgMCAxMw0KOTYNCi05IDIgMCAwIDAgMCAxDQoNCjBFMDEwOTUzNzQ3OTZDNjU0RTYxNkQ2NTA2MEI0RTZGNzI2RDYxNkMyMDc0NjU3ODc0MEE1MzY5N0E2NTQ0NkY3NTYyNkM2NTAyMUMwODQ2NkY2RTc0NEU2MTZENjUwNjBGNTQ2OTZENjU3MzIwNEU2NTc3MjA1MjZGNkQ2MTZFMDc1NTZFNjk2MzZGNjQ2NTA5MDQ1MzY5N0E2NTAyMEUwMDAxMDg1Mzc0NjE2RTY0NjE3MjY0MDgwNzQzNjg2MTcyNzM2NTc0MDcwRjUyNTU1MzUzNDk0MTRFNUY0MzQ4NDE1MjUzNDU1NDBBNTM2OTdBNjU0NDZGNzU2MjZDNjUwMjFDMDg0NjZGNkU3NDRFNjE2RDY1MDYwRjU0Njk2RDY1NzMyMDRFNjU3NzIwNTI2RjZENjE2RTA3NTU2RTY5NjM2RjY0NjUwOTA0NTM2OTdBNjUwMjBFMDAwMA0KLTkgMiAwIDAgMCAwIDINCg0KMEUwMTA0NTQ2MTYyNzMwRTAwMDAwMA0KLTkgMiAwIDAgMCAwIDQNCg0KMEUwMA0KLTkgMCAwIDAgMCAwIDcNCjEgMSAwIDggMyAwDQoxRjA0M0UwNDNCMDQzNTA0MzMwNDQ4MDQzNTA0M0QwNDNEMDQ0RjA0MkUwMA0K</FormattedText>
						</VariantText>
						<VariantText CorrectAnswer="True">
							<PlainText>Сумація, конвергенція, оклюзія.</PlainText>
							<FormattedText>LTggMSAzIDINCi05IDEgMCAwIDAgMCAxMw0KOTYNCi05IDIgMCAwIDAgMCAxDQoNCjBFMDEwOTUzNzQ3OTZDNjU0RTYxNkQ2NTA2MEI0RTZGNzI2RDYxNkMyMDc0NjU3ODc0MEE1MzY5N0E2NTQ0NkY3NTYyNkM2NTAyMUMwODQ2NkY2RTc0NEU2MTZENjUwNjBGNTQ2OTZENjU3MzIwNEU2NTc3MjA1MjZGNkQ2MTZFMDc1NTZFNjk2MzZGNjQ2NTA5MDQ1MzY5N0E2NTAyMEUwMDAxMDg1Mzc0NjE2RTY0NjE3MjY0MDgwNzQzNjg2MTcyNzM2NTc0MDcwRjUyNTU1MzUzNDk0MTRFNUY0MzQ4NDE1MjUzNDU1NDBBNTM2OTdBNjU0NDZGNzU2MjZDNjUwMjFDMDg0NjZGNkU3NDRFNjE2RDY1MDYwRjU0Njk2RDY1NzMyMDRFNjU3NzIwNTI2RjZENjE2RTA3NTU2RTY5NjM2RjY0NjUwOTA0NTM2OTdBNjUwMjBFMDAwMA0KLTkgMiAwIDAgMCAwIDINCg0KMEUwMTA0NTQ2MTYyNzMwRTAwMDAwMA0KLTkgMiAwIDAgMCAwIDQNCg0KMEUwMA0KLTkgMCAwIDAgMCAwIDcNCjEgMSAwIDggMyAwDQoyMTA0NDMwNDNDMDQzMDA0NDYwNDU2MDQ0RjA0MkMwMDIwMDAzQTA0M0UwNDNEMDQzMjA0MzUwNDQwMDQzMzA0MzUwNDNEMDQ0NjA0NTYwNDRGMDQyQzAwMjAwMDNFMDQzQTA0M0IwNDRFMDQzNzA0NTYwNDRGMDQyRTAwDQo=</FormattedText>
						</VariantText>
						<VariantText CorrectAnswer="False">
							<PlainText>Дивергенція.</PlainText>
							<FormattedText>LTggMSAzIDINCi05IDEgMCAwIDAgMCAxMw0KOTYNCi05IDIgMCAwIDAgMCAxDQoNCjBFMDEwOTUzNzQ3OTZDNjU0RTYxNkQ2NTA2MEI0RTZGNzI2RDYxNkMyMDc0NjU3ODc0MEE1MzY5N0E2NTQ0NkY3NTYyNkM2NTAyMUMwODQ2NkY2RTc0NEU2MTZENjUwNjBGNTQ2OTZENjU3MzIwNEU2NTc3MjA1MjZGNkQ2MTZFMDc1NTZFNjk2MzZGNjQ2NTA5MDQ1MzY5N0E2NTAyMEUwMDAxMDg1Mzc0NjE2RTY0NjE3MjY0MDgwNzQzNjg2MTcyNzM2NTc0MDcwRjUyNTU1MzUzNDk0MTRFNUY0MzQ4NDE1MjUzNDU1NDBBNTM2OTdBNjU0NDZGNzU2MjZDNjUwMjFDMDg0NjZGNkU3NDRFNjE2RDY1MDYwRjU0Njk2RDY1NzMyMDRFNjU3NzIwNTI2RjZENjE2RTA3NTU2RTY5NjM2RjY0NjUwOTA0NTM2OTdBNjUwMjBFMDAwMA0KLTkgMiAwIDAgMCAwIDINCg0KMEUwMTA0NTQ2MTYyNzMwRTAwMDAwMA0KLTkgMiAwIDAgMCAwIDQNCg0KMEUwMA0KLTkgMCAwIDAgMCAwIDcNCjEgMSAwIDggMyAwDQoxNDA0MzgwNDMyMDQzNTA0NDAwNDMzMDQzNTA0M0QwNDQ2MDQ1NjA0NEYwNDJFMDANCg==</FormattedText>
						</VariantText>
					</Variants>
				</Task>
				<!-- ***** -->
				<Task Type="TYPE_TASK_CHOICE_SINGLE" Score="1">
					<Title/>
					<QuestionText>
						<PlainText>Які із зазначених властивостей є провідними властивостями рецепторів?</PlainText>
						<FormattedText>LTggMSAzIDINCi05IDEgMCAwIDAgMCAxMw0KOTYNCi05IDIgMCAwIDAgMCAxDQoNCjBFMDEwOTUzNzQ3OTZDNjU0RTYxNkQ2NTA2MEI0RTZGNzI2RDYxNkMyMDc0NjU3ODc0MEE1MzY5N0E2NTQ0NkY3NTYyNkM2NTAyMUMwODQ2NkY2RTc0NEU2MTZENjUwNjBGNTQ2OTZENjU3MzIwNEU2NTc3MjA1MjZGNkQ2MTZFMDc1NTZFNjk2MzZGNjQ2NTA5MDQ1MzY5N0E2NTAyMEUwMDAxMDg1Mzc0NjE2RTY0NjE3MjY0MDgwNzQzNjg2MTcyNzM2NTc0MDcwRjUyNTU1MzUzNDk0MTRFNUY0MzQ4NDE1MjUzNDU1NDBBNTM2OTdBNjU0NDZGNzU2MjZDNjUwMjFDMDg0NjZGNkU3NDRFNjE2RDY1MDYwRjU0Njk2RDY1NzMyMDRFNjU3NzIwNTI2RjZENjE2RTA3NTU2RTY5NjM2RjY0NjUwOTA0NTM2OTdBNjUwMjBFMDAwMA0KLTkgMiAwIDAgMCAwIDINCg0KMEUwMTA0NTQ2MTYyNzMwRTAwMDAwMTA4NTM3NDYxNkU2NDYxNzI2NDA4MDk0MTZDNjk2NzZFNkQ2NTZFNzQwNzBBNzI3NjYxNEE3NTczNzQ2OTY2NzkwNDU0NjE2MjczMEUwMDAwMDANCi05IDIgMCAwIDAgMCA0DQoNCjBFMDANCi05IDAgMCAwIDAgMCA3DQoxIDIgMSA4IDMgMA0KMkYwNDNBMDQ1NjA0MjAwMDU2MDQzNzA0MjAwMDM3MDQzMDA0MzcwNDNEMDQzMDA0NDcwNDM1MDQzRDA0MzgwNDQ1MDQyMDAwMzIwNDNCMDQzMDA0NDEwNDQyMDQzODA0MzIwNDNFMDQ0MTA0NDIwNDM1MDQzOTA0MjAwMDU0MDQyMDAwM0YwNDQwMDQzRTA0MzIwNDU2MDQzNDA0M0QwNDM4MDQzQzA0MzgwNDIwMDAzMjA0M0IwNDMwMDQ0MTA0NDIwNDM4MDQzMjA0M0UwNDQxMDQ0MjA0NEYwNDNDMDQzODA0MjAwMDQwMDQzNTA0NDYwNDM1MDQzRjA0NDIwNDNFMDQ0MDA0NTYwNDMyMDQzRjAwDQoNCg==</FormattedText>
					</QuestionText>
					<Options>
						<IsAllowRandom>true</IsAllowRandom>
						<IsCompulsory>false</IsCompulsory>
						<IsOnlyForEduMode>false</IsOnlyForEduMode>
						<IsDenyPartially>false</IsDenyPartially>
					</Options>
					<Variants>
						<VariantText CorrectAnswer="False">
							<PlainText>Лабільність і пластичність.</PlainText>
							<FormattedText>LTggMSAzIDINCi05IDEgMCAwIDAgMCAxMw0KOTYNCi05IDIgMCAwIDAgMCAxDQoNCjBFMDEwOTUzNzQ3OTZDNjU0RTYxNkQ2NTA2MEI0RTZGNzI2RDYxNkMyMDc0NjU3ODc0MEE1MzY5N0E2NTQ0NkY3NTYyNkM2NTAyMUMwODQ2NkY2RTc0NEU2MTZENjUwNjBGNTQ2OTZENjU3MzIwNEU2NTc3MjA1MjZGNkQ2MTZFMDc1NTZFNjk2MzZGNjQ2NTA5MDQ1MzY5N0E2NTAyMEUwMDAxMDg1Mzc0NjE2RTY0NjE3MjY0MDgwNzQzNjg2MTcyNzM2NTc0MDcwRjUyNTU1MzUzNDk0MTRFNUY0MzQ4NDE1MjUzNDU1NDBBNTM2OTdBNjU0NDZGNzU2MjZDNjUwMjFDMDg0NjZGNkU3NDRFNjE2RDY1MDYwRjU0Njk2RDY1NzMyMDRFNjU3NzIwNTI2RjZENjE2RTA3NTU2RTY5NjM2RjY0NjUwOTA0NTM2OTdBNjUwMjBFMDAwMA0KLTkgMiAwIDAgMCAwIDINCg0KMEUwMTA0NTQ2MTYyNzMwRTAwMDAwMA0KLTkgMiAwIDAgMCAwIDQNCg0KMEUwMA0KLTkgMCAwIDAgMCAwIDcNCjEgMSAwIDggMyAwDQoxQjA0MzAwNDMxMDQ1NjA0M0IwNDRDMDQzRDA0NTYwNDQxMDQ0MjA0NEMwNDIwMDA1NjA0MjAwMDNGMDQzQjA0MzAwNDQxMDQ0MjA0MzgwNDQ3MDQzRDA0NTYwNDQxMDQ0MjA0NEMwNDJFMDANCg==</FormattedText>
						</VariantText>
						<VariantText CorrectAnswer="False">
							<PlainText>Пластичність і адаптація.</PlainText>
							<FormattedText>LTggMSAzIDINCi05IDEgMCAwIDAgMCAxMw0KOTYNCi05IDIgMCAwIDAgMCAxDQoNCjBFMDEwOTUzNzQ3OTZDNjU0RTYxNkQ2NTA2MEI0RTZGNzI2RDYxNkMyMDc0NjU3ODc0MEE1MzY5N0E2NTQ0NkY3NTYyNkM2NTAyMUMwODQ2NkY2RTc0NEU2MTZENjUwNjBGNTQ2OTZENjU3MzIwNEU2NTc3MjA1MjZGNkQ2MTZFMDc1NTZFNjk2MzZGNjQ2NTA5MDQ1MzY5N0E2NTAyMEUwMDAxMDg1Mzc0NjE2RTY0NjE3MjY0MDgwNzQzNjg2MTcyNzM2NTc0MDcwRjUyNTU1MzUzNDk0MTRFNUY0MzQ4NDE1MjUzNDU1NDBBNTM2OTdBNjU0NDZGNzU2MjZDNjUwMjFDMDg0NjZGNkU3NDRFNjE2RDY1MDYwRjU0Njk2RDY1NzMyMDRFNjU3NzIwNTI2RjZENjE2RTA3NTU2RTY5NjM2RjY0NjUwOTA0NTM2OTdBNjUwMjBFMDAwMA0KLTkgMiAwIDAgMCAwIDINCg0KMEUwMTA0NTQ2MTYyNzMwRTAwMDAwMA0KLTkgMiAwIDAgMCAwIDQNCg0KMEUwMA0KLTkgMCAwIDAgMCAwIDcNCjEgMSAwIDggMyAwDQoxRjA0M0IwNDMwMDQ0MTA0NDIwNDM4MDQ0NzA0M0QwNDU2MDQ0MTA0NDIwNDRDMDQyMDAwNTYwNDIwMDAzMDA0MzQwNDMwMDQzRjA0NDIwNDMwMDQ0NjA0NTYwNDRGMDQyRTAwDQo=</FormattedText>
						</VariantText>
						<VariantText CorrectAnswer="False">
							<PlainText>Акомодація і стомлення.</PlainText>
							<FormattedText>LTggMSAzIDINCi05IDEgMCAwIDAgMCAxMw0KOTYNCi05IDIgMCAwIDAgMCAxDQoNCjBFMDEwOTUzNzQ3OTZDNjU0RTYxNkQ2NTA2MEI0RTZGNzI2RDYxNkMyMDc0NjU3ODc0MEE1MzY5N0E2NTQ0NkY3NTYyNkM2NTAyMUMwODQ2NkY2RTc0NEU2MTZENjUwNjBGNTQ2OTZENjU3MzIwNEU2NTc3MjA1MjZGNkQ2MTZFMDc1NTZFNjk2MzZGNjQ2NTA5MDQ1MzY5N0E2NTAyMEUwMDAxMDg1Mzc0NjE2RTY0NjE3MjY0MDgwNzQzNjg2MTcyNzM2NTc0MDcwRjUyNTU1MzUzNDk0MTRFNUY0MzQ4NDE1MjUzNDU1NDBBNTM2OTdBNjU0NDZGNzU2MjZDNjUwMjFDMDg0NjZGNkU3NDRFNjE2RDY1MDYwRjU0Njk2RDY1NzMyMDRFNjU3NzIwNTI2RjZENjE2RTA3NTU2RTY5NjM2RjY0NjUwOTA0NTM2OTdBNjUwMjBFMDAwMA0KLTkgMiAwIDAgMCAwIDINCg0KMEUwMTA0NTQ2MTYyNzMwRTAwMDAwMA0KLTkgMiAwIDAgMCAwIDQNCg0KMEUwMA0KLTkgMCAwIDAgMCAwIDcNCjEgMSAwIDggMyAwDQoxMDA0M0EwNDNFMDQzQzA0M0UwNDM0MDQzMDA0NDYwNDU2MDQ0RjA0MjAwMDU2MDQyMDAwNDEwNDQyMDQzRTA0M0MwNDNCMDQzNTA0M0QwNDNEMDQ0RjA0MkUwMA0K</FormattedText>
						</VariantText>
						<VariantText CorrectAnswer="True">
							<PlainText>Збудливість і адаптація.</PlainText>
							<FormattedText>LTggMSAzIDINCi05IDEgMCAwIDAgMCAxMw0KOTYNCi05IDIgMCAwIDAgMCAxDQoNCjBFMDEwOTUzNzQ3OTZDNjU0RTYxNkQ2NTA2MEI0RTZGNzI2RDYxNkMyMDc0NjU3ODc0MEE1MzY5N0E2NTQ0NkY3NTYyNkM2NTAyMUMwODQ2NkY2RTc0NEU2MTZENjUwNjBGNTQ2OTZENjU3MzIwNEU2NTc3MjA1MjZGNkQ2MTZFMDc1NTZFNjk2MzZGNjQ2NTA5MDQ1MzY5N0E2NTAyMEUwMDAxMDg1Mzc0NjE2RTY0NjE3MjY0MDgwNzQzNjg2MTcyNzM2NTc0MDcwRjUyNTU1MzUzNDk0MTRFNUY0MzQ4NDE1MjUzNDU1NDBBNTM2OTdBNjU0NDZGNzU2MjZDNjUwMjFDMDg0NjZGNkU3NDRFNjE2RDY1MDYwRjU0Njk2RDY1NzMyMDRFNjU3NzIwNTI2RjZENjE2RTA3NTU2RTY5NjM2RjY0NjUwOTA0NTM2OTdBNjUwMjBFMDAwMA0KLTkgMiAwIDAgMCAwIDINCg0KMEUwMTA0NTQ2MTYyNzMwRTAwMDAwMA0KLTkgMiAwIDAgMCAwIDQNCg0KMEUwMA0KLTkgMCAwIDAgMCAwIDcNCjEgMSAwIDggMyAwDQoxNzA0MzEwNDQzMDQzNDA0M0IwNDM4MDQzMjA0NTYwNDQxMDQ0MjA0NEMwNDIwMDA1NjA0MjAwMDMwMDQzNDA0MzAwNDNGMDQ0MjA0MzAwNDQ2MDQ1NjA0NEYwNDJFMDANCg==</FormattedText>
						</VariantText>
						<VariantText CorrectAnswer="False">
							<PlainText>Збудливість і стомлення.</PlainText>
							<FormattedText>LTggMSAzIDINCi05IDEgMCAwIDAgMCAxMw0KOTYNCi05IDIgMCAwIDAgMCAxDQoNCjBFMDEwOTUzNzQ3OTZDNjU0RTYxNkQ2NTA2MEI0RTZGNzI2RDYxNkMyMDc0NjU3ODc0MEE1MzY5N0E2NTQ0NkY3NTYyNkM2NTAyMUMwODQ2NkY2RTc0NEU2MTZENjUwNjBGNTQ2OTZENjU3MzIwNEU2NTc3MjA1MjZGNkQ2MTZFMDc1NTZFNjk2MzZGNjQ2NTA5MDQ1MzY5N0E2NTAyMEUwMDAxMDg1Mzc0NjE2RTY0NjE3MjY0MDgwNzQzNjg2MTcyNzM2NTc0MDcwRjUyNTU1MzUzNDk0MTRFNUY0MzQ4NDE1MjUzNDU1NDBBNTM2OTdBNjU0NDZGNzU2MjZDNjUwMjFDMDg0NjZGNkU3NDRFNjE2RDY1MDYwRjU0Njk2RDY1NzMyMDRFNjU3NzIwNTI2RjZENjE2RTA3NTU2RTY5NjM2RjY0NjUwOTA0NTM2OTdBNjUwMjBFMDAwMA0KLTkgMiAwIDAgMCAwIDINCg0KMEUwMTA0NTQ2MTYyNzMwRTAwMDAwMA0KLTkgMiAwIDAgMCAwIDQNCg0KMEUwMA0KLTkgMCAwIDAgMCAwIDcNCjEgMSAwIDggMyAwDQoxNzA0MzEwNDQzMDQzNDA0M0IwNDM4MDQzMjA0NTYwNDQxMDQ0MjA0NEMwNDIwMDA1NjA0MjAwMDQxMDQ0MjA0M0UwNDNDMDQzQjA0MzUwNDNEMDQzRDA0NEYwNDJFMDANCg==</FormattedText>
						</VariantText>
					</Variants>
				</Task>
				<!-- ***** -->
				<Task Type="TYPE_TASK_CHOICE_SINGLE" Score="1">
					<Title/>
					<QuestionText>
						<PlainText>Які із зазначених явищ спостерігаються в процесі адаптації рецепторів?</PlainText>
						<FormattedText>LTggMSAzIDINCi05IDEgMCAwIDAgMCAxMw0KOTYNCi05IDIgMCAwIDAgMCAxDQoNCjBFMDEwOTUzNzQ3OTZDNjU0RTYxNkQ2NTA2MEI0RTZGNzI2RDYxNkMyMDc0NjU3ODc0MEE1MzY5N0E2NTQ0NkY3NTYyNkM2NTAyMUMwODQ2NkY2RTc0NEU2MTZENjUwNjBGNTQ2OTZENjU3MzIwNEU2NTc3MjA1MjZGNkQ2MTZFMDc1NTZFNjk2MzZGNjQ2NTA5MDQ1MzY5N0E2NTAyMEUwMDAxMDg1Mzc0NjE2RTY0NjE3MjY0MDgwNzQzNjg2MTcyNzM2NTc0MDcwRjUyNTU1MzUzNDk0MTRFNUY0MzQ4NDE1MjUzNDU1NDBBNTM2OTdBNjU0NDZGNzU2MjZDNjUwMjFDMDg0NjZGNkU3NDRFNjE2RDY1MDYwRjU0Njk2RDY1NzMyMDRFNjU3NzIwNTI2RjZENjE2RTA3NTU2RTY5NjM2RjY0NjUwOTA0NTM2OTdBNjUwMjBFMDAwMA0KLTkgMiAwIDAgMCAwIDINCg0KMEUwMTA0NTQ2MTYyNzMwRTAwMDAwMTA4NTM3NDYxNkU2NDYxNzI2NDA4MDk0MTZDNjk2NzZFNkQ2NTZFNzQwNzBBNzI3NjYxNEE3NTczNzQ2OTY2NzkwNDU0NjE2MjczMEUwMDAwMDANCi05IDIgMCAwIDAgMCA0DQoNCjBFMDANCi05IDAgMCAwIDAgMCA3DQoxIDMgMSA4IDMgMA0KMkYwNDNBMDQ1NjA0MjAwMDU2MDQzNzA0MjAwMDM3MDQzMDA0MzcwNDNEMDQzMDA0NDcwNDM1MDQzRDA0MzgwNDQ1MDQyMDAwNEYwNDMyMDQzODA0NDkwNDIwMDA0MTA0M0YwNDNFMDQ0MTA0NDIwNDM1MDQ0MDA0NTYwNDMzMDQzMDA0NEUwNDQyMDQ0QzA0NDEwNDRGMDQyMDAwMzIwNDIwMDAzRjA0NDAwNDNFMDQ0NjA0MzUwNDQxMDQ1NjA0MjAwMDMwMDQzNDA0MzAwNDNGMDQ0MjA0MzAwNDQ2MDQ1NjA0NTcwNDIwMDA0MDA0MzUwNDQ2MDQzNTA0M0YwNDQyMDQzRTA0NDAwNDU2MDQzMjA0M0YwMA0KDQoNCg==</FormattedText>
					</QuestionText>
					<Options>
						<IsAllowRandom>true</IsAllowRandom>
						<IsCompulsory>false</IsCompulsory>
						<IsOnlyForEduMode>false</IsOnlyForEduMode>
						<IsDenyPartially>false</IsDenyPartially>
					</Options>
					<Variants>
						<VariantText CorrectAnswer="False">
							<PlainText>Підвищення лабільності.</PlainText>
							<FormattedText>LTggMSAzIDINCi05IDEgMCAwIDAgMCAxMw0KOTYNCi05IDIgMCAwIDAgMCAxDQoNCjBFMDEwOTUzNzQ3OTZDNjU0RTYxNkQ2NTA2MEI0RTZGNzI2RDYxNkMyMDc0NjU3ODc0MEE1MzY5N0E2NTQ0NkY3NTYyNkM2NTAyMUMwODQ2NkY2RTc0NEU2MTZENjUwNjBGNTQ2OTZENjU3MzIwNEU2NTc3MjA1MjZGNkQ2MTZFMDc1NTZFNjk2MzZGNjQ2NTA5MDQ1MzY5N0E2NTAyMEUwMDAxMDg1Mzc0NjE2RTY0NjE3MjY0MDgwNzQzNjg2MTcyNzM2NTc0MDcwRjUyNTU1MzUzNDk0MTRFNUY0MzQ4NDE1MjUzNDU1NDBBNTM2OTdBNjU0NDZGNzU2MjZDNjUwMjFDMDg0NjZGNkU3NDRFNjE2RDY1MDYwRjU0Njk2RDY1NzMyMDRFNjU3NzIwNTI2RjZENjE2RTA3NTU2RTY5NjM2RjY0NjUwOTA0NTM2OTdBNjUwMjBFMDAwMA0KLTkgMiAwIDAgMCAwIDINCg0KMEUwMTA0NTQ2MTYyNzMwRTAwMDAwMA0KLTkgMiAwIDAgMCAwIDQNCg0KMEUwMA0KLTkgMCAwIDAgMCAwIDcNCjEgMSAwIDggMyAwDQoxRjA0NTYwNDM0MDQzMjA0MzgwNDQ5MDQzNTA0M0QwNDNEMDQ0RjA0MjAwMDNCMDQzMDA0MzEwNDU2MDQzQjA0NEMwNDNEMDQzRTA0NDEwNDQyMDQ1NjA0MkUwMA0K</FormattedText>
						</VariantText>
						<VariantText CorrectAnswer="False">
							<PlainText>Скорочення періоду рефрактерністі.</PlainText>
							<FormattedText>LTggMSAzIDINCi05IDEgMCAwIDAgMCAxMw0KOTYNCi05IDIgMCAwIDAgMCAxDQoNCjBFMDEwOTUzNzQ3OTZDNjU0RTYxNkQ2NTA2MEI0RTZGNzI2RDYxNkMyMDc0NjU3ODc0MEE1MzY5N0E2NTQ0NkY3NTYyNkM2NTAyMUMwODQ2NkY2RTc0NEU2MTZENjUwNjBGNTQ2OTZENjU3MzIwNEU2NTc3MjA1MjZGNkQ2MTZFMDc1NTZFNjk2MzZGNjQ2NTA5MDQ1MzY5N0E2NTAyMEUwMDAxMDg1Mzc0NjE2RTY0NjE3MjY0MDgwNzQzNjg2MTcyNzM2NTc0MDcwRjUyNTU1MzUzNDk0MTRFNUY0MzQ4NDE1MjUzNDU1NDBBNTM2OTdBNjU0NDZGNzU2MjZDNjUwMjFDMDg0NjZGNkU3NDRFNjE2RDY1MDYwRjU0Njk2RDY1NzMyMDRFNjU3NzIwNTI2RjZENjE2RTA3NTU2RTY5NjM2RjY0NjUwOTA0NTM2OTdBNjUwMjBFMDAwMA0KLTkgMiAwIDAgMCAwIDINCg0KMEUwMTA0NTQ2MTYyNzMwRTAwMDAwMA0KLTkgMiAwIDAgMCAwIDQNCg0KMEUwMA0KLTkgMCAwIDAgMCAwIDcNCjEgMSAwIDggMyAwDQoyMTA0M0EwNDNFMDQ0MDA0M0UwNDQ3MDQzNTA0M0QwNDNEMDQ0RjA0MjAwMDNGMDQzNTA0NDAwNDU2MDQzRTA0MzQwNDQzMDQyMDAwNDAwNDM1MDQ0NDA0NDAwNDMwMDQzQTA0NDIwNDM1MDQ0MDA0M0QwNDU2MDQ0MTA0NDIwNDU2MDQyRTAwDQo=</FormattedText>
						</VariantText>
						<VariantText CorrectAnswer="False">
							<PlainText>Зменшення тривалості ПД.</PlainText>
							<FormattedText>LTggMSAzIDINCi05IDEgMCAwIDAgMCAxMw0KOTYNCi05IDIgMCAwIDAgMCAxDQoNCjBFMDEwOTUzNzQ3OTZDNjU0RTYxNkQ2NTA2MEI0RTZGNzI2RDYxNkMyMDc0NjU3ODc0MEE1MzY5N0E2NTQ0NkY3NTYyNkM2NTAyMUMwODQ2NkY2RTc0NEU2MTZENjUwNjBGNTQ2OTZENjU3MzIwNEU2NTc3MjA1MjZGNkQ2MTZFMDc1NTZFNjk2MzZGNjQ2NTA5MDQ1MzY5N0E2NTAyMEUwMDAxMDg1Mzc0NjE2RTY0NjE3MjY0MDgwNzQzNjg2MTcyNzM2NTc0MDcwRjUyNTU1MzUzNDk0MTRFNUY0MzQ4NDE1MjUzNDU1NDBBNTM2OTdBNjU0NDZGNzU2MjZDNjUwMjFDMDg0NjZGNkU3NDRFNjE2RDY1MDYwRjU0Njk2RDY1NzMyMDRFNjU3NzIwNTI2RjZENjE2RTA3NTU2RTY5NjM2RjY0NjUwOTA0NTM2OTdBNjUwMjBFMDAwMA0KLTkgMiAwIDAgMCAwIDINCg0KMEUwMTA0NTQ2MTYyNzMwRTAwMDAwMA0KLTkgMiAwIDAgMCAwIDQNCg0KMEUwMA0KLTkgMCAwIDAgMCAwIDcNCjEgMSAwIDggMyAwDQoxNzA0M0MwNDM1MDQzRDA0NDgwNDM1MDQzRDA0M0QwNDRGMDQyMDAwNDIwNDQwMDQzODA0MzIwNDMwMDQzQjA0M0UwNDQxMDQ0MjA0NTYwNDIwMDAxRjA0MTQwNDJFMDANCg==</FormattedText>
						</VariantText>
						<VariantText CorrectAnswer="True">
							<PlainText>Збільшення або зменшення порогу збудливості.</PlainText>
							<FormattedText>LTggMSAzIDINCi05IDEgMCAwIDAgMCAxMw0KOTYNCi05IDIgMCAwIDAgMCAxDQoNCjBFMDEwOTUzNzQ3OTZDNjU0RTYxNkQ2NTA2MEI0RTZGNzI2RDYxNkMyMDc0NjU3ODc0MEE1MzY5N0E2NTQ0NkY3NTYyNkM2NTAyMUMwODQ2NkY2RTc0NEU2MTZENjUwNjBGNTQ2OTZENjU3MzIwNEU2NTc3MjA1MjZGNkQ2MTZFMDc1NTZFNjk2MzZGNjQ2NTA5MDQ1MzY5N0E2NTAyMEUwMDAxMDg1Mzc0NjE2RTY0NjE3MjY0MDgwNzQzNjg2MTcyNzM2NTc0MDcwRjUyNTU1MzUzNDk0MTRFNUY0MzQ4NDE1MjUzNDU1NDBBNTM2OTdBNjU0NDZGNzU2MjZDNjUwMjFDMDg0NjZGNkU3NDRFNjE2RDY1MDYwRjU0Njk2RDY1NzMyMDRFNjU3NzIwNTI2RjZENjE2RTA3NTU2RTY5NjM2RjY0NjUwOTA0NTM2OTdBNjUwMjBFMDAwMA0KLTkgMiAwIDAgMCAwIDINCg0KMEUwMTA0NTQ2MTYyNzMwRTAwMDAwMA0KLTkgMiAwIDAgMCAwIDQNCg0KMEUwMA0KLTkgMCAwIDAgMCAwIDcNCjEgMSAwIDggMyAwDQoxNzA0MzEwNDU2MDQzQjA0NEMwNDQ4MDQzNTA0M0QwNDNEMDQ0RjA0MjAwMDMwMDQzMTA0M0UwNDIwMDAzNzA0M0MwNDM1MDQzRDA0NDgwNDM1MDQzRDA0M0QwNDRGMDQyMDAwM0YwNDNFMDQ0MDA0M0UwNDMzMDQ0MzA0MjAwMDM3MDQzMTA0NDMwNDM0MDQzQjA0MzgwNDMyMDQzRTA0NDEwNDQyMDQ1NjA0MkUwMA0K</FormattedText>
						</VariantText>
						<VariantText CorrectAnswer="False">
							<PlainText>Здатність до акомодації.</PlainText>
							<FormattedText>LTggMSAzIDINCi05IDEgMCAwIDAgMCAxMw0KOTYNCi05IDIgMCAwIDAgMCAxDQoNCjBFMDEwOTUzNzQ3OTZDNjU0RTYxNkQ2NTA2MEI0RTZGNzI2RDYxNkMyMDc0NjU3ODc0MEE1MzY5N0E2NTQ0NkY3NTYyNkM2NTAyMUMwODQ2NkY2RTc0NEU2MTZENjUwNjBGNTQ2OTZENjU3MzIwNEU2NTc3MjA1MjZGNkQ2MTZFMDc1NTZFNjk2MzZGNjQ2NTA5MDQ1MzY5N0E2NTAyMEUwMDAxMDg1Mzc0NjE2RTY0NjE3MjY0MDgwNzQzNjg2MTcyNzM2NTc0MDcwRjUyNTU1MzUzNDk0MTRFNUY0MzQ4NDE1MjUzNDU1NDBBNTM2OTdBNjU0NDZGNzU2MjZDNjUwMjFDMDg0NjZGNkU3NDRFNjE2RDY1MDYwRjU0Njk2RDY1NzMyMDRFNjU3NzIwNTI2RjZENjE2RTA3NTU2RTY5NjM2RjY0NjUwOTA0NTM2OTdBNjUwMjBFMDAwMA0KLTkgMiAwIDAgMCAwIDINCg0KMEUwMTA0NTQ2MTYyNzMwRTAwMDAwMA0KLTkgMiAwIDAgMCAwIDQNCg0KMEUwMA0KLTkgMCAwIDAgMCAwIDcNCjEgMSAwIDggMyAwDQoxNzA0MzQwNDMwMDQ0MjA0M0QwNDU2MDQ0MTA0NDIwNDRDMDQyMDAwMzQwNDNFMDQyMDAwMzAwNDNBMDQzRTA0M0MwNDNFMDQzNDA0MzAwNDQ2MDQ1NjA0NTcwNDJFMDANCg==</FormattedText>
						</VariantText>
					</Variants>
				</Task>
				<!-- ***** -->
				<Task Type="TYPE_TASK_CHOICE_SINGLE" Score="1">
					<Title/>
					<QuestionText>
						<PlainText>Що забезпечується у результаті взаємодії різних аналізаторів?</PlainText>
						<FormattedText>LTggMSAzIDINCi05IDEgMCAwIDAgMCAxMw0KOTYNCi05IDIgMCAwIDAgMCAxDQoNCjBFMDEwOTUzNzQ3OTZDNjU0RTYxNkQ2NTA2MEI0RTZGNzI2RDYxNkMyMDc0NjU3ODc0MEE1MzY5N0E2NTQ0NkY3NTYyNkM2NTAyMUMwODQ2NkY2RTc0NEU2MTZENjUwNjBGNTQ2OTZENjU3MzIwNEU2NTc3MjA1MjZGNkQ2MTZFMDc1NTZFNjk2MzZGNjQ2NTA5MDQ1MzY5N0E2NTAyMEUwMDAxMDg1Mzc0NjE2RTY0NjE3MjY0MDgwNzQzNjg2MTcyNzM2NTc0MDcwRjUyNTU1MzUzNDk0MTRFNUY0MzQ4NDE1MjUzNDU1NDBBNTM2OTdBNjU0NDZGNzU2MjZDNjUwMjFDMDg0NjZGNkU3NDRFNjE2RDY1MDYwRjU0Njk2RDY1NzMyMDRFNjU3NzIwNTI2RjZENjE2RTA3NTU2RTY5NjM2RjY0NjUwOTA0NTM2OTdBNjUwMjBFMDAwMA0KLTkgMiAwIDAgMCAwIDINCg0KMEUwMTA0NTQ2MTYyNzMwRTAwMDAwMTA4NTM3NDYxNkU2NDYxNzI2NDA4MDk0MTZDNjk2NzZFNkQ2NTZFNzQwNzBBNzI3NjYxNEE3NTczNzQ2OTY2NzkwNDU0NjE2MjczMEUwMDAwMDANCi05IDIgMCAwIDAgMCA0DQoNCjBFMDANCi05IDAgMCAwIDAgMCA3DQoxIDIgMSA4IDMgMA0KMjkwNDNFMDQyMDAwMzcwNDMwMDQzMTA0MzUwNDM3MDQzRjA0MzUwNDQ3MDQ0MzA0NTQwNDQyMDQ0QzA0NDEwNDRGMDQyMDAwNDMwNDIwMDA0MDA0MzUwNDM3MDQ0MzA0M0IwNDRDMDQ0MjA0MzAwNDQyMDQ1NjA0MjAwMDMyMDQzNzA0MzAwNDU0MDQzQzA0M0UwNDM0MDQ1NjA0NTcwNDIwMDA0MDA0NTYwNDM3MDQzRDA0MzgwNDQ1MDQyMDAwMzAwNDNEMDQzMDA0M0IwNDU2MDQzNzA0MzAwNDQyMDQzRTA0NDAwNDU2MDQzMjA0M0YwMA0KDQo=</FormattedText>
					</QuestionText>
					<Options>
						<IsAllowRandom>true</IsAllowRandom>
						<IsCompulsory>false</IsCompulsory>
						<IsOnlyForEduMode>false</IsOnlyForEduMode>
						<IsDenyPartially>false</IsDenyPartially>
					</Options>
					<Variants>
						<VariantText CorrectAnswer="False">
							<PlainText>Аналіз інформації із різних джерел.</PlainText>
							<FormattedText>LTggMSAzIDINCi05IDEgMCAwIDAgMCAxMw0KOTYNCi05IDIgMCAwIDAgMCAxDQoNCjBFMDEwOTUzNzQ3OTZDNjU0RTYxNkQ2NTA2MEI0RTZGNzI2RDYxNkMyMDc0NjU3ODc0MEE1MzY5N0E2NTQ0NkY3NTYyNkM2NTAyMUMwODQ2NkY2RTc0NEU2MTZENjUwNjBGNTQ2OTZENjU3MzIwNEU2NTc3MjA1MjZGNkQ2MTZFMDc1NTZFNjk2MzZGNjQ2NTA5MDQ1MzY5N0E2NTAyMEUwMDAxMDg1Mzc0NjE2RTY0NjE3MjY0MDgwNzQzNjg2MTcyNzM2NTc0MDcwRjUyNTU1MzUzNDk0MTRFNUY0MzQ4NDE1MjUzNDU1NDBBNTM2OTdBNjU0NDZGNzU2MjZDNjUwMjFDMDg0NjZGNkU3NDRFNjE2RDY1MDYwRjU0Njk2RDY1NzMyMDRFNjU3NzIwNTI2RjZENjE2RTA3NTU2RTY5NjM2RjY0NjUwOTA0NTM2OTdBNjUwMjBFMDAwMA0KLTkgMiAwIDAgMCAwIDINCg0KMEUwMTA0NTQ2MTYyNzMwRTAwMDAwMA0KLTkgMiAwIDAgMCAwIDQNCg0KMEUwMA0KLTkgMCAwIDAgMCAwIDcNCjEgMSAwIDggMyAwDQoxMDA0M0QwNDMwMDQzQjA0NTYwNDM3MDQyMDAwNTYwNDNEMDQ0NDA0M0UwNDQwMDQzQzA0MzAwNDQ2MDQ1NjA0NTcwNDIwMDA1NjA0MzcwNDIwMDA0MDA0NTYwNDM3MDQzRDA0MzgwNDQ1MDQyMDAwMzQwNDM2MDQzNTA0NDAwNDM1MDQzQjA0MkUwMA0K</FormattedText>
						</VariantText>
						<VariantText CorrectAnswer="False">
							<PlainText>Формування нових міжнейрональних зв’язків.</PlainText>
							<FormattedText>LTggMSAzIDINCi05IDEgMCAwIDAgMCAxMw0KOTYNCi05IDIgMCAwIDAgMCAxDQoNCjBFMDEwOTUzNzQ3OTZDNjU0RTYxNkQ2NTA2MEI0RTZGNzI2RDYxNkMyMDc0NjU3ODc0MEE1MzY5N0E2NTQ0NkY3NTYyNkM2NTAyMUMwODQ2NkY2RTc0NEU2MTZENjUwNjBGNTQ2OTZENjU3MzIwNEU2NTc3MjA1MjZGNkQ2MTZFMDc1NTZFNjk2MzZGNjQ2NTA5MDQ1MzY5N0E2NTAyMEUwMDAxMDg1Mzc0NjE2RTY0NjE3MjY0MDgwNzQzNjg2MTcyNzM2NTc0MDcwRjUyNTU1MzUzNDk0MTRFNUY0MzQ4NDE1MjUzNDU1NDBBNTM2OTdBNjU0NDZGNzU2MjZDNjUwMjFDMDg0NjZGNkU3NDRFNjE2RDY1MDYwRjU0Njk2RDY1NzMyMDRFNjU3NzIwNTI2RjZENjE2RTA3NTU2RTY5NjM2RjY0NjUwOTA0NTM2OTdBNjUwMjBFMDAwMA0KLTkgMiAwIDAgMCAwIDINCg0KMEUwMTA0NTQ2MTYyNzMwRTAwMDAwMA0KLTkgMiAwIDAgMCAwIDQNCg0KMEUwMA0KLTkgMCAwIDAgMCAwIDcNCjEgMSAwIDggMyAwDQoyNDA0M0UwNDQwMDQzQzA0NDMwNDMyMDQzMDA0M0QwNDNEMDQ0RjA0MjAwMDNEMDQzRTA0MzIwNDM4MDQ0NTA0MjAwMDNDMDQ1NjA0MzYwNDNEMDQzNTA0MzkwNDQwMDQzRTA0M0QwNDMwMDQzQjA0NEMwNDNEMDQzODA0NDUwNDIwMDAzNzA0MzIwNDE5MjA0RjA0MzcwNDNBMDQ1NjA0MzIwNDJFMDANCg==</FormattedText>
						</VariantText>
						<VariantText CorrectAnswer="False">
							<PlainText>Потенціація відчуттів у різних аналізаторах.</PlainText>
							<FormattedText>LTggMSAzIDINCi05IDEgMCAwIDAgMCAxMw0KOTYNCi05IDIgMCAwIDAgMCAxDQoNCjBFMDEwOTUzNzQ3OTZDNjU0RTYxNkQ2NTA2MEI0RTZGNzI2RDYxNkMyMDc0NjU3ODc0MEE1MzY5N0E2NTQ0NkY3NTYyNkM2NTAyMUMwODQ2NkY2RTc0NEU2MTZENjUwNjBGNTQ2OTZENjU3MzIwNEU2NTc3MjA1MjZGNkQ2MTZFMDc1NTZFNjk2MzZGNjQ2NTA5MDQ1MzY5N0E2NTAyMEUwMDAxMDg1Mzc0NjE2RTY0NjE3MjY0MDgwNzQzNjg2MTcyNzM2NTc0MDcwRjUyNTU1MzUzNDk0MTRFNUY0MzQ4NDE1MjUzNDU1NDBBNTM2OTdBNjU0NDZGNzU2MjZDNjUwMjFDMDg0NjZGNkU3NDRFNjE2RDY1MDYwRjU0Njk2RDY1NzMyMDRFNjU3NzIwNTI2RjZENjE2RTA3NTU2RTY5NjM2RjY0NjUwOTA0NTM2OTdBNjUwMjBFMDAwMA0KLTkgMiAwIDAgMCAwIDINCg0KMEUwMTA0NTQ2MTYyNzMwRTAwMDAwMA0KLTkgMiAwIDAgMCAwIDQNCg0KMEUwMA0KLTkgMCAwIDAgMCAwIDcNCjEgMSAwIDggMyAwDQoxRjA0M0UwNDQyMDQzNTA0M0QwNDQ2MDQ1NjA0MzAwNDQ2MDQ1NjA0NEYwNDIwMDAzMjA0NTYwNDM0MDQ0NzA0NDMwNDQyMDQ0MjA0NTYwNDMyMDQyMDAwNDMwNDIwMDA0MDA0NTYwNDM3MDQzRDA0MzgwNDQ1MDQyMDAwMzAwNDNEMDQzMDA0M0IwNDU2MDQzNzA0MzAwNDQyMDQzRTA0NDAwNDMwMDQ0NTA0MkUwMA0K</FormattedText>
						</VariantText>
						<VariantText CorrectAnswer="True">
							<PlainText>Формування точних уявлень.</PlainText>
							<FormattedText>LTggMSAzIDINCi05IDEgMCAwIDAgMCAxMw0KOTYNCi05IDIgMCAwIDAgMCAxDQoNCjBFMDEwOTUzNzQ3OTZDNjU0RTYxNkQ2NTA2MEI0RTZGNzI2RDYxNkMyMDc0NjU3ODc0MEE1MzY5N0E2NTQ0NkY3NTYyNkM2NTAyMUMwODQ2NkY2RTc0NEU2MTZENjUwNjBGNTQ2OTZENjU3MzIwNEU2NTc3MjA1MjZGNkQ2MTZFMDc1NTZFNjk2MzZGNjQ2NTA5MDQ1MzY5N0E2NTAyMEUwMDAxMDg1Mzc0NjE2RTY0NjE3MjY0MDgwNzQzNjg2MTcyNzM2NTc0MDcwRjUyNTU1MzUzNDk0MTRFNUY0MzQ4NDE1MjUzNDU1NDBBNTM2OTdBNjU0NDZGNzU2MjZDNjUwMjFDMDg0NjZGNkU3NDRFNjE2RDY1MDYwRjU0Njk2RDY1NzMyMDRFNjU3NzIwNTI2RjZENjE2RTA3NTU2RTY5NjM2RjY0NjUwOTA0NTM2OTdBNjUwMjBFMDAwMA0KLTkgMiAwIDAgMCAwIDINCg0KMEUwMTA0NTQ2MTYyNzMwRTAwMDAwMA0KLTkgMiAwIDAgMCAwIDQNCg0KMEUwMA0KLTkgMCAwIDAgMCAwIDcNCjEgMSAwIDggMyAwDQoyNDA0M0UwNDQwMDQzQzA0NDMwNDMyMDQzMDA0M0QwNDNEMDQ0RjA0MjAwMDQyMDQzRTA0NDcwNDNEMDQzODA0NDUwNDIwMDA0MzA0NEYwNDMyMDQzQjA0MzUwNDNEMDQ0QzA0MkUwMA0K</FormattedText>
						</VariantText>
						<VariantText CorrectAnswer="False">
							<PlainText>Синтез відповідей із різних джерел інформації.</PlainText>
							<FormattedText>LTggMSAzIDINCi05IDEgMCAwIDAgMCAxMw0KOTYNCi05IDIgMCAwIDAgMCAxDQoNCjBFMDEwOTUzNzQ3OTZDNjU0RTYxNkQ2NTA2MEI0RTZGNzI2RDYxNkMyMDc0NjU3ODc0MEE1MzY5N0E2NTQ0NkY3NTYyNkM2NTAyMUMwODQ2NkY2RTc0NEU2MTZENjUwNjBGNTQ2OTZENjU3MzIwNEU2NTc3MjA1MjZGNkQ2MTZFMDc1NTZFNjk2MzZGNjQ2NTA5MDQ1MzY5N0E2NTAyMEUwMDAxMDg1Mzc0NjE2RTY0NjE3MjY0MDgwNzQzNjg2MTcyNzM2NTc0MDcwRjUyNTU1MzUzNDk0MTRFNUY0MzQ4NDE1MjUzNDU1NDBBNTM2OTdBNjU0NDZGNzU2MjZDNjUwMjFDMDg0NjZGNkU3NDRFNjE2RDY1MDYwRjU0Njk2RDY1NzMyMDRFNjU3NzIwNTI2RjZENjE2RTA3NTU2RTY5NjM2RjY0NjUwOTA0NTM2OTdBNjUwMjBFMDAwMA0KLTkgMiAwIDAgMCAwIDINCg0KMEUwMTA0NTQ2MTYyNzMwRTAwMDAwMA0KLTkgMiAwIDAgMCAwIDQNCg0KMEUwMA0KLTkgMCAwIDAgMCAwIDcNCjEgMSAwIDggMyAwDQoyMTA0MzgwNDNEMDQ0MjA0MzUwNDM3MDQyMDAwMzIwNDU2MDQzNDA0M0YwNDNFMDQzMjA0NTYwNDM0MDQzNTA0MzkwNDIwMDA1NjA0MzcwNDIwMDA0MDA0NTYwNDM3MDQzRDA0MzgwNDQ1MDQyMDAwMzQwNDM2MDQzNTA0NDAwNDM1MDQzQjA0MjAwMDU2MDQzRDA0NDQwNDNFMDQ0MDA0M0MwNDMwMDQ0NjA0NTYwNDU3MDQyRTAwDQo=</FormattedText>
						</VariantText>
					</Variants>
				</Task>
				<!-- ***** -->
				<Task Type="TYPE_TASK_CHOICE_SINGLE" Score="1">
					<Title/>
					<QuestionText>
						<PlainText>Тривалість сенсорної пам&apos;яті становить:</PlainText>
						<FormattedText>LTggMSAzIDINCi05IDEgMCAwIDAgMCAxMw0KOTYNCi05IDIgMCAwIDAgMCAxDQoNCjBFMDEwOTUzNzQ3OTZDNjU0RTYxNkQ2NTA2MEI0RTZGNzI2RDYxNkMyMDc0NjU3ODc0MEE1MzY5N0E2NTQ0NkY3NTYyNkM2NTAyMUMwODQ2NkY2RTc0NEU2MTZENjUwNjBGNTQ2OTZENjU3MzIwNEU2NTc3MjA1MjZGNkQ2MTZFMDc1NTZFNjk2MzZGNjQ2NTA5MDQ1MzY5N0E2NTAyMEUwMDAxMDg1Mzc0NjE2RTY0NjE3MjY0MDgwNzQzNjg2MTcyNzM2NTc0MDcwRjUyNTU1MzUzNDk0MTRFNUY0MzQ4NDE1MjUzNDU1NDBBNTM2OTdBNjU0NDZGNzU2MjZDNjUwMjFDMDg0NjZGNkU3NDRFNjE2RDY1MDYwRjU0Njk2RDY1NzMyMDRFNjU3NzIwNTI2RjZENjE2RTA3NTU2RTY5NjM2RjY0NjUwOTA0NTM2OTdBNjUwMjBFMDAwMA0KLTkgMiAwIDAgMCAwIDINCg0KMEUwMTA0NTQ2MTYyNzMwRTAwMDAwMTA4NTM3NDYxNkU2NDYxNzI2NDA4MDk0MTZDNjk2NzZFNkQ2NTZFNzQwNzBBNzI3NjYxNEE3NTczNzQ2OTY2NzkwNDU0NjE2MjczMEUwMDAwMDANCi05IDIgMCAwIDAgMCA0DQoNCjBFMDANCi05IDAgMCAwIDAgMCA3DQoxIDIgMSA4IDMgMA0KMjIwNDQwMDQzODA0MzIwNDMwMDQzQjA0NTYwNDQxMDQ0MjA0NEMwNDIwMDA0MTA0MzUwNDNEMDQ0MTA0M0UwNDQwMDQzRDA0M0UwNDU3MDQyMDAwM0YwNDMwMDQzQzA0MjcwMDRGMDQ0MjA0NTYwNDIwMDA0MTA0NDIwNDMwMDQzRDA0M0UwNDMyMDQzODA0NDIwNDRDMDQzQTAwDQoNCg==</FormattedText>
					</QuestionText>
					<Options>
						<IsAllowRandom>true</IsAllowRandom>
						<IsCompulsory>false</IsCompulsory>
						<IsOnlyForEduMode>false</IsOnlyForEduMode>
						<IsDenyPartially>false</IsDenyPartially>
					</Options>
					<Variants>
						<VariantText CorrectAnswer="False">
							<PlainText>1-10 секунд.</PlainText>
							<FormattedText>LTggMSAzIDINCi05IDEgMCAwIDAgMCAxMw0KOTYNCi05IDIgMCAwIDAgMCAxDQoNCjBFMDEwOTUzNzQ3OTZDNjU0RTYxNkQ2NTA2MEI0RTZGNzI2RDYxNkMyMDc0NjU3ODc0MEE1MzY5N0E2NTQ0NkY3NTYyNkM2NTAyMUMwODQ2NkY2RTc0NEU2MTZENjUwNjBGNTQ2OTZENjU3MzIwNEU2NTc3MjA1MjZGNkQ2MTZFMDc1NTZFNjk2MzZGNjQ2NTA5MDQ1MzY5N0E2NTAyMEUwMDAxMDg1Mzc0NjE2RTY0NjE3MjY0MDgwNzQzNjg2MTcyNzM2NTc0MDcwRjUyNTU1MzUzNDk0MTRFNUY0MzQ4NDE1MjUzNDU1NDBBNTM2OTdBNjU0NDZGNzU2MjZDNjUwMjFDMDg0NjZGNkU3NDRFNjE2RDY1MDYwRjU0Njk2RDY1NzMyMDRFNjU3NzIwNTI2RjZENjE2RTA3NTU2RTY5NjM2RjY0NjUwOTA0NTM2OTdBNjUwMjBFMDAwMA0KLTkgMiAwIDAgMCAwIDINCg0KMEUwMTA0NTQ2MTYyNzMwRTAwMDAwMA0KLTkgMiAwIDAgMCAwIDQNCg0KMEUwMA0KLTkgMCAwIDAgMCAwIDcNCjEgMSAwIDggMyAwDQozMTAwMkQwMDMxMDAzMDAwMjAwMDQxMDQzNTA0M0EwNDQzMDQzRDA0MzQwNDJFMDANCg==</FormattedText>
						</VariantText>
						<VariantText CorrectAnswer="False">
							<PlainText>10 секунд – 1 хвилина.</PlainText>
							<FormattedText>LTggMSAzIDINCi05IDEgMCAwIDAgMCAxMw0KOTYNCi05IDIgMCAwIDAgMCAxDQoNCjBFMDEwOTUzNzQ3OTZDNjU0RTYxNkQ2NTA2MEI0RTZGNzI2RDYxNkMyMDc0NjU3ODc0MEE1MzY5N0E2NTQ0NkY3NTYyNkM2NTAyMUMwODQ2NkY2RTc0NEU2MTZENjUwNjBGNTQ2OTZENjU3MzIwNEU2NTc3MjA1MjZGNkQ2MTZFMDc1NTZFNjk2MzZGNjQ2NTA5MDQ1MzY5N0E2NTAyMEUwMDAxMDg1Mzc0NjE2RTY0NjE3MjY0MDgwNzQzNjg2MTcyNzM2NTc0MDcwRjUyNTU1MzUzNDk0MTRFNUY0MzQ4NDE1MjUzNDU1NDBBNTM2OTdBNjU0NDZGNzU2MjZDNjUwMjFDMDg0NjZGNkU3NDRFNjE2RDY1MDYwRjU0Njk2RDY1NzMyMDRFNjU3NzIwNTI2RjZENjE2RTA3NTU2RTY5NjM2RjY0NjUwOTA0NTM2OTdBNjUwMjBFMDAwMA0KLTkgMiAwIDAgMCAwIDINCg0KMEUwMTA0NTQ2MTYyNzMwRTAwMDAwMA0KLTkgMiAwIDAgMCAwIDQNCg0KMEUwMA0KLTkgMCAwIDAgMCAwIDcNCjEgMSAwIDggMyAwDQozMTAwMzAwMDIwMDA0MTA0MzUwNDNBMDQ0MzA0M0QwNDM0MDQyMDAwMTMyMDIwMDAzMTAwMjAwMDQ1MDQzMjA0MzgwNDNCMDQzODA0M0QwNDMwMDQyRTAwDQo=</FormattedText>
						</VariantText>
						<VariantText CorrectAnswer="False">
							<PlainText>1-10 хвилин.</PlainText>
							<FormattedText>LTggMSAzIDINCi05IDEgMCAwIDAgMCAxMw0KOTYNCi05IDIgMCAwIDAgMCAxDQoNCjBFMDEwOTUzNzQ3OTZDNjU0RTYxNkQ2NTA2MEI0RTZGNzI2RDYxNkMyMDc0NjU3ODc0MEE1MzY5N0E2NTQ0NkY3NTYyNkM2NTAyMUMwODQ2NkY2RTc0NEU2MTZENjUwNjBGNTQ2OTZENjU3MzIwNEU2NTc3MjA1MjZGNkQ2MTZFMDc1NTZFNjk2MzZGNjQ2NTA5MDQ1MzY5N0E2NTAyMEUwMDAxMDg1Mzc0NjE2RTY0NjE3MjY0MDgwNzQzNjg2MTcyNzM2NTc0MDcwRjUyNTU1MzUzNDk0MTRFNUY0MzQ4NDE1MjUzNDU1NDBBNTM2OTdBNjU0NDZGNzU2MjZDNjUwMjFDMDg0NjZGNkU3NDRFNjE2RDY1MDYwRjU0Njk2RDY1NzMyMDRFNjU3NzIwNTI2RjZENjE2RTA3NTU2RTY5NjM2RjY0NjUwOTA0NTM2OTdBNjUwMjBFMDAwMA0KLTkgMiAwIDAgMCAwIDINCg0KMEUwMTA0NTQ2MTYyNzMwRTAwMDAwMA0KLTkgMiAwIDAgMCAwIDQNCg0KMEUwMA0KLTkgMCAwIDAgMCAwIDcNCjEgMSAwIDggMyAwDQozMTAwMkQwMDMxMDAzMDAwMjAwMDQ1MDQzMjA0MzgwNDNCMDQzODA0M0QwNDJFMDANCg==</FormattedText>
						</VariantText>
						<VariantText CorrectAnswer="True">
							<PlainText>Менше 1 секунди.</PlainText>
							<FormattedText>LTggMSAzIDINCi05IDEgMCAwIDAgMCAxMw0KOTYNCi05IDIgMCAwIDAgMCAxDQoNCjBFMDEwOTUzNzQ3OTZDNjU0RTYxNkQ2NTA2MEI0RTZGNzI2RDYxNkMyMDc0NjU3ODc0MEE1MzY5N0E2NTQ0NkY3NTYyNkM2NTAyMUMwODQ2NkY2RTc0NEU2MTZENjUwNjBGNTQ2OTZENjU3MzIwNEU2NTc3MjA1MjZGNkQ2MTZFMDc1NTZFNjk2MzZGNjQ2NTA5MDQ1MzY5N0E2NTAyMEUwMDAxMDg1Mzc0NjE2RTY0NjE3MjY0MDgwNzQzNjg2MTcyNzM2NTc0MDcwRjUyNTU1MzUzNDk0MTRFNUY0MzQ4NDE1MjUzNDU1NDBBNTM2OTdBNjU0NDZGNzU2MjZDNjUwMjFDMDg0NjZGNkU3NDRFNjE2RDY1MDYwRjU0Njk2RDY1NzMyMDRFNjU3NzIwNTI2RjZENjE2RTA3NTU2RTY5NjM2RjY0NjUwOTA0NTM2OTdBNjUwMjBFMDAwMA0KLTkgMiAwIDAgMCAwIDINCg0KMEUwMTA0NTQ2MTYyNzMwRTAwMDAwMA0KLTkgMiAwIDAgMCAwIDQNCg0KMEUwMA0KLTkgMCAwIDAgMCAwIDcNCjEgMSAwIDggMyAwDQoxQzA0MzUwNDNEMDQ0ODA0MzUwNDIwMDAzMTAwMjAwMDQxMDQzNTA0M0EwNDQzMDQzRDA0MzQwNDM4MDQyRTAwDQo=</FormattedText>
						</VariantText>
						<VariantText CorrectAnswer="False">
							<PlainText>10 хвилин – 1 година.</PlainText>
							<FormattedText>LTggMSAzIDINCi05IDEgMCAwIDAgMCAxMw0KOTYNCi05IDIgMCAwIDAgMCAxDQoNCjBFMDEwOTUzNzQ3OTZDNjU0RTYxNkQ2NTA2MEI0RTZGNzI2RDYxNkMyMDc0NjU3ODc0MEE1MzY5N0E2NTQ0NkY3NTYyNkM2NTAyMUMwODQ2NkY2RTc0NEU2MTZENjUwNjBGNTQ2OTZENjU3MzIwNEU2NTc3MjA1MjZGNkQ2MTZFMDc1NTZFNjk2MzZGNjQ2NTA5MDQ1MzY5N0E2NTAyMEUwMDAxMDg1Mzc0NjE2RTY0NjE3MjY0MDgwNzQzNjg2MTcyNzM2NTc0MDcwRjUyNTU1MzUzNDk0MTRFNUY0MzQ4NDE1MjUzNDU1NDBBNTM2OTdBNjU0NDZGNzU2MjZDNjUwMjFDMDg0NjZGNkU3NDRFNjE2RDY1MDYwRjU0Njk2RDY1NzMyMDRFNjU3NzIwNTI2RjZENjE2RTA3NTU2RTY5NjM2RjY0NjUwOTA0NTM2OTdBNjUwMjBFMDAwMA0KLTkgMiAwIDAgMCAwIDINCg0KMEUwMTA0NTQ2MTYyNzMwRTAwMDAwMA0KLTkgMiAwIDAgMCAwIDQNCg0KMEUwMA0KLTkgMCAwIDAgMCAwIDcNCjEgMSAwIDggMyAwDQozMTAwMzAwMDIwMDA0NTA0MzIwNDM4MDQzQjA0MzgwNDNEMDQyMDAwMTMyMDIwMDAzMTAwMjAwMDMzMDQzRTA0MzQwNDM4MDQzRDA0MzAwNDJFMDANCg==</FormattedText>
						</VariantText>
					</Variants>
				</Task>
				<!-- ***** -->
				<Task Type="TYPE_TASK_CHOICE_SINGLE" Score="1">
					<Title/>
					<QuestionText>
						<PlainText>По відношенню до якого кольору чутливість паличок найвища?</PlainText>
						<FormattedText>LTggMSAzIDINCi05IDEgMCAwIDAgMCAxMw0KOTYNCi05IDIgMCAwIDAgMCAxDQoNCjBFMDEwOTUzNzQ3OTZDNjU0RTYxNkQ2NTA2MEI0RTZGNzI2RDYxNkMyMDc0NjU3ODc0MEE1MzY5N0E2NTQ0NkY3NTYyNkM2NTAyMUMwODQ2NkY2RTc0NEU2MTZENjUwNjBGNTQ2OTZENjU3MzIwNEU2NTc3MjA1MjZGNkQ2MTZFMDc1NTZFNjk2MzZGNjQ2NTA5MDQ1MzY5N0E2NTAyMEUwMDAxMDg1Mzc0NjE2RTY0NjE3MjY0MDgwNzQzNjg2MTcyNzM2NTc0MDcwRjUyNTU1MzUzNDk0MTRFNUY0MzQ4NDE1MjUzNDU1NDBBNTM2OTdBNjU0NDZGNzU2MjZDNjUwMjFDMDg0NjZGNkU3NDRFNjE2RDY1MDYwRjU0Njk2RDY1NzMyMDRFNjU3NzIwNTI2RjZENjE2RTA3NTU2RTY5NjM2RjY0NjUwOTA0NTM2OTdBNjUwMjBFMDAwMA0KLTkgMiAwIDAgMCAwIDINCg0KMEUwMTA0NTQ2MTYyNzMwRTAwMDAwMTA4NTM3NDYxNkU2NDYxNzI2NDA4MDk0MTZDNjk2NzZFNkQ2NTZFNzQwNzBBNzI3NjYxNEE3NTczNzQ2OTY2NzkwNDU0NjE2MjczMEUwMDAwMDANCi05IDIgMCAwIDAgMCA0DQoNCjBFMDANCi05IDAgMCAwIDAgMCA3DQoxIDIgMSA4IDMgMA0KMUYwNDNFMDQyMDAwMzIwNDU2MDQzNDA0M0QwNDNFMDQ0ODA0MzUwNDNEMDQzRDA0NEUwNDIwMDAzNDA0M0UwNDIwMDA0RjA0M0EwNDNFMDQzMzA0M0UwNDIwMDAzQTA0M0UwNDNCMDQ0QzA0M0UwNDQwMDQ0MzA0MjAwMDQ3MDQ0MzA0NDIwNDNCMDQzODA0MzIwNDU2MDQ0MTA0NDIwNDRDMDQyMDAwM0YwNDMwMDQzQjA0MzgwNDQ3MDQzRTA0M0EwNDIwMDAzRDA0MzAwNDM5MDQzMjA0MzgwNDQ5MDQzMDA0M0YwMA0KMjAwMA0K</FormattedText>
					</QuestionText>
					<Options>
						<IsAllowRandom>true</IsAllowRandom>
						<IsCompulsory>false</IsCompulsory>
						<IsOnlyForEduMode>false</IsOnlyForEduMode>
						<IsDenyPartially>false</IsDenyPartially>
					</Options>
					<Variants>
						<VariantText CorrectAnswer="False">
							<PlainText>Багряно-червоного.</PlainText>
							<FormattedText>LTggMSAzIDINCi05IDEgMCAwIDAgMCAxMw0KOTYNCi05IDIgMCAwIDAgMCAxDQoNCjBFMDEwOTUzNzQ3OTZDNjU0RTYxNkQ2NTA2MEI0RTZGNzI2RDYxNkMyMDc0NjU3ODc0MEE1MzY5N0E2NTQ0NkY3NTYyNkM2NTAyMUMwODQ2NkY2RTc0NEU2MTZENjUwNjBGNTQ2OTZENjU3MzIwNEU2NTc3MjA1MjZGNkQ2MTZFMDc1NTZFNjk2MzZGNjQ2NTA5MDQ1MzY5N0E2NTAyMEUwMDAxMDg1Mzc0NjE2RTY0NjE3MjY0MDgwNzQzNjg2MTcyNzM2NTc0MDcwRjUyNTU1MzUzNDk0MTRFNUY0MzQ4NDE1MjUzNDU1NDBBNTM2OTdBNjU0NDZGNzU2MjZDNjUwMjFDMDg0NjZGNkU3NDRFNjE2RDY1MDYwRjU0Njk2RDY1NzMyMDRFNjU3NzIwNTI2RjZENjE2RTA3NTU2RTY5NjM2RjY0NjUwOTA0NTM2OTdBNjUwMjBFMDAwMA0KLTkgMiAwIDAgMCAwIDINCg0KMEUwMTA0NTQ2MTYyNzMwRTAwMDAwMA0KLTkgMiAwIDAgMCAwIDQNCg0KMEUwMA0KLTkgMCAwIDAgMCAwIDcNCjEgMSAwIDggMyAwDQoxMTA0MzAwNDMzMDQ0MDA0NEYwNDNEMDQzRTA0MkQwMDQ3MDQzNTA0NDAwNDMyMDQzRTA0M0QwNDNFMDQzMzA0M0UwNDJFMDANCg==</FormattedText>
						</VariantText>
						<VariantText CorrectAnswer="False">
							<PlainText>Яскраво-синього.</PlainText>
							<FormattedText>LTggMSAzIDINCi05IDEgMCAwIDAgMCAxMw0KOTYNCi05IDIgMCAwIDAgMCAxDQoNCjBFMDEwOTUzNzQ3OTZDNjU0RTYxNkQ2NTA2MEI0RTZGNzI2RDYxNkMyMDc0NjU3ODc0MEE1MzY5N0E2NTQ0NkY3NTYyNkM2NTAyMUMwODQ2NkY2RTc0NEU2MTZENjUwNjBGNTQ2OTZENjU3MzIwNEU2NTc3MjA1MjZGNkQ2MTZFMDc1NTZFNjk2MzZGNjQ2NTA5MDQ1MzY5N0E2NTAyMEUwMDAxMDg1Mzc0NjE2RTY0NjE3MjY0MDgwNzQzNjg2MTcyNzM2NTc0MDcwRjUyNTU1MzUzNDk0MTRFNUY0MzQ4NDE1MjUzNDU1NDBBNTM2OTdBNjU0NDZGNzU2MjZDNjUwMjFDMDg0NjZGNkU3NDRFNjE2RDY1MDYwRjU0Njk2RDY1NzMyMDRFNjU3NzIwNTI2RjZENjE2RTA3NTU2RTY5NjM2RjY0NjUwOTA0NTM2OTdBNjUwMjBFMDAwMA0KLTkgMiAwIDAgMCAwIDINCg0KMEUwMTA0NTQ2MTYyNzMwRTAwMDAwMA0KLTkgMiAwIDAgMCAwIDQNCg0KMEUwMA0KLTkgMCAwIDAgMCAwIDcNCjEgMSAwIDggMyAwDQoyRjA0NDEwNDNBMDQ0MDA0MzAwNDMyMDQzRTA0MkQwMDQxMDQzODA0M0QwNDRDMDQzRTA0MzMwNDNFMDQyRTAwDQo=</FormattedText>
						</VariantText>
						<VariantText CorrectAnswer="True">
							<PlainText>Синьо-зеленого.</PlainText>
							<FormattedText>LTggMSAzIDINCi05IDEgMCAwIDAgMCAxMw0KOTYNCi05IDIgMCAwIDAgMCAxDQoNCjBFMDEwOTUzNzQ3OTZDNjU0RTYxNkQ2NTA2MEI0RTZGNzI2RDYxNkMyMDc0NjU3ODc0MEE1MzY5N0E2NTQ0NkY3NTYyNkM2NTAyMUMwODQ2NkY2RTc0NEU2MTZENjUwNjBGNTQ2OTZENjU3MzIwNEU2NTc3MjA1MjZGNkQ2MTZFMDc1NTZFNjk2MzZGNjQ2NTA5MDQ1MzY5N0E2NTAyMEUwMDAxMDg1Mzc0NjE2RTY0NjE3MjY0MDgwNzQzNjg2MTcyNzM2NTc0MDcwRjUyNTU1MzUzNDk0MTRFNUY0MzQ4NDE1MjUzNDU1NDBBNTM2OTdBNjU0NDZGNzU2MjZDNjUwMjFDMDg0NjZGNkU3NDRFNjE2RDY1MDYwRjU0Njk2RDY1NzMyMDRFNjU3NzIwNTI2RjZENjE2RTA3NTU2RTY5NjM2RjY0NjUwOTA0NTM2OTdBNjUwMjBFMDAwMA0KLTkgMiAwIDAgMCAwIDINCg0KMEUwMTA0NTQ2MTYyNzMwRTAwMDAwMA0KLTkgMiAwIDAgMCAwIDQNCg0KMEUwMA0KLTkgMCAwIDAgMCAwIDcNCjEgMSAwIDggMyAwDQoyMTA0MzgwNDNEMDQ0QzA0M0UwNDJEMDAzNzA0MzUwNDNCMDQzNTA0M0QwNDNFMDQzMzA0M0UwNDJFMDANCg==</FormattedText>
						</VariantText>
						<VariantText CorrectAnswer="False">
							<PlainText>Темно-зеленого.</PlainText>
							<FormattedText>LTggMSAzIDINCi05IDEgMCAwIDAgMCAxMw0KOTYNCi05IDIgMCAwIDAgMCAxDQoNCjBFMDEwOTUzNzQ3OTZDNjU0RTYxNkQ2NTA2MEI0RTZGNzI2RDYxNkMyMDc0NjU3ODc0MEE1MzY5N0E2NTQ0NkY3NTYyNkM2NTAyMUMwODQ2NkY2RTc0NEU2MTZENjUwNjBGNTQ2OTZENjU3MzIwNEU2NTc3MjA1MjZGNkQ2MTZFMDc1NTZFNjk2MzZGNjQ2NTA5MDQ1MzY5N0E2NTAyMEUwMDAxMDg1Mzc0NjE2RTY0NjE3MjY0MDgwNzQzNjg2MTcyNzM2NTc0MDcwRjUyNTU1MzUzNDk0MTRFNUY0MzQ4NDE1MjUzNDU1NDBBNTM2OTdBNjU0NDZGNzU2MjZDNjUwMjFDMDg0NjZGNkU3NDRFNjE2RDY1MDYwRjU0Njk2RDY1NzMyMDRFNjU3NzIwNTI2RjZENjE2RTA3NTU2RTY5NjM2RjY0NjUwOTA0NTM2OTdBNjUwMjBFMDAwMA0KLTkgMiAwIDAgMCAwIDINCg0KMEUwMTA0NTQ2MTYyNzMwRTAwMDAwMA0KLTkgMiAwIDAgMCAwIDQNCg0KMEUwMA0KLTkgMCAwIDAgMCAwIDcNCjEgMSAwIDggMyAwDQoyMjA0MzUwNDNDMDQzRDA0M0UwNDJEMDAzNzA0MzUwNDNCMDQzNTA0M0QwNDNFMDQzMzA0M0UwNDJFMDANCg==</FormattedText>
						</VariantText>
						<VariantText CorrectAnswer="False">
							<PlainText>Помаранчево-червоного.</PlainText>
							<FormattedText>LTggMSAzIDINCi05IDEgMCAwIDAgMCAxMw0KOTYNCi05IDIgMCAwIDAgMCAxDQoNCjBFMDEwOTUzNzQ3OTZDNjU0RTYxNkQ2NTA2MEI0RTZGNzI2RDYxNkMyMDc0NjU3ODc0MEE1MzY5N0E2NTQ0NkY3NTYyNkM2NTAyMUMwODQ2NkY2RTc0NEU2MTZENjUwNjBGNTQ2OTZENjU3MzIwNEU2NTc3MjA1MjZGNkQ2MTZFMDc1NTZFNjk2MzZGNjQ2NTA5MDQ1MzY5N0E2NTAyMEUwMDAxMDg1Mzc0NjE2RTY0NjE3MjY0MDgwNzQzNjg2MTcyNzM2NTc0MDcwRjUyNTU1MzUzNDk0MTRFNUY0MzQ4NDE1MjUzNDU1NDBBNTM2OTdBNjU0NDZGNzU2MjZDNjUwMjFDMDg0NjZGNkU3NDRFNjE2RDY1MDYwRjU0Njk2RDY1NzMyMDRFNjU3NzIwNTI2RjZENjE2RTA3NTU2RTY5NjM2RjY0NjUwOTA0NTM2OTdBNjUwMjBFMDAwMA0KLTkgMiAwIDAgMCAwIDINCg0KMEUwMTA0NTQ2MTYyNzMwRTAwMDAwMA0KLTkgMiAwIDAgMCAwIDQNCg0KMEUwMA0KLTkgMCAwIDAgMCAwIDcNCjEgMSAwIDggMyAwDQoxRjA0M0UwNDNDMDQzMDA0NDAwNDMwMDQzRDA0NDcwNDM1MDQzMjA0M0UwNDJEMDA0NzA0MzUwNDQwMDQzMjA0M0UwNDNEMDQzRTA0MzMwNDNFMDQyRTAwDQo=</FormattedText>
						</VariantText>
					</Variants>
				</Task>
				<!-- ***** -->
				<Task Type="TYPE_TASK_CHOICE_SINGLE" Score="1">
					<Title/>
					<QuestionText>
						<PlainText>По відношенню до якого кольору чутливість колбочок найвища?</PlainText>
						<FormattedText>LTggMSAzIDINCi05IDEgMCAwIDAgMCAxMw0KOTYNCi05IDIgMCAwIDAgMCAxDQoNCjBFMDEwOTUzNzQ3OTZDNjU0RTYxNkQ2NTA2MEI0RTZGNzI2RDYxNkMyMDc0NjU3ODc0MEE1MzY5N0E2NTQ0NkY3NTYyNkM2NTAyMUMwODQ2NkY2RTc0NEU2MTZENjUwNjBGNTQ2OTZENjU3MzIwNEU2NTc3MjA1MjZGNkQ2MTZFMDc1NTZFNjk2MzZGNjQ2NTA5MDQ1MzY5N0E2NTAyMEUwMDAxMDg1Mzc0NjE2RTY0NjE3MjY0MDgwNzQzNjg2MTcyNzM2NTc0MDcwRjUyNTU1MzUzNDk0MTRFNUY0MzQ4NDE1MjUzNDU1NDBBNTM2OTdBNjU0NDZGNzU2MjZDNjUwMjFDMDg0NjZGNkU3NDRFNjE2RDY1MDYwRjU0Njk2RDY1NzMyMDRFNjU3NzIwNTI2RjZENjE2RTA3NTU2RTY5NjM2RjY0NjUwOTA0NTM2OTdBNjUwMjBFMDAwMA0KLTkgMiAwIDAgMCAwIDINCg0KMEUwMTA0NTQ2MTYyNzMwRTAwMDAwMTA4NTM3NDYxNkU2NDYxNzI2NDA4MDk0MTZDNjk2NzZFNkQ2NTZFNzQwNzBBNzI3NjYxNEE3NTczNzQ2OTY2NzkwNDU0NjE2MjczMEUwMDAwMDANCi05IDIgMCAwIDAgMCA0DQoNCjBFMDANCi05IDAgMCAwIDAgMCA3DQoxIDEgMCA4IDMgMA0KMUYwNDNFMDQyMDAwMzIwNDU2MDQzNDA0M0QwNDNFMDQ0ODA0MzUwNDNEMDQzRDA0NEUwNDIwMDAzNDA0M0UwNDIwMDA0RjA0M0EwNDNFMDQzMzA0M0UwNDIwMDAzQTA0M0UwNDNCMDQ0QzA0M0UwNDQwMDQ0MzA0MjAwMDQ3MDQ0MzA0NDIwNDNCMDQzODA0MzIwNDU2MDQ0MTA0NDIwNDRDMDQyMDAwM0EwNDNFMDQzQjA0MzEwNDNFMDQ0NzA0M0UwNDNBMDQyMDAwM0QwNDMwMDQzOTA0MzIwNDM4MDQ0OTA0MzAwNDNGMDANCjEgMSAxIDggMyAwDQoNCg==</FormattedText>
					</QuestionText>
					<Options>
						<IsAllowRandom>true</IsAllowRandom>
						<IsCompulsory>false</IsCompulsory>
						<IsOnlyForEduMode>false</IsOnlyForEduMode>
						<IsDenyPartially>false</IsDenyPartially>
					</Options>
					<Variants>
						<VariantText CorrectAnswer="False">
							<PlainText>Синього.</PlainText>
							<FormattedText>LTggMSAzIDINCi05IDEgMCAwIDAgMCAxMw0KOTYNCi05IDIgMCAwIDAgMCAxDQoNCjBFMDEwOTUzNzQ3OTZDNjU0RTYxNkQ2NTA2MEI0RTZGNzI2RDYxNkMyMDc0NjU3ODc0MEE1MzY5N0E2NTQ0NkY3NTYyNkM2NTAyMUMwODQ2NkY2RTc0NEU2MTZENjUwNjBGNTQ2OTZENjU3MzIwNEU2NTc3MjA1MjZGNkQ2MTZFMDc1NTZFNjk2MzZGNjQ2NTA5MDQ1MzY5N0E2NTAyMEUwMDAxMDg1Mzc0NjE2RTY0NjE3MjY0MDgwNzQzNjg2MTcyNzM2NTc0MDcwRjUyNTU1MzUzNDk0MTRFNUY0MzQ4NDE1MjUzNDU1NDBBNTM2OTdBNjU0NDZGNzU2MjZDNjUwMjFDMDg0NjZGNkU3NDRFNjE2RDY1MDYwRjU0Njk2RDY1NzMyMDRFNjU3NzIwNTI2RjZENjE2RTA3NTU2RTY5NjM2RjY0NjUwOTA0NTM2OTdBNjUwMjBFMDAwMA0KLTkgMiAwIDAgMCAwIDINCg0KMEUwMTA0NTQ2MTYyNzMwRTAwMDAwMA0KLTkgMiAwIDAgMCAwIDQNCg0KMEUwMA0KLTkgMCAwIDAgMCAwIDcNCjEgMSAwIDggMyAwDQoyMTA0MzgwNDNEMDQ0QzA0M0UwNDMzMDQzRTA0MkUwMA0K</FormattedText>
						</VariantText>
						<VariantText CorrectAnswer="False">
							<PlainText>Зеленого.</PlainText>
							<FormattedText>LTggMSAzIDINCi05IDEgMCAwIDAgMCAxMw0KOTYNCi05IDIgMCAwIDAgMCAxDQoNCjBFMDEwOTUzNzQ3OTZDNjU0RTYxNkQ2NTA2MEI0RTZGNzI2RDYxNkMyMDc0NjU3ODc0MEE1MzY5N0E2NTQ0NkY3NTYyNkM2NTAyMUMwODQ2NkY2RTc0NEU2MTZENjUwNjBGNTQ2OTZENjU3MzIwNEU2NTc3MjA1MjZGNkQ2MTZFMDc1NTZFNjk2MzZGNjQ2NTA5MDQ1MzY5N0E2NTAyMEUwMDAxMDg1Mzc0NjE2RTY0NjE3MjY0MDgwNzQzNjg2MTcyNzM2NTc0MDcwRjUyNTU1MzUzNDk0MTRFNUY0MzQ4NDE1MjUzNDU1NDBBNTM2OTdBNjU0NDZGNzU2MjZDNjUwMjFDMDg0NjZGNkU3NDRFNjE2RDY1MDYwRjU0Njk2RDY1NzMyMDRFNjU3NzIwNTI2RjZENjE2RTA3NTU2RTY5NjM2RjY0NjUwOTA0NTM2OTdBNjUwMjBFMDAwMA0KLTkgMiAwIDAgMCAwIDINCg0KMEUwMTA0NTQ2MTYyNzMwRTAwMDAwMA0KLTkgMiAwIDAgMCAwIDQNCg0KMEUwMA0KLTkgMCAwIDAgMCAwIDcNCjEgMSAwIDggMyAwDQoxNzA0MzUwNDNCMDQzNTA0M0QwNDNFMDQzMzA0M0UwNDJFMDANCg==</FormattedText>
						</VariantText>
						<VariantText CorrectAnswer="True">
							<PlainText>Жовтого.</PlainText>
							<FormattedText>LTggMSAzIDINCi05IDEgMCAwIDAgMCAxMw0KOTYNCi05IDIgMCAwIDAgMCAxDQoNCjBFMDEwOTUzNzQ3OTZDNjU0RTYxNkQ2NTA2MEI0RTZGNzI2RDYxNkMyMDc0NjU3ODc0MEE1MzY5N0E2NTQ0NkY3NTYyNkM2NTAyMUMwODQ2NkY2RTc0NEU2MTZENjUwNjBGNTQ2OTZENjU3MzIwNEU2NTc3MjA1MjZGNkQ2MTZFMDc1NTZFNjk2MzZGNjQ2NTA5MDQ1MzY5N0E2NTAyMEUwMDAxMDg1Mzc0NjE2RTY0NjE3MjY0MDgwNzQzNjg2MTcyNzM2NTc0MDcwRjUyNTU1MzUzNDk0MTRFNUY0MzQ4NDE1MjUzNDU1NDBBNTM2OTdBNjU0NDZGNzU2MjZDNjUwMjFDMDg0NjZGNkU3NDRFNjE2RDY1MDYwRjU0Njk2RDY1NzMyMDRFNjU3NzIwNTI2RjZENjE2RTA3NTU2RTY5NjM2RjY0NjUwOTA0NTM2OTdBNjUwMjBFMDAwMA0KLTkgMiAwIDAgMCAwIDINCg0KMEUwMTA0NTQ2MTYyNzMwRTAwMDAwMA0KLTkgMiAwIDAgMCAwIDQNCg0KMEUwMA0KLTkgMCAwIDAgMCAwIDcNCjEgMSAwIDggMyAwDQoxNjA0M0UwNDMyMDQ0MjA0M0UwNDMzMDQzRTA0MkUwMA0K</FormattedText>
						</VariantText>
						<VariantText CorrectAnswer="False">
							<PlainText>Помаранчевого.</PlainText>
							<FormattedText>LTggMSAzIDINCi05IDEgMCAwIDAgMCAxMw0KOTYNCi05IDIgMCAwIDAgMCAxDQoNCjBFMDEwOTUzNzQ3OTZDNjU0RTYxNkQ2NTA2MEI0RTZGNzI2RDYxNkMyMDc0NjU3ODc0MEE1MzY5N0E2NTQ0NkY3NTYyNkM2NTAyMUMwODQ2NkY2RTc0NEU2MTZENjUwNjBGNTQ2OTZENjU3MzIwNEU2NTc3MjA1MjZGNkQ2MTZFMDc1NTZFNjk2MzZGNjQ2NTA5MDQ1MzY5N0E2NTAyMEUwMDAxMDg1Mzc0NjE2RTY0NjE3MjY0MDgwNzQzNjg2MTcyNzM2NTc0MDcwRjUyNTU1MzUzNDk0MTRFNUY0MzQ4NDE1MjUzNDU1NDBBNTM2OTdBNjU0NDZGNzU2MjZDNjUwMjFDMDg0NjZGNkU3NDRFNjE2RDY1MDYwRjU0Njk2RDY1NzMyMDRFNjU3NzIwNTI2RjZENjE2RTA3NTU2RTY5NjM2RjY0NjUwOTA0NTM2OTdBNjUwMjBFMDAwMA0KLTkgMiAwIDAgMCAwIDINCg0KMEUwMTA0NTQ2MTYyNzMwRTAwMDAwMA0KLTkgMiAwIDAgMCAwIDQNCg0KMEUwMA0KLTkgMCAwIDAgMCAwIDcNCjEgMSAwIDggMyAwDQoyMDAwMUYwNDNFMDQzQzA0MzAwNDQwMDQzMDA0M0QwNDQ3MDQzNTA0MzIwNDNFMDQzMzA0M0UwNDJFMDANCg==</FormattedText>
						</VariantText>
						<VariantText CorrectAnswer="False">
							<PlainText>Червоного.</PlainText>
							<FormattedText>LTggMSAzIDINCi05IDEgMCAwIDAgMCAxMw0KOTYNCi05IDIgMCAwIDAgMCAxDQoNCjBFMDEwOTUzNzQ3OTZDNjU0RTYxNkQ2NTA2MEI0RTZGNzI2RDYxNkMyMDc0NjU3ODc0MEE1MzY5N0E2NTQ0NkY3NTYyNkM2NTAyMUMwODQ2NkY2RTc0NEU2MTZENjUwNjBGNTQ2OTZENjU3MzIwNEU2NTc3MjA1MjZGNkQ2MTZFMDc1NTZFNjk2MzZGNjQ2NTA5MDQ1MzY5N0E2NTAyMEUwMDAxMDg1Mzc0NjE2RTY0NjE3MjY0MDgwNzQzNjg2MTcyNzM2NTc0MDcwRjUyNTU1MzUzNDk0MTRFNUY0MzQ4NDE1MjUzNDU1NDBBNTM2OTdBNjU0NDZGNzU2MjZDNjUwMjFDMDg0NjZGNkU3NDRFNjE2RDY1MDYwRjU0Njk2RDY1NzMyMDRFNjU3NzIwNTI2RjZENjE2RTA3NTU2RTY5NjM2RjY0NjUwOTA0NTM2OTdBNjUwMjBFMDAwMA0KLTkgMiAwIDAgMCAwIDINCg0KMEUwMTA0NTQ2MTYyNzMwRTAwMDAwMA0KLTkgMiAwIDAgMCAwIDQNCg0KMEUwMA0KLTkgMCAwIDAgMCAwIDcNCjEgMSAwIDggMyAwDQoyNzA0MzUwNDQwMDQzMjA0M0UwNDNEMDQzRTA0MzMwNDNFMDQyRTAwDQo=</FormattedText>
						</VariantText>
					</Variants>
				</Task>
				<!-- ***** -->
				<Task Type="TYPE_TASK_CHOICE_SINGLE" Score="1">
					<Title/>
					<QuestionText>
						<PlainText>При якої довжині світлової хвилі виникає максимальне поглинання світлових променів паличками сітківки?</PlainText>
						<FormattedText>LTggMSAzIDINCi05IDEgMCAwIDAgMCAxMw0KOTYNCi05IDIgMCAwIDAgMCAxDQoNCjBFMDEwOTUzNzQ3OTZDNjU0RTYxNkQ2NTA2MEI0RTZGNzI2RDYxNkMyMDc0NjU3ODc0MEE1MzY5N0E2NTQ0NkY3NTYyNkM2NTAyMUMwODQ2NkY2RTc0NEU2MTZENjUwNjBGNTQ2OTZENjU3MzIwNEU2NTc3MjA1MjZGNkQ2MTZFMDc1NTZFNjk2MzZGNjQ2NTA5MDQ1MzY5N0E2NTAyMEUwMDAxMDg1Mzc0NjE2RTY0NjE3MjY0MDgwNzQzNjg2MTcyNzM2NTc0MDcwRjUyNTU1MzUzNDk0MTRFNUY0MzQ4NDE1MjUzNDU1NDBBNTM2OTdBNjU0NDZGNzU2MjZDNjUwMjFDMDg0NjZGNkU3NDRFNjE2RDY1MDYwRjU0Njk2RDY1NzMyMDRFNjU3NzIwNTI2RjZENjE2RTA3NTU2RTY5NjM2RjY0NjUwOTA0NTM2OTdBNjUwMjBFMDAwMA0KLTkgMiAwIDAgMCAwIDINCg0KMEUwMTA0NTQ2MTYyNzMwRTAwMDAwMTA4NTM3NDYxNkU2NDYxNzI2NDA4MDk0MTZDNjk2NzZFNkQ2NTZFNzQwNzBBNzI3NjYxNEE3NTczNzQ2OTY2NzkwNDU0NjE2MjczMEUwMDAwMDANCi05IDIgMCAwIDAgMCA0DQoNCjBFMDANCi05IDAgMCAwIDAgMCA3DQoxIDIgMSA4IDMgMA0KMUYwNDQwMDQzODA0MjAwMDRGMDQzQTA0M0UwNDU3MDQyMDAwMzQwNDNFMDQzMjA0MzYwNDM4MDQzRDA0NTYwNDIwMDA0MTA0MzIwNDU2MDQ0MjA0M0IwNDNFMDQzMjA0M0UwNDU3MDQyMDAwNDUwNDMyMDQzODA0M0IwNDU2MDQyMDAwMzIwNDM4MDQzRDA0MzgwNDNBMDQzMDA0NTQwNDIwMDAzQzA0MzAwNDNBMDQ0MTA0MzgwNDNDMDQzMDA0M0IwNDRDMDQzRDA0MzUwNDIwMDAzRjA0M0UwNDMzMDQzQjA0MzgwNDNEMDQzMDA0M0QwNDNEMDQ0RjA0MjAwMDQxMDQzMjA0NTYwNDQyMDQzQjA0M0UwNDMyMDQzODA0NDUwNDIwMDAzRjA0NDAwNDNFMDQzQzA0MzUwNDNEMDQ1NjA0MzIwNDIwMDAzRjA0MzAwNDNCMDQzODA0NDcwNDNBMDQzMDA0M0MwNDM4MDQyMDAwNDEwNDU2MDQ0MjA0M0EwNDU2MDQzMjA0M0EwNDM4MDQzRjAwDQoNCg==</FormattedText>
					</QuestionText>
					<Options>
						<IsAllowRandom>true</IsAllowRandom>
						<IsCompulsory>false</IsCompulsory>
						<IsOnlyForEduMode>false</IsOnlyForEduMode>
						<IsDenyPartially>false</IsDenyPartially>
					</Options>
					<Variants>
						<VariantText CorrectAnswer="False">
							<PlainText>605 нм.</PlainText>
							<FormattedText>LTggMSAzIDINCi05IDEgMCAwIDAgMCAxMw0KOTYNCi05IDIgMCAwIDAgMCAxDQoNCjBFMDEwOTUzNzQ3OTZDNjU0RTYxNkQ2NTA2MEI0RTZGNzI2RDYxNkMyMDc0NjU3ODc0MEE1MzY5N0E2NTQ0NkY3NTYyNkM2NTAyMUMwODQ2NkY2RTc0NEU2MTZENjUwNjBGNTQ2OTZENjU3MzIwNEU2NTc3MjA1MjZGNkQ2MTZFMDc1NTZFNjk2MzZGNjQ2NTA5MDQ1MzY5N0E2NTAyMEUwMDAxMDg1Mzc0NjE2RTY0NjE3MjY0MDgwNzQzNjg2MTcyNzM2NTc0MDcwRjUyNTU1MzUzNDk0MTRFNUY0MzQ4NDE1MjUzNDU1NDBBNTM2OTdBNjU0NDZGNzU2MjZDNjUwMjFDMDg0NjZGNkU3NDRFNjE2RDY1MDYwRjU0Njk2RDY1NzMyMDRFNjU3NzIwNTI2RjZENjE2RTA3NTU2RTY5NjM2RjY0NjUwOTA0NTM2OTdBNjUwMjBFMDAwMA0KLTkgMiAwIDAgMCAwIDINCg0KMEUwMTA0NTQ2MTYyNzMwRTAwMDAwMA0KLTkgMiAwIDAgMCAwIDQNCg0KMEUwMA0KLTkgMCAwIDAgMCAwIDcNCjEgMSAwIDggMyAwDQozNjAwMzAwMDM1MDAyMDAwM0QwNDNDMDQyRTAwDQo=</FormattedText>
						</VariantText>
						<VariantText CorrectAnswer="False">
							<PlainText>555 нм</PlainText>
							<FormattedText>LTggMSAzIDINCi05IDEgMCAwIDAgMCAxMw0KOTYNCi05IDIgMCAwIDAgMCAxDQoNCjBFMDEwOTUzNzQ3OTZDNjU0RTYxNkQ2NTA2MEI0RTZGNzI2RDYxNkMyMDc0NjU3ODc0MEE1MzY5N0E2NTQ0NkY3NTYyNkM2NTAyMUMwODQ2NkY2RTc0NEU2MTZENjUwNjBGNTQ2OTZENjU3MzIwNEU2NTc3MjA1MjZGNkQ2MTZFMDc1NTZFNjk2MzZGNjQ2NTA5MDQ1MzY5N0E2NTAyMEUwMDAxMDg1Mzc0NjE2RTY0NjE3MjY0MDgwNzQzNjg2MTcyNzM2NTc0MDcwRjUyNTU1MzUzNDk0MTRFNUY0MzQ4NDE1MjUzNDU1NDBBNTM2OTdBNjU0NDZGNzU2MjZDNjUwMjFDMDg0NjZGNkU3NDRFNjE2RDY1MDYwRjU0Njk2RDY1NzMyMDRFNjU3NzIwNTI2RjZENjE2RTA3NTU2RTY5NjM2RjY0NjUwOTA0NTM2OTdBNjUwMjBFMDAwMA0KLTkgMiAwIDAgMCAwIDINCg0KMEUwMTA0NTQ2MTYyNzMwRTAwMDAwMA0KLTkgMiAwIDAgMCAwIDQNCg0KMEUwMA0KLTkgMCAwIDAgMCAwIDcNCjEgMSAwIDggMyAwDQozNTAwMzUwMDM1MDAyMDAwM0QwNDNDMDQNCg==</FormattedText>
						</VariantText>
						<VariantText CorrectAnswer="True">
							<PlainText>500 нм.</PlainText>
							<FormattedText>LTggMSAzIDINCi05IDEgMCAwIDAgMCAxMw0KOTYNCi05IDIgMCAwIDAgMCAxDQoNCjBFMDEwOTUzNzQ3OTZDNjU0RTYxNkQ2NTA2MEI0RTZGNzI2RDYxNkMyMDc0NjU3ODc0MEE1MzY5N0E2NTQ0NkY3NTYyNkM2NTAyMUMwODQ2NkY2RTc0NEU2MTZENjUwNjBGNTQ2OTZENjU3MzIwNEU2NTc3MjA1MjZGNkQ2MTZFMDc1NTZFNjk2MzZGNjQ2NTA5MDQ1MzY5N0E2NTAyMEUwMDAxMDg1Mzc0NjE2RTY0NjE3MjY0MDgwNzQzNjg2MTcyNzM2NTc0MDcwRjUyNTU1MzUzNDk0MTRFNUY0MzQ4NDE1MjUzNDU1NDBBNTM2OTdBNjU0NDZGNzU2MjZDNjUwMjFDMDg0NjZGNkU3NDRFNjE2RDY1MDYwRjU0Njk2RDY1NzMyMDRFNjU3NzIwNTI2RjZENjE2RTA3NTU2RTY5NjM2RjY0NjUwOTA0NTM2OTdBNjUwMjBFMDAwMA0KLTkgMiAwIDAgMCAwIDINCg0KMEUwMTA0NTQ2MTYyNzMwRTAwMDAwMA0KLTkgMiAwIDAgMCAwIDQNCg0KMEUwMA0KLTkgMCAwIDAgMCAwIDcNCjEgMSAwIDggMyAwDQozNTAwMzAwMDMwMDAyMDAwM0QwNDNDMDQyRTAwDQo=</FormattedText>
						</VariantText>
						<VariantText CorrectAnswer="False">
							<PlainText>665 нм.</PlainText>
							<FormattedText>LTggMSAzIDINCi05IDEgMCAwIDAgMCAxMw0KOTYNCi05IDIgMCAwIDAgMCAxDQoNCjBFMDEwOTUzNzQ3OTZDNjU0RTYxNkQ2NTA2MEI0RTZGNzI2RDYxNkMyMDc0NjU3ODc0MEE1MzY5N0E2NTQ0NkY3NTYyNkM2NTAyMUMwODQ2NkY2RTc0NEU2MTZENjUwNjBGNTQ2OTZENjU3MzIwNEU2NTc3MjA1MjZGNkQ2MTZFMDc1NTZFNjk2MzZGNjQ2NTA5MDQ1MzY5N0E2NTAyMEUwMDAxMDg1Mzc0NjE2RTY0NjE3MjY0MDgwNzQzNjg2MTcyNzM2NTc0MDcwRjUyNTU1MzUzNDk0MTRFNUY0MzQ4NDE1MjUzNDU1NDBBNTM2OTdBNjU0NDZGNzU2MjZDNjUwMjFDMDg0NjZGNkU3NDRFNjE2RDY1MDYwRjU0Njk2RDY1NzMyMDRFNjU3NzIwNTI2RjZENjE2RTA3NTU2RTY5NjM2RjY0NjUwOTA0NTM2OTdBNjUwMjBFMDAwMA0KLTkgMiAwIDAgMCAwIDINCg0KMEUwMTA0NTQ2MTYyNzMwRTAwMDAwMA0KLTkgMiAwIDAgMCAwIDQNCg0KMEUwMA0KLTkgMCAwIDAgMCAwIDcNCjEgMSAwIDggMyAwDQozNjAwMzYwMDM1MDAyMDAwM0QwNDNDMDQyRTAwDQo=</FormattedText>
						</VariantText>
						<VariantText CorrectAnswer="False">
							<PlainText>425 нм.</PlainText>
							<FormattedText>LTggMSAzIDINCi05IDEgMCAwIDAgMCAxMw0KOTYNCi05IDIgMCAwIDAgMCAxDQoNCjBFMDEwOTUzNzQ3OTZDNjU0RTYxNkQ2NTA2MEI0RTZGNzI2RDYxNkMyMDc0NjU3ODc0MEE1MzY5N0E2NTQ0NkY3NTYyNkM2NTAyMUMwODQ2NkY2RTc0NEU2MTZENjUwNjBGNTQ2OTZENjU3MzIwNEU2NTc3MjA1MjZGNkQ2MTZFMDc1NTZFNjk2MzZGNjQ2NTA5MDQ1MzY5N0E2NTAyMEUwMDAxMDg1Mzc0NjE2RTY0NjE3MjY0MDgwNzQzNjg2MTcyNzM2NTc0MDcwRjUyNTU1MzUzNDk0MTRFNUY0MzQ4NDE1MjUzNDU1NDBBNTM2OTdBNjU0NDZGNzU2MjZDNjUwMjFDMDg0NjZGNkU3NDRFNjE2RDY1MDYwRjU0Njk2RDY1NzMyMDRFNjU3NzIwNTI2RjZENjE2RTA3NTU2RTY5NjM2RjY0NjUwOTA0NTM2OTdBNjUwMjBFMDAwMA0KLTkgMiAwIDAgMCAwIDINCg0KMEUwMTA0NTQ2MTYyNzMwRTAwMDAwMA0KLTkgMiAwIDAgMCAwIDQNCg0KMEUwMA0KLTkgMCAwIDAgMCAwIDcNCjEgMSAwIDggMyAwDQozNDAwMzIwMDM1MDAyMDAwM0QwNDNDMDQyRTAwDQo=</FormattedText>
						</VariantText>
					</Variants>
				</Task>
				<!-- ***** -->
				<Task Type="TYPE_TASK_CHOICE_SINGLE" Score="1">
					<Title/>
					<QuestionText>
						<PlainText>При якої довжині світлової хвилі виникає максимальне поглинання світлових променів колбочками сітківки?</PlainText>
						<FormattedText>LTggMSAzIDINCi05IDEgMCAwIDAgMCAxMw0KOTYNCi05IDIgMCAwIDAgMCAxDQoNCjBFMDEwOTUzNzQ3OTZDNjU0RTYxNkQ2NTA2MEI0RTZGNzI2RDYxNkMyMDc0NjU3ODc0MEE1MzY5N0E2NTQ0NkY3NTYyNkM2NTAyMUMwODQ2NkY2RTc0NEU2MTZENjUwNjBGNTQ2OTZENjU3MzIwNEU2NTc3MjA1MjZGNkQ2MTZFMDc1NTZFNjk2MzZGNjQ2NTA5MDQ1MzY5N0E2NTAyMEUwMDAxMDg1Mzc0NjE2RTY0NjE3MjY0MDgwNzQzNjg2MTcyNzM2NTc0MDcwRjUyNTU1MzUzNDk0MTRFNUY0MzQ4NDE1MjUzNDU1NDBBNTM2OTdBNjU0NDZGNzU2MjZDNjUwMjFDMDg0NjZGNkU3NDRFNjE2RDY1MDYwRjU0Njk2RDY1NzMyMDRFNjU3NzIwNTI2RjZENjE2RTA3NTU2RTY5NjM2RjY0NjUwOTA0NTM2OTdBNjUwMjBFMDAwMA0KLTkgMiAwIDAgMCAwIDINCg0KMEUwMTA0NTQ2MTYyNzMwRTAwMDAwMTA4NTM3NDYxNkU2NDYxNzI2NDA4MDk0MTZDNjk2NzZFNkQ2NTZFNzQwNzBBNzI3NjYxNEE3NTczNzQ2OTY2NzkwNDU0NjE2MjczMEUwMDAwMDANCi05IDIgMCAwIDAgMCA0DQoNCjBFMDANCi05IDAgMCAwIDAgMCA3DQoxIDIgMSA4IDMgMA0KMUYwNDQwMDQzODA0MjAwMDRGMDQzQTA0M0UwNDU3MDQyMDAwMzQwNDNFMDQzMjA0MzYwNDM4MDQzRDA0NTYwNDIwMDA0MTA0MzIwNDU2MDQ0MjA0M0IwNDNFMDQzMjA0M0UwNDU3MDQyMDAwNDUwNDMyMDQzODA0M0IwNDU2MDQyMDAwMzIwNDM4MDQzRDA0MzgwNDNBMDQzMDA0NTQwNDIwMDAzQzA0MzAwNDNBMDQ0MTA0MzgwNDNDMDQzMDA0M0IwNDRDMDQzRDA0MzUwNDIwMDAzRjA0M0UwNDMzMDQzQjA0MzgwNDNEMDQzMDA0M0QwNDNEMDQ0RjA0MjAwMDQxMDQzMjA0NTYwNDQyMDQzQjA0M0UwNDMyMDQzODA0NDUwNDIwMDAzRjA0NDAwNDNFMDQzQzA0MzUwNDNEMDQ1NjA0MzIwNDIwMDAzQTA0M0UwNDNCMDQzMTA0M0UwNDQ3MDQzQTA0MzAwNDNDMDQzODA0MjAwMDQxMDQ1NjA0NDIwNDNBMDQ1NjA0MzIwNDNBMDQzODA0M0YwMA0KDQo=</FormattedText>
					</QuestionText>
					<Options>
						<IsAllowRandom>true</IsAllowRandom>
						<IsCompulsory>false</IsCompulsory>
						<IsOnlyForEduMode>false</IsOnlyForEduMode>
						<IsDenyPartially>false</IsDenyPartially>
					</Options>
					<Variants>
						<VariantText CorrectAnswer="False">
							<PlainText>425 нм.</PlainText>
							<FormattedText>LTggMSAzIDINCi05IDEgMCAwIDAgMCAxMw0KOTYNCi05IDIgMCAwIDAgMCAxDQoNCjBFMDEwOTUzNzQ3OTZDNjU0RTYxNkQ2NTA2MEI0RTZGNzI2RDYxNkMyMDc0NjU3ODc0MEE1MzY5N0E2NTQ0NkY3NTYyNkM2NTAyMUMwODQ2NkY2RTc0NEU2MTZENjUwNjBGNTQ2OTZENjU3MzIwNEU2NTc3MjA1MjZGNkQ2MTZFMDc1NTZFNjk2MzZGNjQ2NTA5MDQ1MzY5N0E2NTAyMEUwMDAxMDg1Mzc0NjE2RTY0NjE3MjY0MDgwNzQzNjg2MTcyNzM2NTc0MDcwRjUyNTU1MzUzNDk0MTRFNUY0MzQ4NDE1MjUzNDU1NDBBNTM2OTdBNjU0NDZGNzU2MjZDNjUwMjFDMDg0NjZGNkU3NDRFNjE2RDY1MDYwRjU0Njk2RDY1NzMyMDRFNjU3NzIwNTI2RjZENjE2RTA3NTU2RTY5NjM2RjY0NjUwOTA0NTM2OTdBNjUwMjBFMDAwMA0KLTkgMiAwIDAgMCAwIDINCg0KMEUwMTA0NTQ2MTYyNzMwRTAwMDAwMA0KLTkgMiAwIDAgMCAwIDQNCg0KMEUwMA0KLTkgMCAwIDAgMCAwIDcNCjEgMSAwIDggMyAwDQozNDAwMzIwMDM1MDAyMDAwM0QwNDNDMDQyRTAwDQo=</FormattedText>
						</VariantText>
						<VariantText CorrectAnswer="False">
							<PlainText>605 нм.</PlainText>
							<FormattedText>LTggMSAzIDINCi05IDEgMCAwIDAgMCAxMw0KOTYNCi05IDIgMCAwIDAgMCAxDQoNCjBFMDEwOTUzNzQ3OTZDNjU0RTYxNkQ2NTA2MEI0RTZGNzI2RDYxNkMyMDc0NjU3ODc0MEE1MzY5N0E2NTQ0NkY3NTYyNkM2NTAyMUMwODQ2NkY2RTc0NEU2MTZENjUwNjBGNTQ2OTZENjU3MzIwNEU2NTc3MjA1MjZGNkQ2MTZFMDc1NTZFNjk2MzZGNjQ2NTA5MDQ1MzY5N0E2NTAyMEUwMDAxMDg1Mzc0NjE2RTY0NjE3MjY0MDgwNzQzNjg2MTcyNzM2NTc0MDcwRjUyNTU1MzUzNDk0MTRFNUY0MzQ4NDE1MjUzNDU1NDBBNTM2OTdBNjU0NDZGNzU2MjZDNjUwMjFDMDg0NjZGNkU3NDRFNjE2RDY1MDYwRjU0Njk2RDY1NzMyMDRFNjU3NzIwNTI2RjZENjE2RTA3NTU2RTY5NjM2RjY0NjUwOTA0NTM2OTdBNjUwMjBFMDAwMA0KLTkgMiAwIDAgMCAwIDINCg0KMEUwMTA0NTQ2MTYyNzMwRTAwMDAwMA0KLTkgMiAwIDAgMCAwIDQNCg0KMEUwMA0KLTkgMCAwIDAgMCAwIDcNCjEgMSAwIDggMyAwDQozNjAwMzAwMDM1MDAyMDAwM0QwNDNDMDQyRTAwDQo=</FormattedText>
						</VariantText>
						<VariantText CorrectAnswer="True">
							<PlainText>560 нм.</PlainText>
							<FormattedText>LTggMSAzIDINCi05IDEgMCAwIDAgMCAxMw0KOTYNCi05IDIgMCAwIDAgMCAxDQoNCjBFMDEwOTUzNzQ3OTZDNjU0RTYxNkQ2NTA2MEI0RTZGNzI2RDYxNkMyMDc0NjU3ODc0MEE1MzY5N0E2NTQ0NkY3NTYyNkM2NTAyMUMwODQ2NkY2RTc0NEU2MTZENjUwNjBGNTQ2OTZENjU3MzIwNEU2NTc3MjA1MjZGNkQ2MTZFMDc1NTZFNjk2MzZGNjQ2NTA5MDQ1MzY5N0E2NTAyMEUwMDAxMDg1Mzc0NjE2RTY0NjE3MjY0MDgwNzQzNjg2MTcyNzM2NTc0MDcwRjUyNTU1MzUzNDk0MTRFNUY0MzQ4NDE1MjUzNDU1NDBBNTM2OTdBNjU0NDZGNzU2MjZDNjUwMjFDMDg0NjZGNkU3NDRFNjE2RDY1MDYwRjU0Njk2RDY1NzMyMDRFNjU3NzIwNTI2RjZENjE2RTA3NTU2RTY5NjM2RjY0NjUwOTA0NTM2OTdBNjUwMjBFMDAwMA0KLTkgMiAwIDAgMCAwIDINCg0KMEUwMTA0NTQ2MTYyNzMwRTAwMDAwMA0KLTkgMiAwIDAgMCAwIDQNCg0KMEUwMA0KLTkgMCAwIDAgMCAwIDcNCjEgMSAwIDggMyAwDQozNTAwMzYwMDMwMDAyMDAwM0QwNDNDMDQyRTAwDQo=</FormattedText>
						</VariantText>
						<VariantText CorrectAnswer="False">
							<PlainText>505 нм.</PlainText>
							<FormattedText>LTggMSAzIDINCi05IDEgMCAwIDAgMCAxMw0KOTYNCi05IDIgMCAwIDAgMCAxDQoNCjBFMDEwOTUzNzQ3OTZDNjU0RTYxNkQ2NTA2MEI0RTZGNzI2RDYxNkMyMDc0NjU3ODc0MEE1MzY5N0E2NTQ0NkY3NTYyNkM2NTAyMUMwODQ2NkY2RTc0NEU2MTZENjUwNjBGNTQ2OTZENjU3MzIwNEU2NTc3MjA1MjZGNkQ2MTZFMDc1NTZFNjk2MzZGNjQ2NTA5MDQ1MzY5N0E2NTAyMEUwMDAxMDg1Mzc0NjE2RTY0NjE3MjY0MDgwNzQzNjg2MTcyNzM2NTc0MDcwRjUyNTU1MzUzNDk0MTRFNUY0MzQ4NDE1MjUzNDU1NDBBNTM2OTdBNjU0NDZGNzU2MjZDNjUwMjFDMDg0NjZGNkU3NDRFNjE2RDY1MDYwRjU0Njk2RDY1NzMyMDRFNjU3NzIwNTI2RjZENjE2RTA3NTU2RTY5NjM2RjY0NjUwOTA0NTM2OTdBNjUwMjBFMDAwMA0KLTkgMiAwIDAgMCAwIDINCg0KMEUwMTA0NTQ2MTYyNzMwRTAwMDAwMA0KLTkgMiAwIDAgMCAwIDQNCg0KMEUwMA0KLTkgMCAwIDAgMCAwIDcNCjEgMSAwIDggMyAwDQozNTAwMzAwMDM1MDAyMDAwM0QwNDNDMDQyRTAwDQo=</FormattedText>
						</VariantText>
						<VariantText CorrectAnswer="False">
							<PlainText>665 нм.</PlainText>
							<FormattedText>LTggMSAzIDINCi05IDEgMCAwIDAgMCAxMw0KOTYNCi05IDIgMCAwIDAgMCAxDQoNCjBFMDEwOTUzNzQ3OTZDNjU0RTYxNkQ2NTA2MEI0RTZGNzI2RDYxNkMyMDc0NjU3ODc0MEE1MzY5N0E2NTQ0NkY3NTYyNkM2NTAyMUMwODQ2NkY2RTc0NEU2MTZENjUwNjBGNTQ2OTZENjU3MzIwNEU2NTc3MjA1MjZGNkQ2MTZFMDc1NTZFNjk2MzZGNjQ2NTA5MDQ1MzY5N0E2NTAyMEUwMDAxMDg1Mzc0NjE2RTY0NjE3MjY0MDgwNzQzNjg2MTcyNzM2NTc0MDcwRjUyNTU1MzUzNDk0MTRFNUY0MzQ4NDE1MjUzNDU1NDBBNTM2OTdBNjU0NDZGNzU2MjZDNjUwMjFDMDg0NjZGNkU3NDRFNjE2RDY1MDYwRjU0Njk2RDY1NzMyMDRFNjU3NzIwNTI2RjZENjE2RTA3NTU2RTY5NjM2RjY0NjUwOTA0NTM2OTdBNjUwMjBFMDAwMA0KLTkgMiAwIDAgMCAwIDINCg0KMEUwMTA0NTQ2MTYyNzMwRTAwMDAwMA0KLTkgMiAwIDAgMCAwIDQNCg0KMEUwMA0KLTkgMCAwIDAgMCAwIDcNCjEgMSAwIDggMyAwDQozNjAwMzYwMDM1MDAyMDAwM0QwNDNDMDQyRTAwDQo=</FormattedText>
						</VariantText>
					</Variants>
				</Task>
				<!-- ***** -->
				<Task Type="TYPE_TASK_CHOICE_SINGLE" Score="1">
					<Title/>
					<QuestionText>
						<PlainText>Чим, найбільшою мірою, визначається освітленість сітківки?</PlainText>
						<FormattedText>LTggMSAzIDINCi05IDEgMCAwIDAgMCAxMw0KOTYNCi05IDIgMCAwIDAgMCAxDQoNCjBFMDEwOTUzNzQ3OTZDNjU0RTYxNkQ2NTA2MEI0RTZGNzI2RDYxNkMyMDc0NjU3ODc0MEE1MzY5N0E2NTQ0NkY3NTYyNkM2NTAyMUMwODQ2NkY2RTc0NEU2MTZENjUwNjBGNTQ2OTZENjU3MzIwNEU2NTc3MjA1MjZGNkQ2MTZFMDc1NTZFNjk2MzZGNjQ2NTA5MDQ1MzY5N0E2NTAyMEUwMDAxMDg1Mzc0NjE2RTY0NjE3MjY0MDgwNzQzNjg2MTcyNzM2NTc0MDcwRjUyNTU1MzUzNDk0MTRFNUY0MzQ4NDE1MjUzNDU1NDBBNTM2OTdBNjU0NDZGNzU2MjZDNjUwMjFDMDg0NjZGNkU3NDRFNjE2RDY1MDYwRjU0Njk2RDY1NzMyMDRFNjU3NzIwNTI2RjZENjE2RTA3NTU2RTY5NjM2RjY0NjUwOTA0NTM2OTdBNjUwMjBFMDAwMA0KLTkgMiAwIDAgMCAwIDINCg0KMEUwMTA0NTQ2MTYyNzMwRTAwMDAwMTA4NTM3NDYxNkU2NDYxNzI2NDA4MDk0MTZDNjk2NzZFNkQ2NTZFNzQwNzBBNzI3NjYxNEE3NTczNzQ2OTY2NzkwNDU0NjE2MjczMEUwMDAwMDANCi05IDIgMCAwIDAgMCA0DQoNCjBFMDANCi05IDAgMCAwIDAgMCA3DQoxIDIgMSA4IDMgMA0KMjcwNDM4MDQzQzA0MkMwMDIwMDAzRDA0MzAwNDM5MDQzMTA0NTYwNDNCMDQ0QzA0NDgwNDNFMDQ0RTA0MjAwMDNDMDQ1NjA0NDAwNDNFMDQ0RTA0MkMwMDIwMDAzMjA0MzgwNDM3MDQzRDA0MzAwNDQ3MDQzMDA0NTQwNDQyMDQ0QzA0NDEwNDRGMDQyMDAwM0UwNDQxMDQzMjA0NTYwNDQyMDQzQjA0MzUwNDNEMDQ1NjA0NDEwNDQyMDQ0QzA0MjAwMDQxMDQ1NjA0NDIwNDNBMDQ1NjA0MzIwNDNBMDQzODA0M0YwMA0KDQo=</FormattedText>
					</QuestionText>
					<Options>
						<IsAllowRandom>true</IsAllowRandom>
						<IsCompulsory>false</IsCompulsory>
						<IsOnlyForEduMode>false</IsOnlyForEduMode>
						<IsDenyPartially>false</IsDenyPartially>
					</Options>
					<Variants>
						<VariantText CorrectAnswer="False">
							<PlainText>Кривизною рогівки.</PlainText>
							<FormattedText>LTggMSAzIDINCi05IDEgMCAwIDAgMCAxMw0KOTYNCi05IDIgMCAwIDAgMCAxDQoNCjBFMDEwOTUzNzQ3OTZDNjU0RTYxNkQ2NTA2MEI0RTZGNzI2RDYxNkMyMDc0NjU3ODc0MEE1MzY5N0E2NTQ0NkY3NTYyNkM2NTAyMUMwODQ2NkY2RTc0NEU2MTZENjUwNjBGNTQ2OTZENjU3MzIwNEU2NTc3MjA1MjZGNkQ2MTZFMDc1NTZFNjk2MzZGNjQ2NTA5MDQ1MzY5N0E2NTAyMEUwMDAxMDg1Mzc0NjE2RTY0NjE3MjY0MDgwNzQzNjg2MTcyNzM2NTc0MDcwRjUyNTU1MzUzNDk0MTRFNUY0MzQ4NDE1MjUzNDU1NDBBNTM2OTdBNjU0NDZGNzU2MjZDNjUwMjFDMDg0NjZGNkU3NDRFNjE2RDY1MDYwRjU0Njk2RDY1NzMyMDRFNjU3NzIwNTI2RjZENjE2RTA3NTU2RTY5NjM2RjY0NjUwOTA0NTM2OTdBNjUwMjBFMDAwMA0KLTkgMiAwIDAgMCAwIDINCg0KMEUwMTA0NTQ2MTYyNzMwRTAwMDAwMA0KLTkgMiAwIDAgMCAwIDQNCg0KMEUwMA0KLTkgMCAwIDAgMCAwIDcNCjEgMSAwIDggMyAwDQoxQTA0NDAwNDM4MDQzMjA0MzgwNDM3MDQzRDA0M0UwNDRFMDQyMDAwNDAwNDNFMDQzMzA0NTYwNDMyMDQzQTA0MzgwNDJFMDANCg==</FormattedText>
						</VariantText>
						<VariantText CorrectAnswer="False">
							<PlainText>Кривизною кришталика.</PlainText>
							<FormattedText>LTggMSAzIDINCi05IDEgMCAwIDAgMCAxMw0KOTYNCi05IDIgMCAwIDAgMCAxDQoNCjBFMDEwOTUzNzQ3OTZDNjU0RTYxNkQ2NTA2MEI0RTZGNzI2RDYxNkMyMDc0NjU3ODc0MEE1MzY5N0E2NTQ0NkY3NTYyNkM2NTAyMUMwODQ2NkY2RTc0NEU2MTZENjUwNjBGNTQ2OTZENjU3MzIwNEU2NTc3MjA1MjZGNkQ2MTZFMDc1NTZFNjk2MzZGNjQ2NTA5MDQ1MzY5N0E2NTAyMEUwMDAxMDg1Mzc0NjE2RTY0NjE3MjY0MDgwNzQzNjg2MTcyNzM2NTc0MDcwRjUyNTU1MzUzNDk0MTRFNUY0MzQ4NDE1MjUzNDU1NDBBNTM2OTdBNjU0NDZGNzU2MjZDNjUwMjFDMDg0NjZGNkU3NDRFNjE2RDY1MDYwRjU0Njk2RDY1NzMyMDRFNjU3NzIwNTI2RjZENjE2RTA3NTU2RTY5NjM2RjY0NjUwOTA0NTM2OTdBNjUwMjBFMDAwMA0KLTkgMiAwIDAgMCAwIDINCg0KMEUwMTA0NTQ2MTYyNzMwRTAwMDAwMA0KLTkgMiAwIDAgMCAwIDQNCg0KMEUwMA0KLTkgMCAwIDAgMCAwIDcNCjEgMSAwIDggMyAwDQoxQTA0NDAwNDM4MDQzMjA0MzgwNDM3MDQzRDA0M0UwNDRFMDQyMDAwM0EwNDQwMDQzODA0NDgwNDQyMDQzMDA0M0IwNDM4MDQzQTA0MzAwNDJFMDANCg==</FormattedText>
						</VariantText>
						<VariantText CorrectAnswer="True">
							<PlainText>Діаметром зіниці.</PlainText>
							<FormattedText>LTggMSAzIDINCi05IDEgMCAwIDAgMCAxMw0KOTYNCi05IDIgMCAwIDAgMCAxDQoNCjBFMDEwOTUzNzQ3OTZDNjU0RTYxNkQ2NTA2MEI0RTZGNzI2RDYxNkMyMDc0NjU3ODc0MEE1MzY5N0E2NTQ0NkY3NTYyNkM2NTAyMUMwODQ2NkY2RTc0NEU2MTZENjUwNjBGNTQ2OTZENjU3MzIwNEU2NTc3MjA1MjZGNkQ2MTZFMDc1NTZFNjk2MzZGNjQ2NTA5MDQ1MzY5N0E2NTAyMEUwMDAxMDg1Mzc0NjE2RTY0NjE3MjY0MDgwNzQzNjg2MTcyNzM2NTc0MDcwRjUyNTU1MzUzNDk0MTRFNUY0MzQ4NDE1MjUzNDU1NDBBNTM2OTdBNjU0NDZGNzU2MjZDNjUwMjFDMDg0NjZGNkU3NDRFNjE2RDY1MDYwRjU0Njk2RDY1NzMyMDRFNjU3NzIwNTI2RjZENjE2RTA3NTU2RTY5NjM2RjY0NjUwOTA0NTM2OTdBNjUwMjBFMDAwMA0KLTkgMiAwIDAgMCAwIDINCg0KMEUwMTA0NTQ2MTYyNzMwRTAwMDAwMA0KLTkgMiAwIDAgMCAwIDQNCg0KMEUwMA0KLTkgMCAwIDAgMCAwIDcNCjEgMSAwIDggMyAwDQoxNDA0NTYwNDMwMDQzQzA0MzUwNDQyMDQ0MDA0M0UwNDNDMDQyMDAwMzcwNDU2MDQzRDA0MzgwNDQ2MDQ1NjA0MkUwMA0K</FormattedText>
						</VariantText>
						<VariantText CorrectAnswer="False">
							<PlainText>Кількістю водянистої вологи передньої камери</PlainText>
							<FormattedText>LTggMSAzIDINCi05IDEgMCAwIDAgMCAxMw0KOTYNCi05IDIgMCAwIDAgMCAxDQoNCjBFMDEwOTUzNzQ3OTZDNjU0RTYxNkQ2NTA2MEI0RTZGNzI2RDYxNkMyMDc0NjU3ODc0MEE1MzY5N0E2NTQ0NkY3NTYyNkM2NTAyMUMwODQ2NkY2RTc0NEU2MTZENjUwNjBGNTQ2OTZENjU3MzIwNEU2NTc3MjA1MjZGNkQ2MTZFMDc1NTZFNjk2MzZGNjQ2NTA5MDQ1MzY5N0E2NTAyMEUwMDAxMDg1Mzc0NjE2RTY0NjE3MjY0MDgwNzQzNjg2MTcyNzM2NTc0MDcwRjUyNTU1MzUzNDk0MTRFNUY0MzQ4NDE1MjUzNDU1NDBBNTM2OTdBNjU0NDZGNzU2MjZDNjUwMjFDMDg0NjZGNkU3NDRFNjE2RDY1MDYwRjU0Njk2RDY1NzMyMDRFNjU3NzIwNTI2RjZENjE2RTA3NTU2RTY5NjM2RjY0NjUwOTA0NTM2OTdBNjUwMjBFMDAwMA0KLTkgMiAwIDAgMCAwIDINCg0KMEUwMTA0NTQ2MTYyNzMwRTAwMDAwMA0KLTkgMiAwIDAgMCAwIDQNCg0KMEUwMA0KLTkgMCAwIDAgMCAwIDcNCjEgMSAwIDggMyAwDQoxQTA0NTYwNDNCMDQ0QzA0M0EwNDU2MDQ0MTA0NDIwNDRFMDQyMDAwMzIwNDNFMDQzNDA0NEYwNDNEMDQzODA0NDEwNDQyMDQzRTA0NTcwNDIwMDAzMjA0M0UwNDNCMDQzRTA0MzMwNDM4MDQyMDAwM0YwNDM1MDQ0MDA0MzUwNDM0MDQzRDA0NEMwNDNFMDQ1NzA0MjAwMDNBMDQzMDA0M0MwNDM1MDQ0MDA0MzgwNA0K</FormattedText>
						</VariantText>
						<VariantText CorrectAnswer="False">
							<PlainText>Станом зорового нерва.</PlainText>
							<FormattedText>LTggMSAzIDINCi05IDEgMCAwIDAgMCAxMw0KOTYNCi05IDIgMCAwIDAgMCAxDQoNCjBFMDEwOTUzNzQ3OTZDNjU0RTYxNkQ2NTA2MEI0RTZGNzI2RDYxNkMyMDc0NjU3ODc0MEE1MzY5N0E2NTQ0NkY3NTYyNkM2NTAyMUMwODQ2NkY2RTc0NEU2MTZENjUwNjBGNTQ2OTZENjU3MzIwNEU2NTc3MjA1MjZGNkQ2MTZFMDc1NTZFNjk2MzZGNjQ2NTA5MDQ1MzY5N0E2NTAyMEUwMDAxMDg1Mzc0NjE2RTY0NjE3MjY0MDgwNzQzNjg2MTcyNzM2NTc0MDcwRjUyNTU1MzUzNDk0MTRFNUY0MzQ4NDE1MjUzNDU1NDBBNTM2OTdBNjU0NDZGNzU2MjZDNjUwMjFDMDg0NjZGNkU3NDRFNjE2RDY1MDYwRjU0Njk2RDY1NzMyMDRFNjU3NzIwNTI2RjZENjE2RTA3NTU2RTY5NjM2RjY0NjUwOTA0NTM2OTdBNjUwMjBFMDAwMA0KLTkgMiAwIDAgMCAwIDINCg0KMEUwMTA0NTQ2MTYyNzMwRTAwMDAwMA0KLTkgMiAwIDAgMCAwIDQNCg0KMEUwMA0KLTkgMCAwIDAgMCAwIDcNCjEgMSAwIDggMyAwDQoyMDAwMjEwNDQyMDQzMDA0M0QwNDNFMDQzQzA0MjAwMDM3MDQzRTA0NDAwNDNFMDQzMjA0M0UwNDMzMDQzRTA0MjAwMDNEMDQzNTA0NDAwNDMyMDQzMDA0MkUwMA0K</FormattedText>
						</VariantText>
					</Variants>
				</Task>
				<!-- ***** -->
				<Task Type="TYPE_TASK_CHOICE_SINGLE" Score="1">
					<Title/>
					<QuestionText>
						<PlainText>Визначте, що таке акомодація.</PlainText>
						<FormattedText>LTggMSAzIDINCi05IDEgMCAwIDAgMCAxMw0KOTYNCi05IDIgMCAwIDAgMCAxDQoNCjBFMDEwOTUzNzQ3OTZDNjU0RTYxNkQ2NTA2MEI0RTZGNzI2RDYxNkMyMDc0NjU3ODc0MEE1MzY5N0E2NTQ0NkY3NTYyNkM2NTAyMUMwODQ2NkY2RTc0NEU2MTZENjUwNjBGNTQ2OTZENjU3MzIwNEU2NTc3MjA1MjZGNkQ2MTZFMDc1NTZFNjk2MzZGNjQ2NTA5MDQ1MzY5N0E2NTAyMEUwMDAxMDg1Mzc0NjE2RTY0NjE3MjY0MDgwNzQzNjg2MTcyNzM2NTc0MDcwRjUyNTU1MzUzNDk0MTRFNUY0MzQ4NDE1MjUzNDU1NDA4NDY2RjZFNzQ0RTYxNkQ2NTA2MEY1NDY5NkQ2NTczMjA0RTY1NzcyMDUyNkY2RDYxNkUwNzU1NkU2OTYzNkY2NDY1MDkwNDUzNjk3QTY1MDIwQTAwMDEwODUzNzQ2MTZFNjQ2MTcyNjQwODA3NDM2ODYxNzI3MzY1NzQwNzBGNTI1NTUzNTM0OTQxNEU1RjQzNDg0MTUyNTM0NTU0MEE1MzY5N0E2NTQ0NkY3NTYyNkM2NTAyMjAwODQ2NkY2RTc0NEU2MTZENjUwNjBGNTQ2OTZENjU3MzIwNEU2NTc3MjA1MjZGNkQ2MTZFMDc1NTZFNjk2MzZGNjQ2NTA5MDQ1MzY5N0E2NTAyMTAwMDAwDQotOSAyIDAgMCAwIDAgMg0KDQowRTAxMDQ1NDYxNjI3MzBFMDAwMDAxMDg1Mzc0NjE2RTY0NjE3MjY0MDgwOTQxNkM2OTY3NkU2RDY1NkU3NDA3MEE3Mjc2NjE0QTc1NzM3NDY5NjY3OTA0NTQ2MTYyNzMwRTAwMDAwMA0KLTkgMiAwIDAgMCAwIDQNCg0KMEUwMA0KLTkgMCAwIDAgMCAwIDcNCjIgMSAxIDggMyAwDQoxMjA0MzgwNDM3MDQzRDA0MzAwNDQ3MDQ0MjA0MzUwNDJDMDAyMDAwNDkwNDNFMDQyMDAwNDIwNDMwMDQzQTA0MzUwNDIwMDAzMDA0M0EwNDNFMDQzQzA0M0UwNDM0MDQzMDA0NDYwNDU2MDQ0RjA0MkUwMA0KMSAxIDEgOCAzIDANCg0K</FormattedText>
					</QuestionText>
					<Options>
						<IsAllowRandom>true</IsAllowRandom>
						<IsCompulsory>false</IsCompulsory>
						<IsOnlyForEduMode>false</IsOnlyForEduMode>
						<IsDenyPartially>false</IsDenyPartially>
					</Options>
					<Variants>
						<VariantText CorrectAnswer="False">
							<PlainText>Заломлювальна здатність рогівки.</PlainText>
							<FormattedText>LTggMSAzIDINCi05IDEgMCAwIDAgMCAxMw0KOTYNCi05IDIgMCAwIDAgMCAxDQoNCjBFMDEwOTUzNzQ3OTZDNjU0RTYxNkQ2NTA2MEI0RTZGNzI2RDYxNkMyMDc0NjU3ODc0MEE1MzY5N0E2NTQ0NkY3NTYyNkM2NTAyMUMwODQ2NkY2RTc0NEU2MTZENjUwNjBGNTQ2OTZENjU3MzIwNEU2NTc3MjA1MjZGNkQ2MTZFMDc1NTZFNjk2MzZGNjQ2NTA5MDQ1MzY5N0E2NTAyMEUwMDAxMDg1Mzc0NjE2RTY0NjE3MjY0MDgwNzQzNjg2MTcyNzM2NTc0MDcwRjUyNTU1MzUzNDk0MTRFNUY0MzQ4NDE1MjUzNDU1NDBBNTM2OTdBNjU0NDZGNzU2MjZDNjUwMjIwMDg0NjZGNkU3NDRFNjE2RDY1MDYwRjU0Njk2RDY1NzMyMDRFNjU3NzIwNTI2RjZENjE2RTA3NTU2RTY5NjM2RjY0NjUwOTA0NTM2OTdBNjUwMjEwMDAwMA0KLTkgMiAwIDAgMCAwIDINCg0KMEUwMTA0NTQ2MTYyNzMwRTAwMDAwMA0KLTkgMiAwIDAgMCAwIDQNCg0KMEUwMA0KLTkgMCAwIDAgMCAwIDcNCjEgMSAwIDggMyAwDQoxNzA0MzAwNDNCMDQzRTA0M0MwNDNCMDQ0RTA0MzIwNDMwMDQzQjA0NEMwNDNEMDQzMDA0MjAwMDM3MDQzNDA0MzAwNDQyMDQzRDA0NTYwNDQxMDQ0MjA0NEMwNDIwMDA0MDA0M0UwNDMzMDQ1NjA0MzIwNDNBMDQzODA0MkUwMA0K</FormattedText>
						</VariantText>
						<VariantText CorrectAnswer="True">
							<PlainText>Зміна кривизни кришталика.</PlainText>
							<FormattedText>LTggMSAzIDINCi05IDEgMCAwIDAgMCAxMw0KOTYNCi05IDIgMCAwIDAgMCAxDQoNCjBFMDEwOTUzNzQ3OTZDNjU0RTYxNkQ2NTA2MEI0RTZGNzI2RDYxNkMyMDc0NjU3ODc0MEE1MzY5N0E2NTQ0NkY3NTYyNkM2NTAyMUMwODQ2NkY2RTc0NEU2MTZENjUwNjBGNTQ2OTZENjU3MzIwNEU2NTc3MjA1MjZGNkQ2MTZFMDc1NTZFNjk2MzZGNjQ2NTA5MDQ1MzY5N0E2NTAyMEUwMDAxMDg1Mzc0NjE2RTY0NjE3MjY0MDgwNzQzNjg2MTcyNzM2NTc0MDcwRjUyNTU1MzUzNDk0MTRFNUY0MzQ4NDE1MjUzNDU1NDBBNTM2OTdBNjU0NDZGNzU2MjZDNjUwMjIwMDg0NjZGNkU3NDRFNjE2RDY1MDYwRjU0Njk2RDY1NzMyMDRFNjU3NzIwNTI2RjZENjE2RTA3NTU2RTY5NjM2RjY0NjUwOTA0NTM2OTdBNjUwMjEwMDAwMA0KLTkgMiAwIDAgMCAwIDINCg0KMEUwMTA0NTQ2MTYyNzMwRTAwMDAwMA0KLTkgMiAwIDAgMCAwIDQNCg0KMEUwMA0KLTkgMCAwIDAgMCAwIDcNCjEgMSAwIDggMyAwDQoxNzA0M0MwNDU2MDQzRDA0MzAwNDIwMDAzQTA0NDAwNDM4MDQzMjA0MzgwNDM3MDQzRDA0MzgwNDIwMDAzQTA0NDAwNDM4MDQ0ODA0NDIwNDMwMDQzQjA0MzgwNDNBMDQzMDA0MkUwMA0K</FormattedText>
						</VariantText>
						<VariantText CorrectAnswer="False">
							<PlainText>Циркуляція водянистої вологи камерами.</PlainText>
							<FormattedText>LTggMSAzIDINCi05IDEgMCAwIDAgMCAxMw0KOTYNCi05IDIgMCAwIDAgMCAxDQoNCjBFMDEwOTUzNzQ3OTZDNjU0RTYxNkQ2NTA2MEI0RTZGNzI2RDYxNkMyMDc0NjU3ODc0MEE1MzY5N0E2NTQ0NkY3NTYyNkM2NTAyMUMwODQ2NkY2RTc0NEU2MTZENjUwNjBGNTQ2OTZENjU3MzIwNEU2NTc3MjA1MjZGNkQ2MTZFMDc1NTZFNjk2MzZGNjQ2NTA5MDQ1MzY5N0E2NTAyMEUwMDAxMDg1Mzc0NjE2RTY0NjE3MjY0MDgwNzQzNjg2MTcyNzM2NTc0MDcwRjUyNTU1MzUzNDk0MTRFNUY0MzQ4NDE1MjUzNDU1NDBBNTM2OTdBNjU0NDZGNzU2MjZDNjUwMjIwMDg0NjZGNkU3NDRFNjE2RDY1MDYwRjU0Njk2RDY1NzMyMDRFNjU3NzIwNTI2RjZENjE2RTA3NTU2RTY5NjM2RjY0NjUwOTA0NTM2OTdBNjUwMjEwMDAwMA0KLTkgMiAwIDAgMCAwIDINCg0KMEUwMTA0NTQ2MTYyNzMwRTAwMDAwMA0KLTkgMiAwIDAgMCAwIDQNCg0KMEUwMA0KLTkgMCAwIDAgMCAwIDcNCjEgMSAwIDggMyAwDQoyNjA0MzgwNDQwMDQzQTA0NDMwNDNCMDQ0RjA0NDYwNDU2MDQ0RjA0MjAwMDMyMDQzRTA0MzQwNDRGMDQzRDA0MzgwNDQxMDQ0MjA0M0UwNDU3MDQyMDAwMzIwNDNFMDQzQjA0M0UwNDMzMDQzODA0MjAwMDNBMDQzMDA0M0MwNDM1MDQ0MDA0MzAwNDNDMDQzODA0MkUwMA0K</FormattedText>
						</VariantText>
						<VariantText CorrectAnswer="False">
							<PlainText>Зміна діаметру зіниці.</PlainText>
							<FormattedText>LTggMSAzIDINCi05IDEgMCAwIDAgMCAxMw0KOTYNCi05IDIgMCAwIDAgMCAxDQoNCjBFMDEwOTUzNzQ3OTZDNjU0RTYxNkQ2NTA2MEI0RTZGNzI2RDYxNkMyMDc0NjU3ODc0MEE1MzY5N0E2NTQ0NkY3NTYyNkM2NTAyMUMwODQ2NkY2RTc0NEU2MTZENjUwNjBGNTQ2OTZENjU3MzIwNEU2NTc3MjA1MjZGNkQ2MTZFMDc1NTZFNjk2MzZGNjQ2NTA5MDQ1MzY5N0E2NTAyMEUwMDAxMDg1Mzc0NjE2RTY0NjE3MjY0MDgwNzQzNjg2MTcyNzM2NTc0MDcwRjUyNTU1MzUzNDk0MTRFNUY0MzQ4NDE1MjUzNDU1NDBBNTM2OTdBNjU0NDZGNzU2MjZDNjUwMjIwMDg0NjZGNkU3NDRFNjE2RDY1MDYwRjU0Njk2RDY1NzMyMDRFNjU3NzIwNTI2RjZENjE2RTA3NTU2RTY5NjM2RjY0NjUwOTA0NTM2OTdBNjUwMjEwMDAwMA0KLTkgMiAwIDAgMCAwIDINCg0KMEUwMTA0NTQ2MTYyNzMwRTAwMDAwMA0KLTkgMiAwIDAgMCAwIDQNCg0KMEUwMA0KLTkgMCAwIDAgMCAwIDcNCjEgMSAwIDggMyAwDQoxNzA0M0MwNDU2MDQzRDA0MzAwNDIwMDAzNDA0NTYwNDMwMDQzQzA0MzUwNDQyMDQ0MDA0NDMwNDIwMDAzNzA0NTYwNDNEMDQzODA0NDYwNDU2MDQyRTAwDQo=</FormattedText>
						</VariantText>
						<VariantText CorrectAnswer="False">
							<PlainText>Зведення оптичних осей ока.</PlainText>
							<FormattedText>LTggMSAzIDINCi05IDEgMCAwIDAgMCAxMw0KOTYNCi05IDIgMCAwIDAgMCAxDQoNCjBFMDEwOTUzNzQ3OTZDNjU0RTYxNkQ2NTA2MEI0RTZGNzI2RDYxNkMyMDc0NjU3ODc0MEE1MzY5N0E2NTQ0NkY3NTYyNkM2NTAyMUMwODQ2NkY2RTc0NEU2MTZENjUwNjBGNTQ2OTZENjU3MzIwNEU2NTc3MjA1MjZGNkQ2MTZFMDc1NTZFNjk2MzZGNjQ2NTA5MDQ1MzY5N0E2NTAyMEUwMDAxMDg1Mzc0NjE2RTY0NjE3MjY0MDgwNzQzNjg2MTcyNzM2NTc0MDcwRjUyNTU1MzUzNDk0MTRFNUY0MzQ4NDE1MjUzNDU1NDBBNTM2OTdBNjU0NDZGNzU2MjZDNjUwMjIwMDg0NjZGNkU3NDRFNjE2RDY1MDYwRjU0Njk2RDY1NzMyMDRFNjU3NzIwNTI2RjZENjE2RTA3NTU2RTY5NjM2RjY0NjUwOTA0NTM2OTdBNjUwMjEwMDAwMA0KLTkgMiAwIDAgMCAwIDINCg0KMEUwMTA0NTQ2MTYyNzMwRTAwMDAwMA0KLTkgMiAwIDAgMCAwIDQNCg0KMEUwMA0KLTkgMCAwIDAgMCAwIDcNCjEgMSAwIDggMyAwDQoxNzA0MzIwNDM1MDQzNDA0MzUwNDNEMDQzRDA0NEYwNDIwMDAzRTA0M0YwNDQyMDQzODA0NDcwNDNEMDQzODA0NDUwNDIwMDAzRTA0NDEwNDM1MDQzOTA0MjAwMDNFMDQzQTA0MzAwNDJFMDANCg==</FormattedText>
						</VariantText>
					</Variants>
				</Task>
				<!-- ***** -->
				<Task Type="TYPE_TASK_CHOICE_SINGLE" Score="1">
					<Title/>
					<QuestionText>
						<PlainText>Що є основою процесу адаптації до темряви?</PlainText>
						<FormattedText>LTggMSAzIDINCi05IDEgMCAwIDAgMCAxMw0KOTYNCi05IDIgMCAwIDAgMCAxDQoNCjBFMDEwOTUzNzQ3OTZDNjU0RTYxNkQ2NTA2MEI0RTZGNzI2RDYxNkMyMDc0NjU3ODc0MEE1MzY5N0E2NTQ0NkY3NTYyNkM2NTAyMUMwODQ2NkY2RTc0NEU2MTZENjUwNjBGNTQ2OTZENjU3MzIwNEU2NTc3MjA1MjZGNkQ2MTZFMDc1NTZFNjk2MzZGNjQ2NTA5MDQ1MzY5N0E2NTAyMEUwMDAxMDg1Mzc0NjE2RTY0NjE3MjY0MDgwNzQzNjg2MTcyNzM2NTc0MDcwRjUyNTU1MzUzNDk0MTRFNUY0MzQ4NDE1MjUzNDU1NDA4NDY2RjZFNzQ0RTYxNkQ2NTA2MEY1NDY5NkQ2NTczMjA0RTY1NzcyMDUyNkY2RDYxNkUwNzU1NkU2OTYzNkY2NDY1MDkwNDUzNjk3QTY1MDIwQTAwMDEwODUzNzQ2MTZFNjQ2MTcyNjQwODA3NDM2ODYxNzI3MzY1NzQwNzBGNTI1NTUzNTM0OTQxNEU1RjQzNDg0MTUyNTM0NTU0MEE1MzY5N0E2NTQ0NkY3NTYyNkM2NTAyMjAwODQ2NkY2RTc0NEU2MTZENjUwNjBGNTQ2OTZENjU3MzIwNEU2NTc3MjA1MjZGNkQ2MTZFMDc1NTZFNjk2MzZGNjQ2NTA5MDQ1MzY5N0E2NTAyMTAwMDAwDQotOSAyIDAgMCAwIDAgMg0KDQowRTAxMDQ1NDYxNjI3MzBFMDAwMDAxMDg1Mzc0NjE2RTY0NjE3MjY0MDgwOTQxNkM2OTY3NkU2RDY1NkU3NDA3MEE3Mjc2NjE0QTc1NzM3NDY5NjY3OTA0NTQ2MTYyNzMwRTAwMDAwMA0KLTkgMiAwIDAgMCAwIDQNCg0KMEUwMA0KLTkgMCAwIDAgMCAwIDcNCjIgMiAxIDggMyAwDQoyOTA0M0UwNDIwMDA1NDA0MjAwMDNFMDQ0MTA0M0QwNDNFMDQzMjA0M0UwNDRFMDQyMDAwM0YwNDQwMDQzRTA0NDYwNDM1MDQ0MTA0NDMwNDIwMDAzMDA0MzQwNDMwMDQzRjA0NDIwNDMwMDQ0NjA0NTYwNDU3MDQyMDAwMzQwNDNFMDQyMDAwNDIwNDM1MDQzQzA0NDAwNDRGMDQzMjA0MzgwNDNGMDANCg0KMSAxIDEgOCAzIDANCg0K</FormattedText>
					</QuestionText>
					<Options>
						<IsAllowRandom>true</IsAllowRandom>
						<IsCompulsory>false</IsCompulsory>
						<IsOnlyForEduMode>false</IsOnlyForEduMode>
						<IsDenyPartially>false</IsDenyPartially>
					</Options>
					<Variants>
						<VariantText CorrectAnswer="False">
							<PlainText>Зниження чутливості фоторецепторів.</PlainText>
							<FormattedText>LTggMSAzIDINCi05IDEgMCAwIDAgMCAxMw0KOTYNCi05IDIgMCAwIDAgMCAxDQoNCjBFMDEwOTUzNzQ3OTZDNjU0RTYxNkQ2NTA2MEI0RTZGNzI2RDYxNkMyMDc0NjU3ODc0MEE1MzY5N0E2NTQ0NkY3NTYyNkM2NTAyMUMwODQ2NkY2RTc0NEU2MTZENjUwNjBGNTQ2OTZENjU3MzIwNEU2NTc3MjA1MjZGNkQ2MTZFMDc1NTZFNjk2MzZGNjQ2NTA5MDQ1MzY5N0E2NTAyMEUwMDAxMDg1Mzc0NjE2RTY0NjE3MjY0MDgwNzQzNjg2MTcyNzM2NTc0MDcwRjUyNTU1MzUzNDk0MTRFNUY0MzQ4NDE1MjUzNDU1NDBBNTM2OTdBNjU0NDZGNzU2MjZDNjUwMjIwMDg0NjZGNkU3NDRFNjE2RDY1MDYwRjU0Njk2RDY1NzMyMDRFNjU3NzIwNTI2RjZENjE2RTA3NTU2RTY5NjM2RjY0NjUwOTA0NTM2OTdBNjUwMjEwMDAwMA0KLTkgMiAwIDAgMCAwIDINCg0KMEUwMTA0NTQ2MTYyNzMwRTAwMDAwMA0KLTkgMiAwIDAgMCAwIDQNCg0KMEUwMA0KLTkgMCAwIDAgMCAwIDcNCjEgMSAwIDggMyAwDQoxNzA0M0QwNDM4MDQzNjA0MzUwNDNEMDQzRDA0NEYwNDIwMDA0NzA0NDMwNDQyMDQzQjA0MzgwNDMyMDQzRTA0NDEwNDQyMDQ1NjA0MjAwMDQ0MDQzRTA0NDIwNDNFMDQ0MDA0MzUwNDQ2MDQzNTA0M0YwNDQyMDQzRTA0NDAwNDU2MDQzMjA0MkUwMA0K</FormattedText>
						</VariantText>
						<VariantText CorrectAnswer="True">
							<PlainText>Зменшення порога збудливості фоторецепторів.</PlainText>
							<FormattedText>LTggMSAzIDINCi05IDEgMCAwIDAgMCAxMw0KOTYNCi05IDIgMCAwIDAgMCAxDQoNCjBFMDEwOTUzNzQ3OTZDNjU0RTYxNkQ2NTA2MEI0RTZGNzI2RDYxNkMyMDc0NjU3ODc0MEE1MzY5N0E2NTQ0NkY3NTYyNkM2NTAyMUMwODQ2NkY2RTc0NEU2MTZENjUwNjBGNTQ2OTZENjU3MzIwNEU2NTc3MjA1MjZGNkQ2MTZFMDc1NTZFNjk2MzZGNjQ2NTA5MDQ1MzY5N0E2NTAyMEUwMDAxMDg1Mzc0NjE2RTY0NjE3MjY0MDgwNzQzNjg2MTcyNzM2NTc0MDcwRjUyNTU1MzUzNDk0MTRFNUY0MzQ4NDE1MjUzNDU1NDBBNTM2OTdBNjU0NDZGNzU2MjZDNjUwMjIwMDg0NjZGNkU3NDRFNjE2RDY1MDYwRjU0Njk2RDY1NzMyMDRFNjU3NzIwNTI2RjZENjE2RTA3NTU2RTY5NjM2RjY0NjUwOTA0NTM2OTdBNjUwMjEwMDAwMA0KLTkgMiAwIDAgMCAwIDINCg0KMEUwMTA0NTQ2MTYyNzMwRTAwMDAwMA0KLTkgMiAwIDAgMCAwIDQNCg0KMEUwMA0KLTkgMCAwIDAgMCAwIDcNCjEgMSAwIDggMyAwDQoxNzA0M0MwNDM1MDQzRDA0NDgwNDM1MDQzRDA0M0QwNDRGMDQyMDAwM0YwNDNFMDQ0MDA0M0UwNDMzMDQzMDA0MjAwMDM3MDQzMTA0NDMwNDM0MDQzQjA0MzgwNDMyMDQzRTA0NDEwNDQyMDQ1NjA0MjAwMDQ0MDQzRTA0NDIwNDNFMDQ0MDA0MzUwNDQ2MDQzNTA0M0YwNDQyMDQzRTA0NDAwNDU2MDQzMjA0MkUwMA0K</FormattedText>
						</VariantText>
						<VariantText CorrectAnswer="False">
							<PlainText>Підвищення порогу збудливості фоторецепторів.</PlainText>
							<FormattedText>LTggMSAzIDINCi05IDEgMCAwIDAgMCAxMw0KOTYNCi05IDIgMCAwIDAgMCAxDQoNCjBFMDEwOTUzNzQ3OTZDNjU0RTYxNkQ2NTA2MEI0RTZGNzI2RDYxNkMyMDc0NjU3ODc0MEE1MzY5N0E2NTQ0NkY3NTYyNkM2NTAyMUMwODQ2NkY2RTc0NEU2MTZENjUwNjBGNTQ2OTZENjU3MzIwNEU2NTc3MjA1MjZGNkQ2MTZFMDc1NTZFNjk2MzZGNjQ2NTA5MDQ1MzY5N0E2NTAyMEUwMDAxMDg1Mzc0NjE2RTY0NjE3MjY0MDgwNzQzNjg2MTcyNzM2NTc0MDcwRjUyNTU1MzUzNDk0MTRFNUY0MzQ4NDE1MjUzNDU1NDBBNTM2OTdBNjU0NDZGNzU2MjZDNjUwMjIwMDg0NjZGNkU3NDRFNjE2RDY1MDYwRjU0Njk2RDY1NzMyMDRFNjU3NzIwNTI2RjZENjE2RTA3NTU2RTY5NjM2RjY0NjUwOTA0NTM2OTdBNjUwMjEwMDAwMA0KLTkgMiAwIDAgMCAwIDINCg0KMEUwMTA0NTQ2MTYyNzMwRTAwMDAwMA0KLTkgMiAwIDAgMCAwIDQNCg0KMEUwMA0KLTkgMCAwIDAgMCAwIDcNCjEgMSAwIDggMyAwDQoxRjA0NTYwNDM0MDQzMjA0MzgwNDQ5MDQzNTA0M0QwNDNEMDQ0RjA0MjAwMDNGMDQzRTA0NDAwNDNFMDQzMzA0NDMwNDIwMDAzNzA0MzEwNDQzMDQzNDA0M0IwNDM4MDQzMjA0M0UwNDQxMDQ0MjA0NTYwNDIwMDA0NDA0M0UwNDQyMDQzRTA0NDAwNDM1MDQ0NjA0MzUwNDNGMDQ0MjA0M0UwNDQwMDQ1NjA0MzIwNDJFMDANCg==</FormattedText>
						</VariantText>
						<VariantText CorrectAnswer="False">
							<PlainText>Збільшення кількості ретинолу.</PlainText>
							<FormattedText>LTggMSAzIDINCi05IDEgMCAwIDAgMCAxMw0KOTYNCi05IDIgMCAwIDAgMCAxDQoNCjBFMDEwOTUzNzQ3OTZDNjU0RTYxNkQ2NTA2MEI0RTZGNzI2RDYxNkMyMDc0NjU3ODc0MEE1MzY5N0E2NTQ0NkY3NTYyNkM2NTAyMUMwODQ2NkY2RTc0NEU2MTZENjUwNjBGNTQ2OTZENjU3MzIwNEU2NTc3MjA1MjZGNkQ2MTZFMDc1NTZFNjk2MzZGNjQ2NTA5MDQ1MzY5N0E2NTAyMEUwMDAxMDg1Mzc0NjE2RTY0NjE3MjY0MDgwNzQzNjg2MTcyNzM2NTc0MDcwRjUyNTU1MzUzNDk0MTRFNUY0MzQ4NDE1MjUzNDU1NDBBNTM2OTdBNjU0NDZGNzU2MjZDNjUwMjIwMDg0NjZGNkU3NDRFNjE2RDY1MDYwRjU0Njk2RDY1NzMyMDRFNjU3NzIwNTI2RjZENjE2RTA3NTU2RTY5NjM2RjY0NjUwOTA0NTM2OTdBNjUwMjEwMDAwMA0KLTkgMiAwIDAgMCAwIDINCg0KMEUwMTA0NTQ2MTYyNzMwRTAwMDAwMA0KLTkgMiAwIDAgMCAwIDQNCg0KMEUwMA0KLTkgMCAwIDAgMCAwIDcNCjEgMSAwIDggMyAwDQoxNzA0MzEwNDU2MDQzQjA0NEMwNDQ4MDQzNTA0M0QwNDNEMDQ0RjA0MjAwMDNBMDQ1NjA0M0IwNDRDMDQzQTA0M0UwNDQxMDQ0MjA0NTYwNDIwMDA0MDA0MzUwNDQyMDQzODA0M0QwNDNFMDQzQjA0NDMwNDJFMDANCg==</FormattedText>
						</VariantText>
						<VariantText CorrectAnswer="False">
							<PlainText>Збільшення кількості родопсину.</PlainText>
							<FormattedText>LTggMSAzIDINCi05IDEgMCAwIDAgMCAxMw0KOTYNCi05IDIgMCAwIDAgMCAxDQoNCjBFMDEwOTUzNzQ3OTZDNjU0RTYxNkQ2NTA2MEI0RTZGNzI2RDYxNkMyMDc0NjU3ODc0MEE1MzY5N0E2NTQ0NkY3NTYyNkM2NTAyMUMwODQ2NkY2RTc0NEU2MTZENjUwNjBGNTQ2OTZENjU3MzIwNEU2NTc3MjA1MjZGNkQ2MTZFMDc1NTZFNjk2MzZGNjQ2NTA5MDQ1MzY5N0E2NTAyMEUwMDAxMDg1Mzc0NjE2RTY0NjE3MjY0MDgwNzQzNjg2MTcyNzM2NTc0MDcwRjUyNTU1MzUzNDk0MTRFNUY0MzQ4NDE1MjUzNDU1NDBBNTM2OTdBNjU0NDZGNzU2MjZDNjUwMjIwMDg0NjZGNkU3NDRFNjE2RDY1MDYwRjU0Njk2RDY1NzMyMDRFNjU3NzIwNTI2RjZENjE2RTA3NTU2RTY5NjM2RjY0NjUwOTA0NTM2OTdBNjUwMjEwMDAwMA0KLTkgMiAwIDAgMCAwIDINCg0KMEUwMTA0NTQ2MTYyNzMwRTAwMDAwMA0KLTkgMiAwIDAgMCAwIDQNCg0KMEUwMA0KLTkgMCAwIDAgMCAwIDcNCjEgMSAwIDggMyAwDQoxNzA0MzEwNDU2MDQzQjA0NEMwNDQ4MDQzNTA0M0QwNDNEMDQ0RjA0MjAwMDNBMDQ1NjA0M0IwNDRDMDQzQTA0M0UwNDQxMDQ0MjA0NTYwNDIwMDA0MDA0M0UwNDM0MDQzRTA0M0YwNDQxMDQzODA0M0QwNDQzMDQyRTAwDQo=</FormattedText>
						</VariantText>
					</Variants>
				</Task>
				<!-- ***** -->
				<Task Type="TYPE_TASK_CHOICE_SINGLE" Score="1">
					<Title/>
					<QuestionText>
						<PlainText>Що є основою процесу адаптації до світла?</PlainText>
						<FormattedText>LTggMSAzIDINCi05IDEgMCAwIDAgMCAxMw0KOTYNCi05IDIgMCAwIDAgMCAxDQoNCjBFMDEwOTUzNzQ3OTZDNjU0RTYxNkQ2NTA2MEI0RTZGNzI2RDYxNkMyMDc0NjU3ODc0MEE1MzY5N0E2NTQ0NkY3NTYyNkM2NTAyMUMwODQ2NkY2RTc0NEU2MTZENjUwNjBGNTQ2OTZENjU3MzIwNEU2NTc3MjA1MjZGNkQ2MTZFMDc1NTZFNjk2MzZGNjQ2NTA5MDQ1MzY5N0E2NTAyMEUwMDAxMDg1Mzc0NjE2RTY0NjE3MjY0MDgwNzQzNjg2MTcyNzM2NTc0MDcwRjUyNTU1MzUzNDk0MTRFNUY0MzQ4NDE1MjUzNDU1NDBBNTM2OTdBNjU0NDZGNzU2MjZDNjUwMjIwMDg0NjZGNkU3NDRFNjE2RDY1MDYwRjU0Njk2RDY1NzMyMDRFNjU3NzIwNTI2RjZENjE2RTA3NTU2RTY5NjM2RjY0NjUwOTA0NTM2OTdBNjUwMjEwMDAwMA0KLTkgMiAwIDAgMCAwIDINCg0KMEUwMTA0NTQ2MTYyNzMwRTAwMDAwMTA4NTM3NDYxNkU2NDYxNzI2NDA4MDk0MTZDNjk2NzZFNkQ2NTZFNzQwNzBBNzI3NjYxNEE3NTczNzQ2OTY2NzkwNDU0NjE2MjczMEUwMDAwMDANCi05IDIgMCAwIDAgMCA0DQoNCjBFMDANCi05IDAgMCAwIDAgMCA3DQoxIDIgMSA4IDMgMA0KMjkwNDNFMDQyMDAwNTQwNDIwMDAzRTA0NDEwNDNEMDQzRTA0MzIwNDNFMDQ0RTA0MjAwMDNGMDQ0MDA0M0UwNDQ2MDQzNTA0NDEwNDQzMDQyMDAwMzAwNDM0MDQzMDA0M0YwNDQyMDQzMDA0NDYwNDU2MDQ1NzA0MjAwMDM0MDQzRTA0MjAwMDQxMDQzMjA0NTYwNDQyMDQzQjA0MzAwNDNGMDANCg0K</FormattedText>
					</QuestionText>
					<Options>
						<IsAllowRandom>true</IsAllowRandom>
						<IsCompulsory>false</IsCompulsory>
						<IsOnlyForEduMode>false</IsOnlyForEduMode>
						<IsDenyPartially>false</IsDenyPartially>
					</Options>
					<Variants>
						<VariantText CorrectAnswer="False">
							<PlainText>Зменшення порога збудливості фоторецепторів.</PlainText>
							<FormattedText>LTggMSAzIDINCi05IDEgMCAwIDAgMCAxMw0KOTYNCi05IDIgMCAwIDAgMCAxDQoNCjBFMDEwOTUzNzQ3OTZDNjU0RTYxNkQ2NTA2MEI0RTZGNzI2RDYxNkMyMDc0NjU3ODc0MEE1MzY5N0E2NTQ0NkY3NTYyNkM2NTAyMUMwODQ2NkY2RTc0NEU2MTZENjUwNjBGNTQ2OTZENjU3MzIwNEU2NTc3MjA1MjZGNkQ2MTZFMDc1NTZFNjk2MzZGNjQ2NTA5MDQ1MzY5N0E2NTAyMEUwMDAxMDg1Mzc0NjE2RTY0NjE3MjY0MDgwNzQzNjg2MTcyNzM2NTc0MDcwRjUyNTU1MzUzNDk0MTRFNUY0MzQ4NDE1MjUzNDU1NDBBNTM2OTdBNjU0NDZGNzU2MjZDNjUwMjIwMDg0NjZGNkU3NDRFNjE2RDY1MDYwRjU0Njk2RDY1NzMyMDRFNjU3NzIwNTI2RjZENjE2RTA3NTU2RTY5NjM2RjY0NjUwOTA0NTM2OTdBNjUwMjEwMDAwMA0KLTkgMiAwIDAgMCAwIDINCg0KMEUwMTA0NTQ2MTYyNzMwRTAwMDAwMA0KLTkgMiAwIDAgMCAwIDQNCg0KMEUwMA0KLTkgMCAwIDAgMCAwIDcNCjEgMSAwIDggMyAwDQoxNzA0M0MwNDM1MDQzRDA0NDgwNDM1MDQzRDA0M0QwNDRGMDQyMDAwM0YwNDNFMDQ0MDA0M0UwNDMzMDQzMDA0MjAwMDM3MDQzMTA0NDMwNDM0MDQzQjA0MzgwNDMyMDQzRTA0NDEwNDQyMDQ1NjA0MjAwMDQ0MDQzRTA0NDIwNDNFMDQ0MDA0MzUwNDQ2MDQzNTA0M0YwNDQyMDQzRTA0NDAwNDU2MDQzMjA0MkUwMA0K</FormattedText>
						</VariantText>
						<VariantText CorrectAnswer="True">
							<PlainText>Збільшення порога збудливості фоторецепторів.</PlainText>
							<FormattedText>LTggMSAzIDINCi05IDEgMCAwIDAgMCAxMw0KOTYNCi05IDIgMCAwIDAgMCAxDQoNCjBFMDEwOTUzNzQ3OTZDNjU0RTYxNkQ2NTA2MEI0RTZGNzI2RDYxNkMyMDc0NjU3ODc0MEE1MzY5N0E2NTQ0NkY3NTYyNkM2NTAyMUMwODQ2NkY2RTc0NEU2MTZENjUwNjBGNTQ2OTZENjU3MzIwNEU2NTc3MjA1MjZGNkQ2MTZFMDc1NTZFNjk2MzZGNjQ2NTA5MDQ1MzY5N0E2NTAyMEUwMDAxMDg1Mzc0NjE2RTY0NjE3MjY0MDgwNzQzNjg2MTcyNzM2NTc0MDcwRjUyNTU1MzUzNDk0MTRFNUY0MzQ4NDE1MjUzNDU1NDBBNTM2OTdBNjU0NDZGNzU2MjZDNjUwMjIwMDg0NjZGNkU3NDRFNjE2RDY1MDYwRjU0Njk2RDY1NzMyMDRFNjU3NzIwNTI2RjZENjE2RTA3NTU2RTY5NjM2RjY0NjUwOTA0NTM2OTdBNjUwMjEwMDAwMA0KLTkgMiAwIDAgMCAwIDINCg0KMEUwMTA0NTQ2MTYyNzMwRTAwMDAwMA0KLTkgMiAwIDAgMCAwIDQNCg0KMEUwMA0KLTkgMCAwIDAgMCAwIDcNCjEgMSAwIDggMyAwDQoxNzA0MzEwNDU2MDQzQjA0NEMwNDQ4MDQzNTA0M0QwNDNEMDQ0RjA0MjAwMDNGMDQzRTA0NDAwNDNFMDQzMzA0MzAwNDIwMDAzNzA0MzEwNDQzMDQzNDA0M0IwNDM4MDQzMjA0M0UwNDQxMDQ0MjA0NTYwNDIwMDA0NDA0M0UwNDQyMDQzRTA0NDAwNDM1MDQ0NjA0MzUwNDNGMDQ0MjA0M0UwNDQwMDQ1NjA0MzIwNDJFMDANCg==</FormattedText>
						</VariantText>
						<VariantText CorrectAnswer="False">
							<PlainText>Збільшення порога просторового розрізнення.</PlainText>
							<FormattedText>LTggMSAzIDINCi05IDEgMCAwIDAgMCAxMw0KOTYNCi05IDIgMCAwIDAgMCAxDQoNCjBFMDEwOTUzNzQ3OTZDNjU0RTYxNkQ2NTA2MEI0RTZGNzI2RDYxNkMyMDc0NjU3ODc0MEE1MzY5N0E2NTQ0NkY3NTYyNkM2NTAyMUMwODQ2NkY2RTc0NEU2MTZENjUwNjBGNTQ2OTZENjU3MzIwNEU2NTc3MjA1MjZGNkQ2MTZFMDc1NTZFNjk2MzZGNjQ2NTA5MDQ1MzY5N0E2NTAyMEUwMDAxMDg1Mzc0NjE2RTY0NjE3MjY0MDgwNzQzNjg2MTcyNzM2NTc0MDcwRjUyNTU1MzUzNDk0MTRFNUY0MzQ4NDE1MjUzNDU1NDBBNTM2OTdBNjU0NDZGNzU2MjZDNjUwMjIwMDg0NjZGNkU3NDRFNjE2RDY1MDYwRjU0Njk2RDY1NzMyMDRFNjU3NzIwNTI2RjZENjE2RTA3NTU2RTY5NjM2RjY0NjUwOTA0NTM2OTdBNjUwMjEwMDAwMA0KLTkgMiAwIDAgMCAwIDINCg0KMEUwMTA0NTQ2MTYyNzMwRTAwMDAwMA0KLTkgMiAwIDAgMCAwIDQNCg0KMEUwMA0KLTkgMCAwIDAgMCAwIDcNCjEgMSAwIDggMyAwDQoxNzA0MzEwNDU2MDQzQjA0NEMwNDQ4MDQzNTA0M0QwNDNEMDQ0RjA0MjAwMDNGMDQzRTA0NDAwNDNFMDQzMzA0MzAwNDIwMDAzRjA0NDAwNDNFMDQ0MTA0NDIwNDNFMDQ0MDA0M0UwNDMyMDQzRTA0MzMwNDNFMDQyMDAwNDAwNDNFMDQzNzA0NDAwNDU2MDQzNzA0M0QwNDM1MDQzRDA0M0QwNDRGMDQyRTAwDQo=</FormattedText>
						</VariantText>
						<VariantText CorrectAnswer="False">
							<PlainText>Збільшення порога розрізнення сили подразника.</PlainText>
							<FormattedText>LTggMSAzIDINCi05IDEgMCAwIDAgMCAxMw0KOTYNCi05IDIgMCAwIDAgMCAxDQoNCjBFMDEwOTUzNzQ3OTZDNjU0RTYxNkQ2NTA2MEI0RTZGNzI2RDYxNkMyMDc0NjU3ODc0MEE1MzY5N0E2NTQ0NkY3NTYyNkM2NTAyMUMwODQ2NkY2RTc0NEU2MTZENjUwNjBGNTQ2OTZENjU3MzIwNEU2NTc3MjA1MjZGNkQ2MTZFMDc1NTZFNjk2MzZGNjQ2NTA5MDQ1MzY5N0E2NTAyMEUwMDAxMDg1Mzc0NjE2RTY0NjE3MjY0MDgwNzQzNjg2MTcyNzM2NTc0MDcwRjUyNTU1MzUzNDk0MTRFNUY0MzQ4NDE1MjUzNDU1NDBBNTM2OTdBNjU0NDZGNzU2MjZDNjUwMjIwMDg0NjZGNkU3NDRFNjE2RDY1MDYwRjU0Njk2RDY1NzMyMDRFNjU3NzIwNTI2RjZENjE2RTA3NTU2RTY5NjM2RjY0NjUwOTA0NTM2OTdBNjUwMjEwMDAwMA0KLTkgMiAwIDAgMCAwIDINCg0KMEUwMTA0NTQ2MTYyNzMwRTAwMDAwMA0KLTkgMiAwIDAgMCAwIDQNCg0KMEUwMA0KLTkgMCAwIDAgMCAwIDcNCjEgMSAwIDggMyAwDQoyMDAwMTcwNDMxMDQ1NjA0M0IwNDRDMDQ0ODA0MzUwNDNEMDQzRDA0NEYwNDIwMDAzRjA0M0UwNDQwMDQzRTA0MzMwNDMwMDQyMDAwNDAwNDNFMDQzNzA0NDAwNDU2MDQzNzA0M0QwNDM1MDQzRDA0M0QwNDRGMDQyMDAwNDEwNDM4MDQzQjA0MzgwNDIwMDAzRjA0M0UwNDM0MDQ0MDA0MzAwNDM3MDQzRDA0MzgwNDNBMDQzMDA0MkUwMA0K</FormattedText>
						</VariantText>
						<VariantText CorrectAnswer="False">
							<PlainText>Збільшення порога розрізнення часу дії подразника.</PlainText>
							<FormattedText>LTggMSAzIDINCi05IDEgMCAwIDAgMCAxMw0KOTYNCi05IDIgMCAwIDAgMCAxDQoNCjBFMDEwOTUzNzQ3OTZDNjU0RTYxNkQ2NTA2MEI0RTZGNzI2RDYxNkMyMDc0NjU3ODc0MEE1MzY5N0E2NTQ0NkY3NTYyNkM2NTAyMUMwODQ2NkY2RTc0NEU2MTZENjUwNjBGNTQ2OTZENjU3MzIwNEU2NTc3MjA1MjZGNkQ2MTZFMDc1NTZFNjk2MzZGNjQ2NTA5MDQ1MzY5N0E2NTAyMEUwMDAxMDg1Mzc0NjE2RTY0NjE3MjY0MDgwNzQzNjg2MTcyNzM2NTc0MDcwRjUyNTU1MzUzNDk0MTRFNUY0MzQ4NDE1MjUzNDU1NDBBNTM2OTdBNjU0NDZGNzU2MjZDNjUwMjIwMDg0NjZGNkU3NDRFNjE2RDY1MDYwRjU0Njk2RDY1NzMyMDRFNjU3NzIwNTI2RjZENjE2RTA3NTU2RTY5NjM2RjY0NjUwOTA0NTM2OTdBNjUwMjEwMDAwMA0KLTkgMiAwIDAgMCAwIDINCg0KMEUwMTA0NTQ2MTYyNzMwRTAwMDAwMA0KLTkgMiAwIDAgMCAwIDQNCg0KMEUwMA0KLTkgMCAwIDAgMCAwIDcNCjEgMSAwIDggMyAwDQoxNzA0MzEwNDU2MDQzQjA0NEMwNDQ4MDQzNTA0M0QwNDNEMDQ0RjA0MjAwMDNGMDQzRTA0NDAwNDNFMDQzMzA0MzAwNDIwMDA0MDA0M0UwNDM3MDQ0MDA0NTYwNDM3MDQzRDA0MzUwNDNEMDQzRDA0NEYwNDIwMDA0NzA0MzAwNDQxMDQ0MzA0MjAwMDM0MDQ1NjA0NTcwNDIwMDAzRjA0M0UwNDM0MDQ0MDA0MzAwNDM3MDQzRDA0MzgwNDNBMDQzMDA0MkUwMA0K</FormattedText>
						</VariantText>
					</Variants>
				</Task>
				<!-- ***** -->
				<Task Type="TYPE_TASK_CHOICE_SINGLE" Score="1">
					<Title/>
					<QuestionText>
						<PlainText>Якою функцією зорового аналізатора визначається глибина простору?</PlainText>
						<FormattedText>LTggMSAzIDINCi05IDEgMCAwIDAgMCAxMw0KOTYNCi05IDIgMCAwIDAgMCAxDQoNCjBFMDEwOTUzNzQ3OTZDNjU0RTYxNkQ2NTA2MEI0RTZGNzI2RDYxNkMyMDc0NjU3ODc0MEE1MzY5N0E2NTQ0NkY3NTYyNkM2NTAyMUMwODQ2NkY2RTc0NEU2MTZENjUwNjBGNTQ2OTZENjU3MzIwNEU2NTc3MjA1MjZGNkQ2MTZFMDc1NTZFNjk2MzZGNjQ2NTA5MDQ1MzY5N0E2NTAyMEUwMDAxMDg1Mzc0NjE2RTY0NjE3MjY0MDgwNzQzNjg2MTcyNzM2NTc0MDcwRjUyNTU1MzUzNDk0MTRFNUY0MzQ4NDE1MjUzNDU1NDBBNTM2OTdBNjU0NDZGNzU2MjZDNjUwMjIwMDg0NjZGNkU3NDRFNjE2RDY1MDYwRjU0Njk2RDY1NzMyMDRFNjU3NzIwNTI2RjZENjE2RTA3NTU2RTY5NjM2RjY0NjUwOTA0NTM2OTdBNjUwMjEwMDAwMA0KLTkgMiAwIDAgMCAwIDINCg0KMEUwMTA0NTQ2MTYyNzMwRTAwMDAwMTA4NTM3NDYxNkU2NDYxNzI2NDA4MDk0MTZDNjk2NzZFNkQ2NTZFNzQwNzBBNzI3NjYxNEE3NTczNzQ2OTY2NzkwNDU0NjE2MjczMEUwMDAwMDANCi05IDIgMCAwIDAgMCA0DQoNCjBFMDANCi05IDAgMCAwIDAgMCA3DQoxIDIgMSA4IDMgMA0KMkYwNDNBMDQzRTA0NEUwNDIwMDA0NDA0NDMwNDNEMDQzQTA0NDYwNDU2MDQ1NDA0NEUwNDIwMDAzNzA0M0UwNDQwMDQzRTA0MzIwNDNFMDQzMzA0M0UwNDIwMDAzMDA0M0QwNDMwMDQzQjA0NTYwNDM3MDQzMDA0NDIwNDNFMDQ0MDA0MzAwNDIwMDAzMjA0MzgwNDM3MDQzRDA0MzAwNDQ3MDQzMDA0NTQwNDQyMDQ0QzA0NDEwNDRGMDQyMDAwMzMwNDNCMDQzODA0MzEwNDM4MDQzRDA0MzAwNDIwMDAzRjA0NDAwNDNFMDQ0MTA0NDIwNDNFMDQ0MDA0NDMwNDNGMDANCg0K</FormattedText>
					</QuestionText>
					<Options>
						<IsAllowRandom>true</IsAllowRandom>
						<IsCompulsory>false</IsCompulsory>
						<IsOnlyForEduMode>false</IsOnlyForEduMode>
						<IsDenyPartially>false</IsDenyPartially>
					</Options>
					<Variants>
						<VariantText CorrectAnswer="False">
							<PlainText>Центральний зір.</PlainText>
							<FormattedText>LTggMSAzIDINCi05IDEgMCAwIDAgMCAxMw0KOTYNCi05IDIgMCAwIDAgMCAxDQoNCjBFMDEwOTUzNzQ3OTZDNjU0RTYxNkQ2NTA2MEI0RTZGNzI2RDYxNkMyMDc0NjU3ODc0MEE1MzY5N0E2NTQ0NkY3NTYyNkM2NTAyMUMwODQ2NkY2RTc0NEU2MTZENjUwNjBGNTQ2OTZENjU3MzIwNEU2NTc3MjA1MjZGNkQ2MTZFMDc1NTZFNjk2MzZGNjQ2NTA5MDQ1MzY5N0E2NTAyMEUwMDAxMDg1Mzc0NjE2RTY0NjE3MjY0MDgwNzQzNjg2MTcyNzM2NTc0MDcwRjUyNTU1MzUzNDk0MTRFNUY0MzQ4NDE1MjUzNDU1NDBBNTM2OTdBNjU0NDZGNzU2MjZDNjUwMjIwMDg0NjZGNkU3NDRFNjE2RDY1MDYwRjU0Njk2RDY1NzMyMDRFNjU3NzIwNTI2RjZENjE2RTA3NTU2RTY5NjM2RjY0NjUwOTA0NTM2OTdBNjUwMjEwMDAwMA0KLTkgMiAwIDAgMCAwIDINCg0KMEUwMTA0NTQ2MTYyNzMwRTAwMDAwMA0KLTkgMiAwIDAgMCAwIDQNCg0KMEUwMA0KLTkgMCAwIDAgMCAwIDcNCjEgMSAwIDggMyAwDQoyNjA0MzUwNDNEMDQ0MjA0NDAwNDMwMDQzQjA0NEMwNDNEMDQzODA0MzkwNDIwMDAzNzA0NTYwNDQwMDQyRTAwDQo=</FormattedText>
						</VariantText>
						<VariantText CorrectAnswer="True">
							<PlainText>Бінокулярний зір.</PlainText>
							<FormattedText>LTggMSAzIDINCi05IDEgMCAwIDAgMCAxMw0KOTYNCi05IDIgMCAwIDAgMCAxDQoNCjBFMDEwOTUzNzQ3OTZDNjU0RTYxNkQ2NTA2MEI0RTZGNzI2RDYxNkMyMDc0NjU3ODc0MEE1MzY5N0E2NTQ0NkY3NTYyNkM2NTAyMUMwODQ2NkY2RTc0NEU2MTZENjUwNjBGNTQ2OTZENjU3MzIwNEU2NTc3MjA1MjZGNkQ2MTZFMDc1NTZFNjk2MzZGNjQ2NTA5MDQ1MzY5N0E2NTAyMEUwMDAxMDg1Mzc0NjE2RTY0NjE3MjY0MDgwNzQzNjg2MTcyNzM2NTc0MDcwRjUyNTU1MzUzNDk0MTRFNUY0MzQ4NDE1MjUzNDU1NDBBNTM2OTdBNjU0NDZGNzU2MjZDNjUwMjIwMDg0NjZGNkU3NDRFNjE2RDY1MDYwRjU0Njk2RDY1NzMyMDRFNjU3NzIwNTI2RjZENjE2RTA3NTU2RTY5NjM2RjY0NjUwOTA0NTM2OTdBNjUwMjEwMDAwMA0KLTkgMiAwIDAgMCAwIDINCg0KMEUwMTA0NTQ2MTYyNzMwRTAwMDAwMA0KLTkgMiAwIDAgMCAwIDQNCg0KMEUwMA0KLTkgMCAwIDAgMCAwIDcNCjEgMSAwIDggMyAwDQoxMTA0NTYwNDNEMDQzRTA0M0EwNDQzMDQzQjA0NEYwNDQwMDQzRDA0MzgwNDM5MDQyMDAwMzcwNDU2MDQ0MDA0MkUwMA0K</FormattedText>
						</VariantText>
						<VariantText CorrectAnswer="False">
							<PlainText>Периферійний зір.</PlainText>
							<FormattedText>LTggMSAzIDINCi05IDEgMCAwIDAgMCAxMw0KOTYNCi05IDIgMCAwIDAgMCAxDQoNCjBFMDEwOTUzNzQ3OTZDNjU0RTYxNkQ2NTA2MEI0RTZGNzI2RDYxNkMyMDc0NjU3ODc0MEE1MzY5N0E2NTQ0NkY3NTYyNkM2NTAyMUMwODQ2NkY2RTc0NEU2MTZENjUwNjBGNTQ2OTZENjU3MzIwNEU2NTc3MjA1MjZGNkQ2MTZFMDc1NTZFNjk2MzZGNjQ2NTA5MDQ1MzY5N0E2NTAyMEUwMDAxMDg1Mzc0NjE2RTY0NjE3MjY0MDgwNzQzNjg2MTcyNzM2NTc0MDcwRjUyNTU1MzUzNDk0MTRFNUY0MzQ4NDE1MjUzNDU1NDBBNTM2OTdBNjU0NDZGNzU2MjZDNjUwMjIwMDg0NjZGNkU3NDRFNjE2RDY1MDYwRjU0Njk2RDY1NzMyMDRFNjU3NzIwNTI2RjZENjE2RTA3NTU2RTY5NjM2RjY0NjUwOTA0NTM2OTdBNjUwMjEwMDAwMA0KLTkgMiAwIDAgMCAwIDINCg0KMEUwMTA0NTQ2MTYyNzMwRTAwMDAwMA0KLTkgMiAwIDAgMCAwIDQNCg0KMEUwMA0KLTkgMCAwIDAgMCAwIDcNCjEgMSAwIDggMyAwDQoxRjA0MzUwNDQwMDQzODA0NDQwNDM1MDQ0MDA0NTYwNDM5MDQzRDA0MzgwNDM5MDQyMDAwMzcwNDU2MDQ0MDA0MkUwMA0K</FormattedText>
						</VariantText>
						<VariantText CorrectAnswer="False">
							<PlainText>Розміром зображення на сітківці.</PlainText>
							<FormattedText>LTggMSAzIDINCi05IDEgMCAwIDAgMCAxMw0KOTYNCi05IDIgMCAwIDAgMCAxDQoNCjBFMDEwOTUzNzQ3OTZDNjU0RTYxNkQ2NTA2MEI0RTZGNzI2RDYxNkMyMDc0NjU3ODc0MEE1MzY5N0E2NTQ0NkY3NTYyNkM2NTAyMUMwODQ2NkY2RTc0NEU2MTZENjUwNjBGNTQ2OTZENjU3MzIwNEU2NTc3MjA1MjZGNkQ2MTZFMDc1NTZFNjk2MzZGNjQ2NTA5MDQ1MzY5N0E2NTAyMEUwMDAxMDg1Mzc0NjE2RTY0NjE3MjY0MDgwNzQzNjg2MTcyNzM2NTc0MDcwRjUyNTU1MzUzNDk0MTRFNUY0MzQ4NDE1MjUzNDU1NDBBNTM2OTdBNjU0NDZGNzU2MjZDNjUwMjIwMDg0NjZGNkU3NDRFNjE2RDY1MDYwRjU0Njk2RDY1NzMyMDRFNjU3NzIwNTI2RjZENjE2RTA3NTU2RTY5NjM2RjY0NjUwOTA0NTM2OTdBNjUwMjEwMDAwMA0KLTkgMiAwIDAgMCAwIDINCg0KMEUwMTA0NTQ2MTYyNzMwRTAwMDAwMA0KLTkgMiAwIDAgMCAwIDQNCg0KMEUwMA0KLTkgMCAwIDAgMCAwIDcNCjEgMSAwIDggMyAwDQoyMDA0M0UwNDM3MDQzQzA0NTYwNDQwMDQzRTA0M0MwNDIwMDAzNzA0M0UwNDMxMDQ0MDA0MzAwNDM2MDQzNTA0M0QwNDNEMDQ0RjA0MjAwMDNEMDQzMDA0MjAwMDQxMDQ1NjA0NDIwNDNBMDQ1NjA0MzIwNDQ2MDQ1NjA0MkUwMA0K</FormattedText>
						</VariantText>
						<VariantText CorrectAnswer="False">
							<PlainText>Розміром полів зору обох очей.</PlainText>
							<FormattedText>LTggMSAzIDINCi05IDEgMCAwIDAgMCAxMw0KOTYNCi05IDIgMCAwIDAgMCAxDQoNCjBFMDEwOTUzNzQ3OTZDNjU0RTYxNkQ2NTA2MEI0RTZGNzI2RDYxNkMyMDc0NjU3ODc0MEE1MzY5N0E2NTQ0NkY3NTYyNkM2NTAyMUMwODQ2NkY2RTc0NEU2MTZENjUwNjBGNTQ2OTZENjU3MzIwNEU2NTc3MjA1MjZGNkQ2MTZFMDc1NTZFNjk2MzZGNjQ2NTA5MDQ1MzY5N0E2NTAyMEUwMDAxMDg1Mzc0NjE2RTY0NjE3MjY0MDgwNzQzNjg2MTcyNzM2NTc0MDcwRjUyNTU1MzUzNDk0MTRFNUY0MzQ4NDE1MjUzNDU1NDBBNTM2OTdBNjU0NDZGNzU2MjZDNjUwMjIwMDg0NjZGNkU3NDRFNjE2RDY1MDYwRjU0Njk2RDY1NzMyMDRFNjU3NzIwNTI2RjZENjE2RTA3NTU2RTY5NjM2RjY0NjUwOTA0NTM2OTdBNjUwMjEwMDAwMA0KLTkgMiAwIDAgMCAwIDINCg0KMEUwMTA0NTQ2MTYyNzMwRTAwMDAwMA0KLTkgMiAwIDAgMCAwIDQNCg0KMEUwMA0KLTkgMCAwIDAgMCAwIDcNCjEgMSAwIDggMyAwDQoyMDA0M0UwNDM3MDQzQzA0NTYwNDQwMDQzRTA0M0MwNDIwMDAzRjA0M0UwNDNCMDQ1NjA0MzIwNDIwMDAzNzA0M0UwNDQwMDQ0MzA0MjAwMDNFMDQzMTA0M0UwNDQ1MDQyMDAwM0UwNDQ3MDQzNTA0MzkwNDJFMDANCg==</FormattedText>
						</VariantText>
					</Variants>
				</Task>
				<!-- ***** -->
				<Task Type="TYPE_TASK_CHOICE_SINGLE" Score="1">
					<Title/>
					<QuestionText>
						<PlainText>У які коркові відділи великих півкуль надходять імпульси від рецепторів правих половин сітківки обох очей?</PlainText>
						<FormattedText>LTggMSAzIDINCi05IDEgMCAwIDAgMCAxMw0KOTYNCi05IDIgMCAwIDAgMCAxDQoNCjBFMDEwOTUzNzQ3OTZDNjU0RTYxNkQ2NTA2MEI0RTZGNzI2RDYxNkMyMDc0NjU3ODc0MEE1MzY5N0E2NTQ0NkY3NTYyNkM2NTAyMUMwODQ2NkY2RTc0NEU2MTZENjUwNjBGNTQ2OTZENjU3MzIwNEU2NTc3MjA1MjZGNkQ2MTZFMDc1NTZFNjk2MzZGNjQ2NTA5MDQ1MzY5N0E2NTAyMEUwMDAxMDg1Mzc0NjE2RTY0NjE3MjY0MDgwNzQzNjg2MTcyNzM2NTc0MDcwRjUyNTU1MzUzNDk0MTRFNUY0MzQ4NDE1MjUzNDU1NDBBNTM2OTdBNjU0NDZGNzU2MjZDNjUwMjIwMDg0NjZGNkU3NDRFNjE2RDY1MDYwRjU0Njk2RDY1NzMyMDRFNjU3NzIwNTI2RjZENjE2RTA3NTU2RTY5NjM2RjY0NjUwOTA0NTM2OTdBNjUwMjEwMDAwMA0KLTkgMiAwIDAgMCAwIDINCg0KMEUwMTA0NTQ2MTYyNzMwRTAwMDAwMTA4NTM3NDYxNkU2NDYxNzI2NDA4MDk0MTZDNjk2NzZFNkQ2NTZFNzQwNzBBNzI3NjYxNEE3NTczNzQ2OTY2NzkwNDU0NjE2MjczMEUwMDAwMDANCi05IDIgMCAwIDAgMCA0DQoNCjBFMDANCi05IDAgMCAwIDAgMCA3DQoxIDEgMSA4IDMgMA0KMjMwNDIwMDA0RjA0M0EwNDU2MDQyMDAwM0EwNDNFMDQ0MDA0M0EwNDNFMDQzMjA0NTYwNDIwMDAzMjA0NTYwNDM0MDQzNDA0NTYwNDNCMDQzODA0MjAwMDMyMDQzNTA0M0IwNDM4MDQzQTA0MzgwNDQ1MDQyMDAwM0YwNDU2MDQzMjA0M0EwNDQzMDQzQjA0NEMwNDIwMDAzRDA0MzAwNDM0MDQ0NTA0M0UwNDM0MDQ0RjA0NDIwNDRDMDQyMDAwNTYwNDNDMDQzRjA0NDMwNDNCMDQ0QzA0NDEwNDM4MDQyMDAwMzIwNDU2MDQzNDA0MjAwMDQwMDQzNTA0NDYwNDM1MDQzRjA0NDIwNDNFMDQ0MDA0NTYwNDMyMDQyMDAwM0YwNDQwMDQzMDA0MzIwNDM4MDQ0NTA0MjAwMDNGMDQzRTA0M0IwNDNFMDQzMjA0MzgwNDNEMDQyMDAwNDEwNDU2MDQ0MjA0M0EwNDU2MDQzMjA0M0EwNDM4MDQyMDAwM0UwNDMxMDQzRTA0NDUwNDIwMDAzRTA0NDcwNDM1MDQzOTA0M0YwMA0K</FormattedText>
					</QuestionText>
					<Options>
						<IsAllowRandom>true</IsAllowRandom>
						<IsCompulsory>false</IsCompulsory>
						<IsOnlyForEduMode>false</IsOnlyForEduMode>
						<IsDenyPartially>false</IsDenyPartially>
					</Options>
					<Variants>
						<VariantText CorrectAnswer="False">
							<PlainText>У відділи лівої півкулі.</PlainText>
							<FormattedText>LTggMSAzIDINCi05IDEgMCAwIDAgMCAxMw0KOTYNCi05IDIgMCAwIDAgMCAxDQoNCjBFMDEwOTUzNzQ3OTZDNjU0RTYxNkQ2NTA2MEI0RTZGNzI2RDYxNkMyMDc0NjU3ODc0MEE1MzY5N0E2NTQ0NkY3NTYyNkM2NTAyMUMwODQ2NkY2RTc0NEU2MTZENjUwNjBGNTQ2OTZENjU3MzIwNEU2NTc3MjA1MjZGNkQ2MTZFMDc1NTZFNjk2MzZGNjQ2NTA5MDQ1MzY5N0E2NTAyMEUwMDAxMDg1Mzc0NjE2RTY0NjE3MjY0MDgwNzQzNjg2MTcyNzM2NTc0MDcwRjUyNTU1MzUzNDk0MTRFNUY0MzQ4NDE1MjUzNDU1NDBBNTM2OTdBNjU0NDZGNzU2MjZDNjUwMjIwMDg0NjZGNkU3NDRFNjE2RDY1MDYwRjU0Njk2RDY1NzMyMDRFNjU3NzIwNTI2RjZENjE2RTA3NTU2RTY5NjM2RjY0NjUwOTA0NTM2OTdBNjUwMjEwMDAwMA0KLTkgMiAwIDAgMCAwIDINCg0KMEUwMTA0NTQ2MTYyNzMwRTAwMDAwMA0KLTkgMiAwIDAgMCAwIDQNCg0KMEUwMA0KLTkgMCAwIDAgMCAwIDcNCjEgMSAwIDggMyAwDQoyMzA0MjAwMDMyMDQ1NjA0MzQwNDM0MDQ1NjA0M0IwNDM4MDQyMDAwM0IwNDU2MDQzMjA0M0UwNDU3MDQyMDAwM0YwNDU2MDQzMjA0M0EwNDQzMDQzQjA0NTYwNDJFMDANCg==</FormattedText>
						</VariantText>
						<VariantText CorrectAnswer="True">
							<PlainText>У відділи правої півкулі.</PlainText>
							<FormattedText>LTggMSAzIDINCi05IDEgMCAwIDAgMCAxMw0KOTYNCi05IDIgMCAwIDAgMCAxDQoNCjBFMDEwOTUzNzQ3OTZDNjU0RTYxNkQ2NTA2MEI0RTZGNzI2RDYxNkMyMDc0NjU3ODc0MEE1MzY5N0E2NTQ0NkY3NTYyNkM2NTAyMUMwODQ2NkY2RTc0NEU2MTZENjUwNjBGNTQ2OTZENjU3MzIwNEU2NTc3MjA1MjZGNkQ2MTZFMDc1NTZFNjk2MzZGNjQ2NTA5MDQ1MzY5N0E2NTAyMEUwMDAxMDg1Mzc0NjE2RTY0NjE3MjY0MDgwNzQzNjg2MTcyNzM2NTc0MDcwRjUyNTU1MzUzNDk0MTRFNUY0MzQ4NDE1MjUzNDU1NDBBNTM2OTdBNjU0NDZGNzU2MjZDNjUwMjIwMDg0NjZGNkU3NDRFNjE2RDY1MDYwRjU0Njk2RDY1NzMyMDRFNjU3NzIwNTI2RjZENjE2RTA3NTU2RTY5NjM2RjY0NjUwOTA0NTM2OTdBNjUwMjEwMDAwMA0KLTkgMiAwIDAgMCAwIDINCg0KMEUwMTA0NTQ2MTYyNzMwRTAwMDAwMA0KLTkgMiAwIDAgMCAwIDQNCg0KMEUwMA0KLTkgMCAwIDAgMCAwIDcNCjEgMSAwIDggMyAwDQoyMzA0MjAwMDMyMDQ1NjA0MzQwNDM0MDQ1NjA0M0IwNDM4MDQyMDAwM0YwNDQwMDQzMDA0MzIwNDNFMDQ1NzA0MjAwMDNGMDQ1NjA0MzIwNDNBMDQ0MzA0M0IwNDU2MDQyRTAwDQo=</FormattedText>
						</VariantText>
						<VariantText CorrectAnswer="False">
							<PlainText>У ліву асоціативну зону кори великих півкуль від обох очей.</PlainText>
							<FormattedText>LTggMSAzIDINCi05IDEgMCAwIDAgMCAxMw0KOTYNCi05IDIgMCAwIDAgMCAxDQoNCjBFMDEwOTUzNzQ3OTZDNjU0RTYxNkQ2NTA2MEI0RTZGNzI2RDYxNkMyMDc0NjU3ODc0MEE1MzY5N0E2NTQ0NkY3NTYyNkM2NTAyMUMwODQ2NkY2RTc0NEU2MTZENjUwNjBGNTQ2OTZENjU3MzIwNEU2NTc3MjA1MjZGNkQ2MTZFMDc1NTZFNjk2MzZGNjQ2NTA5MDQ1MzY5N0E2NTAyMEUwMDAxMDg1Mzc0NjE2RTY0NjE3MjY0MDgwNzQzNjg2MTcyNzM2NTc0MDcwRjUyNTU1MzUzNDk0MTRFNUY0MzQ4NDE1MjUzNDU1NDBBNTM2OTdBNjU0NDZGNzU2MjZDNjUwMjIwMDg0NjZGNkU3NDRFNjE2RDY1MDYwRjU0Njk2RDY1NzMyMDRFNjU3NzIwNTI2RjZENjE2RTA3NTU2RTY5NjM2RjY0NjUwOTA0NTM2OTdBNjUwMjEwMDAwMA0KLTkgMiAwIDAgMCAwIDINCg0KMEUwMTA0NTQ2MTYyNzMwRTAwMDAwMA0KLTkgMiAwIDAgMCAwIDQNCg0KMEUwMA0KLTkgMCAwIDAgMCAwIDcNCjEgMSAwIDggMyAwDQoyMzA0MjAwMDNCMDQ1NjA0MzIwNDQzMDQyMDAwMzAwNDQxMDQzRTA0NDYwNDU2MDQzMDA0NDIwNDM4MDQzMjA0M0QwNDQzMDQyMDAwMzcwNDNFMDQzRDA0NDMwNDIwMDAzQTA0M0UwNDQwMDQzODA0MjAwMDMyMDQzNTA0M0IwNDM4MDQzQTA0MzgwNDQ1MDQyMDAwM0YwNDU2MDQzMjA0M0EwNDQzMDQzQjA0NEMwNDIwMDAzMjA0NTYwNDM0MDQyMDAwM0UwNDMxMDQzRTA0NDUwNDIwMDAzRTA0NDcwNDM1MDQzOTA0MkUwMA0K</FormattedText>
						</VariantText>
						<VariantText CorrectAnswer="False">
							<PlainText>У праву асоціативну зону кори великих півкуль.</PlainText>
							<FormattedText>LTggMSAzIDINCi05IDEgMCAwIDAgMCAxMw0KOTYNCi05IDIgMCAwIDAgMCAxDQoNCjBFMDEwOTUzNzQ3OTZDNjU0RTYxNkQ2NTA2MEI0RTZGNzI2RDYxNkMyMDc0NjU3ODc0MEE1MzY5N0E2NTQ0NkY3NTYyNkM2NTAyMUMwODQ2NkY2RTc0NEU2MTZENjUwNjBGNTQ2OTZENjU3MzIwNEU2NTc3MjA1MjZGNkQ2MTZFMDc1NTZFNjk2MzZGNjQ2NTA5MDQ1MzY5N0E2NTAyMEUwMDAxMDg1Mzc0NjE2RTY0NjE3MjY0MDgwNzQzNjg2MTcyNzM2NTc0MDcwRjUyNTU1MzUzNDk0MTRFNUY0MzQ4NDE1MjUzNDU1NDBBNTM2OTdBNjU0NDZGNzU2MjZDNjUwMjIwMDg0NjZGNkU3NDRFNjE2RDY1MDYwRjU0Njk2RDY1NzMyMDRFNjU3NzIwNTI2RjZENjE2RTA3NTU2RTY5NjM2RjY0NjUwOTA0NTM2OTdBNjUwMjEwMDAwMA0KLTkgMiAwIDAgMCAwIDINCg0KMEUwMTA0NTQ2MTYyNzMwRTAwMDAwMA0KLTkgMiAwIDAgMCAwIDQNCg0KMEUwMA0KLTkgMCAwIDAgMCAwIDcNCjEgMSAwIDggMyAwDQoyMzA0MjAwMDNGMDQ0MDA0MzAwNDMyMDQ0MzA0MjAwMDMwMDQ0MTA0M0UwNDQ2MDQ1NjA0MzAwNDQyMDQzODA0MzIwNDNEMDQ0MzA0MjAwMDM3MDQzRTA0M0QwNDQzMDQyMDAwM0EwNDNFMDQ0MDA0MzgwNDIwMDAzMjA0MzUwNDNCMDQzODA0M0EwNDM4MDQ0NTA0MjAwMDNGMDQ1NjA0MzIwNDNBMDQ0MzA0M0IwNDRDMDQyRTAwDQo=</FormattedText>
						</VariantText>
						<VariantText CorrectAnswer="False">
							<PlainText>У відділи правої та лівої півкуль.</PlainText>
							<FormattedText>LTggMSAzIDINCi05IDEgMCAwIDAgMCAxMw0KOTYNCi05IDIgMCAwIDAgMCAxDQoNCjBFMDEwOTUzNzQ3OTZDNjU0RTYxNkQ2NTA2MEI0RTZGNzI2RDYxNkMyMDc0NjU3ODc0MEE1MzY5N0E2NTQ0NkY3NTYyNkM2NTAyMUMwODQ2NkY2RTc0NEU2MTZENjUwNjBGNTQ2OTZENjU3MzIwNEU2NTc3MjA1MjZGNkQ2MTZFMDc1NTZFNjk2MzZGNjQ2NTA5MDQ1MzY5N0E2NTAyMEUwMDAxMDg1Mzc0NjE2RTY0NjE3MjY0MDgwNzQzNjg2MTcyNzM2NTc0MDcwRjUyNTU1MzUzNDk0MTRFNUY0MzQ4NDE1MjUzNDU1NDBBNTM2OTdBNjU0NDZGNzU2MjZDNjUwMjIwMDg0NjZGNkU3NDRFNjE2RDY1MDYwRjU0Njk2RDY1NzMyMDRFNjU3NzIwNTI2RjZENjE2RTA3NTU2RTY5NjM2RjY0NjUwOTA0NTM2OTdBNjUwMjEwMDAwMA0KLTkgMiAwIDAgMCAwIDINCg0KMEUwMTA0NTQ2MTYyNzMwRTAwMDAwMA0KLTkgMiAwIDAgMCAwIDQNCg0KMEUwMA0KLTkgMCAwIDAgMCAwIDcNCjEgMSAwIDggMyAwDQoyMzA0MjAwMDMyMDQ1NjA0MzQwNDM0MDQ1NjA0M0IwNDM4MDQyMDAwM0YwNDQwMDQzMDA0MzIwNDNFMDQ1NzA0MjAwMDQyMDQzMDA0MjAwMDNCMDQ1NjA0MzIwNDNFMDQ1NzA0MjAwMDNGMDQ1NjA0MzIwNDNBMDQ0MzA0M0IwNDRDMDQyRTAwDQo=</FormattedText>
						</VariantText>
					</Variants>
				</Task>
				<!-- ***** -->
				<Task Type="TYPE_TASK_CHOICE_SINGLE" Score="1">
					<Title/>
					<QuestionText>
						<PlainText>У які коркові відділи великих півкуль надходять імпульси від рецепторів лівих половин сітківки обох очей?</PlainText>
						<FormattedText>LTggMSAzIDINCi05IDEgMCAwIDAgMCAxMw0KOTYNCi05IDIgMCAwIDAgMCAxDQoNCjBFMDEwOTUzNzQ3OTZDNjU0RTYxNkQ2NTA2MEI0RTZGNzI2RDYxNkMyMDc0NjU3ODc0MEE1MzY5N0E2NTQ0NkY3NTYyNkM2NTAyMUMwODQ2NkY2RTc0NEU2MTZENjUwNjBGNTQ2OTZENjU3MzIwNEU2NTc3MjA1MjZGNkQ2MTZFMDc1NTZFNjk2MzZGNjQ2NTA5MDQ1MzY5N0E2NTAyMEUwMDAxMDg1Mzc0NjE2RTY0NjE3MjY0MDgwNzQzNjg2MTcyNzM2NTc0MDcwRjUyNTU1MzUzNDk0MTRFNUY0MzQ4NDE1MjUzNDU1NDBBNTM2OTdBNjU0NDZGNzU2MjZDNjUwMjIwMDg0NjZGNkU3NDRFNjE2RDY1MDYwRjU0Njk2RDY1NzMyMDRFNjU3NzIwNTI2RjZENjE2RTA3NTU2RTY5NjM2RjY0NjUwOTA0NTM2OTdBNjUwMjEwMDAwMA0KLTkgMiAwIDAgMCAwIDINCg0KMEUwMTA0NTQ2MTYyNzMwRTAwMDAwMTA4NTM3NDYxNkU2NDYxNzI2NDA4MDk0MTZDNjk2NzZFNkQ2NTZFNzQwNzBBNzI3NjYxNEE3NTczNzQ2OTY2NzkwNDU0NjE2MjczMEUwMDAwMDANCi05IDIgMCAwIDAgMCA0DQoNCjBFMDANCi05IDAgMCAwIDAgMCA3DQoxIDIgMSA4IDMgMA0KMjMwNDIwMDA0RjA0M0EwNDU2MDQyMDAwM0EwNDNFMDQ0MDA0M0EwNDNFMDQzMjA0NTYwNDIwMDAzMjA0NTYwNDM0MDQzNDA0NTYwNDNCMDQzODA0MjAwMDMyMDQzNTA0M0IwNDM4MDQzQTA0MzgwNDQ1MDQyMDAwM0YwNDU2MDQzMjA0M0EwNDQzMDQzQjA0NEMwNDIwMDAzRDA0MzAwNDM0MDQ0NTA0M0UwNDM0MDQ0RjA0NDIwNDRDMDQyMDAwNTYwNDNDMDQzRjA0NDMwNDNCMDQ0QzA0NDEwNDM4MDQyMDAwMzIwNDU2MDQzNDA0MjAwMDQwMDQzNTA0NDYwNDM1MDQzRjA0NDIwNDNFMDQ0MDA0NTYwNDMyMDQyMDAwM0IwNDU2MDQzMjA0MzgwNDQ1MDQyMDAwM0YwNDNFMDQzQjA0M0UwNDMyMDQzODA0M0QwNDIwMDA0MTA0NTYwNDQyMDQzQTA0NTYwNDMyMDQzQTA0MzgwNDIwMDAzRTA0MzEwNDNFMDQ0NTA0MjAwMDNFMDQ0NzA0MzUwNDM5MDQzRjAwDQoNCg==</FormattedText>
					</QuestionText>
					<Options>
						<IsAllowRandom>true</IsAllowRandom>
						<IsCompulsory>false</IsCompulsory>
						<IsOnlyForEduMode>false</IsOnlyForEduMode>
						<IsDenyPartially>false</IsDenyPartially>
					</Options>
					<Variants>
						<VariantText CorrectAnswer="False">
							<PlainText>У відділи правої та лівої півкуль.</PlainText>
							<FormattedText>LTggMSAzIDINCi05IDEgMCAwIDAgMCAxMw0KOTYNCi05IDIgMCAwIDAgMCAxDQoNCjBFMDEwOTUzNzQ3OTZDNjU0RTYxNkQ2NTA2MEI0RTZGNzI2RDYxNkMyMDc0NjU3ODc0MEE1MzY5N0E2NTQ0NkY3NTYyNkM2NTAyMUMwODQ2NkY2RTc0NEU2MTZENjUwNjBGNTQ2OTZENjU3MzIwNEU2NTc3MjA1MjZGNkQ2MTZFMDc1NTZFNjk2MzZGNjQ2NTA5MDQ1MzY5N0E2NTAyMEUwMDAxMDg1Mzc0NjE2RTY0NjE3MjY0MDgwNzQzNjg2MTcyNzM2NTc0MDcwRjUyNTU1MzUzNDk0MTRFNUY0MzQ4NDE1MjUzNDU1NDBBNTM2OTdBNjU0NDZGNzU2MjZDNjUwMjIwMDg0NjZGNkU3NDRFNjE2RDY1MDYwRjU0Njk2RDY1NzMyMDRFNjU3NzIwNTI2RjZENjE2RTA3NTU2RTY5NjM2RjY0NjUwOTA0NTM2OTdBNjUwMjEwMDAwMA0KLTkgMiAwIDAgMCAwIDINCg0KMEUwMTA0NTQ2MTYyNzMwRTAwMDAwMA0KLTkgMiAwIDAgMCAwIDQNCg0KMEUwMA0KLTkgMCAwIDAgMCAwIDcNCjEgMSAwIDggMyAwDQoyMzA0MjAwMDMyMDQ1NjA0MzQwNDM0MDQ1NjA0M0IwNDM4MDQyMDAwM0YwNDQwMDQzMDA0MzIwNDNFMDQ1NzA0MjAwMDQyMDQzMDA0MjAwMDNCMDQ1NjA0MzIwNDNFMDQ1NzA0MjAwMDNGMDQ1NjA0MzIwNDNBMDQ0MzA0M0IwNDRDMDQyRTAwDQo=</FormattedText>
						</VariantText>
						<VariantText CorrectAnswer="True">
							<PlainText>У відділи лівої півкулі.</PlainText>
							<FormattedText>LTggMSAzIDINCi05IDEgMCAwIDAgMCAxMw0KOTYNCi05IDIgMCAwIDAgMCAxDQoNCjBFMDEwOTUzNzQ3OTZDNjU0RTYxNkQ2NTA2MEI0RTZGNzI2RDYxNkMyMDc0NjU3ODc0MEE1MzY5N0E2NTQ0NkY3NTYyNkM2NTAyMUMwODQ2NkY2RTc0NEU2MTZENjUwNjBGNTQ2OTZENjU3MzIwNEU2NTc3MjA1MjZGNkQ2MTZFMDc1NTZFNjk2MzZGNjQ2NTA5MDQ1MzY5N0E2NTAyMEUwMDAxMDg1Mzc0NjE2RTY0NjE3MjY0MDgwNzQzNjg2MTcyNzM2NTc0MDcwRjUyNTU1MzUzNDk0MTRFNUY0MzQ4NDE1MjUzNDU1NDBBNTM2OTdBNjU0NDZGNzU2MjZDNjUwMjIwMDg0NjZGNkU3NDRFNjE2RDY1MDYwRjU0Njk2RDY1NzMyMDRFNjU3NzIwNTI2RjZENjE2RTA3NTU2RTY5NjM2RjY0NjUwOTA0NTM2OTdBNjUwMjEwMDAwMA0KLTkgMiAwIDAgMCAwIDINCg0KMEUwMTA0NTQ2MTYyNzMwRTAwMDAwMA0KLTkgMiAwIDAgMCAwIDQNCg0KMEUwMA0KLTkgMCAwIDAgMCAwIDcNCjEgMSAwIDggMyAwDQoyMzA0MjAwMDMyMDQ1NjA0MzQwNDM0MDQ1NjA0M0IwNDM4MDQyMDAwM0IwNDU2MDQzMjA0M0UwNDU3MDQyMDAwM0YwNDU2MDQzMjA0M0EwNDQzMDQzQjA0NTYwNDJFMDANCg==</FormattedText>
						</VariantText>
						<VariantText CorrectAnswer="False">
							<PlainText>У ліву асоціативну зону кори великих півкуль від обох очей.</PlainText>
							<FormattedText>LTggMSAzIDINCi05IDEgMCAwIDAgMCAxMw0KOTYNCi05IDIgMCAwIDAgMCAxDQoNCjBFMDEwOTUzNzQ3OTZDNjU0RTYxNkQ2NTA2MEI0RTZGNzI2RDYxNkMyMDc0NjU3ODc0MEE1MzY5N0E2NTQ0NkY3NTYyNkM2NTAyMUMwODQ2NkY2RTc0NEU2MTZENjUwNjBGNTQ2OTZENjU3MzIwNEU2NTc3MjA1MjZGNkQ2MTZFMDc1NTZFNjk2MzZGNjQ2NTA5MDQ1MzY5N0E2NTAyMEUwMDAxMDg1Mzc0NjE2RTY0NjE3MjY0MDgwNzQzNjg2MTcyNzM2NTc0MDcwRjUyNTU1MzUzNDk0MTRFNUY0MzQ4NDE1MjUzNDU1NDBBNTM2OTdBNjU0NDZGNzU2MjZDNjUwMjIwMDg0NjZGNkU3NDRFNjE2RDY1MDYwRjU0Njk2RDY1NzMyMDRFNjU3NzIwNTI2RjZENjE2RTA3NTU2RTY5NjM2RjY0NjUwOTA0NTM2OTdBNjUwMjEwMDAwMA0KLTkgMiAwIDAgMCAwIDINCg0KMEUwMTA0NTQ2MTYyNzMwRTAwMDAwMA0KLTkgMiAwIDAgMCAwIDQNCg0KMEUwMA0KLTkgMCAwIDAgMCAwIDcNCjEgMSAwIDggMyAwDQoyMzA0MjAwMDNCMDQ1NjA0MzIwNDQzMDQyMDAwMzAwNDQxMDQzRTA0NDYwNDU2MDQzMDA0NDIwNDM4MDQzMjA0M0QwNDQzMDQyMDAwMzcwNDNFMDQzRDA0NDMwNDIwMDAzQTA0M0UwNDQwMDQzODA0MjAwMDMyMDQzNTA0M0IwNDM4MDQzQTA0MzgwNDQ1MDQyMDAwM0YwNDU2MDQzMjA0M0EwNDQzMDQzQjA0NEMwNDIwMDAzMjA0NTYwNDM0MDQyMDAwM0UwNDMxMDQzRTA0NDUwNDIwMDAzRTA0NDcwNDM1MDQzOTA0MkUwMA0K</FormattedText>
						</VariantText>
						<VariantText CorrectAnswer="False">
							<PlainText>У праву асоціативну зону кори великих півкуль.</PlainText>
							<FormattedText>LTggMSAzIDINCi05IDEgMCAwIDAgMCAxMw0KOTYNCi05IDIgMCAwIDAgMCAxDQoNCjBFMDEwOTUzNzQ3OTZDNjU0RTYxNkQ2NTA2MEI0RTZGNzI2RDYxNkMyMDc0NjU3ODc0MEE1MzY5N0E2NTQ0NkY3NTYyNkM2NTAyMUMwODQ2NkY2RTc0NEU2MTZENjUwNjBGNTQ2OTZENjU3MzIwNEU2NTc3MjA1MjZGNkQ2MTZFMDc1NTZFNjk2MzZGNjQ2NTA5MDQ1MzY5N0E2NTAyMEUwMDAxMDg1Mzc0NjE2RTY0NjE3MjY0MDgwNzQzNjg2MTcyNzM2NTc0MDcwRjUyNTU1MzUzNDk0MTRFNUY0MzQ4NDE1MjUzNDU1NDBBNTM2OTdBNjU0NDZGNzU2MjZDNjUwMjIwMDg0NjZGNkU3NDRFNjE2RDY1MDYwRjU0Njk2RDY1NzMyMDRFNjU3NzIwNTI2RjZENjE2RTA3NTU2RTY5NjM2RjY0NjUwOTA0NTM2OTdBNjUwMjEwMDAwMA0KLTkgMiAwIDAgMCAwIDINCg0KMEUwMTA0NTQ2MTYyNzMwRTAwMDAwMA0KLTkgMiAwIDAgMCAwIDQNCg0KMEUwMA0KLTkgMCAwIDAgMCAwIDcNCjEgMSAwIDggMyAwDQoyMzA0MjAwMDNGMDQ0MDA0MzAwNDMyMDQ0MzA0MjAwMDMwMDQ0MTA0M0UwNDQ2MDQ1NjA0MzAwNDQyMDQzODA0MzIwNDNEMDQ0MzA0MjAwMDM3MDQzRTA0M0QwNDQzMDQyMDAwM0EwNDNFMDQ0MDA0MzgwNDIwMDAzMjA0MzUwNDNCMDQzODA0M0EwNDM4MDQ0NTA0MjAwMDNGMDQ1NjA0MzIwNDNBMDQ0MzA0M0IwNDRDMDQyRTAwDQo=</FormattedText>
						</VariantText>
						<VariantText CorrectAnswer="False">
							<PlainText>У відділи правої півкулі.</PlainText>
							<FormattedText>LTggMSAzIDINCi05IDEgMCAwIDAgMCAxMw0KOTYNCi05IDIgMCAwIDAgMCAxDQoNCjBFMDEwOTUzNzQ3OTZDNjU0RTYxNkQ2NTA2MEI0RTZGNzI2RDYxNkMyMDc0NjU3ODc0MEE1MzY5N0E2NTQ0NkY3NTYyNkM2NTAyMUMwODQ2NkY2RTc0NEU2MTZENjUwNjBGNTQ2OTZENjU3MzIwNEU2NTc3MjA1MjZGNkQ2MTZFMDc1NTZFNjk2MzZGNjQ2NTA5MDQ1MzY5N0E2NTAyMEUwMDAxMDg1Mzc0NjE2RTY0NjE3MjY0MDgwNzQzNjg2MTcyNzM2NTc0MDcwRjUyNTU1MzUzNDk0MTRFNUY0MzQ4NDE1MjUzNDU1NDBBNTM2OTdBNjU0NDZGNzU2MjZDNjUwMjIwMDg0NjZGNkU3NDRFNjE2RDY1MDYwRjU0Njk2RDY1NzMyMDRFNjU3NzIwNTI2RjZENjE2RTA3NTU2RTY5NjM2RjY0NjUwOTA0NTM2OTdBNjUwMjEwMDAwMA0KLTkgMiAwIDAgMCAwIDINCg0KMEUwMTA0NTQ2MTYyNzMwRTAwMDAwMA0KLTkgMiAwIDAgMCAwIDQNCg0KMEUwMA0KLTkgMCAwIDAgMCAwIDcNCjEgMSAwIDggMyAwDQoyMzA0MjAwMDMyMDQ1NjA0MzQwNDM0MDQ1NjA0M0IwNDM4MDQyMDAwM0YwNDQwMDQzMDA0MzIwNDNFMDQ1NzA0MjAwMDNGMDQ1NjA0MzIwNDNBMDQ0MzA0M0IwNDU2MDQyRTAwDQo=</FormattedText>
						</VariantText>
					</Variants>
				</Task>
				<!-- ***** -->
				<Task Type="TYPE_TASK_CHOICE_SINGLE" Score="1">
					<Title/>
					<QuestionText>
						<PlainText>Що буде спостерігатися при ураженні лівого зорового нерва?</PlainText>
						<FormattedText>LTggMSAzIDINCi05IDEgMCAwIDAgMCAxMw0KOTYNCi05IDIgMCAwIDAgMCAxDQoNCjBFMDEwOTUzNzQ3OTZDNjU0RTYxNkQ2NTA2MEI0RTZGNzI2RDYxNkMyMDc0NjU3ODc0MEE1MzY5N0E2NTQ0NkY3NTYyNkM2NTAyMUMwODQ2NkY2RTc0NEU2MTZENjUwNjBGNTQ2OTZENjU3MzIwNEU2NTc3MjA1MjZGNkQ2MTZFMDc1NTZFNjk2MzZGNjQ2NTA5MDQ1MzY5N0E2NTAyMEUwMDAxMDg1Mzc0NjE2RTY0NjE3MjY0MDgwNzQzNjg2MTcyNzM2NTc0MDcwRjUyNTU1MzUzNDk0MTRFNUY0MzQ4NDE1MjUzNDU1NDBBNTM2OTdBNjU0NDZGNzU2MjZDNjUwMjIwMDg0NjZGNkU3NDRFNjE2RDY1MDYwRjU0Njk2RDY1NzMyMDRFNjU3NzIwNTI2RjZENjE2RTA3NTU2RTY5NjM2RjY0NjUwOTA0NTM2OTdBNjUwMjEwMDAwMA0KLTkgMiAwIDAgMCAwIDINCg0KMEUwMTA0NTQ2MTYyNzMwRTAwMDAwMTA4NTM3NDYxNkU2NDYxNzI2NDA4MDk0MTZDNjk2NzZFNkQ2NTZFNzQwNzBBNzI3NjYxNEE3NTczNzQ2OTY2NzkwNDU0NjE2MjczMEUwMDAwMDANCi05IDIgMCAwIDAgMCA0DQoNCjBFMDANCi05IDAgMCAwIDAgMCA3DQoxIDEgMSA4IDMgMA0KMjkwNDNFMDQyMDAwMzEwNDQzMDQzNDA0MzUwNDIwMDA0MTA0M0YwNDNFMDQ0MTA0NDIwNDM1MDQ0MDA0NTYwNDMzMDQzMDA0NDIwNDM4MDQ0MTA0NEYwNDIwMDAzRjA0NDAwNDM4MDQyMDAwNDMwNDQwMDQzMDA0MzYwNDM1MDQzRDA0M0QwNDU2MDQyMDAwM0IwNDU2MDQzMjA0M0UwNDMzMDQzRTA0MjAwMDM3MDQzRTA0NDAwNDNFMDQzMjA0M0UwNDMzMDQzRTA0MjAwMDNEMDQzNTA0NDAwNDMyMDQzMDA0M0YwMA0K</FormattedText>
					</QuestionText>
					<Options>
						<IsAllowRandom>true</IsAllowRandom>
						<IsCompulsory>false</IsCompulsory>
						<IsOnlyForEduMode>false</IsOnlyForEduMode>
						<IsDenyPartially>false</IsDenyPartially>
					</Options>
					<Variants>
						<VariantText CorrectAnswer="True">
							<PlainText>Повна сліпота лівого ока.</PlainText>
							<FormattedText>LTggMSAzIDINCi05IDEgMCAwIDAgMCAxMw0KOTYNCi05IDIgMCAwIDAgMCAxDQoNCjBFMDEwOTUzNzQ3OTZDNjU0RTYxNkQ2NTA2MEI0RTZGNzI2RDYxNkMyMDc0NjU3ODc0MEE1MzY5N0E2NTQ0NkY3NTYyNkM2NTAyMUMwODQ2NkY2RTc0NEU2MTZENjUwNjBGNTQ2OTZENjU3MzIwNEU2NTc3MjA1MjZGNkQ2MTZFMDc1NTZFNjk2MzZGNjQ2NTA5MDQ1MzY5N0E2NTAyMEUwMDAxMDg1Mzc0NjE2RTY0NjE3MjY0MDgwNzQzNjg2MTcyNzM2NTc0MDcwRjUyNTU1MzUzNDk0MTRFNUY0MzQ4NDE1MjUzNDU1NDBBNTM2OTdBNjU0NDZGNzU2MjZDNjUwMjIwMDg0NjZGNkU3NDRFNjE2RDY1MDYwRjU0Njk2RDY1NzMyMDRFNjU3NzIwNTI2RjZENjE2RTA3NTU2RTY5NjM2RjY0NjUwOTA0NTM2OTdBNjUwMjEwMDAwMA0KLTkgMiAwIDAgMCAwIDINCg0KMEUwMTA0NTQ2MTYyNzMwRTAwMDAwMA0KLTkgMiAwIDAgMCAwIDQNCg0KMEUwMA0KLTkgMCAwIDAgMCAwIDcNCjEgMSAwIDggMyAwDQoxRjA0M0UwNDMyMDQzRDA0MzAwNDIwMDA0MTA0M0IwNDU2MDQzRjA0M0UwNDQyMDQzMDA0MjAwMDNCMDQ1NjA0MzIwNDNFMDQzMzA0M0UwNDIwMDAzRTA0M0EwNDMwMDQyRTAwDQo=</FormattedText>
						</VariantText>
						<VariantText CorrectAnswer="False">
							<PlainText>Парацентральні скотоми лівого ока.</PlainText>
							<FormattedText>LTggMSAzIDINCi05IDEgMCAwIDAgMCAxMw0KOTYNCi05IDIgMCAwIDAgMCAxDQoNCjBFMDEwOTUzNzQ3OTZDNjU0RTYxNkQ2NTA2MEI0RTZGNzI2RDYxNkMyMDc0NjU3ODc0MEE1MzY5N0E2NTQ0NkY3NTYyNkM2NTAyMUMwODQ2NkY2RTc0NEU2MTZENjUwNjBGNTQ2OTZENjU3MzIwNEU2NTc3MjA1MjZGNkQ2MTZFMDc1NTZFNjk2MzZGNjQ2NTA5MDQ1MzY5N0E2NTAyMEUwMDAxMDg1Mzc0NjE2RTY0NjE3MjY0MDgwNzQzNjg2MTcyNzM2NTc0MDcwRjUyNTU1MzUzNDk0MTRFNUY0MzQ4NDE1MjUzNDU1NDBBNTM2OTdBNjU0NDZGNzU2MjZDNjUwMjIwMDg0NjZGNkU3NDRFNjE2RDY1MDYwRjU0Njk2RDY1NzMyMDRFNjU3NzIwNTI2RjZENjE2RTA3NTU2RTY5NjM2RjY0NjUwOTA0NTM2OTdBNjUwMjEwMDAwMA0KLTkgMiAwIDAgMCAwIDINCg0KMEUwMTA0NTQ2MTYyNzMwRTAwMDAwMA0KLTkgMiAwIDAgMCAwIDQNCg0KMEUwMA0KLTkgMCAwIDAgMCAwIDcNCjEgMSAwIDggMyAwDQoxRjA0MzAwNDQwMDQzMDA0NDYwNDM1MDQzRDA0NDIwNDQwMDQzMDA0M0IwNDRDMDQzRDA0NTYwNDIwMDA0MTA0M0EwNDNFMDQ0MjA0M0UwNDNDMDQzODA0MjAwMDNCMDQ1NjA0MzIwNDNFMDQzMzA0M0UwNDIwMDAzRTA0M0EwNDMwMDQyRTAwDQo=</FormattedText>
						</VariantText>
						<VariantText CorrectAnswer="False">
							<PlainText>Випадання лівого поля зору лівого ока.</PlainText>
							<FormattedText>LTggMSAzIDINCi05IDEgMCAwIDAgMCAxMw0KOTYNCi05IDIgMCAwIDAgMCAxDQoNCjBFMDEwOTUzNzQ3OTZDNjU0RTYxNkQ2NTA2MEI0RTZGNzI2RDYxNkMyMDc0NjU3ODc0MEE1MzY5N0E2NTQ0NkY3NTYyNkM2NTAyMUMwODQ2NkY2RTc0NEU2MTZENjUwNjBGNTQ2OTZENjU3MzIwNEU2NTc3MjA1MjZGNkQ2MTZFMDc1NTZFNjk2MzZGNjQ2NTA5MDQ1MzY5N0E2NTAyMEUwMDAxMDg1Mzc0NjE2RTY0NjE3MjY0MDgwNzQzNjg2MTcyNzM2NTc0MDcwRjUyNTU1MzUzNDk0MTRFNUY0MzQ4NDE1MjUzNDU1NDBBNTM2OTdBNjU0NDZGNzU2MjZDNjUwMjIwMDg0NjZGNkU3NDRFNjE2RDY1MDYwRjU0Njk2RDY1NzMyMDRFNjU3NzIwNTI2RjZENjE2RTA3NTU2RTY5NjM2RjY0NjUwOTA0NTM2OTdBNjUwMjEwMDAwMA0KLTkgMiAwIDAgMCAwIDINCg0KMEUwMTA0NTQ2MTYyNzMwRTAwMDAwMA0KLTkgMiAwIDAgMCAwIDQNCg0KMEUwMA0KLTkgMCAwIDAgMCAwIDcNCjEgMSAwIDggMyAwDQoxMjA0MzgwNDNGMDQzMDA0MzQwNDMwMDQzRDA0M0QwNDRGMDQyMDAwM0IwNDU2MDQzMjA0M0UwNDMzMDQzRTA0MjAwMDNGMDQzRTA0M0IwNDRGMDQyMDAwMzcwNDNFMDQ0MDA0NDMwNDIwMDAzQjA0NTYwNDMyMDQzRTA0MzMwNDNFMDQyMDAwM0UwNDNBMDQzMDA0MkUwMA0K</FormattedText>
						</VariantText>
						<VariantText CorrectAnswer="False">
							<PlainText>Випадання правого поля зору лівого ока.</PlainText>
							<FormattedText>LTggMSAzIDINCi05IDEgMCAwIDAgMCAxMw0KOTYNCi05IDIgMCAwIDAgMCAxDQoNCjBFMDEwOTUzNzQ3OTZDNjU0RTYxNkQ2NTA2MEI0RTZGNzI2RDYxNkMyMDc0NjU3ODc0MEE1MzY5N0E2NTQ0NkY3NTYyNkM2NTAyMUMwODQ2NkY2RTc0NEU2MTZENjUwNjBGNTQ2OTZENjU3MzIwNEU2NTc3MjA1MjZGNkQ2MTZFMDc1NTZFNjk2MzZGNjQ2NTA5MDQ1MzY5N0E2NTAyMEUwMDAxMDg1Mzc0NjE2RTY0NjE3MjY0MDgwNzQzNjg2MTcyNzM2NTc0MDcwRjUyNTU1MzUzNDk0MTRFNUY0MzQ4NDE1MjUzNDU1NDBBNTM2OTdBNjU0NDZGNzU2MjZDNjUwMjIwMDg0NjZGNkU3NDRFNjE2RDY1MDYwRjU0Njk2RDY1NzMyMDRFNjU3NzIwNTI2RjZENjE2RTA3NTU2RTY5NjM2RjY0NjUwOTA0NTM2OTdBNjUwMjEwMDAwMA0KLTkgMiAwIDAgMCAwIDINCg0KMEUwMTA0NTQ2MTYyNzMwRTAwMDAwMA0KLTkgMiAwIDAgMCAwIDQNCg0KMEUwMA0KLTkgMCAwIDAgMCAwIDcNCjEgMSAwIDggMyAwDQoxMjA0MzgwNDNGMDQzMDA0MzQwNDMwMDQzRDA0M0QwNDRGMDQyMDAwM0YwNDQwMDQzMDA0MzIwNDNFMDQzMzA0M0UwNDIwMDAzRjA0M0UwNDNCMDQ0RjA0MjAwMDM3MDQzRTA0NDAwNDQzMDQyMDAwM0IwNDU2MDQzMjA0M0UwNDMzMDQzRTA0MjAwMDNFMDQzQTA0MzAwNDJFMDANCg==</FormattedText>
						</VariantText>
						<VariantText CorrectAnswer="False">
							<PlainText>Периферичні скотоми лівого ока.</PlainText>
							<FormattedText>LTggMSAzIDINCi05IDEgMCAwIDAgMCAxMw0KOTYNCi05IDIgMCAwIDAgMCAxDQoNCjBFMDEwOTUzNzQ3OTZDNjU0RTYxNkQ2NTA2MEI0RTZGNzI2RDYxNkMyMDc0NjU3ODc0MEE1MzY5N0E2NTQ0NkY3NTYyNkM2NTAyMUMwODQ2NkY2RTc0NEU2MTZENjUwNjBGNTQ2OTZENjU3MzIwNEU2NTc3MjA1MjZGNkQ2MTZFMDc1NTZFNjk2MzZGNjQ2NTA5MDQ1MzY5N0E2NTAyMEUwMDAxMDg1Mzc0NjE2RTY0NjE3MjY0MDgwNzQzNjg2MTcyNzM2NTc0MDcwRjUyNTU1MzUzNDk0MTRFNUY0MzQ4NDE1MjUzNDU1NDBBNTM2OTdBNjU0NDZGNzU2MjZDNjUwMjIwMDg0NjZGNkU3NDRFNjE2RDY1MDYwRjU0Njk2RDY1NzMyMDRFNjU3NzIwNTI2RjZENjE2RTA3NTU2RTY5NjM2RjY0NjUwOTA0NTM2OTdBNjUwMjEwMDAwMA0KLTkgMiAwIDAgMCAwIDINCg0KMEUwMTA0NTQ2MTYyNzMwRTAwMDAwMA0KLTkgMiAwIDAgMCAwIDQNCg0KMEUwMA0KLTkgMCAwIDAgMCAwIDcNCjEgMSAwIDggMyAwDQoxRjA0MzUwNDQwMDQzODA0NDQwNDM1MDQ0MDA0MzgwNDQ3MDQzRDA0NTYwNDIwMDA0MTA0M0EwNDNFMDQ0MjA0M0UwNDNDMDQzODA0MjAwMDNCMDQ1NjA0MzIwNDNFMDQzMzA0M0UwNDIwMDAzRTA0M0EwNDMwMDQyRTAwDQo=</FormattedText>
						</VariantText>
					</Variants>
				</Task>
				<!-- ***** -->
				<Task Type="TYPE_TASK_CHOICE_SINGLE" Score="1">
					<Title/>
					<QuestionText>
						<PlainText>Що буде спостерігатися при ураженні лівого зорового тракту?</PlainText>
						<FormattedText>LTggMSAzIDINCi05IDEgMCAwIDAgMCAxMw0KOTYNCi05IDIgMCAwIDAgMCAxDQoNCjBFMDEwOTUzNzQ3OTZDNjU0RTYxNkQ2NTA2MEI0RTZGNzI2RDYxNkMyMDc0NjU3ODc0MEE1MzY5N0E2NTQ0NkY3NTYyNkM2NTAyMUMwODQ2NkY2RTc0NEU2MTZENjUwNjBGNTQ2OTZENjU3MzIwNEU2NTc3MjA1MjZGNkQ2MTZFMDc1NTZFNjk2MzZGNjQ2NTA5MDQ1MzY5N0E2NTAyMEUwMDAxMDg1Mzc0NjE2RTY0NjE3MjY0MDgwNzQzNjg2MTcyNzM2NTc0MDcwRjUyNTU1MzUzNDk0MTRFNUY0MzQ4NDE1MjUzNDU1NDBBNTM2OTdBNjU0NDZGNzU2MjZDNjUwMjIwMDg0NjZGNkU3NDRFNjE2RDY1MDYwRjU0Njk2RDY1NzMyMDRFNjU3NzIwNTI2RjZENjE2RTA3NTU2RTY5NjM2RjY0NjUwOTA0NTM2OTdBNjUwMjEwMDAwMA0KLTkgMiAwIDAgMCAwIDINCg0KMEUwMTA0NTQ2MTYyNzMwRTAwMDAwMTA4NTM3NDYxNkU2NDYxNzI2NDA4MDk0MTZDNjk2NzZFNkQ2NTZFNzQwNzBBNzI3NjYxNEE3NTczNzQ2OTY2NzkwNDU0NjE2MjczMEUwMDAwMDANCi05IDIgMCAwIDAgMCA0DQoNCjBFMDANCi05IDAgMCAwIDAgMCA3DQoxIDEgMCA4IDMgMA0KMjkwNDNFMDQyMDAwMzEwNDQzMDQzNDA0MzUwNDIwMDA0MTA0M0YwNDNFMDQ0MTA0NDIwNDM1MDQ0MDA0NTYwNDMzMDQzMDA0NDIwNDM4MDQ0MTA0NEYwNDIwMDAzRjA0NDAwNDM4MDQyMDAwNDMwNDQwMDQzMDA0MzYwNDM1MDQzRDA0M0QwNDU2MDQyMDAwM0IwNDU2MDQzMjA0M0UwNDMzMDQzRTA0MjAwMDM3MDQzRTA0NDAwNDNFMDQzMjA0M0UwNDMzMDQzRTA0MjAwMDQyMDQ0MDA0MzAwNDNBMDQ0MjA0NDMwNDNGMDANCjEgMSAxIDggMyAwDQoNCg==</FormattedText>
					</QuestionText>
					<Options>
						<IsAllowRandom>true</IsAllowRandom>
						<IsCompulsory>false</IsCompulsory>
						<IsOnlyForEduMode>false</IsOnlyForEduMode>
						<IsDenyPartially>false</IsDenyPartially>
					</Options>
					<Variants>
						<VariantText CorrectAnswer="True">
							<PlainText>Випадання правих половин полів зору обох очей.</PlainText>
							<FormattedText>LTggMSAzIDINCi05IDEgMCAwIDAgMCAxMw0KOTYNCi05IDIgMCAwIDAgMCAxDQoNCjBFMDEwOTUzNzQ3OTZDNjU0RTYxNkQ2NTA2MEI0RTZGNzI2RDYxNkMyMDc0NjU3ODc0MEE1MzY5N0E2NTQ0NkY3NTYyNkM2NTAyMUMwODQ2NkY2RTc0NEU2MTZENjUwNjBGNTQ2OTZENjU3MzIwNEU2NTc3MjA1MjZGNkQ2MTZFMDc1NTZFNjk2MzZGNjQ2NTA5MDQ1MzY5N0E2NTAyMEUwMDAxMDg1Mzc0NjE2RTY0NjE3MjY0MDgwNzQzNjg2MTcyNzM2NTc0MDcwRjUyNTU1MzUzNDk0MTRFNUY0MzQ4NDE1MjUzNDU1NDBBNTM2OTdBNjU0NDZGNzU2MjZDNjUwMjIwMDg0NjZGNkU3NDRFNjE2RDY1MDYwRjU0Njk2RDY1NzMyMDRFNjU3NzIwNTI2RjZENjE2RTA3NTU2RTY5NjM2RjY0NjUwOTA0NTM2OTdBNjUwMjEwMDAwMA0KLTkgMiAwIDAgMCAwIDINCg0KMEUwMTA0NTQ2MTYyNzMwRTAwMDAwMA0KLTkgMiAwIDAgMCAwIDQNCg0KMEUwMA0KLTkgMCAwIDAgMCAwIDcNCjEgMSAwIDggMyAwDQoxMjA0MzgwNDNGMDQzMDA0MzQwNDMwMDQzRDA0M0QwNDRGMDQyMDAwM0YwNDQwMDQzMDA0MzIwNDM4MDQ0NTA0MjAwMDNGMDQzRTA0M0IwNDNFMDQzMjA0MzgwNDNEMDQyMDAwM0YwNDNFMDQzQjA0NTYwNDMyMDQyMDAwMzcwNDNFMDQ0MDA0NDMwNDIwMDAzRTA0MzEwNDNFMDQ0NTA0MjAwMDNFMDQ0NzA0MzUwNDM5MDQyRTAwDQo=</FormattedText>
						</VariantText>
						<VariantText CorrectAnswer="False">
							<PlainText>Випадання лівих половин полів зору обох очей.</PlainText>
							<FormattedText>LTggMSAzIDINCi05IDEgMCAwIDAgMCAxMw0KOTYNCi05IDIgMCAwIDAgMCAxDQoNCjBFMDEwOTUzNzQ3OTZDNjU0RTYxNkQ2NTA2MEI0RTZGNzI2RDYxNkMyMDc0NjU3ODc0MEE1MzY5N0E2NTQ0NkY3NTYyNkM2NTAyMUMwODQ2NkY2RTc0NEU2MTZENjUwNjBGNTQ2OTZENjU3MzIwNEU2NTc3MjA1MjZGNkQ2MTZFMDc1NTZFNjk2MzZGNjQ2NTA5MDQ1MzY5N0E2NTAyMEUwMDAxMDg1Mzc0NjE2RTY0NjE3MjY0MDgwNzQzNjg2MTcyNzM2NTc0MDcwRjUyNTU1MzUzNDk0MTRFNUY0MzQ4NDE1MjUzNDU1NDBBNTM2OTdBNjU0NDZGNzU2MjZDNjUwMjIwMDg0NjZGNkU3NDRFNjE2RDY1MDYwRjU0Njk2RDY1NzMyMDRFNjU3NzIwNTI2RjZENjE2RTA3NTU2RTY5NjM2RjY0NjUwOTA0NTM2OTdBNjUwMjEwMDAwMA0KLTkgMiAwIDAgMCAwIDINCg0KMEUwMTA0NTQ2MTYyNzMwRTAwMDAwMA0KLTkgMiAwIDAgMCAwIDQNCg0KMEUwMA0KLTkgMCAwIDAgMCAwIDcNCjEgMSAwIDggMyAwDQoxMjA0MzgwNDNGMDQzMDA0MzQwNDMwMDQzRDA0M0QwNDRGMDQyMDAwM0IwNDU2MDQzMjA0MzgwNDQ1MDQyMDAwM0YwNDNFMDQzQjA0M0UwNDMyMDQzODA0M0QwNDIwMDAzRjA0M0UwNDNCMDQ1NjA0MzIwNDIwMDAzNzA0M0UwNDQwMDQ0MzA0MjAwMDNFMDQzMTA0M0UwNDQ1MDQyMDAwM0UwNDQ3MDQzNTA0MzkwNDJFMDANCg==</FormattedText>
						</VariantText>
						<VariantText CorrectAnswer="False">
							<PlainText>Випадання внутрішніх половин зору обох очей.</PlainText>
							<FormattedText>LTggMSAzIDINCi05IDEgMCAwIDAgMCAxMw0KOTYNCi05IDIgMCAwIDAgMCAxDQoNCjBFMDEwOTUzNzQ3OTZDNjU0RTYxNkQ2NTA2MEI0RTZGNzI2RDYxNkMyMDc0NjU3ODc0MEE1MzY5N0E2NTQ0NkY3NTYyNkM2NTAyMUMwODQ2NkY2RTc0NEU2MTZENjUwNjBGNTQ2OTZENjU3MzIwNEU2NTc3MjA1MjZGNkQ2MTZFMDc1NTZFNjk2MzZGNjQ2NTA5MDQ1MzY5N0E2NTAyMEUwMDAxMDg1Mzc0NjE2RTY0NjE3MjY0MDgwNzQzNjg2MTcyNzM2NTc0MDcwRjUyNTU1MzUzNDk0MTRFNUY0MzQ4NDE1MjUzNDU1NDBBNTM2OTdBNjU0NDZGNzU2MjZDNjUwMjIwMDg0NjZGNkU3NDRFNjE2RDY1MDYwRjU0Njk2RDY1NzMyMDRFNjU3NzIwNTI2RjZENjE2RTA3NTU2RTY5NjM2RjY0NjUwOTA0NTM2OTdBNjUwMjEwMDAwMA0KLTkgMiAwIDAgMCAwIDINCg0KMEUwMTA0NTQ2MTYyNzMwRTAwMDAwMA0KLTkgMiAwIDAgMCAwIDQNCg0KMEUwMA0KLTkgMCAwIDAgMCAwIDcNCjEgMSAwIDggMyAwDQoxMjA0MzgwNDNGMDQzMDA0MzQwNDMwMDQzRDA0M0QwNDRGMDQyMDAwMzIwNDNEMDQ0MzA0NDIwNDQwMDQ1NjA0NDgwNDNEMDQ1NjA0NDUwNDIwMDAzRjA0M0UwNDNCMDQzRTA0MzIwNDM4MDQzRDA0MjAwMDM3MDQzRTA0NDAwNDQzMDQyMDAwM0UwNDMxMDQzRTA0NDUwNDIwMDAzRTA0NDcwNDM1MDQzOTA0MkUwMA0K</FormattedText>
						</VariantText>
						<VariantText CorrectAnswer="False">
							<PlainText>Випадання зовнішніх половин полів зору обох очей.</PlainText>
							<FormattedText>LTggMSAzIDINCi05IDEgMCAwIDAgMCAxMw0KOTYNCi05IDIgMCAwIDAgMCAxDQoNCjBFMDEwOTUzNzQ3OTZDNjU0RTYxNkQ2NTA2MEI0RTZGNzI2RDYxNkMyMDc0NjU3ODc0MEE1MzY5N0E2NTQ0NkY3NTYyNkM2NTAyMUMwODQ2NkY2RTc0NEU2MTZENjUwNjBGNTQ2OTZENjU3MzIwNEU2NTc3MjA1MjZGNkQ2MTZFMDc1NTZFNjk2MzZGNjQ2NTA5MDQ1MzY5N0E2NTAyMEUwMDAxMDg1Mzc0NjE2RTY0NjE3MjY0MDgwNzQzNjg2MTcyNzM2NTc0MDcwRjUyNTU1MzUzNDk0MTRFNUY0MzQ4NDE1MjUzNDU1NDBBNTM2OTdBNjU0NDZGNzU2MjZDNjUwMjIwMDg0NjZGNkU3NDRFNjE2RDY1MDYwRjU0Njk2RDY1NzMyMDRFNjU3NzIwNTI2RjZENjE2RTA3NTU2RTY5NjM2RjY0NjUwOTA0NTM2OTdBNjUwMjEwMDAwMA0KLTkgMiAwIDAgMCAwIDINCg0KMEUwMTA0NTQ2MTYyNzMwRTAwMDAwMA0KLTkgMiAwIDAgMCAwIDQNCg0KMEUwMA0KLTkgMCAwIDAgMCAwIDcNCjEgMSAwIDggMyAwDQoxMjA0MzgwNDNGMDQzMDA0MzQwNDMwMDQzRDA0M0QwNDRGMDQyMDAwMzcwNDNFMDQzMjA0M0QwNDU2MDQ0ODA0M0QwNDU2MDQ0NTA0MjAwMDNGMDQzRTA0M0IwNDNFMDQzMjA0MzgwNDNEMDQyMDAwM0YwNDNFMDQzQjA0NTYwNDMyMDQyMDAwMzcwNDNFMDQ0MDA0NDMwNDIwMDAzRTA0MzEwNDNFMDQ0NTA0MjAwMDNFMDQ0NzA0MzUwNDM5MDQyRTAwDQo=</FormattedText>
						</VariantText>
						<VariantText CorrectAnswer="False">
							<PlainText>Поява центральних скотом полів зору обох очей.</PlainText>
							<FormattedText>LTggMSAzIDINCi05IDEgMCAwIDAgMCAxMw0KOTYNCi05IDIgMCAwIDAgMCAxDQoNCjBFMDEwOTUzNzQ3OTZDNjU0RTYxNkQ2NTA2MEI0RTZGNzI2RDYxNkMyMDc0NjU3ODc0MEE1MzY5N0E2NTQ0NkY3NTYyNkM2NTAyMUMwODQ2NkY2RTc0NEU2MTZENjUwNjBGNTQ2OTZENjU3MzIwNEU2NTc3MjA1MjZGNkQ2MTZFMDc1NTZFNjk2MzZGNjQ2NTA5MDQ1MzY5N0E2NTAyMEUwMDAxMDg1Mzc0NjE2RTY0NjE3MjY0MDgwNzQzNjg2MTcyNzM2NTc0MDcwRjUyNTU1MzUzNDk0MTRFNUY0MzQ4NDE1MjUzNDU1NDBBNTM2OTdBNjU0NDZGNzU2MjZDNjUwMjIwMDg0NjZGNkU3NDRFNjE2RDY1MDYwRjU0Njk2RDY1NzMyMDRFNjU3NzIwNTI2RjZENjE2RTA3NTU2RTY5NjM2RjY0NjUwOTA0NTM2OTdBNjUwMjEwMDAwMA0KLTkgMiAwIDAgMCAwIDINCg0KMEUwMTA0NTQ2MTYyNzMwRTAwMDAwMA0KLTkgMiAwIDAgMCAwIDQNCg0KMEUwMA0KLTkgMCAwIDAgMCAwIDcNCjEgMSAwIDggMyAwDQoxRjA0M0UwNDRGMDQzMjA0MzAwNDIwMDA0NjA0MzUwNDNEMDQ0MjA0NDAwNDMwMDQzQjA0NEMwNDNEMDQzODA0NDUwNDIwMDA0MTA0M0EwNDNFMDQ0MjA0M0UwNDNDMDQyMDAwM0YwNDNFMDQzQjA0NTYwNDMyMDQyMDAwMzcwNDNFMDQ0MDA0NDMwNDIwMDAzRTA0MzEwNDNFMDQ0NTA0MjAwMDNFMDQ0NzA0MzUwNDM5MDQyRTAwDQo=</FormattedText>
						</VariantText>
					</Variants>
				</Task>
				<!-- ***** -->
				<Task Type="TYPE_TASK_CHOICE_SINGLE" Score="1">
					<Title/>
					<QuestionText>
						<PlainText>Що буде спостерігатися при здавлені пухлиною гіпофіза внутрішньої частини хіазми?</PlainText>
						<FormattedText>LTggMSAzIDINCi05IDEgMCAwIDAgMCAxMw0KOTYNCi05IDIgMCAwIDAgMCAxDQoNCjBFMDEwOTUzNzQ3OTZDNjU0RTYxNkQ2NTA2MEI0RTZGNzI2RDYxNkMyMDc0NjU3ODc0MEE1MzY5N0E2NTQ0NkY3NTYyNkM2NTAyMUMwODQ2NkY2RTc0NEU2MTZENjUwNjBGNTQ2OTZENjU3MzIwNEU2NTc3MjA1MjZGNkQ2MTZFMDc1NTZFNjk2MzZGNjQ2NTA5MDQ1MzY5N0E2NTAyMEUwMDAxMDg1Mzc0NjE2RTY0NjE3MjY0MDgwNzQzNjg2MTcyNzM2NTc0MDcwRjUyNTU1MzUzNDk0MTRFNUY0MzQ4NDE1MjUzNDU1NDBBNTM2OTdBNjU0NDZGNzU2MjZDNjUwMjIwMDg0NjZGNkU3NDRFNjE2RDY1MDYwRjU0Njk2RDY1NzMyMDRFNjU3NzIwNTI2RjZENjE2RTA3NTU2RTY5NjM2RjY0NjUwOTA0NTM2OTdBNjUwMjEwMDAwMA0KLTkgMiAwIDAgMCAwIDINCg0KMEUwMTA0NTQ2MTYyNzMwRTAwMDAwMTA4NTM3NDYxNkU2NDYxNzI2NDA4MDk0MTZDNjk2NzZFNkQ2NTZFNzQwNzBBNzI3NjYxNEE3NTczNzQ2OTY2NzkwNDU0NjE2MjczMEUwMDAwMDANCi05IDIgMCAwIDAgMCA0DQoNCjBFMDANCi05IDAgMCAwIDAgMCA3DQoxIDIgMSA4IDMgMA0KMjkwNDNFMDQyMDAwMzEwNDQzMDQzNDA0MzUwNDIwMDA0MTA0M0YwNDNFMDQ0MTA0NDIwNDM1MDQ0MDA0NTYwNDMzMDQzMDA0NDIwNDM4MDQ0MTA0NEYwNDIwMDAzRjA0NDAwNDM4MDQyMDAwMzcwNDM0MDQzMDA0MzIwNDNCMDQzNTA0M0QwNDU2MDQyMDAwM0YwNDQzMDQ0NTA0M0IwNDM4MDQzRDA0M0UwNDRFMDQyMDAwMzMwNDU2MDQzRjA0M0UwNDQ0MDQ1NjA0MzcwNDMwMDQyMDAwMzIwNDNEMDQ0MzA0NDIwNDQwMDQ1NjA0NDgwNDNEMDQ0QzA0M0UwNDU3MDQyMDAwNDcwNDMwMDQ0MTA0NDIwNDM4MDQzRDA0MzgwNDIwMDA0NTA0NTYwNDMwMDQzNzA0M0MwNDM4MDQzRjAwDQoNCg==</FormattedText>
					</QuestionText>
					<Options>
						<IsAllowRandom>true</IsAllowRandom>
						<IsCompulsory>false</IsCompulsory>
						<IsOnlyForEduMode>false</IsOnlyForEduMode>
						<IsDenyPartially>false</IsDenyPartially>
					</Options>
					<Variants>
						<VariantText CorrectAnswer="True">
							<PlainText>Випадання зовнішніх половин полів зору обох очей.</PlainText>
							<FormattedText>LTggMSAzIDINCi05IDEgMCAwIDAgMCAxMw0KOTYNCi05IDIgMCAwIDAgMCAxDQoNCjBFMDEwOTUzNzQ3OTZDNjU0RTYxNkQ2NTA2MEI0RTZGNzI2RDYxNkMyMDc0NjU3ODc0MEE1MzY5N0E2NTQ0NkY3NTYyNkM2NTAyMUMwODQ2NkY2RTc0NEU2MTZENjUwNjBGNTQ2OTZENjU3MzIwNEU2NTc3MjA1MjZGNkQ2MTZFMDc1NTZFNjk2MzZGNjQ2NTA5MDQ1MzY5N0E2NTAyMEUwMDAxMDg1Mzc0NjE2RTY0NjE3MjY0MDgwNzQzNjg2MTcyNzM2NTc0MDcwRjUyNTU1MzUzNDk0MTRFNUY0MzQ4NDE1MjUzNDU1NDBBNTM2OTdBNjU0NDZGNzU2MjZDNjUwMjIwMDg0NjZGNkU3NDRFNjE2RDY1MDYwRjU0Njk2RDY1NzMyMDRFNjU3NzIwNTI2RjZENjE2RTA3NTU2RTY5NjM2RjY0NjUwOTA0NTM2OTdBNjUwMjEwMDAwMA0KLTkgMiAwIDAgMCAwIDINCg0KMEUwMTA0NTQ2MTYyNzMwRTAwMDAwMA0KLTkgMiAwIDAgMCAwIDQNCg0KMEUwMA0KLTkgMCAwIDAgMCAwIDcNCjEgMSAwIDggMyAwDQoxMjA0MzgwNDNGMDQzMDA0MzQwNDMwMDQzRDA0M0QwNDRGMDQyMDAwMzcwNDNFMDQzMjA0M0QwNDU2MDQ0ODA0M0QwNDU2MDQ0NTA0MjAwMDNGMDQzRTA0M0IwNDNFMDQzMjA0MzgwNDNEMDQyMDAwM0YwNDNFMDQzQjA0NTYwNDMyMDQyMDAwMzcwNDNFMDQ0MDA0NDMwNDIwMDAzRTA0MzEwNDNFMDQ0NTA0MjAwMDNFMDQ0NzA0MzUwNDM5MDQyRTAwDQo=</FormattedText>
						</VariantText>
						<VariantText CorrectAnswer="False">
							<PlainText>Випадання правих половин полів зору обох очей.</PlainText>
							<FormattedText>LTggMSAzIDINCi05IDEgMCAwIDAgMCAxMw0KOTYNCi05IDIgMCAwIDAgMCAxDQoNCjBFMDEwOTUzNzQ3OTZDNjU0RTYxNkQ2NTA2MEI0RTZGNzI2RDYxNkMyMDc0NjU3ODc0MEE1MzY5N0E2NTQ0NkY3NTYyNkM2NTAyMUMwODQ2NkY2RTc0NEU2MTZENjUwNjBGNTQ2OTZENjU3MzIwNEU2NTc3MjA1MjZGNkQ2MTZFMDc1NTZFNjk2MzZGNjQ2NTA5MDQ1MzY5N0E2NTAyMEUwMDAxMDg1Mzc0NjE2RTY0NjE3MjY0MDgwNzQzNjg2MTcyNzM2NTc0MDcwRjUyNTU1MzUzNDk0MTRFNUY0MzQ4NDE1MjUzNDU1NDBBNTM2OTdBNjU0NDZGNzU2MjZDNjUwMjIwMDg0NjZGNkU3NDRFNjE2RDY1MDYwRjU0Njk2RDY1NzMyMDRFNjU3NzIwNTI2RjZENjE2RTA3NTU2RTY5NjM2RjY0NjUwOTA0NTM2OTdBNjUwMjEwMDAwMA0KLTkgMiAwIDAgMCAwIDINCg0KMEUwMTA0NTQ2MTYyNzMwRTAwMDAwMA0KLTkgMiAwIDAgMCAwIDQNCg0KMEUwMA0KLTkgMCAwIDAgMCAwIDcNCjEgMSAwIDggMyAwDQoyMDAwMTIwNDM4MDQzRjA0MzAwNDM0MDQzMDA0M0QwNDNEMDQ0RjA0MjAwMDNGMDQ0MDA0MzAwNDMyMDQzODA0NDUwNDIwMDAzRjA0M0UwNDNCMDQzRTA0MzIwNDM4MDQzRDA0MjAwMDNGMDQzRTA0M0IwNDU2MDQzMjA0MjAwMDM3MDQzRTA0NDAwNDQzMDQyMDAwM0UwNDMxMDQzRTA0NDUwNDIwMDAzRTA0NDcwNDM1MDQzOTA0MkUwMA0K</FormattedText>
						</VariantText>
						<VariantText CorrectAnswer="False">
							<PlainText>Випадання лівих половин полів зору обох очей.</PlainText>
							<FormattedText>LTggMSAzIDINCi05IDEgMCAwIDAgMCAxMw0KOTYNCi05IDIgMCAwIDAgMCAxDQoNCjBFMDEwOTUzNzQ3OTZDNjU0RTYxNkQ2NTA2MEI0RTZGNzI2RDYxNkMyMDc0NjU3ODc0MEE1MzY5N0E2NTQ0NkY3NTYyNkM2NTAyMUMwODQ2NkY2RTc0NEU2MTZENjUwNjBGNTQ2OTZENjU3MzIwNEU2NTc3MjA1MjZGNkQ2MTZFMDc1NTZFNjk2MzZGNjQ2NTA5MDQ1MzY5N0E2NTAyMEUwMDAxMDg1Mzc0NjE2RTY0NjE3MjY0MDgwNzQzNjg2MTcyNzM2NTc0MDcwRjUyNTU1MzUzNDk0MTRFNUY0MzQ4NDE1MjUzNDU1NDBBNTM2OTdBNjU0NDZGNzU2MjZDNjUwMjIwMDg0NjZGNkU3NDRFNjE2RDY1MDYwRjU0Njk2RDY1NzMyMDRFNjU3NzIwNTI2RjZENjE2RTA3NTU2RTY5NjM2RjY0NjUwOTA0NTM2OTdBNjUwMjEwMDAwMA0KLTkgMiAwIDAgMCAwIDINCg0KMEUwMTA0NTQ2MTYyNzMwRTAwMDAwMA0KLTkgMiAwIDAgMCAwIDQNCg0KMEUwMA0KLTkgMCAwIDAgMCAwIDcNCjEgMSAwIDggMyAwDQoxMjA0MzgwNDNGMDQzMDA0MzQwNDMwMDQzRDA0M0QwNDRGMDQyMDAwM0IwNDU2MDQzMjA0MzgwNDQ1MDQyMDAwM0YwNDNFMDQzQjA0M0UwNDMyMDQzODA0M0QwNDIwMDAzRjA0M0UwNDNCMDQ1NjA0MzIwNDIwMDAzNzA0M0UwNDQwMDQ0MzA0MjAwMDNFMDQzMTA0M0UwNDQ1MDQyMDAwM0UwNDQ3MDQzNTA0MzkwNDJFMDANCg==</FormattedText>
						</VariantText>
						<VariantText CorrectAnswer="False">
							<PlainText>Випадання внутрішніх половин полів зору обох очей.</PlainText>
							<FormattedText>LTggMSAzIDINCi05IDEgMCAwIDAgMCAxMw0KOTYNCi05IDIgMCAwIDAgMCAxDQoNCjBFMDEwOTUzNzQ3OTZDNjU0RTYxNkQ2NTA2MEI0RTZGNzI2RDYxNkMyMDc0NjU3ODc0MEE1MzY5N0E2NTQ0NkY3NTYyNkM2NTAyMUMwODQ2NkY2RTc0NEU2MTZENjUwNjBGNTQ2OTZENjU3MzIwNEU2NTc3MjA1MjZGNkQ2MTZFMDc1NTZFNjk2MzZGNjQ2NTA5MDQ1MzY5N0E2NTAyMEUwMDAxMDg1Mzc0NjE2RTY0NjE3MjY0MDgwNzQzNjg2MTcyNzM2NTc0MDcwRjUyNTU1MzUzNDk0MTRFNUY0MzQ4NDE1MjUzNDU1NDBBNTM2OTdBNjU0NDZGNzU2MjZDNjUwMjIwMDg0NjZGNkU3NDRFNjE2RDY1MDYwRjU0Njk2RDY1NzMyMDRFNjU3NzIwNTI2RjZENjE2RTA3NTU2RTY5NjM2RjY0NjUwOTA0NTM2OTdBNjUwMjEwMDAwMA0KLTkgMiAwIDAgMCAwIDINCg0KMEUwMTA0NTQ2MTYyNzMwRTAwMDAwMA0KLTkgMiAwIDAgMCAwIDQNCg0KMEUwMA0KLTkgMCAwIDAgMCAwIDcNCjEgMSAwIDggMyAwDQoxMjA0MzgwNDNGMDQzMDA0MzQwNDMwMDQzRDA0M0QwNDRGMDQyMDAwMzIwNDNEMDQ0MzA0NDIwNDQwMDQ1NjA0NDgwNDNEMDQ1NjA0NDUwNDIwMDAzRjA0M0UwNDNCMDQzRTA0MzIwNDM4MDQzRDA0MjAwMDNGMDQzRTA0M0IwNDU2MDQzMjA0MjAwMDM3MDQzRTA0NDAwNDQzMDQyMDAwM0UwNDMxMDQzRTA0NDUwNDIwMDAzRTA0NDcwNDM1MDQzOTA0MkUwMA0K</FormattedText>
						</VariantText>
						<VariantText CorrectAnswer="False">
							<PlainText>Поява центральних скотом полів зору обох очей.</PlainText>
							<FormattedText>LTggMSAzIDINCi05IDEgMCAwIDAgMCAxMw0KOTYNCi05IDIgMCAwIDAgMCAxDQoNCjBFMDEwOTUzNzQ3OTZDNjU0RTYxNkQ2NTA2MEI0RTZGNzI2RDYxNkMyMDc0NjU3ODc0MEE1MzY5N0E2NTQ0NkY3NTYyNkM2NTAyMUMwODQ2NkY2RTc0NEU2MTZENjUwNjBGNTQ2OTZENjU3MzIwNEU2NTc3MjA1MjZGNkQ2MTZFMDc1NTZFNjk2MzZGNjQ2NTA5MDQ1MzY5N0E2NTAyMEUwMDAxMDg1Mzc0NjE2RTY0NjE3MjY0MDgwNzQzNjg2MTcyNzM2NTc0MDcwRjUyNTU1MzUzNDk0MTRFNUY0MzQ4NDE1MjUzNDU1NDBBNTM2OTdBNjU0NDZGNzU2MjZDNjUwMjIwMDg0NjZGNkU3NDRFNjE2RDY1MDYwRjU0Njk2RDY1NzMyMDRFNjU3NzIwNTI2RjZENjE2RTA3NTU2RTY5NjM2RjY0NjUwOTA0NTM2OTdBNjUwMjEwMDAwMA0KLTkgMiAwIDAgMCAwIDINCg0KMEUwMTA0NTQ2MTYyNzMwRTAwMDAwMA0KLTkgMiAwIDAgMCAwIDQNCg0KMEUwMA0KLTkgMCAwIDAgMCAwIDcNCjEgMSAwIDggMyAwDQoxRjA0M0UwNDRGMDQzMjA0MzAwNDIwMDA0NjA0MzUwNDNEMDQ0MjA0NDAwNDMwMDQzQjA0NEMwNDNEMDQzODA0NDUwNDIwMDA0MTA0M0EwNDNFMDQ0MjA0M0UwNDNDMDQyMDAwM0YwNDNFMDQzQjA0NTYwNDMyMDQyMDAwMzcwNDNFMDQ0MDA0NDMwNDIwMDAzRTA0MzEwNDNFMDQ0NTA0MjAwMDNFMDQ0NzA0MzUwNDM5MDQyRTAwDQo=</FormattedText>
						</VariantText>
					</Variants>
				</Task>
				<!-- ***** -->
				<Task Type="TYPE_TASK_CHOICE_SINGLE" Score="1">
					<Title/>
					<QuestionText>
						<PlainText>Чим обумовлена стареча далекозорість (пресбіопія)?</PlainText>
						<FormattedText>LTggMSAzIDINCi05IDEgMCAwIDAgMCAxMw0KOTYNCi05IDIgMCAwIDAgMCAxDQoNCjBFMDEwOTUzNzQ3OTZDNjU0RTYxNkQ2NTA2MEI0RTZGNzI2RDYxNkMyMDc0NjU3ODc0MEE1MzY5N0E2NTQ0NkY3NTYyNkM2NTAyMUMwODQ2NkY2RTc0NEU2MTZENjUwNjBGNTQ2OTZENjU3MzIwNEU2NTc3MjA1MjZGNkQ2MTZFMDc1NTZFNjk2MzZGNjQ2NTA5MDQ1MzY5N0E2NTAyMEUwMDAxMDg1Mzc0NjE2RTY0NjE3MjY0MDgwNzQzNjg2MTcyNzM2NTc0MDcwRjUyNTU1MzUzNDk0MTRFNUY0MzQ4NDE1MjUzNDU1NDBBNTM2OTdBNjU0NDZGNzU2MjZDNjUwMjIwMDg0NjZGNkU3NDRFNjE2RDY1MDYwRjU0Njk2RDY1NzMyMDRFNjU3NzIwNTI2RjZENjE2RTA3NTU2RTY5NjM2RjY0NjUwOTA0NTM2OTdBNjUwMjEwMDAwMA0KLTkgMiAwIDAgMCAwIDINCg0KMEUwMTA0NTQ2MTYyNzMwRTAwMDAwMTA4NTM3NDYxNkU2NDYxNzI2NDA4MDk0MTZDNjk2NzZFNkQ2NTZFNzQwNzBBNzI3NjYxNEE3NTczNzQ2OTY2NzkwNDU0NjE2MjczMEUwMDAwMDANCi05IDIgMCAwIDAgMCA0DQoNCjBFMDANCi05IDAgMCAwIDAgMCA3DQoxIDIgMSA4IDMgMA0KMjcwNDM4MDQzQzA0MjAwMDNFMDQzMTA0NDMwNDNDMDQzRTA0MzIwNDNCMDQzNTA0M0QwNDMwMDQyMDAwNDEwNDQyMDQzMDA0NDAwNDM1MDQ0NzA0MzAwNDIwMDAzNDA0MzAwNDNCMDQzNTA0M0EwNDNFMDQzNzA0M0UwNDQwMDQ1NjA0NDEwNDQyMDQ0QzA0MjAwMDI4MDAzRjA0NDAwNDM1MDQ0MTA0MzEwNDU2MDQzRTA0M0YwNDU2MDQ0RjA0MjkwMDNGMDANCg0K</FormattedText>
					</QuestionText>
					<Options>
						<IsAllowRandom>true</IsAllowRandom>
						<IsCompulsory>false</IsCompulsory>
						<IsOnlyForEduMode>false</IsOnlyForEduMode>
						<IsDenyPartially>false</IsDenyPartially>
					</Options>
					<Variants>
						<VariantText CorrectAnswer="True">
							<PlainText>Склерозуванням і сплощенням кришталика.</PlainText>
							<FormattedText>LTggMSAzIDINCi05IDEgMCAwIDAgMCAxMw0KOTYNCi05IDIgMCAwIDAgMCAxDQoNCjBFMDEwOTUzNzQ3OTZDNjU0RTYxNkQ2NTA2MEI0RTZGNzI2RDYxNkMyMDc0NjU3ODc0MEE1MzY5N0E2NTQ0NkY3NTYyNkM2NTAyMUMwODQ2NkY2RTc0NEU2MTZENjUwNjBGNTQ2OTZENjU3MzIwNEU2NTc3MjA1MjZGNkQ2MTZFMDc1NTZFNjk2MzZGNjQ2NTA5MDQ1MzY5N0E2NTAyMEUwMDAxMDg1Mzc0NjE2RTY0NjE3MjY0MDgwNzQzNjg2MTcyNzM2NTc0MDcwRjUyNTU1MzUzNDk0MTRFNUY0MzQ4NDE1MjUzNDU1NDBBNTM2OTdBNjU0NDZGNzU2MjZDNjUwMjIwMDg0NjZGNkU3NDRFNjE2RDY1MDYwRjU0Njk2RDY1NzMyMDRFNjU3NzIwNTI2RjZENjE2RTA3NTU2RTY5NjM2RjY0NjUwOTA0NTM2OTdBNjUwMjEwMDAwMA0KLTkgMiAwIDAgMCAwIDINCg0KMEUwMTA0NTQ2MTYyNzMwRTAwMDAwMA0KLTkgMiAwIDAgMCAwIDQNCg0KMEUwMA0KLTkgMCAwIDAgMCAwIDcNCjEgMSAwIDggMyAwDQoyMTA0M0EwNDNCMDQzNTA0NDAwNDNFMDQzNzA0NDMwNDMyMDQzMDA0M0QwNDNEMDQ0RjA0M0MwNDIwMDA1NjA0MjAwMDQxMDQzRjA0M0IwNDNFMDQ0OTA0MzUwNDNEMDQzRDA0NEYwNDNDMDQyMDAwM0EwNDQwMDQzODA0NDgwNDQyMDQzMDA0M0IwNDM4MDQzQTA0MzAwNDJFMDANCg==</FormattedText>
						</VariantText>
						<VariantText CorrectAnswer="False">
							<PlainText>Помутнінням і зменшенням прозорості кришталика.</PlainText>
							<FormattedText>LTggMSAzIDINCi05IDEgMCAwIDAgMCAxMw0KOTYNCi05IDIgMCAwIDAgMCAxDQoNCjBFMDEwOTUzNzQ3OTZDNjU0RTYxNkQ2NTA2MEI0RTZGNzI2RDYxNkMyMDc0NjU3ODc0MEE1MzY5N0E2NTQ0NkY3NTYyNkM2NTAyMUMwODQ2NkY2RTc0NEU2MTZENjUwNjBGNTQ2OTZENjU3MzIwNEU2NTc3MjA1MjZGNkQ2MTZFMDc1NTZFNjk2MzZGNjQ2NTA5MDQ1MzY5N0E2NTAyMEUwMDAxMDg1Mzc0NjE2RTY0NjE3MjY0MDgwNzQzNjg2MTcyNzM2NTc0MDcwRjUyNTU1MzUzNDk0MTRFNUY0MzQ4NDE1MjUzNDU1NDBBNTM2OTdBNjU0NDZGNzU2MjZDNjUwMjIwMDg0NjZGNkU3NDRFNjE2RDY1MDYwRjU0Njk2RDY1NzMyMDRFNjU3NzIwNTI2RjZENjE2RTA3NTU2RTY5NjM2RjY0NjUwOTA0NTM2OTdBNjUwMjEwMDAwMA0KLTkgMiAwIDAgMCAwIDINCg0KMEUwMTA0NTQ2MTYyNzMwRTAwMDAwMA0KLTkgMiAwIDAgMCAwIDQNCg0KMEUwMA0KLTkgMCAwIDAgMCAwIDcNCjEgMSAwIDggMyAwDQoxRjA0M0UwNDNDMDQ0MzA0NDIwNDNEMDQ1NjA0M0QwNDNEMDQ0RjA0M0MwNDIwMDA1NjA0MjAwMDM3MDQzQzA0MzUwNDNEMDQ0ODA0MzUwNDNEMDQzRDA0NEYwNDNDMDQyMDAwM0YwNDQwMDQzRTA0MzcwNDNFMDQ0MDA0M0UwNDQxMDQ0MjA0NTYwNDIwMDAzQTA0NDAwNDM4MDQ0ODA0NDIwNDMwMDQzQjA0MzgwNDNBMDQzMDA0MkUwMA0K</FormattedText>
						</VariantText>
						<VariantText CorrectAnswer="False">
							<PlainText>Віковими змінами рефракції рогівки.</PlainText>
							<FormattedText>LTggMSAzIDINCi05IDEgMCAwIDAgMCAxMw0KOTYNCi05IDIgMCAwIDAgMCAxDQoNCjBFMDEwOTUzNzQ3OTZDNjU0RTYxNkQ2NTA2MEI0RTZGNzI2RDYxNkMyMDc0NjU3ODc0MEE1MzY5N0E2NTQ0NkY3NTYyNkM2NTAyMUMwODQ2NkY2RTc0NEU2MTZENjUwNjBGNTQ2OTZENjU3MzIwNEU2NTc3MjA1MjZGNkQ2MTZFMDc1NTZFNjk2MzZGNjQ2NTA5MDQ1MzY5N0E2NTAyMEUwMDAxMDg1Mzc0NjE2RTY0NjE3MjY0MDgwNzQzNjg2MTcyNzM2NTc0MDcwRjUyNTU1MzUzNDk0MTRFNUY0MzQ4NDE1MjUzNDU1NDBBNTM2OTdBNjU0NDZGNzU2MjZDNjUwMjIwMDg0NjZGNkU3NDRFNjE2RDY1MDYwRjU0Njk2RDY1NzMyMDRFNjU3NzIwNTI2RjZENjE2RTA3NTU2RTY5NjM2RjY0NjUwOTA0NTM2OTdBNjUwMjEwMDAwMA0KLTkgMiAwIDAgMCAwIDINCg0KMEUwMTA0NTQ2MTYyNzMwRTAwMDAwMA0KLTkgMiAwIDAgMCAwIDQNCg0KMEUwMA0KLTkgMCAwIDAgMCAwIDcNCjEgMSAwIDggMyAwDQoxMjA0NTYwNDNBMDQzRTA0MzIwNDM4MDQzQzA0MzgwNDIwMDAzNzA0M0MwNDU2MDQzRDA0MzAwNDNDMDQzODA0MjAwMDQwMDQzNTA0NDQwNDQwMDQzMDA0M0EwNDQ2MDQ1NjA0NTcwNDIwMDA0MDA0M0UwNDMzMDQ1NjA0MzIwNDNBMDQzODA0MkUwMA0K</FormattedText>
						</VariantText>
						<VariantText CorrectAnswer="False">
							<PlainText>Зміною оптичної щільності склоподібного тіла.</PlainText>
							<FormattedText>LTggMSAzIDINCi05IDEgMCAwIDAgMCAxMw0KOTYNCi05IDIgMCAwIDAgMCAxDQoNCjBFMDEwOTUzNzQ3OTZDNjU0RTYxNkQ2NTA2MEI0RTZGNzI2RDYxNkMyMDc0NjU3ODc0MEE1MzY5N0E2NTQ0NkY3NTYyNkM2NTAyMUMwODQ2NkY2RTc0NEU2MTZENjUwNjBGNTQ2OTZENjU3MzIwNEU2NTc3MjA1MjZGNkQ2MTZFMDc1NTZFNjk2MzZGNjQ2NTA5MDQ1MzY5N0E2NTAyMEUwMDAxMDg1Mzc0NjE2RTY0NjE3MjY0MDgwNzQzNjg2MTcyNzM2NTc0MDcwRjUyNTU1MzUzNDk0MTRFNUY0MzQ4NDE1MjUzNDU1NDBBNTM2OTdBNjU0NDZGNzU2MjZDNjUwMjIwMDg0NjZGNkU3NDRFNjE2RDY1MDYwRjU0Njk2RDY1NzMyMDRFNjU3NzIwNTI2RjZENjE2RTA3NTU2RTY5NjM2RjY0NjUwOTA0NTM2OTdBNjUwMjEwMDAwMA0KLTkgMiAwIDAgMCAwIDINCg0KMEUwMTA0NTQ2MTYyNzMwRTAwMDAwMA0KLTkgMiAwIDAgMCAwIDQNCg0KMEUwMA0KLTkgMCAwIDAgMCAwIDcNCjEgMSAwIDggMyAwDQoxNzA0M0MwNDU2MDQzRDA0M0UwNDRFMDQyMDAwM0UwNDNGMDQ0MjA0MzgwNDQ3MDQzRDA0M0UwNDU3MDQyMDAwNDkwNDU2MDQzQjA0NEMwNDNEMDQzRTA0NDEwNDQyMDQ1NjA0MjAwMDQxMDQzQTA0M0IwNDNFMDQzRjA0M0UwNDM0MDQ1NjA0MzEwNDNEMDQzRTA0MzMwNDNFMDQyMDAwNDIwNDU2MDQzQjA0MzAwNDJFMDANCg==</FormattedText>
						</VariantText>
						<VariantText CorrectAnswer="False">
							<PlainText>Порушеннями циркуляції водянистої вологи.</PlainText>
							<FormattedText>LTggMSAzIDINCi05IDEgMCAwIDAgMCAxMw0KOTYNCi05IDIgMCAwIDAgMCAxDQoNCjBFMDEwOTUzNzQ3OTZDNjU0RTYxNkQ2NTA2MEI0RTZGNzI2RDYxNkMyMDc0NjU3ODc0MEE1MzY5N0E2NTQ0NkY3NTYyNkM2NTAyMUMwODQ2NkY2RTc0NEU2MTZENjUwNjBGNTQ2OTZENjU3MzIwNEU2NTc3MjA1MjZGNkQ2MTZFMDc1NTZFNjk2MzZGNjQ2NTA5MDQ1MzY5N0E2NTAyMEUwMDAxMDg1Mzc0NjE2RTY0NjE3MjY0MDgwNzQzNjg2MTcyNzM2NTc0MDcwRjUyNTU1MzUzNDk0MTRFNUY0MzQ4NDE1MjUzNDU1NDBBNTM2OTdBNjU0NDZGNzU2MjZDNjUwMjIwMDg0NjZGNkU3NDRFNjE2RDY1MDYwRjU0Njk2RDY1NzMyMDRFNjU3NzIwNTI2RjZENjE2RTA3NTU2RTY5NjM2RjY0NjUwOTA0NTM2OTdBNjUwMjEwMDAwMA0KLTkgMiAwIDAgMCAwIDINCg0KMEUwMTA0NTQ2MTYyNzMwRTAwMDAwMA0KLTkgMiAwIDAgMCAwIDQNCg0KMEUwMA0KLTkgMCAwIDAgMCAwIDcNCjEgMSAwIDggMyAwDQoxRjA0M0UwNDQwMDQ0MzA0NDgwNDM1MDQzRDA0M0QwNDRGMDQzQzA0MzgwNDIwMDA0NjA0MzgwNDQwMDQzQTA0NDMwNDNCMDQ0RjA0NDYwNDU2MDQ1NzA0MjAwMDMyMDQzRTA0MzQwNDRGMDQzRDA0MzgwNDQxMDQ0MjA0M0UwNDU3MDQyMDAwMzIwNDNFMDQzQjA0M0UwNDMzMDQzODA0MkUwMA0K</FormattedText>
						</VariantText>
					</Variants>
				</Task>
				<!-- ***** -->
				<Task Type="TYPE_TASK_CHOICE_SINGLE" Score="1">
					<Title/>
					<QuestionText>
						<PlainText>Чим обумовлена короткозорість (міопія)?</PlainText>
						<FormattedText>LTggMSAzIDINCi05IDEgMCAwIDAgMCAxMw0KOTYNCi05IDIgMCAwIDAgMCAxDQoNCjBFMDEwOTUzNzQ3OTZDNjU0RTYxNkQ2NTA2MEI0RTZGNzI2RDYxNkMyMDc0NjU3ODc0MEE1MzY5N0E2NTQ0NkY3NTYyNkM2NTAyMUMwODQ2NkY2RTc0NEU2MTZENjUwNjBGNTQ2OTZENjU3MzIwNEU2NTc3MjA1MjZGNkQ2MTZFMDc1NTZFNjk2MzZGNjQ2NTA5MDQ1MzY5N0E2NTAyMEUwMDAxMDg1Mzc0NjE2RTY0NjE3MjY0MDgwNzQzNjg2MTcyNzM2NTc0MDcwRjUyNTU1MzUzNDk0MTRFNUY0MzQ4NDE1MjUzNDU1NDBBNTM2OTdBNjU0NDZGNzU2MjZDNjUwMjIwMDg0NjZGNkU3NDRFNjE2RDY1MDYwRjU0Njk2RDY1NzMyMDRFNjU3NzIwNTI2RjZENjE2RTA3NTU2RTY5NjM2RjY0NjUwOTA0NTM2OTdBNjUwMjEwMDAwMA0KLTkgMiAwIDAgMCAwIDINCg0KMEUwMTA0NTQ2MTYyNzMwRTAwMDAwMTA4NTM3NDYxNkU2NDYxNzI2NDA4MDk0MTZDNjk2NzZFNkQ2NTZFNzQwNzBBNzI3NjYxNEE3NTczNzQ2OTY2NzkwNDU0NjE2MjczMEUwMDAwMDANCi05IDIgMCAwIDAgMCA0DQoNCjBFMDANCi05IDAgMCAwIDAgMCA3DQoxIDEgMSA4IDMgMA0KMjcwNDM4MDQzQzA0MjAwMDNFMDQzMTA0NDMwNDNDMDQzRTA0MzIwNDNCMDQzNTA0M0QwNDMwMDQyMDAwM0EwNDNFMDQ0MDA0M0UwNDQyMDQzQTA0M0UwNDM3MDQzRTA0NDAwNDU2MDQ0MTA0NDIwNDRDMDQyMDAwMjgwMDNDMDQ1NjA0M0UwNDNGMDQ1NjA0NEYwNDI5MDAzRjAwDQo=</FormattedText>
					</QuestionText>
					<Options>
						<IsAllowRandom>true</IsAllowRandom>
						<IsCompulsory>false</IsCompulsory>
						<IsOnlyForEduMode>false</IsOnlyForEduMode>
						<IsDenyPartially>false</IsDenyPartially>
					</Options>
					<Variants>
						<VariantText CorrectAnswer="False">
							<PlainText>Малої довжиною оптичної осі ока і недостатністю рефракції.</PlainText>
							<FormattedText>LTggMSAzIDINCi05IDEgMCAwIDAgMCAxMw0KOTYNCi05IDIgMCAwIDAgMCAxDQoNCjBFMDEwOTUzNzQ3OTZDNjU0RTYxNkQ2NTA2MEI0RTZGNzI2RDYxNkMyMDc0NjU3ODc0MEE1MzY5N0E2NTQ0NkY3NTYyNkM2NTAyMUMwODQ2NkY2RTc0NEU2MTZENjUwNjBGNTQ2OTZENjU3MzIwNEU2NTc3MjA1MjZGNkQ2MTZFMDc1NTZFNjk2MzZGNjQ2NTA5MDQ1MzY5N0E2NTAyMEUwMDAxMDg1Mzc0NjE2RTY0NjE3MjY0MDgwNzQzNjg2MTcyNzM2NTc0MDcwRjUyNTU1MzUzNDk0MTRFNUY0MzQ4NDE1MjUzNDU1NDBBNTM2OTdBNjU0NDZGNzU2MjZDNjUwMjIwMDg0NjZGNkU3NDRFNjE2RDY1MDYwRjU0Njk2RDY1NzMyMDRFNjU3NzIwNTI2RjZENjE2RTA3NTU2RTY5NjM2RjY0NjUwOTA0NTM2OTdBNjUwMjEwMDAwMA0KLTkgMiAwIDAgMCAwIDINCg0KMEUwMTA0NTQ2MTYyNzMwRTAwMDAwMA0KLTkgMiAwIDAgMCAwIDQNCg0KMEUwMA0KLTkgMCAwIDAgMCAwIDcNCjEgMSAwIDggMyAwDQoxQzA0MzAwNDNCMDQzRTA0NTcwNDIwMDAzNDA0M0UwNDMyMDQzNjA0MzgwNDNEMDQzRTA0NEUwNDIwMDAzRTA0M0YwNDQyMDQzODA0NDcwNDNEMDQzRTA0NTcwNDIwMDAzRTA0NDEwNDU2MDQyMDAwM0UwNDNBMDQzMDA0MjAwMDU2MDQyMDAwM0QwNDM1MDQzNDA0M0UwNDQxMDQ0MjA0MzAwNDQyMDQzRDA0NTYwNDQxMDQ0MjA0NEUwNDIwMDA0MDA0MzUwNDQ0MDQ0MDA0MzAwNDNBMDQ0NjA0NTYwNDU3MDQyRTAwDQo=</FormattedText>
						</VariantText>
						<VariantText CorrectAnswer="False">
							<PlainText>Ураженням сітківки.</PlainText>
							<FormattedText>LTggMSAzIDINCi05IDEgMCAwIDAgMCAxMw0KOTYNCi05IDIgMCAwIDAgMCAxDQoNCjBFMDEwOTUzNzQ3OTZDNjU0RTYxNkQ2NTA2MEI0RTZGNzI2RDYxNkMyMDc0NjU3ODc0MEE1MzY5N0E2NTQ0NkY3NTYyNkM2NTAyMUMwODQ2NkY2RTc0NEU2MTZENjUwNjBGNTQ2OTZENjU3MzIwNEU2NTc3MjA1MjZGNkQ2MTZFMDc1NTZFNjk2MzZGNjQ2NTA5MDQ1MzY5N0E2NTAyMEUwMDAxMDg1Mzc0NjE2RTY0NjE3MjY0MDgwNzQzNjg2MTcyNzM2NTc0MDcwRjUyNTU1MzUzNDk0MTRFNUY0MzQ4NDE1MjUzNDU1NDBBNTM2OTdBNjU0NDZGNzU2MjZDNjUwMjIwMDg0NjZGNkU3NDRFNjE2RDY1MDYwRjU0Njk2RDY1NzMyMDRFNjU3NzIwNTI2RjZENjE2RTA3NTU2RTY5NjM2RjY0NjUwOTA0NTM2OTdBNjUwMjEwMDAwMA0KLTkgMiAwIDAgMCAwIDINCg0KMEUwMTA0NTQ2MTYyNzMwRTAwMDAwMA0KLTkgMiAwIDAgMCAwIDQNCg0KMEUwMA0KLTkgMCAwIDAgMCAwIDcNCjEgMSAwIDggMyAwDQoyMzA0NDAwNDMwMDQzNjA0MzUwNDNEMDQzRDA0NEYwNDNDMDQyMDAwNDEwNDU2MDQ0MjA0M0EwNDU2MDQzMjA0M0EwNDM4MDQyRTAwDQo=</FormattedText>
						</VariantText>
						<VariantText CorrectAnswer="False">
							<PlainText>Ураженням зорового нерва.</PlainText>
							<FormattedText>LTggMSAzIDINCi05IDEgMCAwIDAgMCAxMw0KOTYNCi05IDIgMCAwIDAgMCAxDQoNCjBFMDEwOTUzNzQ3OTZDNjU0RTYxNkQ2NTA2MEI0RTZGNzI2RDYxNkMyMDc0NjU3ODc0MEE1MzY5N0E2NTQ0NkY3NTYyNkM2NTAyMUMwODQ2NkY2RTc0NEU2MTZENjUwNjBGNTQ2OTZENjU3MzIwNEU2NTc3MjA1MjZGNkQ2MTZFMDc1NTZFNjk2MzZGNjQ2NTA5MDQ1MzY5N0E2NTAyMEUwMDAxMDg1Mzc0NjE2RTY0NjE3MjY0MDgwNzQzNjg2MTcyNzM2NTc0MDcwRjUyNTU1MzUzNDk0MTRFNUY0MzQ4NDE1MjUzNDU1NDBBNTM2OTdBNjU0NDZGNzU2MjZDNjUwMjIwMDg0NjZGNkU3NDRFNjE2RDY1MDYwRjU0Njk2RDY1NzMyMDRFNjU3NzIwNTI2RjZENjE2RTA3NTU2RTY5NjM2RjY0NjUwOTA0NTM2OTdBNjUwMjEwMDAwMA0KLTkgMiAwIDAgMCAwIDINCg0KMEUwMTA0NTQ2MTYyNzMwRTAwMDAwMA0KLTkgMiAwIDAgMCAwIDQNCg0KMEUwMA0KLTkgMCAwIDAgMCAwIDcNCjEgMSAwIDggMyAwDQoyMzA0NDAwNDMwMDQzNjA0MzUwNDNEMDQzRDA0NEYwNDNDMDQyMDAwMzcwNDNFMDQ0MDA0M0UwNDMyMDQzRTA0MzMwNDNFMDQyMDAwM0QwNDM1MDQ0MDA0MzIwNDMwMDQyRTAwDQo=</FormattedText>
						</VariantText>
						<VariantText CorrectAnswer="False">
							<PlainText>Підвищеним тиском усередині ока і слабкістю склери.</PlainText>
							<FormattedText>LTggMSAzIDINCi05IDEgMCAwIDAgMCAxMw0KOTYNCi05IDIgMCAwIDAgMCAxDQoNCjBFMDEwOTUzNzQ3OTZDNjU0RTYxNkQ2NTA2MEI0RTZGNzI2RDYxNkMyMDc0NjU3ODc0MEE1MzY5N0E2NTQ0NkY3NTYyNkM2NTAyMUMwODQ2NkY2RTc0NEU2MTZENjUwNjBGNTQ2OTZENjU3MzIwNEU2NTc3MjA1MjZGNkQ2MTZFMDc1NTZFNjk2MzZGNjQ2NTA5MDQ1MzY5N0E2NTAyMEUwMDAxMDg1Mzc0NjE2RTY0NjE3MjY0MDgwNzQzNjg2MTcyNzM2NTc0MDcwRjUyNTU1MzUzNDk0MTRFNUY0MzQ4NDE1MjUzNDU1NDBBNTM2OTdBNjU0NDZGNzU2MjZDNjUwMjIwMDg0NjZGNkU3NDRFNjE2RDY1MDYwRjU0Njk2RDY1NzMyMDRFNjU3NzIwNTI2RjZENjE2RTA3NTU2RTY5NjM2RjY0NjUwOTA0NTM2OTdBNjUwMjEwMDAwMA0KLTkgMiAwIDAgMCAwIDINCg0KMEUwMTA0NTQ2MTYyNzMwRTAwMDAwMA0KLTkgMiAwIDAgMCAwIDQNCg0KMEUwMA0KLTkgMCAwIDAgMCAwIDcNCjEgMSAwIDggMyAwDQoxRjA0NTYwNDM0MDQzMjA0MzgwNDQ5MDQzNTA0M0QwNDM4MDQzQzA0MjAwMDQyMDQzODA0NDEwNDNBMDQzRTA0M0MwNDIwMDA0MzA0NDEwNDM1MDQ0MDA0MzUwNDM0MDQzODA0M0QwNDU2MDQyMDAwM0UwNDNBMDQzMDA0MjAwMDU2MDQyMDAwNDEwNDNCMDQzMDA0MzEwNDNBMDQ1NjA0NDEwNDQyMDQ0RTA0MjAwMDQxMDQzQTA0M0IwNDM1MDQ0MDA0MzgwNDJFMDANCg==</FormattedText>
						</VariantText>
						<VariantText CorrectAnswer="True">
							<PlainText>Фокусуванням зображення перед сітківкою.</PlainText>
							<FormattedText>LTggMSAzIDINCi05IDEgMCAwIDAgMCAxMw0KOTYNCi05IDIgMCAwIDAgMCAxDQoNCjBFMDEwOTUzNzQ3OTZDNjU0RTYxNkQ2NTA2MEI0RTZGNzI2RDYxNkMyMDc0NjU3ODc0MEE1MzY5N0E2NTQ0NkY3NTYyNkM2NTAyMUMwODQ2NkY2RTc0NEU2MTZENjUwNjBGNTQ2OTZENjU3MzIwNEU2NTc3MjA1MjZGNkQ2MTZFMDc1NTZFNjk2MzZGNjQ2NTA5MDQ1MzY5N0E2NTAyMEUwMDAxMDg1Mzc0NjE2RTY0NjE3MjY0MDgwNzQzNjg2MTcyNzM2NTc0MDcwRjUyNTU1MzUzNDk0MTRFNUY0MzQ4NDE1MjUzNDU1NDBBNTM2OTdBNjU0NDZGNzU2MjZDNjUwMjIwMDg0NjZGNkU3NDRFNjE2RDY1MDYwRjU0Njk2RDY1NzMyMDRFNjU3NzIwNTI2RjZENjE2RTA3NTU2RTY5NjM2RjY0NjUwOTA0NTM2OTdBNjUwMjEwMDAwMA0KLTkgMiAwIDAgMCAwIDINCg0KMEUwMTA0NTQ2MTYyNzMwRTAwMDAwMA0KLTkgMiAwIDAgMCAwIDQNCg0KMEUwMA0KLTkgMCAwIDAgMCAwIDcNCjEgMSAwIDggMyAwDQoyNDA0M0UwNDNBMDQ0MzA0NDEwNDQzMDQzMjA0MzAwNDNEMDQzRDA0NEYwNDNDMDQyMDAwMzcwNDNFMDQzMTA0NDAwNDMwMDQzNjA0MzUwNDNEMDQzRDA0NEYwNDIwMDAzRjA0MzUwNDQwMDQzNTA0MzQwNDIwMDA0MTA0NTYwNDQyMDQzQTA0NTYwNDMyMDQzQTA0M0UwNDRFMDQyRTAwDQo=</FormattedText>
						</VariantText>
					</Variants>
				</Task>
				<!-- ***** -->
				<Task Type="TYPE_TASK_CHOICE_SINGLE" Score="1">
					<Title/>
					<QuestionText>
						<PlainText>Чим обумовлена далекозорість (гіперметропія)?</PlainText>
						<FormattedText>LTggMSAzIDINCi05IDEgMCAwIDAgMCAxMw0KOTYNCi05IDIgMCAwIDAgMCAxDQoNCjBFMDEwOTUzNzQ3OTZDNjU0RTYxNkQ2NTA2MEI0RTZGNzI2RDYxNkMyMDc0NjU3ODc0MEE1MzY5N0E2NTQ0NkY3NTYyNkM2NTAyMUMwODQ2NkY2RTc0NEU2MTZENjUwNjBGNTQ2OTZENjU3MzIwNEU2NTc3MjA1MjZGNkQ2MTZFMDc1NTZFNjk2MzZGNjQ2NTA5MDQ1MzY5N0E2NTAyMEUwMDAxMDg1Mzc0NjE2RTY0NjE3MjY0MDgwNzQzNjg2MTcyNzM2NTc0MDcwRjUyNTU1MzUzNDk0MTRFNUY0MzQ4NDE1MjUzNDU1NDBBNTM2OTdBNjU0NDZGNzU2MjZDNjUwMjIwMDg0NjZGNkU3NDRFNjE2RDY1MDYwRjU0Njk2RDY1NzMyMDRFNjU3NzIwNTI2RjZENjE2RTA3NTU2RTY5NjM2RjY0NjUwOTA0NTM2OTdBNjUwMjEwMDAwMA0KLTkgMiAwIDAgMCAwIDINCg0KMEUwMTA0NTQ2MTYyNzMwRTAwMDAwMTA4NTM3NDYxNkU2NDYxNzI2NDA4MDk0MTZDNjk2NzZFNkQ2NTZFNzQwNzBBNzI3NjYxNEE3NTczNzQ2OTY2NzkwNDU0NjE2MjczMEUwMDAwMDANCi05IDIgMCAwIDAgMCA0DQoNCjBFMDANCi05IDAgMCAwIDAgMCA3DQoxIDIgMSA4IDMgMA0KMjcwNDM4MDQzQzA0MjAwMDNFMDQzMTA0NDMwNDNDMDQzRTA0MzIwNDNCMDQzNTA0M0QwNDMwMDQyMDAwMzQwNDMwMDQzQjA0MzUwNDNBMDQzRTA0MzcwNDNFMDQ0MDA0NTYwNDQxMDQ0MjA0NEMwNDIwMDAyODAwMzMwNDU2MDQzRjA0MzUwNDQwMDQzQzA0MzUwNDQyMDQ0MDA0M0UwNDNGMDQ1NjA0NEYwNDI5MDAzRjAwDQoNCg==</FormattedText>
					</QuestionText>
					<Options>
						<IsAllowRandom>true</IsAllowRandom>
						<IsCompulsory>false</IsCompulsory>
						<IsOnlyForEduMode>false</IsOnlyForEduMode>
						<IsDenyPartially>false</IsDenyPartially>
					</Options>
					<Variants>
						<VariantText CorrectAnswer="False">
							<PlainText>Збільшенням оптичної осі ока.</PlainText>
							<FormattedText>LTggMSAzIDINCi05IDEgMCAwIDAgMCAxMw0KOTYNCi05IDIgMCAwIDAgMCAxDQoNCjBFMDEwOTUzNzQ3OTZDNjU0RTYxNkQ2NTA2MEI0RTZGNzI2RDYxNkMyMDc0NjU3ODc0MEE1MzY5N0E2NTQ0NkY3NTYyNkM2NTAyMUMwODQ2NkY2RTc0NEU2MTZENjUwNjBGNTQ2OTZENjU3MzIwNEU2NTc3MjA1MjZGNkQ2MTZFMDc1NTZFNjk2MzZGNjQ2NTA5MDQ1MzY5N0E2NTAyMEUwMDAxMDg1Mzc0NjE2RTY0NjE3MjY0MDgwNzQzNjg2MTcyNzM2NTc0MDcwRjUyNTU1MzUzNDk0MTRFNUY0MzQ4NDE1MjUzNDU1NDBBNTM2OTdBNjU0NDZGNzU2MjZDNjUwMjIwMDg0NjZGNkU3NDRFNjE2RDY1MDYwRjU0Njk2RDY1NzMyMDRFNjU3NzIwNTI2RjZENjE2RTA3NTU2RTY5NjM2RjY0NjUwOTA0NTM2OTdBNjUwMjEwMDAwMA0KLTkgMiAwIDAgMCAwIDINCg0KMEUwMTA0NTQ2MTYyNzMwRTAwMDAwMA0KLTkgMiAwIDAgMCAwIDQNCg0KMEUwMA0KLTkgMCAwIDAgMCAwIDcNCjEgMSAwIDggMyAwDQoxNzA0MzEwNDU2MDQzQjA0NEMwNDQ4MDQzNTA0M0QwNDNEMDQ0RjA0M0MwNDIwMDAzRTA0M0YwNDQyMDQzODA0NDcwNDNEMDQzRTA0NTcwNDIwMDAzRTA0NDEwNDU2MDQyMDAwM0UwNDNBMDQzMDA0MkUwMA0K</FormattedText>
						</VariantText>
						<VariantText CorrectAnswer="False">
							<PlainText>Підвищеним тиском усередині ока і слабкістю склери.</PlainText>
							<FormattedText>LTggMSAzIDINCi05IDEgMCAwIDAgMCAxMw0KOTYNCi05IDIgMCAwIDAgMCAxDQoNCjBFMDEwOTUzNzQ3OTZDNjU0RTYxNkQ2NTA2MEI0RTZGNzI2RDYxNkMyMDc0NjU3ODc0MEE1MzY5N0E2NTQ0NkY3NTYyNkM2NTAyMUMwODQ2NkY2RTc0NEU2MTZENjUwNjBGNTQ2OTZENjU3MzIwNEU2NTc3MjA1MjZGNkQ2MTZFMDc1NTZFNjk2MzZGNjQ2NTA5MDQ1MzY5N0E2NTAyMEUwMDAxMDg1Mzc0NjE2RTY0NjE3MjY0MDgwNzQzNjg2MTcyNzM2NTc0MDcwRjUyNTU1MzUzNDk0MTRFNUY0MzQ4NDE1MjUzNDU1NDBBNTM2OTdBNjU0NDZGNzU2MjZDNjUwMjIwMDg0NjZGNkU3NDRFNjE2RDY1MDYwRjU0Njk2RDY1NzMyMDRFNjU3NzIwNTI2RjZENjE2RTA3NTU2RTY5NjM2RjY0NjUwOTA0NTM2OTdBNjUwMjEwMDAwMA0KLTkgMiAwIDAgMCAwIDINCg0KMEUwMTA0NTQ2MTYyNzMwRTAwMDAwMA0KLTkgMiAwIDAgMCAwIDQNCg0KMEUwMA0KLTkgMCAwIDAgMCAwIDcNCjEgMSAwIDggMyAwDQoxRjA0NTYwNDM0MDQzMjA0MzgwNDQ5MDQzNTA0M0QwNDM4MDQzQzA0MjAwMDQyMDQzODA0NDEwNDNBMDQzRTA0M0MwNDIwMDA0MzA0NDEwNDM1MDQ0MDA0MzUwNDM0MDQzODA0M0QwNDU2MDQyMDAwM0UwNDNBMDQzMDA0MjAwMDU2MDQyMDAwNDEwNDNCMDQzMDA0MzEwNDNBMDQ1NjA0NDEwNDQyMDQ0RTA0MjAwMDQxMDQzQTA0M0IwNDM1MDQ0MDA0MzgwNDJFMDANCg==</FormattedText>
						</VariantText>
						<VariantText CorrectAnswer="False">
							<PlainText>Ураженням зорового нерва.</PlainText>
							<FormattedText>LTggMSAzIDINCi05IDEgMCAwIDAgMCAxMw0KOTYNCi05IDIgMCAwIDAgMCAxDQoNCjBFMDEwOTUzNzQ3OTZDNjU0RTYxNkQ2NTA2MEI0RTZGNzI2RDYxNkMyMDc0NjU3ODc0MEE1MzY5N0E2NTQ0NkY3NTYyNkM2NTAyMUMwODQ2NkY2RTc0NEU2MTZENjUwNjBGNTQ2OTZENjU3MzIwNEU2NTc3MjA1MjZGNkQ2MTZFMDc1NTZFNjk2MzZGNjQ2NTA5MDQ1MzY5N0E2NTAyMEUwMDAxMDg1Mzc0NjE2RTY0NjE3MjY0MDgwNzQzNjg2MTcyNzM2NTc0MDcwRjUyNTU1MzUzNDk0MTRFNUY0MzQ4NDE1MjUzNDU1NDBBNTM2OTdBNjU0NDZGNzU2MjZDNjUwMjIwMDg0NjZGNkU3NDRFNjE2RDY1MDYwRjU0Njk2RDY1NzMyMDRFNjU3NzIwNTI2RjZENjE2RTA3NTU2RTY5NjM2RjY0NjUwOTA0NTM2OTdBNjUwMjEwMDAwMA0KLTkgMiAwIDAgMCAwIDINCg0KMEUwMTA0NTQ2MTYyNzMwRTAwMDAwMA0KLTkgMiAwIDAgMCAwIDQNCg0KMEUwMA0KLTkgMCAwIDAgMCAwIDcNCjEgMSAwIDggMyAwDQoyMzA0NDAwNDMwMDQzNjA0MzUwNDNEMDQzRDA0NEYwNDNDMDQyMDAwMzcwNDNFMDQ0MDA0M0UwNDMyMDQzRTA0MzMwNDNFMDQyMDAwM0QwNDM1MDQ0MDA0MzIwNDMwMDQyRTAwDQo=</FormattedText>
						</VariantText>
						<VariantText CorrectAnswer="False">
							<PlainText>Ураженням сітківки.</PlainText>
							<FormattedText>LTggMSAzIDINCi05IDEgMCAwIDAgMCAxMw0KOTYNCi05IDIgMCAwIDAgMCAxDQoNCjBFMDEwOTUzNzQ3OTZDNjU0RTYxNkQ2NTA2MEI0RTZGNzI2RDYxNkMyMDc0NjU3ODc0MEE1MzY5N0E2NTQ0NkY3NTYyNkM2NTAyMUMwODQ2NkY2RTc0NEU2MTZENjUwNjBGNTQ2OTZENjU3MzIwNEU2NTc3MjA1MjZGNkQ2MTZFMDc1NTZFNjk2MzZGNjQ2NTA5MDQ1MzY5N0E2NTAyMEUwMDAxMDg1Mzc0NjE2RTY0NjE3MjY0MDgwNzQzNjg2MTcyNzM2NTc0MDcwRjUyNTU1MzUzNDk0MTRFNUY0MzQ4NDE1MjUzNDU1NDBBNTM2OTdBNjU0NDZGNzU2MjZDNjUwMjIwMDg0NjZGNkU3NDRFNjE2RDY1MDYwRjU0Njk2RDY1NzMyMDRFNjU3NzIwNTI2RjZENjE2RTA3NTU2RTY5NjM2RjY0NjUwOTA0NTM2OTdBNjUwMjEwMDAwMA0KLTkgMiAwIDAgMCAwIDINCg0KMEUwMTA0NTQ2MTYyNzMwRTAwMDAwMA0KLTkgMiAwIDAgMCAwIDQNCg0KMEUwMA0KLTkgMCAwIDAgMCAwIDcNCjEgMSAwIDggMyAwDQoyMzA0NDAwNDMwMDQzNjA0MzUwNDNEMDQzRDA0NEYwNDNDMDQyMDAwNDEwNDU2MDQ0MjA0M0EwNDU2MDQzMjA0M0EwNDM4MDQyRTAwDQo=</FormattedText>
						</VariantText>
						<VariantText CorrectAnswer="True">
							<PlainText>Фокусуванням зображення за сітківкою.</PlainText>
							<FormattedText>LTggMSAzIDINCi05IDEgMCAwIDAgMCAxMw0KOTYNCi05IDIgMCAwIDAgMCAxDQoNCjBFMDEwOTUzNzQ3OTZDNjU0RTYxNkQ2NTA2MEI0RTZGNzI2RDYxNkMyMDc0NjU3ODc0MEE1MzY5N0E2NTQ0NkY3NTYyNkM2NTAyMUMwODQ2NkY2RTc0NEU2MTZENjUwNjBGNTQ2OTZENjU3MzIwNEU2NTc3MjA1MjZGNkQ2MTZFMDc1NTZFNjk2MzZGNjQ2NTA5MDQ1MzY5N0E2NTAyMEUwMDAxMDg1Mzc0NjE2RTY0NjE3MjY0MDgwNzQzNjg2MTcyNzM2NTc0MDcwRjUyNTU1MzUzNDk0MTRFNUY0MzQ4NDE1MjUzNDU1NDBBNTM2OTdBNjU0NDZGNzU2MjZDNjUwMjIwMDg0NjZGNkU3NDRFNjE2RDY1MDYwRjU0Njk2RDY1NzMyMDRFNjU3NzIwNTI2RjZENjE2RTA3NTU2RTY5NjM2RjY0NjUwOTA0NTM2OTdBNjUwMjEwMDAwMA0KLTkgMiAwIDAgMCAwIDINCg0KMEUwMTA0NTQ2MTYyNzMwRTAwMDAwMA0KLTkgMiAwIDAgMCAwIDQNCg0KMEUwMA0KLTkgMCAwIDAgMCAwIDcNCjEgMSAwIDggMyAwDQoyNDA0M0UwNDNBMDQ0MzA0NDEwNDQzMDQzMjA0MzAwNDNEMDQzRDA0NEYwNDNDMDQyMDAwMzcwNDNFMDQzMTA0NDAwNDMwMDQzNjA0MzUwNDNEMDQzRDA0NEYwNDIwMDAzNzA0MzAwNDIwMDA0MTA0NTYwNDQyMDQzQTA0NTYwNDMyMDQzQTA0M0UwNDRFMDQyRTAwDQo=</FormattedText>
						</VariantText>
					</Variants>
				</Task>
				<!-- ***** -->
				<Task Type="TYPE_TASK_CHOICE_SINGLE" Score="1">
					<Title/>
					<QuestionText>
						<PlainText>При якому стані розглянуті предмети виглядають розтягнутими?</PlainText>
						<FormattedText>LTggMSAzIDINCi05IDEgMCAwIDAgMCAxMw0KOTYNCi05IDIgMCAwIDAgMCAxDQoNCjBFMDEwOTUzNzQ3OTZDNjU0RTYxNkQ2NTA2MEI0RTZGNzI2RDYxNkMyMDc0NjU3ODc0MEE1MzY5N0E2NTQ0NkY3NTYyNkM2NTAyMUMwODQ2NkY2RTc0NEU2MTZENjUwNjBGNTQ2OTZENjU3MzIwNEU2NTc3MjA1MjZGNkQ2MTZFMDc1NTZFNjk2MzZGNjQ2NTA5MDQ1MzY5N0E2NTAyMEUwMDAxMDg1Mzc0NjE2RTY0NjE3MjY0MDgwNzQzNjg2MTcyNzM2NTc0MDcwRjUyNTU1MzUzNDk0MTRFNUY0MzQ4NDE1MjUzNDU1NDBBNTM2OTdBNjU0NDZGNzU2MjZDNjUwMjIwMDg0NjZGNkU3NDRFNjE2RDY1MDYwRjU0Njk2RDY1NzMyMDRFNjU3NzIwNTI2RjZENjE2RTA3NTU2RTY5NjM2RjY0NjUwOTA0NTM2OTdBNjUwMjEwMDAwMA0KLTkgMiAwIDAgMCAwIDINCg0KMEUwMTA0NTQ2MTYyNzMwRTAwMDAwMTA4NTM3NDYxNkU2NDYxNzI2NDA4MDk0MTZDNjk2NzZFNkQ2NTZFNzQwNzBBNzI3NjYxNEE3NTczNzQ2OTY2NzkwNDU0NjE2MjczMEUwMDAwMDANCi05IDIgMCAwIDAgMCA0DQoNCjBFMDANCi05IDAgMCAwIDAgMCA3DQoxIDIgMSA4IDMgMA0KMUYwNDQwMDQzODA0MjAwMDRGMDQzQTA0M0UwNDNDMDQ0MzA0MjAwMDQxMDQ0MjA0MzAwNDNEMDQ1NjA0MjAwMDQwMDQzRTA0MzcwNDMzMDQzQjA0NEYwNDNEMDQ0MzA0NDIwNDU2MDQyMDAwM0YwNDQwMDQzNTA0MzQwNDNDMDQzNTA0NDIwNDM4MDQyMDAwMzIwNDM4MDQzMzA0M0IwNDRGMDQzNDA0MzAwNDRFMDQ0MjA0NEMwNDIwMDA0MDA0M0UwNDM3MDQ0MjA0NEYwNDMzMDQzRDA0NDMwNDQyMDQzODA0M0MwNDM4MDQzRjAwDQoNCg==</FormattedText>
					</QuestionText>
					<Options>
						<IsAllowRandom>true</IsAllowRandom>
						<IsCompulsory>false</IsCompulsory>
						<IsOnlyForEduMode>false</IsOnlyForEduMode>
						<IsDenyPartially>false</IsDenyPartially>
					</Options>
					<Variants>
						<VariantText CorrectAnswer="False">
							<PlainText>Відшаруванні сітківки.</PlainText>
							<FormattedText>LTggMSAzIDINCi05IDEgMCAwIDAgMCAxMw0KOTYNCi05IDIgMCAwIDAgMCAxDQoNCjBFMDEwOTUzNzQ3OTZDNjU0RTYxNkQ2NTA2MEI0RTZGNzI2RDYxNkMyMDc0NjU3ODc0MEE1MzY5N0E2NTQ0NkY3NTYyNkM2NTAyMUMwODQ2NkY2RTc0NEU2MTZENjUwNjBGNTQ2OTZENjU3MzIwNEU2NTc3MjA1MjZGNkQ2MTZFMDc1NTZFNjk2MzZGNjQ2NTA5MDQ1MzY5N0E2NTAyMEUwMDAxMDg1Mzc0NjE2RTY0NjE3MjY0MDgwNzQzNjg2MTcyNzM2NTc0MDcwRjUyNTU1MzUzNDk0MTRFNUY0MzQ4NDE1MjUzNDU1NDBBNTM2OTdBNjU0NDZGNzU2MjZDNjUwMjIwMDg0NjZGNkU3NDRFNjE2RDY1MDYwRjU0Njk2RDY1NzMyMDRFNjU3NzIwNTI2RjZENjE2RTA3NTU2RTY5NjM2RjY0NjUwOTA0NTM2OTdBNjUwMjEwMDAwMA0KLTkgMiAwIDAgMCAwIDINCg0KMEUwMTA0NTQ2MTYyNzMwRTAwMDAwMA0KLTkgMiAwIDAgMCAwIDQNCg0KMEUwMA0KLTkgMCAwIDAgMCAwIDcNCjEgMSAwIDggMyAwDQoxMjA0NTYwNDM0MDQ0ODA0MzAwNDQwMDQ0MzA0MzIwNDMwMDQzRDA0M0QwNDU2MDQyMDAwNDEwNDU2MDQ0MjA0M0EwNDU2MDQzMjA0M0EwNDM4MDQyRTAwDQo=</FormattedText>
						</VariantText>
						<VariantText CorrectAnswer="False">
							<PlainText>Старечої далекозорості.</PlainText>
							<FormattedText>LTggMSAzIDINCi05IDEgMCAwIDAgMCAxMw0KOTYNCi05IDIgMCAwIDAgMCAxDQoNCjBFMDEwOTUzNzQ3OTZDNjU0RTYxNkQ2NTA2MEI0RTZGNzI2RDYxNkMyMDc0NjU3ODc0MEE1MzY5N0E2NTQ0NkY3NTYyNkM2NTAyMUMwODQ2NkY2RTc0NEU2MTZENjUwNjBGNTQ2OTZENjU3MzIwNEU2NTc3MjA1MjZGNkQ2MTZFMDc1NTZFNjk2MzZGNjQ2NTA5MDQ1MzY5N0E2NTAyMEUwMDAxMDg1Mzc0NjE2RTY0NjE3MjY0MDgwNzQzNjg2MTcyNzM2NTc0MDcwRjUyNTU1MzUzNDk0MTRFNUY0MzQ4NDE1MjUzNDU1NDBBNTM2OTdBNjU0NDZGNzU2MjZDNjUwMjIwMDg0NjZGNkU3NDRFNjE2RDY1MDYwRjU0Njk2RDY1NzMyMDRFNjU3NzIwNTI2RjZENjE2RTA3NTU2RTY5NjM2RjY0NjUwOTA0NTM2OTdBNjUwMjEwMDAwMA0KLTkgMiAwIDAgMCAwIDINCg0KMEUwMTA0NTQ2MTYyNzMwRTAwMDAwMA0KLTkgMiAwIDAgMCAwIDQNCg0KMEUwMA0KLTkgMCAwIDAgMCAwIDcNCjEgMSAwIDggMyAwDQoyMTA0NDIwNDMwMDQ0MDA0MzUwNDQ3MDQzRTA0NTcwNDIwMDAzNDA0MzAwNDNCMDQzNTA0M0EwNDNFMDQzNzA0M0UwNDQwMDQzRTA0NDEwNDQyMDQ1NjA0MkUwMA0K</FormattedText>
						</VariantText>
						<VariantText CorrectAnswer="False">
							<PlainText>Короткозорості.</PlainText>
							<FormattedText>LTggMSAzIDINCi05IDEgMCAwIDAgMCAxMw0KOTYNCi05IDIgMCAwIDAgMCAxDQoNCjBFMDEwOTUzNzQ3OTZDNjU0RTYxNkQ2NTA2MEI0RTZGNzI2RDYxNkMyMDc0NjU3ODc0MEE1MzY5N0E2NTQ0NkY3NTYyNkM2NTAyMUMwODQ2NkY2RTc0NEU2MTZENjUwNjBGNTQ2OTZENjU3MzIwNEU2NTc3MjA1MjZGNkQ2MTZFMDc1NTZFNjk2MzZGNjQ2NTA5MDQ1MzY5N0E2NTAyMEUwMDAxMDg1Mzc0NjE2RTY0NjE3MjY0MDgwNzQzNjg2MTcyNzM2NTc0MDcwRjUyNTU1MzUzNDk0MTRFNUY0MzQ4NDE1MjUzNDU1NDBBNTM2OTdBNjU0NDZGNzU2MjZDNjUwMjIwMDg0NjZGNkU3NDRFNjE2RDY1MDYwRjU0Njk2RDY1NzMyMDRFNjU3NzIwNTI2RjZENjE2RTA3NTU2RTY5NjM2RjY0NjUwOTA0NTM2OTdBNjUwMjEwMDAwMA0KLTkgMiAwIDAgMCAwIDINCg0KMEUwMTA0NTQ2MTYyNzMwRTAwMDAwMA0KLTkgMiAwIDAgMCAwIDQNCg0KMEUwMA0KLTkgMCAwIDAgMCAwIDcNCjEgMSAwIDggMyAwDQoxQTA0M0UwNDQwMDQzRTA0NDIwNDNBMDQzRTA0MzcwNDNFMDQ0MDA0M0UwNDQxMDQ0MjA0NTYwNDJFMDANCg==</FormattedText>
						</VariantText>
						<VariantText CorrectAnswer="False">
							<PlainText>Далекозорості.</PlainText>
							<FormattedText>LTggMSAzIDINCi05IDEgMCAwIDAgMCAxMw0KOTYNCi05IDIgMCAwIDAgMCAxDQoNCjBFMDEwOTUzNzQ3OTZDNjU0RTYxNkQ2NTA2MEI0RTZGNzI2RDYxNkMyMDc0NjU3ODc0MEE1MzY5N0E2NTQ0NkY3NTYyNkM2NTAyMUMwODQ2NkY2RTc0NEU2MTZENjUwNjBGNTQ2OTZENjU3MzIwNEU2NTc3MjA1MjZGNkQ2MTZFMDc1NTZFNjk2MzZGNjQ2NTA5MDQ1MzY5N0E2NTAyMEUwMDAxMDg1Mzc0NjE2RTY0NjE3MjY0MDgwNzQzNjg2MTcyNzM2NTc0MDcwRjUyNTU1MzUzNDk0MTRFNUY0MzQ4NDE1MjUzNDU1NDBBNTM2OTdBNjU0NDZGNzU2MjZDNjUwMjIwMDg0NjZGNkU3NDRFNjE2RDY1MDYwRjU0Njk2RDY1NzMyMDRFNjU3NzIwNTI2RjZENjE2RTA3NTU2RTY5NjM2RjY0NjUwOTA0NTM2OTdBNjUwMjEwMDAwMA0KLTkgMiAwIDAgMCAwIDINCg0KMEUwMTA0NTQ2MTYyNzMwRTAwMDAwMA0KLTkgMiAwIDAgMCAwIDQNCg0KMEUwMA0KLTkgMCAwIDAgMCAwIDcNCjEgMSAwIDggMyAwDQoxNDA0MzAwNDNCMDQzNTA0M0EwNDNFMDQzNzA0M0UwNDQwMDQzRTA0NDEwNDQyMDQ1NjA0MkUwMA0K</FormattedText>
						</VariantText>
						<VariantText CorrectAnswer="True">
							<PlainText>Астигматизмі.</PlainText>
							<FormattedText>LTggMSAzIDINCi05IDEgMCAwIDAgMCAxMw0KOTYNCi05IDIgMCAwIDAgMCAxDQoNCjBFMDEwOTUzNzQ3OTZDNjU0RTYxNkQ2NTA2MEI0RTZGNzI2RDYxNkMyMDc0NjU3ODc0MEE1MzY5N0E2NTQ0NkY3NTYyNkM2NTAyMUMwODQ2NkY2RTc0NEU2MTZENjUwNjBGNTQ2OTZENjU3MzIwNEU2NTc3MjA1MjZGNkQ2MTZFMDc1NTZFNjk2MzZGNjQ2NTA5MDQ1MzY5N0E2NTAyMEUwMDAxMDg1Mzc0NjE2RTY0NjE3MjY0MDgwNzQzNjg2MTcyNzM2NTc0MDcwRjUyNTU1MzUzNDk0MTRFNUY0MzQ4NDE1MjUzNDU1NDBBNTM2OTdBNjU0NDZGNzU2MjZDNjUwMjIwMDg0NjZGNkU3NDRFNjE2RDY1MDYwRjU0Njk2RDY1NzMyMDRFNjU3NzIwNTI2RjZENjE2RTA3NTU2RTY5NjM2RjY0NjUwOTA0NTM2OTdBNjUwMjEwMDAwMA0KLTkgMiAwIDAgMCAwIDINCg0KMEUwMTA0NTQ2MTYyNzMwRTAwMDAwMA0KLTkgMiAwIDAgMCAwIDQNCg0KMEUwMA0KLTkgMCAwIDAgMCAwIDcNCjEgMSAwIDggMyAwDQoxMDA0NDEwNDQyMDQzODA0MzMwNDNDMDQzMDA0NDIwNDM4MDQzNzA0M0MwNDU2MDQyRTAwDQo=</FormattedText>
						</VariantText>
					</Variants>
				</Task>
				<!-- ***** -->
				<Task Type="TYPE_TASK_CHOICE_SINGLE" Score="1">
					<Title/>
					<QuestionText>
						<PlainText>Чим може бути обумовлена відсутність сприйняття всіх кольорів (ахромазія)?</PlainText>
						<FormattedText>LTggMSAzIDINCi05IDEgMCAwIDAgMCAxMw0KOTYNCi05IDIgMCAwIDAgMCAxDQoNCjBFMDEwOTUzNzQ3OTZDNjU0RTYxNkQ2NTA2MEI0RTZGNzI2RDYxNkMyMDc0NjU3ODc0MEE1MzY5N0E2NTQ0NkY3NTYyNkM2NTAyMUMwODQ2NkY2RTc0NEU2MTZENjUwNjBGNTQ2OTZENjU3MzIwNEU2NTc3MjA1MjZGNkQ2MTZFMDc1NTZFNjk2MzZGNjQ2NTA5MDQ1MzY5N0E2NTAyMEUwMDAxMDg1Mzc0NjE2RTY0NjE3MjY0MDgwNzQzNjg2MTcyNzM2NTc0MDcwRjUyNTU1MzUzNDk0MTRFNUY0MzQ4NDE1MjUzNDU1NDBBNTM2OTdBNjU0NDZGNzU2MjZDNjUwMjIwMDg0NjZGNkU3NDRFNjE2RDY1MDYwRjU0Njk2RDY1NzMyMDRFNjU3NzIwNTI2RjZENjE2RTA3NTU2RTY5NjM2RjY0NjUwOTA0NTM2OTdBNjUwMjEwMDAwMA0KLTkgMiAwIDAgMCAwIDINCg0KMEUwMTA0NTQ2MTYyNzMwRTAwMDAwMTA4NTM3NDYxNkU2NDYxNzI2NDA4MDk0MTZDNjk2NzZFNkQ2NTZFNzQwNzBBNzI3NjYxNEE3NTczNzQ2OTY2NzkwNDU0NjE2MjczMEUwMDAwMDANCi05IDIgMCAwIDAgMCA0DQoNCjBFMDANCi05IDAgMCAwIDAgMCA3DQoxIDIgMSA4IDMgMA0KMjcwNDM4MDQzQzA0MjAwMDNDMDQzRTA0MzYwNDM1MDQyMDAwMzEwNDQzMDQ0MjA0MzgwNDIwMDAzRTA0MzEwNDQzMDQzQzA0M0UwNDMyMDQzQjA0MzUwNDNEMDQzMDA0MjAwMDMyMDQ1NjA0MzQwNDQxMDQ0MzA0NDIwNDNEMDQ1NjA0NDEwNDQyMDQ0QzA0MjAwMDQxMDQzRjA0NDAwNDM4MDQzOTA0M0QwNDRGMDQ0MjA0NDIwNDRGMDQyMDAwMzIwNDQxMDQ1NjA0NDUwNDIwMDAzQTA0M0UwNDNCMDQ0QzA0M0UwNDQwMDQ1NjA0MzIwNDIwMDAyODAwMzAwNDQ1MDQ0MDA0M0UwNDNDMDQzMDA0MzcwNDU2MDQ0RjA0MjkwMDNGMDANCg0K</FormattedText>
					</QuestionText>
					<Options>
						<IsAllowRandom>true</IsAllowRandom>
						<IsCompulsory>false</IsCompulsory>
						<IsOnlyForEduMode>false</IsOnlyForEduMode>
						<IsDenyPartially>false</IsDenyPartially>
					</Options>
					<Variants>
						<VariantText CorrectAnswer="False">
							<PlainText>Зменшення полів зору.</PlainText>
							<FormattedText>LTggMSAzIDINCi05IDEgMCAwIDAgMCAxMw0KOTYNCi05IDIgMCAwIDAgMCAxDQoNCjBFMDEwOTUzNzQ3OTZDNjU0RTYxNkQ2NTA2MEI0RTZGNzI2RDYxNkMyMDc0NjU3ODc0MEE1MzY5N0E2NTQ0NkY3NTYyNkM2NTAyMUMwODQ2NkY2RTc0NEU2MTZENjUwNjBGNTQ2OTZENjU3MzIwNEU2NTc3MjA1MjZGNkQ2MTZFMDc1NTZFNjk2MzZGNjQ2NTA5MDQ1MzY5N0E2NTAyMEUwMDAxMDg1Mzc0NjE2RTY0NjE3MjY0MDgwNzQzNjg2MTcyNzM2NTc0MDcwRjUyNTU1MzUzNDk0MTRFNUY0MzQ4NDE1MjUzNDU1NDBBNTM2OTdBNjU0NDZGNzU2MjZDNjUwMjIwMDg0NjZGNkU3NDRFNjE2RDY1MDYwRjU0Njk2RDY1NzMyMDRFNjU3NzIwNTI2RjZENjE2RTA3NTU2RTY5NjM2RjY0NjUwOTA0NTM2OTdBNjUwMjEwMDAwMA0KLTkgMiAwIDAgMCAwIDINCg0KMEUwMTA0NTQ2MTYyNzMwRTAwMDAwMA0KLTkgMiAwIDAgMCAwIDQNCg0KMEUwMA0KLTkgMCAwIDAgMCAwIDcNCjEgMSAwIDggMyAwDQoxNzA0M0MwNDM1MDQzRDA0NDgwNDM1MDQzRDA0M0QwNDRGMDQyMDAwM0YwNDNFMDQzQjA0NTYwNDMyMDQyMDAwMzcwNDNFMDQ0MDA0NDMwNDJFMDANCg==</FormattedText>
						</VariantText>
						<VariantText CorrectAnswer="False">
							<PlainText>Порушеннями ресинтезу родопсину.</PlainText>
							<FormattedText>LTggMSAzIDINCi05IDEgMCAwIDAgMCAxMw0KOTYNCi05IDIgMCAwIDAgMCAxDQoNCjBFMDEwOTUzNzQ3OTZDNjU0RTYxNkQ2NTA2MEI0RTZGNzI2RDYxNkMyMDc0NjU3ODc0MEE1MzY5N0E2NTQ0NkY3NTYyNkM2NTAyMUMwODQ2NkY2RTc0NEU2MTZENjUwNjBGNTQ2OTZENjU3MzIwNEU2NTc3MjA1MjZGNkQ2MTZFMDc1NTZFNjk2MzZGNjQ2NTA5MDQ1MzY5N0E2NTAyMEUwMDAxMDg1Mzc0NjE2RTY0NjE3MjY0MDgwNzQzNjg2MTcyNzM2NTc0MDcwRjUyNTU1MzUzNDk0MTRFNUY0MzQ4NDE1MjUzNDU1NDBBNTM2OTdBNjU0NDZGNzU2MjZDNjUwMjIwMDg0NjZGNkU3NDRFNjE2RDY1MDYwRjU0Njk2RDY1NzMyMDRFNjU3NzIwNTI2RjZENjE2RTA3NTU2RTY5NjM2RjY0NjUwOTA0NTM2OTdBNjUwMjEwMDAwMA0KLTkgMiAwIDAgMCAwIDINCg0KMEUwMTA0NTQ2MTYyNzMwRTAwMDAwMA0KLTkgMiAwIDAgMCAwIDQNCg0KMEUwMA0KLTkgMCAwIDAgMCAwIDcNCjEgMSAwIDggMyAwDQoxRjA0M0UwNDQwMDQ0MzA0NDgwNDM1MDQzRDA0M0QwNDRGMDQzQzA0MzgwNDIwMDA0MDA0MzUwNDQxMDQzODA0M0QwNDQyMDQzNTA0MzcwNDQzMDQyMDAwNDAwNDNFMDQzNDA0M0UwNDNGMDQ0MTA0MzgwNDNEMDQ0MzA0MkUwMA0K</FormattedText>
						</VariantText>
						<VariantText CorrectAnswer="False">
							<PlainText>Порушенням роботи коркового відділу зорового аналізатора.</PlainText>
							<FormattedText>LTggMSAzIDINCi05IDEgMCAwIDAgMCAxMw0KOTYNCi05IDIgMCAwIDAgMCAxDQoNCjBFMDEwOTUzNzQ3OTZDNjU0RTYxNkQ2NTA2MEI0RTZGNzI2RDYxNkMyMDc0NjU3ODc0MEE1MzY5N0E2NTQ0NkY3NTYyNkM2NTAyMUMwODQ2NkY2RTc0NEU2MTZENjUwNjBGNTQ2OTZENjU3MzIwNEU2NTc3MjA1MjZGNkQ2MTZFMDc1NTZFNjk2MzZGNjQ2NTA5MDQ1MzY5N0E2NTAyMEUwMDAxMDg1Mzc0NjE2RTY0NjE3MjY0MDgwNzQzNjg2MTcyNzM2NTc0MDcwRjUyNTU1MzUzNDk0MTRFNUY0MzQ4NDE1MjUzNDU1NDBBNTM2OTdBNjU0NDZGNzU2MjZDNjUwMjIwMDg0NjZGNkU3NDRFNjE2RDY1MDYwRjU0Njk2RDY1NzMyMDRFNjU3NzIwNTI2RjZENjE2RTA3NTU2RTY5NjM2RjY0NjUwOTA0NTM2OTdBNjUwMjEwMDAwMA0KLTkgMiAwIDAgMCAwIDINCg0KMEUwMTA0NTQ2MTYyNzMwRTAwMDAwMA0KLTkgMiAwIDAgMCAwIDQNCg0KMEUwMA0KLTkgMCAwIDAgMCAwIDcNCjEgMSAwIDggMyAwDQoxRjA0M0UwNDQwMDQ0MzA0NDgwNDM1MDQzRDA0M0QwNDRGMDQzQzA0MjAwMDQwMDQzRTA0MzEwNDNFMDQ0MjA0MzgwNDIwMDAzQTA0M0UwNDQwMDQzQTA0M0UwNDMyMDQzRTA0MzMwNDNFMDQyMDAwMzIwNDU2MDQzNDA0MzQwNDU2MDQzQjA0NDMwNDIwMDAzNzA0M0UwNDQwMDQzRTA0MzIwNDNFMDQzMzA0M0UwNDIwMDAzMDA0M0QwNDMwMDQzQjA0NTYwNDM3MDQzMDA0NDIwNDNFMDQ0MDA0MzAwNDJFMDANCg==</FormattedText>
						</VariantText>
						<VariantText CorrectAnswer="False">
							<PlainText>Природженою відсутністю паличок.</PlainText>
							<FormattedText>LTggMSAzIDINCi05IDEgMCAwIDAgMCAxMw0KOTYNCi05IDIgMCAwIDAgMCAxDQoNCjBFMDEwOTUzNzQ3OTZDNjU0RTYxNkQ2NTA2MEI0RTZGNzI2RDYxNkMyMDc0NjU3ODc0MEE1MzY5N0E2NTQ0NkY3NTYyNkM2NTAyMUMwODQ2NkY2RTc0NEU2MTZENjUwNjBGNTQ2OTZENjU3MzIwNEU2NTc3MjA1MjZGNkQ2MTZFMDc1NTZFNjk2MzZGNjQ2NTA5MDQ1MzY5N0E2NTAyMEUwMDAxMDg1Mzc0NjE2RTY0NjE3MjY0MDgwNzQzNjg2MTcyNzM2NTc0MDcwRjUyNTU1MzUzNDk0MTRFNUY0MzQ4NDE1MjUzNDU1NDBBNTM2OTdBNjU0NDZGNzU2MjZDNjUwMjIwMDg0NjZGNkU3NDRFNjE2RDY1MDYwRjU0Njk2RDY1NzMyMDRFNjU3NzIwNTI2RjZENjE2RTA3NTU2RTY5NjM2RjY0NjUwOTA0NTM2OTdBNjUwMjEwMDAwMA0KLTkgMiAwIDAgMCAwIDINCg0KMEUwMTA0NTQ2MTYyNzMwRTAwMDAwMA0KLTkgMiAwIDAgMCAwIDQNCg0KMEUwMA0KLTkgMCAwIDAgMCAwIDcNCjEgMSAwIDggMyAwDQoxRjA0NDAwNDM4MDQ0MDA0M0UwNDM0MDQzNjA0MzUwNDNEMDQzRTA0NEUwNDIwMDAzMjA0NTYwNDM0MDQ0MTA0NDMwNDQyMDQzRDA0NTYwNDQxMDQ0MjA0NEUwNDIwMDAzRjA0MzAwNDNCMDQzODA0NDcwNDNFMDQzQTA0MkUwMA0K</FormattedText>
						</VariantText>
						<VariantText CorrectAnswer="True">
							<PlainText>Природженою відсутністю колбочок.</PlainText>
							<FormattedText>LTggMSAzIDINCi05IDEgMCAwIDAgMCAxMw0KOTYNCi05IDIgMCAwIDAgMCAxDQoNCjBFMDEwOTUzNzQ3OTZDNjU0RTYxNkQ2NTA2MEI0RTZGNzI2RDYxNkMyMDc0NjU3ODc0MEE1MzY5N0E2NTQ0NkY3NTYyNkM2NTAyMUMwODQ2NkY2RTc0NEU2MTZENjUwNjBGNTQ2OTZENjU3MzIwNEU2NTc3MjA1MjZGNkQ2MTZFMDc1NTZFNjk2MzZGNjQ2NTA5MDQ1MzY5N0E2NTAyMEUwMDAxMDg1Mzc0NjE2RTY0NjE3MjY0MDgwNzQzNjg2MTcyNzM2NTc0MDcwRjUyNTU1MzUzNDk0MTRFNUY0MzQ4NDE1MjUzNDU1NDBBNTM2OTdBNjU0NDZGNzU2MjZDNjUwMjIwMDg0NjZGNkU3NDRFNjE2RDY1MDYwRjU0Njk2RDY1NzMyMDRFNjU3NzIwNTI2RjZENjE2RTA3NTU2RTY5NjM2RjY0NjUwOTA0NTM2OTdBNjUwMjEwMDAwMA0KLTkgMiAwIDAgMCAwIDINCg0KMEUwMTA0NTQ2MTYyNzMwRTAwMDAwMA0KLTkgMiAwIDAgMCAwIDQNCg0KMEUwMA0KLTkgMCAwIDAgMCAwIDcNCjEgMSAwIDggMyAwDQoxRjA0NDAwNDM4MDQ0MDA0M0UwNDM0MDQzNjA0MzUwNDNEMDQzRTA0NEUwNDIwMDAzMjA0NTYwNDM0MDQ0MTA0NDMwNDQyMDQzRDA0NTYwNDQxMDQ0MjA0NEUwNDIwMDAzQTA0M0UwNDNCMDQzMTA0M0UwNDQ3MDQzRTA0M0EwNDJFMDANCg==</FormattedText>
						</VariantText>
					</Variants>
				</Task>
				<!-- ***** -->
				<Task Type="TYPE_TASK_CHOICE_SINGLE" Score="1">
					<Title/>
					<QuestionText>
						<PlainText>Які кольори не сприймають люди, які страждають на протанопію?</PlainText>
						<FormattedText>LTggMSAzIDINCi05IDEgMCAwIDAgMCAxMw0KOTYNCi05IDIgMCAwIDAgMCAxDQoNCjBFMDEwOTUzNzQ3OTZDNjU0RTYxNkQ2NTA2MEI0RTZGNzI2RDYxNkMyMDc0NjU3ODc0MEE1MzY5N0E2NTQ0NkY3NTYyNkM2NTAyMUMwODQ2NkY2RTc0NEU2MTZENjUwNjBGNTQ2OTZENjU3MzIwNEU2NTc3MjA1MjZGNkQ2MTZFMDc1NTZFNjk2MzZGNjQ2NTA5MDQ1MzY5N0E2NTAyMEUwMDAxMDg1Mzc0NjE2RTY0NjE3MjY0MDgwNzQzNjg2MTcyNzM2NTc0MDcwRjUyNTU1MzUzNDk0MTRFNUY0MzQ4NDE1MjUzNDU1NDBBNTM2OTdBNjU0NDZGNzU2MjZDNjUwMjIwMDg0NjZGNkU3NDRFNjE2RDY1MDYwRjU0Njk2RDY1NzMyMDRFNjU3NzIwNTI2RjZENjE2RTA3NTU2RTY5NjM2RjY0NjUwOTA0NTM2OTdBNjUwMjEwMDAwMA0KLTkgMiAwIDAgMCAwIDINCg0KMEUwMTA0NTQ2MTYyNzMwRTAwMDAwMTA4NTM3NDYxNkU2NDYxNzI2NDA4MDk0MTZDNjk2NzZFNkQ2NTZFNzQwNzBBNzI3NjYxNEE3NTczNzQ2OTY2NzkwNDU0NjE2MjczMEUwMDAwMDANCi05IDIgMCAwIDAgMCA0DQoNCjBFMDANCi05IDAgMCAwIDAgMCA3DQoxIDIgMSA4IDMgMA0KMkYwNDNBMDQ1NjA0MjAwMDNBMDQzRTA0M0IwNDRDMDQzRTA0NDAwNDM4MDQyMDAwM0QwNDM1MDQyMDAwNDEwNDNGMDQ0MDA0MzgwNDM5MDQzQzA0MzAwNDRFMDQ0MjA0NEMwNDIwMDAzQjA0NEUwNDM0MDQzODA0MkMwMDIwMDA0RjA0M0EwNDU2MDQyMDAwNDEwNDQyMDQ0MDA0MzAwNDM2MDQzNDA0MzAwNDRFMDQ0MjA0NEMwNDIwMDAzRDA0MzAwNDIwMDAzRjA0NDAwNDNFMDQ0MjA0MzAwNDNEMDQzRTA0M0YwNDU2MDQ0RTA0M0YwMA0KDQo=</FormattedText>
					</QuestionText>
					<Options>
						<IsAllowRandom>true</IsAllowRandom>
						<IsCompulsory>false</IsCompulsory>
						<IsOnlyForEduMode>false</IsOnlyForEduMode>
						<IsDenyPartially>false</IsDenyPartially>
					</Options>
					<Variants>
						<VariantText CorrectAnswer="False">
							<PlainText>Синій колір.</PlainText>
							<FormattedText>LTggMSAzIDINCi05IDEgMCAwIDAgMCAxMw0KOTYNCi05IDIgMCAwIDAgMCAxDQoNCjBFMDEwOTUzNzQ3OTZDNjU0RTYxNkQ2NTA2MEI0RTZGNzI2RDYxNkMyMDc0NjU3ODc0MEE1MzY5N0E2NTQ0NkY3NTYyNkM2NTAyMUMwODQ2NkY2RTc0NEU2MTZENjUwNjBGNTQ2OTZENjU3MzIwNEU2NTc3MjA1MjZGNkQ2MTZFMDc1NTZFNjk2MzZGNjQ2NTA5MDQ1MzY5N0E2NTAyMEUwMDAxMDg1Mzc0NjE2RTY0NjE3MjY0MDgwNzQzNjg2MTcyNzM2NTc0MDcwRjUyNTU1MzUzNDk0MTRFNUY0MzQ4NDE1MjUzNDU1NDBBNTM2OTdBNjU0NDZGNzU2MjZDNjUwMjIwMDg0NjZGNkU3NDRFNjE2RDY1MDYwRjU0Njk2RDY1NzMyMDRFNjU3NzIwNTI2RjZENjE2RTA3NTU2RTY5NjM2RjY0NjUwOTA0NTM2OTdBNjUwMjEwMDAwMA0KLTkgMiAwIDAgMCAwIDINCg0KMEUwMTA0NTQ2MTYyNzMwRTAwMDAwMA0KLTkgMiAwIDAgMCAwIDQNCg0KMEUwMA0KLTkgMCAwIDAgMCAwIDcNCjEgMSAwIDggMyAwDQoyMTA0MzgwNDNEMDQ1NjA0MzkwNDIwMDAzQTA0M0UwNDNCMDQ1NjA0NDAwNDJFMDANCg==</FormattedText>
						</VariantText>
						<VariantText CorrectAnswer="False">
							<PlainText>Зелений колір.</PlainText>
							<FormattedText>LTggMSAzIDINCi05IDEgMCAwIDAgMCAxMw0KOTYNCi05IDIgMCAwIDAgMCAxDQoNCjBFMDEwOTUzNzQ3OTZDNjU0RTYxNkQ2NTA2MEI0RTZGNzI2RDYxNkMyMDc0NjU3ODc0MEE1MzY5N0E2NTQ0NkY3NTYyNkM2NTAyMUMwODQ2NkY2RTc0NEU2MTZENjUwNjBGNTQ2OTZENjU3MzIwNEU2NTc3MjA1MjZGNkQ2MTZFMDc1NTZFNjk2MzZGNjQ2NTA5MDQ1MzY5N0E2NTAyMEUwMDAxMDg1Mzc0NjE2RTY0NjE3MjY0MDgwNzQzNjg2MTcyNzM2NTc0MDcwRjUyNTU1MzUzNDk0MTRFNUY0MzQ4NDE1MjUzNDU1NDBBNTM2OTdBNjU0NDZGNzU2MjZDNjUwMjIwMDg0NjZGNkU3NDRFNjE2RDY1MDYwRjU0Njk2RDY1NzMyMDRFNjU3NzIwNTI2RjZENjE2RTA3NTU2RTY5NjM2RjY0NjUwOTA0NTM2OTdBNjUwMjEwMDAwMA0KLTkgMiAwIDAgMCAwIDINCg0KMEUwMTA0NTQ2MTYyNzMwRTAwMDAwMA0KLTkgMiAwIDAgMCAwIDQNCg0KMEUwMA0KLTkgMCAwIDAgMCAwIDcNCjEgMSAwIDggMyAwDQoxNzA0MzUwNDNCMDQzNTA0M0QwNDM4MDQzOTA0MjAwMDNBMDQzRTA0M0IwNDU2MDQ0MDA0MkUwMA0K</FormattedText>
						</VariantText>
						<VariantText CorrectAnswer="False">
							<PlainText>Помаранчевий колір.</PlainText>
							<FormattedText>LTggMSAzIDINCi05IDEgMCAwIDAgMCAxMw0KOTYNCi05IDIgMCAwIDAgMCAxDQoNCjBFMDEwOTUzNzQ3OTZDNjU0RTYxNkQ2NTA2MEI0RTZGNzI2RDYxNkMyMDc0NjU3ODc0MEE1MzY5N0E2NTQ0NkY3NTYyNkM2NTAyMUMwODQ2NkY2RTc0NEU2MTZENjUwNjBGNTQ2OTZENjU3MzIwNEU2NTc3MjA1MjZGNkQ2MTZFMDc1NTZFNjk2MzZGNjQ2NTA5MDQ1MzY5N0E2NTAyMEUwMDAxMDg1Mzc0NjE2RTY0NjE3MjY0MDgwNzQzNjg2MTcyNzM2NTc0MDcwRjUyNTU1MzUzNDk0MTRFNUY0MzQ4NDE1MjUzNDU1NDBBNTM2OTdBNjU0NDZGNzU2MjZDNjUwMjIwMDg0NjZGNkU3NDRFNjE2RDY1MDYwRjU0Njk2RDY1NzMyMDRFNjU3NzIwNTI2RjZENjE2RTA3NTU2RTY5NjM2RjY0NjUwOTA0NTM2OTdBNjUwMjEwMDAwMA0KLTkgMiAwIDAgMCAwIDINCg0KMEUwMTA0NTQ2MTYyNzMwRTAwMDAwMA0KLTkgMiAwIDAgMCAwIDQNCg0KMEUwMA0KLTkgMCAwIDAgMCAwIDcNCjEgMSAwIDggMyAwDQoyMDAwMUYwNDNFMDQzQzA0MzAwNDQwMDQzMDA0M0QwNDQ3MDQzNTA0MzIwNDM4MDQzOTA0MjAwMDNBMDQzRTA0M0IwNDU2MDQ0MDA0MkUwMA0K</FormattedText>
						</VariantText>
						<VariantText CorrectAnswer="False">
							<PlainText>Фіолетовий колір.</PlainText>
							<FormattedText>LTggMSAzIDINCi05IDEgMCAwIDAgMCAxMw0KOTYNCi05IDIgMCAwIDAgMCAxDQoNCjBFMDEwOTUzNzQ3OTZDNjU0RTYxNkQ2NTA2MEI0RTZGNzI2RDYxNkMyMDc0NjU3ODc0MEE1MzY5N0E2NTQ0NkY3NTYyNkM2NTAyMUMwODQ2NkY2RTc0NEU2MTZENjUwNjBGNTQ2OTZENjU3MzIwNEU2NTc3MjA1MjZGNkQ2MTZFMDc1NTZFNjk2MzZGNjQ2NTA5MDQ1MzY5N0E2NTAyMEUwMDAxMDg1Mzc0NjE2RTY0NjE3MjY0MDgwNzQzNjg2MTcyNzM2NTc0MDcwRjUyNTU1MzUzNDk0MTRFNUY0MzQ4NDE1MjUzNDU1NDBBNTM2OTdBNjU0NDZGNzU2MjZDNjUwMjIwMDg0NjZGNkU3NDRFNjE2RDY1MDYwRjU0Njk2RDY1NzMyMDRFNjU3NzIwNTI2RjZENjE2RTA3NTU2RTY5NjM2RjY0NjUwOTA0NTM2OTdBNjUwMjEwMDAwMA0KLTkgMiAwIDAgMCAwIDINCg0KMEUwMTA0NTQ2MTYyNzMwRTAwMDAwMA0KLTkgMiAwIDAgMCAwIDQNCg0KMEUwMA0KLTkgMCAwIDAgMCAwIDcNCjEgMSAwIDggMyAwDQoyNDA0NTYwNDNFMDQzQjA0MzUwNDQyMDQzRTA0MzIwNDM4MDQzOTA0MjAwMDNBMDQzRTA0M0IwNDU2MDQ0MDA0MkUwMA0K</FormattedText>
						</VariantText>
						<VariantText CorrectAnswer="True">
							<PlainText>Червоний колір.</PlainText>
							<FormattedText>LTggMSAzIDINCi05IDEgMCAwIDAgMCAxMw0KOTYNCi05IDIgMCAwIDAgMCAxDQoNCjBFMDEwOTUzNzQ3OTZDNjU0RTYxNkQ2NTA2MEI0RTZGNzI2RDYxNkMyMDc0NjU3ODc0MEE1MzY5N0E2NTQ0NkY3NTYyNkM2NTAyMUMwODQ2NkY2RTc0NEU2MTZENjUwNjBGNTQ2OTZENjU3MzIwNEU2NTc3MjA1MjZGNkQ2MTZFMDc1NTZFNjk2MzZGNjQ2NTA5MDQ1MzY5N0E2NTAyMEUwMDAxMDg1Mzc0NjE2RTY0NjE3MjY0MDgwNzQzNjg2MTcyNzM2NTc0MDcwRjUyNTU1MzUzNDk0MTRFNUY0MzQ4NDE1MjUzNDU1NDBBNTM2OTdBNjU0NDZGNzU2MjZDNjUwMjIwMDg0NjZGNkU3NDRFNjE2RDY1MDYwRjU0Njk2RDY1NzMyMDRFNjU3NzIwNTI2RjZENjE2RTA3NTU2RTY5NjM2RjY0NjUwOTA0NTM2OTdBNjUwMjEwMDAwMA0KLTkgMiAwIDAgMCAwIDINCg0KMEUwMTA0NTQ2MTYyNzMwRTAwMDAwMA0KLTkgMiAwIDAgMCAwIDQNCg0KMEUwMA0KLTkgMCAwIDAgMCAwIDcNCjEgMSAwIDggMyAwDQoyNzA0MzUwNDQwMDQzMjA0M0UwNDNEMDQzODA0MzkwNDIwMDAzQTA0M0UwNDNCMDQ1NjA0NDAwNDJFMDANCg==</FormattedText>
						</VariantText>
					</Variants>
				</Task>
				<!-- ***** -->
				<Task Type="TYPE_TASK_CHOICE_SINGLE" Score="1">
					<Title/>
					<QuestionText>
						<PlainText>Які кольори не сприймають люди, які страждають на дейтеранопію?</PlainText>
						<FormattedText>LTggMSAzIDINCi05IDEgMCAwIDAgMCAxMw0KOTYNCi05IDIgMCAwIDAgMCAxDQoNCjBFMDEwOTUzNzQ3OTZDNjU0RTYxNkQ2NTA2MEI0RTZGNzI2RDYxNkMyMDc0NjU3ODc0MEE1MzY5N0E2NTQ0NkY3NTYyNkM2NTAyMUMwODQ2NkY2RTc0NEU2MTZENjUwNjBGNTQ2OTZENjU3MzIwNEU2NTc3MjA1MjZGNkQ2MTZFMDc1NTZFNjk2MzZGNjQ2NTA5MDQ1MzY5N0E2NTAyMEUwMDAxMDg1Mzc0NjE2RTY0NjE3MjY0MDgwNzQzNjg2MTcyNzM2NTc0MDcwRjUyNTU1MzUzNDk0MTRFNUY0MzQ4NDE1MjUzNDU1NDBBNTM2OTdBNjU0NDZGNzU2MjZDNjUwMjIwMDg0NjZGNkU3NDRFNjE2RDY1MDYwRjU0Njk2RDY1NzMyMDRFNjU3NzIwNTI2RjZENjE2RTA3NTU2RTY5NjM2RjY0NjUwOTA0NTM2OTdBNjUwMjEwMDAwMA0KLTkgMiAwIDAgMCAwIDINCg0KMEUwMTA0NTQ2MTYyNzMwRTAwMDAwMTA4NTM3NDYxNkU2NDYxNzI2NDA4MDk0MTZDNjk2NzZFNkQ2NTZFNzQwNzBBNzI3NjYxNEE3NTczNzQ2OTY2NzkwNDU0NjE2MjczMEUwMDAwMDANCi05IDIgMCAwIDAgMCA0DQoNCjBFMDANCi05IDAgMCAwIDAgMCA3DQoxIDIgMSA4IDMgMA0KMkYwNDNBMDQ1NjA0MjAwMDNBMDQzRTA0M0IwNDRDMDQzRTA0NDAwNDM4MDQyMDAwM0QwNDM1MDQyMDAwNDEwNDNGMDQ0MDA0MzgwNDM5MDQzQzA0MzAwNDRFMDQ0MjA0NEMwNDIwMDAzQjA0NEUwNDM0MDQzODA0MkMwMDIwMDA0RjA0M0EwNDU2MDQyMDAwNDEwNDQyMDQ0MDA0MzAwNDM2MDQzNDA0MzAwNDRFMDQ0MjA0NEMwNDIwMDAzRDA0MzAwNDIwMDAzNDA0MzUwNDM5MDQ0MjA0MzUwNDQwMDQzMDA0M0QwNDNFMDQzRjA0NTYwNDRFMDQzRjAwDQoNCg==</FormattedText>
					</QuestionText>
					<Options>
						<IsAllowRandom>true</IsAllowRandom>
						<IsCompulsory>false</IsCompulsory>
						<IsOnlyForEduMode>false</IsOnlyForEduMode>
						<IsDenyPartially>false</IsDenyPartially>
					</Options>
					<Variants>
						<VariantText CorrectAnswer="True">
							<PlainText>Зелений колір.</PlainText>
							<FormattedText>LTggMSAzIDINCi05IDEgMCAwIDAgMCAxMw0KOTYNCi05IDIgMCAwIDAgMCAxDQoNCjBFMDEwOTUzNzQ3OTZDNjU0RTYxNkQ2NTA2MEI0RTZGNzI2RDYxNkMyMDc0NjU3ODc0MEE1MzY5N0E2NTQ0NkY3NTYyNkM2NTAyMUMwODQ2NkY2RTc0NEU2MTZENjUwNjBGNTQ2OTZENjU3MzIwNEU2NTc3MjA1MjZGNkQ2MTZFMDc1NTZFNjk2MzZGNjQ2NTA5MDQ1MzY5N0E2NTAyMEUwMDAxMDg1Mzc0NjE2RTY0NjE3MjY0MDgwNzQzNjg2MTcyNzM2NTc0MDcwRjUyNTU1MzUzNDk0MTRFNUY0MzQ4NDE1MjUzNDU1NDBBNTM2OTdBNjU0NDZGNzU2MjZDNjUwMjIwMDg0NjZGNkU3NDRFNjE2RDY1MDYwRjU0Njk2RDY1NzMyMDRFNjU3NzIwNTI2RjZENjE2RTA3NTU2RTY5NjM2RjY0NjUwOTA0NTM2OTdBNjUwMjEwMDAwMA0KLTkgMiAwIDAgMCAwIDINCg0KMEUwMTA0NTQ2MTYyNzMwRTAwMDAwMA0KLTkgMiAwIDAgMCAwIDQNCg0KMEUwMA0KLTkgMCAwIDAgMCAwIDcNCjEgMSAwIDggMyAwDQoxNzA0MzUwNDNCMDQzNTA0M0QwNDM4MDQzOTA0MjAwMDNBMDQzRTA0M0IwNDU2MDQ0MDA0MkUwMA0K</FormattedText>
						</VariantText>
						<VariantText CorrectAnswer="False">
							<PlainText>Червоний колір.</PlainText>
							<FormattedText>LTggMSAzIDINCi05IDEgMCAwIDAgMCAxMw0KOTYNCi05IDIgMCAwIDAgMCAxDQoNCjBFMDEwOTUzNzQ3OTZDNjU0RTYxNkQ2NTA2MEI0RTZGNzI2RDYxNkMyMDc0NjU3ODc0MEE1MzY5N0E2NTQ0NkY3NTYyNkM2NTAyMUMwODQ2NkY2RTc0NEU2MTZENjUwNjBGNTQ2OTZENjU3MzIwNEU2NTc3MjA1MjZGNkQ2MTZFMDc1NTZFNjk2MzZGNjQ2NTA5MDQ1MzY5N0E2NTAyMEUwMDAxMDg1Mzc0NjE2RTY0NjE3MjY0MDgwNzQzNjg2MTcyNzM2NTc0MDcwRjUyNTU1MzUzNDk0MTRFNUY0MzQ4NDE1MjUzNDU1NDBBNTM2OTdBNjU0NDZGNzU2MjZDNjUwMjIwMDg0NjZGNkU3NDRFNjE2RDY1MDYwRjU0Njk2RDY1NzMyMDRFNjU3NzIwNTI2RjZENjE2RTA3NTU2RTY5NjM2RjY0NjUwOTA0NTM2OTdBNjUwMjEwMDAwMA0KLTkgMiAwIDAgMCAwIDINCg0KMEUwMTA0NTQ2MTYyNzMwRTAwMDAwMA0KLTkgMiAwIDAgMCAwIDQNCg0KMEUwMA0KLTkgMCAwIDAgMCAwIDcNCjEgMSAwIDggMyAwDQoyNzA0MzUwNDQwMDQzMjA0M0UwNDNEMDQzODA0MzkwNDIwMDAzQTA0M0UwNDNCMDQ1NjA0NDAwNDJFMDANCg==</FormattedText>
						</VariantText>
						<VariantText CorrectAnswer="False">
							<PlainText>Синій колір.</PlainText>
							<FormattedText>LTggMSAzIDINCi05IDEgMCAwIDAgMCAxMw0KOTYNCi05IDIgMCAwIDAgMCAxDQoNCjBFMDEwOTUzNzQ3OTZDNjU0RTYxNkQ2NTA2MEI0RTZGNzI2RDYxNkMyMDc0NjU3ODc0MEE1MzY5N0E2NTQ0NkY3NTYyNkM2NTAyMUMwODQ2NkY2RTc0NEU2MTZENjUwNjBGNTQ2OTZENjU3MzIwNEU2NTc3MjA1MjZGNkQ2MTZFMDc1NTZFNjk2MzZGNjQ2NTA5MDQ1MzY5N0E2NTAyMEUwMDAxMDg1Mzc0NjE2RTY0NjE3MjY0MDgwNzQzNjg2MTcyNzM2NTc0MDcwRjUyNTU1MzUzNDk0MTRFNUY0MzQ4NDE1MjUzNDU1NDBBNTM2OTdBNjU0NDZGNzU2MjZDNjUwMjIwMDg0NjZGNkU3NDRFNjE2RDY1MDYwRjU0Njk2RDY1NzMyMDRFNjU3NzIwNTI2RjZENjE2RTA3NTU2RTY5NjM2RjY0NjUwOTA0NTM2OTdBNjUwMjEwMDAwMA0KLTkgMiAwIDAgMCAwIDINCg0KMEUwMTA0NTQ2MTYyNzMwRTAwMDAwMA0KLTkgMiAwIDAgMCAwIDQNCg0KMEUwMA0KLTkgMCAwIDAgMCAwIDcNCjEgMSAwIDggMyAwDQoyMTA0MzgwNDNEMDQ1NjA0MzkwNDIwMDAzQTA0M0UwNDNCMDQ1NjA0NDAwNDJFMDANCg==</FormattedText>
						</VariantText>
						<VariantText CorrectAnswer="False">
							<PlainText>Фіолетовий колір.</PlainText>
							<FormattedText>LTggMSAzIDINCi05IDEgMCAwIDAgMCAxMw0KOTYNCi05IDIgMCAwIDAgMCAxDQoNCjBFMDEwOTUzNzQ3OTZDNjU0RTYxNkQ2NTA2MEI0RTZGNzI2RDYxNkMyMDc0NjU3ODc0MEE1MzY5N0E2NTQ0NkY3NTYyNkM2NTAyMUMwODQ2NkY2RTc0NEU2MTZENjUwNjBGNTQ2OTZENjU3MzIwNEU2NTc3MjA1MjZGNkQ2MTZFMDc1NTZFNjk2MzZGNjQ2NTA5MDQ1MzY5N0E2NTAyMEUwMDAxMDg1Mzc0NjE2RTY0NjE3MjY0MDgwNzQzNjg2MTcyNzM2NTc0MDcwRjUyNTU1MzUzNDk0MTRFNUY0MzQ4NDE1MjUzNDU1NDBBNTM2OTdBNjU0NDZGNzU2MjZDNjUwMjIwMDg0NjZGNkU3NDRFNjE2RDY1MDYwRjU0Njk2RDY1NzMyMDRFNjU3NzIwNTI2RjZENjE2RTA3NTU2RTY5NjM2RjY0NjUwOTA0NTM2OTdBNjUwMjEwMDAwMA0KLTkgMiAwIDAgMCAwIDINCg0KMEUwMTA0NTQ2MTYyNzMwRTAwMDAwMA0KLTkgMiAwIDAgMCAwIDQNCg0KMEUwMA0KLTkgMCAwIDAgMCAwIDcNCjEgMSAwIDggMyAwDQoyNDA0NTYwNDNFMDQzQjA0MzUwNDQyMDQzRTA0MzIwNDM4MDQzOTA0MjAwMDNBMDQzRTA0M0IwNDU2MDQ0MDA0MkUwMA0K</FormattedText>
						</VariantText>
						<VariantText CorrectAnswer="False">
							<PlainText>Помаранчевий колір.</PlainText>
							<FormattedText>LTggMSAzIDINCi05IDEgMCAwIDAgMCAxMw0KOTYNCi05IDIgMCAwIDAgMCAxDQoNCjBFMDEwOTUzNzQ3OTZDNjU0RTYxNkQ2NTA2MEI0RTZGNzI2RDYxNkMyMDc0NjU3ODc0MEE1MzY5N0E2NTQ0NkY3NTYyNkM2NTAyMUMwODQ2NkY2RTc0NEU2MTZENjUwNjBGNTQ2OTZENjU3MzIwNEU2NTc3MjA1MjZGNkQ2MTZFMDc1NTZFNjk2MzZGNjQ2NTA5MDQ1MzY5N0E2NTAyMEUwMDAxMDg1Mzc0NjE2RTY0NjE3MjY0MDgwNzQzNjg2MTcyNzM2NTc0MDcwRjUyNTU1MzUzNDk0MTRFNUY0MzQ4NDE1MjUzNDU1NDBBNTM2OTdBNjU0NDZGNzU2MjZDNjUwMjIwMDg0NjZGNkU3NDRFNjE2RDY1MDYwRjU0Njk2RDY1NzMyMDRFNjU3NzIwNTI2RjZENjE2RTA3NTU2RTY5NjM2RjY0NjUwOTA0NTM2OTdBNjUwMjEwMDAwMA0KLTkgMiAwIDAgMCAwIDINCg0KMEUwMTA0NTQ2MTYyNzMwRTAwMDAwMA0KLTkgMiAwIDAgMCAwIDQNCg0KMEUwMA0KLTkgMCAwIDAgMCAwIDcNCjEgMSAwIDggMyAwDQoxRjA0M0UwNDNDMDQzMDA0NDAwNDMwMDQzRDA0NDcwNDM1MDQzMjA0MzgwNDM5MDQyMDAwM0EwNDNFMDQzQjA0NTYwNDQwMDQyRTAwDQo=</FormattedText>
						</VariantText>
					</Variants>
				</Task>
				<!-- ***** -->
				<Task Type="TYPE_TASK_CHOICE_SINGLE" Score="1">
					<Title/>
					<QuestionText>
						<PlainText>Які кольори не сприймають люди, які страждають на тританопію?</PlainText>
						<FormattedText>LTggMSAzIDINCi05IDEgMCAwIDAgMCAxMw0KOTYNCi05IDIgMCAwIDAgMCAxDQoNCjBFMDEwOTUzNzQ3OTZDNjU0RTYxNkQ2NTA2MEI0RTZGNzI2RDYxNkMyMDc0NjU3ODc0MEE1MzY5N0E2NTQ0NkY3NTYyNkM2NTAyMUMwODQ2NkY2RTc0NEU2MTZENjUwNjBGNTQ2OTZENjU3MzIwNEU2NTc3MjA1MjZGNkQ2MTZFMDc1NTZFNjk2MzZGNjQ2NTA5MDQ1MzY5N0E2NTAyMEUwMDAxMDg1Mzc0NjE2RTY0NjE3MjY0MDgwNzQzNjg2MTcyNzM2NTc0MDcwRjUyNTU1MzUzNDk0MTRFNUY0MzQ4NDE1MjUzNDU1NDBBNTM2OTdBNjU0NDZGNzU2MjZDNjUwMjIwMDg0NjZGNkU3NDRFNjE2RDY1MDYwRjU0Njk2RDY1NzMyMDRFNjU3NzIwNTI2RjZENjE2RTA3NTU2RTY5NjM2RjY0NjUwOTA0NTM2OTdBNjUwMjEwMDAwMA0KLTkgMiAwIDAgMCAwIDINCg0KMEUwMTA0NTQ2MTYyNzMwRTAwMDAwMTA4NTM3NDYxNkU2NDYxNzI2NDA4MDk0MTZDNjk2NzZFNkQ2NTZFNzQwNzBBNzI3NjYxNEE3NTczNzQ2OTY2NzkwNDU0NjE2MjczMEUwMDAwMDANCi05IDIgMCAwIDAgMCA0DQoNCjBFMDANCi05IDAgMCAwIDAgMCA3DQoxIDIgMSA4IDMgMA0KMkYwNDNBMDQ1NjA0MjAwMDNBMDQzRTA0M0IwNDRDMDQzRTA0NDAwNDM4MDQyMDAwM0QwNDM1MDQyMDAwNDEwNDNGMDQ0MDA0MzgwNDM5MDQzQzA0MzAwNDRFMDQ0MjA0NEMwNDIwMDAzQjA0NEUwNDM0MDQzODA0MkMwMDIwMDA0RjA0M0EwNDU2MDQyMDAwNDEwNDQyMDQ0MDA0MzAwNDM2MDQzNDA0MzAwNDRFMDQ0MjA0NEMwNDIwMDAzRDA0MzAwNDIwMDA0MjA0NDAwNDM4MDQ0MjA0MzAwNDNEMDQzRTA0M0YwNDU2MDQ0RTA0M0YwMA0KDQo=</FormattedText>
					</QuestionText>
					<Options>
						<IsAllowRandom>true</IsAllowRandom>
						<IsCompulsory>false</IsCompulsory>
						<IsOnlyForEduMode>false</IsOnlyForEduMode>
						<IsDenyPartially>false</IsDenyPartially>
					</Options>
					<Variants>
						<VariantText CorrectAnswer="True">
							<PlainText>Синій і фіолетовий колір.</PlainText>
							<FormattedText>LTggMSAzIDINCi05IDEgMCAwIDAgMCAxMw0KOTYNCi05IDIgMCAwIDAgMCAxDQoNCjBFMDEwOTUzNzQ3OTZDNjU0RTYxNkQ2NTA2MEI0RTZGNzI2RDYxNkMyMDc0NjU3ODc0MEE1MzY5N0E2NTQ0NkY3NTYyNkM2NTAyMUMwODQ2NkY2RTc0NEU2MTZENjUwNjBGNTQ2OTZENjU3MzIwNEU2NTc3MjA1MjZGNkQ2MTZFMDc1NTZFNjk2MzZGNjQ2NTA5MDQ1MzY5N0E2NTAyMEUwMDAxMDg1Mzc0NjE2RTY0NjE3MjY0MDgwNzQzNjg2MTcyNzM2NTc0MDcwRjUyNTU1MzUzNDk0MTRFNUY0MzQ4NDE1MjUzNDU1NDBBNTM2OTdBNjU0NDZGNzU2MjZDNjUwMjIwMDg0NjZGNkU3NDRFNjE2RDY1MDYwRjU0Njk2RDY1NzMyMDRFNjU3NzIwNTI2RjZENjE2RTA3NTU2RTY5NjM2RjY0NjUwOTA0NTM2OTdBNjUwMjEwMDAwMA0KLTkgMiAwIDAgMCAwIDINCg0KMEUwMTA0NTQ2MTYyNzMwRTAwMDAwMA0KLTkgMiAwIDAgMCAwIDQNCg0KMEUwMA0KLTkgMCAwIDAgMCAwIDcNCjEgMSAwIDggMyAwDQoyMTA0MzgwNDNEMDQ1NjA0MzkwNDIwMDA1NjA0MjAwMDQ0MDQ1NjA0M0UwNDNCMDQzNTA0NDIwNDNFMDQzMjA0MzgwNDM5MDQyMDAwM0EwNDNFMDQzQjA0NTYwNDQwMDQyRTAwDQo=</FormattedText>
						</VariantText>
						<VariantText CorrectAnswer="False">
							<PlainText>Червоний колір.</PlainText>
							<FormattedText>LTggMSAzIDINCi05IDEgMCAwIDAgMCAxMw0KOTYNCi05IDIgMCAwIDAgMCAxDQoNCjBFMDEwOTUzNzQ3OTZDNjU0RTYxNkQ2NTA2MEI0RTZGNzI2RDYxNkMyMDc0NjU3ODc0MEE1MzY5N0E2NTQ0NkY3NTYyNkM2NTAyMUMwODQ2NkY2RTc0NEU2MTZENjUwNjBGNTQ2OTZENjU3MzIwNEU2NTc3MjA1MjZGNkQ2MTZFMDc1NTZFNjk2MzZGNjQ2NTA5MDQ1MzY5N0E2NTAyMEUwMDAxMDg1Mzc0NjE2RTY0NjE3MjY0MDgwNzQzNjg2MTcyNzM2NTc0MDcwRjUyNTU1MzUzNDk0MTRFNUY0MzQ4NDE1MjUzNDU1NDBBNTM2OTdBNjU0NDZGNzU2MjZDNjUwMjIwMDg0NjZGNkU3NDRFNjE2RDY1MDYwRjU0Njk2RDY1NzMyMDRFNjU3NzIwNTI2RjZENjE2RTA3NTU2RTY5NjM2RjY0NjUwOTA0NTM2OTdBNjUwMjEwMDAwMA0KLTkgMiAwIDAgMCAwIDINCg0KMEUwMTA0NTQ2MTYyNzMwRTAwMDAwMA0KLTkgMiAwIDAgMCAwIDQNCg0KMEUwMA0KLTkgMCAwIDAgMCAwIDcNCjEgMSAwIDggMyAwDQoyNzA0MzUwNDQwMDQzMjA0M0UwNDNEMDQzODA0MzkwNDIwMDAzQTA0M0UwNDNCMDQ1NjA0NDAwNDJFMDANCg==</FormattedText>
						</VariantText>
						<VariantText CorrectAnswer="False">
							<PlainText>Жовтий колір.</PlainText>
							<FormattedText>LTggMSAzIDINCi05IDEgMCAwIDAgMCAxMw0KOTYNCi05IDIgMCAwIDAgMCAxDQoNCjBFMDEwOTUzNzQ3OTZDNjU0RTYxNkQ2NTA2MEI0RTZGNzI2RDYxNkMyMDc0NjU3ODc0MEE1MzY5N0E2NTQ0NkY3NTYyNkM2NTAyMUMwODQ2NkY2RTc0NEU2MTZENjUwNjBGNTQ2OTZENjU3MzIwNEU2NTc3MjA1MjZGNkQ2MTZFMDc1NTZFNjk2MzZGNjQ2NTA5MDQ1MzY5N0E2NTAyMEUwMDAxMDg1Mzc0NjE2RTY0NjE3MjY0MDgwNzQzNjg2MTcyNzM2NTc0MDcwRjUyNTU1MzUzNDk0MTRFNUY0MzQ4NDE1MjUzNDU1NDBBNTM2OTdBNjU0NDZGNzU2MjZDNjUwMjIwMDg0NjZGNkU3NDRFNjE2RDY1MDYwRjU0Njk2RDY1NzMyMDRFNjU3NzIwNTI2RjZENjE2RTA3NTU2RTY5NjM2RjY0NjUwOTA0NTM2OTdBNjUwMjEwMDAwMA0KLTkgMiAwIDAgMCAwIDINCg0KMEUwMTA0NTQ2MTYyNzMwRTAwMDAwMA0KLTkgMiAwIDAgMCAwIDQNCg0KMEUwMA0KLTkgMCAwIDAgMCAwIDcNCjEgMSAwIDggMyAwDQoxNjA0M0UwNDMyMDQ0MjA0MzgwNDM5MDQyMDAwM0EwNDNFMDQzQjA0NTYwNDQwMDQyRTAwDQo=</FormattedText>
						</VariantText>
						<VariantText CorrectAnswer="False">
							<PlainText>Зелений колір.</PlainText>
							<FormattedText>LTggMSAzIDINCi05IDEgMCAwIDAgMCAxMw0KOTYNCi05IDIgMCAwIDAgMCAxDQoNCjBFMDEwOTUzNzQ3OTZDNjU0RTYxNkQ2NTA2MEI0RTZGNzI2RDYxNkMyMDc0NjU3ODc0MEE1MzY5N0E2NTQ0NkY3NTYyNkM2NTAyMUMwODQ2NkY2RTc0NEU2MTZENjUwNjBGNTQ2OTZENjU3MzIwNEU2NTc3MjA1MjZGNkQ2MTZFMDc1NTZFNjk2MzZGNjQ2NTA5MDQ1MzY5N0E2NTAyMEUwMDAxMDg1Mzc0NjE2RTY0NjE3MjY0MDgwNzQzNjg2MTcyNzM2NTc0MDcwRjUyNTU1MzUzNDk0MTRFNUY0MzQ4NDE1MjUzNDU1NDBBNTM2OTdBNjU0NDZGNzU2MjZDNjUwMjIwMDg0NjZGNkU3NDRFNjE2RDY1MDYwRjU0Njk2RDY1NzMyMDRFNjU3NzIwNTI2RjZENjE2RTA3NTU2RTY5NjM2RjY0NjUwOTA0NTM2OTdBNjUwMjEwMDAwMA0KLTkgMiAwIDAgMCAwIDINCg0KMEUwMTA0NTQ2MTYyNzMwRTAwMDAwMA0KLTkgMiAwIDAgMCAwIDQNCg0KMEUwMA0KLTkgMCAwIDAgMCAwIDcNCjEgMSAwIDggMyAwDQoxNzA0MzUwNDNCMDQzNTA0M0QwNDM4MDQzOTA0MjAwMDNBMDQzRTA0M0IwNDU2MDQ0MDA0MkUwMA0K</FormattedText>
						</VariantText>
						<VariantText CorrectAnswer="False">
							<PlainText>Помаранчевий колір.</PlainText>
							<FormattedText>LTggMSAzIDINCi05IDEgMCAwIDAgMCAxMw0KOTYNCi05IDIgMCAwIDAgMCAxDQoNCjBFMDEwOTUzNzQ3OTZDNjU0RTYxNkQ2NTA2MEI0RTZGNzI2RDYxNkMyMDc0NjU3ODc0MEE1MzY5N0E2NTQ0NkY3NTYyNkM2NTAyMUMwODQ2NkY2RTc0NEU2MTZENjUwNjBGNTQ2OTZENjU3MzIwNEU2NTc3MjA1MjZGNkQ2MTZFMDc1NTZFNjk2MzZGNjQ2NTA5MDQ1MzY5N0E2NTAyMEUwMDAxMDg1Mzc0NjE2RTY0NjE3MjY0MDgwNzQzNjg2MTcyNzM2NTc0MDcwRjUyNTU1MzUzNDk0MTRFNUY0MzQ4NDE1MjUzNDU1NDBBNTM2OTdBNjU0NDZGNzU2MjZDNjUwMjIwMDg0NjZGNkU3NDRFNjE2RDY1MDYwRjU0Njk2RDY1NzMyMDRFNjU3NzIwNTI2RjZENjE2RTA3NTU2RTY5NjM2RjY0NjUwOTA0NTM2OTdBNjUwMjEwMDAwMA0KLTkgMiAwIDAgMCAwIDINCg0KMEUwMTA0NTQ2MTYyNzMwRTAwMDAwMA0KLTkgMiAwIDAgMCAwIDQNCg0KMEUwMA0KLTkgMCAwIDAgMCAwIDcNCjEgMSAwIDggMyAwDQoxRjA0M0UwNDNDMDQzMDA0NDAwNDMwMDQzRDA0NDcwNDM1MDQzMjA0MzgwNDM5MDQyMDAwM0EwNDNFMDQzQjA0NTYwNDQwMDQyRTAwDQo=</FormattedText>
						</VariantText>
					</Variants>
				</Task>
				<!-- ***** -->
				<Task Type="TYPE_TASK_CHOICE_SINGLE" Score="1">
					<Title/>
					<QuestionText>
						<PlainText>Чому дорівнює поріг розрізнення часу для зорового аналізатору?</PlainText>
						<FormattedText>LTggMSAzIDINCi05IDEgMCAwIDAgMCAxMw0KOTYNCi05IDIgMCAwIDAgMCAxDQoNCjBFMDEwOTUzNzQ3OTZDNjU0RTYxNkQ2NTA2MEI0RTZGNzI2RDYxNkMyMDc0NjU3ODc0MEE1MzY5N0E2NTQ0NkY3NTYyNkM2NTAyMUMwODQ2NkY2RTc0NEU2MTZENjUwNjBGNTQ2OTZENjU3MzIwNEU2NTc3MjA1MjZGNkQ2MTZFMDc1NTZFNjk2MzZGNjQ2NTA5MDQ1MzY5N0E2NTAyMEUwMDAxMDg1Mzc0NjE2RTY0NjE3MjY0MDgwNzQzNjg2MTcyNzM2NTc0MDcwRjUyNTU1MzUzNDk0MTRFNUY0MzQ4NDE1MjUzNDU1NDBBNTM2OTdBNjU0NDZGNzU2MjZDNjUwMjIwMDg0NjZGNkU3NDRFNjE2RDY1MDYwRjU0Njk2RDY1NzMyMDRFNjU3NzIwNTI2RjZENjE2RTA3NTU2RTY5NjM2RjY0NjUwOTA0NTM2OTdBNjUwMjEwMDAwMA0KLTkgMiAwIDAgMCAwIDINCg0KMEUwMTA0NTQ2MTYyNzMwRTAwMDAwMTA4NTM3NDYxNkU2NDYxNzI2NDA4MDk0MTZDNjk2NzZFNkQ2NTZFNzQwNzBBNzI3NjYxNEE3NTczNzQ2OTY2NzkwNDU0NjE2MjczMEUwMDAwMDANCi05IDIgMCAwIDAgMCA0DQoNCjBFMDANCi05IDAgMCAwIDAgMCA3DQoxIDIgMSA4IDMgMA0KMjcwNDNFMDQzQzA0NDMwNDIwMDAzNDA0M0UwNDQwMDQ1NjA0MzIwNDNEMDQ0RTA0NTQwNDIwMDAzRjA0M0UwNDQwMDQ1NjA0MzMwNDIwMDA0MDA0M0UwNDM3MDQ0MDA0NTYwNDM3MDQzRDA0MzUwNDNEMDQzRDA0NEYwNDIwMDA0NzA0MzAwNDQxMDQ0MzA0MjAwMDM0MDQzQjA0NEYwNDIwMDAzNzA0M0UwNDQwMDQzRTA0MzIwNDNFMDQzMzA0M0UwNDIwMDAzMDA0M0QwNDMwMDQzQjA0NTYwNDM3MDQzMDA0NDIwNDNFMDQ0MDA0NDMwNDNGMDANCg0K</FormattedText>
					</QuestionText>
					<Options>
						<IsAllowRandom>true</IsAllowRandom>
						<IsCompulsory>false</IsCompulsory>
						<IsOnlyForEduMode>false</IsOnlyForEduMode>
						<IsDenyPartially>false</IsDenyPartially>
					</Options>
					<Variants>
						<VariantText CorrectAnswer="True">
							<PlainText>50 мс.</PlainText>
							<FormattedText>LTggMSAzIDINCi05IDEgMCAwIDAgMCAxMw0KOTYNCi05IDIgMCAwIDAgMCAxDQoNCjBFMDEwOTUzNzQ3OTZDNjU0RTYxNkQ2NTA2MEI0RTZGNzI2RDYxNkMyMDc0NjU3ODc0MEE1MzY5N0E2NTQ0NkY3NTYyNkM2NTAyMUMwODQ2NkY2RTc0NEU2MTZENjUwNjBGNTQ2OTZENjU3MzIwNEU2NTc3MjA1MjZGNkQ2MTZFMDc1NTZFNjk2MzZGNjQ2NTA5MDQ1MzY5N0E2NTAyMEUwMDAxMDg1Mzc0NjE2RTY0NjE3MjY0MDgwNzQzNjg2MTcyNzM2NTc0MDcwRjUyNTU1MzUzNDk0MTRFNUY0MzQ4NDE1MjUzNDU1NDBBNTM2OTdBNjU0NDZGNzU2MjZDNjUwMjIwMDg0NjZGNkU3NDRFNjE2RDY1MDYwRjU0Njk2RDY1NzMyMDRFNjU3NzIwNTI2RjZENjE2RTA3NTU2RTY5NjM2RjY0NjUwOTA0NTM2OTdBNjUwMjEwMDAwMA0KLTkgMiAwIDAgMCAwIDINCg0KMEUwMTA0NTQ2MTYyNzMwRTAwMDAwMA0KLTkgMiAwIDAgMCAwIDQNCg0KMEUwMA0KLTkgMCAwIDAgMCAwIDcNCjEgMSAwIDggMyAwDQozNTAwMzAwMDIwMDAzQzA0NDEwNDJFMDANCg==</FormattedText>
						</VariantText>
						<VariantText CorrectAnswer="False">
							<PlainText>100 мс.</PlainText>
							<FormattedText>LTggMSAzIDINCi05IDEgMCAwIDAgMCAxMw0KOTYNCi05IDIgMCAwIDAgMCAxDQoNCjBFMDEwOTUzNzQ3OTZDNjU0RTYxNkQ2NTA2MEI0RTZGNzI2RDYxNkMyMDc0NjU3ODc0MEE1MzY5N0E2NTQ0NkY3NTYyNkM2NTAyMUMwODQ2NkY2RTc0NEU2MTZENjUwNjBGNTQ2OTZENjU3MzIwNEU2NTc3MjA1MjZGNkQ2MTZFMDc1NTZFNjk2MzZGNjQ2NTA5MDQ1MzY5N0E2NTAyMEUwMDAxMDg1Mzc0NjE2RTY0NjE3MjY0MDgwNzQzNjg2MTcyNzM2NTc0MDcwRjUyNTU1MzUzNDk0MTRFNUY0MzQ4NDE1MjUzNDU1NDBBNTM2OTdBNjU0NDZGNzU2MjZDNjUwMjIwMDg0NjZGNkU3NDRFNjE2RDY1MDYwRjU0Njk2RDY1NzMyMDRFNjU3NzIwNTI2RjZENjE2RTA3NTU2RTY5NjM2RjY0NjUwOTA0NTM2OTdBNjUwMjEwMDAwMA0KLTkgMiAwIDAgMCAwIDINCg0KMEUwMTA0NTQ2MTYyNzMwRTAwMDAwMA0KLTkgMiAwIDAgMCAwIDQNCg0KMEUwMA0KLTkgMCAwIDAgMCAwIDcNCjEgMSAwIDggMyAwDQozMTAwMzAwMDMwMDAyMDAwM0MwNDQxMDQyRTAwDQo=</FormattedText>
						</VariantText>
						<VariantText CorrectAnswer="False">
							<PlainText>150 мс.</PlainText>
							<FormattedText>LTggMSAzIDINCi05IDEgMCAwIDAgMCAxMw0KOTYNCi05IDIgMCAwIDAgMCAxDQoNCjBFMDEwOTUzNzQ3OTZDNjU0RTYxNkQ2NTA2MEI0RTZGNzI2RDYxNkMyMDc0NjU3ODc0MEE1MzY5N0E2NTQ0NkY3NTYyNkM2NTAyMUMwODQ2NkY2RTc0NEU2MTZENjUwNjBGNTQ2OTZENjU3MzIwNEU2NTc3MjA1MjZGNkQ2MTZFMDc1NTZFNjk2MzZGNjQ2NTA5MDQ1MzY5N0E2NTAyMEUwMDAxMDg1Mzc0NjE2RTY0NjE3MjY0MDgwNzQzNjg2MTcyNzM2NTc0MDcwRjUyNTU1MzUzNDk0MTRFNUY0MzQ4NDE1MjUzNDU1NDBBNTM2OTdBNjU0NDZGNzU2MjZDNjUwMjIwMDg0NjZGNkU3NDRFNjE2RDY1MDYwRjU0Njk2RDY1NzMyMDRFNjU3NzIwNTI2RjZENjE2RTA3NTU2RTY5NjM2RjY0NjUwOTA0NTM2OTdBNjUwMjEwMDAwMA0KLTkgMiAwIDAgMCAwIDINCg0KMEUwMTA0NTQ2MTYyNzMwRTAwMDAwMA0KLTkgMiAwIDAgMCAwIDQNCg0KMEUwMA0KLTkgMCAwIDAgMCAwIDcNCjEgMSAwIDggMyAwDQozMTAwMzUwMDMwMDAyMDAwM0MwNDQxMDQyRTAwDQo=</FormattedText>
						</VariantText>
						<VariantText CorrectAnswer="False">
							<PlainText>200 мс.</PlainText>
							<FormattedText>LTggMSAzIDINCi05IDEgMCAwIDAgMCAxMw0KOTYNCi05IDIgMCAwIDAgMCAxDQoNCjBFMDEwOTUzNzQ3OTZDNjU0RTYxNkQ2NTA2MEI0RTZGNzI2RDYxNkMyMDc0NjU3ODc0MEE1MzY5N0E2NTQ0NkY3NTYyNkM2NTAyMUMwODQ2NkY2RTc0NEU2MTZENjUwNjBGNTQ2OTZENjU3MzIwNEU2NTc3MjA1MjZGNkQ2MTZFMDc1NTZFNjk2MzZGNjQ2NTA5MDQ1MzY5N0E2NTAyMEUwMDAxMDg1Mzc0NjE2RTY0NjE3MjY0MDgwNzQzNjg2MTcyNzM2NTc0MDcwRjUyNTU1MzUzNDk0MTRFNUY0MzQ4NDE1MjUzNDU1NDBBNTM2OTdBNjU0NDZGNzU2MjZDNjUwMjIwMDg0NjZGNkU3NDRFNjE2RDY1MDYwRjU0Njk2RDY1NzMyMDRFNjU3NzIwNTI2RjZENjE2RTA3NTU2RTY5NjM2RjY0NjUwOTA0NTM2OTdBNjUwMjEwMDAwMA0KLTkgMiAwIDAgMCAwIDINCg0KMEUwMTA0NTQ2MTYyNzMwRTAwMDAwMA0KLTkgMiAwIDAgMCAwIDQNCg0KMEUwMA0KLTkgMCAwIDAgMCAwIDcNCjEgMSAwIDggMyAwDQozMjAwMzAwMDMwMDAyMDAwM0MwNDQxMDQyRTAwDQo=</FormattedText>
						</VariantText>
						<VariantText CorrectAnswer="False">
							<PlainText>25 мс.</PlainText>
							<FormattedText>LTggMSAzIDINCi05IDEgMCAwIDAgMCAxMw0KOTYNCi05IDIgMCAwIDAgMCAxDQoNCjBFMDEwOTUzNzQ3OTZDNjU0RTYxNkQ2NTA2MEI0RTZGNzI2RDYxNkMyMDc0NjU3ODc0MEE1MzY5N0E2NTQ0NkY3NTYyNkM2NTAyMUMwODQ2NkY2RTc0NEU2MTZENjUwNjBGNTQ2OTZENjU3MzIwNEU2NTc3MjA1MjZGNkQ2MTZFMDc1NTZFNjk2MzZGNjQ2NTA5MDQ1MzY5N0E2NTAyMEUwMDAxMDg1Mzc0NjE2RTY0NjE3MjY0MDgwNzQzNjg2MTcyNzM2NTc0MDcwRjUyNTU1MzUzNDk0MTRFNUY0MzQ4NDE1MjUzNDU1NDBBNTM2OTdBNjU0NDZGNzU2MjZDNjUwMjIwMDg0NjZGNkU3NDRFNjE2RDY1MDYwRjU0Njk2RDY1NzMyMDRFNjU3NzIwNTI2RjZENjE2RTA3NTU2RTY5NjM2RjY0NjUwOTA0NTM2OTdBNjUwMjEwMDAwMA0KLTkgMiAwIDAgMCAwIDINCg0KMEUwMTA0NTQ2MTYyNzMwRTAwMDAwMA0KLTkgMiAwIDAgMCAwIDQNCg0KMEUwMA0KLTkgMCAwIDAgMCAwIDcNCjEgMSAwIDggMyAwDQozMjAwMzUwMDIwMDAzQzA0NDEwNDJFMDANCg==</FormattedText>
						</VariantText>
					</Variants>
				</Task>
				<!-- ***** -->
				<Task Type="TYPE_TASK_CHOICE_SINGLE" Score="1">
					<Title/>
					<QuestionText>
						<PlainText>При який мінімальній частоті миготіння виникає явище послідовних образів (основа кінематографу)?</PlainText>
						<FormattedText>LTggMSAzIDINCi05IDEgMCAwIDAgMCAxMw0KOTYNCi05IDIgMCAwIDAgMCAxDQoNCjBFMDEwOTUzNzQ3OTZDNjU0RTYxNkQ2NTA2MEI0RTZGNzI2RDYxNkMyMDc0NjU3ODc0MEE1MzY5N0E2NTQ0NkY3NTYyNkM2NTAyMUMwODQ2NkY2RTc0NEU2MTZENjUwNjBGNTQ2OTZENjU3MzIwNEU2NTc3MjA1MjZGNkQ2MTZFMDc1NTZFNjk2MzZGNjQ2NTA5MDQ1MzY5N0E2NTAyMEUwMDAxMDg1Mzc0NjE2RTY0NjE3MjY0MDgwNzQzNjg2MTcyNzM2NTc0MDcwRjUyNTU1MzUzNDk0MTRFNUY0MzQ4NDE1MjUzNDU1NDBBNTM2OTdBNjU0NDZGNzU2MjZDNjUwMjIwMDg0NjZGNkU3NDRFNjE2RDY1MDYwRjU0Njk2RDY1NzMyMDRFNjU3NzIwNTI2RjZENjE2RTA3NTU2RTY5NjM2RjY0NjUwOTA0NTM2OTdBNjUwMjEwMDAwMA0KLTkgMiAwIDAgMCAwIDINCg0KMEUwMTA0NTQ2MTYyNzMwRTAwMDAwMTA4NTM3NDYxNkU2NDYxNzI2NDA4MDk0MTZDNjk2NzZFNkQ2NTZFNzQwNzBBNzI3NjYxNEE3NTczNzQ2OTY2NzkwNDU0NjE2MjczMEUwMDAwMDANCi05IDIgMCAwIDAgMCA0DQoNCjBFMDANCi05IDAgMCAwIDAgMCA3DQoxIDIgMSA4IDMgMA0KMUYwNDQwMDQzODA0MjAwMDRGMDQzQTA0MzgwNDM5MDQyMDAwM0MwNDU2MDQzRDA0NTYwNDNDMDQzMDA0M0IwNDRDMDQzRDA0NTYwNDM5MDQyMDAwNDcwNDMwMDQ0MTA0NDIwNDNFMDQ0MjA0NTYwNDIwMDAzQzA0MzgwNDMzMDQzRTA0NDIwNDU2MDQzRDA0M0QwNDRGMDQyMDAwMzIwNDM4MDQzRDA0MzgwNDNBMDQzMDA0NTQwNDIwMDA0RjA0MzIwNDM4MDQ0OTA0MzUwNDIwMDAzRjA0M0UwNDQxMDQzQjA0NTYwNDM0MDQzRTA0MzIwNDNEMDQzODA0NDUwNDIwMDAzRTA0MzEwNDQwMDQzMDA0MzcwNDU2MDQzMjA0MjAwMDI4MDAzRTA0NDEwNDNEMDQzRTA0MzIwNDMwMDQyMDAwM0EwNDU2MDQzRDA0MzUwNDNDMDQzMDA0NDIwNDNFMDQzMzA0NDAwNDMwMDQ0NDA0NDMwNDI5MDAzRjAwDQoNCg==</FormattedText>
					</QuestionText>
					<Options>
						<IsAllowRandom>true</IsAllowRandom>
						<IsCompulsory>false</IsCompulsory>
						<IsOnlyForEduMode>false</IsOnlyForEduMode>
						<IsDenyPartially>false</IsDenyPartially>
					</Options>
					<Variants>
						<VariantText CorrectAnswer="True">
							<PlainText>25 за сек.</PlainText>
							<FormattedText>LTggMSAzIDINCi05IDEgMCAwIDAgMCAxMw0KOTYNCi05IDIgMCAwIDAgMCAxDQoNCjBFMDEwOTUzNzQ3OTZDNjU0RTYxNkQ2NTA2MEI0RTZGNzI2RDYxNkMyMDc0NjU3ODc0MEE1MzY5N0E2NTQ0NkY3NTYyNkM2NTAyMUMwODQ2NkY2RTc0NEU2MTZENjUwNjBGNTQ2OTZENjU3MzIwNEU2NTc3MjA1MjZGNkQ2MTZFMDc1NTZFNjk2MzZGNjQ2NTA5MDQ1MzY5N0E2NTAyMEUwMDAxMDg1Mzc0NjE2RTY0NjE3MjY0MDgwNzQzNjg2MTcyNzM2NTc0MDcwRjUyNTU1MzUzNDk0MTRFNUY0MzQ4NDE1MjUzNDU1NDBBNTM2OTdBNjU0NDZGNzU2MjZDNjUwMjIwMDg0NjZGNkU3NDRFNjE2RDY1MDYwRjU0Njk2RDY1NzMyMDRFNjU3NzIwNTI2RjZENjE2RTA3NTU2RTY5NjM2RjY0NjUwOTA0NTM2OTdBNjUwMjEwMDAwMA0KLTkgMiAwIDAgMCAwIDINCg0KMEUwMTA0NTQ2MTYyNzMwRTAwMDAwMA0KLTkgMiAwIDAgMCAwIDQNCg0KMEUwMA0KLTkgMCAwIDAgMCAwIDcNCjEgMSAwIDggMyAwDQozMjAwMzUwMDIwMDAzNzA0MzAwNDIwMDA0MTA0MzUwNDNBMDQyRTAwDQo=</FormattedText>
						</VariantText>
						<VariantText CorrectAnswer="False">
							<PlainText>15 за сек.</PlainText>
							<FormattedText>LTggMSAzIDINCi05IDEgMCAwIDAgMCAxMw0KOTYNCi05IDIgMCAwIDAgMCAxDQoNCjBFMDEwOTUzNzQ3OTZDNjU0RTYxNkQ2NTA2MEI0RTZGNzI2RDYxNkMyMDc0NjU3ODc0MEE1MzY5N0E2NTQ0NkY3NTYyNkM2NTAyMUMwODQ2NkY2RTc0NEU2MTZENjUwNjBGNTQ2OTZENjU3MzIwNEU2NTc3MjA1MjZGNkQ2MTZFMDc1NTZFNjk2MzZGNjQ2NTA5MDQ1MzY5N0E2NTAyMEUwMDAxMDg1Mzc0NjE2RTY0NjE3MjY0MDgwNzQzNjg2MTcyNzM2NTc0MDcwRjUyNTU1MzUzNDk0MTRFNUY0MzQ4NDE1MjUzNDU1NDBBNTM2OTdBNjU0NDZGNzU2MjZDNjUwMjIwMDg0NjZGNkU3NDRFNjE2RDY1MDYwRjU0Njk2RDY1NzMyMDRFNjU3NzIwNTI2RjZENjE2RTA3NTU2RTY5NjM2RjY0NjUwOTA0NTM2OTdBNjUwMjEwMDAwMA0KLTkgMiAwIDAgMCAwIDINCg0KMEUwMTA0NTQ2MTYyNzMwRTAwMDAwMA0KLTkgMiAwIDAgMCAwIDQNCg0KMEUwMA0KLTkgMCAwIDAgMCAwIDcNCjEgMSAwIDggMyAwDQozMTAwMzUwMDIwMDAzNzA0MzAwNDIwMDA0MTA0MzUwNDNBMDQyRTAwDQo=</FormattedText>
						</VariantText>
						<VariantText CorrectAnswer="False">
							<PlainText>35 за сек.</PlainText>
							<FormattedText>LTggMSAzIDINCi05IDEgMCAwIDAgMCAxMw0KOTYNCi05IDIgMCAwIDAgMCAxDQoNCjBFMDEwOTUzNzQ3OTZDNjU0RTYxNkQ2NTA2MEI0RTZGNzI2RDYxNkMyMDc0NjU3ODc0MEE1MzY5N0E2NTQ0NkY3NTYyNkM2NTAyMUMwODQ2NkY2RTc0NEU2MTZENjUwNjBGNTQ2OTZENjU3MzIwNEU2NTc3MjA1MjZGNkQ2MTZFMDc1NTZFNjk2MzZGNjQ2NTA5MDQ1MzY5N0E2NTAyMEUwMDAxMDg1Mzc0NjE2RTY0NjE3MjY0MDgwNzQzNjg2MTcyNzM2NTc0MDcwRjUyNTU1MzUzNDk0MTRFNUY0MzQ4NDE1MjUzNDU1NDBBNTM2OTdBNjU0NDZGNzU2MjZDNjUwMjIwMDg0NjZGNkU3NDRFNjE2RDY1MDYwRjU0Njk2RDY1NzMyMDRFNjU3NzIwNTI2RjZENjE2RTA3NTU2RTY5NjM2RjY0NjUwOTA0NTM2OTdBNjUwMjEwMDAwMA0KLTkgMiAwIDAgMCAwIDINCg0KMEUwMTA0NTQ2MTYyNzMwRTAwMDAwMA0KLTkgMiAwIDAgMCAwIDQNCg0KMEUwMA0KLTkgMCAwIDAgMCAwIDcNCjEgMSAwIDggMyAwDQozMzAwMzUwMDIwMDAzNzA0MzAwNDIwMDA0MTA0MzUwNDNBMDQyRTAwDQo=</FormattedText>
						</VariantText>
						<VariantText CorrectAnswer="False">
							<PlainText>45  за сек.</PlainText>
							<FormattedText>LTggMSAzIDINCi05IDEgMCAwIDAgMCAxMw0KOTYNCi05IDIgMCAwIDAgMCAxDQoNCjBFMDEwOTUzNzQ3OTZDNjU0RTYxNkQ2NTA2MEI0RTZGNzI2RDYxNkMyMDc0NjU3ODc0MEE1MzY5N0E2NTQ0NkY3NTYyNkM2NTAyMUMwODQ2NkY2RTc0NEU2MTZENjUwNjBGNTQ2OTZENjU3MzIwNEU2NTc3MjA1MjZGNkQ2MTZFMDc1NTZFNjk2MzZGNjQ2NTA5MDQ1MzY5N0E2NTAyMEUwMDAxMDg1Mzc0NjE2RTY0NjE3MjY0MDgwNzQzNjg2MTcyNzM2NTc0MDcwRjUyNTU1MzUzNDk0MTRFNUY0MzQ4NDE1MjUzNDU1NDBBNTM2OTdBNjU0NDZGNzU2MjZDNjUwMjIwMDg0NjZGNkU3NDRFNjE2RDY1MDYwRjU0Njk2RDY1NzMyMDRFNjU3NzIwNTI2RjZENjE2RTA3NTU2RTY5NjM2RjY0NjUwOTA0NTM2OTdBNjUwMjEwMDAwMA0KLTkgMiAwIDAgMCAwIDINCg0KMEUwMTA0NTQ2MTYyNzMwRTAwMDAwMA0KLTkgMiAwIDAgMCAwIDQNCg0KMEUwMA0KLTkgMCAwIDAgMCAwIDcNCjEgMSAwIDggMyAwDQozNDAwMzUwMDIwMDAyMDAwMzcwNDMwMDQyMDAwNDEwNDM1MDQzQTA0MkUwMA0K</FormattedText>
						</VariantText>
						<VariantText CorrectAnswer="False">
							<PlainText>55 за сек.</PlainText>
							<FormattedText>LTggMSAzIDINCi05IDEgMCAwIDAgMCAxMw0KOTYNCi05IDIgMCAwIDAgMCAxDQoNCjBFMDEwOTUzNzQ3OTZDNjU0RTYxNkQ2NTA2MEI0RTZGNzI2RDYxNkMyMDc0NjU3ODc0MEE1MzY5N0E2NTQ0NkY3NTYyNkM2NTAyMUMwODQ2NkY2RTc0NEU2MTZENjUwNjBGNTQ2OTZENjU3MzIwNEU2NTc3MjA1MjZGNkQ2MTZFMDc1NTZFNjk2MzZGNjQ2NTA5MDQ1MzY5N0E2NTAyMEUwMDAxMDg1Mzc0NjE2RTY0NjE3MjY0MDgwNzQzNjg2MTcyNzM2NTc0MDcwRjUyNTU1MzUzNDk0MTRFNUY0MzQ4NDE1MjUzNDU1NDBBNTM2OTdBNjU0NDZGNzU2MjZDNjUwMjIwMDg0NjZGNkU3NDRFNjE2RDY1MDYwRjU0Njk2RDY1NzMyMDRFNjU3NzIwNTI2RjZENjE2RTA3NTU2RTY5NjM2RjY0NjUwOTA0NTM2OTdBNjUwMjEwMDAwMA0KLTkgMiAwIDAgMCAwIDINCg0KMEUwMTA0NTQ2MTYyNzMwRTAwMDAwMA0KLTkgMiAwIDAgMCAwIDQNCg0KMEUwMA0KLTkgMCAwIDAgMCAwIDcNCjEgMSAwIDggMyAwDQozNTAwMzUwMDIwMDAzNzA0MzAwNDIwMDA0MTA0MzUwNDNBMDQyRTAwDQo=</FormattedText>
						</VariantText>
					</Variants>
				</Task>
				<!-- ***** -->
				<Task Type="TYPE_TASK_CHOICE_SINGLE" Score="1">
					<Title/>
					<QuestionText>
						<PlainText>Чим забезпечується підвищення чутливості до світла фоторецепторів при їх адаптації до темряви?</PlainText>
						<FormattedText>LTggMSAzIDINCi05IDEgMCAwIDAgMCAxMw0KOTYNCi05IDIgMCAwIDAgMCAxDQoNCjBFMDEwOTUzNzQ3OTZDNjU0RTYxNkQ2NTA2MEI0RTZGNzI2RDYxNkMyMDc0NjU3ODc0MEE1MzY5N0E2NTQ0NkY3NTYyNkM2NTAyMUMwODQ2NkY2RTc0NEU2MTZENjUwNjBGNTQ2OTZENjU3MzIwNEU2NTc3MjA1MjZGNkQ2MTZFMDc1NTZFNjk2MzZGNjQ2NTA5MDQ1MzY5N0E2NTAyMEUwMDAxMDg1Mzc0NjE2RTY0NjE3MjY0MDgwNzQzNjg2MTcyNzM2NTc0MDcwRjUyNTU1MzUzNDk0MTRFNUY0MzQ4NDE1MjUzNDU1NDBBNTM2OTdBNjU0NDZGNzU2MjZDNjUwMjIwMDg0NjZGNkU3NDRFNjE2RDY1MDYwRjU0Njk2RDY1NzMyMDRFNjU3NzIwNTI2RjZENjE2RTA3NTU2RTY5NjM2RjY0NjUwOTA0NTM2OTdBNjUwMjEwMDAwMA0KLTkgMiAwIDAgMCAwIDINCg0KMEUwMTA0NTQ2MTYyNzMwRTAwMDAwMTA4NTM3NDYxNkU2NDYxNzI2NDA4MDk0MTZDNjk2NzZFNkQ2NTZFNzQwNzBBNzI3NjYxNEE3NTczNzQ2OTY2NzkwNDU0NjE2MjczMEUwMDAwMDANCi05IDIgMCAwIDAgMCA0DQoNCjBFMDANCi05IDAgMCAwIDAgMCA3DQoxIDIgMSA4IDMgMA0KMjcwNDM4MDQzQzA0MjAwMDM3MDQzMDA0MzEwNDM1MDQzNzA0M0YwNDM1MDQ0NzA0NDMwNDU0MDQ0MjA0NEMwNDQxMDQ0RjA0MjAwMDNGMDQ1NjA0MzQwNDMyMDQzODA0NDkwNDM1MDQzRDA0M0QwNDRGMDQyMDAwNDcwNDQzMDQ0MjA0M0IwNDM4MDQzMjA0M0UwNDQxMDQ0MjA0NTYwNDIwMDAzNDA0M0UwNDIwMDA0MTA0MzIwNDU2MDQ0MjA0M0IwNDMwMDQyMDAwNDQwNDNFMDQ0MjA0M0UwNDQwMDQzNTA0NDYwNDM1MDQzRjA0NDIwNDNFMDQ0MDA0NTYwNDMyMDQyMDAwM0YwNDQwMDQzODA0MjAwMDU3MDQ0NTA0MjAwMDMwMDQzNDA0MzAwNDNGMDQ0MjA0MzAwNDQ2MDQ1NjA0NTcwNDIwMDAzNDA0M0UwNDIwMDA0MjA0MzUwNDNDMDQ0MDA0NEYwNDMyMDQzODA0M0YwMA0KDQo=</FormattedText>
					</QuestionText>
					<Options>
						<IsAllowRandom>true</IsAllowRandom>
						<IsCompulsory>false</IsCompulsory>
						<IsOnlyForEduMode>false</IsOnlyForEduMode>
						<IsDenyPartially>false</IsDenyPartially>
					</Options>
					<Variants>
						<VariantText CorrectAnswer="True">
							<PlainText>Швидкістю ресинтезу зорових пігментів.</PlainText>
							<FormattedText>LTggMSAzIDINCi05IDEgMCAwIDAgMCAxMw0KOTYNCi05IDIgMCAwIDAgMCAxDQoNCjBFMDEwOTUzNzQ3OTZDNjU0RTYxNkQ2NTA2MEI0RTZGNzI2RDYxNkMyMDc0NjU3ODc0MEE1MzY5N0E2NTQ0NkY3NTYyNkM2NTAyMUMwODQ2NkY2RTc0NEU2MTZENjUwNjBGNTQ2OTZENjU3MzIwNEU2NTc3MjA1MjZGNkQ2MTZFMDc1NTZFNjk2MzZGNjQ2NTA5MDQ1MzY5N0E2NTAyMEUwMDAxMDg1Mzc0NjE2RTY0NjE3MjY0MDgwNzQzNjg2MTcyNzM2NTc0MDcwRjUyNTU1MzUzNDk0MTRFNUY0MzQ4NDE1MjUzNDU1NDBBNTM2OTdBNjU0NDZGNzU2MjZDNjUwMjIwMDg0NjZGNkU3NDRFNjE2RDY1MDYwRjU0Njk2RDY1NzMyMDRFNjU3NzIwNTI2RjZENjE2RTA3NTU2RTY5NjM2RjY0NjUwOTA0NTM2OTdBNjUwMjEwMDAwMA0KLTkgMiAwIDAgMCAwIDINCg0KMEUwMTA0NTQ2MTYyNzMwRTAwMDAwMA0KLTkgMiAwIDAgMCAwIDQNCg0KMEUwMA0KLTkgMCAwIDAgMCAwIDcNCjEgMSAwIDggMyAwDQoyODA0MzIwNDM4MDQzNDA0M0EwNDU2MDQ0MTA0NDIwNDRFMDQyMDAwNDAwNDM1MDQ0MTA0MzgwNDNEMDQ0MjA0MzUwNDM3MDQ0MzA0MjAwMDM3MDQzRTA0NDAwNDNFMDQzMjA0MzgwNDQ1MDQyMDAwM0YwNDU2MDQzMzA0M0MwNDM1MDQzRDA0NDIwNDU2MDQzMjA0MkUwMA0K</FormattedText>
						</VariantText>
						<VariantText CorrectAnswer="False">
							<PlainText>Швидкістю ресинтезу йодопсину.</PlainText>
							<FormattedText>LTggMSAzIDINCi05IDEgMCAwIDAgMCAxMw0KOTYNCi05IDIgMCAwIDAgMCAxDQoNCjBFMDEwOTUzNzQ3OTZDNjU0RTYxNkQ2NTA2MEI0RTZGNzI2RDYxNkMyMDc0NjU3ODc0MEE1MzY5N0E2NTQ0NkY3NTYyNkM2NTAyMUMwODQ2NkY2RTc0NEU2MTZENjUwNjBGNTQ2OTZENjU3MzIwNEU2NTc3MjA1MjZGNkQ2MTZFMDc1NTZFNjk2MzZGNjQ2NTA5MDQ1MzY5N0E2NTAyMEUwMDAxMDg1Mzc0NjE2RTY0NjE3MjY0MDgwNzQzNjg2MTcyNzM2NTc0MDcwRjUyNTU1MzUzNDk0MTRFNUY0MzQ4NDE1MjUzNDU1NDBBNTM2OTdBNjU0NDZGNzU2MjZDNjUwMjIwMDg0NjZGNkU3NDRFNjE2RDY1MDYwRjU0Njk2RDY1NzMyMDRFNjU3NzIwNTI2RjZENjE2RTA3NTU2RTY5NjM2RjY0NjUwOTA0NTM2OTdBNjUwMjEwMDAwMA0KLTkgMiAwIDAgMCAwIDINCg0KMEUwMTA0NTQ2MTYyNzMwRTAwMDAwMA0KLTkgMiAwIDAgMCAwIDQNCg0KMEUwMA0KLTkgMCAwIDAgMCAwIDcNCjEgMSAwIDggMyAwDQoyODA0MzIwNDM4MDQzNDA0M0EwNDU2MDQ0MTA0NDIwNDRFMDQyMDAwNDAwNDM1MDQ0MTA0MzgwNDNEMDQ0MjA0MzUwNDM3MDQ0MzA0MjAwMDM5MDQzRTA0MzQwNDNFMDQzRjA0NDEwNDM4MDQzRDA0NDMwNDJFMDANCg==</FormattedText>
						</VariantText>
						<VariantText CorrectAnswer="False">
							<PlainText>Швидкістю ресинтезу родопсину.</PlainText>
							<FormattedText>LTggMSAzIDINCi05IDEgMCAwIDAgMCAxMw0KOTYNCi05IDIgMCAwIDAgMCAxDQoNCjBFMDEwOTUzNzQ3OTZDNjU0RTYxNkQ2NTA2MEI0RTZGNzI2RDYxNkMyMDc0NjU3ODc0MEE1MzY5N0E2NTQ0NkY3NTYyNkM2NTAyMUMwODQ2NkY2RTc0NEU2MTZENjUwNjBGNTQ2OTZENjU3MzIwNEU2NTc3MjA1MjZGNkQ2MTZFMDc1NTZFNjk2MzZGNjQ2NTA5MDQ1MzY5N0E2NTAyMEUwMDAxMDg1Mzc0NjE2RTY0NjE3MjY0MDgwNzQzNjg2MTcyNzM2NTc0MDcwRjUyNTU1MzUzNDk0MTRFNUY0MzQ4NDE1MjUzNDU1NDBBNTM2OTdBNjU0NDZGNzU2MjZDNjUwMjIwMDg0NjZGNkU3NDRFNjE2RDY1MDYwRjU0Njk2RDY1NzMyMDRFNjU3NzIwNTI2RjZENjE2RTA3NTU2RTY5NjM2RjY0NjUwOTA0NTM2OTdBNjUwMjEwMDAwMA0KLTkgMiAwIDAgMCAwIDINCg0KMEUwMTA0NTQ2MTYyNzMwRTAwMDAwMA0KLTkgMiAwIDAgMCAwIDQNCg0KMEUwMA0KLTkgMCAwIDAgMCAwIDcNCjEgMSAwIDggMyAwDQoyODA0MzIwNDM4MDQzNDA0M0EwNDU2MDQ0MTA0NDIwNDRFMDQyMDAwNDAwNDM1MDQ0MTA0MzgwNDNEMDQ0MjA0MzUwNDM3MDQ0MzA0MjAwMDQwMDQzRTA0MzQwNDNFMDQzRjA0NDEwNDM4MDQzRDA0NDMwNDJFMDANCg==</FormattedText>
						</VariantText>
						<VariantText CorrectAnswer="False">
							<PlainText>Зниженням збудливості фоторецепторів.</PlainText>
							<FormattedText>LTggMSAzIDINCi05IDEgMCAwIDAgMCAxMw0KOTYNCi05IDIgMCAwIDAgMCAxDQoNCjBFMDEwOTUzNzQ3OTZDNjU0RTYxNkQ2NTA2MEI0RTZGNzI2RDYxNkMyMDc0NjU3ODc0MEE1MzY5N0E2NTQ0NkY3NTYyNkM2NTAyMUMwODQ2NkY2RTc0NEU2MTZENjUwNjBGNTQ2OTZENjU3MzIwNEU2NTc3MjA1MjZGNkQ2MTZFMDc1NTZFNjk2MzZGNjQ2NTA5MDQ1MzY5N0E2NTAyMEUwMDAxMDg1Mzc0NjE2RTY0NjE3MjY0MDgwNzQzNjg2MTcyNzM2NTc0MDcwRjUyNTU1MzUzNDk0MTRFNUY0MzQ4NDE1MjUzNDU1NDBBNTM2OTdBNjU0NDZGNzU2MjZDNjUwMjIwMDg0NjZGNkU3NDRFNjE2RDY1MDYwRjU0Njk2RDY1NzMyMDRFNjU3NzIwNTI2RjZENjE2RTA3NTU2RTY5NjM2RjY0NjUwOTA0NTM2OTdBNjUwMjEwMDAwMA0KLTkgMiAwIDAgMCAwIDINCg0KMEUwMTA0NTQ2MTYyNzMwRTAwMDAwMA0KLTkgMiAwIDAgMCAwIDQNCg0KMEUwMA0KLTkgMCAwIDAgMCAwIDcNCjEgMSAwIDggMyAwDQoxNzA0M0QwNDM4MDQzNjA0MzUwNDNEMDQzRDA0NEYwNDNDMDQyMDAwMzcwNDMxMDQ0MzA0MzQwNDNCMDQzODA0MzIwNDNFMDQ0MTA0NDIwNDU2MDQyMDAwNDQwNDNFMDQ0MjA0M0UwNDQwMDQzNTA0NDYwNDM1MDQzRjA0NDIwNDNFMDQ0MDA0NTYwNDMyMDQyRTAwDQo=</FormattedText>
						</VariantText>
						<VariantText CorrectAnswer="False">
							<PlainText>Уповільненням фотохімічних реакцій на сітківці.</PlainText>
							<FormattedText>LTggMSAzIDINCi05IDEgMCAwIDAgMCAxMw0KOTYNCi05IDIgMCAwIDAgMCAxDQoNCjBFMDEwOTUzNzQ3OTZDNjU0RTYxNkQ2NTA2MEI0RTZGNzI2RDYxNkMyMDc0NjU3ODc0MEE1MzY5N0E2NTQ0NkY3NTYyNkM2NTAyMUMwODQ2NkY2RTc0NEU2MTZENjUwNjBGNTQ2OTZENjU3MzIwNEU2NTc3MjA1MjZGNkQ2MTZFMDc1NTZFNjk2MzZGNjQ2NTA5MDQ1MzY5N0E2NTAyMEUwMDAxMDg1Mzc0NjE2RTY0NjE3MjY0MDgwNzQzNjg2MTcyNzM2NTc0MDcwRjUyNTU1MzUzNDk0MTRFNUY0MzQ4NDE1MjUzNDU1NDBBNTM2OTdBNjU0NDZGNzU2MjZDNjUwMjIwMDg0NjZGNkU3NDRFNjE2RDY1MDYwRjU0Njk2RDY1NzMyMDRFNjU3NzIwNTI2RjZENjE2RTA3NTU2RTY5NjM2RjY0NjUwOTA0NTM2OTdBNjUwMjEwMDAwMA0KLTkgMiAwIDAgMCAwIDINCg0KMEUwMTA0NTQ2MTYyNzMwRTAwMDAwMA0KLTkgMiAwIDAgMCAwIDQNCg0KMEUwMA0KLTkgMCAwIDAgMCAwIDcNCjEgMSAwIDggMyAwDQoyMzA0M0YwNDNFMDQzMjA0NTYwNDNCMDQ0QzA0M0QwNDM1MDQzRDA0M0QwNDRGMDQzQzA0MjAwMDQ0MDQzRTA0NDIwNDNFMDQ0NTA0NTYwNDNDMDQ1NjA0NDcwNDNEMDQzODA0NDUwNDIwMDA0MDA0MzUwNDMwMDQzQTA0NDYwNDU2MDQzOTA0MjAwMDNEMDQzMDA0MjAwMDQxMDQ1NjA0NDIwNDNBMDQ1NjA0MzIwNDQ2MDQ1NjA0MkUwMA0K</FormattedText>
						</VariantText>
					</Variants>
				</Task>
				<!-- ***** -->
				<Task Type="TYPE_TASK_CHOICE_SINGLE" Score="1">
					<Title/>
					<QuestionText>
						<PlainText>Які структури відносяться до апарату слухового аналізатора, який вловлює звук (ототопіція)?</PlainText>
						<FormattedText>LTggMSAzIDINCi05IDEgMCAwIDAgMCAxMw0KOTYNCi05IDIgMCAwIDAgMCAxDQoNCjBFMDEwOTUzNzQ3OTZDNjU0RTYxNkQ2NTA2MEI0RTZGNzI2RDYxNkMyMDc0NjU3ODc0MEE1MzY5N0E2NTQ0NkY3NTYyNkM2NTAyMUMwODQ2NkY2RTc0NEU2MTZENjUwNjBGNTQ2OTZENjU3MzIwNEU2NTc3MjA1MjZGNkQ2MTZFMDc1NTZFNjk2MzZGNjQ2NTA5MDQ1MzY5N0E2NTAyMEUwMDAxMDg1Mzc0NjE2RTY0NjE3MjY0MDgwNzQzNjg2MTcyNzM2NTc0MDcwRjUyNTU1MzUzNDk0MTRFNUY0MzQ4NDE1MjUzNDU1NDBBNTM2OTdBNjU0NDZGNzU2MjZDNjUwMjIwMDg0NjZGNkU3NDRFNjE2RDY1MDYwRjU0Njk2RDY1NzMyMDRFNjU3NzIwNTI2RjZENjE2RTA3NTU2RTY5NjM2RjY0NjUwOTA0NTM2OTdBNjUwMjEwMDAwMA0KLTkgMiAwIDAgMCAwIDINCg0KMEUwMTA0NTQ2MTYyNzMwRTAwMDAwMTA4NTM3NDYxNkU2NDYxNzI2NDA4MDk0MTZDNjk2NzZFNkQ2NTZFNzQwNzBBNzI3NjYxNEE3NTczNzQ2OTY2NzkwNDU0NjE2MjczMEUwMDAwMDANCi05IDIgMCAwIDAgMCA0DQoNCjBFMDANCi05IDAgMCAwIDAgMCA3DQoxIDIgMSA4IDMgMA0KMkYwNDNBMDQ1NjA0MjAwMDQxMDQ0MjA0NDAwNDQzMDQzQTA0NDIwNDQzMDQ0MDA0MzgwNDIwMDAzMjA0NTYwNDM0MDQzRDA0M0UwNDQxMDQ0RjA0NDIwNDRDMDQ0MTA0NEYwNDIwMDAzNDA0M0UwNDIwMDAzMDA0M0YwNDMwMDQ0MDA0MzAwNDQyMDQ0MzA0MjAwMDQxMDQzQjA0NDMwNDQ1MDQzRTA0MzIwNDNFMDQzMzA0M0UwNDIwMDAzMDA0M0QwNDMwMDQzQjA0NTYwNDM3MDQzMDA0NDIwNDNFMDQ0MDA0MzAwNDJDMDAyMDAwNEYwNDNBMDQzODA0MzkwNDIwMDAzMjA0M0IwNDNFMDQzMjA0M0IwNDRFMDQ1NDA0MjAwMDM3MDQzMjA0NDMwNDNBMDQyMDAwMjgwMDNFMDQ0MjA0M0UwNDQyMDQzRTA0M0YwNDU2MDQ0NjA0NTYwNDRGMDQyOTAwM0YwMA0KDQo=</FormattedText>
					</QuestionText>
					<Options>
						<IsAllowRandom>true</IsAllowRandom>
						<IsCompulsory>false</IsCompulsory>
						<IsOnlyForEduMode>false</IsOnlyForEduMode>
						<IsDenyPartially>false</IsDenyPartially>
					</Options>
					<Variants>
						<VariantText CorrectAnswer="False">
							<PlainText>Барабанна перетинка.</PlainText>
							<FormattedText>LTggMSAzIDINCi05IDEgMCAwIDAgMCAxMw0KOTYNCi05IDIgMCAwIDAgMCAxDQoNCjBFMDEwOTUzNzQ3OTZDNjU0RTYxNkQ2NTA2MEI0RTZGNzI2RDYxNkMyMDc0NjU3ODc0MEE1MzY5N0E2NTQ0NkY3NTYyNkM2NTAyMUMwODQ2NkY2RTc0NEU2MTZENjUwNjBGNTQ2OTZENjU3MzIwNEU2NTc3MjA1MjZGNkQ2MTZFMDc1NTZFNjk2MzZGNjQ2NTA5MDQ1MzY5N0E2NTAyMEUwMDAxMDg1Mzc0NjE2RTY0NjE3MjY0MDgwNzQzNjg2MTcyNzM2NTc0MDcwRjUyNTU1MzUzNDk0MTRFNUY0MzQ4NDE1MjUzNDU1NDBBNTM2OTdBNjU0NDZGNzU2MjZDNjUwMjIwMDg0NjZGNkU3NDRFNjE2RDY1MDYwRjU0Njk2RDY1NzMyMDRFNjU3NzIwNTI2RjZENjE2RTA3NTU2RTY5NjM2RjY0NjUwOTA0NTM2OTdBNjUwMjEwMDAwMA0KLTkgMiAwIDAgMCAwIDINCg0KMEUwMTA0NTQ2MTYyNzMwRTAwMDAwMA0KLTkgMiAwIDAgMCAwIDQNCg0KMEUwMA0KLTkgMCAwIDAgMCAwIDcNCjEgMSAwIDggMyAwDQoxMTA0MzAwNDQwMDQzMDA0MzEwNDMwMDQzRDA0M0QwNDMwMDQyMDAwM0YwNDM1MDQ0MDA0MzUwNDQyMDQzODA0M0QwNDNBMDQzMDA0MkUwMA0K</FormattedText>
						</VariantText>
						<VariantText CorrectAnswer="True">
							<PlainText>Вушна раковина.</PlainText>
							<FormattedText>LTggMSAzIDINCi05IDEgMCAwIDAgMCAxMw0KOTYNCi05IDIgMCAwIDAgMCAxDQoNCjBFMDEwOTUzNzQ3OTZDNjU0RTYxNkQ2NTA2MEI0RTZGNzI2RDYxNkMyMDc0NjU3ODc0MEE1MzY5N0E2NTQ0NkY3NTYyNkM2NTAyMUMwODQ2NkY2RTc0NEU2MTZENjUwNjBGNTQ2OTZENjU3MzIwNEU2NTc3MjA1MjZGNkQ2MTZFMDc1NTZFNjk2MzZGNjQ2NTA5MDQ1MzY5N0E2NTAyMEUwMDAxMDg1Mzc0NjE2RTY0NjE3MjY0MDgwNzQzNjg2MTcyNzM2NTc0MDcwRjUyNTU1MzUzNDk0MTRFNUY0MzQ4NDE1MjUzNDU1NDBBNTM2OTdBNjU0NDZGNzU2MjZDNjUwMjIwMDg0NjZGNkU3NDRFNjE2RDY1MDYwRjU0Njk2RDY1NzMyMDRFNjU3NzIwNTI2RjZENjE2RTA3NTU2RTY5NjM2RjY0NjUwOTA0NTM2OTdBNjUwMjEwMDAwMA0KLTkgMiAwIDAgMCAwIDINCg0KMEUwMTA0NTQ2MTYyNzMwRTAwMDAwMA0KLTkgMiAwIDAgMCAwIDQNCg0KMEUwMA0KLTkgMCAwIDAgMCAwIDcNCjEgMSAwIDggMyAwDQoxMjA0NDMwNDQ4MDQzRDA0MzAwNDIwMDA0MDA0MzAwNDNBMDQzRTA0MzIwNDM4MDQzRDA0MzAwNDJFMDANCg==</FormattedText>
						</VariantText>
						<VariantText CorrectAnswer="False">
							<PlainText>Слухові кісточки.</PlainText>
							<FormattedText>LTggMSAzIDINCi05IDEgMCAwIDAgMCAxMw0KOTYNCi05IDIgMCAwIDAgMCAxDQoNCjBFMDEwOTUzNzQ3OTZDNjU0RTYxNkQ2NTA2MEI0RTZGNzI2RDYxNkMyMDc0NjU3ODc0MEE1MzY5N0E2NTQ0NkY3NTYyNkM2NTAyMUMwODQ2NkY2RTc0NEU2MTZENjUwNjBGNTQ2OTZENjU3MzIwNEU2NTc3MjA1MjZGNkQ2MTZFMDc1NTZFNjk2MzZGNjQ2NTA5MDQ1MzY5N0E2NTAyMEUwMDAxMDg1Mzc0NjE2RTY0NjE3MjY0MDgwNzQzNjg2MTcyNzM2NTc0MDcwRjUyNTU1MzUzNDk0MTRFNUY0MzQ4NDE1MjUzNDU1NDBBNTM2OTdBNjU0NDZGNzU2MjZDNjUwMjIwMDg0NjZGNkU3NDRFNjE2RDY1MDYwRjU0Njk2RDY1NzMyMDRFNjU3NzIwNTI2RjZENjE2RTA3NTU2RTY5NjM2RjY0NjUwOTA0NTM2OTdBNjUwMjEwMDAwMA0KLTkgMiAwIDAgMCAwIDINCg0KMEUwMTA0NTQ2MTYyNzMwRTAwMDAwMA0KLTkgMiAwIDAgMCAwIDQNCg0KMEUwMA0KLTkgMCAwIDAgMCAwIDcNCjEgMSAwIDggMyAwDQoyMTA0M0IwNDQzMDQ0NTA0M0UwNDMyMDQ1NjA0MjAwMDNBMDQ1NjA0NDEwNDQyMDQzRTA0NDcwNDNBMDQzODA0MkUwMA0K</FormattedText>
						</VariantText>
						<VariantText CorrectAnswer="False">
							<PlainText>Спіральний орган (Корті).</PlainText>
							<FormattedText>LTggMSAzIDINCi05IDEgMCAwIDAgMCAxMw0KOTYNCi05IDIgMCAwIDAgMCAxDQoNCjBFMDEwOTUzNzQ3OTZDNjU0RTYxNkQ2NTA2MEI0RTZGNzI2RDYxNkMyMDc0NjU3ODc0MEE1MzY5N0E2NTQ0NkY3NTYyNkM2NTAyMUMwODQ2NkY2RTc0NEU2MTZENjUwNjBGNTQ2OTZENjU3MzIwNEU2NTc3MjA1MjZGNkQ2MTZFMDc1NTZFNjk2MzZGNjQ2NTA5MDQ1MzY5N0E2NTAyMEUwMDAxMDg1Mzc0NjE2RTY0NjE3MjY0MDgwNzQzNjg2MTcyNzM2NTc0MDcwRjUyNTU1MzUzNDk0MTRFNUY0MzQ4NDE1MjUzNDU1NDBBNTM2OTdBNjU0NDZGNzU2MjZDNjUwMjIwMDg0NjZGNkU3NDRFNjE2RDY1MDYwRjU0Njk2RDY1NzMyMDRFNjU3NzIwNTI2RjZENjE2RTA3NTU2RTY5NjM2RjY0NjUwOTA0NTM2OTdBNjUwMjEwMDAwMA0KLTkgMiAwIDAgMCAwIDINCg0KMEUwMTA0NTQ2MTYyNzMwRTAwMDAwMA0KLTkgMiAwIDAgMCAwIDQNCg0KMEUwMA0KLTkgMCAwIDAgMCAwIDcNCjEgMSAwIDggMyAwDQoyMTA0M0YwNDU2MDQ0MDA0MzAwNDNCMDQ0QzA0M0QwNDM4MDQzOTA0MjAwMDNFMDQ0MDA0MzMwNDMwMDQzRDA0MjAwMDI4MDAxQTA0M0UwNDQwMDQ0MjA0NTYwNDI5MDAyRTAwDQo=</FormattedText>
						</VariantText>
						<VariantText CorrectAnswer="False">
							<PlainText>Півколові канали.</PlainText>
							<FormattedText>LTggMSAzIDINCi05IDEgMCAwIDAgMCAxMw0KOTYNCi05IDIgMCAwIDAgMCAxDQoNCjBFMDEwOTUzNzQ3OTZDNjU0RTYxNkQ2NTA2MEI0RTZGNzI2RDYxNkMyMDc0NjU3ODc0MEE1MzY5N0E2NTQ0NkY3NTYyNkM2NTAyMUMwODQ2NkY2RTc0NEU2MTZENjUwNjBGNTQ2OTZENjU3MzIwNEU2NTc3MjA1MjZGNkQ2MTZFMDc1NTZFNjk2MzZGNjQ2NTA5MDQ1MzY5N0E2NTAyMEUwMDAxMDg1Mzc0NjE2RTY0NjE3MjY0MDgwNzQzNjg2MTcyNzM2NTc0MDcwRjUyNTU1MzUzNDk0MTRFNUY0MzQ4NDE1MjUzNDU1NDBBNTM2OTdBNjU0NDZGNzU2MjZDNjUwMjIwMDg0NjZGNkU3NDRFNjE2RDY1MDYwRjU0Njk2RDY1NzMyMDRFNjU3NzIwNTI2RjZENjE2RTA3NTU2RTY5NjM2RjY0NjUwOTA0NTM2OTdBNjUwMjEwMDAwMA0KLTkgMiAwIDAgMCAwIDINCg0KMEUwMTA0NTQ2MTYyNzMwRTAwMDAwMA0KLTkgMiAwIDAgMCAwIDQNCg0KMEUwMA0KLTkgMCAwIDAgMCAwIDcNCjEgMSAwIDggMyAwDQoxRjA0NTYwNDMyMDQzQTA0M0UwNDNCMDQzRTA0MzIwNDU2MDQyMDAwM0EwNDMwMDQzRDA0MzAwNDNCMDQzODA0MkUwMA0K</FormattedText>
						</VariantText>
					</Variants>
				</Task>
				<!-- ***** -->
				<Task Type="TYPE_TASK_CHOICE_SINGLE" Score="1">
					<Title/>
					<QuestionText>
						<PlainText>Які структури відносяться до апарату слухового аналізатора, який проводе звук?</PlainText>
						<FormattedText>LTggMSAzIDINCi05IDEgMCAwIDAgMCAxMw0KOTYNCi05IDIgMCAwIDAgMCAxDQoNCjBFMDEwOTUzNzQ3OTZDNjU0RTYxNkQ2NTA2MEI0RTZGNzI2RDYxNkMyMDc0NjU3ODc0MEE1MzY5N0E2NTQ0NkY3NTYyNkM2NTAyMUMwODQ2NkY2RTc0NEU2MTZENjUwNjBGNTQ2OTZENjU3MzIwNEU2NTc3MjA1MjZGNkQ2MTZFMDc1NTZFNjk2MzZGNjQ2NTA5MDQ1MzY5N0E2NTAyMEUwMDAxMDg1Mzc0NjE2RTY0NjE3MjY0MDgwNzQzNjg2MTcyNzM2NTc0MDcwRjUyNTU1MzUzNDk0MTRFNUY0MzQ4NDE1MjUzNDU1NDBBNTM2OTdBNjU0NDZGNzU2MjZDNjUwMjIwMDg0NjZGNkU3NDRFNjE2RDY1MDYwRjU0Njk2RDY1NzMyMDRFNjU3NzIwNTI2RjZENjE2RTA3NTU2RTY5NjM2RjY0NjUwOTA0NTM2OTdBNjUwMjEwMDAwMA0KLTkgMiAwIDAgMCAwIDINCg0KMEUwMTA0NTQ2MTYyNzMwRTAwMDAwMTA4NTM3NDYxNkU2NDYxNzI2NDA4MDk0MTZDNjk2NzZFNkQ2NTZFNzQwNzBBNzI3NjYxNEE3NTczNzQ2OTY2NzkwNDU0NjE2MjczMEUwMDAwMDANCi05IDIgMCAwIDAgMCA0DQoNCjBFMDANCi05IDAgMCAwIDAgMCA3DQoxIDIgMSA4IDMgMA0KMkYwNDNBMDQ1NjA0MjAwMDQxMDQ0MjA0NDAwNDQzMDQzQTA0NDIwNDQzMDQ0MDA0MzgwNDIwMDAzMjA0NTYwNDM0MDQzRDA0M0UwNDQxMDQ0RjA0NDIwNDRDMDQ0MTA0NEYwNDIwMDAzNDA0M0UwNDIwMDAzMDA0M0YwNDMwMDQ0MDA0MzAwNDQyMDQ0MzA0MjAwMDQxMDQzQjA0NDMwNDQ1MDQzRTA0MzIwNDNFMDQzMzA0M0UwNDIwMDAzMDA0M0QwNDMwMDQzQjA0NTYwNDM3MDQzMDA0NDIwNDNFMDQ0MDA0MzAwNDJDMDAyMDAwNEYwNDNBMDQzODA0MzkwNDIwMDAzRjA0NDAwNDNFMDQzMjA0M0UwNDM0MDQzNTA0MjAwMDM3MDQzMjA0NDMwNDNBMDQzRjAwDQoNCg==</FormattedText>
					</QuestionText>
					<Options>
						<IsAllowRandom>true</IsAllowRandom>
						<IsCompulsory>false</IsCompulsory>
						<IsOnlyForEduMode>false</IsOnlyForEduMode>
						<IsDenyPartially>false</IsDenyPartially>
					</Options>
					<Variants>
						<VariantText CorrectAnswer="False">
							<PlainText>Барабанна перетинка і мембрана овального вікна.</PlainText>
							<FormattedText>LTggMSAzIDINCi05IDEgMCAwIDAgMCAxMw0KOTYNCi05IDIgMCAwIDAgMCAxDQoNCjBFMDEwOTUzNzQ3OTZDNjU0RTYxNkQ2NTA2MEI0RTZGNzI2RDYxNkMyMDc0NjU3ODc0MEE1MzY5N0E2NTQ0NkY3NTYyNkM2NTAyMUMwODQ2NkY2RTc0NEU2MTZENjUwNjBGNTQ2OTZENjU3MzIwNEU2NTc3MjA1MjZGNkQ2MTZFMDc1NTZFNjk2MzZGNjQ2NTA5MDQ1MzY5N0E2NTAyMEUwMDAxMDg1Mzc0NjE2RTY0NjE3MjY0MDgwNzQzNjg2MTcyNzM2NTc0MDcwRjUyNTU1MzUzNDk0MTRFNUY0MzQ4NDE1MjUzNDU1NDBBNTM2OTdBNjU0NDZGNzU2MjZDNjUwMjIwMDg0NjZGNkU3NDRFNjE2RDY1MDYwRjU0Njk2RDY1NzMyMDRFNjU3NzIwNTI2RjZENjE2RTA3NTU2RTY5NjM2RjY0NjUwOTA0NTM2OTdBNjUwMjEwMDAwMA0KLTkgMiAwIDAgMCAwIDINCg0KMEUwMTA0NTQ2MTYyNzMwRTAwMDAwMA0KLTkgMiAwIDAgMCAwIDQNCg0KMEUwMA0KLTkgMCAwIDAgMCAwIDcNCjEgMSAwIDggMyAwDQoxMTA0MzAwNDQwMDQzMDA0MzEwNDMwMDQzRDA0M0QwNDMwMDQyMDAwM0YwNDM1MDQ0MDA0MzUwNDQyMDQzODA0M0QwNDNBMDQzMDA0MjAwMDU2MDQyMDAwM0MwNDM1MDQzQzA0MzEwNDQwMDQzMDA0M0QwNDMwMDQyMDAwM0UwNDMyMDQzMDA0M0IwNDRDMDQzRDA0M0UwNDMzMDQzRTA0MjAwMDMyMDQ1NjA0M0EwNDNEMDQzMDA0MkUwMA0K</FormattedText>
						</VariantText>
						<VariantText CorrectAnswer="True">
							<PlainText>Слухові кісточки, барабанна перетинка і мембрана овального вікна.</PlainText>
							<FormattedText>LTggMSAzIDINCi05IDEgMCAwIDAgMCAxMw0KOTYNCi05IDIgMCAwIDAgMCAxDQoNCjBFMDEwOTUzNzQ3OTZDNjU0RTYxNkQ2NTA2MEI0RTZGNzI2RDYxNkMyMDc0NjU3ODc0MEE1MzY5N0E2NTQ0NkY3NTYyNkM2NTAyMUMwODQ2NkY2RTc0NEU2MTZENjUwNjBGNTQ2OTZENjU3MzIwNEU2NTc3MjA1MjZGNkQ2MTZFMDc1NTZFNjk2MzZGNjQ2NTA5MDQ1MzY5N0E2NTAyMEUwMDAxMDg1Mzc0NjE2RTY0NjE3MjY0MDgwNzQzNjg2MTcyNzM2NTc0MDcwRjUyNTU1MzUzNDk0MTRFNUY0MzQ4NDE1MjUzNDU1NDBBNTM2OTdBNjU0NDZGNzU2MjZDNjUwMjIwMDg0NjZGNkU3NDRFNjE2RDY1MDYwRjU0Njk2RDY1NzMyMDRFNjU3NzIwNTI2RjZENjE2RTA3NTU2RTY5NjM2RjY0NjUwOTA0NTM2OTdBNjUwMjEwMDAwMA0KLTkgMiAwIDAgMCAwIDINCg0KMEUwMTA0NTQ2MTYyNzMwRTAwMDAwMA0KLTkgMiAwIDAgMCAwIDQNCg0KMEUwMA0KLTkgMCAwIDAgMCAwIDcNCjEgMSAwIDggMyAwDQoyMDAwMjEwNDNCMDQ0MzA0NDUwNDNFMDQzMjA0NTYwNDIwMDAzQTA0NTYwNDQxMDQ0MjA0M0UwNDQ3MDQzQTA0MzgwNDJDMDAyMDAwMzEwNDMwMDQ0MDA0MzAwNDMxMDQzMDA0M0QwNDNEMDQzMDA0MjAwMDNGMDQzNTA0NDAwNDM1MDQ0MjA0MzgwNDNEMDQzQTA0MzAwNDIwMDA1NjA0MjAwMDNDMDQzNTA0M0MwNDMxMDQ0MDA0MzAwNDNEMDQzMDA0MjAwMDNFMDQzMjA0MzAwNDNCMDQ0QzA0M0QwNDNFMDQzMzA0M0UwNDIwMDAzMjA0NTYwNDNBMDQzRDA0MzAwNDJFMDANCg==</FormattedText>
						</VariantText>
						<VariantText CorrectAnswer="False">
							<PlainText>Півколові канали.</PlainText>
							<FormattedText>LTggMSAzIDINCi05IDEgMCAwIDAgMCAxMw0KOTYNCi05IDIgMCAwIDAgMCAxDQoNCjBFMDEwOTUzNzQ3OTZDNjU0RTYxNkQ2NTA2MEI0RTZGNzI2RDYxNkMyMDc0NjU3ODc0MEE1MzY5N0E2NTQ0NkY3NTYyNkM2NTAyMUMwODQ2NkY2RTc0NEU2MTZENjUwNjBGNTQ2OTZENjU3MzIwNEU2NTc3MjA1MjZGNkQ2MTZFMDc1NTZFNjk2MzZGNjQ2NTA5MDQ1MzY5N0E2NTAyMEUwMDAxMDg1Mzc0NjE2RTY0NjE3MjY0MDgwNzQzNjg2MTcyNzM2NTc0MDcwRjUyNTU1MzUzNDk0MTRFNUY0MzQ4NDE1MjUzNDU1NDBBNTM2OTdBNjU0NDZGNzU2MjZDNjUwMjIwMDg0NjZGNkU3NDRFNjE2RDY1MDYwRjU0Njk2RDY1NzMyMDRFNjU3NzIwNTI2RjZENjE2RTA3NTU2RTY5NjM2RjY0NjUwOTA0NTM2OTdBNjUwMjEwMDAwMA0KLTkgMiAwIDAgMCAwIDINCg0KMEUwMTA0NTQ2MTYyNzMwRTAwMDAwMA0KLTkgMiAwIDAgMCAwIDQNCg0KMEUwMA0KLTkgMCAwIDAgMCAwIDcNCjEgMSAwIDggMyAwDQoxRjA0NTYwNDMyMDQzQTA0M0UwNDNCMDQzRTA0MzIwNDU2MDQyMDAwM0EwNDMwMDQzRDA0MzAwNDNCMDQzODA0MkUwMA0K</FormattedText>
						</VariantText>
						<VariantText CorrectAnswer="False">
							<PlainText>Спіральний орган (Корті) і мембрана круглого вікна.</PlainText>
							<FormattedText>LTggMSAzIDINCi05IDEgMCAwIDAgMCAxMw0KOTYNCi05IDIgMCAwIDAgMCAxDQoNCjBFMDEwOTUzNzQ3OTZDNjU0RTYxNkQ2NTA2MEI0RTZGNzI2RDYxNkMyMDc0NjU3ODc0MEE1MzY5N0E2NTQ0NkY3NTYyNkM2NTAyMUMwODQ2NkY2RTc0NEU2MTZENjUwNjBGNTQ2OTZENjU3MzIwNEU2NTc3MjA1MjZGNkQ2MTZFMDc1NTZFNjk2MzZGNjQ2NTA5MDQ1MzY5N0E2NTAyMEUwMDAxMDg1Mzc0NjE2RTY0NjE3MjY0MDgwNzQzNjg2MTcyNzM2NTc0MDcwRjUyNTU1MzUzNDk0MTRFNUY0MzQ4NDE1MjUzNDU1NDBBNTM2OTdBNjU0NDZGNzU2MjZDNjUwMjIwMDg0NjZGNkU3NDRFNjE2RDY1MDYwRjU0Njk2RDY1NzMyMDRFNjU3NzIwNTI2RjZENjE2RTA3NTU2RTY5NjM2RjY0NjUwOTA0NTM2OTdBNjUwMjEwMDAwMA0KLTkgMiAwIDAgMCAwIDINCg0KMEUwMTA0NTQ2MTYyNzMwRTAwMDAwMA0KLTkgMiAwIDAgMCAwIDQNCg0KMEUwMA0KLTkgMCAwIDAgMCAwIDcNCjEgMSAwIDggMyAwDQoyMTA0M0YwNDU2MDQ0MDA0MzAwNDNCMDQ0QzA0M0QwNDM4MDQzOTA0MjAwMDNFMDQ0MDA0MzMwNDMwMDQzRDA0MjAwMDI4MDAxQTA0M0UwNDQwMDQ0MjA0NTYwNDI5MDAyMDAwNTYwNDIwMDAzQzA0MzUwNDNDMDQzMTA0NDAwNDMwMDQzRDA0MzAwNDIwMDAzQTA0NDAwNDQzMDQzMzA0M0IwNDNFMDQzMzA0M0UwNDIwMDAzMjA0NTYwNDNBMDQzRDA0MzAwNDJFMDANCg==</FormattedText>
						</VariantText>
						<VariantText CorrectAnswer="False">
							<PlainText>Вушна раковина і барабанна перетинка.</PlainText>
							<FormattedText>LTggMSAzIDINCi05IDEgMCAwIDAgMCAxMw0KOTYNCi05IDIgMCAwIDAgMCAxDQoNCjBFMDEwOTUzNzQ3OTZDNjU0RTYxNkQ2NTA2MEI0RTZGNzI2RDYxNkMyMDc0NjU3ODc0MEE1MzY5N0E2NTQ0NkY3NTYyNkM2NTAyMUMwODQ2NkY2RTc0NEU2MTZENjUwNjBGNTQ2OTZENjU3MzIwNEU2NTc3MjA1MjZGNkQ2MTZFMDc1NTZFNjk2MzZGNjQ2NTA5MDQ1MzY5N0E2NTAyMEUwMDAxMDg1Mzc0NjE2RTY0NjE3MjY0MDgwNzQzNjg2MTcyNzM2NTc0MDcwRjUyNTU1MzUzNDk0MTRFNUY0MzQ4NDE1MjUzNDU1NDBBNTM2OTdBNjU0NDZGNzU2MjZDNjUwMjIwMDg0NjZGNkU3NDRFNjE2RDY1MDYwRjU0Njk2RDY1NzMyMDRFNjU3NzIwNTI2RjZENjE2RTA3NTU2RTY5NjM2RjY0NjUwOTA0NTM2OTdBNjUwMjEwMDAwMA0KLTkgMiAwIDAgMCAwIDINCg0KMEUwMTA0NTQ2MTYyNzMwRTAwMDAwMA0KLTkgMiAwIDAgMCAwIDQNCg0KMEUwMA0KLTkgMCAwIDAgMCAwIDcNCjEgMSAwIDggMyAwDQoxMjA0NDMwNDQ4MDQzRDA0MzAwNDIwMDA0MDA0MzAwNDNBMDQzRTA0MzIwNDM4MDQzRDA0MzAwNDIwMDA1NjA0MjAwMDMxMDQzMDA0NDAwNDMwMDQzMTA0MzAwNDNEMDQzRDA0MzAwNDIwMDAzRjA0MzUwNDQwMDQzNTA0NDIwNDM4MDQzRDA0M0EwNDMwMDQyRTAwDQo=</FormattedText>
						</VariantText>
					</Variants>
				</Task>
				<!-- ***** -->
				<Task Type="TYPE_TASK_CHOICE_SINGLE" Score="1">
					<Title/>
					<QuestionText>
						<PlainText>Які структури відносяться до звукосприймаючого апарату слухового аналізатора?</PlainText>
						<FormattedText>LTggMSAzIDINCi05IDEgMCAwIDAgMCAxMw0KOTYNCi05IDIgMCAwIDAgMCAxDQoNCjBFMDEwOTUzNzQ3OTZDNjU0RTYxNkQ2NTA2MEI0RTZGNzI2RDYxNkMyMDc0NjU3ODc0MEE1MzY5N0E2NTQ0NkY3NTYyNkM2NTAyMUMwODQ2NkY2RTc0NEU2MTZENjUwNjBGNTQ2OTZENjU3MzIwNEU2NTc3MjA1MjZGNkQ2MTZFMDc1NTZFNjk2MzZGNjQ2NTA5MDQ1MzY5N0E2NTAyMEUwMDAxMDg1Mzc0NjE2RTY0NjE3MjY0MDgwNzQzNjg2MTcyNzM2NTc0MDcwRjUyNTU1MzUzNDk0MTRFNUY0MzQ4NDE1MjUzNDU1NDBBNTM2OTdBNjU0NDZGNzU2MjZDNjUwMjIwMDg0NjZGNkU3NDRFNjE2RDY1MDYwRjU0Njk2RDY1NzMyMDRFNjU3NzIwNTI2RjZENjE2RTA3NTU2RTY5NjM2RjY0NjUwOTA0NTM2OTdBNjUwMjEwMDAwMA0KLTkgMiAwIDAgMCAwIDINCg0KMEUwMTA0NTQ2MTYyNzMwRTAwMDAwMTA4NTM3NDYxNkU2NDYxNzI2NDA4MDk0MTZDNjk2NzZFNkQ2NTZFNzQwNzBBNzI3NjYxNEE3NTczNzQ2OTY2NzkwNDU0NjE2MjczMEUwMDAwMDANCi05IDIgMCAwIDAgMCA0DQoNCjBFMDANCi05IDAgMCAwIDAgMCA3DQoxIDIgMSA4IDMgMA0KMkYwNDNBMDQ1NjA0MjAwMDQxMDQ0MjA0NDAwNDQzMDQzQTA0NDIwNDQzMDQ0MDA0MzgwNDIwMDAzMjA0NTYwNDM0MDQzRDA0M0UwNDQxMDQ0RjA0NDIwNDRDMDQ0MTA0NEYwNDIwMDAzNDA0M0UwNDIwMDAzNzA0MzIwNDQzMDQzQTA0M0UwNDQxMDQzRjA0NDAwNDM4MDQzOTA0M0MwNDMwMDQ0RTA0NDcwNDNFMDQzMzA0M0UwNDIwMDAzMDA0M0YwNDMwMDQ0MDA0MzAwNDQyMDQ0MzA0MjAwMDQxMDQzQjA0NDMwNDQ1MDQzRTA0MzIwNDNFMDQzMzA0M0UwNDIwMDAzMDA0M0QwNDMwMDQzQjA0NTYwNDM3MDQzMDA0NDIwNDNFMDQ0MDA0MzAwNDNGMDANCg0K</FormattedText>
					</QuestionText>
					<Options>
						<IsAllowRandom>true</IsAllowRandom>
						<IsCompulsory>false</IsCompulsory>
						<IsOnlyForEduMode>false</IsOnlyForEduMode>
						<IsDenyPartially>false</IsDenyPartially>
					</Options>
					<Variants>
						<VariantText CorrectAnswer="False">
							<PlainText>Слухові кісточки.</PlainText>
							<FormattedText>LTggMSAzIDINCi05IDEgMCAwIDAgMCAxMw0KOTYNCi05IDIgMCAwIDAgMCAxDQoNCjBFMDEwOTUzNzQ3OTZDNjU0RTYxNkQ2NTA2MEI0RTZGNzI2RDYxNkMyMDc0NjU3ODc0MEE1MzY5N0E2NTQ0NkY3NTYyNkM2NTAyMUMwODQ2NkY2RTc0NEU2MTZENjUwNjBGNTQ2OTZENjU3MzIwNEU2NTc3MjA1MjZGNkQ2MTZFMDc1NTZFNjk2MzZGNjQ2NTA5MDQ1MzY5N0E2NTAyMEUwMDAxMDg1Mzc0NjE2RTY0NjE3MjY0MDgwNzQzNjg2MTcyNzM2NTc0MDcwRjUyNTU1MzUzNDk0MTRFNUY0MzQ4NDE1MjUzNDU1NDBBNTM2OTdBNjU0NDZGNzU2MjZDNjUwMjIwMDg0NjZGNkU3NDRFNjE2RDY1MDYwRjU0Njk2RDY1NzMyMDRFNjU3NzIwNTI2RjZENjE2RTA3NTU2RTY5NjM2RjY0NjUwOTA0NTM2OTdBNjUwMjEwMDAwMA0KLTkgMiAwIDAgMCAwIDINCg0KMEUwMTA0NTQ2MTYyNzMwRTAwMDAwMA0KLTkgMiAwIDAgMCAwIDQNCg0KMEUwMA0KLTkgMCAwIDAgMCAwIDcNCjEgMSAwIDggMyAwDQoyMTA0M0IwNDQzMDQ0NTA0M0UwNDMyMDQ1NjA0MjAwMDNBMDQ1NjA0NDEwNDQyMDQzRTA0NDcwNDNBMDQzODA0MkUwMA0K</FormattedText>
						</VariantText>
						<VariantText CorrectAnswer="True">
							<PlainText>Спіральний орган (Корті).</PlainText>
							<FormattedText>LTggMSAzIDINCi05IDEgMCAwIDAgMCAxMw0KOTYNCi05IDIgMCAwIDAgMCAxDQoNCjBFMDEwOTUzNzQ3OTZDNjU0RTYxNkQ2NTA2MEI0RTZGNzI2RDYxNkMyMDc0NjU3ODc0MEE1MzY5N0E2NTQ0NkY3NTYyNkM2NTAyMUMwODQ2NkY2RTc0NEU2MTZENjUwNjBGNTQ2OTZENjU3MzIwNEU2NTc3MjA1MjZGNkQ2MTZFMDc1NTZFNjk2MzZGNjQ2NTA5MDQ1MzY5N0E2NTAyMEUwMDAxMDg1Mzc0NjE2RTY0NjE3MjY0MDgwNzQzNjg2MTcyNzM2NTc0MDcwRjUyNTU1MzUzNDk0MTRFNUY0MzQ4NDE1MjUzNDU1NDBBNTM2OTdBNjU0NDZGNzU2MjZDNjUwMjIwMDg0NjZGNkU3NDRFNjE2RDY1MDYwRjU0Njk2RDY1NzMyMDRFNjU3NzIwNTI2RjZENjE2RTA3NTU2RTY5NjM2RjY0NjUwOTA0NTM2OTdBNjUwMjEwMDAwMA0KLTkgMiAwIDAgMCAwIDINCg0KMEUwMTA0NTQ2MTYyNzMwRTAwMDAwMA0KLTkgMiAwIDAgMCAwIDQNCg0KMEUwMA0KLTkgMCAwIDAgMCAwIDcNCjEgMSAwIDggMyAwDQoyMTA0M0YwNDU2MDQ0MDA0MzAwNDNCMDQ0QzA0M0QwNDM4MDQzOTA0MjAwMDNFMDQ0MDA0MzMwNDMwMDQzRDA0MjAwMDI4MDAxQTA0M0UwNDQwMDQ0MjA0NTYwNDI5MDAyRTAwDQo=</FormattedText>
						</VariantText>
						<VariantText CorrectAnswer="False">
							<PlainText>Вушна раковина.</PlainText>
							<FormattedText>LTggMSAzIDINCi05IDEgMCAwIDAgMCAxMw0KOTYNCi05IDIgMCAwIDAgMCAxDQoNCjBFMDEwOTUzNzQ3OTZDNjU0RTYxNkQ2NTA2MEI0RTZGNzI2RDYxNkMyMDc0NjU3ODc0MEE1MzY5N0E2NTQ0NkY3NTYyNkM2NTAyMUMwODQ2NkY2RTc0NEU2MTZENjUwNjBGNTQ2OTZENjU3MzIwNEU2NTc3MjA1MjZGNkQ2MTZFMDc1NTZFNjk2MzZGNjQ2NTA5MDQ1MzY5N0E2NTAyMEUwMDAxMDg1Mzc0NjE2RTY0NjE3MjY0MDgwNzQzNjg2MTcyNzM2NTc0MDcwRjUyNTU1MzUzNDk0MTRFNUY0MzQ4NDE1MjUzNDU1NDBBNTM2OTdBNjU0NDZGNzU2MjZDNjUwMjIwMDg0NjZGNkU3NDRFNjE2RDY1MDYwRjU0Njk2RDY1NzMyMDRFNjU3NzIwNTI2RjZENjE2RTA3NTU2RTY5NjM2RjY0NjUwOTA0NTM2OTdBNjUwMjEwMDAwMA0KLTkgMiAwIDAgMCAwIDINCg0KMEUwMTA0NTQ2MTYyNzMwRTAwMDAwMA0KLTkgMiAwIDAgMCAwIDQNCg0KMEUwMA0KLTkgMCAwIDAgMCAwIDcNCjEgMSAwIDggMyAwDQoxMjA0NDMwNDQ4MDQzRDA0MzAwNDIwMDA0MDA0MzAwNDNBMDQzRTA0MzIwNDM4MDQzRDA0MzAwNDJFMDANCg==</FormattedText>
						</VariantText>
						<VariantText CorrectAnswer="False">
							<PlainText>Барабанна перетинка.</PlainText>
							<FormattedText>LTggMSAzIDINCi05IDEgMCAwIDAgMCAxMw0KOTYNCi05IDIgMCAwIDAgMCAxDQoNCjBFMDEwOTUzNzQ3OTZDNjU0RTYxNkQ2NTA2MEI0RTZGNzI2RDYxNkMyMDc0NjU3ODc0MEE1MzY5N0E2NTQ0NkY3NTYyNkM2NTAyMUMwODQ2NkY2RTc0NEU2MTZENjUwNjBGNTQ2OTZENjU3MzIwNEU2NTc3MjA1MjZGNkQ2MTZFMDc1NTZFNjk2MzZGNjQ2NTA5MDQ1MzY5N0E2NTAyMEUwMDAxMDg1Mzc0NjE2RTY0NjE3MjY0MDgwNzQzNjg2MTcyNzM2NTc0MDcwRjUyNTU1MzUzNDk0MTRFNUY0MzQ4NDE1MjUzNDU1NDBBNTM2OTdBNjU0NDZGNzU2MjZDNjUwMjIwMDg0NjZGNkU3NDRFNjE2RDY1MDYwRjU0Njk2RDY1NzMyMDRFNjU3NzIwNTI2RjZENjE2RTA3NTU2RTY5NjM2RjY0NjUwOTA0NTM2OTdBNjUwMjEwMDAwMA0KLTkgMiAwIDAgMCAwIDINCg0KMEUwMTA0NTQ2MTYyNzMwRTAwMDAwMA0KLTkgMiAwIDAgMCAwIDQNCg0KMEUwMA0KLTkgMCAwIDAgMCAwIDcNCjEgMSAwIDggMyAwDQoyMDAwMTEwNDMwMDQ0MDA0MzAwNDMxMDQzMDA0M0QwNDNEMDQzMDA0MjAwMDNGMDQzNTA0NDAwNDM1MDQ0MjA0MzgwNDNEMDQzQTA0MzAwNDJFMDANCg==</FormattedText>
						</VariantText>
						<VariantText CorrectAnswer="False">
							<PlainText>Півколові канали.</PlainText>
							<FormattedText>LTggMSAzIDINCi05IDEgMCAwIDAgMCAxMw0KOTYNCi05IDIgMCAwIDAgMCAxDQoNCjBFMDEwOTUzNzQ3OTZDNjU0RTYxNkQ2NTA2MEI0RTZGNzI2RDYxNkMyMDc0NjU3ODc0MEE1MzY5N0E2NTQ0NkY3NTYyNkM2NTAyMUMwODQ2NkY2RTc0NEU2MTZENjUwNjBGNTQ2OTZENjU3MzIwNEU2NTc3MjA1MjZGNkQ2MTZFMDc1NTZFNjk2MzZGNjQ2NTA5MDQ1MzY5N0E2NTAyMEUwMDAxMDg1Mzc0NjE2RTY0NjE3MjY0MDgwNzQzNjg2MTcyNzM2NTc0MDcwRjUyNTU1MzUzNDk0MTRFNUY0MzQ4NDE1MjUzNDU1NDBBNTM2OTdBNjU0NDZGNzU2MjZDNjUwMjIwMDg0NjZGNkU3NDRFNjE2RDY1MDYwRjU0Njk2RDY1NzMyMDRFNjU3NzIwNTI2RjZENjE2RTA3NTU2RTY5NjM2RjY0NjUwOTA0NTM2OTdBNjUwMjEwMDAwMA0KLTkgMiAwIDAgMCAwIDINCg0KMEUwMTA0NTQ2MTYyNzMwRTAwMDAwMTA4NTM3NDYxNkU2NDYxNzI2NDA4MDk0MTZDNjk2NzZFNkQ2NTZFNzQwNzBBNzI3NjYxNEE3NTczNzQ2OTY2NzkwNDU0NjE2MjczMEUwMDAwMDANCi05IDIgMCAwIDAgMCA0DQoNCjBFMDANCi05IDAgMCAwIDAgMCA3DQoxIDIgMSA4IDMgMA0KMUYwNDU2MDQzMjA0M0EwNDNFMDQzQjA0M0UwNDMyMDQ1NjA0MjAwMDNBMDQzMDA0M0QwNDMwMDQzQjA0MzgwNDJFMDANCg0K</FormattedText>
						</VariantText>
					</Variants>
				</Task>
				<!-- ***** -->
				<Task Type="TYPE_TASK_CHOICE_SINGLE" Score="1">
					<Title/>
					<QuestionText>
						<PlainText>Порушення сприйняття звукових хвиль якої частоти виникає при ураженні нижньої частини завитка?</PlainText>
						<FormattedText>LTggMSAzIDINCi05IDEgMCAwIDAgMCAxMw0KOTYNCi05IDIgMCAwIDAgMCAxDQoNCjBFMDEwOTUzNzQ3OTZDNjU0RTYxNkQ2NTA2MEI0RTZGNzI2RDYxNkMyMDc0NjU3ODc0MEE1MzY5N0E2NTQ0NkY3NTYyNkM2NTAyMUMwODQ2NkY2RTc0NEU2MTZENjUwNjBGNTQ2OTZENjU3MzIwNEU2NTc3MjA1MjZGNkQ2MTZFMDc1NTZFNjk2MzZGNjQ2NTA5MDQ1MzY5N0E2NTAyMEUwMDAxMDg1Mzc0NjE2RTY0NjE3MjY0MDgwNzQzNjg2MTcyNzM2NTc0MDcwRjUyNTU1MzUzNDk0MTRFNUY0MzQ4NDE1MjUzNDU1NDBBNTM2OTdBNjU0NDZGNzU2MjZDNjUwMjIwMDg0NjZGNkU3NDRFNjE2RDY1MDYwRjU0Njk2RDY1NzMyMDRFNjU3NzIwNTI2RjZENjE2RTA3NTU2RTY5NjM2RjY0NjUwOTA0NTM2OTdBNjUwMjEwMDAwMA0KLTkgMiAwIDAgMCAwIDINCg0KMEUwMTA0NTQ2MTYyNzMwRTAwMDAwMTA4NTM3NDYxNkU2NDYxNzI2NDA4MDk0MTZDNjk2NzZFNkQ2NTZFNzQwNzBBNzI3NjYxNEE3NTczNzQ2OTY2NzkwNDU0NjE2MjczMEUwMDAwMDANCi05IDIgMCAwIDAgMCA0DQoNCjBFMDANCi05IDAgMCAwIDAgMCA3DQoxIDIgMSA4IDMgMA0KMUYwNDNFMDQ0MDA0NDMwNDQ4MDQzNTA0M0QwNDNEMDQ0RjA0MjAwMDQxMDQzRjA0NDAwNDM4MDQzOTA0M0QwNDRGMDQ0MjA0NDIwNDRGMDQyMDAwMzcwNDMyMDQ0MzA0M0EwNDNFMDQzMjA0MzgwNDQ1MDQyMDAwNDUwNDMyMDQzODA0M0IwNDRDMDQyMDAwNEYwNDNBMDQzRTA0NTcwNDIwMDA0NzA0MzAwNDQxMDQ0MjA0M0UwNDQyMDQzODA0MjAwMDMyMDQzODA0M0QwNDM4MDQzQTA0MzAwNDU0MDQyMDAwM0YwNDQwMDQzODA0MjAwMDQzMDQ0MDA0MzAwNDM2MDQzNTA0M0QwNDNEMDQ1NjA0MjAwMDNEMDQzODA0MzYwNDNEMDQ0QzA0M0UwNDU3MDQyMDAwNDcwNDMwMDQ0MTA0NDIwNDM4MDQzRDA0MzgwNDIwMDAzNzA0MzAwNDMyMDQzODA0NDIwNDNBMDQzMDA0M0YwMA0KDQo=</FormattedText>
					</QuestionText>
					<Options>
						<IsAllowRandom>true</IsAllowRandom>
						<IsCompulsory>false</IsCompulsory>
						<IsOnlyForEduMode>false</IsOnlyForEduMode>
						<IsDenyPartially>false</IsDenyPartially>
					</Options>
					<Variants>
						<VariantText CorrectAnswer="False">
							<PlainText>16-150 Гц.</PlainText>
							<FormattedText>LTggMSAzIDINCi05IDEgMCAwIDAgMCAxMw0KOTYNCi05IDIgMCAwIDAgMCAxDQoNCjBFMDEwOTUzNzQ3OTZDNjU0RTYxNkQ2NTA2MEI0RTZGNzI2RDYxNkMyMDc0NjU3ODc0MEE1MzY5N0E2NTQ0NkY3NTYyNkM2NTAyMUMwODQ2NkY2RTc0NEU2MTZENjUwNjBGNTQ2OTZENjU3MzIwNEU2NTc3MjA1MjZGNkQ2MTZFMDc1NTZFNjk2MzZGNjQ2NTA5MDQ1MzY5N0E2NTAyMEUwMDAxMDg1Mzc0NjE2RTY0NjE3MjY0MDgwNzQzNjg2MTcyNzM2NTc0MDcwRjUyNTU1MzUzNDk0MTRFNUY0MzQ4NDE1MjUzNDU1NDBBNTM2OTdBNjU0NDZGNzU2MjZDNjUwMjIwMDg0NjZGNkU3NDRFNjE2RDY1MDYwRjU0Njk2RDY1NzMyMDRFNjU3NzIwNTI2RjZENjE2RTA3NTU2RTY5NjM2RjY0NjUwOTA0NTM2OTdBNjUwMjEwMDAwMA0KLTkgMiAwIDAgMCAwIDINCg0KMEUwMTA0NTQ2MTYyNzMwRTAwMDAwMA0KLTkgMiAwIDAgMCAwIDQNCg0KMEUwMA0KLTkgMCAwIDAgMCAwIDcNCjEgMSAwIDggMyAwDQozMTAwMzYwMDJEMDAzMTAwMzUwMDMwMDAyMDAwMTMwNDQ2MDQyRTAwDQo=</FormattedText>
						</VariantText>
						<VariantText CorrectAnswer="True">
							<PlainText>10000-20000 Гц.</PlainText>
							<FormattedText>LTggMSAzIDINCi05IDEgMCAwIDAgMCAxMw0KOTYNCi05IDIgMCAwIDAgMCAxDQoNCjBFMDEwOTUzNzQ3OTZDNjU0RTYxNkQ2NTA2MEI0RTZGNzI2RDYxNkMyMDc0NjU3ODc0MEE1MzY5N0E2NTQ0NkY3NTYyNkM2NTAyMUMwODQ2NkY2RTc0NEU2MTZENjUwNjBGNTQ2OTZENjU3MzIwNEU2NTc3MjA1MjZGNkQ2MTZFMDc1NTZFNjk2MzZGNjQ2NTA5MDQ1MzY5N0E2NTAyMEUwMDAxMDg1Mzc0NjE2RTY0NjE3MjY0MDgwNzQzNjg2MTcyNzM2NTc0MDcwRjUyNTU1MzUzNDk0MTRFNUY0MzQ4NDE1MjUzNDU1NDBBNTM2OTdBNjU0NDZGNzU2MjZDNjUwMjIwMDg0NjZGNkU3NDRFNjE2RDY1MDYwRjU0Njk2RDY1NzMyMDRFNjU3NzIwNTI2RjZENjE2RTA3NTU2RTY5NjM2RjY0NjUwOTA0NTM2OTdBNjUwMjEwMDAwMA0KLTkgMiAwIDAgMCAwIDINCg0KMEUwMTA0NTQ2MTYyNzMwRTAwMDAwMA0KLTkgMiAwIDAgMCAwIDQNCg0KMEUwMA0KLTkgMCAwIDAgMCAwIDcNCjEgMSAwIDggMyAwDQozMTAwMzAwMDMwMDAzMDAwMzAwMDJEMDAzMjAwMzAwMDMwMDAzMDAwMzAwMDIwMDAxMzA0NDYwNDJFMDANCg==</FormattedText>
						</VariantText>
						<VariantText CorrectAnswer="False">
							<PlainText>5000-10000 Гц.</PlainText>
							<FormattedText>LTggMSAzIDINCi05IDEgMCAwIDAgMCAxMw0KOTYNCi05IDIgMCAwIDAgMCAxDQoNCjBFMDEwOTUzNzQ3OTZDNjU0RTYxNkQ2NTA2MEI0RTZGNzI2RDYxNkMyMDc0NjU3ODc0MEE1MzY5N0E2NTQ0NkY3NTYyNkM2NTAyMUMwODQ2NkY2RTc0NEU2MTZENjUwNjBGNTQ2OTZENjU3MzIwNEU2NTc3MjA1MjZGNkQ2MTZFMDc1NTZFNjk2MzZGNjQ2NTA5MDQ1MzY5N0E2NTAyMEUwMDAxMDg1Mzc0NjE2RTY0NjE3MjY0MDgwNzQzNjg2MTcyNzM2NTc0MDcwRjUyNTU1MzUzNDk0MTRFNUY0MzQ4NDE1MjUzNDU1NDBBNTM2OTdBNjU0NDZGNzU2MjZDNjUwMjIwMDg0NjZGNkU3NDRFNjE2RDY1MDYwRjU0Njk2RDY1NzMyMDRFNjU3NzIwNTI2RjZENjE2RTA3NTU2RTY5NjM2RjY0NjUwOTA0NTM2OTdBNjUwMjEwMDAwMA0KLTkgMiAwIDAgMCAwIDINCg0KMEUwMTA0NTQ2MTYyNzMwRTAwMDAwMA0KLTkgMiAwIDAgMCAwIDQNCg0KMEUwMA0KLTkgMCAwIDAgMCAwIDcNCjEgMSAwIDggMyAwDQozNTAwMzAwMDMwMDAzMDAwMkQwMDMxMDAzMDAwMzAwMDMwMDAzMDAwMjAwMDEzMDQ0NjA0MkUwMA0K</FormattedText>
						</VariantText>
						<VariantText CorrectAnswer="False">
							<PlainText>1000-5000 Гц.</PlainText>
							<FormattedText>LTggMSAzIDINCi05IDEgMCAwIDAgMCAxMw0KOTYNCi05IDIgMCAwIDAgMCAxDQoNCjBFMDEwOTUzNzQ3OTZDNjU0RTYxNkQ2NTA2MEI0RTZGNzI2RDYxNkMyMDc0NjU3ODc0MEE1MzY5N0E2NTQ0NkY3NTYyNkM2NTAyMUMwODQ2NkY2RTc0NEU2MTZENjUwNjBGNTQ2OTZENjU3MzIwNEU2NTc3MjA1MjZGNkQ2MTZFMDc1NTZFNjk2MzZGNjQ2NTA5MDQ1MzY5N0E2NTAyMEUwMDAxMDg1Mzc0NjE2RTY0NjE3MjY0MDgwNzQzNjg2MTcyNzM2NTc0MDcwRjUyNTU1MzUzNDk0MTRFNUY0MzQ4NDE1MjUzNDU1NDBBNTM2OTdBNjU0NDZGNzU2MjZDNjUwMjIwMDg0NjZGNkU3NDRFNjE2RDY1MDYwRjU0Njk2RDY1NzMyMDRFNjU3NzIwNTI2RjZENjE2RTA3NTU2RTY5NjM2RjY0NjUwOTA0NTM2OTdBNjUwMjEwMDAwMA0KLTkgMiAwIDAgMCAwIDINCg0KMEUwMTA0NTQ2MTYyNzMwRTAwMDAwMA0KLTkgMiAwIDAgMCAwIDQNCg0KMEUwMA0KLTkgMCAwIDAgMCAwIDcNCjEgMSAwIDggMyAwDQozMTAwMzAwMDMwMDAzMDAwMkQwMDM1MDAzMDAwMzAwMDMwMDAyMDAwMTMwNDQ2MDQyRTAwDQo=</FormattedText>
						</VariantText>
						<VariantText CorrectAnswer="False">
							<PlainText>150-999 Гц.</PlainText>
							<FormattedText>LTggMSAzIDINCi05IDEgMCAwIDAgMCAxMw0KOTYNCi05IDIgMCAwIDAgMCAxDQoNCjBFMDEwOTUzNzQ3OTZDNjU0RTYxNkQ2NTA2MEI0RTZGNzI2RDYxNkMyMDc0NjU3ODc0MEE1MzY5N0E2NTQ0NkY3NTYyNkM2NTAyMUMwODQ2NkY2RTc0NEU2MTZENjUwNjBGNTQ2OTZENjU3MzIwNEU2NTc3MjA1MjZGNkQ2MTZFMDc1NTZFNjk2MzZGNjQ2NTA5MDQ1MzY5N0E2NTAyMEUwMDAxMDg1Mzc0NjE2RTY0NjE3MjY0MDgwNzQzNjg2MTcyNzM2NTc0MDcwRjUyNTU1MzUzNDk0MTRFNUY0MzQ4NDE1MjUzNDU1NDBBNTM2OTdBNjU0NDZGNzU2MjZDNjUwMjIwMDg0NjZGNkU3NDRFNjE2RDY1MDYwRjU0Njk2RDY1NzMyMDRFNjU3NzIwNTI2RjZENjE2RTA3NTU2RTY5NjM2RjY0NjUwOTA0NTM2OTdBNjUwMjEwMDAwMA0KLTkgMiAwIDAgMCAwIDINCg0KMEUwMTA0NTQ2MTYyNzMwRTAwMDAwMA0KLTkgMiAwIDAgMCAwIDQNCg0KMEUwMA0KLTkgMCAwIDAgMCAwIDcNCjEgMSAwIDggMyAwDQozMTAwMzUwMDMwMDAyRDAwMzkwMDM5MDAzOTAwMjAwMDEzMDQ0NjA0MkUwMA0K</FormattedText>
						</VariantText>
					</Variants>
				</Task>
				<!-- ***** -->
				<Task Type="TYPE_TASK_CHOICE_SINGLE" Score="1">
					<Title/>
					<QuestionText>
						<PlainText>Порушення сприйняття звукових хвиль якої частоти виникає при ураженні верхньої частини завитка?</PlainText>
						<FormattedText>LTggMSAzIDINCi05IDEgMCAwIDAgMCAxMw0KOTYNCi05IDIgMCAwIDAgMCAxDQoNCjBFMDEwOTUzNzQ3OTZDNjU0RTYxNkQ2NTA2MEI0RTZGNzI2RDYxNkMyMDc0NjU3ODc0MEE1MzY5N0E2NTQ0NkY3NTYyNkM2NTAyMUMwODQ2NkY2RTc0NEU2MTZENjUwNjBGNTQ2OTZENjU3MzIwNEU2NTc3MjA1MjZGNkQ2MTZFMDc1NTZFNjk2MzZGNjQ2NTA5MDQ1MzY5N0E2NTAyMEUwMDAxMDg1Mzc0NjE2RTY0NjE3MjY0MDgwNzQzNjg2MTcyNzM2NTc0MDcwRjUyNTU1MzUzNDk0MTRFNUY0MzQ4NDE1MjUzNDU1NDBBNTM2OTdBNjU0NDZGNzU2MjZDNjUwMjIwMDg0NjZGNkU3NDRFNjE2RDY1MDYwRjU0Njk2RDY1NzMyMDRFNjU3NzIwNTI2RjZENjE2RTA3NTU2RTY5NjM2RjY0NjUwOTA0NTM2OTdBNjUwMjEwMDAwMA0KLTkgMiAwIDAgMCAwIDINCg0KMEUwMTA0NTQ2MTYyNzMwRTAwMDAwMTA4NTM3NDYxNkU2NDYxNzI2NDA4MDk0MTZDNjk2NzZFNkQ2NTZFNzQwNzBBNzI3NjYxNEE3NTczNzQ2OTY2NzkwNDU0NjE2MjczMEUwMDAwMDANCi05IDIgMCAwIDAgMCA0DQoNCjBFMDANCi05IDAgMCAwIDAgMCA3DQoxIDIgMSA4IDMgMA0KMUYwNDNFMDQ0MDA0NDMwNDQ4MDQzNTA0M0QwNDNEMDQ0RjA0MjAwMDQxMDQzRjA0NDAwNDM4MDQzOTA0M0QwNDRGMDQ0MjA0NDIwNDRGMDQyMDAwMzcwNDMyMDQ0MzA0M0EwNDNFMDQzMjA0MzgwNDQ1MDQyMDAwNDUwNDMyMDQzODA0M0IwNDRDMDQyMDAwNEYwNDNBMDQzRTA0NTcwNDIwMDA0NzA0MzAwNDQxMDQ0MjA0M0UwNDQyMDQzODA0MjAwMDMyMDQzODA0M0QwNDM4MDQzQTA0MzAwNDU0MDQyMDAwM0YwNDQwMDQzODA0MjAwMDQzMDQ0MDA0MzAwNDM2MDQzNTA0M0QwNDNEMDQ1NjA0MjAwMDMyMDQzNTA0NDAwNDQ1MDQzRDA0NEMwNDNFMDQ1NzA0MjAwMDQ3MDQzMDA0NDEwNDQyMDQzODA0M0QwNDM4MDQyMDAwMzcwNDMwMDQzMjA0MzgwNDQyMDQzQTA0MzAwNDNGMDANCg0K</FormattedText>
					</QuestionText>
					<Options>
						<IsAllowRandom>true</IsAllowRandom>
						<IsCompulsory>false</IsCompulsory>
						<IsOnlyForEduMode>false</IsOnlyForEduMode>
						<IsDenyPartially>false</IsDenyPartially>
					</Options>
					<Variants>
						<VariantText CorrectAnswer="False">
							<PlainText>10000-20000 Гц.</PlainText>
							<FormattedText>LTggMSAzIDINCi05IDEgMCAwIDAgMCAxMw0KOTYNCi05IDIgMCAwIDAgMCAxDQoNCjBFMDEwOTUzNzQ3OTZDNjU0RTYxNkQ2NTA2MEI0RTZGNzI2RDYxNkMyMDc0NjU3ODc0MEE1MzY5N0E2NTQ0NkY3NTYyNkM2NTAyMUMwODQ2NkY2RTc0NEU2MTZENjUwNjBGNTQ2OTZENjU3MzIwNEU2NTc3MjA1MjZGNkQ2MTZFMDc1NTZFNjk2MzZGNjQ2NTA5MDQ1MzY5N0E2NTAyMEUwMDAxMDg1Mzc0NjE2RTY0NjE3MjY0MDgwNzQzNjg2MTcyNzM2NTc0MDcwRjUyNTU1MzUzNDk0MTRFNUY0MzQ4NDE1MjUzNDU1NDBBNTM2OTdBNjU0NDZGNzU2MjZDNjUwMjIwMDg0NjZGNkU3NDRFNjE2RDY1MDYwRjU0Njk2RDY1NzMyMDRFNjU3NzIwNTI2RjZENjE2RTA3NTU2RTY5NjM2RjY0NjUwOTA0NTM2OTdBNjUwMjEwMDAwMA0KLTkgMiAwIDAgMCAwIDINCg0KMEUwMTA0NTQ2MTYyNzMwRTAwMDAwMA0KLTkgMiAwIDAgMCAwIDQNCg0KMEUwMA0KLTkgMCAwIDAgMCAwIDcNCjEgMSAwIDggMyAwDQozMTAwMzAwMDMwMDAzMDAwMzAwMDJEMDAzMjAwMzAwMDMwMDAzMDAwMzAwMDIwMDAxMzA0NDYwNDJFMDANCg==</FormattedText>
						</VariantText>
						<VariantText CorrectAnswer="True">
							<PlainText>16-150 Гц.</PlainText>
							<FormattedText>LTggMSAzIDINCi05IDEgMCAwIDAgMCAxMw0KOTYNCi05IDIgMCAwIDAgMCAxDQoNCjBFMDEwOTUzNzQ3OTZDNjU0RTYxNkQ2NTA2MEI0RTZGNzI2RDYxNkMyMDc0NjU3ODc0MEE1MzY5N0E2NTQ0NkY3NTYyNkM2NTAyMUMwODQ2NkY2RTc0NEU2MTZENjUwNjBGNTQ2OTZENjU3MzIwNEU2NTc3MjA1MjZGNkQ2MTZFMDc1NTZFNjk2MzZGNjQ2NTA5MDQ1MzY5N0E2NTAyMEUwMDAxMDg1Mzc0NjE2RTY0NjE3MjY0MDgwNzQzNjg2MTcyNzM2NTc0MDcwRjUyNTU1MzUzNDk0MTRFNUY0MzQ4NDE1MjUzNDU1NDBBNTM2OTdBNjU0NDZGNzU2MjZDNjUwMjIwMDg0NjZGNkU3NDRFNjE2RDY1MDYwRjU0Njk2RDY1NzMyMDRFNjU3NzIwNTI2RjZENjE2RTA3NTU2RTY5NjM2RjY0NjUwOTA0NTM2OTdBNjUwMjEwMDAwMA0KLTkgMiAwIDAgMCAwIDINCg0KMEUwMTA0NTQ2MTYyNzMwRTAwMDAwMA0KLTkgMiAwIDAgMCAwIDQNCg0KMEUwMA0KLTkgMCAwIDAgMCAwIDcNCjEgMSAwIDggMyAwDQozMTAwMzYwMDJEMDAzMTAwMzUwMDMwMDAyMDAwMTMwNDQ2MDQyRTAwDQo=</FormattedText>
						</VariantText>
						<VariantText CorrectAnswer="False">
							<PlainText>5000-10000 Гц.</PlainText>
							<FormattedText>LTggMSAzIDINCi05IDEgMCAwIDAgMCAxMw0KOTYNCi05IDIgMCAwIDAgMCAxDQoNCjBFMDEwOTUzNzQ3OTZDNjU0RTYxNkQ2NTA2MEI0RTZGNzI2RDYxNkMyMDc0NjU3ODc0MEE1MzY5N0E2NTQ0NkY3NTYyNkM2NTAyMUMwODQ2NkY2RTc0NEU2MTZENjUwNjBGNTQ2OTZENjU3MzIwNEU2NTc3MjA1MjZGNkQ2MTZFMDc1NTZFNjk2MzZGNjQ2NTA5MDQ1MzY5N0E2NTAyMEUwMDAxMDg1Mzc0NjE2RTY0NjE3MjY0MDgwNzQzNjg2MTcyNzM2NTc0MDcwRjUyNTU1MzUzNDk0MTRFNUY0MzQ4NDE1MjUzNDU1NDBBNTM2OTdBNjU0NDZGNzU2MjZDNjUwMjIwMDg0NjZGNkU3NDRFNjE2RDY1MDYwRjU0Njk2RDY1NzMyMDRFNjU3NzIwNTI2RjZENjE2RTA3NTU2RTY5NjM2RjY0NjUwOTA0NTM2OTdBNjUwMjEwMDAwMA0KLTkgMiAwIDAgMCAwIDINCg0KMEUwMTA0NTQ2MTYyNzMwRTAwMDAwMA0KLTkgMiAwIDAgMCAwIDQNCg0KMEUwMA0KLTkgMCAwIDAgMCAwIDcNCjEgMSAwIDggMyAwDQozNTAwMzAwMDMwMDAzMDAwMkQwMDMxMDAzMDAwMzAwMDMwMDAzMDAwMjAwMDEzMDQ0NjA0MkUwMA0K</FormattedText>
						</VariantText>
						<VariantText CorrectAnswer="False">
							<PlainText>1000-5000 Гц.</PlainText>
							<FormattedText>LTggMSAzIDINCi05IDEgMCAwIDAgMCAxMw0KOTYNCi05IDIgMCAwIDAgMCAxDQoNCjBFMDEwOTUzNzQ3OTZDNjU0RTYxNkQ2NTA2MEI0RTZGNzI2RDYxNkMyMDc0NjU3ODc0MEE1MzY5N0E2NTQ0NkY3NTYyNkM2NTAyMUMwODQ2NkY2RTc0NEU2MTZENjUwNjBGNTQ2OTZENjU3MzIwNEU2NTc3MjA1MjZGNkQ2MTZFMDc1NTZFNjk2MzZGNjQ2NTA5MDQ1MzY5N0E2NTAyMEUwMDAxMDg1Mzc0NjE2RTY0NjE3MjY0MDgwNzQzNjg2MTcyNzM2NTc0MDcwRjUyNTU1MzUzNDk0MTRFNUY0MzQ4NDE1MjUzNDU1NDBBNTM2OTdBNjU0NDZGNzU2MjZDNjUwMjIwMDg0NjZGNkU3NDRFNjE2RDY1MDYwRjU0Njk2RDY1NzMyMDRFNjU3NzIwNTI2RjZENjE2RTA3NTU2RTY5NjM2RjY0NjUwOTA0NTM2OTdBNjUwMjEwMDAwMA0KLTkgMiAwIDAgMCAwIDINCg0KMEUwMTA0NTQ2MTYyNzMwRTAwMDAwMA0KLTkgMiAwIDAgMCAwIDQNCg0KMEUwMA0KLTkgMCAwIDAgMCAwIDcNCjEgMSAwIDggMyAwDQozMTAwMzAwMDMwMDAzMDAwMkQwMDM1MDAzMDAwMzAwMDMwMDAyMDAwMTMwNDQ2MDQyRTAwDQo=</FormattedText>
						</VariantText>
						<VariantText CorrectAnswer="False">
							<PlainText>150-999 Гц.</PlainText>
							<FormattedText>LTggMSAzIDINCi05IDEgMCAwIDAgMCAxMw0KOTYNCi05IDIgMCAwIDAgMCAxDQoNCjBFMDEwOTUzNzQ3OTZDNjU0RTYxNkQ2NTA2MEI0RTZGNzI2RDYxNkMyMDc0NjU3ODc0MEE1MzY5N0E2NTQ0NkY3NTYyNkM2NTAyMUMwODQ2NkY2RTc0NEU2MTZENjUwNjBGNTQ2OTZENjU3MzIwNEU2NTc3MjA1MjZGNkQ2MTZFMDc1NTZFNjk2MzZGNjQ2NTA5MDQ1MzY5N0E2NTAyMEUwMDAxMDg1Mzc0NjE2RTY0NjE3MjY0MDgwNzQzNjg2MTcyNzM2NTc0MDcwRjUyNTU1MzUzNDk0MTRFNUY0MzQ4NDE1MjUzNDU1NDBBNTM2OTdBNjU0NDZGNzU2MjZDNjUwMjIwMDg0NjZGNkU3NDRFNjE2RDY1MDYwRjU0Njk2RDY1NzMyMDRFNjU3NzIwNTI2RjZENjE2RTA3NTU2RTY5NjM2RjY0NjUwOTA0NTM2OTdBNjUwMjEwMDAwMA0KLTkgMiAwIDAgMCAwIDINCg0KMEUwMTA0NTQ2MTYyNzMwRTAwMDAwMA0KLTkgMiAwIDAgMCAwIDQNCg0KMEUwMA0KLTkgMCAwIDAgMCAwIDcNCjEgMSAwIDggMyAwDQozMTAwMzUwMDMwMDAyRDAwMzkwMDM5MDAzOTAwMjAwMDEzMDQ0NjA0MkUwMDIwMDANCg==</FormattedText>
						</VariantText>
					</Variants>
				</Task>
				<!-- ***** -->
				<Task Type="TYPE_TASK_CHOICE_SINGLE" Score="1">
					<Title/>
					<QuestionText>
						<PlainText>Порушення сприйняття звукових хвиль якої частоти виникає при ураженні середньої частини завитка?</PlainText>
						<FormattedText>LTggMSAzIDINCi05IDEgMCAwIDAgMCAxMw0KOTYNCi05IDIgMCAwIDAgMCAxDQoNCjBFMDEwOTUzNzQ3OTZDNjU0RTYxNkQ2NTA2MEI0RTZGNzI2RDYxNkMyMDc0NjU3ODc0MEE1MzY5N0E2NTQ0NkY3NTYyNkM2NTAyMUMwODQ2NkY2RTc0NEU2MTZENjUwNjBGNTQ2OTZENjU3MzIwNEU2NTc3MjA1MjZGNkQ2MTZFMDc1NTZFNjk2MzZGNjQ2NTA5MDQ1MzY5N0E2NTAyMEUwMDAxMDg1Mzc0NjE2RTY0NjE3MjY0MDgwNzQzNjg2MTcyNzM2NTc0MDcwRjUyNTU1MzUzNDk0MTRFNUY0MzQ4NDE1MjUzNDU1NDBBNTM2OTdBNjU0NDZGNzU2MjZDNjUwMjIwMDg0NjZGNkU3NDRFNjE2RDY1MDYwRjU0Njk2RDY1NzMyMDRFNjU3NzIwNTI2RjZENjE2RTA3NTU2RTY5NjM2RjY0NjUwOTA0NTM2OTdBNjUwMjEwMDAwMA0KLTkgMiAwIDAgMCAwIDINCg0KMEUwMTA0NTQ2MTYyNzMwRTAwMDAwMTA4NTM3NDYxNkU2NDYxNzI2NDA4MDk0MTZDNjk2NzZFNkQ2NTZFNzQwNzBBNzI3NjYxNEE3NTczNzQ2OTY2NzkwNDU0NjE2MjczMEUwMDAwMDANCi05IDIgMCAwIDAgMCA0DQoNCjBFMDANCi05IDAgMCAwIDAgMCA3DQoxIDIgMSA4IDMgMA0KMUYwNDNFMDQ0MDA0NDMwNDQ4MDQzNTA0M0QwNDNEMDQ0RjA0MjAwMDQxMDQzRjA0NDAwNDM4MDQzOTA0M0QwNDRGMDQ0MjA0NDIwNDRGMDQyMDAwMzcwNDMyMDQ0MzA0M0EwNDNFMDQzMjA0MzgwNDQ1MDQyMDAwNDUwNDMyMDQzODA0M0IwNDRDMDQyMDAwNEYwNDNBMDQzRTA0NTcwNDIwMDA0NzA0MzAwNDQxMDQ0MjA0M0UwNDQyMDQzODA0MjAwMDMyMDQzODA0M0QwNDM4MDQzQTA0MzAwNDU0MDQyMDAwM0YwNDQwMDQzODA0MjAwMDQzMDQ0MDA0MzAwNDM2MDQzNTA0M0QwNDNEMDQ1NjA0MjAwMDQxMDQzNTA0NDAwNDM1MDQzNDA0M0QwNDRDMDQzRTA0NTcwNDIwMDA0NzA0MzAwNDQxMDQ0MjA0MzgwNDNEMDQzODA0MjAwMDM3MDQzMDA0MzIwNDM4MDQ0MjA0M0EwNDMwMDQzRjAwDQoNCg==</FormattedText>
					</QuestionText>
					<Options>
						<IsAllowRandom>true</IsAllowRandom>
						<IsCompulsory>false</IsCompulsory>
						<IsOnlyForEduMode>false</IsOnlyForEduMode>
						<IsDenyPartially>false</IsDenyPartially>
					</Options>
					<Variants>
						<VariantText CorrectAnswer="False">
							<PlainText>10000-20000 Гц.</PlainText>
							<FormattedText>LTggMSAzIDINCi05IDEgMCAwIDAgMCAxMw0KOTYNCi05IDIgMCAwIDAgMCAxDQoNCjBFMDEwOTUzNzQ3OTZDNjU0RTYxNkQ2NTA2MEI0RTZGNzI2RDYxNkMyMDc0NjU3ODc0MEE1MzY5N0E2NTQ0NkY3NTYyNkM2NTAyMUMwODQ2NkY2RTc0NEU2MTZENjUwNjBGNTQ2OTZENjU3MzIwNEU2NTc3MjA1MjZGNkQ2MTZFMDc1NTZFNjk2MzZGNjQ2NTA5MDQ1MzY5N0E2NTAyMEUwMDAxMDg1Mzc0NjE2RTY0NjE3MjY0MDgwNzQzNjg2MTcyNzM2NTc0MDcwRjUyNTU1MzUzNDk0MTRFNUY0MzQ4NDE1MjUzNDU1NDBBNTM2OTdBNjU0NDZGNzU2MjZDNjUwMjIwMDg0NjZGNkU3NDRFNjE2RDY1MDYwRjU0Njk2RDY1NzMyMDRFNjU3NzIwNTI2RjZENjE2RTA3NTU2RTY5NjM2RjY0NjUwOTA0NTM2OTdBNjUwMjEwMDAwMA0KLTkgMiAwIDAgMCAwIDINCg0KMEUwMTA0NTQ2MTYyNzMwRTAwMDAwMA0KLTkgMiAwIDAgMCAwIDQNCg0KMEUwMA0KLTkgMCAwIDAgMCAwIDcNCjEgMSAwIDggMyAwDQozMTAwMzAwMDMwMDAzMDAwMzAwMDJEMDAzMjAwMzAwMDMwMDAzMDAwMzAwMDIwMDAxMzA0NDYwNDJFMDANCg==</FormattedText>
						</VariantText>
						<VariantText CorrectAnswer="False">
							<PlainText>5000-10000 Гц.</PlainText>
							<FormattedText>LTggMSAzIDINCi05IDEgMCAwIDAgMCAxMw0KOTYNCi05IDIgMCAwIDAgMCAxDQoNCjBFMDEwOTUzNzQ3OTZDNjU0RTYxNkQ2NTA2MEI0RTZGNzI2RDYxNkMyMDc0NjU3ODc0MEE1MzY5N0E2NTQ0NkY3NTYyNkM2NTAyMUMwODQ2NkY2RTc0NEU2MTZENjUwNjBGNTQ2OTZENjU3MzIwNEU2NTc3MjA1MjZGNkQ2MTZFMDc1NTZFNjk2MzZGNjQ2NTA5MDQ1MzY5N0E2NTAyMEUwMDAxMDg1Mzc0NjE2RTY0NjE3MjY0MDgwNzQzNjg2MTcyNzM2NTc0MDcwRjUyNTU1MzUzNDk0MTRFNUY0MzQ4NDE1MjUzNDU1NDBBNTM2OTdBNjU0NDZGNzU2MjZDNjUwMjIwMDg0NjZGNkU3NDRFNjE2RDY1MDYwRjU0Njk2RDY1NzMyMDRFNjU3NzIwNTI2RjZENjE2RTA3NTU2RTY5NjM2RjY0NjUwOTA0NTM2OTdBNjUwMjEwMDAwMA0KLTkgMiAwIDAgMCAwIDINCg0KMEUwMTA0NTQ2MTYyNzMwRTAwMDAwMA0KLTkgMiAwIDAgMCAwIDQNCg0KMEUwMA0KLTkgMCAwIDAgMCAwIDcNCjEgMSAwIDggMyAwDQozNTAwMzAwMDMwMDAzMDAwMkQwMDMxMDAzMDAwMzAwMDMwMDAzMDAwMjAwMDEzMDQ0NjA0MkUwMA0K</FormattedText>
						</VariantText>
						<VariantText CorrectAnswer="True">
							<PlainText>1000-5000 Гц.</PlainText>
							<FormattedText>LTggMSAzIDINCi05IDEgMCAwIDAgMCAxMw0KOTYNCi05IDIgMCAwIDAgMCAxDQoNCjBFMDEwOTUzNzQ3OTZDNjU0RTYxNkQ2NTA2MEI0RTZGNzI2RDYxNkMyMDc0NjU3ODc0MEE1MzY5N0E2NTQ0NkY3NTYyNkM2NTAyMUMwODQ2NkY2RTc0NEU2MTZENjUwNjBGNTQ2OTZENjU3MzIwNEU2NTc3MjA1MjZGNkQ2MTZFMDc1NTZFNjk2MzZGNjQ2NTA5MDQ1MzY5N0E2NTAyMEUwMDAxMDg1Mzc0NjE2RTY0NjE3MjY0MDgwNzQzNjg2MTcyNzM2NTc0MDcwRjUyNTU1MzUzNDk0MTRFNUY0MzQ4NDE1MjUzNDU1NDBBNTM2OTdBNjU0NDZGNzU2MjZDNjUwMjIwMDg0NjZGNkU3NDRFNjE2RDY1MDYwRjU0Njk2RDY1NzMyMDRFNjU3NzIwNTI2RjZENjE2RTA3NTU2RTY5NjM2RjY0NjUwOTA0NTM2OTdBNjUwMjEwMDAwMA0KLTkgMiAwIDAgMCAwIDINCg0KMEUwMTA0NTQ2MTYyNzMwRTAwMDAwMA0KLTkgMiAwIDAgMCAwIDQNCg0KMEUwMA0KLTkgMCAwIDAgMCAwIDcNCjEgMSAwIDggMyAwDQozMTAwMzAwMDMwMDAzMDAwMkQwMDM1MDAzMDAwMzAwMDMwMDAyMDAwMTMwNDQ2MDQyRTAwDQo=</FormattedText>
						</VariantText>
						<VariantText CorrectAnswer="False">
							<PlainText>150-999 Гц.</PlainText>
							<FormattedText>LTggMSAzIDINCi05IDEgMCAwIDAgMCAxMw0KOTYNCi05IDIgMCAwIDAgMCAxDQoNCjBFMDEwOTUzNzQ3OTZDNjU0RTYxNkQ2NTA2MEI0RTZGNzI2RDYxNkMyMDc0NjU3ODc0MEE1MzY5N0E2NTQ0NkY3NTYyNkM2NTAyMUMwODQ2NkY2RTc0NEU2MTZENjUwNjBGNTQ2OTZENjU3MzIwNEU2NTc3MjA1MjZGNkQ2MTZFMDc1NTZFNjk2MzZGNjQ2NTA5MDQ1MzY5N0E2NTAyMEUwMDAxMDg1Mzc0NjE2RTY0NjE3MjY0MDgwNzQzNjg2MTcyNzM2NTc0MDcwRjUyNTU1MzUzNDk0MTRFNUY0MzQ4NDE1MjUzNDU1NDBBNTM2OTdBNjU0NDZGNzU2MjZDNjUwMjIwMDg0NjZGNkU3NDRFNjE2RDY1MDYwRjU0Njk2RDY1NzMyMDRFNjU3NzIwNTI2RjZENjE2RTA3NTU2RTY5NjM2RjY0NjUwOTA0NTM2OTdBNjUwMjEwMDAwMA0KLTkgMiAwIDAgMCAwIDINCg0KMEUwMTA0NTQ2MTYyNzMwRTAwMDAwMA0KLTkgMiAwIDAgMCAwIDQNCg0KMEUwMA0KLTkgMCAwIDAgMCAwIDcNCjEgMSAwIDggMyAwDQozMTAwMzUwMDMwMDAyRDAwMzkwMDM5MDAzOTAwMjAwMDEzMDQ0NjA0MkUwMA0K</FormattedText>
						</VariantText>
						<VariantText CorrectAnswer="False">
							<PlainText>16-150 Гц.</PlainText>
							<FormattedText>LTggMSAzIDINCi05IDEgMCAwIDAgMCAxMw0KOTYNCi05IDIgMCAwIDAgMCAxDQoNCjBFMDEwOTUzNzQ3OTZDNjU0RTYxNkQ2NTA2MEI0RTZGNzI2RDYxNkMyMDc0NjU3ODc0MEE1MzY5N0E2NTQ0NkY3NTYyNkM2NTAyMUMwODQ2NkY2RTc0NEU2MTZENjUwNjBGNTQ2OTZENjU3MzIwNEU2NTc3MjA1MjZGNkQ2MTZFMDc1NTZFNjk2MzZGNjQ2NTA5MDQ1MzY5N0E2NTAyMEUwMDAxMDg1Mzc0NjE2RTY0NjE3MjY0MDgwNzQzNjg2MTcyNzM2NTc0MDcwRjUyNTU1MzUzNDk0MTRFNUY0MzQ4NDE1MjUzNDU1NDBBNTM2OTdBNjU0NDZGNzU2MjZDNjUwMjIwMDg0NjZGNkU3NDRFNjE2RDY1MDYwRjU0Njk2RDY1NzMyMDRFNjU3NzIwNTI2RjZENjE2RTA3NTU2RTY5NjM2RjY0NjUwOTA0NTM2OTdBNjUwMjEwMDAwMA0KLTkgMiAwIDAgMCAwIDINCg0KMEUwMTA0NTQ2MTYyNzMwRTAwMDAwMA0KLTkgMiAwIDAgMCAwIDQNCg0KMEUwMA0KLTkgMCAwIDAgMCAwIDcNCjEgMSAwIDggMyAwDQozMTAwMzYwMDJEMDAzMTAwMzUwMDMwMDAyMDAwMTMwNDQ2MDQyRTAwMjAwMA0K</FormattedText>
						</VariantText>
					</Variants>
				</Task>
				<!-- ***** -->
				<Task Type="TYPE_TASK_CHOICE_SINGLE" Score="1">
					<Title/>
					<QuestionText>
						<PlainText>Від чого залежить гострота слуху?</PlainText>
						<FormattedText>LTggMSAzIDINCi05IDEgMCAwIDAgMCAxMw0KOTYNCi05IDIgMCAwIDAgMCAxDQoNCjBFMDEwOTUzNzQ3OTZDNjU0RTYxNkQ2NTA2MEI0RTZGNzI2RDYxNkMyMDc0NjU3ODc0MEE1MzY5N0E2NTQ0NkY3NTYyNkM2NTAyMUMwODQ2NkY2RTc0NEU2MTZENjUwNjBGNTQ2OTZENjU3MzIwNEU2NTc3MjA1MjZGNkQ2MTZFMDc1NTZFNjk2MzZGNjQ2NTA5MDQ1MzY5N0E2NTAyMEUwMDAxMDg1Mzc0NjE2RTY0NjE3MjY0MDgwNzQzNjg2MTcyNzM2NTc0MDcwRjUyNTU1MzUzNDk0MTRFNUY0MzQ4NDE1MjUzNDU1NDBBNTM2OTdBNjU0NDZGNzU2MjZDNjUwMjIwMDg0NjZGNkU3NDRFNjE2RDY1MDYwRjU0Njk2RDY1NzMyMDRFNjU3NzIwNTI2RjZENjE2RTA3NTU2RTY5NjM2RjY0NjUwOTA0NTM2OTdBNjUwMjEwMDAwMA0KLTkgMiAwIDAgMCAwIDINCg0KMEUwMTA0NTQ2MTYyNzMwRTAwMDAwMTA4NTM3NDYxNkU2NDYxNzI2NDA4MDk0MTZDNjk2NzZFNkQ2NTZFNzQwNzBBNzI3NjYxNEE3NTczNzQ2OTY2NzkwNDU0NjE2MjczMEUwMDAwMDANCi05IDIgMCAwIDAgMCA0DQoNCjBFMDANCi05IDAgMCAwIDAgMCA3DQoxIDIgMSA4IDMgMA0KMTIwNDU2MDQzNDA0MjAwMDQ3MDQzRTA0MzMwNDNFMDQyMDAwMzcwNDMwMDQzQjA0MzUwNDM2MDQzODA0NDIwNDRDMDQyMDAwMzMwNDNFMDQ0MTA0NDIwNDQwMDQzRTA0NDIwNDMwMDQyMDAwNDEwNDNCMDQ0MzA0NDUwNDQzMDQzRjAwDQoNCg==</FormattedText>
					</QuestionText>
					<Options>
						<IsAllowRandom>true</IsAllowRandom>
						<IsCompulsory>false</IsCompulsory>
						<IsOnlyForEduMode>false</IsOnlyForEduMode>
						<IsDenyPartially>false</IsDenyPartially>
					</Options>
					<Variants>
						<VariantText CorrectAnswer="False">
							<PlainText>Ступеню тренованості фонорецепторів.</PlainText>
							<FormattedText>LTggMSAzIDINCi05IDEgMCAwIDAgMCAxMw0KOTYNCi05IDIgMCAwIDAgMCAxDQoNCjBFMDEwOTUzNzQ3OTZDNjU0RTYxNkQ2NTA2MEI0RTZGNzI2RDYxNkMyMDc0NjU3ODc0MEE1MzY5N0E2NTQ0NkY3NTYyNkM2NTAyMUMwODQ2NkY2RTc0NEU2MTZENjUwNjBGNTQ2OTZENjU3MzIwNEU2NTc3MjA1MjZGNkQ2MTZFMDc1NTZFNjk2MzZGNjQ2NTA5MDQ1MzY5N0E2NTAyMEUwMDAxMDg1Mzc0NjE2RTY0NjE3MjY0MDgwNzQzNjg2MTcyNzM2NTc0MDcwRjUyNTU1MzUzNDk0MTRFNUY0MzQ4NDE1MjUzNDU1NDBBNTM2OTdBNjU0NDZGNzU2MjZDNjUwMjIwMDg0NjZGNkU3NDRFNjE2RDY1MDYwRjU0Njk2RDY1NzMyMDRFNjU3NzIwNTI2RjZENjE2RTA3NTU2RTY5NjM2RjY0NjUwOTA0NTM2OTdBNjUwMjEwMDAwMA0KLTkgMiAwIDAgMCAwIDINCg0KMEUwMTA0NTQ2MTYyNzMwRTAwMDAwMA0KLTkgMiAwIDAgMCAwIDQNCg0KMEUwMA0KLTkgMCAwIDAgMCAwIDcNCjEgMSAwIDggMyAwDQoyMTA0NDIwNDQzMDQzRjA0MzUwNDNEMDQ0RTA0MjAwMDQyMDQ0MDA0MzUwNDNEMDQzRTA0MzIwNDMwMDQzRDA0M0UwNDQxMDQ0MjA0NTYwNDIwMDA0NDA0M0UwNDNEMDQzRTA0NDAwNDM1MDQ0NjA0MzUwNDNGMDQ0MjA0M0UwNDQwMDQ1NjA0MzIwNDJFMDANCg==</FormattedText>
						</VariantText>
						<VariantText CorrectAnswer="False">
							<PlainText>Інтенсивності звукового тиску.</PlainText>
							<FormattedText>LTggMSAzIDINCi05IDEgMCAwIDAgMCAxMw0KOTYNCi05IDIgMCAwIDAgMCAxDQoNCjBFMDEwOTUzNzQ3OTZDNjU0RTYxNkQ2NTA2MEI0RTZGNzI2RDYxNkMyMDc0NjU3ODc0MEE1MzY5N0E2NTQ0NkY3NTYyNkM2NTAyMUMwODQ2NkY2RTc0NEU2MTZENjUwNjBGNTQ2OTZENjU3MzIwNEU2NTc3MjA1MjZGNkQ2MTZFMDc1NTZFNjk2MzZGNjQ2NTA5MDQ1MzY5N0E2NTAyMEUwMDAxMDg1Mzc0NjE2RTY0NjE3MjY0MDgwNzQzNjg2MTcyNzM2NTc0MDcwRjUyNTU1MzUzNDk0MTRFNUY0MzQ4NDE1MjUzNDU1NDBBNTM2OTdBNjU0NDZGNzU2MjZDNjUwMjIwMDg0NjZGNkU3NDRFNjE2RDY1MDYwRjU0Njk2RDY1NzMyMDRFNjU3NzIwNTI2RjZENjE2RTA3NTU2RTY5NjM2RjY0NjUwOTA0NTM2OTdBNjUwMjEwMDAwMA0KLTkgMiAwIDAgMCAwIDINCg0KMEUwMTA0NTQ2MTYyNzMwRTAwMDAwMA0KLTkgMiAwIDAgMCAwIDQNCg0KMEUwMA0KLTkgMCAwIDAgMCAwIDcNCjEgMSAwIDggMyAwDQowNjA0M0QwNDQyMDQzNTA0M0QwNDQxMDQzODA0MzIwNDNEMDQzRTA0NDEwNDQyMDQ1NjA0MjAwMDM3MDQzMjA0NDMwNDNBMDQzRTA0MzIwNDNFMDQzMzA0M0UwNDIwMDA0MjA0MzgwNDQxMDQzQTA0NDMwNDJFMDANCg==</FormattedText>
						</VariantText>
						<VariantText CorrectAnswer="True">
							<PlainText>Різниці чутливості фонорецептори.</PlainText>
							<FormattedText>LTggMSAzIDINCi05IDEgMCAwIDAgMCAxMw0KOTYNCi05IDIgMCAwIDAgMCAxDQoNCjBFMDEwOTUzNzQ3OTZDNjU0RTYxNkQ2NTA2MEI0RTZGNzI2RDYxNkMyMDc0NjU3ODc0MEE1MzY5N0E2NTQ0NkY3NTYyNkM2NTAyMUMwODQ2NkY2RTc0NEU2MTZENjUwNjBGNTQ2OTZENjU3MzIwNEU2NTc3MjA1MjZGNkQ2MTZFMDc1NTZFNjk2MzZGNjQ2NTA5MDQ1MzY5N0E2NTAyMEUwMDAxMDg1Mzc0NjE2RTY0NjE3MjY0MDgwNzQzNjg2MTcyNzM2NTc0MDcwRjUyNTU1MzUzNDk0MTRFNUY0MzQ4NDE1MjUzNDU1NDBBNTM2OTdBNjU0NDZGNzU2MjZDNjUwMjIwMDg0NjZGNkU3NDRFNjE2RDY1MDYwRjU0Njk2RDY1NzMyMDRFNjU3NzIwNTI2RjZENjE2RTA3NTU2RTY5NjM2RjY0NjUwOTA0NTM2OTdBNjUwMjEwMDAwMA0KLTkgMiAwIDAgMCAwIDINCg0KMEUwMTA0NTQ2MTYyNzMwRTAwMDAwMA0KLTkgMiAwIDAgMCAwIDQNCg0KMEUwMA0KLTkgMCAwIDAgMCAwIDcNCjEgMSAwIDggMyAwDQoyMDA0NTYwNDM3MDQzRDA0MzgwNDQ2MDQ1NjA0MjAwMDQ3MDQ0MzA0NDIwNDNCMDQzODA0MzIwNDNFMDQ0MTA0NDIwNDU2MDQyMDAwNDQwNDNFMDQzRDA0M0UwNDQwMDQzNTA0NDYwNDM1MDQzRjA0NDIwNDNFMDQ0MDA0MzgwNDJFMDANCg==</FormattedText>
						</VariantText>
						<VariantText CorrectAnswer="False">
							<PlainText>Діапазону сприйняття звукових частот.</PlainText>
							<FormattedText>LTggMSAzIDINCi05IDEgMCAwIDAgMCAxMw0KOTYNCi05IDIgMCAwIDAgMCAxDQoNCjBFMDEwOTUzNzQ3OTZDNjU0RTYxNkQ2NTA2MEI0RTZGNzI2RDYxNkMyMDc0NjU3ODc0MEE1MzY5N0E2NTQ0NkY3NTYyNkM2NTAyMUMwODQ2NkY2RTc0NEU2MTZENjUwNjBGNTQ2OTZENjU3MzIwNEU2NTc3MjA1MjZGNkQ2MTZFMDc1NTZFNjk2MzZGNjQ2NTA5MDQ1MzY5N0E2NTAyMEUwMDAxMDg1Mzc0NjE2RTY0NjE3MjY0MDgwNzQzNjg2MTcyNzM2NTc0MDcwRjUyNTU1MzUzNDk0MTRFNUY0MzQ4NDE1MjUzNDU1NDBBNTM2OTdBNjU0NDZGNzU2MjZDNjUwMjIwMDg0NjZGNkU3NDRFNjE2RDY1MDYwRjU0Njk2RDY1NzMyMDRFNjU3NzIwNTI2RjZENjE2RTA3NTU2RTY5NjM2RjY0NjUwOTA0NTM2OTdBNjUwMjEwMDAwMA0KLTkgMiAwIDAgMCAwIDINCg0KMEUwMTA0NTQ2MTYyNzMwRTAwMDAwMA0KLTkgMiAwIDAgMCAwIDQNCg0KMEUwMA0KLTkgMCAwIDAgMCAwIDcNCjEgMSAwIDggMyAwDQoxNDA0NTYwNDMwMDQzRjA0MzAwNDM3MDQzRTA0M0QwNDQzMDQyMDAwNDEwNDNGMDQ0MDA0MzgwNDM5MDQzRDA0NEYwNDQyMDQ0MjA0NEYwNDIwMDAzNzA0MzIwNDQzMDQzQTA0M0UwNDMyMDQzODA0NDUwNDIwMDA0NzA0MzAwNDQxMDQ0MjA0M0UwNDQyMDQyRTAwDQo=</FormattedText>
						</VariantText>
						<VariantText CorrectAnswer="False">
							<PlainText>Ступеню збудливості фонорецептори.</PlainText>
							<FormattedText>LTggMSAzIDINCi05IDEgMCAwIDAgMCAxMw0KOTYNCi05IDIgMCAwIDAgMCAxDQoNCjBFMDEwOTUzNzQ3OTZDNjU0RTYxNkQ2NTA2MEI0RTZGNzI2RDYxNkMyMDc0NjU3ODc0MEE1MzY5N0E2NTQ0NkY3NTYyNkM2NTAyMUMwODQ2NkY2RTc0NEU2MTZENjUwNjBGNTQ2OTZENjU3MzIwNEU2NTc3MjA1MjZGNkQ2MTZFMDc1NTZFNjk2MzZGNjQ2NTA5MDQ1MzY5N0E2NTAyMEUwMDAxMDg1Mzc0NjE2RTY0NjE3MjY0MDgwNzQzNjg2MTcyNzM2NTc0MDcwRjUyNTU1MzUzNDk0MTRFNUY0MzQ4NDE1MjUzNDU1NDBBNTM2OTdBNjU0NDZGNzU2MjZDNjUwMjIwMDg0NjZGNkU3NDRFNjE2RDY1MDYwRjU0Njk2RDY1NzMyMDRFNjU3NzIwNTI2RjZENjE2RTA3NTU2RTY5NjM2RjY0NjUwOTA0NTM2OTdBNjUwMjEwMDAwMA0KLTkgMiAwIDAgMCAwIDINCg0KMEUwMTA0NTQ2MTYyNzMwRTAwMDAwMA0KLTkgMiAwIDAgMCAwIDQNCg0KMEUwMA0KLTkgMCAwIDAgMCAwIDcNCjEgMSAwIDggMyAwDQoyMTA0NDIwNDQzMDQzRjA0MzUwNDNEMDQ0RTA0MjAwMDM3MDQzMTA0NDMwNDM0MDQzQjA0MzgwNDMyMDQzRTA0NDEwNDQyMDQ1NjA0MjAwMDQ0MDQzRTA0M0QwNDNFMDQ0MDA0MzUwNDQ2MDQzNTA0M0YwNDQyMDQzRTA0NDAwNDM4MDQyRTAwMjAwMA0K</FormattedText>
						</VariantText>
					</Variants>
				</Task>
				<!-- ***** -->
				<Task Type="TYPE_TASK_CHOICE_SINGLE" Score="1">
					<Title/>
					<QuestionText>
						<PlainText>Де повинно бути розташовано джерело звуку, щоб людина могла найкраще визначити його місцезнаходження?</PlainText>
						<FormattedText>LTggMSAzIDINCi05IDEgMCAwIDAgMCAxMw0KOTYNCi05IDIgMCAwIDAgMCAxDQoNCjBFMDEwOTUzNzQ3OTZDNjU0RTYxNkQ2NTA2MEI0RTZGNzI2RDYxNkMyMDc0NjU3ODc0MEE1MzY5N0E2NTQ0NkY3NTYyNkM2NTAyMUMwODQ2NkY2RTc0NEU2MTZENjUwNjBGNTQ2OTZENjU3MzIwNEU2NTc3MjA1MjZGNkQ2MTZFMDc1NTZFNjk2MzZGNjQ2NTA5MDQ1MzY5N0E2NTAyMEUwMDAxMDg1Mzc0NjE2RTY0NjE3MjY0MDgwNzQzNjg2MTcyNzM2NTc0MDcwRjUyNTU1MzUzNDk0MTRFNUY0MzQ4NDE1MjUzNDU1NDBBNTM2OTdBNjU0NDZGNzU2MjZDNjUwMjIwMDg0NjZGNkU3NDRFNjE2RDY1MDYwRjU0Njk2RDY1NzMyMDRFNjU3NzIwNTI2RjZENjE2RTA3NTU2RTY5NjM2RjY0NjUwOTA0NTM2OTdBNjUwMjEwMDAwMA0KLTkgMiAwIDAgMCAwIDINCg0KMEUwMTA0NTQ2MTYyNzMwRTAwMDAwMTA4NTM3NDYxNkU2NDYxNzI2NDA4MDk0MTZDNjk2NzZFNkQ2NTZFNzQwNzBBNzI3NjYxNEE3NTczNzQ2OTY2NzkwNDU0NjE2MjczMEUwMDAwMDANCi05IDIgMCAwIDAgMCA0DQoNCjBFMDANCi05IDAgMCAwIDAgMCA3DQoxIDIgMSA4IDMgMA0KMTQwNDM1MDQyMDAwM0YwNDNFMDQzMjA0MzgwNDNEMDQzRDA0M0UwNDIwMDAzMTA0NDMwNDQyMDQzODA0MjAwMDQwMDQzRTA0MzcwNDQyMDQzMDA0NDgwNDNFMDQzMjA0MzAwNDNEMDQzRTA0MjAwMDM0MDQzNjA0MzUwNDQwMDQzNTA0M0IwNDNFMDQyMDAwMzcwNDMyMDQ0MzA0M0EwNDQzMDQyQzAwMjAwMDQ5MDQzRTA0MzEwNDIwMDAzQjA0NEUwNDM0MDQzODA0M0QwNDMwMDQyMDAwM0MwNDNFMDQzMzA0M0IwNDMwMDQyMDAwM0QwNDMwMDQzOTA0M0EwNDQwMDQzMDA0NDkwNDM1MDQyMDAwMzIwNDM4MDQzNzA0M0QwNDMwMDQ0NzA0MzgwNDQyMDQzODA0MjAwMDM5MDQzRTA0MzMwNDNFMDQyMDAwM0MwNDU2MDQ0MTA0NDYwNDM1MDQzNzA0M0QwNDMwMDQ0NTA0M0UwNDM0MDQzNjA0MzUwNDNEMDQzRDA0NEYwNDNGMDANCg0K</FormattedText>
					</QuestionText>
					<Options>
						<IsAllowRandom>true</IsAllowRandom>
						<IsCompulsory>false</IsCompulsory>
						<IsOnlyForEduMode>false</IsOnlyForEduMode>
						<IsDenyPartially>false</IsDenyPartially>
					</Options>
					<Variants>
						<VariantText CorrectAnswer="False">
							<PlainText>Спереду.</PlainText>
							<FormattedText>LTggMSAzIDINCi05IDEgMCAwIDAgMCAxMw0KOTYNCi05IDIgMCAwIDAgMCAxDQoNCjBFMDEwOTUzNzQ3OTZDNjU0RTYxNkQ2NTA2MEI0RTZGNzI2RDYxNkMyMDc0NjU3ODc0MEE1MzY5N0E2NTQ0NkY3NTYyNkM2NTAyMUMwODQ2NkY2RTc0NEU2MTZENjUwNjBGNTQ2OTZENjU3MzIwNEU2NTc3MjA1MjZGNkQ2MTZFMDc1NTZFNjk2MzZGNjQ2NTA5MDQ1MzY5N0E2NTAyMEUwMDAxMDg1Mzc0NjE2RTY0NjE3MjY0MDgwNzQzNjg2MTcyNzM2NTc0MDcwRjUyNTU1MzUzNDk0MTRFNUY0MzQ4NDE1MjUzNDU1NDBBNTM2OTdBNjU0NDZGNzU2MjZDNjUwMjIwMDg0NjZGNkU3NDRFNjE2RDY1MDYwRjU0Njk2RDY1NzMyMDRFNjU3NzIwNTI2RjZENjE2RTA3NTU2RTY5NjM2RjY0NjUwOTA0NTM2OTdBNjUwMjEwMDAwMA0KLTkgMiAwIDAgMCAwIDINCg0KMEUwMTA0NTQ2MTYyNzMwRTAwMDAwMA0KLTkgMiAwIDAgMCAwIDQNCg0KMEUwMA0KLTkgMCAwIDAgMCAwIDcNCjEgMSAwIDggMyAwDQoyMTA0M0YwNDM1MDQ0MDA0MzUwNDM0MDQ0MzA0MkUwMA0K</FormattedText>
						</VariantText>
						<VariantText CorrectAnswer="False">
							<PlainText>Ззаду.</PlainText>
							<FormattedText>LTggMSAzIDINCi05IDEgMCAwIDAgMCAxMw0KOTYNCi05IDIgMCAwIDAgMCAxDQoNCjBFMDEwOTUzNzQ3OTZDNjU0RTYxNkQ2NTA2MEI0RTZGNzI2RDYxNkMyMDc0NjU3ODc0MEE1MzY5N0E2NTQ0NkY3NTYyNkM2NTAyMUMwODQ2NkY2RTc0NEU2MTZENjUwNjBGNTQ2OTZENjU3MzIwNEU2NTc3MjA1MjZGNkQ2MTZFMDc1NTZFNjk2MzZGNjQ2NTA5MDQ1MzY5N0E2NTAyMEUwMDAxMDg1Mzc0NjE2RTY0NjE3MjY0MDgwNzQzNjg2MTcyNzM2NTc0MDcwRjUyNTU1MzUzNDk0MTRFNUY0MzQ4NDE1MjUzNDU1NDBBNTM2OTdBNjU0NDZGNzU2MjZDNjUwMjIwMDg0NjZGNkU3NDRFNjE2RDY1MDYwRjU0Njk2RDY1NzMyMDRFNjU3NzIwNTI2RjZENjE2RTA3NTU2RTY5NjM2RjY0NjUwOTA0NTM2OTdBNjUwMjEwMDAwMA0KLTkgMiAwIDAgMCAwIDINCg0KMEUwMTA0NTQ2MTYyNzMwRTAwMDAwMA0KLTkgMiAwIDAgMCAwIDQNCg0KMEUwMA0KLTkgMCAwIDAgMCAwIDcNCjEgMSAwIDggMyAwDQoxNzA0MzcwNDMwMDQzNDA0NDMwNDJFMDANCg==</FormattedText>
						</VariantText>
						<VariantText CorrectAnswer="True">
							<PlainText>Збоку.</PlainText>
							<FormattedText>LTggMSAzIDINCi05IDEgMCAwIDAgMCAxMw0KOTYNCi05IDIgMCAwIDAgMCAxDQoNCjBFMDEwOTUzNzQ3OTZDNjU0RTYxNkQ2NTA2MEI0RTZGNzI2RDYxNkMyMDc0NjU3ODc0MEE1MzY5N0E2NTQ0NkY3NTYyNkM2NTAyMUMwODQ2NkY2RTc0NEU2MTZENjUwNjBGNTQ2OTZENjU3MzIwNEU2NTc3MjA1MjZGNkQ2MTZFMDc1NTZFNjk2MzZGNjQ2NTA5MDQ1MzY5N0E2NTAyMEUwMDAxMDg1Mzc0NjE2RTY0NjE3MjY0MDgwNzQzNjg2MTcyNzM2NTc0MDcwRjUyNTU1MzUzNDk0MTRFNUY0MzQ4NDE1MjUzNDU1NDBBNTM2OTdBNjU0NDZGNzU2MjZDNjUwMjIwMDg0NjZGNkU3NDRFNjE2RDY1MDYwRjU0Njk2RDY1NzMyMDRFNjU3NzIwNTI2RjZENjE2RTA3NTU2RTY5NjM2RjY0NjUwOTA0NTM2OTdBNjUwMjEwMDAwMA0KLTkgMiAwIDAgMCAwIDINCg0KMEUwMTA0NTQ2MTYyNzMwRTAwMDAwMA0KLTkgMiAwIDAgMCAwIDQNCg0KMEUwMA0KLTkgMCAwIDAgMCAwIDcNCjEgMSAwIDggMyAwDQoxNzA0MzEwNDNFMDQzQTA0NDMwNDJFMDANCg==</FormattedText>
						</VariantText>
						<VariantText CorrectAnswer="False">
							<PlainText>Знизу.</PlainText>
							<FormattedText>LTggMSAzIDINCi05IDEgMCAwIDAgMCAxMw0KOTYNCi05IDIgMCAwIDAgMCAxDQoNCjBFMDEwOTUzNzQ3OTZDNjU0RTYxNkQ2NTA2MEI0RTZGNzI2RDYxNkMyMDc0NjU3ODc0MEE1MzY5N0E2NTQ0NkY3NTYyNkM2NTAyMUMwODQ2NkY2RTc0NEU2MTZENjUwNjBGNTQ2OTZENjU3MzIwNEU2NTc3MjA1MjZGNkQ2MTZFMDc1NTZFNjk2MzZGNjQ2NTA5MDQ1MzY5N0E2NTAyMEUwMDAxMDg1Mzc0NjE2RTY0NjE3MjY0MDgwNzQzNjg2MTcyNzM2NTc0MDcwRjUyNTU1MzUzNDk0MTRFNUY0MzQ4NDE1MjUzNDU1NDBBNTM2OTdBNjU0NDZGNzU2MjZDNjUwMjIwMDg0NjZGNkU3NDRFNjE2RDY1MDYwRjU0Njk2RDY1NzMyMDRFNjU3NzIwNTI2RjZENjE2RTA3NTU2RTY5NjM2RjY0NjUwOTA0NTM2OTdBNjUwMjEwMDAwMA0KLTkgMiAwIDAgMCAwIDINCg0KMEUwMTA0NTQ2MTYyNzMwRTAwMDAwMA0KLTkgMiAwIDAgMCAwIDQNCg0KMEUwMA0KLTkgMCAwIDAgMCAwIDcNCjEgMSAwIDggMyAwDQoxNzA0M0QwNDM4MDQzNzA0NDMwNDJFMDANCg==</FormattedText>
						</VariantText>
						<VariantText CorrectAnswer="False">
							<PlainText>Зверху.</PlainText>
							<FormattedText>LTggMSAzIDINCi05IDEgMCAwIDAgMCAxMw0KOTYNCi05IDIgMCAwIDAgMCAxDQoNCjBFMDEwOTUzNzQ3OTZDNjU0RTYxNkQ2NTA2MEI0RTZGNzI2RDYxNkMyMDc0NjU3ODc0MEE1MzY5N0E2NTQ0NkY3NTYyNkM2NTAyMUMwODQ2NkY2RTc0NEU2MTZENjUwNjBGNTQ2OTZENjU3MzIwNEU2NTc3MjA1MjZGNkQ2MTZFMDc1NTZFNjk2MzZGNjQ2NTA5MDQ1MzY5N0E2NTAyMEUwMDAxMDg1Mzc0NjE2RTY0NjE3MjY0MDgwNzQzNjg2MTcyNzM2NTc0MDcwRjUyNTU1MzUzNDk0MTRFNUY0MzQ4NDE1MjUzNDU1NDBBNTM2OTdBNjU0NDZGNzU2MjZDNjUwMjIwMDg0NjZGNkU3NDRFNjE2RDY1MDYwRjU0Njk2RDY1NzMyMDRFNjU3NzIwNTI2RjZENjE2RTA3NTU2RTY5NjM2RjY0NjUwOTA0NTM2OTdBNjUwMjEwMDAwMA0KLTkgMiAwIDAgMCAwIDINCg0KMEUwMTA0NTQ2MTYyNzMwRTAwMDAwMA0KLTkgMiAwIDAgMCAwIDQNCg0KMEUwMA0KLTkgMCAwIDAgMCAwIDcNCjEgMSAwIDggMyAwDQoxNzA0MzIwNDM1MDQ0MDA0NDUwNDQzMDQyRTAwMjAwMA0K</FormattedText>
						</VariantText>
					</Variants>
				</Task>
				<!-- ***** -->
				<Task Type="TYPE_TASK_CHOICE_SINGLE" Score="1">
					<Title/>
					<QuestionText>
						<PlainText>Зазначте діапазон звукових частот, які сприймає доросла здорова людина.</PlainText>
						<FormattedText>LTggMSAzIDINCi05IDEgMCAwIDAgMCAxMw0KOTYNCi05IDIgMCAwIDAgMCAxDQoNCjBFMDEwOTUzNzQ3OTZDNjU0RTYxNkQ2NTA2MEI0RTZGNzI2RDYxNkMyMDc0NjU3ODc0MEE1MzY5N0E2NTQ0NkY3NTYyNkM2NTAyMUMwODQ2NkY2RTc0NEU2MTZENjUwNjBGNTQ2OTZENjU3MzIwNEU2NTc3MjA1MjZGNkQ2MTZFMDc1NTZFNjk2MzZGNjQ2NTA5MDQ1MzY5N0E2NTAyMEUwMDAxMDg1Mzc0NjE2RTY0NjE3MjY0MDgwNzQzNjg2MTcyNzM2NTc0MDcwRjUyNTU1MzUzNDk0MTRFNUY0MzQ4NDE1MjUzNDU1NDBBNTM2OTdBNjU0NDZGNzU2MjZDNjUwMjIwMDg0NjZGNkU3NDRFNjE2RDY1MDYwRjU0Njk2RDY1NzMyMDRFNjU3NzIwNTI2RjZENjE2RTA3NTU2RTY5NjM2RjY0NjUwOTA0NTM2OTdBNjUwMjEwMDAwMA0KLTkgMiAwIDAgMCAwIDINCg0KMEUwMTA0NTQ2MTYyNzMwRTAwMDAwMTA4NTM3NDYxNkU2NDYxNzI2NDA4MDk0MTZDNjk2NzZFNkQ2NTZFNzQwNzBBNzI3NjYxNEE3NTczNzQ2OTY2NzkwNDU0NjE2MjczMEUwMDAwMDANCi05IDIgMCAwIDAgMCA0DQoNCjBFMDANCi05IDAgMCAwIDAgMCA3DQoxIDIgMSA4IDMgMA0KMTcwNDMwMDQzNzA0M0QwNDMwMDQ0NzA0NDIwNDM1MDQyMDAwMzQwNDU2MDQzMDA0M0YwNDMwMDQzNzA0M0UwNDNEMDQyMDAwMzcwNDMyMDQ0MzA0M0EwNDNFMDQzMjA0MzgwNDQ1MDQyMDAwNDcwNDMwMDQ0MTA0NDIwNDNFMDQ0MjA0MkMwMDIwMDA0RjA0M0EwNDU2MDQyMDAwNDEwNDNGMDQ0MDA0MzgwNDM5MDQzQzA0MzAwNDU0MDQyMDAwMzQwNDNFMDQ0MDA0M0UwNDQxMDQzQjA0MzAwNDIwMDAzNzA0MzQwNDNFMDQ0MDA0M0UwNDMyMDQzMDA0MjAwMDNCMDQ0RTA0MzQwNDM4MDQzRDA0MzAwNDJFMDANCg0K</FormattedText>
					</QuestionText>
					<Options>
						<IsAllowRandom>true</IsAllowRandom>
						<IsCompulsory>false</IsCompulsory>
						<IsOnlyForEduMode>false</IsOnlyForEduMode>
						<IsDenyPartially>false</IsDenyPartially>
					</Options>
					<Variants>
						<VariantText CorrectAnswer="False">
							<PlainText>200-30000 Гц.</PlainText>
							<FormattedText>LTggMSAzIDINCi05IDEgMCAwIDAgMCAxMw0KOTYNCi05IDIgMCAwIDAgMCAxDQoNCjBFMDEwOTUzNzQ3OTZDNjU0RTYxNkQ2NTA2MEI0RTZGNzI2RDYxNkMyMDc0NjU3ODc0MEE1MzY5N0E2NTQ0NkY3NTYyNkM2NTAyMUMwODQ2NkY2RTc0NEU2MTZENjUwNjBGNTQ2OTZENjU3MzIwNEU2NTc3MjA1MjZGNkQ2MTZFMDc1NTZFNjk2MzZGNjQ2NTA5MDQ1MzY5N0E2NTAyMEUwMDAxMDg1Mzc0NjE2RTY0NjE3MjY0MDgwNzQzNjg2MTcyNzM2NTc0MDcwRjUyNTU1MzUzNDk0MTRFNUY0MzQ4NDE1MjUzNDU1NDBBNTM2OTdBNjU0NDZGNzU2MjZDNjUwMjIwMDg0NjZGNkU3NDRFNjE2RDY1MDYwRjU0Njk2RDY1NzMyMDRFNjU3NzIwNTI2RjZENjE2RTA3NTU2RTY5NjM2RjY0NjUwOTA0NTM2OTdBNjUwMjEwMDAwMA0KLTkgMiAwIDAgMCAwIDINCg0KMEUwMTA0NTQ2MTYyNzMwRTAwMDAwMA0KLTkgMiAwIDAgMCAwIDQNCg0KMEUwMA0KLTkgMCAwIDAgMCAwIDcNCjEgMSAwIDggMyAwDQozMjAwMzAwMDMwMDAyRDAwMzMwMDMwMDAzMDAwMzAwMDMwMDAyMDAwMTMwNDQ2MDQyRTAwDQo=</FormattedText>
						</VariantText>
						<VariantText CorrectAnswer="False">
							<PlainText>150-25000 Гц.</PlainText>
							<FormattedText>LTggMSAzIDINCi05IDEgMCAwIDAgMCAxMw0KOTYNCi05IDIgMCAwIDAgMCAxDQoNCjBFMDEwOTUzNzQ3OTZDNjU0RTYxNkQ2NTA2MEI0RTZGNzI2RDYxNkMyMDc0NjU3ODc0MEE1MzY5N0E2NTQ0NkY3NTYyNkM2NTAyMUMwODQ2NkY2RTc0NEU2MTZENjUwNjBGNTQ2OTZENjU3MzIwNEU2NTc3MjA1MjZGNkQ2MTZFMDc1NTZFNjk2MzZGNjQ2NTA5MDQ1MzY5N0E2NTAyMEUwMDAxMDg1Mzc0NjE2RTY0NjE3MjY0MDgwNzQzNjg2MTcyNzM2NTc0MDcwRjUyNTU1MzUzNDk0MTRFNUY0MzQ4NDE1MjUzNDU1NDBBNTM2OTdBNjU0NDZGNzU2MjZDNjUwMjIwMDg0NjZGNkU3NDRFNjE2RDY1MDYwRjU0Njk2RDY1NzMyMDRFNjU3NzIwNTI2RjZENjE2RTA3NTU2RTY5NjM2RjY0NjUwOTA0NTM2OTdBNjUwMjEwMDAwMA0KLTkgMiAwIDAgMCAwIDINCg0KMEUwMTA0NTQ2MTYyNzMwRTAwMDAwMA0KLTkgMiAwIDAgMCAwIDQNCg0KMEUwMA0KLTkgMCAwIDAgMCAwIDcNCjEgMSAwIDggMyAwDQozMTAwMzUwMDMwMDAyRDAwMzIwMDM1MDAzMDAwMzAwMDMwMDAyMDAwMTMwNDQ2MDQyRTAwDQo=</FormattedText>
						</VariantText>
						<VariantText CorrectAnswer="True">
							<PlainText>16-20000 Гц.</PlainText>
							<FormattedText>LTggMSAzIDINCi05IDEgMCAwIDAgMCAxMw0KOTYNCi05IDIgMCAwIDAgMCAxDQoNCjBFMDEwOTUzNzQ3OTZDNjU0RTYxNkQ2NTA2MEI0RTZGNzI2RDYxNkMyMDc0NjU3ODc0MEE1MzY5N0E2NTQ0NkY3NTYyNkM2NTAyMUMwODQ2NkY2RTc0NEU2MTZENjUwNjBGNTQ2OTZENjU3MzIwNEU2NTc3MjA1MjZGNkQ2MTZFMDc1NTZFNjk2MzZGNjQ2NTA5MDQ1MzY5N0E2NTAyMEUwMDAxMDg1Mzc0NjE2RTY0NjE3MjY0MDgwNzQzNjg2MTcyNzM2NTc0MDcwRjUyNTU1MzUzNDk0MTRFNUY0MzQ4NDE1MjUzNDU1NDBBNTM2OTdBNjU0NDZGNzU2MjZDNjUwMjIwMDg0NjZGNkU3NDRFNjE2RDY1MDYwRjU0Njk2RDY1NzMyMDRFNjU3NzIwNTI2RjZENjE2RTA3NTU2RTY5NjM2RjY0NjUwOTA0NTM2OTdBNjUwMjEwMDAwMA0KLTkgMiAwIDAgMCAwIDINCg0KMEUwMTA0NTQ2MTYyNzMwRTAwMDAwMA0KLTkgMiAwIDAgMCAwIDQNCg0KMEUwMA0KLTkgMCAwIDAgMCAwIDcNCjEgMSAwIDggMyAwDQozMTAwMzYwMDJEMDAzMjAwMzAwMDMwMDAzMDAwMzAwMDIwMDAxMzA0NDYwNDJFMDANCg==</FormattedText>
						</VariantText>
						<VariantText CorrectAnswer="False">
							<PlainText>1000 Гц.</PlainText>
							<FormattedText>LTggMSAzIDINCi05IDEgMCAwIDAgMCAxMw0KOTYNCi05IDIgMCAwIDAgMCAxDQoNCjBFMDEwOTUzNzQ3OTZDNjU0RTYxNkQ2NTA2MEI0RTZGNzI2RDYxNkMyMDc0NjU3ODc0MEE1MzY5N0E2NTQ0NkY3NTYyNkM2NTAyMUMwODQ2NkY2RTc0NEU2MTZENjUwNjBGNTQ2OTZENjU3MzIwNEU2NTc3MjA1MjZGNkQ2MTZFMDc1NTZFNjk2MzZGNjQ2NTA5MDQ1MzY5N0E2NTAyMEUwMDAxMDg1Mzc0NjE2RTY0NjE3MjY0MDgwNzQzNjg2MTcyNzM2NTc0MDcwRjUyNTU1MzUzNDk0MTRFNUY0MzQ4NDE1MjUzNDU1NDBBNTM2OTdBNjU0NDZGNzU2MjZDNjUwMjIwMDg0NjZGNkU3NDRFNjE2RDY1MDYwRjU0Njk2RDY1NzMyMDRFNjU3NzIwNTI2RjZENjE2RTA3NTU2RTY5NjM2RjY0NjUwOTA0NTM2OTdBNjUwMjEwMDAwMA0KLTkgMiAwIDAgMCAwIDINCg0KMEUwMTA0NTQ2MTYyNzMwRTAwMDAwMA0KLTkgMiAwIDAgMCAwIDQNCg0KMEUwMA0KLTkgMCAwIDAgMCAwIDcNCjEgMSAwIDggMyAwDQozMTAwMzAwMDMwMDAzMDAwMjAwMDEzMDQ0NjA0MkUwMA0K</FormattedText>
						</VariantText>
						<VariantText CorrectAnswer="False">
							<PlainText>30-10000 Гц.</PlainText>
							<FormattedText>LTggMSAzIDINCi05IDEgMCAwIDAgMCAxMw0KOTYNCi05IDIgMCAwIDAgMCAxDQoNCjBFMDEwOTUzNzQ3OTZDNjU0RTYxNkQ2NTA2MEI0RTZGNzI2RDYxNkMyMDc0NjU3ODc0MEE1MzY5N0E2NTQ0NkY3NTYyNkM2NTAyMUMwODQ2NkY2RTc0NEU2MTZENjUwNjBGNTQ2OTZENjU3MzIwNEU2NTc3MjA1MjZGNkQ2MTZFMDc1NTZFNjk2MzZGNjQ2NTA5MDQ1MzY5N0E2NTAyMEUwMDAxMDg1Mzc0NjE2RTY0NjE3MjY0MDgwNzQzNjg2MTcyNzM2NTc0MDcwRjUyNTU1MzUzNDk0MTRFNUY0MzQ4NDE1MjUzNDU1NDBBNTM2OTdBNjU0NDZGNzU2MjZDNjUwMjIwMDg0NjZGNkU3NDRFNjE2RDY1MDYwRjU0Njk2RDY1NzMyMDRFNjU3NzIwNTI2RjZENjE2RTA3NTU2RTY5NjM2RjY0NjUwOTA0NTM2OTdBNjUwMjEwMDAwMA0KLTkgMiAwIDAgMCAwIDINCg0KMEUwMTA0NTQ2MTYyNzMwRTAwMDAwMA0KLTkgMiAwIDAgMCAwIDQNCg0KMEUwMA0KLTkgMCAwIDAgMCAwIDcNCjEgMSAwIDggMyAwDQozMzAwMzAwMDJEMDAzMTAwMzAwMDMwMDAzMDAwMzAwMDIwMDAxMzA0NDYwNDJFMDAyMDAwDQo=</FormattedText>
						</VariantText>
					</Variants>
				</Task>
				<!-- ***** -->
				<Task Type="TYPE_TASK_CHOICE_SINGLE" Score="1">
					<Title/>
					<QuestionText>
						<PlainText>Завдяки чому бінауральний слух дозволяє визначати локалізацію джерела звуку у просторі?</PlainText>
						<FormattedText>LTggMSAzIDINCi05IDEgMCAwIDAgMCAxMw0KOTYNCi05IDIgMCAwIDAgMCAxDQoNCjBFMDEwOTUzNzQ3OTZDNjU0RTYxNkQ2NTA2MEI0RTZGNzI2RDYxNkMyMDc0NjU3ODc0MEE1MzY5N0E2NTQ0NkY3NTYyNkM2NTAyMUMwODQ2NkY2RTc0NEU2MTZENjUwNjBGNTQ2OTZENjU3MzIwNEU2NTc3MjA1MjZGNkQ2MTZFMDc1NTZFNjk2MzZGNjQ2NTA5MDQ1MzY5N0E2NTAyMEUwMDAxMDg1Mzc0NjE2RTY0NjE3MjY0MDgwNzQzNjg2MTcyNzM2NTc0MDcwRjUyNTU1MzUzNDk0MTRFNUY0MzQ4NDE1MjUzNDU1NDBBNTM2OTdBNjU0NDZGNzU2MjZDNjUwMjIwMDg0NjZGNkU3NDRFNjE2RDY1MDYwRjU0Njk2RDY1NzMyMDRFNjU3NzIwNTI2RjZENjE2RTA3NTU2RTY5NjM2RjY0NjUwOTA0NTM2OTdBNjUwMjEwMDAwMA0KLTkgMiAwIDAgMCAwIDINCg0KMEUwMTA0NTQ2MTYyNzMwRTAwMDAwMTA4NTM3NDYxNkU2NDYxNzI2NDA4MDk0MTZDNjk2NzZFNkQ2NTZFNzQwNzBBNzI3NjYxNEE3NTczNzQ2OTY2NzkwNDU0NjE2MjczMEUwMDAwMDANCi05IDIgMCAwIDAgMCA0DQoNCjBFMDANCi05IDAgMCAwIDAgMCA3DQoxIDIgMSA4IDMgMA0KMTcwNDMwMDQzMjA0MzQwNDRGMDQzQTA0MzgwNDIwMDA0NzA0M0UwNDNDMDQ0MzA0MjAwMDMxMDQ1NjA0M0QwNDMwMDQ0MzA0NDAwNDMwMDQzQjA0NEMwNDNEMDQzODA0MzkwNDIwMDA0MTA0M0IwNDQzMDQ0NTA0MjAwMDM0MDQzRTA0MzcwNDMyMDQzRTA0M0IwNDRGMDQ1NDA0MjAwMDMyMDQzODA0MzcwNDNEMDQzMDA0NDcwNDMwMDQ0MjA0MzgwNDIwMDAzQjA0M0UwNDNBMDQzMDA0M0IwNDU2MDQzNzA0MzAwNDQ2MDQ1NjA0NEUwNDIwMDAzNDA0MzYwNDM1MDQ0MDA0MzUwNDNCMDQzMDA0MjAwMDM3MDQzMjA0NDMwNDNBMDQ0MzA0MjAwMDQzMDQyMDAwM0YwNDQwMDQzRTA0NDEwNDQyMDQzRTA0NDAwNDU2MDQzRjAwDQoNCg==</FormattedText>
					</QuestionText>
					<Options>
						<IsAllowRandom>true</IsAllowRandom>
						<IsCompulsory>false</IsCompulsory>
						<IsOnlyForEduMode>false</IsOnlyForEduMode>
						<IsDenyPartially>false</IsDenyPartially>
					</Options>
					<Variants>
						<VariantText CorrectAnswer="False">
							<PlainText>Усім переліченим особливостям.</PlainText>
							<FormattedText>LTggMSAzIDINCi05IDEgMCAwIDAgMCAxMw0KOTYNCi05IDIgMCAwIDAgMCAxDQoNCjBFMDEwOTUzNzQ3OTZDNjU0RTYxNkQ2NTA2MEI0RTZGNzI2RDYxNkMyMDc0NjU3ODc0MEE1MzY5N0E2NTQ0NkY3NTYyNkM2NTAyMUMwODQ2NkY2RTc0NEU2MTZENjUwNjBGNTQ2OTZENjU3MzIwNEU2NTc3MjA1MjZGNkQ2MTZFMDc1NTZFNjk2MzZGNjQ2NTA5MDQ1MzY5N0E2NTAyMEUwMDAxMDg1Mzc0NjE2RTY0NjE3MjY0MDgwNzQzNjg2MTcyNzM2NTc0MDcwRjUyNTU1MzUzNDk0MTRFNUY0MzQ4NDE1MjUzNDU1NDBBNTM2OTdBNjU0NDZGNzU2MjZDNjUwMjIwMDg0NjZGNkU3NDRFNjE2RDY1MDYwRjU0Njk2RDY1NzMyMDRFNjU3NzIwNTI2RjZENjE2RTA3NTU2RTY5NjM2RjY0NjUwOTA0NTM2OTdBNjUwMjEwMDAwMA0KLTkgMiAwIDAgMCAwIDINCg0KMEUwMTA0NTQ2MTYyNzMwRTAwMDAwMA0KLTkgMiAwIDAgMCAwIDQNCg0KMEUwMA0KLTkgMCAwIDAgMCAwIDcNCjEgMSAwIDggMyAwDQoyMzA0NDEwNDU2MDQzQzA0MjAwMDNGMDQzNTA0NDAwNDM1MDQzQjA0NTYwNDQ3MDQzNTA0M0QwNDM4MDQzQzA0MjAwMDNFMDQ0MTA0M0UwNDMxMDQzQjA0MzgwNDMyMDQzRTA0NDEwNDQyMDQ0RjA0M0MwNDJFMDANCg==</FormattedText>
						</VariantText>
						<VariantText CorrectAnswer="False">
							<PlainText>Протифазному коливанню ендолімфи у правому та лівому завитках.</PlainText>
							<FormattedText>LTggMSAzIDINCi05IDEgMCAwIDAgMCAxMw0KOTYNCi05IDIgMCAwIDAgMCAxDQoNCjBFMDEwOTUzNzQ3OTZDNjU0RTYxNkQ2NTA2MEI0RTZGNzI2RDYxNkMyMDc0NjU3ODc0MEE1MzY5N0E2NTQ0NkY3NTYyNkM2NTAyMUMwODQ2NkY2RTc0NEU2MTZENjUwNjBGNTQ2OTZENjU3MzIwNEU2NTc3MjA1MjZGNkQ2MTZFMDc1NTZFNjk2MzZGNjQ2NTA5MDQ1MzY5N0E2NTAyMEUwMDAxMDg1Mzc0NjE2RTY0NjE3MjY0MDgwNzQzNjg2MTcyNzM2NTc0MDcwRjUyNTU1MzUzNDk0MTRFNUY0MzQ4NDE1MjUzNDU1NDBBNTM2OTdBNjU0NDZGNzU2MjZDNjUwMjIwMDg0NjZGNkU3NDRFNjE2RDY1MDYwRjU0Njk2RDY1NzMyMDRFNjU3NzIwNTI2RjZENjE2RTA3NTU2RTY5NjM2RjY0NjUwOTA0NTM2OTdBNjUwMjEwMDAwMA0KLTkgMiAwIDAgMCAwIDINCg0KMEUwMTA0NTQ2MTYyNzMwRTAwMDAwMA0KLTkgMiAwIDAgMCAwIDQNCg0KMEUwMA0KLTkgMCAwIDAgMCAwIDcNCjEgMSAwIDggMyAwDQoxRjA0NDAwNDNFMDQ0MjA0MzgwNDQ0MDQzMDA0MzcwNDNEMDQzRTA0M0MwNDQzMDQyMDAwM0EwNDNFMDQzQjA0MzgwNDMyMDQzMDA0M0QwNDNEMDQ0RTA0MjAwMDM1MDQzRDA0MzQwNDNFMDQzQjA0NTYwNDNDMDQ0NDA0MzgwNDIwMDA0MzA0MjAwMDNGMDQ0MDA0MzAwNDMyMDQzRTA0M0MwNDQzMDQyMDAwNDIwNDMwMDQyMDAwM0IwNDU2MDQzMjA0M0UwNDNDMDQ0MzA0MjAwMDM3MDQzMDA0MzIwNDM4MDQ0MjA0M0EwNDMwMDQ0NTA0MkUwMA0K</FormattedText>
						</VariantText>
						<VariantText CorrectAnswer="True">
							<PlainText>Тимчасовій затримці надходження звуку у праве та ліве вухо.</PlainText>
							<FormattedText>LTggMSAzIDINCi05IDEgMCAwIDAgMCAxMw0KOTYNCi05IDIgMCAwIDAgMCAxDQoNCjBFMDEwOTUzNzQ3OTZDNjU0RTYxNkQ2NTA2MEI0RTZGNzI2RDYxNkMyMDc0NjU3ODc0MEE1MzY5N0E2NTQ0NkY3NTYyNkM2NTAyMUMwODQ2NkY2RTc0NEU2MTZENjUwNjBGNTQ2OTZENjU3MzIwNEU2NTc3MjA1MjZGNkQ2MTZFMDc1NTZFNjk2MzZGNjQ2NTA5MDQ1MzY5N0E2NTAyMEUwMDAxMDg1Mzc0NjE2RTY0NjE3MjY0MDgwNzQzNjg2MTcyNzM2NTc0MDcwRjUyNTU1MzUzNDk0MTRFNUY0MzQ4NDE1MjUzNDU1NDBBNTM2OTdBNjU0NDZGNzU2MjZDNjUwMjIwMDg0NjZGNkU3NDRFNjE2RDY1MDYwRjU0Njk2RDY1NzMyMDRFNjU3NzIwNTI2RjZENjE2RTA3NTU2RTY5NjM2RjY0NjUwOTA0NTM2OTdBNjUwMjEwMDAwMA0KLTkgMiAwIDAgMCAwIDINCg0KMEUwMTA0NTQ2MTYyNzMwRTAwMDAwMA0KLTkgMiAwIDAgMCAwIDQNCg0KMEUwMA0KLTkgMCAwIDAgMCAwIDcNCjEgMSAwIDggMyAwDQoyMjA0MzgwNDNDMDQ0NzA0MzAwNDQxMDQzRTA0MzIwNDU2MDQzOTA0MjAwMDM3MDQzMDA0NDIwNDQwMDQzODA0M0MwNDQ2MDQ1NjA0MjAwMDNEMDQzMDA0MzQwNDQ1MDQzRTA0MzQwNDM2MDQzNTA0M0QwNDNEMDQ0RjA0MjAwMDM3MDQzMjA0NDMwNDNBMDQ0MzA0MjAwMDQzMDQyMDAwM0YwNDQwMDQzMDA0MzIwNDM1MDQyMDAwNDIwNDMwMDQyMDAwM0IwNDU2MDQzMjA0MzUwNDIwMDAzMjA0NDMwNDQ1MDQzRTA0MkUwMA0K</FormattedText>
						</VariantText>
						<VariantText CorrectAnswer="False">
							<PlainText>Протилежної спрямованості зовнішніх слухових проходів.</PlainText>
							<FormattedText>LTggMSAzIDINCi05IDEgMCAwIDAgMCAxMw0KOTYNCi05IDIgMCAwIDAgMCAxDQoNCjBFMDEwOTUzNzQ3OTZDNjU0RTYxNkQ2NTA2MEI0RTZGNzI2RDYxNkMyMDc0NjU3ODc0MEE1MzY5N0E2NTQ0NkY3NTYyNkM2NTAyMUMwODQ2NkY2RTc0NEU2MTZENjUwNjBGNTQ2OTZENjU3MzIwNEU2NTc3MjA1MjZGNkQ2MTZFMDc1NTZFNjk2MzZGNjQ2NTA5MDQ1MzY5N0E2NTAyMEUwMDAxMDg1Mzc0NjE2RTY0NjE3MjY0MDgwNzQzNjg2MTcyNzM2NTc0MDcwRjUyNTU1MzUzNDk0MTRFNUY0MzQ4NDE1MjUzNDU1NDBBNTM2OTdBNjU0NDZGNzU2MjZDNjUwMjIwMDg0NjZGNkU3NDRFNjE2RDY1MDYwRjU0Njk2RDY1NzMyMDRFNjU3NzIwNTI2RjZENjE2RTA3NTU2RTY5NjM2RjY0NjUwOTA0NTM2OTdBNjUwMjEwMDAwMA0KLTkgMiAwIDAgMCAwIDINCg0KMEUwMTA0NTQ2MTYyNzMwRTAwMDAwMA0KLTkgMiAwIDAgMCAwIDQNCg0KMEUwMA0KLTkgMCAwIDAgMCAwIDcNCjEgMSAwIDggMyAwDQoxRjA0NDAwNDNFMDQ0MjA0MzgwNDNCMDQzNTA0MzYwNDNEMDQzRTA0NTcwNDIwMDA0MTA0M0YwNDQwMDQ0RjA0M0MwNDNFMDQzMjA0MzAwNDNEMDQzRTA0NDEwNDQyMDQ1NjA0MjAwMDM3MDQzRTA0MzIwNDNEMDQ1NjA0NDgwNDNEMDQ1NjA0NDUwNDIwMDA0MTA0M0IwNDQzMDQ0NTA0M0UwNDMyMDQzODA0NDUwNDIwMDAzRjA0NDAwNDNFMDQ0NTA0M0UwNDM0MDQ1NjA0MzIwNDJFMDANCg==</FormattedText>
						</VariantText>
						<VariantText CorrectAnswer="False">
							<PlainText>Просторовому кодуванню звукової інформації.</PlainText>
							<FormattedText>LTggMSAzIDINCi05IDEgMCAwIDAgMCAxMw0KOTYNCi05IDIgMCAwIDAgMCAxDQoNCjBFMDEwOTUzNzQ3OTZDNjU0RTYxNkQ2NTA2MEI0RTZGNzI2RDYxNkMyMDc0NjU3ODc0MEE1MzY5N0E2NTQ0NkY3NTYyNkM2NTAyMUMwODQ2NkY2RTc0NEU2MTZENjUwNjBGNTQ2OTZENjU3MzIwNEU2NTc3MjA1MjZGNkQ2MTZFMDc1NTZFNjk2MzZGNjQ2NTA5MDQ1MzY5N0E2NTAyMEUwMDAxMDg1Mzc0NjE2RTY0NjE3MjY0MDgwNzQzNjg2MTcyNzM2NTc0MDcwRjUyNTU1MzUzNDk0MTRFNUY0MzQ4NDE1MjUzNDU1NDBBNTM2OTdBNjU0NDZGNzU2MjZDNjUwMjIwMDg0NjZGNkU3NDRFNjE2RDY1MDYwRjU0Njk2RDY1NzMyMDRFNjU3NzIwNTI2RjZENjE2RTA3NTU2RTY5NjM2RjY0NjUwOTA0NTM2OTdBNjUwMjEwMDAwMA0KLTkgMiAwIDAgMCAwIDINCg0KMEUwMTA0NTQ2MTYyNzMwRTAwMDAwMA0KLTkgMiAwIDAgMCAwIDQNCg0KMEUwMA0KLTkgMCAwIDAgMCAwIDcNCjEgMSAwIDggMyAwDQoxRjA0NDAwNDNFMDQ0MTA0NDIwNDNFMDQ0MDA0M0UwNDMyMDQzRTA0M0MwNDQzMDQyMDAwM0EwNDNFMDQzNDA0NDMwNDMyMDQzMDA0M0QwNDNEMDQ0RTA0MjAwMDM3MDQzMjA0NDMwNDNBMDQzRTA0MzIwNDNFMDQ1NzA0MjAwMDU2MDQzRDA0NDQwNDNFMDQ0MDA0M0MwNDMwMDQ0NjA0NTYwNDU3MDQyRTAwMjAwMA0K</FormattedText>
						</VariantText>
					</Variants>
				</Task>
				<!-- ***** -->
				<Task Type="TYPE_TASK_CHOICE_SINGLE" Score="1">
					<Title/>
					<QuestionText>
						<PlainText>Де розташовані рецептори, що реагують на речовини гіркого смаку?</PlainText>
						<FormattedText>LTggMSAzIDINCi05IDEgMCAwIDAgMCAxMw0KOTYNCi05IDIgMCAwIDAgMCAxDQoNCjBFMDEwOTUzNzQ3OTZDNjU0RTYxNkQ2NTA2MEI0RTZGNzI2RDYxNkMyMDc0NjU3ODc0MEE1MzY5N0E2NTQ0NkY3NTYyNkM2NTAyMUMwODQ2NkY2RTc0NEU2MTZENjUwNjBGNTQ2OTZENjU3MzIwNEU2NTc3MjA1MjZGNkQ2MTZFMDc1NTZFNjk2MzZGNjQ2NTA5MDQ1MzY5N0E2NTAyMEUwMDAxMDg1Mzc0NjE2RTY0NjE3MjY0MDgwNzQzNjg2MTcyNzM2NTc0MDcwRjUyNTU1MzUzNDk0MTRFNUY0MzQ4NDE1MjUzNDU1NDBBNTM2OTdBNjU0NDZGNzU2MjZDNjUwMjIwMDg0NjZGNkU3NDRFNjE2RDY1MDYwRjU0Njk2RDY1NzMyMDRFNjU3NzIwNTI2RjZENjE2RTA3NTU2RTY5NjM2RjY0NjUwOTA0NTM2OTdBNjUwMjEwMDAwMA0KLTkgMiAwIDAgMCAwIDINCg0KMEUwMTA0NTQ2MTYyNzMwRTAwMDAwMTA4NTM3NDYxNkU2NDYxNzI2NDA4MDk0MTZDNjk2NzZFNkQ2NTZFNzQwNzBBNzI3NjYxNEE3NTczNzQ2OTY2NzkwNDU0NjE2MjczMEUwMDAwMDANCi05IDIgMCAwIDAgMCA0DQoNCjBFMDANCi05IDAgMCAwIDAgMCA3DQoxIDIgMSA4IDMgMA0KMTQwNDM1MDQyMDAwNDAwNDNFMDQzNzA0NDIwNDMwMDQ0ODA0M0UwNDMyMDQzMDA0M0QwNDU2MDQyMDAwNDAwNDM1MDQ0NjA0MzUwNDNGMDQ0MjA0M0UwNDQwMDQzODA0MkMwMDIwMDA0OTA0M0UwNDIwMDA0MDA0MzUwNDMwMDQzMzA0NDMwNDRFMDQ0MjA0NEMwNDIwMDAzRDA0MzAwNDIwMDA0MDA0MzUwNDQ3MDQzRTA0MzIwNDM4MDQzRDA0MzgwNDIwMDAzMzA0NTYwNDQwMDQzQTA0M0UwNDMzMDQzRTA0MjAwMDQxMDQzQzA0MzAwNDNBMDQ0MzA0M0YwMA0KDQo=</FormattedText>
					</QuestionText>
					<Options>
						<IsAllowRandom>true</IsAllowRandom>
						<IsCompulsory>false</IsCompulsory>
						<IsOnlyForEduMode>false</IsOnlyForEduMode>
						<IsDenyPartially>false</IsDenyPartially>
					</Options>
					<Variants>
						<VariantText CorrectAnswer="False">
							<PlainText>На передньобоковій частини язика.</PlainText>
							<FormattedText>LTggMSAzIDINCi05IDEgMCAwIDAgMCAxMw0KOTYNCi05IDIgMCAwIDAgMCAxDQoNCjBFMDEwOTUzNzQ3OTZDNjU0RTYxNkQ2NTA2MEI0RTZGNzI2RDYxNkMyMDc0NjU3ODc0MEE1MzY5N0E2NTQ0NkY3NTYyNkM2NTAyMUMwODQ2NkY2RTc0NEU2MTZENjUwNjBGNTQ2OTZENjU3MzIwNEU2NTc3MjA1MjZGNkQ2MTZFMDc1NTZFNjk2MzZGNjQ2NTA5MDQ1MzY5N0E2NTAyMEUwMDAxMDg1Mzc0NjE2RTY0NjE3MjY0MDgwNzQzNjg2MTcyNzM2NTc0MDcwRjUyNTU1MzUzNDk0MTRFNUY0MzQ4NDE1MjUzNDU1NDBBNTM2OTdBNjU0NDZGNzU2MjZDNjUwMjIwMDg0NjZGNkU3NDRFNjE2RDY1MDYwRjU0Njk2RDY1NzMyMDRFNjU3NzIwNTI2RjZENjE2RTA3NTU2RTY5NjM2RjY0NjUwOTA0NTM2OTdBNjUwMjEwMDAwMA0KLTkgMiAwIDAgMCAwIDINCg0KMEUwMTA0NTQ2MTYyNzMwRTAwMDAwMA0KLTkgMiAwIDAgMCAwIDQNCg0KMEUwMA0KLTkgMCAwIDAgMCAwIDcNCjEgMSAwIDggMyAwDQoxRDA0MzAwNDIwMDAzRjA0MzUwNDQwMDQzNTA0MzQwNDNEMDQ0QzA0M0UwNDMxMDQzRTA0M0EwNDNFMDQzMjA0NTYwNDM5MDQyMDAwNDcwNDMwMDQ0MTA0NDIwNDM4MDQzRDA0MzgwNDIwMDA0RjA0MzcwNDM4MDQzQTA0MzAwNDJFMDANCg==</FormattedText>
						</VariantText>
						<VariantText CorrectAnswer="False">
							<PlainText>На задньобоковій частини язика.</PlainText>
							<FormattedText>LTggMSAzIDINCi05IDEgMCAwIDAgMCAxMw0KOTYNCi05IDIgMCAwIDAgMCAxDQoNCjBFMDEwOTUzNzQ3OTZDNjU0RTYxNkQ2NTA2MEI0RTZGNzI2RDYxNkMyMDc0NjU3ODc0MEE1MzY5N0E2NTQ0NkY3NTYyNkM2NTAyMUMwODQ2NkY2RTc0NEU2MTZENjUwNjBGNTQ2OTZENjU3MzIwNEU2NTc3MjA1MjZGNkQ2MTZFMDc1NTZFNjk2MzZGNjQ2NTA5MDQ1MzY5N0E2NTAyMEUwMDAxMDg1Mzc0NjE2RTY0NjE3MjY0MDgwNzQzNjg2MTcyNzM2NTc0MDcwRjUyNTU1MzUzNDk0MTRFNUY0MzQ4NDE1MjUzNDU1NDBBNTM2OTdBNjU0NDZGNzU2MjZDNjUwMjIwMDg0NjZGNkU3NDRFNjE2RDY1MDYwRjU0Njk2RDY1NzMyMDRFNjU3NzIwNTI2RjZENjE2RTA3NTU2RTY5NjM2RjY0NjUwOTA0NTM2OTdBNjUwMjEwMDAwMA0KLTkgMiAwIDAgMCAwIDINCg0KMEUwMTA0NTQ2MTYyNzMwRTAwMDAwMA0KLTkgMiAwIDAgMCAwIDQNCg0KMEUwMA0KLTkgMCAwIDAgMCAwIDcNCjEgMSAwIDggMyAwDQoxRDA0MzAwNDIwMDAzNzA0MzAwNDM0MDQzRDA0NEMwNDNFMDQzMTA0M0UwNDNBMDQzRTA0MzIwNDU2MDQzOTA0MjAwMDQ3MDQzMDA0NDEwNDQyMDQzODA0M0QwNDM4MDQyMDAwNEYwNDM3MDQzODA0M0EwNDMwMDQyRTAwDQo=</FormattedText>
						</VariantText>
						<VariantText CorrectAnswer="False">
							<PlainText>На спинці язику.</PlainText>
							<FormattedText>LTggMSAzIDINCi05IDEgMCAwIDAgMCAxMw0KOTYNCi05IDIgMCAwIDAgMCAxDQoNCjBFMDEwOTUzNzQ3OTZDNjU0RTYxNkQ2NTA2MEI0RTZGNzI2RDYxNkMyMDc0NjU3ODc0MEE1MzY5N0E2NTQ0NkY3NTYyNkM2NTAyMUMwODQ2NkY2RTc0NEU2MTZENjUwNjBGNTQ2OTZENjU3MzIwNEU2NTc3MjA1MjZGNkQ2MTZFMDc1NTZFNjk2MzZGNjQ2NTA5MDQ1MzY5N0E2NTAyMEUwMDAxMDg1Mzc0NjE2RTY0NjE3MjY0MDgwNzQzNjg2MTcyNzM2NTc0MDcwRjUyNTU1MzUzNDk0MTRFNUY0MzQ4NDE1MjUzNDU1NDBBNTM2OTdBNjU0NDZGNzU2MjZDNjUwMjIwMDg0NjZGNkU3NDRFNjE2RDY1MDYwRjU0Njk2RDY1NzMyMDRFNjU3NzIwNTI2RjZENjE2RTA3NTU2RTY5NjM2RjY0NjUwOTA0NTM2OTdBNjUwMjEwMDAwMA0KLTkgMiAwIDAgMCAwIDINCg0KMEUwMTA0NTQ2MTYyNzMwRTAwMDAwMA0KLTkgMiAwIDAgMCAwIDQNCg0KMEUwMA0KLTkgMCAwIDAgMCAwIDcNCjEgMSAwIDggMyAwDQoxRDA0MzAwNDIwMDA0MTA0M0YwNDM4MDQzRDA0NDYwNDU2MDQyMDAwNEYwNDM3MDQzODA0M0EwNDQzMDQyRTAwDQo=</FormattedText>
						</VariantText>
						<VariantText CorrectAnswer="True">
							<PlainText>У ділянці кореня язику.</PlainText>
							<FormattedText>LTggMSAzIDINCi05IDEgMCAwIDAgMCAxMw0KOTYNCi05IDIgMCAwIDAgMCAxDQoNCjBFMDEwOTUzNzQ3OTZDNjU0RTYxNkQ2NTA2MEI0RTZGNzI2RDYxNkMyMDc0NjU3ODc0MEE1MzY5N0E2NTQ0NkY3NTYyNkM2NTAyMUMwODQ2NkY2RTc0NEU2MTZENjUwNjBGNTQ2OTZENjU3MzIwNEU2NTc3MjA1MjZGNkQ2MTZFMDc1NTZFNjk2MzZGNjQ2NTA5MDQ1MzY5N0E2NTAyMEUwMDAxMDg1Mzc0NjE2RTY0NjE3MjY0MDgwNzQzNjg2MTcyNzM2NTc0MDcwRjUyNTU1MzUzNDk0MTRFNUY0MzQ4NDE1MjUzNDU1NDBBNTM2OTdBNjU0NDZGNzU2MjZDNjUwMjIwMDg0NjZGNkU3NDRFNjE2RDY1MDYwRjU0Njk2RDY1NzMyMDRFNjU3NzIwNTI2RjZENjE2RTA3NTU2RTY5NjM2RjY0NjUwOTA0NTM2OTdBNjUwMjEwMDAwMA0KLTkgMiAwIDAgMCAwIDINCg0KMEUwMTA0NTQ2MTYyNzMwRTAwMDAwMA0KLTkgMiAwIDAgMCAwIDQNCg0KMEUwMA0KLTkgMCAwIDAgMCAwIDcNCjEgMSAwIDggMyAwDQoyMzA0MjAwMDM0MDQ1NjA0M0IwNDRGMDQzRDA0NDYwNDU2MDQyMDAwM0EwNDNFMDQ0MDA0MzUwNDNEMDQ0RjA0MjAwMDRGMDQzNzA0MzgwNDNBMDQ0MzA0MkUwMA0K</FormattedText>
						</VariantText>
						<VariantText CorrectAnswer="False">
							<PlainText>На кінчику язику.</PlainText>
							<FormattedText>LTggMSAzIDINCi05IDEgMCAwIDAgMCAxMw0KOTYNCi05IDIgMCAwIDAgMCAxDQoNCjBFMDEwOTUzNzQ3OTZDNjU0RTYxNkQ2NTA2MEI0RTZGNzI2RDYxNkMyMDc0NjU3ODc0MEE1MzY5N0E2NTQ0NkY3NTYyNkM2NTAyMUMwODQ2NkY2RTc0NEU2MTZENjUwNjBGNTQ2OTZENjU3MzIwNEU2NTc3MjA1MjZGNkQ2MTZFMDc1NTZFNjk2MzZGNjQ2NTA5MDQ1MzY5N0E2NTAyMEUwMDAxMDg1Mzc0NjE2RTY0NjE3MjY0MDgwNzQzNjg2MTcyNzM2NTc0MDcwRjUyNTU1MzUzNDk0MTRFNUY0MzQ4NDE1MjUzNDU1NDBBNTM2OTdBNjU0NDZGNzU2MjZDNjUwMjIwMDg0NjZGNkU3NDRFNjE2RDY1MDYwRjU0Njk2RDY1NzMyMDRFNjU3NzIwNTI2RjZENjE2RTA3NTU2RTY5NjM2RjY0NjUwOTA0NTM2OTdBNjUwMjEwMDAwMA0KLTkgMiAwIDAgMCAwIDINCg0KMEUwMTA0NTQ2MTYyNzMwRTAwMDAwMA0KLTkgMiAwIDAgMCAwIDQNCg0KMEUwMA0KLTkgMCAwIDAgMCAwIDcNCjEgMSAwIDggMyAwDQoxRDA0MzAwNDIwMDAzQTA0NTYwNDNEMDQ0NzA0MzgwNDNBMDQ0MzA0MjAwMDRGMDQzNzA0MzgwNDNBMDQ0MzA0MkUwMDIwMDANCg==</FormattedText>
						</VariantText>
					</Variants>
				</Task>
				<!-- ***** -->
				<Task Type="TYPE_TASK_CHOICE_SINGLE" Score="1">
					<Title/>
					<QuestionText>
						<PlainText>Де розташовані рецептори, що реагують на речовини солодкого смаку?</PlainText>
						<FormattedText>LTggMSAzIDINCi05IDEgMCAwIDAgMCAxMw0KOTYNCi05IDIgMCAwIDAgMCAxDQoNCjBFMDEwOTUzNzQ3OTZDNjU0RTYxNkQ2NTA2MEI0RTZGNzI2RDYxNkMyMDc0NjU3ODc0MEE1MzY5N0E2NTQ0NkY3NTYyNkM2NTAyMUMwODQ2NkY2RTc0NEU2MTZENjUwNjBGNTQ2OTZENjU3MzIwNEU2NTc3MjA1MjZGNkQ2MTZFMDc1NTZFNjk2MzZGNjQ2NTA5MDQ1MzY5N0E2NTAyMEUwMDAxMDg1Mzc0NjE2RTY0NjE3MjY0MDgwNzQzNjg2MTcyNzM2NTc0MDcwRjUyNTU1MzUzNDk0MTRFNUY0MzQ4NDE1MjUzNDU1NDBBNTM2OTdBNjU0NDZGNzU2MjZDNjUwMjIwMDg0NjZGNkU3NDRFNjE2RDY1MDYwRjU0Njk2RDY1NzMyMDRFNjU3NzIwNTI2RjZENjE2RTA3NTU2RTY5NjM2RjY0NjUwOTA0NTM2OTdBNjUwMjEwMDAwMA0KLTkgMiAwIDAgMCAwIDINCg0KMEUwMTA0NTQ2MTYyNzMwRTAwMDAwMTA4NTM3NDYxNkU2NDYxNzI2NDA4MDk0MTZDNjk2NzZFNkQ2NTZFNzQwNzBBNzI3NjYxNEE3NTczNzQ2OTY2NzkwNDU0NjE2MjczMEUwMDAwMDANCi05IDIgMCAwIDAgMCA0DQoNCjBFMDANCi05IDAgMCAwIDAgMCA3DQoxIDIgMSA4IDMgMA0KMTQwNDM1MDQyMDAwNDAwNDNFMDQzNzA0NDIwNDMwMDQ0ODA0M0UwNDMyMDQzMDA0M0QwNDU2MDQyMDAwNDAwNDM1MDQ0NjA0MzUwNDNGMDQ0MjA0M0UwNDQwMDQzODA0MkMwMDIwMDA0OTA0M0UwNDIwMDA0MDA0MzUwNDMwMDQzMzA0NDMwNDRFMDQ0MjA0NEMwNDIwMDAzRDA0MzAwNDIwMDA0MDA0MzUwNDQ3MDQzRTA0MzIwNDM4MDQzRDA0MzgwNDIwMDA0MTA0M0UwNDNCMDQzRTA0MzQwNDNBMDQzRTA0MzMwNDNFMDQyMDAwNDEwNDNDMDQzMDA0M0EwNDQzMDQzRjAwDQoNCg==</FormattedText>
					</QuestionText>
					<Options>
						<IsAllowRandom>true</IsAllowRandom>
						<IsCompulsory>false</IsCompulsory>
						<IsOnlyForEduMode>false</IsOnlyForEduMode>
						<IsDenyPartially>false</IsDenyPartially>
					</Options>
					<Variants>
						<VariantText CorrectAnswer="False">
							<PlainText>На передньобоковій частини язику.</PlainText>
							<FormattedText>LTggMSAzIDINCi05IDEgMCAwIDAgMCAxMw0KOTYNCi05IDIgMCAwIDAgMCAxDQoNCjBFMDEwOTUzNzQ3OTZDNjU0RTYxNkQ2NTA2MEI0RTZGNzI2RDYxNkMyMDc0NjU3ODc0MEE1MzY5N0E2NTQ0NkY3NTYyNkM2NTAyMUMwODQ2NkY2RTc0NEU2MTZENjUwNjBGNTQ2OTZENjU3MzIwNEU2NTc3MjA1MjZGNkQ2MTZFMDc1NTZFNjk2MzZGNjQ2NTA5MDQ1MzY5N0E2NTAyMEUwMDAxMDg1Mzc0NjE2RTY0NjE3MjY0MDgwNzQzNjg2MTcyNzM2NTc0MDcwRjUyNTU1MzUzNDk0MTRFNUY0MzQ4NDE1MjUzNDU1NDBBNTM2OTdBNjU0NDZGNzU2MjZDNjUwMjIwMDg0NjZGNkU3NDRFNjE2RDY1MDYwRjU0Njk2RDY1NzMyMDRFNjU3NzIwNTI2RjZENjE2RTA3NTU2RTY5NjM2RjY0NjUwOTA0NTM2OTdBNjUwMjEwMDAwMA0KLTkgMiAwIDAgMCAwIDINCg0KMEUwMTA0NTQ2MTYyNzMwRTAwMDAwMA0KLTkgMiAwIDAgMCAwIDQNCg0KMEUwMA0KLTkgMCAwIDAgMCAwIDcNCjEgMSAwIDggMyAwDQoxRDA0MzAwNDIwMDAzRjA0MzUwNDQwMDQzNTA0MzQwNDNEMDQ0QzA0M0UwNDMxMDQzRTA0M0EwNDNFMDQzMjA0NTYwNDM5MDQyMDAwNDcwNDMwMDQ0MTA0NDIwNDM4MDQzRDA0MzgwNDIwMDA0RjA0MzcwNDM4MDQzQTA0NDMwNDJFMDANCg==</FormattedText>
						</VariantText>
						<VariantText CorrectAnswer="False">
							<PlainText>На задньобоковій частини язику.</PlainText>
							<FormattedText>LTggMSAzIDINCi05IDEgMCAwIDAgMCAxMw0KOTYNCi05IDIgMCAwIDAgMCAxDQoNCjBFMDEwOTUzNzQ3OTZDNjU0RTYxNkQ2NTA2MEI0RTZGNzI2RDYxNkMyMDc0NjU3ODc0MEE1MzY5N0E2NTQ0NkY3NTYyNkM2NTAyMUMwODQ2NkY2RTc0NEU2MTZENjUwNjBGNTQ2OTZENjU3MzIwNEU2NTc3MjA1MjZGNkQ2MTZFMDc1NTZFNjk2MzZGNjQ2NTA5MDQ1MzY5N0E2NTAyMEUwMDAxMDg1Mzc0NjE2RTY0NjE3MjY0MDgwNzQzNjg2MTcyNzM2NTc0MDcwRjUyNTU1MzUzNDk0MTRFNUY0MzQ4NDE1MjUzNDU1NDBBNTM2OTdBNjU0NDZGNzU2MjZDNjUwMjIwMDg0NjZGNkU3NDRFNjE2RDY1MDYwRjU0Njk2RDY1NzMyMDRFNjU3NzIwNTI2RjZENjE2RTA3NTU2RTY5NjM2RjY0NjUwOTA0NTM2OTdBNjUwMjEwMDAwMA0KLTkgMiAwIDAgMCAwIDINCg0KMEUwMTA0NTQ2MTYyNzMwRTAwMDAwMA0KLTkgMiAwIDAgMCAwIDQNCg0KMEUwMA0KLTkgMCAwIDAgMCAwIDcNCjEgMSAwIDggMyAwDQoxRDA0MzAwNDIwMDAzNzA0MzAwNDM0MDQzRDA0NEMwNDNFMDQzMTA0M0UwNDNBMDQzRTA0MzIwNDU2MDQzOTA0MjAwMDQ3MDQzMDA0NDEwNDQyMDQzODA0M0QwNDM4MDQyMDAwNEYwNDM3MDQzODA0M0EwNDQzMDQyRTAwDQo=</FormattedText>
						</VariantText>
						<VariantText CorrectAnswer="False">
							<PlainText>На спинці язику.</PlainText>
							<FormattedText>LTggMSAzIDINCi05IDEgMCAwIDAgMCAxMw0KOTYNCi05IDIgMCAwIDAgMCAxDQoNCjBFMDEwOTUzNzQ3OTZDNjU0RTYxNkQ2NTA2MEI0RTZGNzI2RDYxNkMyMDc0NjU3ODc0MEE1MzY5N0E2NTQ0NkY3NTYyNkM2NTAyMUMwODQ2NkY2RTc0NEU2MTZENjUwNjBGNTQ2OTZENjU3MzIwNEU2NTc3MjA1MjZGNkQ2MTZFMDc1NTZFNjk2MzZGNjQ2NTA5MDQ1MzY5N0E2NTAyMEUwMDAxMDg1Mzc0NjE2RTY0NjE3MjY0MDgwNzQzNjg2MTcyNzM2NTc0MDcwRjUyNTU1MzUzNDk0MTRFNUY0MzQ4NDE1MjUzNDU1NDBBNTM2OTdBNjU0NDZGNzU2MjZDNjUwMjIwMDg0NjZGNkU3NDRFNjE2RDY1MDYwRjU0Njk2RDY1NzMyMDRFNjU3NzIwNTI2RjZENjE2RTA3NTU2RTY5NjM2RjY0NjUwOTA0NTM2OTdBNjUwMjEwMDAwMA0KLTkgMiAwIDAgMCAwIDINCg0KMEUwMTA0NTQ2MTYyNzMwRTAwMDAwMA0KLTkgMiAwIDAgMCAwIDQNCg0KMEUwMA0KLTkgMCAwIDAgMCAwIDcNCjEgMSAwIDggMyAwDQoxRDA0MzAwNDIwMDA0MTA0M0YwNDM4MDQzRDA0NDYwNDU2MDQyMDAwNEYwNDM3MDQzODA0M0EwNDQzMDQyRTAwDQo=</FormattedText>
						</VariantText>
						<VariantText CorrectAnswer="True">
							<PlainText>На кінчику язику.</PlainText>
							<FormattedText>LTggMSAzIDINCi05IDEgMCAwIDAgMCAxMw0KOTYNCi05IDIgMCAwIDAgMCAxDQoNCjBFMDEwOTUzNzQ3OTZDNjU0RTYxNkQ2NTA2MEI0RTZGNzI2RDYxNkMyMDc0NjU3ODc0MEE1MzY5N0E2NTQ0NkY3NTYyNkM2NTAyMUMwODQ2NkY2RTc0NEU2MTZENjUwNjBGNTQ2OTZENjU3MzIwNEU2NTc3MjA1MjZGNkQ2MTZFMDc1NTZFNjk2MzZGNjQ2NTA5MDQ1MzY5N0E2NTAyMEUwMDAxMDg1Mzc0NjE2RTY0NjE3MjY0MDgwNzQzNjg2MTcyNzM2NTc0MDcwRjUyNTU1MzUzNDk0MTRFNUY0MzQ4NDE1MjUzNDU1NDBBNTM2OTdBNjU0NDZGNzU2MjZDNjUwMjIwMDg0NjZGNkU3NDRFNjE2RDY1MDYwRjU0Njk2RDY1NzMyMDRFNjU3NzIwNTI2RjZENjE2RTA3NTU2RTY5NjM2RjY0NjUwOTA0NTM2OTdBNjUwMjEwMDAwMA0KLTkgMiAwIDAgMCAwIDINCg0KMEUwMTA0NTQ2MTYyNzMwRTAwMDAwMA0KLTkgMiAwIDAgMCAwIDQNCg0KMEUwMA0KLTkgMCAwIDAgMCAwIDcNCjEgMSAwIDggMyAwDQoxRDA0MzAwNDIwMDAzQTA0NTYwNDNEMDQ0NzA0MzgwNDNBMDQ0MzA0MjAwMDRGMDQzNzA0MzgwNDNBMDQ0MzA0MkUwMA0K</FormattedText>
						</VariantText>
						<VariantText CorrectAnswer="False">
							<PlainText>У ділянці кореня язику.</PlainText>
							<FormattedText>LTggMSAzIDINCi05IDEgMCAwIDAgMCAxMw0KOTYNCi05IDIgMCAwIDAgMCAxDQoNCjBFMDEwOTUzNzQ3OTZDNjU0RTYxNkQ2NTA2MEI0RTZGNzI2RDYxNkMyMDc0NjU3ODc0MEE1MzY5N0E2NTQ0NkY3NTYyNkM2NTAyMUMwODQ2NkY2RTc0NEU2MTZENjUwNjBGNTQ2OTZENjU3MzIwNEU2NTc3MjA1MjZGNkQ2MTZFMDc1NTZFNjk2MzZGNjQ2NTA5MDQ1MzY5N0E2NTAyMEUwMDAxMDg1Mzc0NjE2RTY0NjE3MjY0MDgwNzQzNjg2MTcyNzM2NTc0MDcwRjUyNTU1MzUzNDk0MTRFNUY0MzQ4NDE1MjUzNDU1NDBBNTM2OTdBNjU0NDZGNzU2MjZDNjUwMjIwMDg0NjZGNkU3NDRFNjE2RDY1MDYwRjU0Njk2RDY1NzMyMDRFNjU3NzIwNTI2RjZENjE2RTA3NTU2RTY5NjM2RjY0NjUwOTA0NTM2OTdBNjUwMjEwMDAwMA0KLTkgMiAwIDAgMCAwIDINCg0KMEUwMTA0NTQ2MTYyNzMwRTAwMDAwMA0KLTkgMiAwIDAgMCAwIDQNCg0KMEUwMA0KLTkgMCAwIDAgMCAwIDcNCjEgMSAwIDggMyAwDQoyMzA0MjAwMDM0MDQ1NjA0M0IwNDRGMDQzRDA0NDYwNDU2MDQyMDAwM0EwNDNFMDQ0MDA0MzUwNDNEMDQ0RjA0MjAwMDRGMDQzNzA0MzgwNDNBMDQ0MzA0MkUwMDIwMDANCg==</FormattedText>
						</VariantText>
					</Variants>
				</Task>
				<!-- ***** -->
				<Task Type="TYPE_TASK_CHOICE_SINGLE" Score="1">
					<Title/>
					<QuestionText>
						<PlainText>Де розташовані рецептори, що реагують на речовини кислого смаку?</PlainText>
						<FormattedText>LTggMSAzIDINCi05IDEgMCAwIDAgMCAxMw0KOTYNCi05IDIgMCAwIDAgMCAxDQoNCjBFMDEwOTUzNzQ3OTZDNjU0RTYxNkQ2NTA2MEI0RTZGNzI2RDYxNkMyMDc0NjU3ODc0MEE1MzY5N0E2NTQ0NkY3NTYyNkM2NTAyMUMwODQ2NkY2RTc0NEU2MTZENjUwNjBGNTQ2OTZENjU3MzIwNEU2NTc3MjA1MjZGNkQ2MTZFMDc1NTZFNjk2MzZGNjQ2NTA5MDQ1MzY5N0E2NTAyMEUwMDAxMDg1Mzc0NjE2RTY0NjE3MjY0MDgwNzQzNjg2MTcyNzM2NTc0MDcwRjUyNTU1MzUzNDk0MTRFNUY0MzQ4NDE1MjUzNDU1NDBBNTM2OTdBNjU0NDZGNzU2MjZDNjUwMjIwMDg0NjZGNkU3NDRFNjE2RDY1MDYwRjU0Njk2RDY1NzMyMDRFNjU3NzIwNTI2RjZENjE2RTA3NTU2RTY5NjM2RjY0NjUwOTA0NTM2OTdBNjUwMjEwMDAwMA0KLTkgMiAwIDAgMCAwIDINCg0KMEUwMTA0NTQ2MTYyNzMwRTAwMDAwMTA4NTM3NDYxNkU2NDYxNzI2NDA4MDk0MTZDNjk2NzZFNkQ2NTZFNzQwNzBBNzI3NjYxNEE3NTczNzQ2OTY2NzkwNDU0NjE2MjczMEUwMDAwMDANCi05IDIgMCAwIDAgMCA0DQoNCjBFMDANCi05IDAgMCAwIDAgMCA3DQoxIDIgMSA4IDMgMA0KMTQwNDM1MDQyMDAwNDAwNDNFMDQzNzA0NDIwNDMwMDQ0ODA0M0UwNDMyMDQzMDA0M0QwNDU2MDQyMDAwNDAwNDM1MDQ0NjA0MzUwNDNGMDQ0MjA0M0UwNDQwMDQzODA0MkMwMDIwMDA0OTA0M0UwNDIwMDA0MDA0MzUwNDMwMDQzMzA0NDMwNDRFMDQ0MjA0NEMwNDIwMDAzRDA0MzAwNDIwMDA0MDA0MzUwNDQ3MDQzRTA0MzIwNDM4MDQzRDA0MzgwNDIwMDAzQTA0MzgwNDQxMDQzQjA0M0UwNDMzMDQzRTA0MjAwMDQxMDQzQzA0MzAwNDNBMDQ0MzA0M0YwMA0KDQo=</FormattedText>
					</QuestionText>
					<Options>
						<IsAllowRandom>true</IsAllowRandom>
						<IsCompulsory>false</IsCompulsory>
						<IsOnlyForEduMode>false</IsOnlyForEduMode>
						<IsDenyPartially>false</IsDenyPartially>
					</Options>
					<Variants>
						<VariantText CorrectAnswer="False">
							<PlainText>На передньобоковій частини язику.</PlainText>
							<FormattedText>LTggMSAzIDINCi05IDEgMCAwIDAgMCAxMw0KOTYNCi05IDIgMCAwIDAgMCAxDQoNCjBFMDEwOTUzNzQ3OTZDNjU0RTYxNkQ2NTA2MEI0RTZGNzI2RDYxNkMyMDc0NjU3ODc0MEE1MzY5N0E2NTQ0NkY3NTYyNkM2NTAyMUMwODQ2NkY2RTc0NEU2MTZENjUwNjBGNTQ2OTZENjU3MzIwNEU2NTc3MjA1MjZGNkQ2MTZFMDc1NTZFNjk2MzZGNjQ2NTA5MDQ1MzY5N0E2NTAyMEUwMDAxMDg1Mzc0NjE2RTY0NjE3MjY0MDgwNzQzNjg2MTcyNzM2NTc0MDcwRjUyNTU1MzUzNDk0MTRFNUY0MzQ4NDE1MjUzNDU1NDBBNTM2OTdBNjU0NDZGNzU2MjZDNjUwMjIwMDg0NjZGNkU3NDRFNjE2RDY1MDYwRjU0Njk2RDY1NzMyMDRFNjU3NzIwNTI2RjZENjE2RTA3NTU2RTY5NjM2RjY0NjUwOTA0NTM2OTdBNjUwMjEwMDAwMA0KLTkgMiAwIDAgMCAwIDINCg0KMEUwMTA0NTQ2MTYyNzMwRTAwMDAwMA0KLTkgMiAwIDAgMCAwIDQNCg0KMEUwMA0KLTkgMCAwIDAgMCAwIDcNCjEgMSAwIDggMyAwDQoxRDA0MzAwNDIwMDAzRjA0MzUwNDQwMDQzNTA0MzQwNDNEMDQ0QzA0M0UwNDMxMDQzRTA0M0EwNDNFMDQzMjA0NTYwNDM5MDQyMDAwNDcwNDMwMDQ0MTA0NDIwNDM4MDQzRDA0MzgwNDIwMDA0RjA0MzcwNDM4MDQzQTA0NDMwNDJFMDANCg==</FormattedText>
						</VariantText>
						<VariantText CorrectAnswer="False">
							<PlainText>На спинці язику.</PlainText>
							<FormattedText>LTggMSAzIDINCi05IDEgMCAwIDAgMCAxMw0KOTYNCi05IDIgMCAwIDAgMCAxDQoNCjBFMDEwOTUzNzQ3OTZDNjU0RTYxNkQ2NTA2MEI0RTZGNzI2RDYxNkMyMDc0NjU3ODc0MEE1MzY5N0E2NTQ0NkY3NTYyNkM2NTAyMUMwODQ2NkY2RTc0NEU2MTZENjUwNjBGNTQ2OTZENjU3MzIwNEU2NTc3MjA1MjZGNkQ2MTZFMDc1NTZFNjk2MzZGNjQ2NTA5MDQ1MzY5N0E2NTAyMEUwMDAxMDg1Mzc0NjE2RTY0NjE3MjY0MDgwNzQzNjg2MTcyNzM2NTc0MDcwRjUyNTU1MzUzNDk0MTRFNUY0MzQ4NDE1MjUzNDU1NDBBNTM2OTdBNjU0NDZGNzU2MjZDNjUwMjIwMDg0NjZGNkU3NDRFNjE2RDY1MDYwRjU0Njk2RDY1NzMyMDRFNjU3NzIwNTI2RjZENjE2RTA3NTU2RTY5NjM2RjY0NjUwOTA0NTM2OTdBNjUwMjEwMDAwMA0KLTkgMiAwIDAgMCAwIDINCg0KMEUwMTA0NTQ2MTYyNzMwRTAwMDAwMA0KLTkgMiAwIDAgMCAwIDQNCg0KMEUwMA0KLTkgMCAwIDAgMCAwIDcNCjEgMSAwIDggMyAwDQoxRDA0MzAwNDIwMDA0MTA0M0YwNDM4MDQzRDA0NDYwNDU2MDQyMDAwNEYwNDM3MDQzODA0M0EwNDQzMDQyRTAwDQo=</FormattedText>
						</VariantText>
						<VariantText CorrectAnswer="False">
							<PlainText>У ділянці кореня язику.</PlainText>
							<FormattedText>LTggMSAzIDINCi05IDEgMCAwIDAgMCAxMw0KOTYNCi05IDIgMCAwIDAgMCAxDQoNCjBFMDEwOTUzNzQ3OTZDNjU0RTYxNkQ2NTA2MEI0RTZGNzI2RDYxNkMyMDc0NjU3ODc0MEE1MzY5N0E2NTQ0NkY3NTYyNkM2NTAyMUMwODQ2NkY2RTc0NEU2MTZENjUwNjBGNTQ2OTZENjU3MzIwNEU2NTc3MjA1MjZGNkQ2MTZFMDc1NTZFNjk2MzZGNjQ2NTA5MDQ1MzY5N0E2NTAyMEUwMDAxMDg1Mzc0NjE2RTY0NjE3MjY0MDgwNzQzNjg2MTcyNzM2NTc0MDcwRjUyNTU1MzUzNDk0MTRFNUY0MzQ4NDE1MjUzNDU1NDBBNTM2OTdBNjU0NDZGNzU2MjZDNjUwMjIwMDg0NjZGNkU3NDRFNjE2RDY1MDYwRjU0Njk2RDY1NzMyMDRFNjU3NzIwNTI2RjZENjE2RTA3NTU2RTY5NjM2RjY0NjUwOTA0NTM2OTdBNjUwMjEwMDAwMA0KLTkgMiAwIDAgMCAwIDINCg0KMEUwMTA0NTQ2MTYyNzMwRTAwMDAwMA0KLTkgMiAwIDAgMCAwIDQNCg0KMEUwMA0KLTkgMCAwIDAgMCAwIDcNCjEgMSAwIDggMyAwDQoyMzA0MjAwMDM0MDQ1NjA0M0IwNDRGMDQzRDA0NDYwNDU2MDQyMDAwM0EwNDNFMDQ0MDA0MzUwNDNEMDQ0RjA0MjAwMDRGMDQzNzA0MzgwNDNBMDQ0MzA0MkUwMA0K</FormattedText>
						</VariantText>
						<VariantText CorrectAnswer="True">
							<PlainText>На задньобоковій частини язику.</PlainText>
							<FormattedText>LTggMSAzIDINCi05IDEgMCAwIDAgMCAxMw0KOTYNCi05IDIgMCAwIDAgMCAxDQoNCjBFMDEwOTUzNzQ3OTZDNjU0RTYxNkQ2NTA2MEI0RTZGNzI2RDYxNkMyMDc0NjU3ODc0MEE1MzY5N0E2NTQ0NkY3NTYyNkM2NTAyMUMwODQ2NkY2RTc0NEU2MTZENjUwNjBGNTQ2OTZENjU3MzIwNEU2NTc3MjA1MjZGNkQ2MTZFMDc1NTZFNjk2MzZGNjQ2NTA5MDQ1MzY5N0E2NTAyMEUwMDAxMDg1Mzc0NjE2RTY0NjE3MjY0MDgwNzQzNjg2MTcyNzM2NTc0MDcwRjUyNTU1MzUzNDk0MTRFNUY0MzQ4NDE1MjUzNDU1NDBBNTM2OTdBNjU0NDZGNzU2MjZDNjUwMjIwMDg0NjZGNkU3NDRFNjE2RDY1MDYwRjU0Njk2RDY1NzMyMDRFNjU3NzIwNTI2RjZENjE2RTA3NTU2RTY5NjM2RjY0NjUwOTA0NTM2OTdBNjUwMjEwMDAwMA0KLTkgMiAwIDAgMCAwIDINCg0KMEUwMTA0NTQ2MTYyNzMwRTAwMDAwMA0KLTkgMiAwIDAgMCAwIDQNCg0KMEUwMA0KLTkgMCAwIDAgMCAwIDcNCjEgMSAwIDggMyAwDQoxRDA0MzAwNDIwMDAzNzA0MzAwNDM0MDQzRDA0NEMwNDNFMDQzMTA0M0UwNDNBMDQzRTA0MzIwNDU2MDQzOTA0MjAwMDQ3MDQzMDA0NDEwNDQyMDQzODA0M0QwNDM4MDQyMDAwNEYwNDM3MDQzODA0M0EwNDQzMDQyRTAwDQo=</FormattedText>
						</VariantText>
						<VariantText CorrectAnswer="False">
							<PlainText>На кінчику язику.</PlainText>
							<FormattedText>LTggMSAzIDINCi05IDEgMCAwIDAgMCAxMw0KOTYNCi05IDIgMCAwIDAgMCAxDQoNCjBFMDEwOTUzNzQ3OTZDNjU0RTYxNkQ2NTA2MEI0RTZGNzI2RDYxNkMyMDc0NjU3ODc0MEE1MzY5N0E2NTQ0NkY3NTYyNkM2NTAyMUMwODQ2NkY2RTc0NEU2MTZENjUwNjBGNTQ2OTZENjU3MzIwNEU2NTc3MjA1MjZGNkQ2MTZFMDc1NTZFNjk2MzZGNjQ2NTA5MDQ1MzY5N0E2NTAyMEUwMDAxMDg1Mzc0NjE2RTY0NjE3MjY0MDgwNzQzNjg2MTcyNzM2NTc0MDcwRjUyNTU1MzUzNDk0MTRFNUY0MzQ4NDE1MjUzNDU1NDBBNTM2OTdBNjU0NDZGNzU2MjZDNjUwMjIwMDg0NjZGNkU3NDRFNjE2RDY1MDYwRjU0Njk2RDY1NzMyMDRFNjU3NzIwNTI2RjZENjE2RTA3NTU2RTY5NjM2RjY0NjUwOTA0NTM2OTdBNjUwMjEwMDAwMA0KLTkgMiAwIDAgMCAwIDINCg0KMEUwMTA0NTQ2MTYyNzMwRTAwMDAwMA0KLTkgMiAwIDAgMCAwIDQNCg0KMEUwMA0KLTkgMCAwIDAgMCAwIDcNCjEgMSAwIDggMyAwDQoxRDA0MzAwNDIwMDAzQTA0NTYwNDNEMDQ0NzA0MzgwNDNBMDQ0MzA0MjAwMDRGMDQzNzA0MzgwNDNBMDQ0MzA0MkUwMDIwMDANCg==</FormattedText>
						</VariantText>
					</Variants>
				</Task>
				<!-- ***** -->
				<Task Type="TYPE_TASK_CHOICE_SINGLE" Score="1">
					<Title/>
					<QuestionText>
						<PlainText>Де розташовані рецептори, що реагують на речовини солоного смаку?</PlainText>
						<FormattedText>LTggMSAzIDINCi05IDEgMCAwIDAgMCAxMw0KOTYNCi05IDIgMCAwIDAgMCAxDQoNCjBFMDEwOTUzNzQ3OTZDNjU0RTYxNkQ2NTA2MEI0RTZGNzI2RDYxNkMyMDc0NjU3ODc0MEE1MzY5N0E2NTQ0NkY3NTYyNkM2NTAyMUMwODQ2NkY2RTc0NEU2MTZENjUwNjBGNTQ2OTZENjU3MzIwNEU2NTc3MjA1MjZGNkQ2MTZFMDc1NTZFNjk2MzZGNjQ2NTA5MDQ1MzY5N0E2NTAyMEUwMDAxMDg1Mzc0NjE2RTY0NjE3MjY0MDgwNzQzNjg2MTcyNzM2NTc0MDcwRjUyNTU1MzUzNDk0MTRFNUY0MzQ4NDE1MjUzNDU1NDBBNTM2OTdBNjU0NDZGNzU2MjZDNjUwMjIwMDg0NjZGNkU3NDRFNjE2RDY1MDYwRjU0Njk2RDY1NzMyMDRFNjU3NzIwNTI2RjZENjE2RTA3NTU2RTY5NjM2RjY0NjUwOTA0NTM2OTdBNjUwMjEwMDAwMA0KLTkgMiAwIDAgMCAwIDINCg0KMEUwMTA0NTQ2MTYyNzMwRTAwMDAwMTA4NTM3NDYxNkU2NDYxNzI2NDA4MDk0MTZDNjk2NzZFNkQ2NTZFNzQwNzBBNzI3NjYxNEE3NTczNzQ2OTY2NzkwNDU0NjE2MjczMEUwMDAwMDANCi05IDIgMCAwIDAgMCA0DQoNCjBFMDANCi05IDAgMCAwIDAgMCA3DQoxIDIgMSA4IDMgMA0KMTQwNDM1MDQyMDAwNDAwNDNFMDQzNzA0NDIwNDMwMDQ0ODA0M0UwNDMyMDQzMDA0M0QwNDU2MDQyMDAwNDAwNDM1MDQ0NjA0MzUwNDNGMDQ0MjA0M0UwNDQwMDQzODA0MkMwMDIwMDA0OTA0M0UwNDIwMDA0MDA0MzUwNDMwMDQzMzA0NDMwNDRFMDQ0MjA0NEMwNDIwMDAzRDA0MzAwNDIwMDA0MDA0MzUwNDQ3MDQzRTA0MzIwNDM4MDQzRDA0MzgwNDIwMDA0MTA0M0UwNDNCMDQzRTA0M0QwNDNFMDQzMzA0M0UwNDIwMDA0MTA0M0MwNDMwMDQzQTA0NDMwNDNGMDANCg0K</FormattedText>
					</QuestionText>
					<Options>
						<IsAllowRandom>true</IsAllowRandom>
						<IsCompulsory>false</IsCompulsory>
						<IsOnlyForEduMode>false</IsOnlyForEduMode>
						<IsDenyPartially>false</IsDenyPartially>
					</Options>
					<Variants>
						<VariantText CorrectAnswer="False">
							<PlainText>На задньобоковій частини язику.</PlainText>
							<FormattedText>LTggMSAzIDINCi05IDEgMCAwIDAgMCAxMw0KOTYNCi05IDIgMCAwIDAgMCAxDQoNCjBFMDEwOTUzNzQ3OTZDNjU0RTYxNkQ2NTA2MEI0RTZGNzI2RDYxNkMyMDc0NjU3ODc0MEE1MzY5N0E2NTQ0NkY3NTYyNkM2NTAyMUMwODQ2NkY2RTc0NEU2MTZENjUwNjBGNTQ2OTZENjU3MzIwNEU2NTc3MjA1MjZGNkQ2MTZFMDc1NTZFNjk2MzZGNjQ2NTA5MDQ1MzY5N0E2NTAyMEUwMDAxMDg1Mzc0NjE2RTY0NjE3MjY0MDgwNzQzNjg2MTcyNzM2NTc0MDcwRjUyNTU1MzUzNDk0MTRFNUY0MzQ4NDE1MjUzNDU1NDBBNTM2OTdBNjU0NDZGNzU2MjZDNjUwMjIwMDg0NjZGNkU3NDRFNjE2RDY1MDYwRjU0Njk2RDY1NzMyMDRFNjU3NzIwNTI2RjZENjE2RTA3NTU2RTY5NjM2RjY0NjUwOTA0NTM2OTdBNjUwMjEwMDAwMA0KLTkgMiAwIDAgMCAwIDINCg0KMEUwMTA0NTQ2MTYyNzMwRTAwMDAwMA0KLTkgMiAwIDAgMCAwIDQNCg0KMEUwMA0KLTkgMCAwIDAgMCAwIDcNCjEgMSAwIDggMyAwDQoxRDA0MzAwNDIwMDAzNzA0MzAwNDM0MDQzRDA0NEMwNDNFMDQzMTA0M0UwNDNBMDQzRTA0MzIwNDU2MDQzOTA0MjAwMDQ3MDQzMDA0NDEwNDQyMDQzODA0M0QwNDM4MDQyMDAwNEYwNDM3MDQzODA0M0EwNDQzMDQyRTAwDQo=</FormattedText>
						</VariantText>
						<VariantText CorrectAnswer="False">
							<PlainText>На спинці язику.</PlainText>
							<FormattedText>LTggMSAzIDINCi05IDEgMCAwIDAgMCAxMw0KOTYNCi05IDIgMCAwIDAgMCAxDQoNCjBFMDEwOTUzNzQ3OTZDNjU0RTYxNkQ2NTA2MEI0RTZGNzI2RDYxNkMyMDc0NjU3ODc0MEE1MzY5N0E2NTQ0NkY3NTYyNkM2NTAyMUMwODQ2NkY2RTc0NEU2MTZENjUwNjBGNTQ2OTZENjU3MzIwNEU2NTc3MjA1MjZGNkQ2MTZFMDc1NTZFNjk2MzZGNjQ2NTA5MDQ1MzY5N0E2NTAyMEUwMDAxMDg1Mzc0NjE2RTY0NjE3MjY0MDgwNzQzNjg2MTcyNzM2NTc0MDcwRjUyNTU1MzUzNDk0MTRFNUY0MzQ4NDE1MjUzNDU1NDBBNTM2OTdBNjU0NDZGNzU2MjZDNjUwMjIwMDg0NjZGNkU3NDRFNjE2RDY1MDYwRjU0Njk2RDY1NzMyMDRFNjU3NzIwNTI2RjZENjE2RTA3NTU2RTY5NjM2RjY0NjUwOTA0NTM2OTdBNjUwMjEwMDAwMA0KLTkgMiAwIDAgMCAwIDINCg0KMEUwMTA0NTQ2MTYyNzMwRTAwMDAwMA0KLTkgMiAwIDAgMCAwIDQNCg0KMEUwMA0KLTkgMCAwIDAgMCAwIDcNCjEgMSAwIDggMyAwDQoxRDA0MzAwNDIwMDA0MTA0M0YwNDM4MDQzRDA0NDYwNDU2MDQyMDAwNEYwNDM3MDQzODA0M0EwNDQzMDQyRTAwDQo=</FormattedText>
						</VariantText>
						<VariantText CorrectAnswer="False">
							<PlainText>У ділянці кореня язику.</PlainText>
							<FormattedText>LTggMSAzIDINCi05IDEgMCAwIDAgMCAxMw0KOTYNCi05IDIgMCAwIDAgMCAxDQoNCjBFMDEwOTUzNzQ3OTZDNjU0RTYxNkQ2NTA2MEI0RTZGNzI2RDYxNkMyMDc0NjU3ODc0MEE1MzY5N0E2NTQ0NkY3NTYyNkM2NTAyMUMwODQ2NkY2RTc0NEU2MTZENjUwNjBGNTQ2OTZENjU3MzIwNEU2NTc3MjA1MjZGNkQ2MTZFMDc1NTZFNjk2MzZGNjQ2NTA5MDQ1MzY5N0E2NTAyMEUwMDAxMDg1Mzc0NjE2RTY0NjE3MjY0MDgwNzQzNjg2MTcyNzM2NTc0MDcwRjUyNTU1MzUzNDk0MTRFNUY0MzQ4NDE1MjUzNDU1NDBBNTM2OTdBNjU0NDZGNzU2MjZDNjUwMjIwMDg0NjZGNkU3NDRFNjE2RDY1MDYwRjU0Njk2RDY1NzMyMDRFNjU3NzIwNTI2RjZENjE2RTA3NTU2RTY5NjM2RjY0NjUwOTA0NTM2OTdBNjUwMjEwMDAwMA0KLTkgMiAwIDAgMCAwIDINCg0KMEUwMTA0NTQ2MTYyNzMwRTAwMDAwMA0KLTkgMiAwIDAgMCAwIDQNCg0KMEUwMA0KLTkgMCAwIDAgMCAwIDcNCjEgMSAwIDggMyAwDQoyMzA0MjAwMDM0MDQ1NjA0M0IwNDRGMDQzRDA0NDYwNDU2MDQyMDAwM0EwNDNFMDQ0MDA0MzUwNDNEMDQ0RjA0MjAwMDRGMDQzNzA0MzgwNDNBMDQ0MzA0MkUwMA0K</FormattedText>
						</VariantText>
						<VariantText CorrectAnswer="True">
							<PlainText>На передньобоковій частини язику.</PlainText>
							<FormattedText>LTggMSAzIDINCi05IDEgMCAwIDAgMCAxMw0KOTYNCi05IDIgMCAwIDAgMCAxDQoNCjBFMDEwOTUzNzQ3OTZDNjU0RTYxNkQ2NTA2MEI0RTZGNzI2RDYxNkMyMDc0NjU3ODc0MEE1MzY5N0E2NTQ0NkY3NTYyNkM2NTAyMUMwODQ2NkY2RTc0NEU2MTZENjUwNjBGNTQ2OTZENjU3MzIwNEU2NTc3MjA1MjZGNkQ2MTZFMDc1NTZFNjk2MzZGNjQ2NTA5MDQ1MzY5N0E2NTAyMEUwMDAxMDg1Mzc0NjE2RTY0NjE3MjY0MDgwNzQzNjg2MTcyNzM2NTc0MDcwRjUyNTU1MzUzNDk0MTRFNUY0MzQ4NDE1MjUzNDU1NDBBNTM2OTdBNjU0NDZGNzU2MjZDNjUwMjIwMDg0NjZGNkU3NDRFNjE2RDY1MDYwRjU0Njk2RDY1NzMyMDRFNjU3NzIwNTI2RjZENjE2RTA3NTU2RTY5NjM2RjY0NjUwOTA0NTM2OTdBNjUwMjEwMDAwMA0KLTkgMiAwIDAgMCAwIDINCg0KMEUwMTA0NTQ2MTYyNzMwRTAwMDAwMA0KLTkgMiAwIDAgMCAwIDQNCg0KMEUwMA0KLTkgMCAwIDAgMCAwIDcNCjEgMSAwIDggMyAwDQoxRDA0MzAwNDIwMDAzRjA0MzUwNDQwMDQzNTA0MzQwNDNEMDQ0QzA0M0UwNDMxMDQzRTA0M0EwNDNFMDQzMjA0NTYwNDM5MDQyMDAwNDcwNDMwMDQ0MTA0NDIwNDM4MDQzRDA0MzgwNDIwMDA0RjA0MzcwNDM4MDQzQTA0NDMwNDJFMDAyMDAwDQo=</FormattedText>
						</VariantText>
						<VariantText CorrectAnswer="False">
							<PlainText>На кінчику язику.</PlainText>
							<FormattedText>LTggMSAzIDINCi05IDEgMCAwIDAgMCAxMw0KOTYNCi05IDIgMCAwIDAgMCAxDQoNCjBFMDEwOTUzNzQ3OTZDNjU0RTYxNkQ2NTA2MEI0RTZGNzI2RDYxNkMyMDc0NjU3ODc0MEE1MzY5N0E2NTQ0NkY3NTYyNkM2NTAyMUMwODQ2NkY2RTc0NEU2MTZENjUwNjBGNTQ2OTZENjU3MzIwNEU2NTc3MjA1MjZGNkQ2MTZFMDc1NTZFNjk2MzZGNjQ2NTA5MDQ1MzY5N0E2NTAyMEUwMDAxMDg1Mzc0NjE2RTY0NjE3MjY0MDgwNzQzNjg2MTcyNzM2NTc0MDcwRjUyNTU1MzUzNDk0MTRFNUY0MzQ4NDE1MjUzNDU1NDBBNTM2OTdBNjU0NDZGNzU2MjZDNjUwMjIwMDg0NjZGNkU3NDRFNjE2RDY1MDYwRjU0Njk2RDY1NzMyMDRFNjU3NzIwNTI2RjZENjE2RTA3NTU2RTY5NjM2RjY0NjUwOTA0NTM2OTdBNjUwMjEwMDAwMA0KLTkgMiAwIDAgMCAwIDINCg0KMEUwMTA0NTQ2MTYyNzMwRTAwMDAwMA0KLTkgMiAwIDAgMCAwIDQNCg0KMEUwMA0KLTkgMCAwIDAgMCAwIDcNCjEgMSAwIDggMyAwDQoxRDA0MzAwNDIwMDAzQTA0NTYwNDNEMDQ0NzA0MzgwNDNBMDQ0MzA0MjAwMDRGMDQzNzA0MzgwNDNBMDQ0MzA0MkUwMA0K</FormattedText>
						</VariantText>
					</Variants>
				</Task>
				<!-- ***** -->
				<Task Type="TYPE_TASK_CHOICE_SINGLE" Score="1">
					<Title/>
					<QuestionText>
						<PlainText>Де розташований центральний відділ смакового аналізатора?</PlainText>
						<FormattedText>LTggMSAzIDINCi05IDEgMCAwIDAgMCAxMw0KOTYNCi05IDIgMCAwIDAgMCAxDQoNCjBFMDEwOTUzNzQ3OTZDNjU0RTYxNkQ2NTA2MEI0RTZGNzI2RDYxNkMyMDc0NjU3ODc0MEE1MzY5N0E2NTQ0NkY3NTYyNkM2NTAyMUMwODQ2NkY2RTc0NEU2MTZENjUwNjBGNTQ2OTZENjU3MzIwNEU2NTc3MjA1MjZGNkQ2MTZFMDc1NTZFNjk2MzZGNjQ2NTA5MDQ1MzY5N0E2NTAyMEUwMDAxMDg1Mzc0NjE2RTY0NjE3MjY0MDgwNzQzNjg2MTcyNzM2NTc0MDcwRjUyNTU1MzUzNDk0MTRFNUY0MzQ4NDE1MjUzNDU1NDBBNTM2OTdBNjU0NDZGNzU2MjZDNjUwMjIwMDg0NjZGNkU3NDRFNjE2RDY1MDYwRjU0Njk2RDY1NzMyMDRFNjU3NzIwNTI2RjZENjE2RTA3NTU2RTY5NjM2RjY0NjUwOTA0NTM2OTdBNjUwMjEwMDAwMA0KLTkgMiAwIDAgMCAwIDINCg0KMEUwMTA0NTQ2MTYyNzMwRTAwMDAwMTA4NTM3NDYxNkU2NDYxNzI2NDA4MDk0MTZDNjk2NzZFNkQ2NTZFNzQwNzBBNzI3NjYxNEE3NTczNzQ2OTY2NzkwNDU0NjE2MjczMEUwMDAwMDANCi05IDIgMCAwIDAgMCA0DQoNCjBFMDANCi05IDAgMCAwIDAgMCA3DQoxIDIgMSA4IDMgMA0KMTQwNDM1MDQyMDAwNDAwNDNFMDQzNzA0NDIwNDMwMDQ0ODA0M0UwNDMyMDQzMDA0M0QwNDM4MDQzOTA0MjAwMDQ2MDQzNTA0M0QwNDQyMDQ0MDA0MzAwNDNCMDQ0QzA0M0QwNDM4MDQzOTA0MjAwMDMyMDQ1NjA0MzQwNDM0MDQ1NjA0M0IwNDIwMDA0MTA0M0MwNDMwMDQzQTA0M0UwNDMyMDQzRTA0MzMwNDNFMDQyMDAwMzAwNDNEMDQzMDA0M0IwNDU2MDQzNzA0MzAwNDQyMDQzRTA0NDAwNDMwMDQzRjAwDQoNCg==</FormattedText>
					</QuestionText>
					<Options>
						<IsAllowRandom>true</IsAllowRandom>
						<IsCompulsory>false</IsCompulsory>
						<IsOnlyForEduMode>false</IsOnlyForEduMode>
						<IsDenyPartially>false</IsDenyPartially>
					</Options>
					<Variants>
						<VariantText CorrectAnswer="False">
							<PlainText>У середній скроневій звивині кори великих півкуль.</PlainText>
							<FormattedText>LTggMSAzIDINCi05IDEgMCAwIDAgMCAxMw0KOTYNCi05IDIgMCAwIDAgMCAxDQoNCjBFMDEwOTUzNzQ3OTZDNjU0RTYxNkQ2NTA2MEI0RTZGNzI2RDYxNkMyMDc0NjU3ODc0MEE1MzY5N0E2NTQ0NkY3NTYyNkM2NTAyMUMwODQ2NkY2RTc0NEU2MTZENjUwNjBGNTQ2OTZENjU3MzIwNEU2NTc3MjA1MjZGNkQ2MTZFMDc1NTZFNjk2MzZGNjQ2NTA5MDQ1MzY5N0E2NTAyMEUwMDAxMDg1Mzc0NjE2RTY0NjE3MjY0MDgwNzQzNjg2MTcyNzM2NTc0MDcwRjUyNTU1MzUzNDk0MTRFNUY0MzQ4NDE1MjUzNDU1NDBBNTM2OTdBNjU0NDZGNzU2MjZDNjUwMjIwMDg0NjZGNkU3NDRFNjE2RDY1MDYwRjU0Njk2RDY1NzMyMDRFNjU3NzIwNTI2RjZENjE2RTA3NTU2RTY5NjM2RjY0NjUwOTA0NTM2OTdBNjUwMjEwMDAwMA0KLTkgMiAwIDAgMCAwIDINCg0KMEUwMTA0NTQ2MTYyNzMwRTAwMDAwMA0KLTkgMiAwIDAgMCAwIDQNCg0KMEUwMA0KLTkgMCAwIDAgMCAwIDcNCjEgMSAwIDggMyAwDQoyMzA0MjAwMDQxMDQzNTA0NDAwNDM1MDQzNDA0M0QwNDU2MDQzOTA0MjAwMDQxMDQzQTA0NDAwNDNFMDQzRDA0MzUwNDMyMDQ1NjA0MzkwNDIwMDAzNzA0MzIwNDM4MDQzMjA0MzgwNDNEMDQ1NjA0MjAwMDNBMDQzRTA0NDAwNDM4MDQyMDAwMzIwNDM1MDQzQjA0MzgwNDNBMDQzODA0NDUwNDIwMDAzRjA0NTYwNDMyMDQzQTA0NDMwNDNCMDQ0QzA0MkUwMA0K</FormattedText>
						</VariantText>
						<VariantText CorrectAnswer="False">
							<PlainText>У нижній лобовій звивині кори великих півкуль.</PlainText>
							<FormattedText>LTggMSAzIDINCi05IDEgMCAwIDAgMCAxMw0KOTYNCi05IDIgMCAwIDAgMCAxDQoNCjBFMDEwOTUzNzQ3OTZDNjU0RTYxNkQ2NTA2MEI0RTZGNzI2RDYxNkMyMDc0NjU3ODc0MEE1MzY5N0E2NTQ0NkY3NTYyNkM2NTAyMUMwODQ2NkY2RTc0NEU2MTZENjUwNjBGNTQ2OTZENjU3MzIwNEU2NTc3MjA1MjZGNkQ2MTZFMDc1NTZFNjk2MzZGNjQ2NTA5MDQ1MzY5N0E2NTAyMEUwMDAxMDg1Mzc0NjE2RTY0NjE3MjY0MDgwNzQzNjg2MTcyNzM2NTc0MDcwRjUyNTU1MzUzNDk0MTRFNUY0MzQ4NDE1MjUzNDU1NDBBNTM2OTdBNjU0NDZGNzU2MjZDNjUwMjIwMDg0NjZGNkU3NDRFNjE2RDY1MDYwRjU0Njk2RDY1NzMyMDRFNjU3NzIwNTI2RjZENjE2RTA3NTU2RTY5NjM2RjY0NjUwOTA0NTM2OTdBNjUwMjEwMDAwMA0KLTkgMiAwIDAgMCAwIDINCg0KMEUwMTA0NTQ2MTYyNzMwRTAwMDAwMA0KLTkgMiAwIDAgMCAwIDQNCg0KMEUwMA0KLTkgMCAwIDAgMCAwIDcNCjEgMSAwIDggMyAwDQoyMzA0MjAwMDNEMDQzODA0MzYwNDNEMDQ1NjA0MzkwNDIwMDAzQjA0M0UwNDMxMDQzRTA0MzIwNDU2MDQzOTA0MjAwMDM3MDQzMjA0MzgwNDMyMDQzODA0M0QwNDU2MDQyMDAwM0EwNDNFMDQ0MDA0MzgwNDIwMDAzMjA0MzUwNDNCMDQzODA0M0EwNDM4MDQ0NTA0MjAwMDNGMDQ1NjA0MzIwNDNBMDQ0MzA0M0IwNDRDMDQyRTAwDQo=</FormattedText>
						</VariantText>
						<VariantText CorrectAnswer="False">
							<PlainText>У надкраєвій звивині кори великих півкуль.</PlainText>
							<FormattedText>LTggMSAzIDINCi05IDEgMCAwIDAgMCAxMw0KOTYNCi05IDIgMCAwIDAgMCAxDQoNCjBFMDEwOTUzNzQ3OTZDNjU0RTYxNkQ2NTA2MEI0RTZGNzI2RDYxNkMyMDc0NjU3ODc0MEE1MzY5N0E2NTQ0NkY3NTYyNkM2NTAyMUMwODQ2NkY2RTc0NEU2MTZENjUwNjBGNTQ2OTZENjU3MzIwNEU2NTc3MjA1MjZGNkQ2MTZFMDc1NTZFNjk2MzZGNjQ2NTA5MDQ1MzY5N0E2NTAyMEUwMDAxMDg1Mzc0NjE2RTY0NjE3MjY0MDgwNzQzNjg2MTcyNzM2NTc0MDcwRjUyNTU1MzUzNDk0MTRFNUY0MzQ4NDE1MjUzNDU1NDBBNTM2OTdBNjU0NDZGNzU2MjZDNjUwMjIwMDg0NjZGNkU3NDRFNjE2RDY1MDYwRjU0Njk2RDY1NzMyMDRFNjU3NzIwNTI2RjZENjE2RTA3NTU2RTY5NjM2RjY0NjUwOTA0NTM2OTdBNjUwMjEwMDAwMA0KLTkgMiAwIDAgMCAwIDINCg0KMEUwMTA0NTQ2MTYyNzMwRTAwMDAwMA0KLTkgMiAwIDAgMCAwIDQNCg0KMEUwMA0KLTkgMCAwIDAgMCAwIDcNCjEgMSAwIDggMyAwDQoyMzA0MjAwMDNEMDQzMDA0MzQwNDNBMDQ0MDA0MzAwNDU0MDQzMjA0NTYwNDM5MDQyMDAwMzcwNDMyMDQzODA0MzIwNDM4MDQzRDA0NTYwNDIwMDAzQTA0M0UwNDQwMDQzODA0MjAwMDMyMDQzNTA0M0IwNDM4MDQzQTA0MzgwNDQ1MDQyMDAwM0YwNDU2MDQzMjA0M0EwNDQzMDQzQjA0NEMwNDJFMDANCg==</FormattedText>
						</VariantText>
						<VariantText CorrectAnswer="True">
							<PlainText>У постцентральній звивині кори великих півкуль.</PlainText>
							<FormattedText>LTggMSAzIDINCi05IDEgMCAwIDAgMCAxMw0KOTYNCi05IDIgMCAwIDAgMCAxDQoNCjBFMDEwOTUzNzQ3OTZDNjU0RTYxNkQ2NTA2MEI0RTZGNzI2RDYxNkMyMDc0NjU3ODc0MEE1MzY5N0E2NTQ0NkY3NTYyNkM2NTAyMUMwODQ2NkY2RTc0NEU2MTZENjUwNjBGNTQ2OTZENjU3MzIwNEU2NTc3MjA1MjZGNkQ2MTZFMDc1NTZFNjk2MzZGNjQ2NTA5MDQ1MzY5N0E2NTAyMEUwMDAxMDg1Mzc0NjE2RTY0NjE3MjY0MDgwNzQzNjg2MTcyNzM2NTc0MDcwRjUyNTU1MzUzNDk0MTRFNUY0MzQ4NDE1MjUzNDU1NDBBNTM2OTdBNjU0NDZGNzU2MjZDNjUwMjIwMDg0NjZGNkU3NDRFNjE2RDY1MDYwRjU0Njk2RDY1NzMyMDRFNjU3NzIwNTI2RjZENjE2RTA3NTU2RTY5NjM2RjY0NjUwOTA0NTM2OTdBNjUwMjEwMDAwMA0KLTkgMiAwIDAgMCAwIDINCg0KMEUwMTA0NTQ2MTYyNzMwRTAwMDAwMA0KLTkgMiAwIDAgMCAwIDQNCg0KMEUwMA0KLTkgMCAwIDAgMCAwIDcNCjEgMSAwIDggMyAwDQoyMzA0MjAwMDNGMDQzRTA0NDEwNDQyMDQ0NjA0MzUwNDNEMDQ0MjA0NDAwNDMwMDQzQjA0NEMwNDNEMDQ1NjA0MzkwNDIwMDAzNzA0MzIwNDM4MDQzMjA0MzgwNDNEMDQ1NjA0MjAwMDNBMDQzRTA0NDAwNDM4MDQyMDAwMzIwNDM1MDQzQjA0MzgwNDNBMDQzODA0NDUwNDIwMDAzRjA0NTYwNDMyMDQzQTA0NDMwNDNCMDQ0QzA0MkUwMA0K</FormattedText>
						</VariantText>
						<VariantText CorrectAnswer="False">
							<PlainText>У верхній скроневій звивині кори великих півкуль.</PlainText>
							<FormattedText>LTggMSAzIDINCi05IDEgMCAwIDAgMCAxMw0KOTYNCi05IDIgMCAwIDAgMCAxDQoNCjBFMDEwOTUzNzQ3OTZDNjU0RTYxNkQ2NTA2MEI0RTZGNzI2RDYxNkMyMDc0NjU3ODc0MEE1MzY5N0E2NTQ0NkY3NTYyNkM2NTAyMUMwODQ2NkY2RTc0NEU2MTZENjUwNjBGNTQ2OTZENjU3MzIwNEU2NTc3MjA1MjZGNkQ2MTZFMDc1NTZFNjk2MzZGNjQ2NTA5MDQ1MzY5N0E2NTAyMEUwMDAxMDg1Mzc0NjE2RTY0NjE3MjY0MDgwNzQzNjg2MTcyNzM2NTc0MDcwRjUyNTU1MzUzNDk0MTRFNUY0MzQ4NDE1MjUzNDU1NDBBNTM2OTdBNjU0NDZGNzU2MjZDNjUwMjIwMDg0NjZGNkU3NDRFNjE2RDY1MDYwRjU0Njk2RDY1NzMyMDRFNjU3NzIwNTI2RjZENjE2RTA3NTU2RTY5NjM2RjY0NjUwOTA0NTM2OTdBNjUwMjEwMDAwMA0KLTkgMiAwIDAgMCAwIDINCg0KMEUwMTA0NTQ2MTYyNzMwRTAwMDAwMA0KLTkgMiAwIDAgMCAwIDQNCg0KMEUwMA0KLTkgMCAwIDAgMCAwIDcNCjEgMSAwIDggMyAwDQoyMzA0MjAwMDMyMDQzNTA0NDAwNDQ1MDQzRDA0NTYwNDM5MDQyMDAwNDEwNDNBMDQ0MDA0M0UwNDNEMDQzNTA0MzIwNDU2MDQzOTA0MjAwMDM3MDQzMjA0MzgwNDMyMDQzODA0M0QwNDU2MDQyMDAwM0EwNDNFMDQ0MDA0MzgwNDIwMDAzMjA0MzUwNDNCMDQzODA0M0EwNDM4MDQ0NTA0MjAwMDNGMDQ1NjA0MzIwNDNBMDQ0MzA0M0IwNDRDMDQyRTAwDQo=</FormattedText>
						</VariantText>
					</Variants>
				</Task>
				<!-- ***** -->
				<Task Type="TYPE_TASK_CHOICE_SINGLE" Score="1">
					<Title/>
					<QuestionText>
						<PlainText>У якому стані повинні знаходитися речовини, які взаємодіють зі смаковими рецепторами, щоб виниклі смакові відчуття?</PlainText>
						<FormattedText>LTggMSAzIDINCi05IDEgMCAwIDAgMCAxMw0KOTYNCi05IDIgMCAwIDAgMCAxDQoNCjBFMDEwOTUzNzQ3OTZDNjU0RTYxNkQ2NTA2MEI0RTZGNzI2RDYxNkMyMDc0NjU3ODc0MEE1MzY5N0E2NTQ0NkY3NTYyNkM2NTAyMUMwODQ2NkY2RTc0NEU2MTZENjUwNjBGNTQ2OTZENjU3MzIwNEU2NTc3MjA1MjZGNkQ2MTZFMDc1NTZFNjk2MzZGNjQ2NTA5MDQ1MzY5N0E2NTAyMEUwMDAxMDg1Mzc0NjE2RTY0NjE3MjY0MDgwNzQzNjg2MTcyNzM2NTc0MDcwRjUyNTU1MzUzNDk0MTRFNUY0MzQ4NDE1MjUzNDU1NDBBNTM2OTdBNjU0NDZGNzU2MjZDNjUwMjIwMDg0NjZGNkU3NDRFNjE2RDY1MDYwRjU0Njk2RDY1NzMyMDRFNjU3NzIwNTI2RjZENjE2RTA3NTU2RTY5NjM2RjY0NjUwOTA0NTM2OTdBNjUwMjEwMDAwMA0KLTkgMiAwIDAgMCAwIDINCg0KMEUwMTA0NTQ2MTYyNzMwRTAwMDAwMTA4NTM3NDYxNkU2NDYxNzI2NDA4MDk0MTZDNjk2NzZFNkQ2NTZFNzQwNzBBNzI3NjYxNEE3NTczNzQ2OTY2NzkwNDU0NjE2MjczMEUwMDAwMDANCi05IDIgMCAwIDAgMCA0DQoNCjBFMDANCi05IDAgMCAwIDAgMCA3DQoxIDIgMSA4IDMgMA0KMjMwNDIwMDA0RjA0M0EwNDNFMDQzQzA0NDMwNDIwMDA0MTA0NDIwNDMwMDQzRDA0NTYwNDIwMDAzRjA0M0UwNDMyMDQzODA0M0QwNDNEMDQ1NjA0MjAwMDM3MDQzRDA0MzAwNDQ1MDQzRTA0MzQwNDM4MDQ0MjA0MzgwNDQxMDQ0RjA0MjAwMDQwMDQzNTA0NDcwNDNFMDQzMjA0MzgwNDNEMDQzODA0MkMwMDIwMDA0RjA0M0EwNDU2MDQyMDAwMzIwNDM3MDQzMDA0NTQwNDNDMDQzRTA0MzQwNDU2MDQ0RTA0NDIwNDRDMDQyMDAwMzcwNDU2MDQyMDAwNDEwNDNDMDQzMDA0M0EwNDNFMDQzMjA0MzgwNDNDMDQzODA0MjAwMDQwMDQzNTA0NDYwNDM1MDQzRjA0NDIwNDNFMDQ0MDA0MzAwNDNDMDQzODA0MkMwMDIwMDA0OTA0M0UwNDMxMDQyMDAwMzIwNDM4MDQzRDA0MzgwNDNBMDQzQjA0NTYwNDIwMDA0MTA0M0MwNDMwMDQzQTA0M0UwNDMyMDQ1NjA0MjAwMDMyMDQ1NjA0MzQwNDQ3MDQ0MzA0NDIwNDQyMDQ0RjA0M0YwMA0KDQo=</FormattedText>
					</QuestionText>
					<Options>
						<IsAllowRandom>true</IsAllowRandom>
						<IsCompulsory>false</IsCompulsory>
						<IsOnlyForEduMode>false</IsOnlyForEduMode>
						<IsDenyPartially>false</IsDenyPartially>
					</Options>
					<Variants>
						<VariantText CorrectAnswer="False">
							<PlainText>Нерозчинні у жирах.
Нерозчинні у жирах.</PlainText>
							<FormattedText>LTggMSAzIDINCi05IDEgMCAwIDAgMCAxMw0KOTYNCi05IDIgMCAwIDAgMCAxDQoNCjBFMDEwOTUzNzQ3OTZDNjU0RTYxNkQ2NTA2MEI0RTZGNzI2RDYxNkMyMDc0NjU3ODc0MEE1MzY5N0E2NTQ0NkY3NTYyNkM2NTAyMUMwODQ2NkY2RTc0NEU2MTZENjUwNjBGNTQ2OTZENjU3MzIwNEU2NTc3MjA1MjZGNkQ2MTZFMDc1NTZFNjk2MzZGNjQ2NTA5MDQ1MzY5N0E2NTAyMEUwMDAxMDg1Mzc0NjE2RTY0NjE3MjY0MDgwNzQzNjg2MTcyNzM2NTc0MDcwRjUyNTU1MzUzNDk0MTRFNUY0MzQ4NDE1MjUzNDU1NDBBNTM2OTdBNjU0NDZGNzU2MjZDNjUwMjIwMDg0NjZGNkU3NDRFNjE2RDY1MDYwRjU0Njk2RDY1NzMyMDRFNjU3NzIwNTI2RjZENjE2RTA3NTU2RTY5NjM2RjY0NjUwOTA0NTM2OTdBNjUwMjEwMDAwMA0KLTkgMiAwIDAgMCAwIDINCg0KMEUwMTA0NTQ2MTYyNzMwRTAwMDAwMTA4NTM3NDYxNkU2NDYxNzI2NDA4MDk0MTZDNjk2NzZFNkQ2NTZFNzQwNzBBNzI3NjYxNEE3NTczNzQ2OTY2NzkwNDU0NjE2MjczMEUwMDAwMDANCi05IDIgMCAwIDAgMCA0DQoNCjBFMDANCi05IDAgMCAwIDAgMCA3DQoxIDEgMCA4IDMgMA0KMUQwNDM1MDQ0MDA0M0UwNDM3MDQ0NzA0MzgwNDNEMDQzRDA0NTYwNDIwMDA0MzA0MjAwMDM2MDQzODA0NDAwNDMwMDQ0NTA0MkUwMA0KMSAyIDEgOCAzIDANCjFEMDQzNTA0NDAwNDNFMDQzNzA0NDcwNDM4MDQzRDA0M0QwNDU2MDQyMDAwNDMwNDIwMDAzNjA0MzgwNDQwMDQzMDA0NDUwNDJFMDANCg0K</FormattedText>
						</VariantText>
						<VariantText CorrectAnswer="False">
							<PlainText>Нерозчинні у воді.</PlainText>
							<FormattedText>LTggMSAzIDINCi05IDEgMCAwIDAgMCAxMw0KOTYNCi05IDIgMCAwIDAgMCAxDQoNCjBFMDEwOTUzNzQ3OTZDNjU0RTYxNkQ2NTA2MEI0RTZGNzI2RDYxNkMyMDc0NjU3ODc0MEE1MzY5N0E2NTQ0NkY3NTYyNkM2NTAyMUMwODQ2NkY2RTc0NEU2MTZENjUwNjBGNTQ2OTZENjU3MzIwNEU2NTc3MjA1MjZGNkQ2MTZFMDc1NTZFNjk2MzZGNjQ2NTA5MDQ1MzY5N0E2NTAyMEUwMDAxMDg1Mzc0NjE2RTY0NjE3MjY0MDgwNzQzNjg2MTcyNzM2NTc0MDcwRjUyNTU1MzUzNDk0MTRFNUY0MzQ4NDE1MjUzNDU1NDBBNTM2OTdBNjU0NDZGNzU2MjZDNjUwMjIwMDg0NjZGNkU3NDRFNjE2RDY1MDYwRjU0Njk2RDY1NzMyMDRFNjU3NzIwNTI2RjZENjE2RTA3NTU2RTY5NjM2RjY0NjUwOTA0NTM2OTdBNjUwMjEwMDAwMA0KLTkgMiAwIDAgMCAwIDINCg0KMEUwMTA0NTQ2MTYyNzMwRTAwMDAwMA0KLTkgMiAwIDAgMCAwIDQNCg0KMEUwMA0KLTkgMCAwIDAgMCAwIDcNCjEgMSAwIDggMyAwDQoxRDA0MzUwNDQwMDQzRTA0MzcwNDQ3MDQzODA0M0QwNDNEMDQ1NjA0MjAwMDQzMDQyMDAwMzIwNDNFMDQzNDA0NTYwNDJFMDANCg==</FormattedText>
						</VariantText>
						<VariantText CorrectAnswer="False">
							<PlainText>Розчинні у органічних розчинниках.</PlainText>
							<FormattedText>LTggMSAzIDINCi05IDEgMCAwIDAgMCAxMw0KOTYNCi05IDIgMCAwIDAgMCAxDQoNCjBFMDEwOTUzNzQ3OTZDNjU0RTYxNkQ2NTA2MEI0RTZGNzI2RDYxNkMyMDc0NjU3ODc0MEE1MzY5N0E2NTQ0NkY3NTYyNkM2NTAyMUMwODQ2NkY2RTc0NEU2MTZENjUwNjBGNTQ2OTZENjU3MzIwNEU2NTc3MjA1MjZGNkQ2MTZFMDc1NTZFNjk2MzZGNjQ2NTA5MDQ1MzY5N0E2NTAyMEUwMDAxMDg1Mzc0NjE2RTY0NjE3MjY0MDgwNzQzNjg2MTcyNzM2NTc0MDcwRjUyNTU1MzUzNDk0MTRFNUY0MzQ4NDE1MjUzNDU1NDBBNTM2OTdBNjU0NDZGNzU2MjZDNjUwMjIwMDg0NjZGNkU3NDRFNjE2RDY1MDYwRjU0Njk2RDY1NzMyMDRFNjU3NzIwNTI2RjZENjE2RTA3NTU2RTY5NjM2RjY0NjUwOTA0NTM2OTdBNjUwMjEwMDAwMA0KLTkgMiAwIDAgMCAwIDINCg0KMEUwMTA0NTQ2MTYyNzMwRTAwMDAwMA0KLTkgMiAwIDAgMCAwIDQNCg0KMEUwMA0KLTkgMCAwIDAgMCAwIDcNCjEgMSAwIDggMyAwDQoyMDA0M0UwNDM3MDQ0NzA0MzgwNDNEMDQzRDA0NTYwNDIwMDA0MzA0MjAwMDNFMDQ0MDA0MzMwNDMwMDQzRDA0NTYwNDQ3MDQzRDA0MzgwNDQ1MDQyMDAwNDAwNDNFMDQzNzA0NDcwNDM4MDQzRDA0M0QwNDM4MDQzQTA0MzAwNDQ1MDQyRTAwDQo=</FormattedText>
						</VariantText>
						<VariantText CorrectAnswer="False">
							<PlainText>Розчинні у жирах.</PlainText>
							<FormattedText>LTggMSAzIDINCi05IDEgMCAwIDAgMCAxMw0KOTYNCi05IDIgMCAwIDAgMCAxDQoNCjBFMDEwOTUzNzQ3OTZDNjU0RTYxNkQ2NTA2MEI0RTZGNzI2RDYxNkMyMDc0NjU3ODc0MEE1MzY5N0E2NTQ0NkY3NTYyNkM2NTAyMUMwODQ2NkY2RTc0NEU2MTZENjUwNjBGNTQ2OTZENjU3MzIwNEU2NTc3MjA1MjZGNkQ2MTZFMDc1NTZFNjk2MzZGNjQ2NTA5MDQ1MzY5N0E2NTAyMEUwMDAxMDg1Mzc0NjE2RTY0NjE3MjY0MDgwNzQzNjg2MTcyNzM2NTc0MDcwRjUyNTU1MzUzNDk0MTRFNUY0MzQ4NDE1MjUzNDU1NDBBNTM2OTdBNjU0NDZGNzU2MjZDNjUwMjIwMDg0NjZGNkU3NDRFNjE2RDY1MDYwRjU0Njk2RDY1NzMyMDRFNjU3NzIwNTI2RjZENjE2RTA3NTU2RTY5NjM2RjY0NjUwOTA0NTM2OTdBNjUwMjEwMDAwMA0KLTkgMiAwIDAgMCAwIDINCg0KMEUwMTA0NTQ2MTYyNzMwRTAwMDAwMA0KLTkgMiAwIDAgMCAwIDQNCg0KMEUwMA0KLTkgMCAwIDAgMCAwIDcNCjEgMSAwIDggMyAwDQoyMDA0M0UwNDM3MDQ0NzA0MzgwNDNEMDQzRDA0NTYwNDIwMDA0MzA0MjAwMDM2MDQzODA0NDAwNDMwMDQ0NTA0MkUwMA0K</FormattedText>
						</VariantText>
						<VariantText CorrectAnswer="True">
							<PlainText>Розчинні у воді.</PlainText>
							<FormattedText>LTggMSAzIDINCi05IDEgMCAwIDAgMCAxMw0KOTYNCi05IDIgMCAwIDAgMCAxDQoNCjBFMDEwOTUzNzQ3OTZDNjU0RTYxNkQ2NTA2MEI0RTZGNzI2RDYxNkMyMDc0NjU3ODc0MEE1MzY5N0E2NTQ0NkY3NTYyNkM2NTAyMUMwODQ2NkY2RTc0NEU2MTZENjUwNjBGNTQ2OTZENjU3MzIwNEU2NTc3MjA1MjZGNkQ2MTZFMDc1NTZFNjk2MzZGNjQ2NTA5MDQ1MzY5N0E2NTAyMEUwMDAxMDg1Mzc0NjE2RTY0NjE3MjY0MDgwNzQzNjg2MTcyNzM2NTc0MDcwRjUyNTU1MzUzNDk0MTRFNUY0MzQ4NDE1MjUzNDU1NDBBNTM2OTdBNjU0NDZGNzU2MjZDNjUwMjIwMDg0NjZGNkU3NDRFNjE2RDY1MDYwRjU0Njk2RDY1NzMyMDRFNjU3NzIwNTI2RjZENjE2RTA3NTU2RTY5NjM2RjY0NjUwOTA0NTM2OTdBNjUwMjEwMDAwMA0KLTkgMiAwIDAgMCAwIDINCg0KMEUwMTA0NTQ2MTYyNzMwRTAwMDAwMA0KLTkgMiAwIDAgMCAwIDQNCg0KMEUwMA0KLTkgMCAwIDAgMCAwIDcNCjEgMSAwIDggMyAwDQoyMDA0M0UwNDM3MDQ0NzA0MzgwNDNEMDQzRDA0NTYwNDIwMDA0MzA0MjAwMDMyMDQzRTA0MzQwNDU2MDQyRTAwDQo=</FormattedText>
						</VariantText>
					</Variants>
				</Task>
				<!-- ***** -->
				<Task Type="TYPE_TASK_CHOICE_SINGLE" Score="1">
					<Title/>
					<QuestionText>
						<PlainText>Від чого залежить виразність смакового відчуття?</PlainText>
						<FormattedText>LTggMSAzIDINCi05IDEgMCAwIDAgMCAxMw0KOTYNCi05IDIgMCAwIDAgMCAxDQoNCjBFMDEwOTUzNzQ3OTZDNjU0RTYxNkQ2NTA2MEI0RTZGNzI2RDYxNkMyMDc0NjU3ODc0MEE1MzY5N0E2NTQ0NkY3NTYyNkM2NTAyMUMwODQ2NkY2RTc0NEU2MTZENjUwNjBGNTQ2OTZENjU3MzIwNEU2NTc3MjA1MjZGNkQ2MTZFMDc1NTZFNjk2MzZGNjQ2NTA5MDQ1MzY5N0E2NTAyMEUwMDAxMDg1Mzc0NjE2RTY0NjE3MjY0MDgwNzQzNjg2MTcyNzM2NTc0MDcwRjUyNTU1MzUzNDk0MTRFNUY0MzQ4NDE1MjUzNDU1NDBBNTM2OTdBNjU0NDZGNzU2MjZDNjUwMjIwMDg0NjZGNkU3NDRFNjE2RDY1MDYwRjU0Njk2RDY1NzMyMDRFNjU3NzIwNTI2RjZENjE2RTA3NTU2RTY5NjM2RjY0NjUwOTA0NTM2OTdBNjUwMjEwMDAwMA0KLTkgMiAwIDAgMCAwIDINCg0KMEUwMTA0NTQ2MTYyNzMwRTAwMDAwMTA4NTM3NDYxNkU2NDYxNzI2NDA4MDk0MTZDNjk2NzZFNkQ2NTZFNzQwNzBBNzI3NjYxNEE3NTczNzQ2OTY2NzkwNDU0NjE2MjczMEUwMDAwMDANCi05IDIgMCAwIDAgMCA0DQoNCjBFMDANCi05IDAgMCAwIDAgMCA3DQoxIDIgMSA4IDMgMA0KMTIwNDU2MDQzNDA0MjAwMDQ3MDQzRTA0MzMwNDNFMDQyMDAwMzcwNDMwMDQzQjA0MzUwNDM2MDQzODA0NDIwNDRDMDQyMDAwMzIwNDM4MDQ0MDA0MzAwNDM3MDQzRDA0NTYwNDQxMDQ0MjA0NEMwNDIwMDA0MTA0M0MwNDMwMDQzQTA0M0UwNDMyMDQzRTA0MzMwNDNFMDQyMDAwMzIwNDU2MDQzNDA0NDcwNDQzMDQ0MjA0NDIwNDRGMDQzRjAwDQoNCg==</FormattedText>
					</QuestionText>
					<Options>
						<IsAllowRandom>true</IsAllowRandom>
						<IsCompulsory>false</IsCompulsory>
						<IsOnlyForEduMode>false</IsOnlyForEduMode>
						<IsDenyPartially>false</IsDenyPartially>
					</Options>
					<Variants>
						<VariantText CorrectAnswer="False">
							<PlainText>Кількості збуджених рецепторів.</PlainText>
							<FormattedText>LTggMSAzIDINCi05IDEgMCAwIDAgMCAxMw0KOTYNCi05IDIgMCAwIDAgMCAxDQoNCjBFMDEwOTUzNzQ3OTZDNjU0RTYxNkQ2NTA2MEI0RTZGNzI2RDYxNkMyMDc0NjU3ODc0MEE1MzY5N0E2NTQ0NkY3NTYyNkM2NTAyMUMwODQ2NkY2RTc0NEU2MTZENjUwNjBGNTQ2OTZENjU3MzIwNEU2NTc3MjA1MjZGNkQ2MTZFMDc1NTZFNjk2MzZGNjQ2NTA5MDQ1MzY5N0E2NTAyMEUwMDAxMDg1Mzc0NjE2RTY0NjE3MjY0MDgwNzQzNjg2MTcyNzM2NTc0MDcwRjUyNTU1MzUzNDk0MTRFNUY0MzQ4NDE1MjUzNDU1NDBBNTM2OTdBNjU0NDZGNzU2MjZDNjUwMjIwMDg0NjZGNkU3NDRFNjE2RDY1MDYwRjU0Njk2RDY1NzMyMDRFNjU3NzIwNTI2RjZENjE2RTA3NTU2RTY5NjM2RjY0NjUwOTA0NTM2OTdBNjUwMjEwMDAwMA0KLTkgMiAwIDAgMCAwIDINCg0KMEUwMTA0NTQ2MTYyNzMwRTAwMDAwMA0KLTkgMiAwIDAgMCAwIDQNCg0KMEUwMA0KLTkgMCAwIDAgMCAwIDcNCjEgMSAwIDggMyAwDQoxQTA0NTYwNDNCMDQ0QzA0M0EwNDNFMDQ0MTA0NDIwNDU2MDQyMDAwMzcwNDMxMDQ0MzA0MzQwNDM2MDQzNTA0M0QwNDM4MDQ0NTA0MjAwMDQwMDQzNTA0NDYwNDM1MDQzRjA0NDIwNDNFMDQ0MDA0NTYwNDMyMDQyRTAwDQo=</FormattedText>
						</VariantText>
						<VariantText CorrectAnswer="False">
							<PlainText>Тривалості подразнення рецепторів.</PlainText>
							<FormattedText>LTggMSAzIDINCi05IDEgMCAwIDAgMCAxMw0KOTYNCi05IDIgMCAwIDAgMCAxDQoNCjBFMDEwOTUzNzQ3OTZDNjU0RTYxNkQ2NTA2MEI0RTZGNzI2RDYxNkMyMDc0NjU3ODc0MEE1MzY5N0E2NTQ0NkY3NTYyNkM2NTAyMUMwODQ2NkY2RTc0NEU2MTZENjUwNjBGNTQ2OTZENjU3MzIwNEU2NTc3MjA1MjZGNkQ2MTZFMDc1NTZFNjk2MzZGNjQ2NTA5MDQ1MzY5N0E2NTAyMEUwMDAxMDg1Mzc0NjE2RTY0NjE3MjY0MDgwNzQzNjg2MTcyNzM2NTc0MDcwRjUyNTU1MzUzNDk0MTRFNUY0MzQ4NDE1MjUzNDU1NDBBNTM2OTdBNjU0NDZGNzU2MjZDNjUwMjIwMDg0NjZGNkU3NDRFNjE2RDY1MDYwRjU0Njk2RDY1NzMyMDRFNjU3NzIwNTI2RjZENjE2RTA3NTU2RTY5NjM2RjY0NjUwOTA0NTM2OTdBNjUwMjEwMDAwMA0KLTkgMiAwIDAgMCAwIDINCg0KMEUwMTA0NTQ2MTYyNzMwRTAwMDAwMA0KLTkgMiAwIDAgMCAwIDQNCg0KMEUwMA0KLTkgMCAwIDAgMCAwIDcNCjEgMSAwIDggMyAwDQoyMjA0NDAwNDM4MDQzMjA0MzAwNDNCMDQzRTA0NDEwNDQyMDQ1NjA0MjAwMDNGMDQzRTA0MzQwNDQwMDQzMDA0MzcwNDNEMDQzNTA0M0QwNDNEMDQ0RjA0MjAwMDQwMDQzNTA0NDYwNDM1MDQzRjA0NDIwNDNFMDQ0MDA0NTYwNDMyMDQyRTAwDQo=</FormattedText>
						</VariantText>
						<VariantText CorrectAnswer="False">
							<PlainText>Хімічних властивостей речовини.</PlainText>
							<FormattedText>LTggMSAzIDINCi05IDEgMCAwIDAgMCAxMw0KOTYNCi05IDIgMCAwIDAgMCAxDQoNCjBFMDEwOTUzNzQ3OTZDNjU0RTYxNkQ2NTA2MEI0RTZGNzI2RDYxNkMyMDc0NjU3ODc0MEE1MzY5N0E2NTQ0NkY3NTYyNkM2NTAyMUMwODQ2NkY2RTc0NEU2MTZENjUwNjBGNTQ2OTZENjU3MzIwNEU2NTc3MjA1MjZGNkQ2MTZFMDc1NTZFNjk2MzZGNjQ2NTA5MDQ1MzY5N0E2NTAyMEUwMDAxMDg1Mzc0NjE2RTY0NjE3MjY0MDgwNzQzNjg2MTcyNzM2NTc0MDcwRjUyNTU1MzUzNDk0MTRFNUY0MzQ4NDE1MjUzNDU1NDBBNTM2OTdBNjU0NDZGNzU2MjZDNjUwMjIwMDg0NjZGNkU3NDRFNjE2RDY1MDYwRjU0Njk2RDY1NzMyMDRFNjU3NzIwNTI2RjZENjE2RTA3NTU2RTY5NjM2RjY0NjUwOTA0NTM2OTdBNjUwMjEwMDAwMA0KLTkgMiAwIDAgMCAwIDINCg0KMEUwMTA0NTQ2MTYyNzMwRTAwMDAwMA0KLTkgMiAwIDAgMCAwIDQNCg0KMEUwMA0KLTkgMCAwIDAgMCAwIDcNCjEgMSAwIDggMyAwDQoyNTA0NTYwNDNDMDQ1NjA0NDcwNDNEMDQzODA0NDUwNDIwMDAzMjA0M0IwNDMwMDQ0MTA0NDIwNDM4MDQzMjA0M0UwNDQxMDQ0MjA0MzUwNDM5MDQyMDAwNDAwNDM1MDQ0NzA0M0UwNDMyMDQzODA0M0QwNDM4MDQyRTAwDQo=</FormattedText>
						</VariantText>
						<VariantText CorrectAnswer="False">
							<PlainText>Функціонального стану рецепторів.</PlainText>
							<FormattedText>LTggMSAzIDINCi05IDEgMCAwIDAgMCAxMw0KOTYNCi05IDIgMCAwIDAgMCAxDQoNCjBFMDEwOTUzNzQ3OTZDNjU0RTYxNkQ2NTA2MEI0RTZGNzI2RDYxNkMyMDc0NjU3ODc0MEE1MzY5N0E2NTQ0NkY3NTYyNkM2NTAyMUMwODQ2NkY2RTc0NEU2MTZENjUwNjBGNTQ2OTZENjU3MzIwNEU2NTc3MjA1MjZGNkQ2MTZFMDc1NTZFNjk2MzZGNjQ2NTA5MDQ1MzY5N0E2NTAyMEUwMDAxMDg1Mzc0NjE2RTY0NjE3MjY0MDgwNzQzNjg2MTcyNzM2NTc0MDcwRjUyNTU1MzUzNDk0MTRFNUY0MzQ4NDE1MjUzNDU1NDBBNTM2OTdBNjU0NDZGNzU2MjZDNjUwMjIwMDg0NjZGNkU3NDRFNjE2RDY1MDYwRjU0Njk2RDY1NzMyMDRFNjU3NzIwNTI2RjZENjE2RTA3NTU2RTY5NjM2RjY0NjUwOTA0NTM2OTdBNjUwMjEwMDAwMA0KLTkgMiAwIDAgMCAwIDINCg0KMEUwMTA0NTQ2MTYyNzMwRTAwMDAwMA0KLTkgMiAwIDAgMCAwIDQNCg0KMEUwMA0KLTkgMCAwIDAgMCAwIDcNCjEgMSAwIDggMyAwDQoyNDA0NDMwNDNEMDQzQTA0NDYwNDU2MDQzRTA0M0QwNDMwMDQzQjA0NEMwNDNEMDQzRTA0MzMwNDNFMDQyMDAwNDEwNDQyMDQzMDA0M0QwNDQzMDQyMDAwNDAwNDM1MDQ0NjA0MzUwNDNGMDQ0MjA0M0UwNDQwMDQ1NjA0MzIwNDJFMDANCg==</FormattedText>
						</VariantText>
						<VariantText CorrectAnswer="True">
							<PlainText>Концентрації речовини.</PlainText>
							<FormattedText>LTggMSAzIDINCi05IDEgMCAwIDAgMCAxMw0KOTYNCi05IDIgMCAwIDAgMCAxDQoNCjBFMDEwOTUzNzQ3OTZDNjU0RTYxNkQ2NTA2MEI0RTZGNzI2RDYxNkMyMDc0NjU3ODc0MEE1MzY5N0E2NTQ0NkY3NTYyNkM2NTAyMUMwODQ2NkY2RTc0NEU2MTZENjUwNjBGNTQ2OTZENjU3MzIwNEU2NTc3MjA1MjZGNkQ2MTZFMDc1NTZFNjk2MzZGNjQ2NTA5MDQ1MzY5N0E2NTAyMEUwMDAxMDg1Mzc0NjE2RTY0NjE3MjY0MDgwNzQzNjg2MTcyNzM2NTc0MDcwRjUyNTU1MzUzNDk0MTRFNUY0MzQ4NDE1MjUzNDU1NDBBNTM2OTdBNjU0NDZGNzU2MjZDNjUwMjIwMDg0NjZGNkU3NDRFNjE2RDY1MDYwRjU0Njk2RDY1NzMyMDRFNjU3NzIwNTI2RjZENjE2RTA3NTU2RTY5NjM2RjY0NjUwOTA0NTM2OTdBNjUwMjEwMDAwMA0KLTkgMiAwIDAgMCAwIDINCg0KMEUwMTA0NTQ2MTYyNzMwRTAwMDAwMA0KLTkgMiAwIDAgMCAwIDQNCg0KMEUwMA0KLTkgMCAwIDAgMCAwIDcNCjEgMSAwIDggMyAwDQoyMDAwMUEwNDNFMDQzRDA0NDYwNDM1MDQzRDA0NDIwNDQwMDQzMDA0NDYwNDU2MDQ1NzA0MjAwMDQwMDQzNTA0NDcwNDNFMDQzMjA0MzgwNDNEMDQzODA0MkUwMA0K</FormattedText>
						</VariantText>
					</Variants>
				</Task>
				<!-- ***** -->
				<Task Type="TYPE_TASK_CHOICE_SINGLE" Score="1">
					<Title/>
					<QuestionText>
						<PlainText>Якою кількістю типів рецепторів представлений сприймаючий апарат нюхового аналізатора?</PlainText>
						<FormattedText>LTggMSAzIDINCi05IDEgMCAwIDAgMCAxMw0KOTYNCi05IDIgMCAwIDAgMCAxDQoNCjBFMDEwOTUzNzQ3OTZDNjU0RTYxNkQ2NTA2MEI0RTZGNzI2RDYxNkMyMDc0NjU3ODc0MEE1MzY5N0E2NTQ0NkY3NTYyNkM2NTAyMUMwODQ2NkY2RTc0NEU2MTZENjUwNjBGNTQ2OTZENjU3MzIwNEU2NTc3MjA1MjZGNkQ2MTZFMDc1NTZFNjk2MzZGNjQ2NTA5MDQ1MzY5N0E2NTAyMEUwMDAxMDg1Mzc0NjE2RTY0NjE3MjY0MDgwNzQzNjg2MTcyNzM2NTc0MDcwRjUyNTU1MzUzNDk0MTRFNUY0MzQ4NDE1MjUzNDU1NDBBNTM2OTdBNjU0NDZGNzU2MjZDNjUwMjIwMDg0NjZGNkU3NDRFNjE2RDY1MDYwRjU0Njk2RDY1NzMyMDRFNjU3NzIwNTI2RjZENjE2RTA3NTU2RTY5NjM2RjY0NjUwOTA0NTM2OTdBNjUwMjEwMDAwMA0KLTkgMiAwIDAgMCAwIDINCg0KMEUwMTA0NTQ2MTYyNzMwRTAwMDAwMTA4NTM3NDYxNkU2NDYxNzI2NDA4MDk0MTZDNjk2NzZFNkQ2NTZFNzQwNzBBNzI3NjYxNEE3NTczNzQ2OTY2NzkwNDU0NjE2MjczMEUwMDAwMDANCi05IDIgMCAwIDAgMCA0DQoNCjBFMDANCi05IDAgMCAwIDAgMCA3DQoxIDIgMSA4IDMgMA0KMkYwNDNBMDQzRTA0NEUwNDIwMDAzQTA0NTYwNDNCMDQ0QzA0M0EwNDU2MDQ0MTA0NDIwNDRFMDQyMDAwNDIwNDM4MDQzRjA0NTYwNDMyMDQyMDAwNDAwNDM1MDQ0NjA0MzUwNDNGMDQ0MjA0M0UwNDQwMDQ1NjA0MzIwNDIwMDAzRjA0NDAwNDM1MDQzNDA0NDEwNDQyMDQzMDA0MzIwNDNCMDQzNTA0M0QwNDM4MDQzOTA0MjAwMDQxMDQzRjA0NDAwNDM4MDQzOTA0M0MwNDMwMDQ0RTA0NDcwNDM4MDQzOTA0MjAwMDMwMDQzRjA0MzAwNDQwMDQzMDA0NDIwNDIwMDAzRDA0NEUwNDQ1MDQzRTA0MzIwNDNFMDQzMzA0M0UwNDIwMDAzMDA0M0QwNDMwMDQzQjA0NTYwNDM3MDQzMDA0NDIwNDNFMDQ0MDA0MzAwNDNGMDANCg0K</FormattedText>
					</QuestionText>
					<Options>
						<IsAllowRandom>true</IsAllowRandom>
						<IsCompulsory>false</IsCompulsory>
						<IsOnlyForEduMode>false</IsOnlyForEduMode>
						<IsDenyPartially>false</IsDenyPartially>
					</Options>
					<Variants>
						<VariantText CorrectAnswer="False">
							<PlainText>6 основних типів.</PlainText>
							<FormattedText>LTggMSAzIDINCi05IDEgMCAwIDAgMCAxMw0KOTYNCi05IDIgMCAwIDAgMCAxDQoNCjBFMDEwOTUzNzQ3OTZDNjU0RTYxNkQ2NTA2MEI0RTZGNzI2RDYxNkMyMDc0NjU3ODc0MEE1MzY5N0E2NTQ0NkY3NTYyNkM2NTAyMUMwODQ2NkY2RTc0NEU2MTZENjUwNjBGNTQ2OTZENjU3MzIwNEU2NTc3MjA1MjZGNkQ2MTZFMDc1NTZFNjk2MzZGNjQ2NTA5MDQ1MzY5N0E2NTAyMEUwMDAxMDg1Mzc0NjE2RTY0NjE3MjY0MDgwNzQzNjg2MTcyNzM2NTc0MDcwRjUyNTU1MzUzNDk0MTRFNUY0MzQ4NDE1MjUzNDU1NDBBNTM2OTdBNjU0NDZGNzU2MjZDNjUwMjIwMDg0NjZGNkU3NDRFNjE2RDY1MDYwRjU0Njk2RDY1NzMyMDRFNjU3NzIwNTI2RjZENjE2RTA3NTU2RTY5NjM2RjY0NjUwOTA0NTM2OTdBNjUwMjEwMDAwMA0KLTkgMiAwIDAgMCAwIDINCg0KMEUwMTA0NTQ2MTYyNzMwRTAwMDAwMA0KLTkgMiAwIDAgMCAwIDQNCg0KMEUwMA0KLTkgMCAwIDAgMCAwIDcNCjEgMSAwIDggMyAwDQozNjAwMjAwMDNFMDQ0MTA0M0QwNDNFMDQzMjA0M0QwNDM4MDQ0NTA0MjAwMDQyMDQzODA0M0YwNDU2MDQzMjA0MkUwMA0K</FormattedText>
						</VariantText>
						<VariantText CorrectAnswer="False">
							<PlainText>5 основних типів.</PlainText>
							<FormattedText>LTggMSAzIDINCi05IDEgMCAwIDAgMCAxMw0KOTYNCi05IDIgMCAwIDAgMCAxDQoNCjBFMDEwOTUzNzQ3OTZDNjU0RTYxNkQ2NTA2MEI0RTZGNzI2RDYxNkMyMDc0NjU3ODc0MEE1MzY5N0E2NTQ0NkY3NTYyNkM2NTAyMUMwODQ2NkY2RTc0NEU2MTZENjUwNjBGNTQ2OTZENjU3MzIwNEU2NTc3MjA1MjZGNkQ2MTZFMDc1NTZFNjk2MzZGNjQ2NTA5MDQ1MzY5N0E2NTAyMEUwMDAxMDg1Mzc0NjE2RTY0NjE3MjY0MDgwNzQzNjg2MTcyNzM2NTc0MDcwRjUyNTU1MzUzNDk0MTRFNUY0MzQ4NDE1MjUzNDU1NDBBNTM2OTdBNjU0NDZGNzU2MjZDNjUwMjIwMDg0NjZGNkU3NDRFNjE2RDY1MDYwRjU0Njk2RDY1NzMyMDRFNjU3NzIwNTI2RjZENjE2RTA3NTU2RTY5NjM2RjY0NjUwOTA0NTM2OTdBNjUwMjEwMDAwMA0KLTkgMiAwIDAgMCAwIDINCg0KMEUwMTA0NTQ2MTYyNzMwRTAwMDAwMA0KLTkgMiAwIDAgMCAwIDQNCg0KMEUwMA0KLTkgMCAwIDAgMCAwIDcNCjEgMSAwIDggMyAwDQozNTAwMjAwMDNFMDQ0MTA0M0QwNDNFMDQzMjA0M0QwNDM4MDQ0NTA0MjAwMDQyMDQzODA0M0YwNDU2MDQzMjA0MkUwMA0K</FormattedText>
						</VariantText>
						<VariantText CorrectAnswer="False">
							<PlainText>3 основних типів.</PlainText>
							<FormattedText>LTggMSAzIDINCi05IDEgMCAwIDAgMCAxMw0KOTYNCi05IDIgMCAwIDAgMCAxDQoNCjBFMDEwOTUzNzQ3OTZDNjU0RTYxNkQ2NTA2MEI0RTZGNzI2RDYxNkMyMDc0NjU3ODc0MEE1MzY5N0E2NTQ0NkY3NTYyNkM2NTAyMUMwODQ2NkY2RTc0NEU2MTZENjUwNjBGNTQ2OTZENjU3MzIwNEU2NTc3MjA1MjZGNkQ2MTZFMDc1NTZFNjk2MzZGNjQ2NTA5MDQ1MzY5N0E2NTAyMEUwMDAxMDg1Mzc0NjE2RTY0NjE3MjY0MDgwNzQzNjg2MTcyNzM2NTc0MDcwRjUyNTU1MzUzNDk0MTRFNUY0MzQ4NDE1MjUzNDU1NDBBNTM2OTdBNjU0NDZGNzU2MjZDNjUwMjIwMDg0NjZGNkU3NDRFNjE2RDY1MDYwRjU0Njk2RDY1NzMyMDRFNjU3NzIwNTI2RjZENjE2RTA3NTU2RTY5NjM2RjY0NjUwOTA0NTM2OTdBNjUwMjEwMDAwMA0KLTkgMiAwIDAgMCAwIDINCg0KMEUwMTA0NTQ2MTYyNzMwRTAwMDAwMA0KLTkgMiAwIDAgMCAwIDQNCg0KMEUwMA0KLTkgMCAwIDAgMCAwIDcNCjEgMSAwIDggMyAwDQozMzAwMjAwMDNFMDQ0MTA0M0QwNDNFMDQzMjA0M0QwNDM4MDQ0NTA0MjAwMDQyMDQzODA0M0YwNDU2MDQzMjA0MkUwMA0K</FormattedText>
						</VariantText>
						<VariantText CorrectAnswer="False">
							<PlainText>4 основних типів.</PlainText>
							<FormattedText>LTggMSAzIDINCi05IDEgMCAwIDAgMCAxMw0KOTYNCi05IDIgMCAwIDAgMCAxDQoNCjBFMDEwOTUzNzQ3OTZDNjU0RTYxNkQ2NTA2MEI0RTZGNzI2RDYxNkMyMDc0NjU3ODc0MEE1MzY5N0E2NTQ0NkY3NTYyNkM2NTAyMUMwODQ2NkY2RTc0NEU2MTZENjUwNjBGNTQ2OTZENjU3MzIwNEU2NTc3MjA1MjZGNkQ2MTZFMDc1NTZFNjk2MzZGNjQ2NTA5MDQ1MzY5N0E2NTAyMEUwMDAxMDg1Mzc0NjE2RTY0NjE3MjY0MDgwNzQzNjg2MTcyNzM2NTc0MDcwRjUyNTU1MzUzNDk0MTRFNUY0MzQ4NDE1MjUzNDU1NDBBNTM2OTdBNjU0NDZGNzU2MjZDNjUwMjIwMDg0NjZGNkU3NDRFNjE2RDY1MDYwRjU0Njk2RDY1NzMyMDRFNjU3NzIwNTI2RjZENjE2RTA3NTU2RTY5NjM2RjY0NjUwOTA0NTM2OTdBNjUwMjEwMDAwMA0KLTkgMiAwIDAgMCAwIDINCg0KMEUwMTA0NTQ2MTYyNzMwRTAwMDAwMA0KLTkgMiAwIDAgMCAwIDQNCg0KMEUwMA0KLTkgMCAwIDAgMCAwIDcNCjEgMSAwIDggMyAwDQozNDAwMjAwMDNFMDQ0MTA0M0QwNDNFMDQzMjA0M0QwNDM4MDQ0NTA0MjAwMDQyMDQzODA0M0YwNDU2MDQzMjA0MkUwMA0K</FormattedText>
						</VariantText>
						<VariantText CorrectAnswer="True">
							<PlainText>7 основних типів.</PlainText>
							<FormattedText>LTggMSAzIDINCi05IDEgMCAwIDAgMCAxMw0KOTYNCi05IDIgMCAwIDAgMCAxDQoNCjBFMDEwOTUzNzQ3OTZDNjU0RTYxNkQ2NTA2MEI0RTZGNzI2RDYxNkMyMDc0NjU3ODc0MEE1MzY5N0E2NTQ0NkY3NTYyNkM2NTAyMUMwODQ2NkY2RTc0NEU2MTZENjUwNjBGNTQ2OTZENjU3MzIwNEU2NTc3MjA1MjZGNkQ2MTZFMDc1NTZFNjk2MzZGNjQ2NTA5MDQ1MzY5N0E2NTAyMEUwMDAxMDg1Mzc0NjE2RTY0NjE3MjY0MDgwNzQzNjg2MTcyNzM2NTc0MDcwRjUyNTU1MzUzNDk0MTRFNUY0MzQ4NDE1MjUzNDU1NDBBNTM2OTdBNjU0NDZGNzU2MjZDNjUwMjIwMDg0NjZGNkU3NDRFNjE2RDY1MDYwRjU0Njk2RDY1NzMyMDRFNjU3NzIwNTI2RjZENjE2RTA3NTU2RTY5NjM2RjY0NjUwOTA0NTM2OTdBNjUwMjEwMDAwMA0KLTkgMiAwIDAgMCAwIDINCg0KMEUwMTA0NTQ2MTYyNzMwRTAwMDAwMA0KLTkgMiAwIDAgMCAwIDQNCg0KMEUwMA0KLTkgMCAwIDAgMCAwIDcNCjEgMSAwIDggMyAwDQozNzAwMjAwMDNFMDQ0MTA0M0QwNDNFMDQzMjA0M0QwNDM4MDQ0NTA0MjAwMDQyMDQzODA0M0YwNDU2MDQzMjA0MkUwMA0K</FormattedText>
						</VariantText>
					</Variants>
				</Task>
				<!-- ***** -->
				<Task Type="TYPE_TASK_CHOICE_SINGLE" Score="1">
					<Title/>
					<QuestionText>
						<PlainText>Де розташовані нюхові рецептори?</PlainText>
						<FormattedText>LTggMSAzIDINCi05IDEgMCAwIDAgMCAxMw0KOTYNCi05IDIgMCAwIDAgMCAxDQoNCjBFMDEwOTUzNzQ3OTZDNjU0RTYxNkQ2NTA2MEI0RTZGNzI2RDYxNkMyMDc0NjU3ODc0MEE1MzY5N0E2NTQ0NkY3NTYyNkM2NTAyMUMwODQ2NkY2RTc0NEU2MTZENjUwNjBGNTQ2OTZENjU3MzIwNEU2NTc3MjA1MjZGNkQ2MTZFMDc1NTZFNjk2MzZGNjQ2NTA5MDQ1MzY5N0E2NTAyMEUwMDAxMDg1Mzc0NjE2RTY0NjE3MjY0MDgwNzQzNjg2MTcyNzM2NTc0MDcwRjUyNTU1MzUzNDk0MTRFNUY0MzQ4NDE1MjUzNDU1NDBBNTM2OTdBNjU0NDZGNzU2MjZDNjUwMjIwMDg0NjZGNkU3NDRFNjE2RDY1MDYwRjU0Njk2RDY1NzMyMDRFNjU3NzIwNTI2RjZENjE2RTA3NTU2RTY5NjM2RjY0NjUwOTA0NTM2OTdBNjUwMjEwMDAwMA0KLTkgMiAwIDAgMCAwIDINCg0KMEUwMTA0NTQ2MTYyNzMwRTAwMDAwMTA4NTM3NDYxNkU2NDYxNzI2NDA4MDk0MTZDNjk2NzZFNkQ2NTZFNzQwNzBBNzI3NjYxNEE3NTczNzQ2OTY2NzkwNDU0NjE2MjczMEUwMDAwMDANCi05IDIgMCAwIDAgMCA0DQoNCjBFMDANCi05IDAgMCAwIDAgMCA3DQoxIDIgMSA4IDMgMA0KMTQwNDM1MDQyMDAwNDAwNDNFMDQzNzA0NDIwNDMwMDQ0ODA0M0UwNDMyMDQzMDA0M0QwNDU2MDQyMDAwM0QwNDRFMDQ0NTA0M0UwNDMyMDQ1NjA0MjAwMDQwMDQzNTA0NDYwNDM1MDQzRjA0NDIwNDNFMDQ0MDA0MzgwNDNGMDANCg0K</FormattedText>
					</QuestionText>
					<Options>
						<IsAllowRandom>true</IsAllowRandom>
						<IsCompulsory>false</IsCompulsory>
						<IsOnlyForEduMode>false</IsOnlyForEduMode>
						<IsDenyPartially>false</IsDenyPartially>
					</Options>
					<Variants>
						<VariantText CorrectAnswer="False">
							<PlainText>На задній стінці носоглотки.</PlainText>
							<FormattedText>LTggMSAzIDINCi05IDEgMCAwIDAgMCAxMw0KOTYNCi05IDIgMCAwIDAgMCAxDQoNCjBFMDEwOTUzNzQ3OTZDNjU0RTYxNkQ2NTA2MEI0RTZGNzI2RDYxNkMyMDc0NjU3ODc0MEE1MzY5N0E2NTQ0NkY3NTYyNkM2NTAyMUMwODQ2NkY2RTc0NEU2MTZENjUwNjBGNTQ2OTZENjU3MzIwNEU2NTc3MjA1MjZGNkQ2MTZFMDc1NTZFNjk2MzZGNjQ2NTA5MDQ1MzY5N0E2NTAyMEUwMDAxMDg1Mzc0NjE2RTY0NjE3MjY0MDgwNzQzNjg2MTcyNzM2NTc0MDcwRjUyNTU1MzUzNDk0MTRFNUY0MzQ4NDE1MjUzNDU1NDBBNTM2OTdBNjU0NDZGNzU2MjZDNjUwMjIwMDg0NjZGNkU3NDRFNjE2RDY1MDYwRjU0Njk2RDY1NzMyMDRFNjU3NzIwNTI2RjZENjE2RTA3NTU2RTY5NjM2RjY0NjUwOTA0NTM2OTdBNjUwMjEwMDAwMA0KLTkgMiAwIDAgMCAwIDINCg0KMEUwMTA0NTQ2MTYyNzMwRTAwMDAwMA0KLTkgMiAwIDAgMCAwIDQNCg0KMEUwMA0KLTkgMCAwIDAgMCAwIDcNCjEgMSAwIDggMyAwDQoxRDA0MzAwNDIwMDAzNzA0MzAwNDM0MDQzRDA0NTYwNDM5MDQyMDAwNDEwNDQyMDQ1NjA0M0QwNDQ2MDQ1NjA0MjAwMDNEMDQzRTA0NDEwNDNFMDQzMzA0M0IwNDNFMDQ0MjA0M0EwNDM4MDQyRTAwDQo=</FormattedText>
						</VariantText>
						<VariantText CorrectAnswer="False">
							<PlainText>У ділянках середніх носових раковин.</PlainText>
							<FormattedText>LTggMSAzIDINCi05IDEgMCAwIDAgMCAxMw0KOTYNCi05IDIgMCAwIDAgMCAxDQoNCjBFMDEwOTUzNzQ3OTZDNjU0RTYxNkQ2NTA2MEI0RTZGNzI2RDYxNkMyMDc0NjU3ODc0MEE1MzY5N0E2NTQ0NkY3NTYyNkM2NTAyMUMwODQ2NkY2RTc0NEU2MTZENjUwNjBGNTQ2OTZENjU3MzIwNEU2NTc3MjA1MjZGNkQ2MTZFMDc1NTZFNjk2MzZGNjQ2NTA5MDQ1MzY5N0E2NTAyMEUwMDAxMDg1Mzc0NjE2RTY0NjE3MjY0MDgwNzQzNjg2MTcyNzM2NTc0MDcwRjUyNTU1MzUzNDk0MTRFNUY0MzQ4NDE1MjUzNDU1NDBBNTM2OTdBNjU0NDZGNzU2MjZDNjUwMjIwMDg0NjZGNkU3NDRFNjE2RDY1MDYwRjU0Njk2RDY1NzMyMDRFNjU3NzIwNTI2RjZENjE2RTA3NTU2RTY5NjM2RjY0NjUwOTA0NTM2OTdBNjUwMjEwMDAwMA0KLTkgMiAwIDAgMCAwIDINCg0KMEUwMTA0NTQ2MTYyNzMwRTAwMDAwMA0KLTkgMiAwIDAgMCAwIDQNCg0KMEUwMA0KLTkgMCAwIDAgMCAwIDcNCjEgMSAwIDggMyAwDQoyMzA0MjAwMDM0MDQ1NjA0M0IwNDRGMDQzRDA0M0EwNDMwMDQ0NTA0MjAwMDQxMDQzNTA0NDAwNDM1MDQzNDA0M0QwNDU2MDQ0NTA0MjAwMDNEMDQzRTA0NDEwNDNFMDQzMjA0MzgwNDQ1MDQyMDAwNDAwNDMwMDQzQTA0M0UwNDMyMDQzODA0M0QwNDJFMDANCg==</FormattedText>
						</VariantText>
						<VariantText CorrectAnswer="False">
							<PlainText>У нижніх відділах носової порожнини.</PlainText>
							<FormattedText>LTggMSAzIDINCi05IDEgMCAwIDAgMCAxMw0KOTYNCi05IDIgMCAwIDAgMCAxDQoNCjBFMDEwOTUzNzQ3OTZDNjU0RTYxNkQ2NTA2MEI0RTZGNzI2RDYxNkMyMDc0NjU3ODc0MEE1MzY5N0E2NTQ0NkY3NTYyNkM2NTAyMUMwODQ2NkY2RTc0NEU2MTZENjUwNjBGNTQ2OTZENjU3MzIwNEU2NTc3MjA1MjZGNkQ2MTZFMDc1NTZFNjk2MzZGNjQ2NTA5MDQ1MzY5N0E2NTAyMEUwMDAxMDg1Mzc0NjE2RTY0NjE3MjY0MDgwNzQzNjg2MTcyNzM2NTc0MDcwRjUyNTU1MzUzNDk0MTRFNUY0MzQ4NDE1MjUzNDU1NDBBNTM2OTdBNjU0NDZGNzU2MjZDNjUwMjIwMDg0NjZGNkU3NDRFNjE2RDY1MDYwRjU0Njk2RDY1NzMyMDRFNjU3NzIwNTI2RjZENjE2RTA3NTU2RTY5NjM2RjY0NjUwOTA0NTM2OTdBNjUwMjEwMDAwMA0KLTkgMiAwIDAgMCAwIDINCg0KMEUwMTA0NTQ2MTYyNzMwRTAwMDAwMA0KLTkgMiAwIDAgMCAwIDQNCg0KMEUwMA0KLTkgMCAwIDAgMCAwIDcNCjEgMSAwIDggMyAwDQoyMzA0MjAwMDNEMDQzODA0MzYwNDNEMDQ1NjA0NDUwNDIwMDAzMjA0NTYwNDM0MDQzNDA0NTYwNDNCMDQzMDA0NDUwNDIwMDAzRDA0M0UwNDQxMDQzRTA0MzIwNDNFMDQ1NzA0MjAwMDNGMDQzRTA0NDAwNDNFMDQzNjA0M0QwNDM4MDQzRDA0MzgwNDJFMDANCg==</FormattedText>
						</VariantText>
						<VariantText CorrectAnswer="False">
							<PlainText>Дифузне розташування по всій носової порожнини.</PlainText>
							<FormattedText>LTggMSAzIDINCi05IDEgMCAwIDAgMCAxMw0KOTYNCi05IDIgMCAwIDAgMCAxDQoNCjBFMDEwOTUzNzQ3OTZDNjU0RTYxNkQ2NTA2MEI0RTZGNzI2RDYxNkMyMDc0NjU3ODc0MEE1MzY5N0E2NTQ0NkY3NTYyNkM2NTAyMUMwODQ2NkY2RTc0NEU2MTZENjUwNjBGNTQ2OTZENjU3MzIwNEU2NTc3MjA1MjZGNkQ2MTZFMDc1NTZFNjk2MzZGNjQ2NTA5MDQ1MzY5N0E2NTAyMEUwMDAxMDg1Mzc0NjE2RTY0NjE3MjY0MDgwNzQzNjg2MTcyNzM2NTc0MDcwRjUyNTU1MzUzNDk0MTRFNUY0MzQ4NDE1MjUzNDU1NDBBNTM2OTdBNjU0NDZGNzU2MjZDNjUwMjIwMDg0NjZGNkU3NDRFNjE2RDY1MDYwRjU0Njk2RDY1NzMyMDRFNjU3NzIwNTI2RjZENjE2RTA3NTU2RTY5NjM2RjY0NjUwOTA0NTM2OTdBNjUwMjEwMDAwMA0KLTkgMiAwIDAgMCAwIDINCg0KMEUwMTA0NTQ2MTYyNzMwRTAwMDAwMA0KLTkgMiAwIDAgMCAwIDQNCg0KMEUwMA0KLTkgMCAwIDAgMCAwIDcNCjEgMSAwIDggMyAwDQoxNDA0MzgwNDQ0MDQ0MzA0MzcwNDNEMDQzNTA0MjAwMDQwMDQzRTA0MzcwNDQyMDQzMDA0NDgwNDQzMDQzMjA0MzAwNDNEMDQzRDA0NEYwNDIwMDAzRjA0M0UwNDIwMDAzMjA0NDEwNDU2MDQzOTA0MjAwMDNEMDQzRTA0NDEwNDNFMDQzMjA0M0UwNDU3MDQyMDAwM0YwNDNFMDQ0MDA0M0UwNDM2MDQzRDA0MzgwNDNEMDQzODA0MkUwMA0K</FormattedText>
						</VariantText>
						<VariantText CorrectAnswer="True">
							<PlainText>У верхніх відділах носової порожнини.</PlainText>
							<FormattedText>LTggMSAzIDINCi05IDEgMCAwIDAgMCAxMw0KOTYNCi05IDIgMCAwIDAgMCAxDQoNCjBFMDEwOTUzNzQ3OTZDNjU0RTYxNkQ2NTA2MEI0RTZGNzI2RDYxNkMyMDc0NjU3ODc0MEE1MzY5N0E2NTQ0NkY3NTYyNkM2NTAyMUMwODQ2NkY2RTc0NEU2MTZENjUwNjBGNTQ2OTZENjU3MzIwNEU2NTc3MjA1MjZGNkQ2MTZFMDc1NTZFNjk2MzZGNjQ2NTA5MDQ1MzY5N0E2NTAyMEUwMDAxMDg1Mzc0NjE2RTY0NjE3MjY0MDgwNzQzNjg2MTcyNzM2NTc0MDcwRjUyNTU1MzUzNDk0MTRFNUY0MzQ4NDE1MjUzNDU1NDBBNTM2OTdBNjU0NDZGNzU2MjZDNjUwMjIwMDg0NjZGNkU3NDRFNjE2RDY1MDYwRjU0Njk2RDY1NzMyMDRFNjU3NzIwNTI2RjZENjE2RTA3NTU2RTY5NjM2RjY0NjUwOTA0NTM2OTdBNjUwMjEwMDAwMA0KLTkgMiAwIDAgMCAwIDINCg0KMEUwMTA0NTQ2MTYyNzMwRTAwMDAwMA0KLTkgMiAwIDAgMCAwIDQNCg0KMEUwMA0KLTkgMCAwIDAgMCAwIDcNCjEgMSAwIDggMyAwDQoyMzA0MjAwMDMyMDQzNTA0NDAwNDQ1MDQzRDA0NTYwNDQ1MDQyMDAwMzIwNDU2MDQzNDA0MzQwNDU2MDQzQjA0MzAwNDQ1MDQyMDAwM0QwNDNFMDQ0MTA0M0UwNDMyMDQzRTA0NTcwNDIwMDAzRjA0M0UwNDQwMDQzRTA0MzYwNDNEMDQzODA0M0QwNDM4MDQyRTAwDQo=</FormattedText>
						</VariantText>
					</Variants>
				</Task>
				<!-- ***** -->
				<Task Type="TYPE_TASK_CHOICE_SINGLE" Score="1">
					<Title/>
					<QuestionText>
						<PlainText>Де розташований центральний відділ нюхового аналізатора?</PlainText>
						<FormattedText>LTggMSAzIDINCi05IDEgMCAwIDAgMCAxMw0KOTYNCi05IDIgMCAwIDAgMCAxDQoNCjBFMDEwOTUzNzQ3OTZDNjU0RTYxNkQ2NTA2MEI0RTZGNzI2RDYxNkMyMDc0NjU3ODc0MEE1MzY5N0E2NTQ0NkY3NTYyNkM2NTAyMUMwODQ2NkY2RTc0NEU2MTZENjUwNjBGNTQ2OTZENjU3MzIwNEU2NTc3MjA1MjZGNkQ2MTZFMDc1NTZFNjk2MzZGNjQ2NTA5MDQ1MzY5N0E2NTAyMEUwMDAxMDg1Mzc0NjE2RTY0NjE3MjY0MDgwNzQzNjg2MTcyNzM2NTc0MDcwRjUyNTU1MzUzNDk0MTRFNUY0MzQ4NDE1MjUzNDU1NDBBNTM2OTdBNjU0NDZGNzU2MjZDNjUwMjIwMDg0NjZGNkU3NDRFNjE2RDY1MDYwRjU0Njk2RDY1NzMyMDRFNjU3NzIwNTI2RjZENjE2RTA3NTU2RTY5NjM2RjY0NjUwOTA0NTM2OTdBNjUwMjEwMDAwMA0KLTkgMiAwIDAgMCAwIDINCg0KMEUwMTA0NTQ2MTYyNzMwRTAwMDAwMTA4NTM3NDYxNkU2NDYxNzI2NDA4MDk0MTZDNjk2NzZFNkQ2NTZFNzQwNzBBNzI3NjYxNEE3NTczNzQ2OTY2NzkwNDU0NjE2MjczMEUwMDAwMDANCi05IDIgMCAwIDAgMCA0DQoNCjBFMDANCi05IDAgMCAwIDAgMCA3DQoxIDIgMSA4IDMgMA0KMTQwNDM1MDQyMDAwNDAwNDNFMDQzNzA0NDIwNDMwMDQ0ODA0M0UwNDMyMDQzMDA0M0QwNDM4MDQzOTA0MjAwMDQ2MDQzNTA0M0QwNDQyMDQ0MDA0MzAwNDNCMDQ0QzA0M0QwNDM4MDQzOTA0MjAwMDMyMDQ1NjA0MzQwNDM0MDQ1NjA0M0IwNDIwMDAzRDA0NEUwNDQ1MDQzRTA0MzIwNDNFMDQzMzA0M0UwNDIwMDAzMDA0M0QwNDMwMDQzQjA0NTYwNDM3MDQzMDA0NDIwNDNFMDQ0MDA0MzAwNDNGMDANCg0K</FormattedText>
					</QuestionText>
					<Options>
						<IsAllowRandom>true</IsAllowRandom>
						<IsCompulsory>false</IsCompulsory>
						<IsOnlyForEduMode>false</IsOnlyForEduMode>
						<IsDenyPartially>false</IsDenyPartially>
					</Options>
					<Variants>
						<VariantText CorrectAnswer="False">
							<PlainText>У середній скроневій звивині кори великих півкуль.</PlainText>
							<FormattedText>LTggMSAzIDINCi05IDEgMCAwIDAgMCAxMw0KOTYNCi05IDIgMCAwIDAgMCAxDQoNCjBFMDEwOTUzNzQ3OTZDNjU0RTYxNkQ2NTA2MEI0RTZGNzI2RDYxNkMyMDc0NjU3ODc0MEE1MzY5N0E2NTQ0NkY3NTYyNkM2NTAyMUMwODQ2NkY2RTc0NEU2MTZENjUwNjBGNTQ2OTZENjU3MzIwNEU2NTc3MjA1MjZGNkQ2MTZFMDc1NTZFNjk2MzZGNjQ2NTA5MDQ1MzY5N0E2NTAyMEUwMDAxMDg1Mzc0NjE2RTY0NjE3MjY0MDgwNzQzNjg2MTcyNzM2NTc0MDcwRjUyNTU1MzUzNDk0MTRFNUY0MzQ4NDE1MjUzNDU1NDBBNTM2OTdBNjU0NDZGNzU2MjZDNjUwMjIwMDg0NjZGNkU3NDRFNjE2RDY1MDYwRjU0Njk2RDY1NzMyMDRFNjU3NzIwNTI2RjZENjE2RTA3NTU2RTY5NjM2RjY0NjUwOTA0NTM2OTdBNjUwMjEwMDAwMA0KLTkgMiAwIDAgMCAwIDINCg0KMEUwMTA0NTQ2MTYyNzMwRTAwMDAwMA0KLTkgMiAwIDAgMCAwIDQNCg0KMEUwMA0KLTkgMCAwIDAgMCAwIDcNCjEgMSAwIDggMyAwDQoyMzA0MjAwMDQxMDQzNTA0NDAwNDM1MDQzNDA0M0QwNDU2MDQzOTA0MjAwMDQxMDQzQTA0NDAwNDNFMDQzRDA0MzUwNDMyMDQ1NjA0MzkwNDIwMDAzNzA0MzIwNDM4MDQzMjA0MzgwNDNEMDQ1NjA0MjAwMDNBMDQzRTA0NDAwNDM4MDQyMDAwMzIwNDM1MDQzQjA0MzgwNDNBMDQzODA0NDUwNDIwMDAzRjA0NTYwNDMyMDQzQTA0NDMwNDNCMDQ0QzA0MkUwMA0K</FormattedText>
						</VariantText>
						<VariantText CorrectAnswer="False">
							<PlainText>У надкраєвій звивині кори великих півкуль</PlainText>
							<FormattedText>LTggMSAzIDINCi05IDEgMCAwIDAgMCAxMw0KOTYNCi05IDIgMCAwIDAgMCAxDQoNCjBFMDEwOTUzNzQ3OTZDNjU0RTYxNkQ2NTA2MEI0RTZGNzI2RDYxNkMyMDc0NjU3ODc0MEE1MzY5N0E2NTQ0NkY3NTYyNkM2NTAyMUMwODQ2NkY2RTc0NEU2MTZENjUwNjBGNTQ2OTZENjU3MzIwNEU2NTc3MjA1MjZGNkQ2MTZFMDc1NTZFNjk2MzZGNjQ2NTA5MDQ1MzY5N0E2NTAyMEUwMDAxMDg1Mzc0NjE2RTY0NjE3MjY0MDgwNzQzNjg2MTcyNzM2NTc0MDcwRjUyNTU1MzUzNDk0MTRFNUY0MzQ4NDE1MjUzNDU1NDBBNTM2OTdBNjU0NDZGNzU2MjZDNjUwMjIwMDg0NjZGNkU3NDRFNjE2RDY1MDYwRjU0Njk2RDY1NzMyMDRFNjU3NzIwNTI2RjZENjE2RTA3NTU2RTY5NjM2RjY0NjUwOTA0NTM2OTdBNjUwMjEwMDAwMA0KLTkgMiAwIDAgMCAwIDINCg0KMEUwMTA0NTQ2MTYyNzMwRTAwMDAwMA0KLTkgMiAwIDAgMCAwIDQNCg0KMEUwMA0KLTkgMCAwIDAgMCAwIDcNCjEgMSAwIDggMyAwDQoyMzA0MjAwMDNEMDQzMDA0MzQwNDNBMDQ0MDA0MzAwNDU0MDQzMjA0NTYwNDM5MDQyMDAwMzcwNDMyMDQzODA0MzIwNDM4MDQzRDA0NTYwNDIwMDAzQTA0M0UwNDQwMDQzODA0MjAwMDMyMDQzNTA0M0IwNDM4MDQzQTA0MzgwNDQ1MDQyMDAwM0YwNDU2MDQzMjA0M0EwNDQzMDQzQjA0NEMwNA0K</FormattedText>
						</VariantText>
						<VariantText CorrectAnswer="False">
							<PlainText>У верхній скроневій звивині кори великих півкуль.</PlainText>
							<FormattedText>LTggMSAzIDINCi05IDEgMCAwIDAgMCAxMw0KOTYNCi05IDIgMCAwIDAgMCAxDQoNCjBFMDEwOTUzNzQ3OTZDNjU0RTYxNkQ2NTA2MEI0RTZGNzI2RDYxNkMyMDc0NjU3ODc0MEE1MzY5N0E2NTQ0NkY3NTYyNkM2NTAyMUMwODQ2NkY2RTc0NEU2MTZENjUwNjBGNTQ2OTZENjU3MzIwNEU2NTc3MjA1MjZGNkQ2MTZFMDc1NTZFNjk2MzZGNjQ2NTA5MDQ1MzY5N0E2NTAyMEUwMDAxMDg1Mzc0NjE2RTY0NjE3MjY0MDgwNzQzNjg2MTcyNzM2NTc0MDcwRjUyNTU1MzUzNDk0MTRFNUY0MzQ4NDE1MjUzNDU1NDBBNTM2OTdBNjU0NDZGNzU2MjZDNjUwMjIwMDg0NjZGNkU3NDRFNjE2RDY1MDYwRjU0Njk2RDY1NzMyMDRFNjU3NzIwNTI2RjZENjE2RTA3NTU2RTY5NjM2RjY0NjUwOTA0NTM2OTdBNjUwMjEwMDAwMA0KLTkgMiAwIDAgMCAwIDINCg0KMEUwMTA0NTQ2MTYyNzMwRTAwMDAwMA0KLTkgMiAwIDAgMCAwIDQNCg0KMEUwMA0KLTkgMCAwIDAgMCAwIDcNCjEgMSAwIDggMyAwDQoyMzA0MjAwMDMyMDQzNTA0NDAwNDQ1MDQzRDA0NTYwNDM5MDQyMDAwNDEwNDNBMDQ0MDA0M0UwNDNEMDQzNTA0MzIwNDU2MDQzOTA0MjAwMDM3MDQzMjA0MzgwNDMyMDQzODA0M0QwNDU2MDQyMDAwM0EwNDNFMDQ0MDA0MzgwNDIwMDAzMjA0MzUwNDNCMDQzODA0M0EwNDM4MDQ0NTA0MjAwMDNGMDQ1NjA0MzIwNDNBMDQ0MzA0M0IwNDRDMDQyRTAwDQo=</FormattedText>
						</VariantText>
						<VariantText CorrectAnswer="False">
							<PlainText>У постцентральній звивині кори великих півкуль.</PlainText>
							<FormattedText>LTggMSAzIDINCi05IDEgMCAwIDAgMCAxMw0KOTYNCi05IDIgMCAwIDAgMCAxDQoNCjBFMDEwOTUzNzQ3OTZDNjU0RTYxNkQ2NTA2MEI0RTZGNzI2RDYxNkMyMDc0NjU3ODc0MEE1MzY5N0E2NTQ0NkY3NTYyNkM2NTAyMUMwODQ2NkY2RTc0NEU2MTZENjUwNjBGNTQ2OTZENjU3MzIwNEU2NTc3MjA1MjZGNkQ2MTZFMDc1NTZFNjk2MzZGNjQ2NTA5MDQ1MzY5N0E2NTAyMEUwMDAxMDg1Mzc0NjE2RTY0NjE3MjY0MDgwNzQzNjg2MTcyNzM2NTc0MDcwRjUyNTU1MzUzNDk0MTRFNUY0MzQ4NDE1MjUzNDU1NDBBNTM2OTdBNjU0NDZGNzU2MjZDNjUwMjIwMDg0NjZGNkU3NDRFNjE2RDY1MDYwRjU0Njk2RDY1NzMyMDRFNjU3NzIwNTI2RjZENjE2RTA3NTU2RTY5NjM2RjY0NjUwOTA0NTM2OTdBNjUwMjEwMDAwMA0KLTkgMiAwIDAgMCAwIDINCg0KMEUwMTA0NTQ2MTYyNzMwRTAwMDAwMA0KLTkgMiAwIDAgMCAwIDQNCg0KMEUwMA0KLTkgMCAwIDAgMCAwIDcNCjEgMSAwIDggMyAwDQoyMzA0MjAwMDNGMDQzRTA0NDEwNDQyMDQ0NjA0MzUwNDNEMDQ0MjA0NDAwNDMwMDQzQjA0NEMwNDNEMDQ1NjA0MzkwNDIwMDAzNzA0MzIwNDM4MDQzMjA0MzgwNDNEMDQ1NjA0MjAwMDNBMDQzRTA0NDAwNDM4MDQyMDAwMzIwNDM1MDQzQjA0MzgwNDNBMDQzODA0NDUwNDIwMDAzRjA0NTYwNDMyMDQzQTA0NDMwNDNCMDQ0QzA0MkUwMA0K</FormattedText>
						</VariantText>
						<VariantText CorrectAnswer="True">
							<PlainText>У періформній області кори великих півкуль.</PlainText>
							<FormattedText>LTggMSAzIDINCi05IDEgMCAwIDAgMCAxMw0KOTYNCi05IDIgMCAwIDAgMCAxDQoNCjBFMDEwOTUzNzQ3OTZDNjU0RTYxNkQ2NTA2MEI0RTZGNzI2RDYxNkMyMDc0NjU3ODc0MEE1MzY5N0E2NTQ0NkY3NTYyNkM2NTAyMUMwODQ2NkY2RTc0NEU2MTZENjUwNjBGNTQ2OTZENjU3MzIwNEU2NTc3MjA1MjZGNkQ2MTZFMDc1NTZFNjk2MzZGNjQ2NTA5MDQ1MzY5N0E2NTAyMEUwMDAxMDg1Mzc0NjE2RTY0NjE3MjY0MDgwNzQzNjg2MTcyNzM2NTc0MDcwRjUyNTU1MzUzNDk0MTRFNUY0MzQ4NDE1MjUzNDU1NDBBNTM2OTdBNjU0NDZGNzU2MjZDNjUwMjIwMDg0NjZGNkU3NDRFNjE2RDY1MDYwRjU0Njk2RDY1NzMyMDRFNjU3NzIwNTI2RjZENjE2RTA3NTU2RTY5NjM2RjY0NjUwOTA0NTM2OTdBNjUwMjEwMDAwMA0KLTkgMiAwIDAgMCAwIDINCg0KMEUwMTA0NTQ2MTYyNzMwRTAwMDAwMA0KLTkgMiAwIDAgMCAwIDQNCg0KMEUwMA0KLTkgMCAwIDAgMCAwIDcNCjEgMSAwIDggMyAwDQoyMzA0MjAwMDNGMDQzNTA0NDAwNDU2MDQ0NDA0M0UwNDQwMDQzQzA0M0QwNDU2MDQzOTA0MjAwMDNFMDQzMTA0M0IwNDMwMDQ0MTA0NDIwNDU2MDQyMDAwM0EwNDNFMDQ0MDA0MzgwNDIwMDAzMjA0MzUwNDNCMDQzODA0M0EwNDM4MDQ0NTA0MjAwMDNGMDQ1NjA0MzIwNDNBMDQ0MzA0M0IwNDRDMDQyRTAwDQo=</FormattedText>
						</VariantText>
					</Variants>
				</Task>
				<!-- ***** -->
				<Task Type="TYPE_TASK_CHOICE_SINGLE" Score="1">
					<Title/>
					<QuestionText>
						<PlainText>Від чого залежить виразність відчуття запаху?</PlainText>
						<FormattedText>LTggMSAzIDINCi05IDEgMCAwIDAgMCAxMw0KOTYNCi05IDIgMCAwIDAgMCAxDQoNCjBFMDEwOTUzNzQ3OTZDNjU0RTYxNkQ2NTA2MEI0RTZGNzI2RDYxNkMyMDc0NjU3ODc0MEE1MzY5N0E2NTQ0NkY3NTYyNkM2NTAyMUMwODQ2NkY2RTc0NEU2MTZENjUwNjBGNTQ2OTZENjU3MzIwNEU2NTc3MjA1MjZGNkQ2MTZFMDc1NTZFNjk2MzZGNjQ2NTA5MDQ1MzY5N0E2NTAyMEUwMDAxMDg1Mzc0NjE2RTY0NjE3MjY0MDgwNzQzNjg2MTcyNzM2NTc0MDcwRjUyNTU1MzUzNDk0MTRFNUY0MzQ4NDE1MjUzNDU1NDBBNTM2OTdBNjU0NDZGNzU2MjZDNjUwMjIwMDg0NjZGNkU3NDRFNjE2RDY1MDYwRjU0Njk2RDY1NzMyMDRFNjU3NzIwNTI2RjZENjE2RTA3NTU2RTY5NjM2RjY0NjUwOTA0NTM2OTdBNjUwMjEwMDAwMA0KLTkgMiAwIDAgMCAwIDINCg0KMEUwMTA0NTQ2MTYyNzMwRTAwMDAwMTA4NTM3NDYxNkU2NDYxNzI2NDA4MDk0MTZDNjk2NzZFNkQ2NTZFNzQwNzBBNzI3NjYxNEE3NTczNzQ2OTY2NzkwNDU0NjE2MjczMEUwMDAwMDANCi05IDIgMCAwIDAgMCA0DQoNCjBFMDANCi05IDAgMCAwIDAgMCA3DQoxIDIgMSA4IDMgMA0KMTIwNDU2MDQzNDA0MjAwMDQ3MDQzRTA0MzMwNDNFMDQyMDAwMzcwNDMwMDQzQjA0MzUwNDM2MDQzODA0NDIwNDRDMDQyMDAwMzIwNDM4MDQ0MDA0MzAwNDM3MDQzRDA0NTYwNDQxMDQ0MjA0NEMwNDIwMDAzMjA0NTYwNDM0MDQ0NzA0NDMwNDQyMDQ0MjA0NEYwNDIwMDAzNzA0MzAwNDNGMDQzMDA0NDUwNDQzMDQzRjAwDQoNCg==</FormattedText>
					</QuestionText>
					<Options>
						<IsAllowRandom>true</IsAllowRandom>
						<IsCompulsory>false</IsCompulsory>
						<IsOnlyForEduMode>false</IsOnlyForEduMode>
						<IsDenyPartially>false</IsDenyPartially>
					</Options>
					<Variants>
						<VariantText CorrectAnswer="True">
							<PlainText>Концентрації пахучої речовини.</PlainText>
							<FormattedText>LTggMSAzIDINCi05IDEgMCAwIDAgMCAxMw0KOTYNCi05IDIgMCAwIDAgMCAxDQoNCjBFMDEwOTUzNzQ3OTZDNjU0RTYxNkQ2NTA2MEI0RTZGNzI2RDYxNkMyMDc0NjU3ODc0MEE1MzY5N0E2NTQ0NkY3NTYyNkM2NTAyMUMwODQ2NkY2RTc0NEU2MTZENjUwNjBGNTQ2OTZENjU3MzIwNEU2NTc3MjA1MjZGNkQ2MTZFMDc1NTZFNjk2MzZGNjQ2NTA5MDQ1MzY5N0E2NTAyMEUwMDAxMDg1Mzc0NjE2RTY0NjE3MjY0MDgwNzQzNjg2MTcyNzM2NTc0MDcwRjUyNTU1MzUzNDk0MTRFNUY0MzQ4NDE1MjUzNDU1NDBBNTM2OTdBNjU0NDZGNzU2MjZDNjUwMjIwMDg0NjZGNkU3NDRFNjE2RDY1MDYwRjU0Njk2RDY1NzMyMDRFNjU3NzIwNTI2RjZENjE2RTA3NTU2RTY5NjM2RjY0NjUwOTA0NTM2OTdBNjUwMjEwMDAwMA0KLTkgMiAwIDAgMCAwIDINCg0KMEUwMTA0NTQ2MTYyNzMwRTAwMDAwMA0KLTkgMiAwIDAgMCAwIDQNCg0KMEUwMA0KLTkgMCAwIDAgMCAwIDcNCjEgMSAwIDggMyAwDQoxQTA0M0UwNDNEMDQ0NjA0MzUwNDNEMDQ0MjA0NDAwNDMwMDQ0NjA0NTYwNDU3MDQyMDAwM0YwNDMwMDQ0NTA0NDMwNDQ3MDQzRTA0NTcwNDIwMDA0MDA0MzUwNDQ3MDQzRTA0MzIwNDM4MDQzRDA0MzgwNDJFMDANCg==</FormattedText>
						</VariantText>
						<VariantText CorrectAnswer="False">
							<PlainText>Стереохімічних властивостей речовини.</PlainText>
							<FormattedText>LTggMSAzIDINCi05IDEgMCAwIDAgMCAxMw0KOTYNCi05IDIgMCAwIDAgMCAxDQoNCjBFMDEwOTUzNzQ3OTZDNjU0RTYxNkQ2NTA2MEI0RTZGNzI2RDYxNkMyMDc0NjU3ODc0MEE1MzY5N0E2NTQ0NkY3NTYyNkM2NTAyMUMwODQ2NkY2RTc0NEU2MTZENjUwNjBGNTQ2OTZENjU3MzIwNEU2NTc3MjA1MjZGNkQ2MTZFMDc1NTZFNjk2MzZGNjQ2NTA5MDQ1MzY5N0E2NTAyMEUwMDAxMDg1Mzc0NjE2RTY0NjE3MjY0MDgwNzQzNjg2MTcyNzM2NTc0MDcwRjUyNTU1MzUzNDk0MTRFNUY0MzQ4NDE1MjUzNDU1NDBBNTM2OTdBNjU0NDZGNzU2MjZDNjUwMjIwMDg0NjZGNkU3NDRFNjE2RDY1MDYwRjU0Njk2RDY1NzMyMDRFNjU3NzIwNTI2RjZENjE2RTA3NTU2RTY5NjM2RjY0NjUwOTA0NTM2OTdBNjUwMjEwMDAwMA0KLTkgMiAwIDAgMCAwIDINCg0KMEUwMTA0NTQ2MTYyNzMwRTAwMDAwMA0KLTkgMiAwIDAgMCAwIDQNCg0KMEUwMA0KLTkgMCAwIDAgMCAwIDcNCjEgMSAwIDggMyAwDQoyMTA0NDIwNDM1MDQ0MDA0MzUwNDNFMDQ0NTA0NTYwNDNDMDQ1NjA0NDcwNDNEMDQzODA0NDUwNDIwMDAzMjA0M0IwNDMwMDQ0MTA0NDIwNDM4MDQzMjA0M0UwNDQxMDQ0MjA0MzUwNDM5MDQyMDAwNDAwNDM1MDQ0NzA0M0UwNDMyMDQzODA0M0QwNDM4MDQyRTAwDQo=</FormattedText>
						</VariantText>
						<VariantText CorrectAnswer="False">
							<PlainText>Функціонального стану рецепторів.</PlainText>
							<FormattedText>LTggMSAzIDINCi05IDEgMCAwIDAgMCAxMw0KOTYNCi05IDIgMCAwIDAgMCAxDQoNCjBFMDEwOTUzNzQ3OTZDNjU0RTYxNkQ2NTA2MEI0RTZGNzI2RDYxNkMyMDc0NjU3ODc0MEE1MzY5N0E2NTQ0NkY3NTYyNkM2NTAyMUMwODQ2NkY2RTc0NEU2MTZENjUwNjBGNTQ2OTZENjU3MzIwNEU2NTc3MjA1MjZGNkQ2MTZFMDc1NTZFNjk2MzZGNjQ2NTA5MDQ1MzY5N0E2NTAyMEUwMDAxMDg1Mzc0NjE2RTY0NjE3MjY0MDgwNzQzNjg2MTcyNzM2NTc0MDcwRjUyNTU1MzUzNDk0MTRFNUY0MzQ4NDE1MjUzNDU1NDBBNTM2OTdBNjU0NDZGNzU2MjZDNjUwMjIwMDg0NjZGNkU3NDRFNjE2RDY1MDYwRjU0Njk2RDY1NzMyMDRFNjU3NzIwNTI2RjZENjE2RTA3NTU2RTY5NjM2RjY0NjUwOTA0NTM2OTdBNjUwMjEwMDAwMA0KLTkgMiAwIDAgMCAwIDINCg0KMEUwMTA0NTQ2MTYyNzMwRTAwMDAwMA0KLTkgMiAwIDAgMCAwIDQNCg0KMEUwMA0KLTkgMCAwIDAgMCAwIDcNCjEgMSAwIDggMyAwDQoyNDA0NDMwNDNEMDQzQTA0NDYwNDU2MDQzRTA0M0QwNDMwMDQzQjA0NEMwNDNEMDQzRTA0MzMwNDNFMDQyMDAwNDEwNDQyMDQzMDA0M0QwNDQzMDQyMDAwNDAwNDM1MDQ0NjA0MzUwNDNGMDQ0MjA0M0UwNDQwMDQ1NjA0MzIwNDJFMDANCg==</FormattedText>
						</VariantText>
						<VariantText CorrectAnswer="False">
							<PlainText>Кількості збуджених рецепторів.</PlainText>
							<FormattedText>LTggMSAzIDINCi05IDEgMCAwIDAgMCAxMw0KOTYNCi05IDIgMCAwIDAgMCAxDQoNCjBFMDEwOTUzNzQ3OTZDNjU0RTYxNkQ2NTA2MEI0RTZGNzI2RDYxNkMyMDc0NjU3ODc0MEE1MzY5N0E2NTQ0NkY3NTYyNkM2NTAyMUMwODQ2NkY2RTc0NEU2MTZENjUwNjBGNTQ2OTZENjU3MzIwNEU2NTc3MjA1MjZGNkQ2MTZFMDc1NTZFNjk2MzZGNjQ2NTA5MDQ1MzY5N0E2NTAyMEUwMDAxMDg1Mzc0NjE2RTY0NjE3MjY0MDgwNzQzNjg2MTcyNzM2NTc0MDcwRjUyNTU1MzUzNDk0MTRFNUY0MzQ4NDE1MjUzNDU1NDBBNTM2OTdBNjU0NDZGNzU2MjZDNjUwMjIwMDg0NjZGNkU3NDRFNjE2RDY1MDYwRjU0Njk2RDY1NzMyMDRFNjU3NzIwNTI2RjZENjE2RTA3NTU2RTY5NjM2RjY0NjUwOTA0NTM2OTdBNjUwMjEwMDAwMA0KLTkgMiAwIDAgMCAwIDINCg0KMEUwMTA0NTQ2MTYyNzMwRTAwMDAwMA0KLTkgMiAwIDAgMCAwIDQNCg0KMEUwMA0KLTkgMCAwIDAgMCAwIDcNCjEgMSAwIDggMyAwDQoxQTA0NTYwNDNCMDQ0QzA0M0EwNDNFMDQ0MTA0NDIwNDU2MDQyMDAwMzcwNDMxMDQ0MzA0MzQwNDM2MDQzNTA0M0QwNDM4MDQ0NTA0MjAwMDQwMDQzNTA0NDYwNDM1MDQzRjA0NDIwNDNFMDQ0MDA0NTYwNDMyMDQyRTAwDQo=</FormattedText>
						</VariantText>
						<VariantText CorrectAnswer="False">
							<PlainText>Тривалості подразнення рецепторів</PlainText>
							<FormattedText>LTggMSAzIDINCi05IDEgMCAwIDAgMCAxMw0KOTYNCi05IDIgMCAwIDAgMCAxDQoNCjBFMDEwOTUzNzQ3OTZDNjU0RTYxNkQ2NTA2MEI0RTZGNzI2RDYxNkMyMDc0NjU3ODc0MEE1MzY5N0E2NTQ0NkY3NTYyNkM2NTAyMUMwODQ2NkY2RTc0NEU2MTZENjUwNjBGNTQ2OTZENjU3MzIwNEU2NTc3MjA1MjZGNkQ2MTZFMDc1NTZFNjk2MzZGNjQ2NTA5MDQ1MzY5N0E2NTAyMEUwMDAxMDg1Mzc0NjE2RTY0NjE3MjY0MDgwNzQzNjg2MTcyNzM2NTc0MDcwRjUyNTU1MzUzNDk0MTRFNUY0MzQ4NDE1MjUzNDU1NDBBNTM2OTdBNjU0NDZGNzU2MjZDNjUwMjIwMDg0NjZGNkU3NDRFNjE2RDY1MDYwRjU0Njk2RDY1NzMyMDRFNjU3NzIwNTI2RjZENjE2RTA3NTU2RTY5NjM2RjY0NjUwOTA0NTM2OTdBNjUwMjEwMDAwMA0KLTkgMiAwIDAgMCAwIDINCg0KMEUwMTA0NTQ2MTYyNzMwRTAwMDAwMA0KLTkgMiAwIDAgMCAwIDQNCg0KMEUwMA0KLTkgMCAwIDAgMCAwIDcNCjEgMSAwIDggMyAwDQoyMjA0NDAwNDM4MDQzMjA0MzAwNDNCMDQzRTA0NDEwNDQyMDQ1NjA0MjAwMDNGMDQzRTA0MzQwNDQwMDQzMDA0MzcwNDNEMDQzNTA0M0QwNDNEMDQ0RjA0MjAwMDQwMDQzNTA0NDYwNDM1MDQzRjA0NDIwNDNFMDQ0MDA0NTYwNDMyMDQNCg==</FormattedText>
						</VariantText>
					</Variants>
				</Task>
				<!-- ***** -->
				<Task Type="TYPE_TASK_CHOICE_SINGLE" Score="1">
					<Title/>
					<QuestionText>
						<PlainText>На протязі якого часу розвивається адаптація нюхових рецепторів?</PlainText>
						<FormattedText>LTggMSAzIDINCi05IDEgMCAwIDAgMCAxMw0KOTYNCi05IDIgMCAwIDAgMCAxDQoNCjBFMDEwOTUzNzQ3OTZDNjU0RTYxNkQ2NTA2MEI0RTZGNzI2RDYxNkMyMDc0NjU3ODc0MEE1MzY5N0E2NTQ0NkY3NTYyNkM2NTAyMUMwODQ2NkY2RTc0NEU2MTZENjUwNjBGNTQ2OTZENjU3MzIwNEU2NTc3MjA1MjZGNkQ2MTZFMDc1NTZFNjk2MzZGNjQ2NTA5MDQ1MzY5N0E2NTAyMEUwMDAxMDg1Mzc0NjE2RTY0NjE3MjY0MDgwNzQzNjg2MTcyNzM2NTc0MDcwRjUyNTU1MzUzNDk0MTRFNUY0MzQ4NDE1MjUzNDU1NDBBNTM2OTdBNjU0NDZGNzU2MjZDNjUwMjIwMDg0NjZGNkU3NDRFNjE2RDY1MDYwRjU0Njk2RDY1NzMyMDRFNjU3NzIwNTI2RjZENjE2RTA3NTU2RTY5NjM2RjY0NjUwOTA0NTM2OTdBNjUwMjEwMDAwMA0KLTkgMiAwIDAgMCAwIDINCg0KMEUwMTA0NTQ2MTYyNzMwRTAwMDAwMTA4NTM3NDYxNkU2NDYxNzI2NDA4MDk0MTZDNjk2NzZFNkQ2NTZFNzQwNzBBNzI3NjYxNEE3NTczNzQ2OTY2NzkwNDU0NjE2MjczMEUwMDAwMDANCi05IDIgMCAwIDAgMCA0DQoNCjBFMDANCi05IDAgMCAwIDAgMCA3DQoxIDIgMSA4IDMgMA0KMUQwNDMwMDQyMDAwM0YwNDQwMDQzRTA0NDIwNDRGMDQzNzA0NTYwNDIwMDA0RjA0M0EwNDNFMDQzMzA0M0UwNDIwMDA0NzA0MzAwNDQxMDQ0MzA0MjAwMDQwMDQzRTA0MzcwNDMyMDQzODA0MzIwNDMwMDQ1NDA0NDIwNDRDMDQ0MTA0NEYwNDIwMDAzMDA0MzQwNDMwMDQzRjA0NDIwNDMwMDQ0NjA0NTYwNDRGMDQyMDAwM0QwNDRFMDQ0NTA0M0UwNDMyMDQzODA0NDUwNDIwMDA0MDA0MzUwNDQ2MDQzNTA0M0YwNDQyMDQzRTA0NDAwNDU2MDQzMjA0M0YwMA0KDQo=</FormattedText>
					</QuestionText>
					<Options>
						<IsAllowRandom>true</IsAllowRandom>
						<IsCompulsory>false</IsCompulsory>
						<IsOnlyForEduMode>false</IsOnlyForEduMode>
						<IsDenyPartially>false</IsDenyPartially>
					</Options>
					<Variants>
						<VariantText CorrectAnswer="True">
							<PlainText>4 хв.</PlainText>
							<FormattedText>LTggMSAzIDINCi05IDEgMCAwIDAgMCAxMw0KOTYNCi05IDIgMCAwIDAgMCAxDQoNCjBFMDEwOTUzNzQ3OTZDNjU0RTYxNkQ2NTA2MEI0RTZGNzI2RDYxNkMyMDc0NjU3ODc0MEE1MzY5N0E2NTQ0NkY3NTYyNkM2NTAyMUMwODQ2NkY2RTc0NEU2MTZENjUwNjBGNTQ2OTZENjU3MzIwNEU2NTc3MjA1MjZGNkQ2MTZFMDc1NTZFNjk2MzZGNjQ2NTA5MDQ1MzY5N0E2NTAyMEUwMDAxMDg1Mzc0NjE2RTY0NjE3MjY0MDgwNzQzNjg2MTcyNzM2NTc0MDcwRjUyNTU1MzUzNDk0MTRFNUY0MzQ4NDE1MjUzNDU1NDBBNTM2OTdBNjU0NDZGNzU2MjZDNjUwMjIwMDg0NjZGNkU3NDRFNjE2RDY1MDYwRjU0Njk2RDY1NzMyMDRFNjU3NzIwNTI2RjZENjE2RTA3NTU2RTY5NjM2RjY0NjUwOTA0NTM2OTdBNjUwMjEwMDAwMA0KLTkgMiAwIDAgMCAwIDINCg0KMEUwMTA0NTQ2MTYyNzMwRTAwMDAwMA0KLTkgMiAwIDAgMCAwIDQNCg0KMEUwMA0KLTkgMCAwIDAgMCAwIDcNCjEgMSAwIDggMyAwDQozNDAwMjAwMDQ1MDQzMjA0MkUwMA0K</FormattedText>
						</VariantText>
						<VariantText CorrectAnswer="False">
							<PlainText>1 хв.</PlainText>
							<FormattedText>LTggMSAzIDINCi05IDEgMCAwIDAgMCAxMw0KOTYNCi05IDIgMCAwIDAgMCAxDQoNCjBFMDEwOTUzNzQ3OTZDNjU0RTYxNkQ2NTA2MEI0RTZGNzI2RDYxNkMyMDc0NjU3ODc0MEE1MzY5N0E2NTQ0NkY3NTYyNkM2NTAyMUMwODQ2NkY2RTc0NEU2MTZENjUwNjBGNTQ2OTZENjU3MzIwNEU2NTc3MjA1MjZGNkQ2MTZFMDc1NTZFNjk2MzZGNjQ2NTA5MDQ1MzY5N0E2NTAyMEUwMDAxMDg1Mzc0NjE2RTY0NjE3MjY0MDgwNzQzNjg2MTcyNzM2NTc0MDcwRjUyNTU1MzUzNDk0MTRFNUY0MzQ4NDE1MjUzNDU1NDBBNTM2OTdBNjU0NDZGNzU2MjZDNjUwMjIwMDg0NjZGNkU3NDRFNjE2RDY1MDYwRjU0Njk2RDY1NzMyMDRFNjU3NzIwNTI2RjZENjE2RTA3NTU2RTY5NjM2RjY0NjUwOTA0NTM2OTdBNjUwMjEwMDAwMA0KLTkgMiAwIDAgMCAwIDINCg0KMEUwMTA0NTQ2MTYyNzMwRTAwMDAwMA0KLTkgMiAwIDAgMCAwIDQNCg0KMEUwMA0KLTkgMCAwIDAgMCAwIDcNCjEgMSAwIDggMyAwDQoyMDAwMzEwMDIwMDA0NTA0MzIwNDJFMDANCg==</FormattedText>
						</VariantText>
						<VariantText CorrectAnswer="False">
							<PlainText>10 хв.</PlainText>
							<FormattedText>LTggMSAzIDINCi05IDEgMCAwIDAgMCAxMw0KOTYNCi05IDIgMCAwIDAgMCAxDQoNCjBFMDEwOTUzNzQ3OTZDNjU0RTYxNkQ2NTA2MEI0RTZGNzI2RDYxNkMyMDc0NjU3ODc0MEE1MzY5N0E2NTQ0NkY3NTYyNkM2NTAyMUMwODQ2NkY2RTc0NEU2MTZENjUwNjBGNTQ2OTZENjU3MzIwNEU2NTc3MjA1MjZGNkQ2MTZFMDc1NTZFNjk2MzZGNjQ2NTA5MDQ1MzY5N0E2NTAyMEUwMDAxMDg1Mzc0NjE2RTY0NjE3MjY0MDgwNzQzNjg2MTcyNzM2NTc0MDcwRjUyNTU1MzUzNDk0MTRFNUY0MzQ4NDE1MjUzNDU1NDBBNTM2OTdBNjU0NDZGNzU2MjZDNjUwMjIwMDg0NjZGNkU3NDRFNjE2RDY1MDYwRjU0Njk2RDY1NzMyMDRFNjU3NzIwNTI2RjZENjE2RTA3NTU2RTY5NjM2RjY0NjUwOTA0NTM2OTdBNjUwMjEwMDAwMA0KLTkgMiAwIDAgMCAwIDINCg0KMEUwMTA0NTQ2MTYyNzMwRTAwMDAwMA0KLTkgMiAwIDAgMCAwIDQNCg0KMEUwMA0KLTkgMCAwIDAgMCAwIDcNCjEgMSAwIDggMyAwDQozMTAwMzAwMDIwMDA0NTA0MzIwNDJFMDANCg==</FormattedText>
						</VariantText>
						<VariantText CorrectAnswer="False">
							<PlainText>10 сек.</PlainText>
							<FormattedText>LTggMSAzIDINCi05IDEgMCAwIDAgMCAxMw0KOTYNCi05IDIgMCAwIDAgMCAxDQoNCjBFMDEwOTUzNzQ3OTZDNjU0RTYxNkQ2NTA2MEI0RTZGNzI2RDYxNkMyMDc0NjU3ODc0MEE1MzY5N0E2NTQ0NkY3NTYyNkM2NTAyMUMwODQ2NkY2RTc0NEU2MTZENjUwNjBGNTQ2OTZENjU3MzIwNEU2NTc3MjA1MjZGNkQ2MTZFMDc1NTZFNjk2MzZGNjQ2NTA5MDQ1MzY5N0E2NTAyMEUwMDAxMDg1Mzc0NjE2RTY0NjE3MjY0MDgwNzQzNjg2MTcyNzM2NTc0MDcwRjUyNTU1MzUzNDk0MTRFNUY0MzQ4NDE1MjUzNDU1NDBBNTM2OTdBNjU0NDZGNzU2MjZDNjUwMjIwMDg0NjZGNkU3NDRFNjE2RDY1MDYwRjU0Njk2RDY1NzMyMDRFNjU3NzIwNTI2RjZENjE2RTA3NTU2RTY5NjM2RjY0NjUwOTA0NTM2OTdBNjUwMjEwMDAwMA0KLTkgMiAwIDAgMCAwIDINCg0KMEUwMTA0NTQ2MTYyNzMwRTAwMDAwMA0KLTkgMiAwIDAgMCAwIDQNCg0KMEUwMA0KLTkgMCAwIDAgMCAwIDcNCjEgMSAwIDggMyAwDQozMTAwMzAwMDIwMDA0MTA0MzUwNDNBMDQyRTAwDQo=</FormattedText>
						</VariantText>
						<VariantText CorrectAnswer="False">
							<PlainText>30 сек.</PlainText>
							<FormattedText>LTggMSAzIDINCi05IDEgMCAwIDAgMCAxMw0KOTYNCi05IDIgMCAwIDAgMCAxDQoNCjBFMDEwOTUzNzQ3OTZDNjU0RTYxNkQ2NTA2MEI0RTZGNzI2RDYxNkMyMDc0NjU3ODc0MEE1MzY5N0E2NTQ0NkY3NTYyNkM2NTAyMUMwODQ2NkY2RTc0NEU2MTZENjUwNjBGNTQ2OTZENjU3MzIwNEU2NTc3MjA1MjZGNkQ2MTZFMDc1NTZFNjk2MzZGNjQ2NTA5MDQ1MzY5N0E2NTAyMEUwMDAxMDg1Mzc0NjE2RTY0NjE3MjY0MDgwNzQzNjg2MTcyNzM2NTc0MDcwRjUyNTU1MzUzNDk0MTRFNUY0MzQ4NDE1MjUzNDU1NDBBNTM2OTdBNjU0NDZGNzU2MjZDNjUwMjIwMDg0NjZGNkU3NDRFNjE2RDY1MDYwRjU0Njk2RDY1NzMyMDRFNjU3NzIwNTI2RjZENjE2RTA3NTU2RTY5NjM2RjY0NjUwOTA0NTM2OTdBNjUwMjEwMDAwMA0KLTkgMiAwIDAgMCAwIDINCg0KMEUwMTA0NTQ2MTYyNzMwRTAwMDAwMA0KLTkgMiAwIDAgMCAwIDQNCg0KMEUwMA0KLTkgMCAwIDAgMCAwIDcNCjEgMSAwIDggMyAwDQozMzAwMzAwMDIwMDA0MTA0MzUwNDNBMDQyRTAwDQo=</FormattedText>
						</VariantText>
					</Variants>
				</Task>
				<!-- ***** -->
				<Task Type="TYPE_TASK_CHOICE_SINGLE" Score="1">
					<Title/>
					<QuestionText>
						<PlainText>Від чого залежить сила відчуттів, що на початку створюються нюховими рецепторами?</PlainText>
						<FormattedText>LTggMSAzIDINCi05IDEgMCAwIDAgMCAxMw0KOTYNCi05IDIgMCAwIDAgMCAxDQoNCjBFMDEwOTUzNzQ3OTZDNjU0RTYxNkQ2NTA2MEI0RTZGNzI2RDYxNkMyMDc0NjU3ODc0MEE1MzY5N0E2NTQ0NkY3NTYyNkM2NTAyMUMwODQ2NkY2RTc0NEU2MTZENjUwNjBGNTQ2OTZENjU3MzIwNEU2NTc3MjA1MjZGNkQ2MTZFMDc1NTZFNjk2MzZGNjQ2NTA5MDQ1MzY5N0E2NTAyMEUwMDAxMDg1Mzc0NjE2RTY0NjE3MjY0MDgwNzQzNjg2MTcyNzM2NTc0MDcwRjUyNTU1MzUzNDk0MTRFNUY0MzQ4NDE1MjUzNDU1NDBBNTM2OTdBNjU0NDZGNzU2MjZDNjUwMjIwMDg0NjZGNkU3NDRFNjE2RDY1MDYwRjU0Njk2RDY1NzMyMDRFNjU3NzIwNTI2RjZENjE2RTA3NTU2RTY5NjM2RjY0NjUwOTA0NTM2OTdBNjUwMjEwMDAwMA0KLTkgMiAwIDAgMCAwIDINCg0KMEUwMTA0NTQ2MTYyNzMwRTAwMDAwMTA4NTM3NDYxNkU2NDYxNzI2NDA4MDk0MTZDNjk2NzZFNkQ2NTZFNzQwNzBBNzI3NjYxNEE3NTczNzQ2OTY2NzkwNDU0NjE2MjczMEUwMDAwMDANCi05IDIgMCAwIDAgMCA0DQoNCjBFMDANCi05IDAgMCAwIDAgMCA3DQoxIDIgMSA4IDMgMA0KMTIwNDU2MDQzNDA0MjAwMDQ3MDQzRTA0MzMwNDNFMDQyMDAwMzcwNDMwMDQzQjA0MzUwNDM2MDQzODA0NDIwNDRDMDQyMDAwNDEwNDM4MDQzQjA0MzAwNDIwMDAzMjA0NTYwNDM0MDQ0NzA0NDMwNDQyMDQ0MjA0NTYwNDMyMDQyQzAwMjAwMDQ5MDQzRTA0MjAwMDNEMDQzMDA0MjAwMDNGMDQzRTA0NDcwNDMwMDQ0MjA0M0EwNDQzMDQyMDAwNDEwNDQyMDQzMjA0M0UwNDQwMDQ0RTA0NEUwNDQyMDQ0QzA0NDEwNDRGMDQyMDAwM0QwNDRFMDQ0NTA0M0UwNDMyMDQzODA0M0MwNDM4MDQyMDAwNDAwNDM1MDQ0NjA0MzUwNDNGMDQ0MjA0M0UwNDQwMDQzMDA0M0MwNDM4MDQzRjAwDQoNCg==</FormattedText>
					</QuestionText>
					<Options>
						<IsAllowRandom>true</IsAllowRandom>
						<IsCompulsory>false</IsCompulsory>
						<IsOnlyForEduMode>false</IsOnlyForEduMode>
						<IsDenyPartially>false</IsDenyPartially>
					</Options>
					<Variants>
						<VariantText CorrectAnswer="True">
							<PlainText>Швидкості утворення комплексу нюхових волосин із одорантом.</PlainText>
							<FormattedText>LTggMSAzIDINCi05IDEgMCAwIDAgMCAxMw0KOTYNCi05IDIgMCAwIDAgMCAxDQoNCjBFMDEwOTUzNzQ3OTZDNjU0RTYxNkQ2NTA2MEI0RTZGNzI2RDYxNkMyMDc0NjU3ODc0MEE1MzY5N0E2NTQ0NkY3NTYyNkM2NTAyMUMwODQ2NkY2RTc0NEU2MTZENjUwNjBGNTQ2OTZENjU3MzIwNEU2NTc3MjA1MjZGNkQ2MTZFMDc1NTZFNjk2MzZGNjQ2NTA5MDQ1MzY5N0E2NTAyMEUwMDAxMDg1Mzc0NjE2RTY0NjE3MjY0MDgwNzQzNjg2MTcyNzM2NTc0MDcwRjUyNTU1MzUzNDk0MTRFNUY0MzQ4NDE1MjUzNDU1NDBBNTM2OTdBNjU0NDZGNzU2MjZDNjUwMjIwMDg0NjZGNkU3NDRFNjE2RDY1MDYwRjU0Njk2RDY1NzMyMDRFNjU3NzIwNTI2RjZENjE2RTA3NTU2RTY5NjM2RjY0NjUwOTA0NTM2OTdBNjUwMjEwMDAwMA0KLTkgMiAwIDAgMCAwIDINCg0KMEUwMTA0NTQ2MTYyNzMwRTAwMDAwMA0KLTkgMiAwIDAgMCAwIDQNCg0KMEUwMA0KLTkgMCAwIDAgMCAwIDcNCjEgMSAwIDggMyAwDQoyODA0MzIwNDM4MDQzNDA0M0EwNDNFMDQ0MTA0NDIwNDU2MDQyMDAwNDMwNDQyMDQzMjA0M0UwNDQwMDQzNTA0M0QwNDNEMDQ0RjA0MjAwMDNBMDQzRTA0M0MwNDNGMDQzQjA0MzUwNDNBMDQ0MTA0NDMwNDIwMDAzRDA0NEUwNDQ1MDQzRTA0MzIwNDM4MDQ0NTA0MjAwMDMyMDQzRTA0M0IwNDNFMDQ0MTA0MzgwNDNEMDQyMDAwNTYwNDM3MDQyMDAwM0UwNDM0MDQzRTA0NDAwNDMwMDQzRDA0NDIwNDNFMDQzQzA0MkUwMA0K</FormattedText>
						</VariantText>
						<VariantText CorrectAnswer="False">
							<PlainText>Інтенсивності взаємодії нюхових волосин із одорантом.</PlainText>
							<FormattedText>LTggMSAzIDINCi05IDEgMCAwIDAgMCAxMw0KOTYNCi05IDIgMCAwIDAgMCAxDQoNCjBFMDEwOTUzNzQ3OTZDNjU0RTYxNkQ2NTA2MEI0RTZGNzI2RDYxNkMyMDc0NjU3ODc0MEE1MzY5N0E2NTQ0NkY3NTYyNkM2NTAyMUMwODQ2NkY2RTc0NEU2MTZENjUwNjBGNTQ2OTZENjU3MzIwNEU2NTc3MjA1MjZGNkQ2MTZFMDc1NTZFNjk2MzZGNjQ2NTA5MDQ1MzY5N0E2NTAyMEUwMDAxMDg1Mzc0NjE2RTY0NjE3MjY0MDgwNzQzNjg2MTcyNzM2NTc0MDcwRjUyNTU1MzUzNDk0MTRFNUY0MzQ4NDE1MjUzNDU1NDBBNTM2OTdBNjU0NDZGNzU2MjZDNjUwMjIwMDg0NjZGNkU3NDRFNjE2RDY1MDYwRjU0Njk2RDY1NzMyMDRFNjU3NzIwNTI2RjZENjE2RTA3NTU2RTY5NjM2RjY0NjUwOTA0NTM2OTdBNjUwMjEwMDAwMA0KLTkgMiAwIDAgMCAwIDINCg0KMEUwMTA0NTQ2MTYyNzMwRTAwMDAwMA0KLTkgMiAwIDAgMCAwIDQNCg0KMEUwMA0KLTkgMCAwIDAgMCAwIDcNCjEgMSAwIDggMyAwDQowNjA0M0QwNDQyMDQzNTA0M0QwNDQxMDQzODA0MzIwNDNEMDQzRTA0NDEwNDQyMDQ1NjA0MjAwMDMyMDQzNzA0MzAwNDU0MDQzQzA0M0UwNDM0MDQ1NjA0NTcwNDIwMDAzRDA0NEUwNDQ1MDQzRTA0MzIwNDM4MDQ0NTA0MjAwMDMyMDQzRTA0M0IwNDNFMDQ0MTA0MzgwNDNEMDQyMDAwNTYwNDM3MDQyMDAwM0UwNDM0MDQzRTA0NDAwNDMwMDQzRDA0NDIwNDNFMDQzQzA0MkUwMA0K</FormattedText>
						</VariantText>
						<VariantText CorrectAnswer="False">
							<PlainText>Тривалості взаємодії нюхових волосин із одорантом.</PlainText>
							<FormattedText>LTggMSAzIDINCi05IDEgMCAwIDAgMCAxMw0KOTYNCi05IDIgMCAwIDAgMCAxDQoNCjBFMDEwOTUzNzQ3OTZDNjU0RTYxNkQ2NTA2MEI0RTZGNzI2RDYxNkMyMDc0NjU3ODc0MEE1MzY5N0E2NTQ0NkY3NTYyNkM2NTAyMUMwODQ2NkY2RTc0NEU2MTZENjUwNjBGNTQ2OTZENjU3MzIwNEU2NTc3MjA1MjZGNkQ2MTZFMDc1NTZFNjk2MzZGNjQ2NTA5MDQ1MzY5N0E2NTAyMEUwMDAxMDg1Mzc0NjE2RTY0NjE3MjY0MDgwNzQzNjg2MTcyNzM2NTc0MDcwRjUyNTU1MzUzNDk0MTRFNUY0MzQ4NDE1MjUzNDU1NDBBNTM2OTdBNjU0NDZGNzU2MjZDNjUwMjIwMDg0NjZGNkU3NDRFNjE2RDY1MDYwRjU0Njk2RDY1NzMyMDRFNjU3NzIwNTI2RjZENjE2RTA3NTU2RTY5NjM2RjY0NjUwOTA0NTM2OTdBNjUwMjEwMDAwMA0KLTkgMiAwIDAgMCAwIDINCg0KMEUwMTA0NTQ2MTYyNzMwRTAwMDAwMA0KLTkgMiAwIDAgMCAwIDQNCg0KMEUwMA0KLTkgMCAwIDAgMCAwIDcNCjEgMSAwIDggMyAwDQoyMjA0NDAwNDM4MDQzMjA0MzAwNDNCMDQzRTA0NDEwNDQyMDQ1NjA0MjAwMDMyMDQzNzA0MzAwNDU0MDQzQzA0M0UwNDM0MDQ1NjA0NTcwNDIwMDAzRDA0NEUwNDQ1MDQzRTA0MzIwNDM4MDQ0NTA0MjAwMDMyMDQzRTA0M0IwNDNFMDQ0MTA0MzgwNDNEMDQyMDAwNTYwNDM3MDQyMDAwM0UwNDM0MDQzRTA0NDAwNDMwMDQzRDA0NDIwNDNFMDQzQzA0MkUwMA0K</FormattedText>
						</VariantText>
						<VariantText CorrectAnswer="False">
							<PlainText>Прискорення утворення комплексу нюхових волосин із одорантом.</PlainText>
							<FormattedText>LTggMSAzIDINCi05IDEgMCAwIDAgMCAxMw0KOTYNCi05IDIgMCAwIDAgMCAxDQoNCjBFMDEwOTUzNzQ3OTZDNjU0RTYxNkQ2NTA2MEI0RTZGNzI2RDYxNkMyMDc0NjU3ODc0MEE1MzY5N0E2NTQ0NkY3NTYyNkM2NTAyMUMwODQ2NkY2RTc0NEU2MTZENjUwNjBGNTQ2OTZENjU3MzIwNEU2NTc3MjA1MjZGNkQ2MTZFMDc1NTZFNjk2MzZGNjQ2NTA5MDQ1MzY5N0E2NTAyMEUwMDAxMDg1Mzc0NjE2RTY0NjE3MjY0MDgwNzQzNjg2MTcyNzM2NTc0MDcwRjUyNTU1MzUzNDk0MTRFNUY0MzQ4NDE1MjUzNDU1NDBBNTM2OTdBNjU0NDZGNzU2MjZDNjUwMjIwMDg0NjZGNkU3NDRFNjE2RDY1MDYwRjU0Njk2RDY1NzMyMDRFNjU3NzIwNTI2RjZENjE2RTA3NTU2RTY5NjM2RjY0NjUwOTA0NTM2OTdBNjUwMjEwMDAwMA0KLTkgMiAwIDAgMCAwIDINCg0KMEUwMTA0NTQ2MTYyNzMwRTAwMDAwMA0KLTkgMiAwIDAgMCAwIDQNCg0KMEUwMA0KLTkgMCAwIDAgMCAwIDcNCjEgMSAwIDggMyAwDQoxRjA0NDAwNDM4MDQ0MTA0M0EwNDNFMDQ0MDA0MzUwNDNEMDQzRDA0NEYwNDIwMDA0MzA0NDIwNDMyMDQzRTA0NDAwNDM1MDQzRDA0M0QwNDRGMDQyMDAwM0EwNDNFMDQzQzA0M0YwNDNCMDQzNTA0M0EwNDQxMDQ0MzA0MjAwMDNEMDQ0RTA0NDUwNDNFMDQzMjA0MzgwNDQ1MDQyMDAwMzIwNDNFMDQzQjA0M0UwNDQxMDQzODA0M0QwNDIwMDA1NjA0MzcwNDIwMDAzRTA0MzQwNDNFMDQ0MDA0MzAwNDNEMDQ0MjA0M0UwNDNDMDQyRTAwDQo=</FormattedText>
						</VariantText>
						<VariantText CorrectAnswer="False">
							<PlainText>Кількості нюхових волосин, що взаємодіють із одорантом.</PlainText>
							<FormattedText>LTggMSAzIDINCi05IDEgMCAwIDAgMCAxMw0KOTYNCi05IDIgMCAwIDAgMCAxDQoNCjBFMDEwOTUzNzQ3OTZDNjU0RTYxNkQ2NTA2MEI0RTZGNzI2RDYxNkMyMDc0NjU3ODc0MEE1MzY5N0E2NTQ0NkY3NTYyNkM2NTAyMUMwODQ2NkY2RTc0NEU2MTZENjUwNjBGNTQ2OTZENjU3MzIwNEU2NTc3MjA1MjZGNkQ2MTZFMDc1NTZFNjk2MzZGNjQ2NTA5MDQ1MzY5N0E2NTAyMEUwMDAxMDg1Mzc0NjE2RTY0NjE3MjY0MDgwNzQzNjg2MTcyNzM2NTc0MDcwRjUyNTU1MzUzNDk0MTRFNUY0MzQ4NDE1MjUzNDU1NDBBNTM2OTdBNjU0NDZGNzU2MjZDNjUwMjIwMDg0NjZGNkU3NDRFNjE2RDY1MDYwRjU0Njk2RDY1NzMyMDRFNjU3NzIwNTI2RjZENjE2RTA3NTU2RTY5NjM2RjY0NjUwOTA0NTM2OTdBNjUwMjEwMDAwMA0KLTkgMiAwIDAgMCAwIDINCg0KMEUwMTA0NTQ2MTYyNzMwRTAwMDAwMTA4NTM3NDYxNkU2NDYxNzI2NDA4MDk0MTZDNjk2NzZFNkQ2NTZFNzQwNzBBNzI3NjYxNEE3NTczNzQ2OTY2NzkwNDU0NjE2MjczMEUwMDAwMDANCi05IDIgMCAwIDAgMCA0DQoNCjBFMDANCi05IDAgMCAwIDAgMCA3DQoxIDEgMCA4IDMgMA0KMUEwNDU2MDQzQjA0NEMwNDNBMDQzRTA0NDEwNDQyMDQ1NjA0MjAwMDNEMDQ0RTA0NDUwNDNFMDQzMjA0MzgwNDQ1MDQyMDAwMzIwNDNFMDQzQjA0M0UwNDQxMDQzODA0M0QwNDJDMDAyMDAwNDkwNDNFMDQyMDAwMzIwNDM3MDQzMDA0NTQwNDNDMDQzRTA0MzQwNDU2MDQ0RTA0NDIwNDRDMDQyMDAwNTYwNDM3MDQyMDAwM0UwNDM0MDQzRTA0NDAwNDMwMDQzRDA0NDIwNDNFMDQzQzA0MkUwMA0KMSAxIDEgOCAzIDANCg0K</FormattedText>
						</VariantText>
					</Variants>
				</Task>
				<!-- ***** -->
				<Task Type="TYPE_TASK_CHOICE_SINGLE" Score="1">
					<Title/>
					<QuestionText>
						<PlainText>Яку ознаку тактильного подразника сприймають тільця Пачіні?</PlainText>
						<FormattedText>LTggMSAzIDINCi05IDEgMCAwIDAgMCAxMw0KOTYNCi05IDIgMCAwIDAgMCAxDQoNCjBFMDEwOTUzNzQ3OTZDNjU0RTYxNkQ2NTA2MEI0RTZGNzI2RDYxNkMyMDc0NjU3ODc0MEE1MzY5N0E2NTQ0NkY3NTYyNkM2NTAyMUMwODQ2NkY2RTc0NEU2MTZENjUwNjBGNTQ2OTZENjU3MzIwNEU2NTc3MjA1MjZGNkQ2MTZFMDc1NTZFNjk2MzZGNjQ2NTA5MDQ1MzY5N0E2NTAyMEUwMDAxMDg1Mzc0NjE2RTY0NjE3MjY0MDgwNzQzNjg2MTcyNzM2NTc0MDcwRjUyNTU1MzUzNDk0MTRFNUY0MzQ4NDE1MjUzNDU1NDBBNTM2OTdBNjU0NDZGNzU2MjZDNjUwMjIwMDg0NjZGNkU3NDRFNjE2RDY1MDYwRjU0Njk2RDY1NzMyMDRFNjU3NzIwNTI2RjZENjE2RTA3NTU2RTY5NjM2RjY0NjUwOTA0NTM2OTdBNjUwMjEwMDAwMA0KLTkgMiAwIDAgMCAwIDINCg0KMEUwMTA0NTQ2MTYyNzMwRTAwMDAwMTA4NTM3NDYxNkU2NDYxNzI2NDA4MDk0MTZDNjk2NzZFNkQ2NTZFNzQwNzBBNzI3NjYxNEE3NTczNzQ2OTY2NzkwNDU0NjE2MjczMEUwMDAwMDANCi05IDIgMCAwIDAgMCA0DQoNCjBFMDANCi05IDAgMCAwIDAgMCA3DQoxIDIgMSA4IDMgMA0KMkYwNDNBMDQ0MzA0MjAwMDNFMDQzNzA0M0QwNDMwMDQzQTA0NDMwNDIwMDA0MjA0MzAwNDNBMDQ0MjA0MzgwNDNCMDQ0QzA0M0QwNDNFMDQzMzA0M0UwNDIwMDAzRjA0M0UwNDM0MDQ0MDA0MzAwNDM3MDQzRDA0MzgwNDNBMDQzMDA0MjAwMDQxMDQzRjA0NDAwNDM4MDQzOTA0M0MwNDMwMDQ0RTA0NDIwNDRDMDQyMDAwNDIwNDU2MDQzQjA0NEMwNDQ2MDQ0RjA0MjAwMDFGMDQzMDA0NDcwNDU2MDQzRDA0NTYwNDNGMDANCg0K</FormattedText>
					</QuestionText>
					<Options>
						<IsAllowRandom>true</IsAllowRandom>
						<IsCompulsory>false</IsCompulsory>
						<IsOnlyForEduMode>false</IsOnlyForEduMode>
						<IsDenyPartially>false</IsDenyPartially>
					</Options>
					<Variants>
						<VariantText CorrectAnswer="False">
							<PlainText>Інтенсивність подразника.</PlainText>
							<FormattedText>LTggMSAzIDINCi05IDEgMCAwIDAgMCAxMw0KOTYNCi05IDIgMCAwIDAgMCAxDQoNCjBFMDEwOTUzNzQ3OTZDNjU0RTYxNkQ2NTA2MEI0RTZGNzI2RDYxNkMyMDc0NjU3ODc0MEE1MzY5N0E2NTQ0NkY3NTYyNkM2NTAyMUMwODQ2NkY2RTc0NEU2MTZENjUwNjBGNTQ2OTZENjU3MzIwNEU2NTc3MjA1MjZGNkQ2MTZFMDc1NTZFNjk2MzZGNjQ2NTA5MDQ1MzY5N0E2NTAyMEUwMDAxMDg1Mzc0NjE2RTY0NjE3MjY0MDgwNzQzNjg2MTcyNzM2NTc0MDcwRjUyNTU1MzUzNDk0MTRFNUY0MzQ4NDE1MjUzNDU1NDBBNTM2OTdBNjU0NDZGNzU2MjZDNjUwMjIwMDg0NjZGNkU3NDRFNjE2RDY1MDYwRjU0Njk2RDY1NzMyMDRFNjU3NzIwNTI2RjZENjE2RTA3NTU2RTY5NjM2RjY0NjUwOTA0NTM2OTdBNjUwMjEwMDAwMA0KLTkgMiAwIDAgMCAwIDINCg0KMEUwMTA0NTQ2MTYyNzMwRTAwMDAwMA0KLTkgMiAwIDAgMCAwIDQNCg0KMEUwMA0KLTkgMCAwIDAgMCAwIDcNCjEgMSAwIDggMyAwDQowNjA0M0QwNDQyMDQzNTA0M0QwNDQxMDQzODA0MzIwNDNEMDQ1NjA0NDEwNDQyMDQ0QzA0MjAwMDNGMDQzRTA0MzQwNDQwMDQzMDA0MzcwNDNEMDQzODA0M0EwNDMwMDQyRTAwDQo=</FormattedText>
						</VariantText>
						<VariantText CorrectAnswer="False">
							<PlainText>Тривалість подразника</PlainText>
							<FormattedText>LTggMSAzIDINCi05IDEgMCAwIDAgMCAxMw0KOTYNCi05IDIgMCAwIDAgMCAxDQoNCjBFMDEwOTUzNzQ3OTZDNjU0RTYxNkQ2NTA2MEI0RTZGNzI2RDYxNkMyMDc0NjU3ODc0MEE1MzY5N0E2NTQ0NkY3NTYyNkM2NTAyMUMwODQ2NkY2RTc0NEU2MTZENjUwNjBGNTQ2OTZENjU3MzIwNEU2NTc3MjA1MjZGNkQ2MTZFMDc1NTZFNjk2MzZGNjQ2NTA5MDQ1MzY5N0E2NTAyMEUwMDAxMDg1Mzc0NjE2RTY0NjE3MjY0MDgwNzQzNjg2MTcyNzM2NTc0MDcwRjUyNTU1MzUzNDk0MTRFNUY0MzQ4NDE1MjUzNDU1NDBBNTM2OTdBNjU0NDZGNzU2MjZDNjUwMjIwMDg0NjZGNkU3NDRFNjE2RDY1MDYwRjU0Njk2RDY1NzMyMDRFNjU3NzIwNTI2RjZENjE2RTA3NTU2RTY5NjM2RjY0NjUwOTA0NTM2OTdBNjUwMjEwMDAwMA0KLTkgMiAwIDAgMCAwIDINCg0KMEUwMTA0NTQ2MTYyNzMwRTAwMDAwMA0KLTkgMiAwIDAgMCAwIDQNCg0KMEUwMA0KLTkgMCAwIDAgMCAwIDcNCjEgMSAwIDggMyAwDQoyMjA0NDAwNDM4MDQzMjA0MzAwNDNCMDQ1NjA0NDEwNDQyMDQ0QzA0MjAwMDNGMDQzRTA0MzQwNDQwMDQzMDA0MzcwNDNEMDQzODA0M0EwNDMwMDQNCg==</FormattedText>
						</VariantText>
						<VariantText CorrectAnswer="False">
							<PlainText>Швидкість подразника.</PlainText>
							<FormattedText>LTggMSAzIDINCi05IDEgMCAwIDAgMCAxMw0KOTYNCi05IDIgMCAwIDAgMCAxDQoNCjBFMDEwOTUzNzQ3OTZDNjU0RTYxNkQ2NTA2MEI0RTZGNzI2RDYxNkMyMDc0NjU3ODc0MEE1MzY5N0E2NTQ0NkY3NTYyNkM2NTAyMUMwODQ2NkY2RTc0NEU2MTZENjUwNjBGNTQ2OTZENjU3MzIwNEU2NTc3MjA1MjZGNkQ2MTZFMDc1NTZFNjk2MzZGNjQ2NTA5MDQ1MzY5N0E2NTAyMEUwMDAxMDg1Mzc0NjE2RTY0NjE3MjY0MDgwNzQzNjg2MTcyNzM2NTc0MDcwRjUyNTU1MzUzNDk0MTRFNUY0MzQ4NDE1MjUzNDU1NDBBNTM2OTdBNjU0NDZGNzU2MjZDNjUwMjIwMDg0NjZGNkU3NDRFNjE2RDY1MDYwRjU0Njk2RDY1NzMyMDRFNjU3NzIwNTI2RjZENjE2RTA3NTU2RTY5NjM2RjY0NjUwOTA0NTM2OTdBNjUwMjEwMDAwMA0KLTkgMiAwIDAgMCAwIDINCg0KMEUwMTA0NTQ2MTYyNzMwRTAwMDAwMA0KLTkgMiAwIDAgMCAwIDQNCg0KMEUwMA0KLTkgMCAwIDAgMCAwIDcNCjEgMSAwIDggMyAwDQoyODA0MzIwNDM4MDQzNDA0M0EwNDU2MDQ0MTA0NDIwNDRDMDQyMDAwM0YwNDNFMDQzNDA0NDAwNDMwMDQzNzA0M0QwNDM4MDQzQTA0MzAwNDJFMDANCg==</FormattedText>
						</VariantText>
						<VariantText CorrectAnswer="True">
							<PlainText>Прискорення (вібрацію) подразника.</PlainText>
							<FormattedText>LTggMSAzIDINCi05IDEgMCAwIDAgMCAxMw0KOTYNCi05IDIgMCAwIDAgMCAxDQoNCjBFMDEwOTUzNzQ3OTZDNjU0RTYxNkQ2NTA2MEI0RTZGNzI2RDYxNkMyMDc0NjU3ODc0MEE1MzY5N0E2NTQ0NkY3NTYyNkM2NTAyMUMwODQ2NkY2RTc0NEU2MTZENjUwNjBGNTQ2OTZENjU3MzIwNEU2NTc3MjA1MjZGNkQ2MTZFMDc1NTZFNjk2MzZGNjQ2NTA5MDQ1MzY5N0E2NTAyMEUwMDAxMDg1Mzc0NjE2RTY0NjE3MjY0MDgwNzQzNjg2MTcyNzM2NTc0MDcwRjUyNTU1MzUzNDk0MTRFNUY0MzQ4NDE1MjUzNDU1NDBBNTM2OTdBNjU0NDZGNzU2MjZDNjUwMjIwMDg0NjZGNkU3NDRFNjE2RDY1MDYwRjU0Njk2RDY1NzMyMDRFNjU3NzIwNTI2RjZENjE2RTA3NTU2RTY5NjM2RjY0NjUwOTA0NTM2OTdBNjUwMjEwMDAwMA0KLTkgMiAwIDAgMCAwIDINCg0KMEUwMTA0NTQ2MTYyNzMwRTAwMDAwMA0KLTkgMiAwIDAgMCAwIDQNCg0KMEUwMA0KLTkgMCAwIDAgMCAwIDcNCjEgMSAwIDggMyAwDQoxRjA0NDAwNDM4MDQ0MTA0M0EwNDNFMDQ0MDA0MzUwNDNEMDQzRDA0NEYwNDIwMDAyODAwMzIwNDU2MDQzMTA0NDAwNDMwMDQ0NjA0NTYwNDRFMDQyOTAwMjAwMDNGMDQzRTA0MzQwNDQwMDQzMDA0MzcwNDNEMDQzODA0M0EwNDMwMDQyRTAwDQo=</FormattedText>
						</VariantText>
					</Variants>
				</Task>
				<!-- ***** -->
				<Task Type="TYPE_TASK_CHOICE_SINGLE" Score="1">
					<Title/>
					<QuestionText>
						<PlainText>Яку ознаку тактильного подразника сприймають тільця Мейснера?</PlainText>
						<FormattedText>LTggMSAzIDINCi05IDEgMCAwIDAgMCAxMw0KOTYNCi05IDIgMCAwIDAgMCAxDQoNCjBFMDEwOTUzNzQ3OTZDNjU0RTYxNkQ2NTA2MEI0RTZGNzI2RDYxNkMyMDc0NjU3ODc0MEE1MzY5N0E2NTQ0NkY3NTYyNkM2NTAyMUMwODQ2NkY2RTc0NEU2MTZENjUwNjBGNTQ2OTZENjU3MzIwNEU2NTc3MjA1MjZGNkQ2MTZFMDc1NTZFNjk2MzZGNjQ2NTA5MDQ1MzY5N0E2NTAyMEUwMDAxMDg1Mzc0NjE2RTY0NjE3MjY0MDgwNzQzNjg2MTcyNzM2NTc0MDcwRjUyNTU1MzUzNDk0MTRFNUY0MzQ4NDE1MjUzNDU1NDBBNTM2OTdBNjU0NDZGNzU2MjZDNjUwMjFDMDg0NjZGNkU3NDRFNjE2RDY1MDYwRjU0Njk2RDY1NzMyMDRFNjU3NzIwNTI2RjZENjE2RTA3NTU2RTY5NjM2RjY0NjUwOTA0NTM2OTdBNjUwMjBFMDAwMA0KLTkgMiAwIDAgMCAwIDINCg0KMEUwMTA0NTQ2MTYyNzMwRTAwMDAwMTA4NTM3NDYxNkU2NDYxNzI2NDA4MDk0MTZDNjk2NzZFNkQ2NTZFNzQwNzBBNzI3NjYxNEE3NTczNzQ2OTY2NzkwNDU0NjE2MjczMEUwMDAwMDANCi05IDIgMCAwIDAgMCA0DQoNCjBFMDANCi05IDAgMCAwIDAgMCA3DQoxIDEgMSA4IDMgMA0KMkYwNDNBMDQ0MzA0MjAwMDNFMDQzNzA0M0QwNDMwMDQzQTA0NDMwNDIwMDA0MjA0MzAwNDNBMDQ0MjA0MzgwNDNCMDQ0QzA0M0QwNDNFMDQzMzA0M0UwNDIwMDAzRjA0M0UwNDM0MDQ0MDA0MzAwNDM3MDQzRDA0MzgwNDNBMDQzMDA0MjAwMDQxMDQzRjA0NDAwNDM4MDQzOTA0M0MwNDMwMDQ0RTA0NDIwNDRDMDQyMDAwNDIwNDU2MDQzQjA0NEMwNDQ2MDQ0RjA0MjAwMDFDMDQzNTA0MzkwNDQxMDQzRDA0MzUwNDQwMDQzMDA0M0YwMA0K</FormattedText>
					</QuestionText>
					<Options>
						<IsAllowRandom>true</IsAllowRandom>
						<IsCompulsory>false</IsCompulsory>
						<IsOnlyForEduMode>false</IsOnlyForEduMode>
						<IsDenyPartially>false</IsDenyPartially>
					</Options>
					<Variants>
						<VariantText CorrectAnswer="False">
							<PlainText>Частоту діючого подразника.</PlainText>
							<FormattedText>LTggMSAzIDINCi05IDEgMCAwIDAgMCAxMw0KOTYNCi05IDIgMCAwIDAgMCAxDQoNCjBFMDEwOTUzNzQ3OTZDNjU0RTYxNkQ2NTA2MEI0RTZGNzI2RDYxNkMyMDc0NjU3ODc0MEE1MzY5N0E2NTQ0NkY3NTYyNkM2NTAyMUMwODQ2NkY2RTc0NEU2MTZENjUwNjBGNTQ2OTZENjU3MzIwNEU2NTc3MjA1MjZGNkQ2MTZFMDc1NTZFNjk2MzZGNjQ2NTA5MDQ1MzY5N0E2NTAyMEUwMDAxMDg1Mzc0NjE2RTY0NjE3MjY0MDgwNzQzNjg2MTcyNzM2NTc0MDcwRjUyNTU1MzUzNDk0MTRFNUY0MzQ4NDE1MjUzNDU1NDBBNTM2OTdBNjU0NDZGNzU2MjZDNjUwMjFDMDg0NjZGNkU3NDRFNjE2RDY1MDYwRjU0Njk2RDY1NzMyMDRFNjU3NzIwNTI2RjZENjE2RTA3NTU2RTY5NjM2RjY0NjUwOTA0NTM2OTdBNjUwMjBFMDAwMA0KLTkgMiAwIDAgMCAwIDINCg0KMEUwMTA0NTQ2MTYyNzMwRTAwMDAwMA0KLTkgMiAwIDAgMCAwIDQNCg0KMEUwMA0KLTkgMCAwIDAgMCAwIDcNCjEgMSAwIDggMyAwDQoyNzA0MzAwNDQxMDQ0MjA0M0UwNDQyMDQ0MzA0MjAwMDM0MDQ1NjA0NEUwNDQ3MDQzRTA0MzMwNDNFMDQyMDAwM0YwNDNFMDQzNDA0NDAwNDMwMDQzNzA0M0QwNDM4MDQzQTA0MzAwNDJFMDANCg==</FormattedText>
						</VariantText>
						<VariantText CorrectAnswer="False">
							<PlainText>Прискорення руху подразника.</PlainText>
							<FormattedText>LTggMSAzIDINCi05IDEgMCAwIDAgMCAxMw0KOTYNCi05IDIgMCAwIDAgMCAxDQoNCjBFMDEwOTUzNzQ3OTZDNjU0RTYxNkQ2NTA2MEI0RTZGNzI2RDYxNkMyMDc0NjU3ODc0MEE1MzY5N0E2NTQ0NkY3NTYyNkM2NTAyMUMwODQ2NkY2RTc0NEU2MTZENjUwNjBGNTQ2OTZENjU3MzIwNEU2NTc3MjA1MjZGNkQ2MTZFMDc1NTZFNjk2MzZGNjQ2NTA5MDQ1MzY5N0E2NTAyMEUwMDAxMDg1Mzc0NjE2RTY0NjE3MjY0MDgwNzQzNjg2MTcyNzM2NTc0MDcwRjUyNTU1MzUzNDk0MTRFNUY0MzQ4NDE1MjUzNDU1NDBBNTM2OTdBNjU0NDZGNzU2MjZDNjUwMjFDMDg0NjZGNkU3NDRFNjE2RDY1MDYwRjU0Njk2RDY1NzMyMDRFNjU3NzIwNTI2RjZENjE2RTA3NTU2RTY5NjM2RjY0NjUwOTA0NTM2OTdBNjUwMjBFMDAwMA0KLTkgMiAwIDAgMCAwIDINCg0KMEUwMTA0NTQ2MTYyNzMwRTAwMDAwMA0KLTkgMiAwIDAgMCAwIDQNCg0KMEUwMA0KLTkgMCAwIDAgMCAwIDcNCjEgMSAwIDggMyAwDQoxRjA0NDAwNDM4MDQ0MTA0M0EwNDNFMDQ0MDA0MzUwNDNEMDQzRDA0NEYwNDIwMDA0MDA0NDMwNDQ1MDQ0MzA0MjAwMDNGMDQzRTA0MzQwNDQwMDQzMDA0MzcwNDNEMDQzODA0M0EwNDMwMDQyRTAwDQo=</FormattedText>
						</VariantText>
						<VariantText CorrectAnswer="True">
							<PlainText>Швидкість деформації шкіри від подразника.</PlainText>
							<FormattedText>LTggMSAzIDINCi05IDEgMCAwIDAgMCAxMw0KOTYNCi05IDIgMCAwIDAgMCAxDQoNCjBFMDEwOTUzNzQ3OTZDNjU0RTYxNkQ2NTA2MEI0RTZGNzI2RDYxNkMyMDc0NjU3ODc0MEE1MzY5N0E2NTQ0NkY3NTYyNkM2NTAyMUMwODQ2NkY2RTc0NEU2MTZENjUwNjBGNTQ2OTZENjU3MzIwNEU2NTc3MjA1MjZGNkQ2MTZFMDc1NTZFNjk2MzZGNjQ2NTA5MDQ1MzY5N0E2NTAyMEUwMDAxMDg1Mzc0NjE2RTY0NjE3MjY0MDgwNzQzNjg2MTcyNzM2NTc0MDcwRjUyNTU1MzUzNDk0MTRFNUY0MzQ4NDE1MjUzNDU1NDBBNTM2OTdBNjU0NDZGNzU2MjZDNjUwMjFDMDg0NjZGNkU3NDRFNjE2RDY1MDYwRjU0Njk2RDY1NzMyMDRFNjU3NzIwNTI2RjZENjE2RTA3NTU2RTY5NjM2RjY0NjUwOTA0NTM2OTdBNjUwMjBFMDAwMA0KLTkgMiAwIDAgMCAwIDINCg0KMEUwMTA0NTQ2MTYyNzMwRTAwMDAwMA0KLTkgMiAwIDAgMCAwIDQNCg0KMEUwMA0KLTkgMCAwIDAgMCAwIDcNCjEgMSAwIDggMyAwDQoyODA0MzIwNDM4MDQzNDA0M0EwNDU2MDQ0MTA0NDIwNDRDMDQyMDAwMzQwNDM1MDQ0NDA0M0UwNDQwMDQzQzA0MzAwNDQ2MDQ1NjA0NTcwNDIwMDA0ODA0M0EwNDU2MDQ0MDA0MzgwNDIwMDAzMjA0NTYwNDM0MDQyMDAwM0YwNDNFMDQzNDA0NDAwNDMwMDQzNzA0M0QwNDM4MDQzQTA0MzAwNDJFMDANCg==</FormattedText>
						</VariantText>
						<VariantText CorrectAnswer="False">
							<PlainText>Інтенсивність подразника.</PlainText>
							<FormattedText>LTggMSAzIDINCi05IDEgMCAwIDAgMCAxMw0KOTYNCi05IDIgMCAwIDAgMCAxDQoNCjBFMDEwOTUzNzQ3OTZDNjU0RTYxNkQ2NTA2MEI0RTZGNzI2RDYxNkMyMDc0NjU3ODc0MEE1MzY5N0E2NTQ0NkY3NTYyNkM2NTAyMUMwODQ2NkY2RTc0NEU2MTZENjUwNjBGNTQ2OTZENjU3MzIwNEU2NTc3MjA1MjZGNkQ2MTZFMDc1NTZFNjk2MzZGNjQ2NTA5MDQ1MzY5N0E2NTAyMEUwMDAxMDg1Mzc0NjE2RTY0NjE3MjY0MDgwNzQzNjg2MTcyNzM2NTc0MDcwRjUyNTU1MzUzNDk0MTRFNUY0MzQ4NDE1MjUzNDU1NDBBNTM2OTdBNjU0NDZGNzU2MjZDNjUwMjFDMDg0NjZGNkU3NDRFNjE2RDY1MDYwRjU0Njk2RDY1NzMyMDRFNjU3NzIwNTI2RjZENjE2RTA3NTU2RTY5NjM2RjY0NjUwOTA0NTM2OTdBNjUwMjBFMDAwMA0KLTkgMiAwIDAgMCAwIDINCg0KMEUwMTA0NTQ2MTYyNzMwRTAwMDAwMA0KLTkgMiAwIDAgMCAwIDQNCg0KMEUwMA0KLTkgMCAwIDAgMCAwIDcNCjEgMSAwIDggMyAwDQowNjA0M0QwNDQyMDQzNTA0M0QwNDQxMDQzODA0MzIwNDNEMDQ1NjA0NDEwNDQyMDQ0QzA0MjAwMDNGMDQzRTA0MzQwNDQwMDQzMDA0MzcwNDNEMDQzODA0M0EwNDMwMDQyRTAwDQo=</FormattedText>
						</VariantText>
						<VariantText CorrectAnswer="False">
							<PlainText>Тривалість дії подразника.</PlainText>
							<FormattedText>LTggMSAzIDINCi05IDEgMCAwIDAgMCAxMw0KOTYNCi05IDIgMCAwIDAgMCAxDQoNCjBFMDEwOTUzNzQ3OTZDNjU0RTYxNkQ2NTA2MEI0RTZGNzI2RDYxNkMyMDc0NjU3ODc0MEE1MzY5N0E2NTQ0NkY3NTYyNkM2NTAyMUMwODQ2NkY2RTc0NEU2MTZENjUwNjBGNTQ2OTZENjU3MzIwNEU2NTc3MjA1MjZGNkQ2MTZFMDc1NTZFNjk2MzZGNjQ2NTA5MDQ1MzY5N0E2NTAyMEUwMDAxMDg1Mzc0NjE2RTY0NjE3MjY0MDgwNzQzNjg2MTcyNzM2NTc0MDcwRjUyNTU1MzUzNDk0MTRFNUY0MzQ4NDE1MjUzNDU1NDBBNTM2OTdBNjU0NDZGNzU2MjZDNjUwMjFDMDg0NjZGNkU3NDRFNjE2RDY1MDYwRjU0Njk2RDY1NzMyMDRFNjU3NzIwNTI2RjZENjE2RTA3NTU2RTY5NjM2RjY0NjUwOTA0NTM2OTdBNjUwMjBFMDAwMA0KLTkgMiAwIDAgMCAwIDINCg0KMEUwMTA0NTQ2MTYyNzMwRTAwMDAwMA0KLTkgMiAwIDAgMCAwIDQNCg0KMEUwMA0KLTkgMCAwIDAgMCAwIDcNCjEgMSAwIDggMyAwDQoyMjA0NDAwNDM4MDQzMjA0MzAwNDNCMDQ1NjA0NDEwNDQyMDQ0QzA0MjAwMDM0MDQ1NjA0NTcwNDIwMDAzRjA0M0UwNDM0MDQ0MDA0MzAwNDM3MDQzRDA0MzgwNDNBMDQzMDA0MkUwMA0K</FormattedText>
						</VariantText>
					</Variants>
				</Task>
				<!-- ***** -->
				<Task Type="TYPE_TASK_CHOICE_SINGLE" Score="1">
					<Title/>
					<QuestionText>
						<PlainText>Де розташовані рецептори, що сприймають звукові коливання (фонорецептори)?</PlainText>
						<FormattedText>LTggMSAzIDINCi05IDEgMCAwIDAgMCAxMw0KOTYNCi05IDIgMCAwIDAgMCAxDQoNCjBFMDEwOTUzNzQ3OTZDNjU0RTYxNkQ2NTA2MEI0RTZGNzI2RDYxNkMyMDc0NjU3ODc0MEE1MzY5N0E2NTQ0NkY3NTYyNkM2NTAyMUMwODQ2NkY2RTc0NEU2MTZENjUwNjBGNTQ2OTZENjU3MzIwNEU2NTc3MjA1MjZGNkQ2MTZFMDc1NTZFNjk2MzZGNjQ2NTA5MDQ1MzY5N0E2NTAyMEUwMDAxMDg1Mzc0NjE2RTY0NjE3MjY0MDgwNzQzNjg2MTcyNzM2NTc0MDcwRjUyNTU1MzUzNDk0MTRFNUY0MzQ4NDE1MjUzNDU1NDBBNTM2OTdBNjU0NDZGNzU2MjZDNjUwMjFDMDg0NjZGNkU3NDRFNjE2RDY1MDYwRjU0Njk2RDY1NzMyMDRFNjU3NzIwNTI2RjZENjE2RTA3NTU2RTY5NjM2RjY0NjUwOTA0NTM2OTdBNjUwMjBFMDAwMA0KLTkgMiAwIDAgMCAwIDINCg0KMEUwMTA0NTQ2MTYyNzMwRTAwMDAwMTA4NTM3NDYxNkU2NDYxNzI2NDA4MDk0MTZDNjk2NzZFNkQ2NTZFNzQwNzBBNzI3NjYxNEE3NTczNzQ2OTY2NzkwNDU0NjE2MjczMEUwMDAwMDANCi05IDIgMCAwIDAgMCA0DQoNCjBFMDANCi05IDAgMCAwIDAgMCA3DQoxIDIgMSA4IDMgMA0KMTQwNDM1MDQyMDAwNDAwNDNFMDQzNzA0NDIwNDMwMDQ0ODA0M0UwNDMyMDQzMDA0M0QwNDU2MDQyMDAwNDAwNDM1MDQ0NjA0MzUwNDNGMDQ0MjA0M0UwNDQwMDQzODA0MkMwMDIwMDA0OTA0M0UwNDIwMDA0MTA0M0YwNDQwMDQzODA0MzkwNDNDMDQzMDA0NEUwNDQyMDQ0QzA0MjAwMDM3MDQzMjA0NDMwNDNBMDQzRTA0MzIwNDU2MDQyMDAwM0EwNDNFMDQzQjA0MzgwNDMyMDQzMDA0M0QwNDNEMDQ0RjA0MjAwMDI4MDA0NDA0M0UwNDNEMDQzRTA0NDAwNDM1MDQ0NjA0MzUwNDNGMDQ0MjA0M0UwNDQwMDQzODA0MjkwMDNGMDANCg0K</FormattedText>
					</QuestionText>
					<Options>
						<IsAllowRandom>true</IsAllowRandom>
						<IsCompulsory>false</IsCompulsory>
						<IsOnlyForEduMode>false</IsOnlyForEduMode>
						<IsDenyPartially>false</IsDenyPartially>
					</Options>
					<Variants>
						<VariantText CorrectAnswer="False">
							<PlainText>У слухових кісточках.</PlainText>
							<FormattedText>LTggMSAzIDINCi05IDEgMCAwIDAgMCAxMw0KOTYNCi05IDIgMCAwIDAgMCAxDQoNCjBFMDEwOTUzNzQ3OTZDNjU0RTYxNkQ2NTA2MEI0RTZGNzI2RDYxNkMyMDc0NjU3ODc0MEE1MzY5N0E2NTQ0NkY3NTYyNkM2NTAyMUMwODQ2NkY2RTc0NEU2MTZENjUwNjBGNTQ2OTZENjU3MzIwNEU2NTc3MjA1MjZGNkQ2MTZFMDc1NTZFNjk2MzZGNjQ2NTA5MDQ1MzY5N0E2NTAyMEUwMDAxMDg1Mzc0NjE2RTY0NjE3MjY0MDgwNzQzNjg2MTcyNzM2NTc0MDcwRjUyNTU1MzUzNDk0MTRFNUY0MzQ4NDE1MjUzNDU1NDBBNTM2OTdBNjU0NDZGNzU2MjZDNjUwMjFDMDg0NjZGNkU3NDRFNjE2RDY1MDYwRjU0Njk2RDY1NzMyMDRFNjU3NzIwNTI2RjZENjE2RTA3NTU2RTY5NjM2RjY0NjUwOTA0NTM2OTdBNjUwMjBFMDAwMA0KLTkgMiAwIDAgMCAwIDINCg0KMEUwMTA0NTQ2MTYyNzMwRTAwMDAwMA0KLTkgMiAwIDAgMCAwIDQNCg0KMEUwMA0KLTkgMCAwIDAgMCAwIDcNCjEgMSAwIDggMyAwDQoyMzA0MjAwMDQxMDQzQjA0NDMwNDQ1MDQzRTA0MzIwNDM4MDQ0NTA0MjAwMDNBMDQ1NjA0NDEwNDQyMDQzRTA0NDcwNDNBMDQzMDA0NDUwNDJFMDANCg==</FormattedText>
						</VariantText>
						<VariantText CorrectAnswer="True">
							<PlainText>У завитці.</PlainText>
							<FormattedText>LTggMSAzIDINCi05IDEgMCAwIDAgMCAxMw0KOTYNCi05IDIgMCAwIDAgMCAxDQoNCjBFMDEwOTUzNzQ3OTZDNjU0RTYxNkQ2NTA2MEI0RTZGNzI2RDYxNkMyMDc0NjU3ODc0MEE1MzY5N0E2NTQ0NkY3NTYyNkM2NTAyMUMwODQ2NkY2RTc0NEU2MTZENjUwNjBGNTQ2OTZENjU3MzIwNEU2NTc3MjA1MjZGNkQ2MTZFMDc1NTZFNjk2MzZGNjQ2NTA5MDQ1MzY5N0E2NTAyMEUwMDAxMDg1Mzc0NjE2RTY0NjE3MjY0MDgwNzQzNjg2MTcyNzM2NTc0MDcwRjUyNTU1MzUzNDk0MTRFNUY0MzQ4NDE1MjUzNDU1NDBBNTM2OTdBNjU0NDZGNzU2MjZDNjUwMjFDMDg0NjZGNkU3NDRFNjE2RDY1MDYwRjU0Njk2RDY1NzMyMDRFNjU3NzIwNTI2RjZENjE2RTA3NTU2RTY5NjM2RjY0NjUwOTA0NTM2OTdBNjUwMjBFMDAwMA0KLTkgMiAwIDAgMCAwIDINCg0KMEUwMTA0NTQ2MTYyNzMwRTAwMDAwMA0KLTkgMiAwIDAgMCAwIDQNCg0KMEUwMA0KLTkgMCAwIDAgMCAwIDcNCjEgMSAwIDggMyAwDQoyMzA0MjAwMDM3MDQzMDA0MzIwNDM4MDQ0MjA0NDYwNDU2MDQyRTAwDQo=</FormattedText>
						</VariantText>
						<VariantText CorrectAnswer="False">
							<PlainText>У півколових каналах.</PlainText>
							<FormattedText>LTggMSAzIDINCi05IDEgMCAwIDAgMCAxMw0KOTYNCi05IDIgMCAwIDAgMCAxDQoNCjBFMDEwOTUzNzQ3OTZDNjU0RTYxNkQ2NTA2MEI0RTZGNzI2RDYxNkMyMDc0NjU3ODc0MEE1MzY5N0E2NTQ0NkY3NTYyNkM2NTAyMUMwODQ2NkY2RTc0NEU2MTZENjUwNjBGNTQ2OTZENjU3MzIwNEU2NTc3MjA1MjZGNkQ2MTZFMDc1NTZFNjk2MzZGNjQ2NTA5MDQ1MzY5N0E2NTAyMEUwMDAxMDg1Mzc0NjE2RTY0NjE3MjY0MDgwNzQzNjg2MTcyNzM2NTc0MDcwRjUyNTU1MzUzNDk0MTRFNUY0MzQ4NDE1MjUzNDU1NDBBNTM2OTdBNjU0NDZGNzU2MjZDNjUwMjFDMDg0NjZGNkU3NDRFNjE2RDY1MDYwRjU0Njk2RDY1NzMyMDRFNjU3NzIwNTI2RjZENjE2RTA3NTU2RTY5NjM2RjY0NjUwOTA0NTM2OTdBNjUwMjBFMDAwMA0KLTkgMiAwIDAgMCAwIDINCg0KMEUwMTA0NTQ2MTYyNzMwRTAwMDAwMA0KLTkgMiAwIDAgMCAwIDQNCg0KMEUwMA0KLTkgMCAwIDAgMCAwIDcNCjEgMSAwIDggMyAwDQoyMzA0MjAwMDNGMDQ1NjA0MzIwNDNBMDQzRTA0M0IwNDNFMDQzMjA0MzgwNDQ1MDQyMDAwM0EwNDMwMDQzRDA0MzAwNDNCMDQzMDA0NDUwNDJFMDANCg==</FormattedText>
						</VariantText>
						<VariantText CorrectAnswer="False">
							<PlainText>У присінку.</PlainText>
							<FormattedText>LTggMSAzIDINCi05IDEgMCAwIDAgMCAxMw0KOTYNCi05IDIgMCAwIDAgMCAxDQoNCjBFMDEwOTUzNzQ3OTZDNjU0RTYxNkQ2NTA2MEI0RTZGNzI2RDYxNkMyMDc0NjU3ODc0MEE1MzY5N0E2NTQ0NkY3NTYyNkM2NTAyMUMwODQ2NkY2RTc0NEU2MTZENjUwNjBGNTQ2OTZENjU3MzIwNEU2NTc3MjA1MjZGNkQ2MTZFMDc1NTZFNjk2MzZGNjQ2NTA5MDQ1MzY5N0E2NTAyMEUwMDAxMDg1Mzc0NjE2RTY0NjE3MjY0MDgwNzQzNjg2MTcyNzM2NTc0MDcwRjUyNTU1MzUzNDk0MTRFNUY0MzQ4NDE1MjUzNDU1NDBBNTM2OTdBNjU0NDZGNzU2MjZDNjUwMjFDMDg0NjZGNkU3NDRFNjE2RDY1MDYwRjU0Njk2RDY1NzMyMDRFNjU3NzIwNTI2RjZENjE2RTA3NTU2RTY5NjM2RjY0NjUwOTA0NTM2OTdBNjUwMjBFMDAwMA0KLTkgMiAwIDAgMCAwIDINCg0KMEUwMTA0NTQ2MTYyNzMwRTAwMDAwMA0KLTkgMiAwIDAgMCAwIDQNCg0KMEUwMA0KLTkgMCAwIDAgMCAwIDcNCjEgMSAwIDggMyAwDQoyMzA0MjAwMDNGMDQ0MDA0MzgwNDQxMDQ1NjA0M0QwNDNBMDQ0MzA0MkUwMA0K</FormattedText>
						</VariantText>
						<VariantText CorrectAnswer="False">
							<PlainText>У Євстахієвій трубі.</PlainText>
							<FormattedText>LTggMSAzIDINCi05IDEgMCAwIDAgMCAxMw0KOTYNCi05IDIgMCAwIDAgMCAxDQoNCjBFMDEwOTUzNzQ3OTZDNjU0RTYxNkQ2NTA2MEI0RTZGNzI2RDYxNkMyMDc0NjU3ODc0MEE1MzY5N0E2NTQ0NkY3NTYyNkM2NTAyMUMwODQ2NkY2RTc0NEU2MTZENjUwNjBGNTQ2OTZENjU3MzIwNEU2NTc3MjA1MjZGNkQ2MTZFMDc1NTZFNjk2MzZGNjQ2NTA5MDQ1MzY5N0E2NTAyMEUwMDAxMDg1Mzc0NjE2RTY0NjE3MjY0MDgwNzQzNjg2MTcyNzM2NTc0MDcwRjUyNTU1MzUzNDk0MTRFNUY0MzQ4NDE1MjUzNDU1NDBBNTM2OTdBNjU0NDZGNzU2MjZDNjUwMjFDMDg0NjZGNkU3NDRFNjE2RDY1MDYwRjU0Njk2RDY1NzMyMDRFNjU3NzIwNTI2RjZENjE2RTA3NTU2RTY5NjM2RjY0NjUwOTA0NTM2OTdBNjUwMjBFMDAwMA0KLTkgMiAwIDAgMCAwIDINCg0KMEUwMTA0NTQ2MTYyNzMwRTAwMDAwMA0KLTkgMiAwIDAgMCAwIDQNCg0KMEUwMA0KLTkgMCAwIDAgMCAwIDcNCjEgMSAwIDggMyAwDQoyMzA0MjAwMDA0MDQzMjA0NDEwNDQyMDQzMDA0NDUwNDU2MDQ1NDA0MzIwNDU2MDQzOTA0MjAwMDQyMDQ0MDA0NDMwNDMxMDQ1NjA0MkUwMA0K</FormattedText>
						</VariantText>
					</Variants>
				</Task>
				<!-- ***** -->
				<Task Type="TYPE_TASK_CHOICE_SINGLE" Score="1">
					<Title/>
					<QuestionText>
						<PlainText>Які рецепторні клітини є фонорецепторами?</PlainText>
						<FormattedText>LTggMSAzIDINCi05IDEgMCAwIDAgMCAxMw0KOTYNCi05IDIgMCAwIDAgMCAxDQoNCjBFMDEwOTUzNzQ3OTZDNjU0RTYxNkQ2NTA2MEI0RTZGNzI2RDYxNkMyMDc0NjU3ODc0MEE1MzY5N0E2NTQ0NkY3NTYyNkM2NTAyMUMwODQ2NkY2RTc0NEU2MTZENjUwNjBGNTQ2OTZENjU3MzIwNEU2NTc3MjA1MjZGNkQ2MTZFMDc1NTZFNjk2MzZGNjQ2NTA5MDQ1MzY5N0E2NTAyMEUwMDAxMDg1Mzc0NjE2RTY0NjE3MjY0MDgwNzQzNjg2MTcyNzM2NTc0MDcwRjUyNTU1MzUzNDk0MTRFNUY0MzQ4NDE1MjUzNDU1NDBBNTM2OTdBNjU0NDZGNzU2MjZDNjUwMjFDMDg0NjZGNkU3NDRFNjE2RDY1MDYwRjU0Njk2RDY1NzMyMDRFNjU3NzIwNTI2RjZENjE2RTA3NTU2RTY5NjM2RjY0NjUwOTA0NTM2OTdBNjUwMjBFMDAwMA0KLTkgMiAwIDAgMCAwIDINCg0KMEUwMTA0NTQ2MTYyNzMwRTAwMDAwMTA4NTM3NDYxNkU2NDYxNzI2NDA4MDk0MTZDNjk2NzZFNkQ2NTZFNzQwNzBBNzI3NjYxNEE3NTczNzQ2OTY2NzkwNDU0NjE2MjczMEUwMDAwMDANCi05IDIgMCAwIDAgMCA0DQoNCjBFMDANCi05IDAgMCAwIDAgMCA3DQoxIDIgMSA4IDMgMA0KMkYwNDNBMDQ1NjA0MjAwMDQwMDQzNTA0NDYwNDM1MDQzRjA0NDIwNDNFMDQ0MDA0M0QwNDU2MDQyMDAwM0EwNDNCMDQ1NjA0NDIwNDM4MDQzRDA0MzgwNDIwMDA1NDA0MjAwMDQ0MDQzRTA0M0QwNDNFMDQ0MDA0MzUwNDQ2MDQzNTA0M0YwNDQyMDQzRTA0NDAwNDMwMDQzQzA0MzgwNDNGMDANCg0K</FormattedText>
					</QuestionText>
					<Options>
						<IsAllowRandom>true</IsAllowRandom>
						<IsCompulsory>false</IsCompulsory>
						<IsOnlyForEduMode>false</IsOnlyForEduMode>
						<IsDenyPartially>false</IsDenyPartially>
					</Options>
					<Variants>
						<VariantText CorrectAnswer="False">
							<PlainText>Тільця Мейсснера.</PlainText>
							<FormattedText>LTggMSAzIDINCi05IDEgMCAwIDAgMCAxMw0KOTYNCi05IDIgMCAwIDAgMCAxDQoNCjBFMDEwOTUzNzQ3OTZDNjU0RTYxNkQ2NTA2MEI0RTZGNzI2RDYxNkMyMDc0NjU3ODc0MEE1MzY5N0E2NTQ0NkY3NTYyNkM2NTAyMUMwODQ2NkY2RTc0NEU2MTZENjUwNjBGNTQ2OTZENjU3MzIwNEU2NTc3MjA1MjZGNkQ2MTZFMDc1NTZFNjk2MzZGNjQ2NTA5MDQ1MzY5N0E2NTAyMEUwMDAxMDg1Mzc0NjE2RTY0NjE3MjY0MDgwNzQzNjg2MTcyNzM2NTc0MDcwRjUyNTU1MzUzNDk0MTRFNUY0MzQ4NDE1MjUzNDU1NDBBNTM2OTdBNjU0NDZGNzU2MjZDNjUwMjFDMDg0NjZGNkU3NDRFNjE2RDY1MDYwRjU0Njk2RDY1NzMyMDRFNjU3NzIwNTI2RjZENjE2RTA3NTU2RTY5NjM2RjY0NjUwOTA0NTM2OTdBNjUwMjBFMDAwMA0KLTkgMiAwIDAgMCAwIDINCg0KMEUwMTA0NTQ2MTYyNzMwRTAwMDAwMA0KLTkgMiAwIDAgMCAwIDQNCg0KMEUwMA0KLTkgMCAwIDAgMCAwIDcNCjEgMSAwIDggMyAwDQoyMjA0NTYwNDNCMDQ0QzA0NDYwNDRGMDQyMDAwMUMwNDM1MDQzOTA0NDEwNDQxMDQzRDA0MzUwNDQwMDQzMDA0MkUwMA0K</FormattedText>
						</VariantText>
						<VariantText CorrectAnswer="False">
							<PlainText>Пластинчасті тільця Фатера-Пачіні.</PlainText>
							<FormattedText>LTggMSAzIDINCi05IDEgMCAwIDAgMCAxMw0KOTYNCi05IDIgMCAwIDAgMCAxDQoNCjBFMDEwOTUzNzQ3OTZDNjU0RTYxNkQ2NTA2MEI0RTZGNzI2RDYxNkMyMDc0NjU3ODc0MEE1MzY5N0E2NTQ0NkY3NTYyNkM2NTAyMUMwODQ2NkY2RTc0NEU2MTZENjUwNjBGNTQ2OTZENjU3MzIwNEU2NTc3MjA1MjZGNkQ2MTZFMDc1NTZFNjk2MzZGNjQ2NTA5MDQ1MzY5N0E2NTAyMEUwMDAxMDg1Mzc0NjE2RTY0NjE3MjY0MDgwNzQzNjg2MTcyNzM2NTc0MDcwRjUyNTU1MzUzNDk0MTRFNUY0MzQ4NDE1MjUzNDU1NDBBNTM2OTdBNjU0NDZGNzU2MjZDNjUwMjFDMDg0NjZGNkU3NDRFNjE2RDY1MDYwRjU0Njk2RDY1NzMyMDRFNjU3NzIwNTI2RjZENjE2RTA3NTU2RTY5NjM2RjY0NjUwOTA0NTM2OTdBNjUwMjBFMDAwMA0KLTkgMiAwIDAgMCAwIDINCg0KMEUwMTA0NTQ2MTYyNzMwRTAwMDAwMA0KLTkgMiAwIDAgMCAwIDQNCg0KMEUwMA0KLTkgMCAwIDAgMCAwIDcNCjEgMSAwIDggMyAwDQoxRjA0M0IwNDMwMDQ0MTA0NDIwNDM4MDQzRDA0NDcwNDMwMDQ0MTA0NDIwNDU2MDQyMDAwNDIwNDU2MDQzQjA0NEMwNDQ2MDQ0RjA0MjAwMDI0MDQzMDA0NDIwNDM1MDQ0MDA0MzAwNDJEMDAxRjA0MzAwNDQ3MDQ1NjA0M0QwNDU2MDQyRTAwDQo=</FormattedText>
						</VariantText>
						<VariantText CorrectAnswer="False">
							<PlainText>Отоліти.</PlainText>
							<FormattedText>LTggMSAzIDINCi05IDEgMCAwIDAgMCAxMw0KOTYNCi05IDIgMCAwIDAgMCAxDQoNCjBFMDEwOTUzNzQ3OTZDNjU0RTYxNkQ2NTA2MEI0RTZGNzI2RDYxNkMyMDc0NjU3ODc0MEE1MzY5N0E2NTQ0NkY3NTYyNkM2NTAyMUMwODQ2NkY2RTc0NEU2MTZENjUwNjBGNTQ2OTZENjU3MzIwNEU2NTc3MjA1MjZGNkQ2MTZFMDc1NTZFNjk2MzZGNjQ2NTA5MDQ1MzY5N0E2NTAyMEUwMDAxMDg1Mzc0NjE2RTY0NjE3MjY0MDgwNzQzNjg2MTcyNzM2NTc0MDcwRjUyNTU1MzUzNDk0MTRFNUY0MzQ4NDE1MjUzNDU1NDBBNTM2OTdBNjU0NDZGNzU2MjZDNjUwMjFDMDg0NjZGNkU3NDRFNjE2RDY1MDYwRjU0Njk2RDY1NzMyMDRFNjU3NzIwNTI2RjZENjE2RTA3NTU2RTY5NjM2RjY0NjUwOTA0NTM2OTdBNjUwMjBFMDAwMA0KLTkgMiAwIDAgMCAwIDINCg0KMEUwMTA0NTQ2MTYyNzMwRTAwMDAwMA0KLTkgMiAwIDAgMCAwIDQNCg0KMEUwMA0KLTkgMCAwIDAgMCAwIDcNCjEgMSAwIDggMyAwDQoxRTA0NDIwNDNFMDQzQjA0NTYwNDQyMDQzODA0MkUwMA0K</FormattedText>
						</VariantText>
						<VariantText CorrectAnswer="False">
							<PlainText>Волокна слухового нерву.</PlainText>
							<FormattedText>LTggMSAzIDINCi05IDEgMCAwIDAgMCAxMw0KOTYNCi05IDIgMCAwIDAgMCAxDQoNCjBFMDEwOTUzNzQ3OTZDNjU0RTYxNkQ2NTA2MEI0RTZGNzI2RDYxNkMyMDc0NjU3ODc0MEE1MzY5N0E2NTQ0NkY3NTYyNkM2NTAyMUMwODQ2NkY2RTc0NEU2MTZENjUwNjBGNTQ2OTZENjU3MzIwNEU2NTc3MjA1MjZGNkQ2MTZFMDc1NTZFNjk2MzZGNjQ2NTA5MDQ1MzY5N0E2NTAyMEUwMDAxMDg1Mzc0NjE2RTY0NjE3MjY0MDgwNzQzNjg2MTcyNzM2NTc0MDcwRjUyNTU1MzUzNDk0MTRFNUY0MzQ4NDE1MjUzNDU1NDBBNTM2OTdBNjU0NDZGNzU2MjZDNjUwMjFDMDg0NjZGNkU3NDRFNjE2RDY1MDYwRjU0Njk2RDY1NzMyMDRFNjU3NzIwNTI2RjZENjE2RTA3NTU2RTY5NjM2RjY0NjUwOTA0NTM2OTdBNjUwMjBFMDAwMA0KLTkgMiAwIDAgMCAwIDINCg0KMEUwMTA0NTQ2MTYyNzMwRTAwMDAwMA0KLTkgMiAwIDAgMCAwIDQNCg0KMEUwMA0KLTkgMCAwIDAgMCAwIDcNCjEgMSAwIDggMyAwDQoxMjA0M0UwNDNCMDQzRTA0M0EwNDNEMDQzMDA0MjAwMDQxMDQzQjA0NDMwNDQ1MDQzRTA0MzIwNDNFMDQzMzA0M0UwNDIwMDAzRDA0MzUwNDQwMDQzMjA0NDMwNDJFMDANCg==</FormattedText>
						</VariantText>
						<VariantText CorrectAnswer="True">
							<PlainText>Волоскові клітини.</PlainText>
							<FormattedText>LTggMSAzIDINCi05IDEgMCAwIDAgMCAxMw0KOTYNCi05IDIgMCAwIDAgMCAxDQoNCjBFMDEwOTUzNzQ3OTZDNjU0RTYxNkQ2NTA2MEI0RTZGNzI2RDYxNkMyMDc0NjU3ODc0MEE1MzY5N0E2NTQ0NkY3NTYyNkM2NTAyMUMwODQ2NkY2RTc0NEU2MTZENjUwNjBGNTQ2OTZENjU3MzIwNEU2NTc3MjA1MjZGNkQ2MTZFMDc1NTZFNjk2MzZGNjQ2NTA5MDQ1MzY5N0E2NTAyMEUwMDAxMDg1Mzc0NjE2RTY0NjE3MjY0MDgwNzQzNjg2MTcyNzM2NTc0MDcwRjUyNTU1MzUzNDk0MTRFNUY0MzQ4NDE1MjUzNDU1NDBBNTM2OTdBNjU0NDZGNzU2MjZDNjUwMjFDMDg0NjZGNkU3NDRFNjE2RDY1MDYwRjU0Njk2RDY1NzMyMDRFNjU3NzIwNTI2RjZENjE2RTA3NTU2RTY5NjM2RjY0NjUwOTA0NTM2OTdBNjUwMjBFMDAwMA0KLTkgMiAwIDAgMCAwIDINCg0KMEUwMTA0NTQ2MTYyNzMwRTAwMDAwMA0KLTkgMiAwIDAgMCAwIDQNCg0KMEUwMA0KLTkgMCAwIDAgMCAwIDcNCjEgMSAwIDggMyAwDQoxMjA0M0UwNDNCMDQzRTA0NDEwNDNBMDQzRTA0MzIwNDU2MDQyMDAwM0EwNDNCMDQ1NjA0NDIwNDM4MDQzRDA0MzgwNDJFMDANCg==</FormattedText>
						</VariantText>
					</Variants>
				</Task>
				<!-- ***** -->
				<Task Type="TYPE_TASK_CHOICE_SINGLE" Score="1">
					<Title/>
					<QuestionText>
						<PlainText>Яким фізіологічним механізмом забезпечується рефлекс розширення зіниці?</PlainText>
						<FormattedText>LTggMSAzIDINCi05IDEgMCAwIDAgMCAxMw0KOTYNCi05IDIgMCAwIDAgMCAxDQoNCjBFMDEwOTUzNzQ3OTZDNjU0RTYxNkQ2NTA2MEI0RTZGNzI2RDYxNkMyMDc0NjU3ODc0MEE1MzY5N0E2NTQ0NkY3NTYyNkM2NTAyMUMwODQ2NkY2RTc0NEU2MTZENjUwNjBGNTQ2OTZENjU3MzIwNEU2NTc3MjA1MjZGNkQ2MTZFMDc1NTZFNjk2MzZGNjQ2NTA5MDQ1MzY5N0E2NTAyMEUwMDAxMDg1Mzc0NjE2RTY0NjE3MjY0MDgwNzQzNjg2MTcyNzM2NTc0MDcwRjUyNTU1MzUzNDk0MTRFNUY0MzQ4NDE1MjUzNDU1NDBBNTM2OTdBNjU0NDZGNzU2MjZDNjUwMjFDMDg0NjZGNkU3NDRFNjE2RDY1MDYwRjU0Njk2RDY1NzMyMDRFNjU3NzIwNTI2RjZENjE2RTA3NTU2RTY5NjM2RjY0NjUwOTA0NTM2OTdBNjUwMjBFMDAwMA0KLTkgMiAwIDAgMCAwIDINCg0KMEUwMTA0NTQ2MTYyNzMwRTAwMDAwMTA4NTM3NDYxNkU2NDYxNzI2NDA4MDk0MTZDNjk2NzZFNkQ2NTZFNzQwNzBBNzI3NjYxNEE3NTczNzQ2OTY2NzkwNDU0NjE2MjczMEUwMDAwMDANCi05IDIgMCAwIDAgMCA0DQoNCjBFMDANCi05IDAgMCAwIDAgMCA3DQoxIDIgMSA4IDMgMA0KMkYwNDNBMDQzODA0M0MwNDIwMDA0NDA0NTYwNDM3MDQ1NjA0M0UwNDNCMDQzRTA0MzMwNDU2MDQ0NzA0M0QwNDM4MDQzQzA0MjAwMDNDMDQzNTA0NDUwNDMwMDQzRDA0NTYwNDM3MDQzQzA0M0UwNDNDMDQyMDAwMzcwNDMwMDQzMTA0MzUwNDM3MDQzRjA0MzUwNDQ3MDQ0MzA0NTQwNDQyMDQ0QzA0NDEwNDRGMDQyMDAwNDAwNDM1MDQ0NDA0M0IwNDM1MDQzQTA0NDEwNDIwMDA0MDA0M0UwNDM3MDQ0ODA0MzgwNDQwMDQzNTA0M0QwNDNEMDQ0RjA0MjAwMDM3MDQ1NjA0M0QwNDM4MDQ0NjA0NTYwNDNGMDANCg0K</FormattedText>
					</QuestionText>
					<Options>
						<IsAllowRandom>true</IsAllowRandom>
						<IsCompulsory>false</IsCompulsory>
						<IsOnlyForEduMode>false</IsOnlyForEduMode>
						<IsDenyPartially>false</IsDenyPartially>
					</Options>
					<Variants>
						<VariantText CorrectAnswer="False">
							<PlainText>Розслаблення м&apos;язів війкового тіла.</PlainText>
							<FormattedText>LTggMSAzIDINCi05IDEgMCAwIDAgMCAxMw0KOTYNCi05IDIgMCAwIDAgMCAxDQoNCjBFMDEwOTUzNzQ3OTZDNjU0RTYxNkQ2NTA2MEI0RTZGNzI2RDYxNkMyMDc0NjU3ODc0MEE1MzY5N0E2NTQ0NkY3NTYyNkM2NTAyMUMwODQ2NkY2RTc0NEU2MTZENjUwNjBGNTQ2OTZENjU3MzIwNEU2NTc3MjA1MjZGNkQ2MTZFMDc1NTZFNjk2MzZGNjQ2NTA5MDQ1MzY5N0E2NTAyMEUwMDAxMDg1Mzc0NjE2RTY0NjE3MjY0MDgwNzQzNjg2MTcyNzM2NTc0MDcwRjUyNTU1MzUzNDk0MTRFNUY0MzQ4NDE1MjUzNDU1NDBBNTM2OTdBNjU0NDZGNzU2MjZDNjUwMjFDMDg0NjZGNkU3NDRFNjE2RDY1MDYwRjU0Njk2RDY1NzMyMDRFNjU3NzIwNTI2RjZENjE2RTA3NTU2RTY5NjM2RjY0NjUwOTA0NTM2OTdBNjUwMjBFMDAwMA0KLTkgMiAwIDAgMCAwIDINCg0KMEUwMTA0NTQ2MTYyNzMwRTAwMDAwMA0KLTkgMiAwIDAgMCAwIDQNCg0KMEUwMA0KLTkgMCAwIDAgMCAwIDcNCjEgMSAwIDggMyAwDQoyMDA0M0UwNDM3MDQ0MTA0M0IwNDMwMDQzMTA0M0IwNDM1MDQzRDA0M0QwNDRGMDQyMDAwM0MwNDI3MDA0RjA0MzcwNDU2MDQzMjA0MjAwMDMyMDQ1NjA0MzkwNDNBMDQzRTA0MzIwNDNFMDQzMzA0M0UwNDIwMDA0MjA0NTYwNDNCMDQzMDA0MkUwMA0K</FormattedText>
						</VariantText>
						<VariantText CorrectAnswer="False">
							<PlainText>Скорочення прямих м&apos;язів очей.</PlainText>
							<FormattedText>LTggMSAzIDINCi05IDEgMCAwIDAgMCAxMw0KOTYNCi05IDIgMCAwIDAgMCAxDQoNCjBFMDEwOTUzNzQ3OTZDNjU0RTYxNkQ2NTA2MEI0RTZGNzI2RDYxNkMyMDc0NjU3ODc0MEE1MzY5N0E2NTQ0NkY3NTYyNkM2NTAyMUMwODQ2NkY2RTc0NEU2MTZENjUwNjBGNTQ2OTZENjU3MzIwNEU2NTc3MjA1MjZGNkQ2MTZFMDc1NTZFNjk2MzZGNjQ2NTA5MDQ1MzY5N0E2NTAyMEUwMDAxMDg1Mzc0NjE2RTY0NjE3MjY0MDgwNzQzNjg2MTcyNzM2NTc0MDcwRjUyNTU1MzUzNDk0MTRFNUY0MzQ4NDE1MjUzNDU1NDBBNTM2OTdBNjU0NDZGNzU2MjZDNjUwMjFDMDg0NjZGNkU3NDRFNjE2RDY1MDYwRjU0Njk2RDY1NzMyMDRFNjU3NzIwNTI2RjZENjE2RTA3NTU2RTY5NjM2RjY0NjUwOTA0NTM2OTdBNjUwMjBFMDAwMA0KLTkgMiAwIDAgMCAwIDINCg0KMEUwMTA0NTQ2MTYyNzMwRTAwMDAwMA0KLTkgMiAwIDAgMCAwIDQNCg0KMEUwMA0KLTkgMCAwIDAgMCAwIDcNCjEgMSAwIDggMyAwDQoyMTA0M0EwNDNFMDQ0MDA0M0UwNDQ3MDQzNTA0M0QwNDNEMDQ0RjA0MjAwMDNGMDQ0MDA0NEYwNDNDMDQzODA0NDUwNDIwMDAzQzA0MjcwMDRGMDQzNzA0NTYwNDMyMDQyMDAwM0UwNDQ3MDQzNTA0MzkwNDJFMDANCg==</FormattedText>
						</VariantText>
						<VariantText CorrectAnswer="False">
							<PlainText>Скорочення косих м&apos;язів очей.</PlainText>
							<FormattedText>LTggMSAzIDINCi05IDEgMCAwIDAgMCAxMw0KOTYNCi05IDIgMCAwIDAgMCAxDQoNCjBFMDEwOTUzNzQ3OTZDNjU0RTYxNkQ2NTA2MEI0RTZGNzI2RDYxNkMyMDc0NjU3ODc0MEE1MzY5N0E2NTQ0NkY3NTYyNkM2NTAyMUMwODQ2NkY2RTc0NEU2MTZENjUwNjBGNTQ2OTZENjU3MzIwNEU2NTc3MjA1MjZGNkQ2MTZFMDc1NTZFNjk2MzZGNjQ2NTA5MDQ1MzY5N0E2NTAyMEUwMDAxMDg1Mzc0NjE2RTY0NjE3MjY0MDgwNzQzNjg2MTcyNzM2NTc0MDcwRjUyNTU1MzUzNDk0MTRFNUY0MzQ4NDE1MjUzNDU1NDBBNTM2OTdBNjU0NDZGNzU2MjZDNjUwMjFDMDg0NjZGNkU3NDRFNjE2RDY1MDYwRjU0Njk2RDY1NzMyMDRFNjU3NzIwNTI2RjZENjE2RTA3NTU2RTY5NjM2RjY0NjUwOTA0NTM2OTdBNjUwMjBFMDAwMA0KLTkgMiAwIDAgMCAwIDINCg0KMEUwMTA0NTQ2MTYyNzMwRTAwMDAwMA0KLTkgMiAwIDAgMCAwIDQNCg0KMEUwMA0KLTkgMCAwIDAgMCAwIDcNCjEgMSAwIDggMyAwDQoyMTA0M0EwNDNFMDQ0MDA0M0UwNDQ3MDQzNTA0M0QwNDNEMDQ0RjA0MjAwMDNBMDQzRTA0NDEwNDM4MDQ0NTA0MjAwMDNDMDQyNzAwNEYwNDM3MDQ1NjA0MzIwNDIwMDAzRTA0NDcwNDM1MDQzOTA0MkUwMA0K</FormattedText>
						</VariantText>
						<VariantText CorrectAnswer="True">
							<PlainText>Скорочення радіальних м&apos;язів райдужної оболонки.</PlainText>
							<FormattedText>LTggMSAzIDINCi05IDEgMCAwIDAgMCAxMw0KOTYNCi05IDIgMCAwIDAgMCAxDQoNCjBFMDEwOTUzNzQ3OTZDNjU0RTYxNkQ2NTA2MEI0RTZGNzI2RDYxNkMyMDc0NjU3ODc0MEE1MzY5N0E2NTQ0NkY3NTYyNkM2NTAyMUMwODQ2NkY2RTc0NEU2MTZENjUwNjBGNTQ2OTZENjU3MzIwNEU2NTc3MjA1MjZGNkQ2MTZFMDc1NTZFNjk2MzZGNjQ2NTA5MDQ1MzY5N0E2NTAyMEUwMDAxMDg1Mzc0NjE2RTY0NjE3MjY0MDgwNzQzNjg2MTcyNzM2NTc0MDcwRjUyNTU1MzUzNDk0MTRFNUY0MzQ4NDE1MjUzNDU1NDBBNTM2OTdBNjU0NDZGNzU2MjZDNjUwMjFDMDg0NjZGNkU3NDRFNjE2RDY1MDYwRjU0Njk2RDY1NzMyMDRFNjU3NzIwNTI2RjZENjE2RTA3NTU2RTY5NjM2RjY0NjUwOTA0NTM2OTdBNjUwMjBFMDAwMA0KLTkgMiAwIDAgMCAwIDINCg0KMEUwMTA0NTQ2MTYyNzMwRTAwMDAwMA0KLTkgMiAwIDAgMCAwIDQNCg0KMEUwMA0KLTkgMCAwIDAgMCAwIDcNCjEgMSAwIDggMyAwDQoyMTA0M0EwNDNFMDQ0MDA0M0UwNDQ3MDQzNTA0M0QwNDNEMDQ0RjA0MjAwMDQwMDQzMDA0MzQwNDU2MDQzMDA0M0IwNDRDMDQzRDA0MzgwNDQ1MDQyMDAwM0MwNDI3MDA0RjA0MzcwNDU2MDQzMjA0MjAwMDQwMDQzMDA0MzkwNDM0MDQ0MzA0MzYwNDNEMDQzRTA0NTcwNDIwMDAzRTA0MzEwNDNFMDQzQjA0M0UwNDNEMDQzQTA0MzgwNDJFMDANCg==</FormattedText>
						</VariantText>
						<VariantText CorrectAnswer="False">
							<PlainText>Скорочення циркулярних м&apos;язів райдужної оболонки.</PlainText>
							<FormattedText>LTggMSAzIDINCi05IDEgMCAwIDAgMCAxMw0KOTYNCi05IDIgMCAwIDAgMCAxDQoNCjBFMDEwOTUzNzQ3OTZDNjU0RTYxNkQ2NTA2MEI0RTZGNzI2RDYxNkMyMDc0NjU3ODc0MEE1MzY5N0E2NTQ0NkY3NTYyNkM2NTAyMUMwODQ2NkY2RTc0NEU2MTZENjUwNjBGNTQ2OTZENjU3MzIwNEU2NTc3MjA1MjZGNkQ2MTZFMDc1NTZFNjk2MzZGNjQ2NTA5MDQ1MzY5N0E2NTAyMEUwMDAxMDg1Mzc0NjE2RTY0NjE3MjY0MDgwNzQzNjg2MTcyNzM2NTc0MDcwRjUyNTU1MzUzNDk0MTRFNUY0MzQ4NDE1MjUzNDU1NDBBNTM2OTdBNjU0NDZGNzU2MjZDNjUwMjFDMDg0NjZGNkU3NDRFNjE2RDY1MDYwRjU0Njk2RDY1NzMyMDRFNjU3NzIwNTI2RjZENjE2RTA3NTU2RTY5NjM2RjY0NjUwOTA0NTM2OTdBNjUwMjBFMDAwMA0KLTkgMiAwIDAgMCAwIDINCg0KMEUwMTA0NTQ2MTYyNzMwRTAwMDAwMA0KLTkgMiAwIDAgMCAwIDQNCg0KMEUwMA0KLTkgMCAwIDAgMCAwIDcNCjEgMSAwIDggMyAwDQoyMTA0M0EwNDNFMDQ0MDA0M0UwNDQ3MDQzNTA0M0QwNDNEMDQ0RjA0MjAwMDQ2MDQzODA0NDAwNDNBMDQ0MzA0M0IwNDRGMDQ0MDA0M0QwNDM4MDQ0NTA0MjAwMDNDMDQyNzAwNEYwNDM3MDQ1NjA0MzIwNDIwMDA0MDA0MzAwNDM5MDQzNDA0NDMwNDM2MDQzRDA0M0UwNDU3MDQyMDAwM0UwNDMxMDQzRTA0M0IwNDNFMDQzRDA0M0EwNDM4MDQyRTAwDQo=</FormattedText>
						</VariantText>
					</Variants>
				</Task>
				<!-- ***** -->
				<Task Type="TYPE_TASK_CHOICE_SINGLE" Score="1">
					<Title/>
					<QuestionText>
						<PlainText>Визначте функцію пігментного шару сітківки.</PlainText>
						<FormattedText>LTggMSAzIDINCi05IDEgMCAwIDAgMCAxMw0KOTYNCi05IDIgMCAwIDAgMCAxDQoNCjBFMDEwOTUzNzQ3OTZDNjU0RTYxNkQ2NTA2MEI0RTZGNzI2RDYxNkMyMDc0NjU3ODc0MEE1MzY5N0E2NTQ0NkY3NTYyNkM2NTAyMUMwODQ2NkY2RTc0NEU2MTZENjUwNjBGNTQ2OTZENjU3MzIwNEU2NTc3MjA1MjZGNkQ2MTZFMDc1NTZFNjk2MzZGNjQ2NTA5MDQ1MzY5N0E2NTAyMEUwMDAxMDg1Mzc0NjE2RTY0NjE3MjY0MDgwNzQzNjg2MTcyNzM2NTc0MDcwRjUyNTU1MzUzNDk0MTRFNUY0MzQ4NDE1MjUzNDU1NDBBNTM2OTdBNjU0NDZGNzU2MjZDNjUwMjFDMDg0NjZGNkU3NDRFNjE2RDY1MDYwRjU0Njk2RDY1NzMyMDRFNjU3NzIwNTI2RjZENjE2RTA3NTU2RTY5NjM2RjY0NjUwOTA0NTM2OTdBNjUwMjBFMDAwMA0KLTkgMiAwIDAgMCAwIDINCg0KMEUwMTA0NTQ2MTYyNzMwRTAwMDAwMTA4NTM3NDYxNkU2NDYxNzI2NDA4MDk0MTZDNjk2NzZFNkQ2NTZFNzQwNzBBNzI3NjYxNEE3NTczNzQ2OTY2NzkwNDU0NjE2MjczMEUwMDAwMDANCi05IDIgMCAwIDAgMCA0DQoNCjBFMDANCi05IDAgMCAwIDAgMCA3DQoxIDIgMSA4IDMgMA0KMTIwNDM4MDQzNzA0M0QwNDMwMDQ0NzA0NDIwNDM1MDQyMDAwNDQwNDQzMDQzRDA0M0EwNDQ2MDQ1NjA0NEUwNDIwMDAzRjA0NTYwNDMzMDQzQzA0MzUwNDNEMDQ0MjA0M0QwNDNFMDQzMzA0M0UwNDIwMDA0ODA0MzAwNDQwMDQ0MzA0MjAwMDQxMDQ1NjA0NDIwNDNBMDQ1NjA0MzIwNDNBMDQzODA0MkUwMA0KDQo=</FormattedText>
					</QuestionText>
					<Options>
						<IsAllowRandom>true</IsAllowRandom>
						<IsCompulsory>false</IsCompulsory>
						<IsOnlyForEduMode>false</IsOnlyForEduMode>
						<IsDenyPartially>false</IsDenyPartially>
					</Options>
					<Variants>
						<VariantText CorrectAnswer="True">
							<PlainText>Перешкода світлорозсіюванню.</PlainText>
							<FormattedText>LTggMSAzIDINCi05IDEgMCAwIDAgMCAxMw0KOTYNCi05IDIgMCAwIDAgMCAxDQoNCjBFMDEwOTUzNzQ3OTZDNjU0RTYxNkQ2NTA2MEI0RTZGNzI2RDYxNkMyMDc0NjU3ODc0MEE1MzY5N0E2NTQ0NkY3NTYyNkM2NTAyMUMwODQ2NkY2RTc0NEU2MTZENjUwNjBGNTQ2OTZENjU3MzIwNEU2NTc3MjA1MjZGNkQ2MTZFMDc1NTZFNjk2MzZGNjQ2NTA5MDQ1MzY5N0E2NTAyMEUwMDAxMDg1Mzc0NjE2RTY0NjE3MjY0MDgwNzQzNjg2MTcyNzM2NTc0MDcwRjUyNTU1MzUzNDk0MTRFNUY0MzQ4NDE1MjUzNDU1NDBBNTM2OTdBNjU0NDZGNzU2MjZDNjUwMjFDMDg0NjZGNkU3NDRFNjE2RDY1MDYwRjU0Njk2RDY1NzMyMDRFNjU3NzIwNTI2RjZENjE2RTA3NTU2RTY5NjM2RjY0NjUwOTA0NTM2OTdBNjUwMjBFMDAwMA0KLTkgMiAwIDAgMCAwIDINCg0KMEUwMTA0NTQ2MTYyNzMwRTAwMDAwMA0KLTkgMiAwIDAgMCAwIDQNCg0KMEUwMA0KLTkgMCAwIDAgMCAwIDcNCjEgMSAwIDggMyAwDQoxRjA0MzUwNDQwMDQzNTA0NDgwNDNBMDQzRTA0MzQwNDMwMDQyMDAwNDEwNDMyMDQ1NjA0NDIwNDNCMDQzRTA0NDAwNDNFMDQzNzA0NDEwNDU2MDQ0RTA0MzIwNDMwMDQzRDA0M0QwNDRFMDQyRTAwDQo=</FormattedText>
						</VariantText>
						<VariantText CorrectAnswer="False">
							<PlainText>Імунна.</PlainText>
							<FormattedText>LTggMSAzIDINCi05IDEgMCAwIDAgMCAxMw0KOTYNCi05IDIgMCAwIDAgMCAxDQoNCjBFMDEwOTUzNzQ3OTZDNjU0RTYxNkQ2NTA2MEI0RTZGNzI2RDYxNkMyMDc0NjU3ODc0MEE1MzY5N0E2NTQ0NkY3NTYyNkM2NTAyMUMwODQ2NkY2RTc0NEU2MTZENjUwNjBGNTQ2OTZENjU3MzIwNEU2NTc3MjA1MjZGNkQ2MTZFMDc1NTZFNjk2MzZGNjQ2NTA5MDQ1MzY5N0E2NTAyMEUwMDAxMDg1Mzc0NjE2RTY0NjE3MjY0MDgwNzQzNjg2MTcyNzM2NTc0MDcwRjUyNTU1MzUzNDk0MTRFNUY0MzQ4NDE1MjUzNDU1NDBBNTM2OTdBNjU0NDZGNzU2MjZDNjUwMjFDMDg0NjZGNkU3NDRFNjE2RDY1MDYwRjU0Njk2RDY1NzMyMDRFNjU3NzIwNTI2RjZENjE2RTA3NTU2RTY5NjM2RjY0NjUwOTA0NTM2OTdBNjUwMjBFMDAwMA0KLTkgMiAwIDAgMCAwIDINCg0KMEUwMTA0NTQ2MTYyNzMwRTAwMDAwMA0KLTkgMiAwIDAgMCAwIDQNCg0KMEUwMA0KLTkgMCAwIDAgMCAwIDcNCjEgMSAwIDggMyAwDQowNjA0M0MwNDQzMDQzRDA0M0QwNDMwMDQyRTAwDQo=</FormattedText>
						</VariantText>
						<VariantText CorrectAnswer="False">
							<PlainText>Світосприйняття.</PlainText>
							<FormattedText>LTggMSAzIDINCi05IDEgMCAwIDAgMCAxMw0KOTYNCi05IDIgMCAwIDAgMCAxDQoNCjBFMDEwOTUzNzQ3OTZDNjU0RTYxNkQ2NTA2MEI0RTZGNzI2RDYxNkMyMDc0NjU3ODc0MEE1MzY5N0E2NTQ0NkY3NTYyNkM2NTAyMUMwODQ2NkY2RTc0NEU2MTZENjUwNjBGNTQ2OTZENjU3MzIwNEU2NTc3MjA1MjZGNkQ2MTZFMDc1NTZFNjk2MzZGNjQ2NTA5MDQ1MzY5N0E2NTAyMEUwMDAxMDg1Mzc0NjE2RTY0NjE3MjY0MDgwNzQzNjg2MTcyNzM2NTc0MDcwRjUyNTU1MzUzNDk0MTRFNUY0MzQ4NDE1MjUzNDU1NDBBNTM2OTdBNjU0NDZGNzU2MjZDNjUwMjFDMDg0NjZGNkU3NDRFNjE2RDY1MDYwRjU0Njk2RDY1NzMyMDRFNjU3NzIwNTI2RjZENjE2RTA3NTU2RTY5NjM2RjY0NjUwOTA0NTM2OTdBNjUwMjBFMDAwMA0KLTkgMiAwIDAgMCAwIDINCg0KMEUwMTA0NTQ2MTYyNzMwRTAwMDAwMA0KLTkgMiAwIDAgMCAwIDQNCg0KMEUwMA0KLTkgMCAwIDAgMCAwIDcNCjEgMSAwIDggMyAwDQoyMTA0MzIwNDU2MDQ0MjA0M0UwNDQxMDQzRjA0NDAwNDM4MDQzOTA0M0QwNDRGMDQ0MjA0NDIwNDRGMDQyRTAwDQo=</FormattedText>
						</VariantText>
						<VariantText CorrectAnswer="False">
							<PlainText>Захисна.</PlainText>
							<FormattedText>LTggMSAzIDINCi05IDEgMCAwIDAgMCAxMw0KOTYNCi05IDIgMCAwIDAgMCAxDQoNCjBFMDEwOTUzNzQ3OTZDNjU0RTYxNkQ2NTA2MEI0RTZGNzI2RDYxNkMyMDc0NjU3ODc0MEE1MzY5N0E2NTQ0NkY3NTYyNkM2NTAyMUMwODQ2NkY2RTc0NEU2MTZENjUwNjBGNTQ2OTZENjU3MzIwNEU2NTc3MjA1MjZGNkQ2MTZFMDc1NTZFNjk2MzZGNjQ2NTA5MDQ1MzY5N0E2NTAyMEUwMDAxMDg1Mzc0NjE2RTY0NjE3MjY0MDgwNzQzNjg2MTcyNzM2NTc0MDcwRjUyNTU1MzUzNDk0MTRFNUY0MzQ4NDE1MjUzNDU1NDBBNTM2OTdBNjU0NDZGNzU2MjZDNjUwMjFDMDg0NjZGNkU3NDRFNjE2RDY1MDYwRjU0Njk2RDY1NzMyMDRFNjU3NzIwNTI2RjZENjE2RTA3NTU2RTY5NjM2RjY0NjUwOTA0NTM2OTdBNjUwMjBFMDAwMA0KLTkgMiAwIDAgMCAwIDINCg0KMEUwMTA0NTQ2MTYyNzMwRTAwMDAwMA0KLTkgMiAwIDAgMCAwIDQNCg0KMEUwMA0KLTkgMCAwIDAgMCAwIDcNCjEgMSAwIDggMyAwDQoxNzA0MzAwNDQ1MDQzODA0NDEwNDNEMDQzMDA0MkUwMA0K</FormattedText>
						</VariantText>
						<VariantText CorrectAnswer="False">
							<PlainText>Утворення сліз.</PlainText>
							<FormattedText>LTggMSAzIDINCi05IDEgMCAwIDAgMCAxMw0KOTYNCi05IDIgMCAwIDAgMCAxDQoNCjBFMDEwOTUzNzQ3OTZDNjU0RTYxNkQ2NTA2MEI0RTZGNzI2RDYxNkMyMDc0NjU3ODc0MEE1MzY5N0E2NTQ0NkY3NTYyNkM2NTAyMUMwODQ2NkY2RTc0NEU2MTZENjUwNjBGNTQ2OTZENjU3MzIwNEU2NTc3MjA1MjZGNkQ2MTZFMDc1NTZFNjk2MzZGNjQ2NTA5MDQ1MzY5N0E2NTAyMEUwMDAxMDg1Mzc0NjE2RTY0NjE3MjY0MDgwNzQzNjg2MTcyNzM2NTc0MDcwRjUyNTU1MzUzNDk0MTRFNUY0MzQ4NDE1MjUzNDU1NDBBNTM2OTdBNjU0NDZGNzU2MjZDNjUwMjFDMDg0NjZGNkU3NDRFNjE2RDY1MDYwRjU0Njk2RDY1NzMyMDRFNjU3NzIwNTI2RjZENjE2RTA3NTU2RTY5NjM2RjY0NjUwOTA0NTM2OTdBNjUwMjBFMDAwMA0KLTkgMiAwIDAgMCAwIDINCg0KMEUwMTA0NTQ2MTYyNzMwRTAwMDAwMA0KLTkgMiAwIDAgMCAwIDQNCg0KMEUwMA0KLTkgMCAwIDAgMCAwIDcNCjEgMSAwIDggMyAwDQoyMzA0NDIwNDMyMDQzRTA0NDAwNDM1MDQzRDA0M0QwNDRGMDQyMDAwNDEwNDNCMDQ1NjA0MzcwNDJFMDANCg==</FormattedText>
						</VariantText>
					</Variants>
				</Task>
				<!-- ***** -->
				<Task Type="TYPE_TASK_CHOICE_SINGLE" Score="1">
					<Title/>
					<QuestionText>
						<PlainText>Який фізіологічний процес відображає електроретинограма?</PlainText>
						<FormattedText>LTggMSAzIDINCi05IDEgMCAwIDAgMCAxMw0KOTYNCi05IDIgMCAwIDAgMCAxDQoNCjBFMDEwOTUzNzQ3OTZDNjU0RTYxNkQ2NTA2MEI0RTZGNzI2RDYxNkMyMDc0NjU3ODc0MEE1MzY5N0E2NTQ0NkY3NTYyNkM2NTAyMUMwODQ2NkY2RTc0NEU2MTZENjUwNjBGNTQ2OTZENjU3MzIwNEU2NTc3MjA1MjZGNkQ2MTZFMDc1NTZFNjk2MzZGNjQ2NTA5MDQ1MzY5N0E2NTAyMEUwMDAxMDg1Mzc0NjE2RTY0NjE3MjY0MDgwNzQzNjg2MTcyNzM2NTc0MDcwRjUyNTU1MzUzNDk0MTRFNUY0MzQ4NDE1MjUzNDU1NDBBNTM2OTdBNjU0NDZGNzU2MjZDNjUwMjFDMDg0NjZGNkU3NDRFNjE2RDY1MDYwRjU0Njk2RDY1NzMyMDRFNjU3NzIwNTI2RjZENjE2RTA3NTU2RTY5NjM2RjY0NjUwOTA0NTM2OTdBNjUwMjBFMDAwMA0KLTkgMiAwIDAgMCAwIDINCg0KMEUwMTA0NTQ2MTYyNzMwRTAwMDAwMTA4NTM3NDYxNkU2NDYxNzI2NDA4MDk0MTZDNjk2NzZFNkQ2NTZFNzQwNzBBNzI3NjYxNEE3NTczNzQ2OTY2NzkwNDU0NjE2MjczMEUwMDAwMDANCi05IDIgMCAwIDAgMCA0DQoNCjBFMDANCi05IDAgMCAwIDAgMCA3DQoxIDIgMSA4IDMgMA0KMkYwNDNBMDQzODA0MzkwNDIwMDA0NDA0NTYwNDM3MDQ1NjA0M0UwNDNCMDQzRTA0MzMwNDU2MDQ0NzA0M0QwNDM4MDQzOTA0MjAwMDNGMDQ0MDA0M0UwNDQ2MDQzNTA0NDEwNDIwMDAzMjA0NTYwNDM0MDQzRTA0MzEwNDQwMDQzMDA0MzYwNDMwMDQ1NDA0MjAwMDM1MDQzQjA0MzUwNDNBMDQ0MjA0NDAwNDNFMDQ0MDA0MzUwNDQyMDQzODA0M0QwNDNFMDQzMzA0NDAwNDMwMDQzQzA0MzAwNDNGMDANCg0K</FormattedText>
					</QuestionText>
					<Options>
						<IsAllowRandom>true</IsAllowRandom>
						<IsCompulsory>false</IsCompulsory>
						<IsOnlyForEduMode>false</IsOnlyForEduMode>
						<IsDenyPartially>false</IsDenyPartially>
					</Options>
					<Variants>
						<VariantText CorrectAnswer="False">
							<PlainText>Це крива реєстрації викликаних потенціалів оптичного тракту.</PlainText>
							<FormattedText>LTggMSAzIDINCi05IDEgMCAwIDAgMCAxMw0KOTYNCi05IDIgMCAwIDAgMCAxDQoNCjBFMDEwOTUzNzQ3OTZDNjU0RTYxNkQ2NTA2MEI0RTZGNzI2RDYxNkMyMDc0NjU3ODc0MEE1MzY5N0E2NTQ0NkY3NTYyNkM2NTAyMUMwODQ2NkY2RTc0NEU2MTZENjUwNjBGNTQ2OTZENjU3MzIwNEU2NTc3MjA1MjZGNkQ2MTZFMDc1NTZFNjk2MzZGNjQ2NTA5MDQ1MzY5N0E2NTAyMEUwMDAxMDg1Mzc0NjE2RTY0NjE3MjY0MDgwNzQzNjg2MTcyNzM2NTc0MDcwRjUyNTU1MzUzNDk0MTRFNUY0MzQ4NDE1MjUzNDU1NDBBNTM2OTdBNjU0NDZGNzU2MjZDNjUwMjFDMDg0NjZGNkU3NDRFNjE2RDY1MDYwRjU0Njk2RDY1NzMyMDRFNjU3NzIwNTI2RjZENjE2RTA3NTU2RTY5NjM2RjY0NjUwOTA0NTM2OTdBNjUwMjBFMDAwMA0KLTkgMiAwIDAgMCAwIDINCg0KMEUwMTA0NTQ2MTYyNzMwRTAwMDAwMA0KLTkgMiAwIDAgMCAwIDQNCg0KMEUwMA0KLTkgMCAwIDAgMCAwIDcNCjEgMSAwIDggMyAwDQoyNjA0MzUwNDIwMDAzQTA0NDAwNDM4MDQzMjA0MzAwNDIwMDA0MDA0MzUwNDU0MDQ0MTA0NDIwNDQwMDQzMDA0NDYwNDU2MDQ1NzA0MjAwMDMyMDQzODA0M0EwNDNCMDQzODA0M0EwNDMwMDQzRDA0MzgwNDQ1MDQyMDAwM0YwNDNFMDQ0MjA0MzUwNDNEMDQ0NjA0NTYwNDMwMDQzQjA0NTYwNDMyMDQyMDAwM0UwNDNGMDQ0MjA0MzgwNDQ3MDQzRDA0M0UwNDMzMDQzRTA0MjAwMDQyMDQ0MDA0MzAwNDNBMDQ0MjA0NDMwNDJFMDANCg==</FormattedText>
						</VariantText>
						<VariantText CorrectAnswer="True">
							<PlainText>Це крива реєстрації сумарної електричної активності сітківки ока.</PlainText>
							<FormattedText>LTggMSAzIDINCi05IDEgMCAwIDAgMCAxMw0KOTYNCi05IDIgMCAwIDAgMCAxDQoNCjBFMDEwOTUzNzQ3OTZDNjU0RTYxNkQ2NTA2MEI0RTZGNzI2RDYxNkMyMDc0NjU3ODc0MEE1MzY5N0E2NTQ0NkY3NTYyNkM2NTAyMUMwODQ2NkY2RTc0NEU2MTZENjUwNjBGNTQ2OTZENjU3MzIwNEU2NTc3MjA1MjZGNkQ2MTZFMDc1NTZFNjk2MzZGNjQ2NTA5MDQ1MzY5N0E2NTAyMEUwMDAxMDg1Mzc0NjE2RTY0NjE3MjY0MDgwNzQzNjg2MTcyNzM2NTc0MDcwRjUyNTU1MzUzNDk0MTRFNUY0MzQ4NDE1MjUzNDU1NDBBNTM2OTdBNjU0NDZGNzU2MjZDNjUwMjFDMDg0NjZGNkU3NDRFNjE2RDY1MDYwRjU0Njk2RDY1NzMyMDRFNjU3NzIwNTI2RjZENjE2RTA3NTU2RTY5NjM2RjY0NjUwOTA0NTM2OTdBNjUwMjBFMDAwMA0KLTkgMiAwIDAgMCAwIDINCg0KMEUwMTA0NTQ2MTYyNzMwRTAwMDAwMA0KLTkgMiAwIDAgMCAwIDQNCg0KMEUwMA0KLTkgMCAwIDAgMCAwIDcNCjEgMSAwIDggMyAwDQoyNjA0MzUwNDIwMDAzQTA0NDAwNDM4MDQzMjA0MzAwNDIwMDA0MDA0MzUwNDU0MDQ0MTA0NDIwNDQwMDQzMDA0NDYwNDU2MDQ1NzA0MjAwMDQxMDQ0MzA0M0MwNDMwMDQ0MDA0M0QwNDNFMDQ1NzA0MjAwMDM1MDQzQjA0MzUwNDNBMDQ0MjA0NDAwNDM4MDQ0NzA0M0QwNDNFMDQ1NzA0MjAwMDMwMDQzQTA0NDIwNDM4MDQzMjA0M0QwNDNFMDQ0MTA0NDIwNDU2MDQyMDAwNDEwNDU2MDQ0MjA0M0EwNDU2MDQzMjA0M0EwNDM4MDQyMDAwM0UwNDNBMDQzMDA0MkUwMA0K</FormattedText>
						</VariantText>
						<VariantText CorrectAnswer="False">
							<PlainText>Це крива реєстрації викликаних потенціалів зовнішнього колінчастого тіла.</PlainText>
							<FormattedText>LTggMSAzIDINCi05IDEgMCAwIDAgMCAxMw0KOTYNCi05IDIgMCAwIDAgMCAxDQoNCjBFMDEwOTUzNzQ3OTZDNjU0RTYxNkQ2NTA2MEI0RTZGNzI2RDYxNkMyMDc0NjU3ODc0MEE1MzY5N0E2NTQ0NkY3NTYyNkM2NTAyMUMwODQ2NkY2RTc0NEU2MTZENjUwNjBGNTQ2OTZENjU3MzIwNEU2NTc3MjA1MjZGNkQ2MTZFMDc1NTZFNjk2MzZGNjQ2NTA5MDQ1MzY5N0E2NTAyMEUwMDAxMDg1Mzc0NjE2RTY0NjE3MjY0MDgwNzQzNjg2MTcyNzM2NTc0MDcwRjUyNTU1MzUzNDk0MTRFNUY0MzQ4NDE1MjUzNDU1NDBBNTM2OTdBNjU0NDZGNzU2MjZDNjUwMjFDMDg0NjZGNkU3NDRFNjE2RDY1MDYwRjU0Njk2RDY1NzMyMDRFNjU3NzIwNTI2RjZENjE2RTA3NTU2RTY5NjM2RjY0NjUwOTA0NTM2OTdBNjUwMjBFMDAwMA0KLTkgMiAwIDAgMCAwIDINCg0KMEUwMTA0NTQ2MTYyNzMwRTAwMDAwMA0KLTkgMiAwIDAgMCAwIDQNCg0KMEUwMA0KLTkgMCAwIDAgMCAwIDcNCjEgMSAwIDggMyAwDQoyNjA0MzUwNDIwMDAzQTA0NDAwNDM4MDQzMjA0MzAwNDIwMDA0MDA0MzUwNDU0MDQ0MTA0NDIwNDQwMDQzMDA0NDYwNDU2MDQ1NzA0MjAwMDMyMDQzODA0M0EwNDNCMDQzODA0M0EwNDMwMDQzRDA0MzgwNDQ1MDQyMDAwM0YwNDNFMDQ0MjA0MzUwNDNEMDQ0NjA0NTYwNDMwMDQzQjA0NTYwNDMyMDQyMDAwMzcwNDNFMDQzMjA0M0QwNDU2MDQ0ODA0M0QwNDRDMDQzRTA0MzMwNDNFMDQyMDAwM0EwNDNFMDQzQjA0NTYwNDNEMDQ0NzA0MzAwNDQxMDQ0MjA0M0UwNDMzMDQzRTA0MjAwMDQyMDQ1NjA0M0IwNDMwMDQyRTAwDQo=</FormattedText>
						</VariantText>
						<VariantText CorrectAnswer="False">
							<PlainText>Це крива реєстрації викликаних потенціалів проекційної області зорової кори.</PlainText>
							<FormattedText>LTggMSAzIDINCi05IDEgMCAwIDAgMCAxMw0KOTYNCi05IDIgMCAwIDAgMCAxDQoNCjBFMDEwOTUzNzQ3OTZDNjU0RTYxNkQ2NTA2MEI0RTZGNzI2RDYxNkMyMDc0NjU3ODc0MEE1MzY5N0E2NTQ0NkY3NTYyNkM2NTAyMUMwODQ2NkY2RTc0NEU2MTZENjUwNjBGNTQ2OTZENjU3MzIwNEU2NTc3MjA1MjZGNkQ2MTZFMDc1NTZFNjk2MzZGNjQ2NTA5MDQ1MzY5N0E2NTAyMEUwMDAxMDg1Mzc0NjE2RTY0NjE3MjY0MDgwNzQzNjg2MTcyNzM2NTc0MDcwRjUyNTU1MzUzNDk0MTRFNUY0MzQ4NDE1MjUzNDU1NDBBNTM2OTdBNjU0NDZGNzU2MjZDNjUwMjFDMDg0NjZGNkU3NDRFNjE2RDY1MDYwRjU0Njk2RDY1NzMyMDRFNjU3NzIwNTI2RjZENjE2RTA3NTU2RTY5NjM2RjY0NjUwOTA0NTM2OTdBNjUwMjBFMDAwMA0KLTkgMiAwIDAgMCAwIDINCg0KMEUwMTA0NTQ2MTYyNzMwRTAwMDAwMA0KLTkgMiAwIDAgMCAwIDQNCg0KMEUwMA0KLTkgMCAwIDAgMCAwIDcNCjEgMSAwIDggMyAwDQoyNjA0MzUwNDIwMDAzQTA0NDAwNDM4MDQzMjA0MzAwNDIwMDA0MDA0MzUwNDU0MDQ0MTA0NDIwNDQwMDQzMDA0NDYwNDU2MDQ1NzA0MjAwMDMyMDQzODA0M0EwNDNCMDQzODA0M0EwNDMwMDQzRDA0MzgwNDQ1MDQyMDAwM0YwNDNFMDQ0MjA0MzUwNDNEMDQ0NjA0NTYwNDMwMDQzQjA0NTYwNDMyMDQyMDAwM0YwNDQwMDQzRTA0MzUwNDNBMDQ0NjA0NTYwNDM5MDQzRDA0M0UwNDU3MDQyMDAwM0UwNDMxMDQzQjA0MzAwNDQxMDQ0MjA0NTYwNDIwMDAzNzA0M0UwNDQwMDQzRTA0MzIwNDNFMDQ1NzA0MjAwMDNBMDQzRTA0NDAwNDM4MDQyRTAwDQo=</FormattedText>
						</VariantText>
						<VariantText CorrectAnswer="False">
							<PlainText>Це крива реєстрації руху очного яблука.</PlainText>
							<FormattedText>LTggMSAzIDINCi05IDEgMCAwIDAgMCAxMw0KOTYNCi05IDIgMCAwIDAgMCAxDQoNCjBFMDEwOTUzNzQ3OTZDNjU0RTYxNkQ2NTA2MEI0RTZGNzI2RDYxNkMyMDc0NjU3ODc0MEE1MzY5N0E2NTQ0NkY3NTYyNkM2NTAyMUMwODQ2NkY2RTc0NEU2MTZENjUwNjBGNTQ2OTZENjU3MzIwNEU2NTc3MjA1MjZGNkQ2MTZFMDc1NTZFNjk2MzZGNjQ2NTA5MDQ1MzY5N0E2NTAyMEUwMDAxMDg1Mzc0NjE2RTY0NjE3MjY0MDgwNzQzNjg2MTcyNzM2NTc0MDcwRjUyNTU1MzUzNDk0MTRFNUY0MzQ4NDE1MjUzNDU1NDBBNTM2OTdBNjU0NDZGNzU2MjZDNjUwMjFDMDg0NjZGNkU3NDRFNjE2RDY1MDYwRjU0Njk2RDY1NzMyMDRFNjU3NzIwNTI2RjZENjE2RTA3NTU2RTY5NjM2RjY0NjUwOTA0NTM2OTdBNjUwMjBFMDAwMA0KLTkgMiAwIDAgMCAwIDINCg0KMEUwMTA0NTQ2MTYyNzMwRTAwMDAwMA0KLTkgMiAwIDAgMCAwIDQNCg0KMEUwMA0KLTkgMCAwIDAgMCAwIDcNCjEgMSAwIDggMyAwDQoyNjA0MzUwNDIwMDAzQTA0NDAwNDM4MDQzMjA0MzAwNDIwMDA0MDA0MzUwNDU0MDQ0MTA0NDIwNDQwMDQzMDA0NDYwNDU2MDQ1NzA0MjAwMDQwMDQ0MzA0NDUwNDQzMDQyMDAwM0UwNDQ3MDQzRDA0M0UwNDMzMDQzRTA0MjAwMDRGMDQzMTA0M0IwNDQzMDQzQTA0MzAwNDJFMDANCg==</FormattedText>
						</VariantText>
					</Variants>
				</Task>
				<!-- ***** -->
				<Task Type="TYPE_TASK_CHOICE_SINGLE" Score="1">
					<Title/>
					<QuestionText>
						<PlainText>Яка повинна бути сила умовного сигналу щодо вироблення умовного рефлексу?</PlainText>
						<FormattedText>LTggMSAzIDINCi05IDEgMCAwIDAgMCAxMw0KOTYNCi05IDIgMCAwIDAgMCAxDQoNCjBFMDEwOTUzNzQ3OTZDNjU0RTYxNkQ2NTA2MEI0RTZGNzI2RDYxNkMyMDc0NjU3ODc0MEE1MzY5N0E2NTQ0NkY3NTYyNkM2NTAyMUMwODQ2NkY2RTc0NEU2MTZENjUwNjBGNTQ2OTZENjU3MzIwNEU2NTc3MjA1MjZGNkQ2MTZFMDc1NTZFNjk2MzZGNjQ2NTA5MDQ1MzY5N0E2NTAyMEUwMDAxMDg1Mzc0NjE2RTY0NjE3MjY0MDgwNzQzNjg2MTcyNzM2NTc0MDcwRjUyNTU1MzUzNDk0MTRFNUY0MzQ4NDE1MjUzNDU1NDBBNTM2OTdBNjU0NDZGNzU2MjZDNjUwMjFDMDg0NjZGNkU3NDRFNjE2RDY1MDYwRjU0Njk2RDY1NzMyMDRFNjU3NzIwNTI2RjZENjE2RTA3NTU2RTY5NjM2RjY0NjUwOTA0NTM2OTdBNjUwMjBFMDAwMA0KLTkgMiAwIDAgMCAwIDINCg0KMEUwMTA0NTQ2MTYyNzMwRTAwMDAwMTA4NTM3NDYxNkU2NDYxNzI2NDA4MDk0MTZDNjk2NzZFNkQ2NTZFNzQwNzBBNzI3NjYxNEE3NTczNzQ2OTY2NzkwNDU0NjE2MjczMEUwMDAwMDANCi05IDIgMCAwIDAgMCA0DQoNCjBFMDANCi05IDAgMCAwIDAgMCA3DQoxIDIgMSA4IDMgMA0KMkYwNDNBMDQzMDA0MjAwMDNGMDQzRTA0MzIwNDM4MDQzRDA0M0QwNDMwMDQyMDAwMzEwNDQzMDQ0MjA0MzgwNDIwMDA0MTA0MzgwNDNCMDQzMDA0MjAwMDQzMDQzQzA0M0UwNDMyMDQzRDA0M0UwNDMzMDQzRTA0MjAwMDQxMDQzODA0MzMwNDNEMDQzMDA0M0IwNDQzMDQyMDAwNDkwNDNFMDQzNDA0M0UwNDIwMDAzMjA0MzgwNDQwMDQzRTA0MzEwNDNCMDQzNTA0M0QwNDNEMDQ0RjA0MjAwMDQzMDQzQzA0M0UwNDMyMDQzRDA0M0UwNDMzMDQzRTA0MjAwMDQwMDQzNTA0NDQwNDNCMDQzNTA0M0EwNDQxMDQ0MzA0M0YwMA0KDQo=</FormattedText>
					</QuestionText>
					<Options>
						<IsAllowRandom>true</IsAllowRandom>
						<IsCompulsory>false</IsCompulsory>
						<IsOnlyForEduMode>false</IsOnlyForEduMode>
						<IsDenyPartially>false</IsDenyPartially>
					</Options>
					<Variants>
						<VariantText CorrectAnswer="False">
							<PlainText>Достатньою щодо нормального сприйняття.</PlainText>
							<FormattedText>LTggMSAzIDINCi05IDEgMCAwIDAgMCAxMw0KOTYNCi05IDIgMCAwIDAgMCAxDQoNCjBFMDEwOTUzNzQ3OTZDNjU0RTYxNkQ2NTA2MEI0RTZGNzI2RDYxNkMyMDc0NjU3ODc0MEE1MzY5N0E2NTQ0NkY3NTYyNkM2NTAyMUMwODQ2NkY2RTc0NEU2MTZENjUwNjBGNTQ2OTZENjU3MzIwNEU2NTc3MjA1MjZGNkQ2MTZFMDc1NTZFNjk2MzZGNjQ2NTA5MDQ1MzY5N0E2NTAyMEUwMDAxMDg1Mzc0NjE2RTY0NjE3MjY0MDgwNzQzNjg2MTcyNzM2NTc0MDcwRjUyNTU1MzUzNDk0MTRFNUY0MzQ4NDE1MjUzNDU1NDBBNTM2OTdBNjU0NDZGNzU2MjZDNjUwMjFDMDg0NjZGNkU3NDRFNjE2RDY1MDYwRjU0Njk2RDY1NzMyMDRFNjU3NzIwNTI2RjZENjE2RTA3NTU2RTY5NjM2RjY0NjUwOTA0NTM2OTdBNjUwMjBFMDAwMA0KLTkgMiAwIDAgMCAwIDINCg0KMEUwMTA0NTQ2MTYyNzMwRTAwMDAwMA0KLTkgMiAwIDAgMCAwIDQNCg0KMEUwMA0KLTkgMCAwIDAgMCAwIDcNCjEgMSAwIDggMyAwDQoxNDA0M0UwNDQxMDQ0MjA0MzAwNDQyMDQzRDA0NEMwNDNFMDQ0RTA0MjAwMDQ5MDQzRTA0MzQwNDNFMDQyMDAwM0QwNDNFMDQ0MDA0M0MwNDMwMDQzQjA0NEMwNDNEMDQzRTA0MzMwNDNFMDQyMDAwNDEwNDNGMDQ0MDA0MzgwNDM5MDQzRDA0NEYwNDQyMDQ0MjA0NEYwNDJFMDANCg==</FormattedText>
						</VariantText>
						<VariantText CorrectAnswer="False">
							<PlainText>Рівною силі безумовного сигналу.</PlainText>
							<FormattedText>LTggMSAzIDINCi05IDEgMCAwIDAgMCAxMw0KOTYNCi05IDIgMCAwIDAgMCAxDQoNCjBFMDEwOTUzNzQ3OTZDNjU0RTYxNkQ2NTA2MEI0RTZGNzI2RDYxNkMyMDc0NjU3ODc0MEE1MzY5N0E2NTQ0NkY3NTYyNkM2NTAyMUMwODQ2NkY2RTc0NEU2MTZENjUwNjBGNTQ2OTZENjU3MzIwNEU2NTc3MjA1MjZGNkQ2MTZFMDc1NTZFNjk2MzZGNjQ2NTA5MDQ1MzY5N0E2NTAyMEUwMDAxMDg1Mzc0NjE2RTY0NjE3MjY0MDgwNzQzNjg2MTcyNzM2NTc0MDcwRjUyNTU1MzUzNDk0MTRFNUY0MzQ4NDE1MjUzNDU1NDBBNTM2OTdBNjU0NDZGNzU2MjZDNjUwMjFDMDg0NjZGNkU3NDRFNjE2RDY1MDYwRjU0Njk2RDY1NzMyMDRFNjU3NzIwNTI2RjZENjE2RTA3NTU2RTY5NjM2RjY0NjUwOTA0NTM2OTdBNjUwMjBFMDAwMA0KLTkgMiAwIDAgMCAwIDINCg0KMEUwMTA0NTQ2MTYyNzMwRTAwMDAwMA0KLTkgMiAwIDAgMCAwIDQNCg0KMEUwMA0KLTkgMCAwIDAgMCAwIDcNCjEgMSAwIDggMyAwDQoyMDA0NTYwNDMyMDQzRDA0M0UwNDRFMDQyMDAwNDEwNDM4MDQzQjA0NTYwNDIwMDAzMTA0MzUwNDM3MDQ0MzA0M0MwNDNFMDQzMjA0M0QwNDNFMDQzMzA0M0UwNDIwMDA0MTA0MzgwNDMzMDQzRDA0MzAwNDNCMDQ0MzA0MkUwMA0K</FormattedText>
						</VariantText>
						<VariantText CorrectAnswer="False">
							<PlainText>Сильніше безумовного подразника.</PlainText>
							<FormattedText>LTggMSAzIDINCi05IDEgMCAwIDAgMCAxMw0KOTYNCi05IDIgMCAwIDAgMCAxDQoNCjBFMDEwOTUzNzQ3OTZDNjU0RTYxNkQ2NTA2MEI0RTZGNzI2RDYxNkMyMDc0NjU3ODc0MEE1MzY5N0E2NTQ0NkY3NTYyNkM2NTAyMUMwODQ2NkY2RTc0NEU2MTZENjUwNjBGNTQ2OTZENjU3MzIwNEU2NTc3MjA1MjZGNkQ2MTZFMDc1NTZFNjk2MzZGNjQ2NTA5MDQ1MzY5N0E2NTAyMEUwMDAxMDg1Mzc0NjE2RTY0NjE3MjY0MDgwNzQzNjg2MTcyNzM2NTc0MDcwRjUyNTU1MzUzNDk0MTRFNUY0MzQ4NDE1MjUzNDU1NDBBNTM2OTdBNjU0NDZGNzU2MjZDNjUwMjFDMDg0NjZGNkU3NDRFNjE2RDY1MDYwRjU0Njk2RDY1NzMyMDRFNjU3NzIwNTI2RjZENjE2RTA3NTU2RTY5NjM2RjY0NjUwOTA0NTM2OTdBNjUwMjBFMDAwMA0KLTkgMiAwIDAgMCAwIDINCg0KMEUwMTA0NTQ2MTYyNzMwRTAwMDAwMA0KLTkgMiAwIDAgMCAwIDQNCg0KMEUwMA0KLTkgMCAwIDAgMCAwIDcNCjEgMSAwIDggMyAwDQoyMTA0MzgwNDNCMDQ0QzA0M0QwNDU2MDQ0ODA0MzUwNDIwMDAzMTA0MzUwNDM3MDQ0MzA0M0MwNDNFMDQzMjA0M0QwNDNFMDQzMzA0M0UwNDIwMDAzRjA0M0UwNDM0MDQ0MDA0MzAwNDM3MDQzRDA0MzgwNDNBMDQzMDA0MkUwMA0K</FormattedText>
						</VariantText>
						<VariantText CorrectAnswer="True">
							<PlainText>Переважаючою на фоні інших подразників.</PlainText>
							<FormattedText>LTggMSAzIDINCi05IDEgMCAwIDAgMCAxMw0KOTYNCi05IDIgMCAwIDAgMCAxDQoNCjBFMDEwOTUzNzQ3OTZDNjU0RTYxNkQ2NTA2MEI0RTZGNzI2RDYxNkMyMDc0NjU3ODc0MEE1MzY5N0E2NTQ0NkY3NTYyNkM2NTAyMUMwODQ2NkY2RTc0NEU2MTZENjUwNjBGNTQ2OTZENjU3MzIwNEU2NTc3MjA1MjZGNkQ2MTZFMDc1NTZFNjk2MzZGNjQ2NTA5MDQ1MzY5N0E2NTAyMEUwMDAxMDg1Mzc0NjE2RTY0NjE3MjY0MDgwNzQzNjg2MTcyNzM2NTc0MDcwRjUyNTU1MzUzNDk0MTRFNUY0MzQ4NDE1MjUzNDU1NDBBNTM2OTdBNjU0NDZGNzU2MjZDNjUwMjFDMDg0NjZGNkU3NDRFNjE2RDY1MDYwRjU0Njk2RDY1NzMyMDRFNjU3NzIwNTI2RjZENjE2RTA3NTU2RTY5NjM2RjY0NjUwOTA0NTM2OTdBNjUwMjBFMDAwMA0KLTkgMiAwIDAgMCAwIDINCg0KMEUwMTA0NTQ2MTYyNzMwRTAwMDAwMA0KLTkgMiAwIDAgMCAwIDQNCg0KMEUwMA0KLTkgMCAwIDAgMCAwIDcNCjEgMSAwIDggMyAwDQoxRjA0MzUwNDQwMDQzNTA0MzIwNDMwMDQzNjA0MzAwNDRFMDQ0NzA0M0UwNDRFMDQyMDAwM0QwNDMwMDQyMDAwNDQwNDNFMDQzRDA0NTYwNDIwMDA1NjA0M0QwNDQ4MDQzODA0NDUwNDIwMDAzRjA0M0UwNDM0MDQ0MDA0MzAwNDM3MDQzRDA0MzgwNDNBMDQ1NjA0MzIwNDJFMDANCg==</FormattedText>
						</VariantText>
						<VariantText CorrectAnswer="False">
							<PlainText>Слабше безумовного подразника.</PlainText>
							<FormattedText>LTggMSAzIDINCi05IDEgMCAwIDAgMCAxMw0KOTYNCi05IDIgMCAwIDAgMCAxDQoNCjBFMDEwOTUzNzQ3OTZDNjU0RTYxNkQ2NTA2MEI0RTZGNzI2RDYxNkMyMDc0NjU3ODc0MEE1MzY5N0E2NTQ0NkY3NTYyNkM2NTAyMUMwODQ2NkY2RTc0NEU2MTZENjUwNjBGNTQ2OTZENjU3MzIwNEU2NTc3MjA1MjZGNkQ2MTZFMDc1NTZFNjk2MzZGNjQ2NTA5MDQ1MzY5N0E2NTAyMEUwMDAxMDg1Mzc0NjE2RTY0NjE3MjY0MDgwNzQzNjg2MTcyNzM2NTc0MDcwRjUyNTU1MzUzNDk0MTRFNUY0MzQ4NDE1MjUzNDU1NDBBNTM2OTdBNjU0NDZGNzU2MjZDNjUwMjFDMDg0NjZGNkU3NDRFNjE2RDY1MDYwRjU0Njk2RDY1NzMyMDRFNjU3NzIwNTI2RjZENjE2RTA3NTU2RTY5NjM2RjY0NjUwOTA0NTM2OTdBNjUwMjBFMDAwMA0KLTkgMiAwIDAgMCAwIDINCg0KMEUwMTA0NTQ2MTYyNzMwRTAwMDAwMA0KLTkgMiAwIDAgMCAwIDQNCg0KMEUwMA0KLTkgMCAwIDAgMCAwIDcNCjEgMSAwIDggMyAwDQoyMTA0M0IwNDMwMDQzMTA0NDgwNDM1MDQyMDAwMzEwNDM1MDQzNzA0NDMwNDNDMDQzRTA0MzIwNDNEMDQzRTA0MzMwNDNFMDQyMDAwM0YwNDNFMDQzNDA0NDAwNDMwMDQzNzA0M0QwNDM4MDQzQTA0MzAwNDJFMDANCg==</FormattedText>
						</VariantText>
					</Variants>
				</Task>
				<!-- ***** -->
				<Task Type="TYPE_TASK_CHOICE_SINGLE" Score="1">
					<Title/>
					<QuestionText>
						<PlainText>Яка повинна бути сила безумовного сигналу щодо вироблення умовного рефлексу?</PlainText>
						<FormattedText>LTggMSAzIDINCi05IDEgMCAwIDAgMCAxMw0KOTYNCi05IDIgMCAwIDAgMCAxDQoNCjBFMDEwOTUzNzQ3OTZDNjU0RTYxNkQ2NTA2MEI0RTZGNzI2RDYxNkMyMDc0NjU3ODc0MEE1MzY5N0E2NTQ0NkY3NTYyNkM2NTAyMUMwODQ2NkY2RTc0NEU2MTZENjUwNjBGNTQ2OTZENjU3MzIwNEU2NTc3MjA1MjZGNkQ2MTZFMDc1NTZFNjk2MzZGNjQ2NTA5MDQ1MzY5N0E2NTAyMEUwMDAxMDg1Mzc0NjE2RTY0NjE3MjY0MDgwNzQzNjg2MTcyNzM2NTc0MDcwRjUyNTU1MzUzNDk0MTRFNUY0MzQ4NDE1MjUzNDU1NDBBNTM2OTdBNjU0NDZGNzU2MjZDNjUwMjFDMDg0NjZGNkU3NDRFNjE2RDY1MDYwRjU0Njk2RDY1NzMyMDRFNjU3NzIwNTI2RjZENjE2RTA3NTU2RTY5NjM2RjY0NjUwOTA0NTM2OTdBNjUwMjBFMDAwMA0KLTkgMiAwIDAgMCAwIDINCg0KMEUwMTA0NTQ2MTYyNzMwRTAwMDAwMTA4NTM3NDYxNkU2NDYxNzI2NDA4MDk0MTZDNjk2NzZFNkQ2NTZFNzQwNzBBNzI3NjYxNEE3NTczNzQ2OTY2NzkwNDU0NjE2MjczMEUwMDAwMDANCi05IDIgMCAwIDAgMCA0DQoNCjBFMDANCi05IDAgMCAwIDAgMCA3DQoxIDIgMSA4IDMgMA0KMkYwNDNBMDQzMDA0MjAwMDNGMDQzRTA0MzIwNDM4MDQzRDA0M0QwNDMwMDQyMDAwMzEwNDQzMDQ0MjA0MzgwNDIwMDA0MTA0MzgwNDNCMDQzMDA0MjAwMDMxMDQzNTA0MzcwNDQzMDQzQzA0M0UwNDMyMDQzRDA0M0UwNDMzMDQzRTA0MjAwMDQxMDQzODA0MzMwNDNEMDQzMDA0M0IwNDQzMDQyMDAwNDkwNDNFMDQzNDA0M0UwNDIwMDAzMjA0MzgwNDQwMDQzRTA0MzEwNDNCMDQzNTA0M0QwNDNEMDQ0RjA0MjAwMDQzMDQzQzA0M0UwNDMyMDQzRDA0M0UwNDMzMDQzRTA0MjAwMDQwMDQzNTA0NDQwNDNCMDQzNTA0M0EwNDQxMDQ0MzA0M0YwMA0KDQo=</FormattedText>
					</QuestionText>
					<Options>
						<IsAllowRandom>true</IsAllowRandom>
						<IsCompulsory>false</IsCompulsory>
						<IsOnlyForEduMode>false</IsOnlyForEduMode>
						<IsDenyPartially>false</IsDenyPartially>
					</Options>
					<Variants>
						<VariantText CorrectAnswer="False">
							<PlainText>Рівною силі умовного сигналу.</PlainText>
							<FormattedText>LTggMSAzIDINCi05IDEgMCAwIDAgMCAxMw0KOTYNCi05IDIgMCAwIDAgMCAxDQoNCjBFMDEwOTUzNzQ3OTZDNjU0RTYxNkQ2NTA2MEI0RTZGNzI2RDYxNkMyMDc0NjU3ODc0MEE1MzY5N0E2NTQ0NkY3NTYyNkM2NTAyMUMwODQ2NkY2RTc0NEU2MTZENjUwNjBGNTQ2OTZENjU3MzIwNEU2NTc3MjA1MjZGNkQ2MTZFMDc1NTZFNjk2MzZGNjQ2NTA5MDQ1MzY5N0E2NTAyMEUwMDAxMDg1Mzc0NjE2RTY0NjE3MjY0MDgwNzQzNjg2MTcyNzM2NTc0MDcwRjUyNTU1MzUzNDk0MTRFNUY0MzQ4NDE1MjUzNDU1NDBBNTM2OTdBNjU0NDZGNzU2MjZDNjUwMjFDMDg0NjZGNkU3NDRFNjE2RDY1MDYwRjU0Njk2RDY1NzMyMDRFNjU3NzIwNTI2RjZENjE2RTA3NTU2RTY5NjM2RjY0NjUwOTA0NTM2OTdBNjUwMjBFMDAwMA0KLTkgMiAwIDAgMCAwIDINCg0KMEUwMTA0NTQ2MTYyNzMwRTAwMDAwMA0KLTkgMiAwIDAgMCAwIDQNCg0KMEUwMA0KLTkgMCAwIDAgMCAwIDcNCjEgMSAwIDggMyAwDQoyMDA0NTYwNDMyMDQzRDA0M0UwNDRFMDQyMDAwNDEwNDM4MDQzQjA0NTYwNDIwMDA0MzA0M0MwNDNFMDQzMjA0M0QwNDNFMDQzMzA0M0UwNDIwMDA0MTA0MzgwNDMzMDQzRDA0MzAwNDNCMDQ0MzA0MkUwMA0K</FormattedText>
						</VariantText>
						<VariantText CorrectAnswer="False">
							<PlainText>Слабше умовного подразника.</PlainText>
							<FormattedText>LTggMSAzIDINCi05IDEgMCAwIDAgMCAxMw0KOTYNCi05IDIgMCAwIDAgMCAxDQoNCjBFMDEwOTUzNzQ3OTZDNjU0RTYxNkQ2NTA2MEI0RTZGNzI2RDYxNkMyMDc0NjU3ODc0MEE1MzY5N0E2NTQ0NkY3NTYyNkM2NTAyMUMwODQ2NkY2RTc0NEU2MTZENjUwNjBGNTQ2OTZENjU3MzIwNEU2NTc3MjA1MjZGNkQ2MTZFMDc1NTZFNjk2MzZGNjQ2NTA5MDQ1MzY5N0E2NTAyMEUwMDAxMDg1Mzc0NjE2RTY0NjE3MjY0MDgwNzQzNjg2MTcyNzM2NTc0MDcwRjUyNTU1MzUzNDk0MTRFNUY0MzQ4NDE1MjUzNDU1NDBBNTM2OTdBNjU0NDZGNzU2MjZDNjUwMjFDMDg0NjZGNkU3NDRFNjE2RDY1MDYwRjU0Njk2RDY1NzMyMDRFNjU3NzIwNTI2RjZENjE2RTA3NTU2RTY5NjM2RjY0NjUwOTA0NTM2OTdBNjUwMjBFMDAwMA0KLTkgMiAwIDAgMCAwIDINCg0KMEUwMTA0NTQ2MTYyNzMwRTAwMDAwMA0KLTkgMiAwIDAgMCAwIDQNCg0KMEUwMA0KLTkgMCAwIDAgMCAwIDcNCjEgMSAwIDggMyAwDQoyMTA0M0IwNDMwMDQzMTA0NDgwNDM1MDQyMDAwNDMwNDNDMDQzRTA0MzIwNDNEMDQzRTA0MzMwNDNFMDQyMDAwM0YwNDNFMDQzNDA0NDAwNDMwMDQzNzA0M0QwNDM4MDQzQTA0MzAwNDJFMDANCg==</FormattedText>
						</VariantText>
						<VariantText CorrectAnswer="False">
							<PlainText>Достатньою для нормального здійснення базового безумовного рефлексу.</PlainText>
							<FormattedText>LTggMSAzIDINCi05IDEgMCAwIDAgMCAxMw0KOTYNCi05IDIgMCAwIDAgMCAxDQoNCjBFMDEwOTUzNzQ3OTZDNjU0RTYxNkQ2NTA2MEI0RTZGNzI2RDYxNkMyMDc0NjU3ODc0MEE1MzY5N0E2NTQ0NkY3NTYyNkM2NTAyMUMwODQ2NkY2RTc0NEU2MTZENjUwNjBGNTQ2OTZENjU3MzIwNEU2NTc3MjA1MjZGNkQ2MTZFMDc1NTZFNjk2MzZGNjQ2NTA5MDQ1MzY5N0E2NTAyMEUwMDAxMDg1Mzc0NjE2RTY0NjE3MjY0MDgwNzQzNjg2MTcyNzM2NTc0MDcwRjUyNTU1MzUzNDk0MTRFNUY0MzQ4NDE1MjUzNDU1NDBBNTM2OTdBNjU0NDZGNzU2MjZDNjUwMjFDMDg0NjZGNkU3NDRFNjE2RDY1MDYwRjU0Njk2RDY1NzMyMDRFNjU3NzIwNTI2RjZENjE2RTA3NTU2RTY5NjM2RjY0NjUwOTA0NTM2OTdBNjUwMjBFMDAwMA0KLTkgMiAwIDAgMCAwIDINCg0KMEUwMTA0NTQ2MTYyNzMwRTAwMDAwMA0KLTkgMiAwIDAgMCAwIDQNCg0KMEUwMA0KLTkgMCAwIDAgMCAwIDcNCjEgMSAwIDggMyAwDQoyMDAwMTQwNDNFMDQ0MTA0NDIwNDMwMDQ0MjA0M0QwNDRDMDQzRTA0NEUwNDIwMDAzNDA0M0IwNDRGMDQyMDAwM0QwNDNFMDQ0MDA0M0MwNDMwMDQzQjA0NEMwNDNEMDQzRTA0MzMwNDNFMDQyMDAwMzcwNDM0MDQ1NjA0MzkwNDQxMDQzRDA0MzUwNDNEMDQzRDA0NEYwNDIwMDAzMTA0MzAwNDM3MDQzRTA0MzIwNDNFMDQzMzA0M0UwNDIwMDAzMTA0MzUwNDM3MDQ0MzA0M0MwNDNFMDQzMjA0M0QwNDNFMDQzMzA0M0UwNDIwMDA0MDA0MzUwNDQ0MDQzQjA0MzUwNDNBMDQ0MTA0NDMwNDJFMDANCg==</FormattedText>
						</VariantText>
						<VariantText CorrectAnswer="False">
							<PlainText>Переважаючою на фоні інших подразників.</PlainText>
							<FormattedText>LTggMSAzIDINCi05IDEgMCAwIDAgMCAxMw0KOTYNCi05IDIgMCAwIDAgMCAxDQoNCjBFMDEwOTUzNzQ3OTZDNjU0RTYxNkQ2NTA2MEI0RTZGNzI2RDYxNkMyMDc0NjU3ODc0MEE1MzY5N0E2NTQ0NkY3NTYyNkM2NTAyMUMwODQ2NkY2RTc0NEU2MTZENjUwNjBGNTQ2OTZENjU3MzIwNEU2NTc3MjA1MjZGNkQ2MTZFMDc1NTZFNjk2MzZGNjQ2NTA5MDQ1MzY5N0E2NTAyMEUwMDAxMDg1Mzc0NjE2RTY0NjE3MjY0MDgwNzQzNjg2MTcyNzM2NTc0MDcwRjUyNTU1MzUzNDk0MTRFNUY0MzQ4NDE1MjUzNDU1NDBBNTM2OTdBNjU0NDZGNzU2MjZDNjUwMjFDMDg0NjZGNkU3NDRFNjE2RDY1MDYwRjU0Njk2RDY1NzMyMDRFNjU3NzIwNTI2RjZENjE2RTA3NTU2RTY5NjM2RjY0NjUwOTA0NTM2OTdBNjUwMjBFMDAwMA0KLTkgMiAwIDAgMCAwIDINCg0KMEUwMTA0NTQ2MTYyNzMwRTAwMDAwMA0KLTkgMiAwIDAgMCAwIDQNCg0KMEUwMA0KLTkgMCAwIDAgMCAwIDcNCjEgMSAwIDggMyAwDQoxRjA0MzUwNDQwMDQzNTA0MzIwNDMwMDQzNjA0MzAwNDRFMDQ0NzA0M0UwNDRFMDQyMDAwM0QwNDMwMDQyMDAwNDQwNDNFMDQzRDA0NTYwNDIwMDA1NjA0M0QwNDQ4MDQzODA0NDUwNDIwMDAzRjA0M0UwNDM0MDQ0MDA0MzAwNDM3MDQzRDA0MzgwNDNBMDQ1NjA0MzIwNDJFMDANCg==</FormattedText>
						</VariantText>
						<VariantText CorrectAnswer="True">
							<PlainText>Сильніше умовного подразника.</PlainText>
							<FormattedText>LTggMSAzIDINCi05IDEgMCAwIDAgMCAxMw0KOTYNCi05IDIgMCAwIDAgMCAxDQoNCjBFMDEwOTUzNzQ3OTZDNjU0RTYxNkQ2NTA2MEI0RTZGNzI2RDYxNkMyMDc0NjU3ODc0MEE1MzY5N0E2NTQ0NkY3NTYyNkM2NTAyMUMwODQ2NkY2RTc0NEU2MTZENjUwNjBGNTQ2OTZENjU3MzIwNEU2NTc3MjA1MjZGNkQ2MTZFMDc1NTZFNjk2MzZGNjQ2NTA5MDQ1MzY5N0E2NTAyMEUwMDAxMDg1Mzc0NjE2RTY0NjE3MjY0MDgwNzQzNjg2MTcyNzM2NTc0MDcwRjUyNTU1MzUzNDk0MTRFNUY0MzQ4NDE1MjUzNDU1NDBBNTM2OTdBNjU0NDZGNzU2MjZDNjUwMjFDMDg0NjZGNkU3NDRFNjE2RDY1MDYwRjU0Njk2RDY1NzMyMDRFNjU3NzIwNTI2RjZENjE2RTA3NTU2RTY5NjM2RjY0NjUwOTA0NTM2OTdBNjUwMjBFMDAwMA0KLTkgMiAwIDAgMCAwIDINCg0KMEUwMTA0NTQ2MTYyNzMwRTAwMDAwMA0KLTkgMiAwIDAgMCAwIDQNCg0KMEUwMA0KLTkgMCAwIDAgMCAwIDcNCjEgMSAwIDggMyAwDQoyMTA0MzgwNDNCMDQ0QzA0M0QwNDU2MDQ0ODA0MzUwNDIwMDA0MzA0M0MwNDNFMDQzMjA0M0QwNDNFMDQzMzA0M0UwNDIwMDAzRjA0M0UwNDM0MDQ0MDA0MzAwNDM3MDQzRDA0MzgwNDNBMDQzMDA0MkUwMA0K</FormattedText>
						</VariantText>
					</Variants>
				</Task>
				<!-- ***** -->
				<Task Type="TYPE_TASK_CHOICE_SINGLE" Score="1">
					<Title/>
					<QuestionText>
						<PlainText>У якої залежності одне від одного знаходяться тривалість інтервалу між умовним сигналом і безумовно-рефлекторним підкріпленням в процесі вироблення умовного рефлексу?</PlainText>
						<FormattedText>LTggMSAzIDINCi05IDEgMCAwIDAgMCAxMw0KOTYNCi05IDIgMCAwIDAgMCAxDQoNCjBFMDEwOTUzNzQ3OTZDNjU0RTYxNkQ2NTA2MEI0RTZGNzI2RDYxNkMyMDc0NjU3ODc0MEE1MzY5N0E2NTQ0NkY3NTYyNkM2NTAyMUMwODQ2NkY2RTc0NEU2MTZENjUwNjBGNTQ2OTZENjU3MzIwNEU2NTc3MjA1MjZGNkQ2MTZFMDc1NTZFNjk2MzZGNjQ2NTA5MDQ1MzY5N0E2NTAyMEUwMDAxMDg1Mzc0NjE2RTY0NjE3MjY0MDgwNzQzNjg2MTcyNzM2NTc0MDcwRjUyNTU1MzUzNDk0MTRFNUY0MzQ4NDE1MjUzNDU1NDBBNTM2OTdBNjU0NDZGNzU2MjZDNjUwMjFDMDg0NjZGNkU3NDRFNjE2RDY1MDYwRjU0Njk2RDY1NzMyMDRFNjU3NzIwNTI2RjZENjE2RTA3NTU2RTY5NjM2RjY0NjUwOTA0NTM2OTdBNjUwMjBFMDAwMA0KLTkgMiAwIDAgMCAwIDINCg0KMEUwMTA0NTQ2MTYyNzMwRTAwMDAwMTA4NTM3NDYxNkU2NDYxNzI2NDA4MDk0MTZDNjk2NzZFNkQ2NTZFNzQwNzBBNzI3NjYxNEE3NTczNzQ2OTY2NzkwNDU0NjE2MjczMEUwMDAwMDANCi05IDIgMCAwIDAgMCA0DQoNCjBFMDANCi05IDAgMCAwIDAgMCA3DQoxIDIgMSA4IDMgMA0KMjMwNDIwMDA0RjA0M0EwNDNFMDQ1NzA0MjAwMDM3MDQzMDA0M0IwNDM1MDQzNjA0M0QwNDNFMDQ0MTA0NDIwNDU2MDQyMDAwM0UwNDM0MDQzRDA0MzUwNDIwMDAzMjA0NTYwNDM0MDQyMDAwM0UwNDM0MDQzRDA0M0UwNDMzMDQzRTA0MjAwMDM3MDQzRDA0MzAwNDQ1MDQzRTA0MzQwNDRGMDQ0MjA0NEMwNDQxMDQ0RjA0MjAwMDQyMDQ0MDA0MzgwNDMyMDQzMDA0M0IwNDU2MDQ0MTA0NDIwNDRDMDQyMDAwNTYwNDNEMDQ0MjA0MzUwNDQwMDQzMjA0MzAwNDNCMDQ0MzA0MjAwMDNDMDQ1NjA0MzYwNDIwMDA0MzA0M0MwNDNFMDQzMjA0M0QwNDM4MDQzQzA0MjAwMDQxMDQzODA0MzMwNDNEMDQzMDA0M0IwNDNFMDQzQzA0MjAwMDU2MDQyMDAwMzEwNDM1MDQzNzA0NDMwNDNDMDQzRTA0MzIwNDNEMDQzRTA0MkQwMDQwMDQzNTA0NDQwNDNCMDQzNTA0M0EwNDQyMDQzRTA0NDAwNDNEMDQzODA0M0MwNDIwMDAzRjA0NTYwNDM0MDQzQTA0NDAwNDU2MDQzRjA0M0IwNDM1MDQzRDA0M0QwNDRGMDQzQzA0MjAwMDMyMDQyMDAwM0YwNDQwMDQzRTA0NDYwNDM1MDQ0MTA0NTYwNDIwMDAzMjA0MzgwNDQwMDQzRTA0MzEwNDNCMDQzNTA0M0QwNDNEMDQ0RjA0MjAwMDQzMDQzQzA0M0UwNDMyMDQzRDA0M0UwNDMzMDQzRTA0MjAwMDQwMDQzNTA0NDQwNDNCMDQzNTA0M0EwNDQxMDQ0MzA0M0YwMA0KDQo=</FormattedText>
					</QuestionText>
					<Options>
						<IsAllowRandom>true</IsAllowRandom>
						<IsCompulsory>false</IsCompulsory>
						<IsOnlyForEduMode>false</IsOnlyForEduMode>
						<IsDenyPartially>false</IsDenyPartially>
					</Options>
					<Variants>
						<VariantText CorrectAnswer="False">
							<PlainText>У прямій залежності від біологічної значимості умовного рефлексу.</PlainText>
							<FormattedText>LTggMSAzIDINCi05IDEgMCAwIDAgMCAxMw0KOTYNCi05IDIgMCAwIDAgMCAxDQoNCjBFMDEwOTUzNzQ3OTZDNjU0RTYxNkQ2NTA2MEI0RTZGNzI2RDYxNkMyMDc0NjU3ODc0MEE1MzY5N0E2NTQ0NkY3NTYyNkM2NTAyMUMwODQ2NkY2RTc0NEU2MTZENjUwNjBGNTQ2OTZENjU3MzIwNEU2NTc3MjA1MjZGNkQ2MTZFMDc1NTZFNjk2MzZGNjQ2NTA5MDQ1MzY5N0E2NTAyMEUwMDAxMDg1Mzc0NjE2RTY0NjE3MjY0MDgwNzQzNjg2MTcyNzM2NTc0MDcwRjUyNTU1MzUzNDk0MTRFNUY0MzQ4NDE1MjUzNDU1NDBBNTM2OTdBNjU0NDZGNzU2MjZDNjUwMjFDMDg0NjZGNkU3NDRFNjE2RDY1MDYwRjU0Njk2RDY1NzMyMDRFNjU3NzIwNTI2RjZENjE2RTA3NTU2RTY5NjM2RjY0NjUwOTA0NTM2OTdBNjUwMjBFMDAwMA0KLTkgMiAwIDAgMCAwIDINCg0KMEUwMTA0NTQ2MTYyNzMwRTAwMDAwMA0KLTkgMiAwIDAgMCAwIDQNCg0KMEUwMA0KLTkgMCAwIDAgMCAwIDcNCjEgMSAwIDggMyAwDQoyMDAwMjMwNDIwMDAzRjA0NDAwNDRGMDQzQzA0NTYwNDM5MDQyMDAwMzcwNDMwMDQzQjA0MzUwNDM2MDQzRDA0M0UwNDQxMDQ0MjA0NTYwNDIwMDAzMjA0NTYwNDM0MDQyMDAwMzEwNDU2MDQzRTA0M0IwNDNFMDQzMzA0NTYwNDQ3MDQzRDA0M0UwNDU3MDQyMDAwMzcwNDNEMDQzMDA0NDcwNDM4MDQzQzA0M0UwNDQxMDQ0MjA0NTYwNDIwMDA0MzA0M0MwNDNFMDQzMjA0M0QwNDNFMDQzMzA0M0UwNDIwMDA0MDA0MzUwNDQ0MDQzQjA0MzUwNDNBMDQ0MTA0NDMwNDJFMDANCg==</FormattedText>
						</VariantText>
						<VariantText CorrectAnswer="True">
							<PlainText>У прямій залежності від сили або інформаційного значення умовного сигналу.</PlainText>
							<FormattedText>LTggMSAzIDINCi05IDEgMCAwIDAgMCAxMw0KOTYNCi05IDIgMCAwIDAgMCAxDQoNCjBFMDEwOTUzNzQ3OTZDNjU0RTYxNkQ2NTA2MEI0RTZGNzI2RDYxNkMyMDc0NjU3ODc0MEE1MzY5N0E2NTQ0NkY3NTYyNkM2NTAyMUMwODQ2NkY2RTc0NEU2MTZENjUwNjBGNTQ2OTZENjU3MzIwNEU2NTc3MjA1MjZGNkQ2MTZFMDc1NTZFNjk2MzZGNjQ2NTA5MDQ1MzY5N0E2NTAyMEUwMDAxMDg1Mzc0NjE2RTY0NjE3MjY0MDgwNzQzNjg2MTcyNzM2NTc0MDcwRjUyNTU1MzUzNDk0MTRFNUY0MzQ4NDE1MjUzNDU1NDBBNTM2OTdBNjU0NDZGNzU2MjZDNjUwMjFDMDg0NjZGNkU3NDRFNjE2RDY1MDYwRjU0Njk2RDY1NzMyMDRFNjU3NzIwNTI2RjZENjE2RTA3NTU2RTY5NjM2RjY0NjUwOTA0NTM2OTdBNjUwMjBFMDAwMA0KLTkgMiAwIDAgMCAwIDINCg0KMEUwMTA0NTQ2MTYyNzMwRTAwMDAwMA0KLTkgMiAwIDAgMCAwIDQNCg0KMEUwMA0KLTkgMCAwIDAgMCAwIDcNCjEgMSAwIDggMyAwDQoyMzA0MjAwMDNGMDQ0MDA0NEYwNDNDMDQ1NjA0MzkwNDIwMDAzNzA0MzAwNDNCMDQzNTA0MzYwNDNEMDQzRTA0NDEwNDQyMDQ1NjA0MjAwMDMyMDQ1NjA0MzQwNDIwMDA0MTA0MzgwNDNCMDQzODA0MjAwMDMwMDQzMTA0M0UwNDIwMDA1NjA0M0QwNDQ0MDQzRTA0NDAwNDNDMDQzMDA0NDYwNDU2MDQzOTA0M0QwNDNFMDQzMzA0M0UwNDIwMDAzNzA0M0QwNDMwMDQ0NzA0MzUwNDNEMDQzRDA0NEYwNDIwMDA0MzA0M0MwNDNFMDQzMjA0M0QwNDNFMDQzMzA0M0UwNDIwMDA0MTA0MzgwNDMzMDQzRDA0MzAwNDNCMDQ0MzA0MkUwMA0K</FormattedText>
						</VariantText>
						<VariantText CorrectAnswer="False">
							<PlainText>У зворотній залежності від сили або інформаційного значення безумовного сигналу.</PlainText>
							<FormattedText>LTggMSAzIDINCi05IDEgMCAwIDAgMCAxMw0KOTYNCi05IDIgMCAwIDAgMCAxDQoNCjBFMDEwOTUzNzQ3OTZDNjU0RTYxNkQ2NTA2MEI0RTZGNzI2RDYxNkMyMDc0NjU3ODc0MEE1MzY5N0E2NTQ0NkY3NTYyNkM2NTAyMUMwODQ2NkY2RTc0NEU2MTZENjUwNjBGNTQ2OTZENjU3MzIwNEU2NTc3MjA1MjZGNkQ2MTZFMDc1NTZFNjk2MzZGNjQ2NTA5MDQ1MzY5N0E2NTAyMEUwMDAxMDg1Mzc0NjE2RTY0NjE3MjY0MDgwNzQzNjg2MTcyNzM2NTc0MDcwRjUyNTU1MzUzNDk0MTRFNUY0MzQ4NDE1MjUzNDU1NDBBNTM2OTdBNjU0NDZGNzU2MjZDNjUwMjFDMDg0NjZGNkU3NDRFNjE2RDY1MDYwRjU0Njk2RDY1NzMyMDRFNjU3NzIwNTI2RjZENjE2RTA3NTU2RTY5NjM2RjY0NjUwOTA0NTM2OTdBNjUwMjBFMDAwMA0KLTkgMiAwIDAgMCAwIDINCg0KMEUwMTA0NTQ2MTYyNzMwRTAwMDAwMA0KLTkgMiAwIDAgMCAwIDQNCg0KMEUwMA0KLTkgMCAwIDAgMCAwIDcNCjEgMSAwIDggMyAwDQoyMzA0MjAwMDM3MDQzMjA0M0UwNDQwMDQzRTA0NDIwNDNEMDQ1NjA0MzkwNDIwMDAzNzA0MzAwNDNCMDQzNTA0MzYwNDNEMDQzRTA0NDEwNDQyMDQ1NjA0MjAwMDMyMDQ1NjA0MzQwNDIwMDA0MTA0MzgwNDNCMDQzODA0MjAwMDMwMDQzMTA0M0UwNDIwMDA1NjA0M0QwNDQ0MDQzRTA0NDAwNDNDMDQzMDA0NDYwNDU2MDQzOTA0M0QwNDNFMDQzMzA0M0UwNDIwMDAzNzA0M0QwNDMwMDQ0NzA0MzUwNDNEMDQzRDA0NEYwNDIwMDAzMTA0MzUwNDM3MDQ0MzA0M0MwNDNFMDQzMjA0M0QwNDNFMDQzMzA0M0UwNDIwMDA0MTA0MzgwNDMzMDQzRDA0MzAwNDNCMDQ0MzA0MkUwMA0K</FormattedText>
						</VariantText>
						<VariantText CorrectAnswer="False">
							<PlainText>У прямій залежності від сили або інформаційного значення безумовного сигналу.</PlainText>
							<FormattedText>LTggMSAzIDINCi05IDEgMCAwIDAgMCAxMw0KOTYNCi05IDIgMCAwIDAgMCAxDQoNCjBFMDEwOTUzNzQ3OTZDNjU0RTYxNkQ2NTA2MEI0RTZGNzI2RDYxNkMyMDc0NjU3ODc0MEE1MzY5N0E2NTQ0NkY3NTYyNkM2NTAyMUMwODQ2NkY2RTc0NEU2MTZENjUwNjBGNTQ2OTZENjU3MzIwNEU2NTc3MjA1MjZGNkQ2MTZFMDc1NTZFNjk2MzZGNjQ2NTA5MDQ1MzY5N0E2NTAyMEUwMDAxMDg1Mzc0NjE2RTY0NjE3MjY0MDgwNzQzNjg2MTcyNzM2NTc0MDcwRjUyNTU1MzUzNDk0MTRFNUY0MzQ4NDE1MjUzNDU1NDBBNTM2OTdBNjU0NDZGNzU2MjZDNjUwMjFDMDg0NjZGNkU3NDRFNjE2RDY1MDYwRjU0Njk2RDY1NzMyMDRFNjU3NzIwNTI2RjZENjE2RTA3NTU2RTY5NjM2RjY0NjUwOTA0NTM2OTdBNjUwMjBFMDAwMA0KLTkgMiAwIDAgMCAwIDINCg0KMEUwMTA0NTQ2MTYyNzMwRTAwMDAwMA0KLTkgMiAwIDAgMCAwIDQNCg0KMEUwMA0KLTkgMCAwIDAgMCAwIDcNCjEgMSAwIDggMyAwDQoyMzA0MjAwMDNGMDQ0MDA0NEYwNDNDMDQ1NjA0MzkwNDIwMDAzNzA0MzAwNDNCMDQzNTA0MzYwNDNEMDQzRTA0NDEwNDQyMDQ1NjA0MjAwMDMyMDQ1NjA0MzQwNDIwMDA0MTA0MzgwNDNCMDQzODA0MjAwMDMwMDQzMTA0M0UwNDIwMDA1NjA0M0QwNDQ0MDQzRTA0NDAwNDNDMDQzMDA0NDYwNDU2MDQzOTA0M0QwNDNFMDQzMzA0M0UwNDIwMDAzNzA0M0QwNDMwMDQ0NzA0MzUwNDNEMDQzRDA0NEYwNDIwMDAzMTA0MzUwNDM3MDQ0MzA0M0MwNDNFMDQzMjA0M0QwNDNFMDQzMzA0M0UwNDIwMDA0MTA0MzgwNDMzMDQzRDA0MzAwNDNCMDQ0MzA0MkUwMA0K</FormattedText>
						</VariantText>
						<VariantText CorrectAnswer="False">
							<PlainText>У зворотній залежності від сили або інформаційного значення умовного сигналу.</PlainText>
							<FormattedText>LTggMSAzIDINCi05IDEgMCAwIDAgMCAxMw0KOTYNCi05IDIgMCAwIDAgMCAxDQoNCjBFMDEwOTUzNzQ3OTZDNjU0RTYxNkQ2NTA2MEI0RTZGNzI2RDYxNkMyMDc0NjU3ODc0MEE1MzY5N0E2NTQ0NkY3NTYyNkM2NTAyMUMwODQ2NkY2RTc0NEU2MTZENjUwNjBGNTQ2OTZENjU3MzIwNEU2NTc3MjA1MjZGNkQ2MTZFMDc1NTZFNjk2MzZGNjQ2NTA5MDQ1MzY5N0E2NTAyMEUwMDAxMDg1Mzc0NjE2RTY0NjE3MjY0MDgwNzQzNjg2MTcyNzM2NTc0MDcwRjUyNTU1MzUzNDk0MTRFNUY0MzQ4NDE1MjUzNDU1NDBBNTM2OTdBNjU0NDZGNzU2MjZDNjUwMjFDMDg0NjZGNkU3NDRFNjE2RDY1MDYwRjU0Njk2RDY1NzMyMDRFNjU3NzIwNTI2RjZENjE2RTA3NTU2RTY5NjM2RjY0NjUwOTA0NTM2OTdBNjUwMjBFMDAwMA0KLTkgMiAwIDAgMCAwIDINCg0KMEUwMTA0NTQ2MTYyNzMwRTAwMDAwMA0KLTkgMiAwIDAgMCAwIDQNCg0KMEUwMA0KLTkgMCAwIDAgMCAwIDcNCjEgMSAwIDggMyAwDQoyMzA0MjAwMDM3MDQzMjA0M0UwNDQwMDQzRTA0NDIwNDNEMDQ1NjA0MzkwNDIwMDAzNzA0MzAwNDNCMDQzNTA0MzYwNDNEMDQzRTA0NDEwNDQyMDQ1NjA0MjAwMDMyMDQ1NjA0MzQwNDIwMDA0MTA0MzgwNDNCMDQzODA0MjAwMDMwMDQzMTA0M0UwNDIwMDA1NjA0M0QwNDQ0MDQzRTA0NDAwNDNDMDQzMDA0NDYwNDU2MDQzOTA0M0QwNDNFMDQzMzA0M0UwNDIwMDAzNzA0M0QwNDMwMDQ0NzA0MzUwNDNEMDQzRDA0NEYwNDIwMDA0MzA0M0MwNDNFMDQzMjA0M0QwNDNFMDQzMzA0M0UwNDIwMDA0MTA0MzgwNDMzMDQzRDA0MzAwNDNCMDQ0MzA0MkUwMA0K</FormattedText>
						</VariantText>
					</Variants>
				</Task>
				<!-- ***** -->
				<Task Type="TYPE_TASK_CHOICE_SINGLE" Score="1">
					<Title/>
					<QuestionText>
						<PlainText>У якої залежності одна від одної знаходяться кількість повторень комбінації умовного сигналу і безумовно-рефлекторного підкріплення в процесі вироблення умовного рефлексу?</PlainText>
						<FormattedText>LTggMSAzIDINCi05IDEgMCAwIDAgMCAxMw0KOTYNCi05IDIgMCAwIDAgMCAxDQoNCjBFMDEwOTUzNzQ3OTZDNjU0RTYxNkQ2NTA2MEI0RTZGNzI2RDYxNkMyMDc0NjU3ODc0MEE1MzY5N0E2NTQ0NkY3NTYyNkM2NTAyMUMwODQ2NkY2RTc0NEU2MTZENjUwNjBGNTQ2OTZENjU3MzIwNEU2NTc3MjA1MjZGNkQ2MTZFMDc1NTZFNjk2MzZGNjQ2NTA5MDQ1MzY5N0E2NTAyMEUwMDAxMDg1Mzc0NjE2RTY0NjE3MjY0MDgwNzQzNjg2MTcyNzM2NTc0MDcwRjUyNTU1MzUzNDk0MTRFNUY0MzQ4NDE1MjUzNDU1NDBBNTM2OTdBNjU0NDZGNzU2MjZDNjUwMjFDMDg0NjZGNkU3NDRFNjE2RDY1MDYwRjU0Njk2RDY1NzMyMDRFNjU3NzIwNTI2RjZENjE2RTA3NTU2RTY5NjM2RjY0NjUwOTA0NTM2OTdBNjUwMjBFMDAwMA0KLTkgMiAwIDAgMCAwIDINCg0KMEUwMTA0NTQ2MTYyNzMwRTAwMDAwMTA4NTM3NDYxNkU2NDYxNzI2NDA4MDk0MTZDNjk2NzZFNkQ2NTZFNzQwNzBBNzI3NjYxNEE3NTczNzQ2OTY2NzkwNDU0NjE2MjczMEUwMDAwMDANCi05IDIgMCAwIDAgMCA0DQoNCjBFMDANCi05IDAgMCAwIDAgMCA3DQoxIDIgMSA4IDMgMA0KMjMwNDIwMDA0RjA0M0EwNDNFMDQ1NzA0MjAwMDM3MDQzMDA0M0IwNDM1MDQzNjA0M0QwNDNFMDQ0MTA0NDIwNDU2MDQyMDAwM0UwNDM0MDQzRDA0MzAwNDIwMDAzMjA0NTYwNDM0MDQyMDAwM0UwNDM0MDQzRDA0M0UwNDU3MDQyMDAwMzcwNDNEMDQzMDA0NDUwNDNFMDQzNDA0NEYwNDQyMDQ0QzA0NDEwNDRGMDQyMDAwM0EwNDU2MDQzQjA0NEMwNDNBMDQ1NjA0NDEwNDQyMDQ0QzA0MjAwMDNGMDQzRTA0MzIwNDQyMDQzRTA0NDAwNDM1MDQzRDA0NEMwNDIwMDAzQTA0M0UwNDNDMDQzMTA0NTYwNDNEMDQzMDA0NDYwNDU2MDQ1NzA0MjAwMDQzMDQzQzA0M0UwNDMyMDQzRDA0M0UwNDMzMDQzRTA0MjAwMDQxMDQzODA0MzMwNDNEMDQzMDA0M0IwNDQzMDQyMDAwNTYwNDIwMDAzMTA0MzUwNDM3MDQ0MzA0M0MwNDNFMDQzMjA0M0QwNDNFMDQyRDAwNDAwNDM1MDQ0NDA0M0IwNDM1MDQzQTA0NDIwNDNFMDQ0MDA0M0QwNDNFMDQzMzA0M0UwNDIwMDAzRjA0NTYwNDM0MDQzQTA0NDAwNDU2MDQzRjA0M0IwNDM1MDQzRDA0M0QwNDRGMDQyMDAwMzIwNDIwMDAzRjA0NDAwNDNFMDQ0NjA0MzUwNDQxMDQ1NjA0MjAwMDMyMDQzODA0NDAwNDNFMDQzMTA0M0IwNDM1MDQzRDA0M0QwNDRGMDQyMDAwNDMwNDNDMDQzRTA0MzIwNDNEMDQzRTA0MzMwNDNFMDQyMDAwNDAwNDM1MDQ0NDA0M0IwNDM1MDQzQTA0NDEwNDQzMDQzRjAwDQoNCg==</FormattedText>
					</QuestionText>
					<Options>
						<IsAllowRandom>true</IsAllowRandom>
						<IsCompulsory>false</IsCompulsory>
						<IsOnlyForEduMode>false</IsOnlyForEduMode>
						<IsDenyPartially>false</IsDenyPartially>
					</Options>
					<Variants>
						<VariantText CorrectAnswer="False">
							<PlainText>У зворотній залежності від сили або інформаційного значення безумовного сигналу.</PlainText>
							<FormattedText>LTggMSAzIDINCi05IDEgMCAwIDAgMCAxMw0KOTYNCi05IDIgMCAwIDAgMCAxDQoNCjBFMDEwOTUzNzQ3OTZDNjU0RTYxNkQ2NTA2MEI0RTZGNzI2RDYxNkMyMDc0NjU3ODc0MEE1MzY5N0E2NTQ0NkY3NTYyNkM2NTAyMUMwODQ2NkY2RTc0NEU2MTZENjUwNjBGNTQ2OTZENjU3MzIwNEU2NTc3MjA1MjZGNkQ2MTZFMDc1NTZFNjk2MzZGNjQ2NTA5MDQ1MzY5N0E2NTAyMEUwMDAxMDg1Mzc0NjE2RTY0NjE3MjY0MDgwNzQzNjg2MTcyNzM2NTc0MDcwRjUyNTU1MzUzNDk0MTRFNUY0MzQ4NDE1MjUzNDU1NDBBNTM2OTdBNjU0NDZGNzU2MjZDNjUwMjFDMDg0NjZGNkU3NDRFNjE2RDY1MDYwRjU0Njk2RDY1NzMyMDRFNjU3NzIwNTI2RjZENjE2RTA3NTU2RTY5NjM2RjY0NjUwOTA0NTM2OTdBNjUwMjBFMDAwMA0KLTkgMiAwIDAgMCAwIDINCg0KMEUwMTA0NTQ2MTYyNzMwRTAwMDAwMA0KLTkgMiAwIDAgMCAwIDQNCg0KMEUwMA0KLTkgMCAwIDAgMCAwIDcNCjEgMSAwIDggMyAwDQoyMzA0MjAwMDM3MDQzMjA0M0UwNDQwMDQzRTA0NDIwNDNEMDQ1NjA0MzkwNDIwMDAzNzA0MzAwNDNCMDQzNTA0MzYwNDNEMDQzRTA0NDEwNDQyMDQ1NjA0MjAwMDMyMDQ1NjA0MzQwNDIwMDA0MTA0MzgwNDNCMDQzODA0MjAwMDMwMDQzMTA0M0UwNDIwMDA1NjA0M0QwNDQ0MDQzRTA0NDAwNDNDMDQzMDA0NDYwNDU2MDQzOTA0M0QwNDNFMDQzMzA0M0UwNDIwMDAzNzA0M0QwNDMwMDQ0NzA0MzUwNDNEMDQzRDA0NEYwNDIwMDAzMTA0MzUwNDM3MDQ0MzA0M0MwNDNFMDQzMjA0M0QwNDNFMDQzMzA0M0UwNDIwMDA0MTA0MzgwNDMzMDQzRDA0MzAwNDNCMDQ0MzA0MkUwMA0K</FormattedText>
						</VariantText>
						<VariantText CorrectAnswer="False">
							<PlainText>У прямій залежності від сили або інформаційного значення безумовного сигналу.</PlainText>
							<FormattedText>LTggMSAzIDINCi05IDEgMCAwIDAgMCAxMw0KOTYNCi05IDIgMCAwIDAgMCAxDQoNCjBFMDEwOTUzNzQ3OTZDNjU0RTYxNkQ2NTA2MEI0RTZGNzI2RDYxNkMyMDc0NjU3ODc0MEE1MzY5N0E2NTQ0NkY3NTYyNkM2NTAyMUMwODQ2NkY2RTc0NEU2MTZENjUwNjBGNTQ2OTZENjU3MzIwNEU2NTc3MjA1MjZGNkQ2MTZFMDc1NTZFNjk2MzZGNjQ2NTA5MDQ1MzY5N0E2NTAyMEUwMDAxMDg1Mzc0NjE2RTY0NjE3MjY0MDgwNzQzNjg2MTcyNzM2NTc0MDcwRjUyNTU1MzUzNDk0MTRFNUY0MzQ4NDE1MjUzNDU1NDBBNTM2OTdBNjU0NDZGNzU2MjZDNjUwMjFDMDg0NjZGNkU3NDRFNjE2RDY1MDYwRjU0Njk2RDY1NzMyMDRFNjU3NzIwNTI2RjZENjE2RTA3NTU2RTY5NjM2RjY0NjUwOTA0NTM2OTdBNjUwMjBFMDAwMA0KLTkgMiAwIDAgMCAwIDINCg0KMEUwMTA0NTQ2MTYyNzMwRTAwMDAwMA0KLTkgMiAwIDAgMCAwIDQNCg0KMEUwMA0KLTkgMCAwIDAgMCAwIDcNCjEgMSAwIDggMyAwDQoyMzA0MjAwMDNGMDQ0MDA0NEYwNDNDMDQ1NjA0MzkwNDIwMDAzNzA0MzAwNDNCMDQzNTA0MzYwNDNEMDQzRTA0NDEwNDQyMDQ1NjA0MjAwMDMyMDQ1NjA0MzQwNDIwMDA0MTA0MzgwNDNCMDQzODA0MjAwMDMwMDQzMTA0M0UwNDIwMDA1NjA0M0QwNDQ0MDQzRTA0NDAwNDNDMDQzMDA0NDYwNDU2MDQzOTA0M0QwNDNFMDQzMzA0M0UwNDIwMDAzNzA0M0QwNDMwMDQ0NzA0MzUwNDNEMDQzRDA0NEYwNDIwMDAzMTA0MzUwNDM3MDQ0MzA0M0MwNDNFMDQzMjA0M0QwNDNFMDQzMzA0M0UwNDIwMDA0MTA0MzgwNDMzMDQzRDA0MzAwNDNCMDQ0MzA0MkUwMA0K</FormattedText>
						</VariantText>
						<VariantText CorrectAnswer="False">
							<PlainText>У прямій залежності від сили або інформаційного значення умовного сигналу.</PlainText>
							<FormattedText>LTggMSAzIDINCi05IDEgMCAwIDAgMCAxMw0KOTYNCi05IDIgMCAwIDAgMCAxDQoNCjBFMDEwOTUzNzQ3OTZDNjU0RTYxNkQ2NTA2MEI0RTZGNzI2RDYxNkMyMDc0NjU3ODc0MEE1MzY5N0E2NTQ0NkY3NTYyNkM2NTAyMUMwODQ2NkY2RTc0NEU2MTZENjUwNjBGNTQ2OTZENjU3MzIwNEU2NTc3MjA1MjZGNkQ2MTZFMDc1NTZFNjk2MzZGNjQ2NTA5MDQ1MzY5N0E2NTAyMEUwMDAxMDg1Mzc0NjE2RTY0NjE3MjY0MDgwNzQzNjg2MTcyNzM2NTc0MDcwRjUyNTU1MzUzNDk0MTRFNUY0MzQ4NDE1MjUzNDU1NDBBNTM2OTdBNjU0NDZGNzU2MjZDNjUwMjFDMDg0NjZGNkU3NDRFNjE2RDY1MDYwRjU0Njk2RDY1NzMyMDRFNjU3NzIwNTI2RjZENjE2RTA3NTU2RTY5NjM2RjY0NjUwOTA0NTM2OTdBNjUwMjBFMDAwMA0KLTkgMiAwIDAgMCAwIDINCg0KMEUwMTA0NTQ2MTYyNzMwRTAwMDAwMA0KLTkgMiAwIDAgMCAwIDQNCg0KMEUwMA0KLTkgMCAwIDAgMCAwIDcNCjEgMSAwIDggMyAwDQoyMzA0MjAwMDNGMDQ0MDA0NEYwNDNDMDQ1NjA0MzkwNDIwMDAzNzA0MzAwNDNCMDQzNTA0MzYwNDNEMDQzRTA0NDEwNDQyMDQ1NjA0MjAwMDMyMDQ1NjA0MzQwNDIwMDA0MTA0MzgwNDNCMDQzODA0MjAwMDMwMDQzMTA0M0UwNDIwMDA1NjA0M0QwNDQ0MDQzRTA0NDAwNDNDMDQzMDA0NDYwNDU2MDQzOTA0M0QwNDNFMDQzMzA0M0UwNDIwMDAzNzA0M0QwNDMwMDQ0NzA0MzUwNDNEMDQzRDA0NEYwNDIwMDA0MzA0M0MwNDNFMDQzMjA0M0QwNDNFMDQzMzA0M0UwNDIwMDA0MTA0MzgwNDMzMDQzRDA0MzAwNDNCMDQ0MzA0MkUwMA0K</FormattedText>
						</VariantText>
						<VariantText CorrectAnswer="True">
							<PlainText>У прямій залежності від біологічної значимості умовного рефлексу.</PlainText>
							<FormattedText>LTggMSAzIDINCi05IDEgMCAwIDAgMCAxMw0KOTYNCi05IDIgMCAwIDAgMCAxDQoNCjBFMDEwOTUzNzQ3OTZDNjU0RTYxNkQ2NTA2MEI0RTZGNzI2RDYxNkMyMDc0NjU3ODc0MEE1MzY5N0E2NTQ0NkY3NTYyNkM2NTAyMUMwODQ2NkY2RTc0NEU2MTZENjUwNjBGNTQ2OTZENjU3MzIwNEU2NTc3MjA1MjZGNkQ2MTZFMDc1NTZFNjk2MzZGNjQ2NTA5MDQ1MzY5N0E2NTAyMEUwMDAxMDg1Mzc0NjE2RTY0NjE3MjY0MDgwNzQzNjg2MTcyNzM2NTc0MDcwRjUyNTU1MzUzNDk0MTRFNUY0MzQ4NDE1MjUzNDU1NDBBNTM2OTdBNjU0NDZGNzU2MjZDNjUwMjFDMDg0NjZGNkU3NDRFNjE2RDY1MDYwRjU0Njk2RDY1NzMyMDRFNjU3NzIwNTI2RjZENjE2RTA3NTU2RTY5NjM2RjY0NjUwOTA0NTM2OTdBNjUwMjBFMDAwMA0KLTkgMiAwIDAgMCAwIDINCg0KMEUwMTA0NTQ2MTYyNzMwRTAwMDAwMA0KLTkgMiAwIDAgMCAwIDQNCg0KMEUwMA0KLTkgMCAwIDAgMCAwIDcNCjEgMSAwIDggMyAwDQoyMzA0MjAwMDNGMDQ0MDA0NEYwNDNDMDQ1NjA0MzkwNDIwMDAzNzA0MzAwNDNCMDQzNTA0MzYwNDNEMDQzRTA0NDEwNDQyMDQ1NjA0MjAwMDMyMDQ1NjA0MzQwNDIwMDAzMTA0NTYwNDNFMDQzQjA0M0UwNDMzMDQ1NjA0NDcwNDNEMDQzRTA0NTcwNDIwMDAzNzA0M0QwNDMwMDQ0NzA0MzgwNDNDMDQzRTA0NDEwNDQyMDQ1NjA0MjAwMDQzMDQzQzA0M0UwNDMyMDQzRDA0M0UwNDMzMDQzRTA0MjAwMDQwMDQzNTA0NDQwNDNCMDQzNTA0M0EwNDQxMDQ0MzA0MkUwMA0K</FormattedText>
						</VariantText>
						<VariantText CorrectAnswer="False">
							<PlainText>У зворотній залежності від сили або інформаційного значення умовного сигналу.</PlainText>
							<FormattedText>LTggMSAzIDINCi05IDEgMCAwIDAgMCAxMw0KOTYNCi05IDIgMCAwIDAgMCAxDQoNCjBFMDEwOTUzNzQ3OTZDNjU0RTYxNkQ2NTA2MEI0RTZGNzI2RDYxNkMyMDc0NjU3ODc0MEE1MzY5N0E2NTQ0NkY3NTYyNkM2NTAyMUMwODQ2NkY2RTc0NEU2MTZENjUwNjBGNTQ2OTZENjU3MzIwNEU2NTc3MjA1MjZGNkQ2MTZFMDc1NTZFNjk2MzZGNjQ2NTA5MDQ1MzY5N0E2NTAyMEUwMDAxMDg1Mzc0NjE2RTY0NjE3MjY0MDgwNzQzNjg2MTcyNzM2NTc0MDcwRjUyNTU1MzUzNDk0MTRFNUY0MzQ4NDE1MjUzNDU1NDBBNTM2OTdBNjU0NDZGNzU2MjZDNjUwMjFDMDg0NjZGNkU3NDRFNjE2RDY1MDYwRjU0Njk2RDY1NzMyMDRFNjU3NzIwNTI2RjZENjE2RTA3NTU2RTY5NjM2RjY0NjUwOTA0NTM2OTdBNjUwMjBFMDAwMA0KLTkgMiAwIDAgMCAwIDINCg0KMEUwMTA0NTQ2MTYyNzMwRTAwMDAwMA0KLTkgMiAwIDAgMCAwIDQNCg0KMEUwMA0KLTkgMCAwIDAgMCAwIDcNCjEgMSAwIDggMyAwDQoyMzA0MjAwMDM3MDQzMjA0M0UwNDQwMDQzRTA0NDIwNDNEMDQ1NjA0MzkwNDIwMDAzNzA0MzAwNDNCMDQzNTA0MzYwNDNEMDQzRTA0NDEwNDQyMDQ1NjA0MjAwMDMyMDQ1NjA0MzQwNDIwMDA0MTA0MzgwNDNCMDQzODA0MjAwMDMwMDQzMTA0M0UwNDIwMDA1NjA0M0QwNDQ0MDQzRTA0NDAwNDNDMDQzMDA0NDYwNDU2MDQzOTA0M0QwNDNFMDQzMzA0M0UwNDIwMDAzNzA0M0QwNDMwMDQ0NzA0MzUwNDNEMDQzRDA0NEYwNDIwMDA0MzA0M0MwNDNFMDQzMjA0M0QwNDNFMDQzMzA0M0UwNDIwMDA0MTA0MzgwNDMzMDQzRDA0MzAwNDNCMDQ0MzA0MkUwMA0K</FormattedText>
						</VariantText>
					</Variants>
				</Task>
				<!-- ***** -->
				<Task Type="TYPE_TASK_CHOICE_SINGLE" Score="1">
					<Title/>
					<QuestionText>
						<PlainText>Чому дорівнює оптимальний інтервал часу між умовним сигналом і безумовно-рефлекторним підкріпленням в процесі вироблення умовного рефлексу?</PlainText>
						<FormattedText>LTggMSAzIDINCi05IDEgMCAwIDAgMCAxMw0KOTYNCi05IDIgMCAwIDAgMCAxDQoNCjBFMDEwOTUzNzQ3OTZDNjU0RTYxNkQ2NTA2MEI0RTZGNzI2RDYxNkMyMDc0NjU3ODc0MEE1MzY5N0E2NTQ0NkY3NTYyNkM2NTAyMUMwODQ2NkY2RTc0NEU2MTZENjUwNjBGNTQ2OTZENjU3MzIwNEU2NTc3MjA1MjZGNkQ2MTZFMDc1NTZFNjk2MzZGNjQ2NTA5MDQ1MzY5N0E2NTAyMEUwMDAxMDg1Mzc0NjE2RTY0NjE3MjY0MDgwNzQzNjg2MTcyNzM2NTc0MDcwRjUyNTU1MzUzNDk0MTRFNUY0MzQ4NDE1MjUzNDU1NDBBNTM2OTdBNjU0NDZGNzU2MjZDNjUwMjFDMDg0NjZGNkU3NDRFNjE2RDY1MDYwRjU0Njk2RDY1NzMyMDRFNjU3NzIwNTI2RjZENjE2RTA3NTU2RTY5NjM2RjY0NjUwOTA0NTM2OTdBNjUwMjBFMDAwMA0KLTkgMiAwIDAgMCAwIDINCg0KMEUwMTA0NTQ2MTYyNzMwRTAwMDAwMTA4NTM3NDYxNkU2NDYxNzI2NDA4MDk0MTZDNjk2NzZFNkQ2NTZFNzQwNzBBNzI3NjYxNEE3NTczNzQ2OTY2NzkwNDU0NjE2MjczMEUwMDAwMDANCi05IDIgMCAwIDAgMCA0DQoNCjBFMDANCi05IDAgMCAwIDAgMCA3DQoxIDIgMSA4IDMgMA0KMjcwNDNFMDQzQzA0NDMwNDIwMDAzNDA0M0UwNDQwMDQ1NjA0MzIwNDNEMDQ0RTA0NTQwNDIwMDAzRTA0M0YwNDQyMDQzODA0M0MwNDMwMDQzQjA0NEMwNDNEMDQzODA0MzkwNDIwMDA1NjA0M0QwNDQyMDQzNTA0NDAwNDMyMDQzMDA0M0IwNDIwMDA0NzA0MzAwNDQxMDQ0MzA0MjAwMDNDMDQ1NjA0MzYwNDIwMDA0MzA0M0MwNDNFMDQzMjA0M0QwNDM4MDQzQzA0MjAwMDQxMDQzODA0MzMwNDNEMDQzMDA0M0IwNDNFMDQzQzA0MjAwMDU2MDQyMDAwMzEwNDM1MDQzNzA0NDMwNDNDMDQzRTA0MzIwNDNEMDQzRTA0MkQwMDQwMDQzNTA0NDQwNDNCMDQzNTA0M0EwNDQyMDQzRTA0NDAwNDNEMDQzODA0M0MwNDIwMDAzRjA0NTYwNDM0MDQzQTA0NDAwNDU2MDQzRjA0M0IwNDM1MDQzRDA0M0QwNDRGMDQzQzA0MjAwMDMyMDQyMDAwM0YwNDQwMDQzRTA0NDYwNDM1MDQ0MTA0NTYwNDIwMDAzMjA0MzgwNDQwMDQzRTA0MzEwNDNCMDQzNTA0M0QwNDNEMDQ0RjA0MjAwMDQzMDQzQzA0M0UwNDMyMDQzRDA0M0UwNDMzMDQzRTA0MjAwMDQwMDQzNTA0NDQwNDNCMDQzNTA0M0EwNDQxMDQ0MzA0M0YwMA0KDQo=</FormattedText>
					</QuestionText>
					<Options>
						<IsAllowRandom>true</IsAllowRandom>
						<IsCompulsory>false</IsCompulsory>
						<IsOnlyForEduMode>false</IsOnlyForEduMode>
						<IsDenyPartially>false</IsDenyPartially>
					</Options>
					<Variants>
						<VariantText CorrectAnswer="False">
							<PlainText>30-40 сек.</PlainText>
							<FormattedText>LTggMSAzIDINCi05IDEgMCAwIDAgMCAxMw0KOTYNCi05IDIgMCAwIDAgMCAxDQoNCjBFMDEwOTUzNzQ3OTZDNjU0RTYxNkQ2NTA2MEI0RTZGNzI2RDYxNkMyMDc0NjU3ODc0MEE1MzY5N0E2NTQ0NkY3NTYyNkM2NTAyMUMwODQ2NkY2RTc0NEU2MTZENjUwNjBGNTQ2OTZENjU3MzIwNEU2NTc3MjA1MjZGNkQ2MTZFMDc1NTZFNjk2MzZGNjQ2NTA5MDQ1MzY5N0E2NTAyMEUwMDAxMDg1Mzc0NjE2RTY0NjE3MjY0MDgwNzQzNjg2MTcyNzM2NTc0MDcwRjUyNTU1MzUzNDk0MTRFNUY0MzQ4NDE1MjUzNDU1NDBBNTM2OTdBNjU0NDZGNzU2MjZDNjUwMjFDMDg0NjZGNkU3NDRFNjE2RDY1MDYwRjU0Njk2RDY1NzMyMDRFNjU3NzIwNTI2RjZENjE2RTA3NTU2RTY5NjM2RjY0NjUwOTA0NTM2OTdBNjUwMjBFMDAwMA0KLTkgMiAwIDAgMCAwIDINCg0KMEUwMTA0NTQ2MTYyNzMwRTAwMDAwMA0KLTkgMiAwIDAgMCAwIDQNCg0KMEUwMA0KLTkgMCAwIDAgMCAwIDcNCjEgMSAwIDggMyAwDQoyMDAwMzMwMDMwMDAyRDAwMzQwMDMwMDAyMDAwNDEwNDM1MDQzQTA0MkUwMA0K</FormattedText>
						</VariantText>
						<VariantText CorrectAnswer="False">
							<PlainText>20-30 сек.</PlainText>
							<FormattedText>LTggMSAzIDINCi05IDEgMCAwIDAgMCAxMw0KOTYNCi05IDIgMCAwIDAgMCAxDQoNCjBFMDEwOTUzNzQ3OTZDNjU0RTYxNkQ2NTA2MEI0RTZGNzI2RDYxNkMyMDc0NjU3ODc0MEE1MzY5N0E2NTQ0NkY3NTYyNkM2NTAyMUMwODQ2NkY2RTc0NEU2MTZENjUwNjBGNTQ2OTZENjU3MzIwNEU2NTc3MjA1MjZGNkQ2MTZFMDc1NTZFNjk2MzZGNjQ2NTA5MDQ1MzY5N0E2NTAyMEUwMDAxMDg1Mzc0NjE2RTY0NjE3MjY0MDgwNzQzNjg2MTcyNzM2NTc0MDcwRjUyNTU1MzUzNDk0MTRFNUY0MzQ4NDE1MjUzNDU1NDBBNTM2OTdBNjU0NDZGNzU2MjZDNjUwMjFDMDg0NjZGNkU3NDRFNjE2RDY1MDYwRjU0Njk2RDY1NzMyMDRFNjU3NzIwNTI2RjZENjE2RTA3NTU2RTY5NjM2RjY0NjUwOTA0NTM2OTdBNjUwMjBFMDAwMA0KLTkgMiAwIDAgMCAwIDINCg0KMEUwMTA0NTQ2MTYyNzMwRTAwMDAwMA0KLTkgMiAwIDAgMCAwIDQNCg0KMEUwMA0KLTkgMCAwIDAgMCAwIDcNCjEgMSAwIDggMyAwDQozMjAwMzAwMDJEMDAzMzAwMzAwMDIwMDA0MTA0MzUwNDNBMDQyRTAwDQo=</FormattedText>
						</VariantText>
						<VariantText CorrectAnswer="False">
							<PlainText>1-3 хв.</PlainText>
							<FormattedText>LTggMSAzIDINCi05IDEgMCAwIDAgMCAxMw0KOTYNCi05IDIgMCAwIDAgMCAxDQoNCjBFMDEwOTUzNzQ3OTZDNjU0RTYxNkQ2NTA2MEI0RTZGNzI2RDYxNkMyMDc0NjU3ODc0MEE1MzY5N0E2NTQ0NkY3NTYyNkM2NTAyMUMwODQ2NkY2RTc0NEU2MTZENjUwNjBGNTQ2OTZENjU3MzIwNEU2NTc3MjA1MjZGNkQ2MTZFMDc1NTZFNjk2MzZGNjQ2NTA5MDQ1MzY5N0E2NTAyMEUwMDAxMDg1Mzc0NjE2RTY0NjE3MjY0MDgwNzQzNjg2MTcyNzM2NTc0MDcwRjUyNTU1MzUzNDk0MTRFNUY0MzQ4NDE1MjUzNDU1NDBBNTM2OTdBNjU0NDZGNzU2MjZDNjUwMjFDMDg0NjZGNkU3NDRFNjE2RDY1MDYwRjU0Njk2RDY1NzMyMDRFNjU3NzIwNTI2RjZENjE2RTA3NTU2RTY5NjM2RjY0NjUwOTA0NTM2OTdBNjUwMjBFMDAwMA0KLTkgMiAwIDAgMCAwIDINCg0KMEUwMTA0NTQ2MTYyNzMwRTAwMDAwMA0KLTkgMiAwIDAgMCAwIDQNCg0KMEUwMA0KLTkgMCAwIDAgMCAwIDcNCjEgMSAwIDggMyAwDQozMTAwMkQwMDMzMDAyMDAwNDUwNDMyMDQyRTAwDQo=</FormattedText>
						</VariantText>
						<VariantText CorrectAnswer="True">
							<PlainText>3-10 сек.</PlainText>
							<FormattedText>LTggMSAzIDINCi05IDEgMCAwIDAgMCAxMw0KOTYNCi05IDIgMCAwIDAgMCAxDQoNCjBFMDEwOTUzNzQ3OTZDNjU0RTYxNkQ2NTA2MEI0RTZGNzI2RDYxNkMyMDc0NjU3ODc0MEE1MzY5N0E2NTQ0NkY3NTYyNkM2NTAyMUMwODQ2NkY2RTc0NEU2MTZENjUwNjBGNTQ2OTZENjU3MzIwNEU2NTc3MjA1MjZGNkQ2MTZFMDc1NTZFNjk2MzZGNjQ2NTA5MDQ1MzY5N0E2NTAyMEUwMDAxMDg1Mzc0NjE2RTY0NjE3MjY0MDgwNzQzNjg2MTcyNzM2NTc0MDcwRjUyNTU1MzUzNDk0MTRFNUY0MzQ4NDE1MjUzNDU1NDBBNTM2OTdBNjU0NDZGNzU2MjZDNjUwMjFDMDg0NjZGNkU3NDRFNjE2RDY1MDYwRjU0Njk2RDY1NzMyMDRFNjU3NzIwNTI2RjZENjE2RTA3NTU2RTY5NjM2RjY0NjUwOTA0NTM2OTdBNjUwMjBFMDAwMA0KLTkgMiAwIDAgMCAwIDINCg0KMEUwMTA0NTQ2MTYyNzMwRTAwMDAwMA0KLTkgMiAwIDAgMCAwIDQNCg0KMEUwMA0KLTkgMCAwIDAgMCAwIDcNCjEgMSAwIDggMyAwDQozMzAwMkQwMDMxMDAzMDAwMjAwMDQxMDQzNTA0M0EwNDJFMDANCg==</FormattedText>
						</VariantText>
						<VariantText CorrectAnswer="False">
							<PlainText>50-60 сек.</PlainText>
							<FormattedText>LTggMSAzIDINCi05IDEgMCAwIDAgMCAxMw0KOTYNCi05IDIgMCAwIDAgMCAxDQoNCjBFMDEwOTUzNzQ3OTZDNjU0RTYxNkQ2NTA2MEI0RTZGNzI2RDYxNkMyMDc0NjU3ODc0MEE1MzY5N0E2NTQ0NkY3NTYyNkM2NTAyMUMwODQ2NkY2RTc0NEU2MTZENjUwNjBGNTQ2OTZENjU3MzIwNEU2NTc3MjA1MjZGNkQ2MTZFMDc1NTZFNjk2MzZGNjQ2NTA5MDQ1MzY5N0E2NTAyMEUwMDAxMDg1Mzc0NjE2RTY0NjE3MjY0MDgwNzQzNjg2MTcyNzM2NTc0MDcwRjUyNTU1MzUzNDk0MTRFNUY0MzQ4NDE1MjUzNDU1NDBBNTM2OTdBNjU0NDZGNzU2MjZDNjUwMjFDMDg0NjZGNkU3NDRFNjE2RDY1MDYwRjU0Njk2RDY1NzMyMDRFNjU3NzIwNTI2RjZENjE2RTA3NTU2RTY5NjM2RjY0NjUwOTA0NTM2OTdBNjUwMjBFMDAwMA0KLTkgMiAwIDAgMCAwIDINCg0KMEUwMTA0NTQ2MTYyNzMwRTAwMDAwMA0KLTkgMiAwIDAgMCAwIDQNCg0KMEUwMA0KLTkgMCAwIDAgMCAwIDcNCjEgMSAwIDggMyAwDQozNTAwMzAwMDJEMDAzNjAwMzAwMDIwMDA0MTA0MzUwNDNBMDQyRTAwDQo=</FormattedText>
						</VariantText>
					</Variants>
				</Task>
				<!-- ***** -->
				<Task Type="TYPE_TASK_CHOICE_SINGLE" Score="1">
					<Title/>
					<QuestionText>
						<PlainText>Якими ознаками відрізняються умовні рефлекси від безумовних?</PlainText>
						<FormattedText>LTggMSAzIDINCi05IDEgMCAwIDAgMCAxMw0KOTYNCi05IDIgMCAwIDAgMCAxDQoNCjBFMDEwOTUzNzQ3OTZDNjU0RTYxNkQ2NTA2MEI0RTZGNzI2RDYxNkMyMDc0NjU3ODc0MEE1MzY5N0E2NTQ0NkY3NTYyNkM2NTAyMUMwODQ2NkY2RTc0NEU2MTZENjUwNjBGNTQ2OTZENjU3MzIwNEU2NTc3MjA1MjZGNkQ2MTZFMDc1NTZFNjk2MzZGNjQ2NTA5MDQ1MzY5N0E2NTAyMEUwMDAxMDg1Mzc0NjE2RTY0NjE3MjY0MDgwNzQzNjg2MTcyNzM2NTc0MDcwRjUyNTU1MzUzNDk0MTRFNUY0MzQ4NDE1MjUzNDU1NDBBNTM2OTdBNjU0NDZGNzU2MjZDNjUwMjFDMDg0NjZGNkU3NDRFNjE2RDY1MDYwRjU0Njk2RDY1NzMyMDRFNjU3NzIwNTI2RjZENjE2RTA3NTU2RTY5NjM2RjY0NjUwOTA0NTM2OTdBNjUwMjBFMDAwMA0KLTkgMiAwIDAgMCAwIDINCg0KMEUwMTA0NTQ2MTYyNzMwRTAwMDAwMTA4NTM3NDYxNkU2NDYxNzI2NDA4MDk0MTZDNjk2NzZFNkQ2NTZFNzQwNzBBNzI3NjYxNEE3NTczNzQ2OTY2NzkwNDU0NjE2MjczMEUwMDAwMDANCi05IDIgMCAwIDAgMCA0DQoNCjBFMDANCi05IDAgMCAwIDAgMCA3DQoxIDIgMSA4IDMgMA0KMkYwNDNBMDQzODA0M0MwNDM4MDQyMDAwM0UwNDM3MDQzRDA0MzAwNDNBMDQzMDA0M0MwNDM4MDQyMDAwMzIwNDU2MDQzNDA0NDAwNDU2MDQzNzA0M0QwNDRGMDQ0RTA0NDIwNDRDMDQ0MTA0NEYwNDIwMDA0MzA0M0MwNDNFMDQzMjA0M0QwNDU2MDQyMDAwNDAwNDM1MDQ0NDA0M0IwNDM1MDQzQTA0NDEwNDM4MDQyMDAwMzIwNDU2MDQzNDA0MjAwMDMxMDQzNTA0MzcwNDQzMDQzQzA0M0UwNDMyMDQzRDA0MzgwNDQ1MDQzRjAwDQoNCg==</FormattedText>
					</QuestionText>
					<Options>
						<IsAllowRandom>true</IsAllowRandom>
						<IsCompulsory>false</IsCompulsory>
						<IsOnlyForEduMode>false</IsOnlyForEduMode>
						<IsDenyPartially>false</IsDenyPartially>
					</Options>
					<Variants>
						<VariantText CorrectAnswer="False">
							<PlainText>Умовні рефлекси є складними, комплексними, ситуаційними.</PlainText>
							<FormattedText>LTggMSAzIDINCi05IDEgMCAwIDAgMCAxMw0KOTYNCi05IDIgMCAwIDAgMCAxDQoNCjBFMDEwOTUzNzQ3OTZDNjU0RTYxNkQ2NTA2MEI0RTZGNzI2RDYxNkMyMDc0NjU3ODc0MEE1MzY5N0E2NTQ0NkY3NTYyNkM2NTAyMUMwODQ2NkY2RTc0NEU2MTZENjUwNjBGNTQ2OTZENjU3MzIwNEU2NTc3MjA1MjZGNkQ2MTZFMDc1NTZFNjk2MzZGNjQ2NTA5MDQ1MzY5N0E2NTAyMEUwMDAxMDg1Mzc0NjE2RTY0NjE3MjY0MDgwNzQzNjg2MTcyNzM2NTc0MDcwRjUyNTU1MzUzNDk0MTRFNUY0MzQ4NDE1MjUzNDU1NDBBNTM2OTdBNjU0NDZGNzU2MjZDNjUwMjFDMDg0NjZGNkU3NDRFNjE2RDY1MDYwRjU0Njk2RDY1NzMyMDRFNjU3NzIwNTI2RjZENjE2RTA3NTU2RTY5NjM2RjY0NjUwOTA0NTM2OTdBNjUwMjBFMDAwMA0KLTkgMiAwIDAgMCAwIDINCg0KMEUwMTA0NTQ2MTYyNzMwRTAwMDAwMA0KLTkgMiAwIDAgMCAwIDQNCg0KMEUwMA0KLTkgMCAwIDAgMCAwIDcNCjEgMSAwIDggMyAwDQoyMzA0M0MwNDNFMDQzMjA0M0QwNDU2MDQyMDAwNDAwNDM1MDQ0NDA0M0IwNDM1MDQzQTA0NDEwNDM4MDQyMDAwNTQwNDIwMDA0MTA0M0EwNDNCMDQzMDA0MzQwNDNEMDQzODA0M0MwNDM4MDQyQzAwMjAwMDNBMDQzRTA0M0MwNDNGMDQzQjA0MzUwNDNBMDQ0MTA0M0QwNDM4MDQzQzA0MzgwNDJDMDAyMDAwNDEwNDM4MDQ0MjA0NDMwNDMwMDQ0NjA0NTYwNDM5MDQzRDA0MzgwNDNDMDQzODA0MkUwMA0K</FormattedText>
						</VariantText>
						<VariantText CorrectAnswer="False">
							<PlainText>Умовні рефлекси є простими, життєво необхідними, надійними.</PlainText>
							<FormattedText>LTggMSAzIDINCi05IDEgMCAwIDAgMCAxMw0KOTYNCi05IDIgMCAwIDAgMCAxDQoNCjBFMDEwOTUzNzQ3OTZDNjU0RTYxNkQ2NTA2MEI0RTZGNzI2RDYxNkMyMDc0NjU3ODc0MEE1MzY5N0E2NTQ0NkY3NTYyNkM2NTAyMUMwODQ2NkY2RTc0NEU2MTZENjUwNjBGNTQ2OTZENjU3MzIwNEU2NTc3MjA1MjZGNkQ2MTZFMDc1NTZFNjk2MzZGNjQ2NTA5MDQ1MzY5N0E2NTAyMEUwMDAxMDg1Mzc0NjE2RTY0NjE3MjY0MDgwNzQzNjg2MTcyNzM2NTc0MDcwRjUyNTU1MzUzNDk0MTRFNUY0MzQ4NDE1MjUzNDU1NDBBNTM2OTdBNjU0NDZGNzU2MjZDNjUwMjFDMDg0NjZGNkU3NDRFNjE2RDY1MDYwRjU0Njk2RDY1NzMyMDRFNjU3NzIwNTI2RjZENjE2RTA3NTU2RTY5NjM2RjY0NjUwOTA0NTM2OTdBNjUwMjBFMDAwMA0KLTkgMiAwIDAgMCAwIDINCg0KMEUwMTA0NTQ2MTYyNzMwRTAwMDAwMA0KLTkgMiAwIDAgMCAwIDQNCg0KMEUwMA0KLTkgMCAwIDAgMCAwIDcNCjEgMSAwIDggMyAwDQoyMzA0M0MwNDNFMDQzMjA0M0QwNDU2MDQyMDAwNDAwNDM1MDQ0NDA0M0IwNDM1MDQzQTA0NDEwNDM4MDQyMDAwNTQwNDIwMDAzRjA0NDAwNDNFMDQ0MTA0NDIwNDM4MDQzQzA0MzgwNDJDMDAyMDAwMzYwNDM4MDQ0MjA0NDIwNDU0MDQzMjA0M0UwNDIwMDAzRDA0MzUwNDNFMDQzMTA0NDUwNDU2MDQzNDA0M0QwNDM4MDQzQzA0MzgwNDJDMDAyMDAwM0QwNDMwMDQzNDA0NTYwNDM5MDQzRDA0MzgwNDNDMDQzODA0MkUwMA0K</FormattedText>
						</VariantText>
						<VariantText CorrectAnswer="False">
							<PlainText>Умовні рефлекси є ланцюговими, гормонально залежними</PlainText>
							<FormattedText>LTggMSAzIDINCi05IDEgMCAwIDAgMCAxMw0KOTYNCi05IDIgMCAwIDAgMCAxDQoNCjBFMDEwOTUzNzQ3OTZDNjU0RTYxNkQ2NTA2MEI0RTZGNzI2RDYxNkMyMDc0NjU3ODc0MEE1MzY5N0E2NTQ0NkY3NTYyNkM2NTAyMUMwODQ2NkY2RTc0NEU2MTZENjUwNjBGNTQ2OTZENjU3MzIwNEU2NTc3MjA1MjZGNkQ2MTZFMDc1NTZFNjk2MzZGNjQ2NTA5MDQ1MzY5N0E2NTAyMEUwMDAxMDg1Mzc0NjE2RTY0NjE3MjY0MDgwNzQzNjg2MTcyNzM2NTc0MDcwRjUyNTU1MzUzNDk0MTRFNUY0MzQ4NDE1MjUzNDU1NDBBNTM2OTdBNjU0NDZGNzU2MjZDNjUwMjFDMDg0NjZGNkU3NDRFNjE2RDY1MDYwRjU0Njk2RDY1NzMyMDRFNjU3NzIwNTI2RjZENjE2RTA3NTU2RTY5NjM2RjY0NjUwOTA0NTM2OTdBNjUwMjBFMDAwMA0KLTkgMiAwIDAgMCAwIDINCg0KMEUwMTA0NTQ2MTYyNzMwRTAwMDAwMA0KLTkgMiAwIDAgMCAwIDQNCg0KMEUwMA0KLTkgMCAwIDAgMCAwIDcNCjEgMSAwIDggMyAwDQoyMDAwMjMwNDNDMDQzRTA0MzIwNDNEMDQ1NjA0MjAwMDQwMDQzNTA0NDQwNDNCMDQzNTA0M0EwNDQxMDQzODA0MjAwMDU0MDQyMDAwM0IwNDMwMDQzRDA0NDYwNDRFMDQzMzA0M0UwNDMyMDQzODA0M0MwNDM4MDQyQzAwMjAwMDMzMDQzRTA0NDAwNDNDMDQzRTA0M0QwNDMwMDQzQjA0NEMwNDNEMDQzRTA0MjAwMDM3MDQzMDA0M0IwNDM1MDQzNjA0M0QwNDM4MDQzQzA0MzgwNA0K</FormattedText>
						</VariantText>
						<VariantText CorrectAnswer="False">
							<PlainText>Умовні рефлекси є видовими, постійними, природженими.</PlainText>
							<FormattedText>LTggMSAzIDINCi05IDEgMCAwIDAgMCAxMw0KOTYNCi05IDIgMCAwIDAgMCAxDQoNCjBFMDEwOTUzNzQ3OTZDNjU0RTYxNkQ2NTA2MEI0RTZGNzI2RDYxNkMyMDc0NjU3ODc0MEE1MzY5N0E2NTQ0NkY3NTYyNkM2NTAyMUMwODQ2NkY2RTc0NEU2MTZENjUwNjBGNTQ2OTZENjU3MzIwNEU2NTc3MjA1MjZGNkQ2MTZFMDc1NTZFNjk2MzZGNjQ2NTA5MDQ1MzY5N0E2NTAyMEUwMDAxMDg1Mzc0NjE2RTY0NjE3MjY0MDgwNzQzNjg2MTcyNzM2NTc0MDcwRjUyNTU1MzUzNDk0MTRFNUY0MzQ4NDE1MjUzNDU1NDBBNTM2OTdBNjU0NDZGNzU2MjZDNjUwMjFDMDg0NjZGNkU3NDRFNjE2RDY1MDYwRjU0Njk2RDY1NzMyMDRFNjU3NzIwNTI2RjZENjE2RTA3NTU2RTY5NjM2RjY0NjUwOTA0NTM2OTdBNjUwMjBFMDAwMA0KLTkgMiAwIDAgMCAwIDINCg0KMEUwMTA0NTQ2MTYyNzMwRTAwMDAwMA0KLTkgMiAwIDAgMCAwIDQNCg0KMEUwMA0KLTkgMCAwIDAgMCAwIDcNCjEgMSAwIDggMyAwDQoyMzA0M0MwNDNFMDQzMjA0M0QwNDU2MDQyMDAwNDAwNDM1MDQ0NDA0M0IwNDM1MDQzQTA0NDEwNDM4MDQyMDAwNTQwNDIwMDAzMjA0MzgwNDM0MDQzRTA0MzIwNDM4MDQzQzA0MzgwNDJDMDAyMDAwM0YwNDNFMDQ0MTA0NDIwNDU2MDQzOTA0M0QwNDM4MDQzQzA0MzgwNDJDMDAyMDAwM0YwNDQwMDQzODA0NDAwNDNFMDQzNDA0MzYwNDM1MDQzRDA0MzgwNDNDMDQzODA0MkUwMA0K</FormattedText>
						</VariantText>
						<VariantText CorrectAnswer="True">
							<PlainText>Умовні рефлекси є індивідуальними, придбаними, непостійними.</PlainText>
							<FormattedText>LTggMSAzIDINCi05IDEgMCAwIDAgMCAxMw0KOTYNCi05IDIgMCAwIDAgMCAxDQoNCjBFMDEwOTUzNzQ3OTZDNjU0RTYxNkQ2NTA2MEI0RTZGNzI2RDYxNkMyMDc0NjU3ODc0MEE1MzY5N0E2NTQ0NkY3NTYyNkM2NTAyMUMwODQ2NkY2RTc0NEU2MTZENjUwNjBGNTQ2OTZENjU3MzIwNEU2NTc3MjA1MjZGNkQ2MTZFMDc1NTZFNjk2MzZGNjQ2NTA5MDQ1MzY5N0E2NTAyMEUwMDAxMDg1Mzc0NjE2RTY0NjE3MjY0MDgwNzQzNjg2MTcyNzM2NTc0MDcwRjUyNTU1MzUzNDk0MTRFNUY0MzQ4NDE1MjUzNDU1NDBBNTM2OTdBNjU0NDZGNzU2MjZDNjUwMjFDMDg0NjZGNkU3NDRFNjE2RDY1MDYwRjU0Njk2RDY1NzMyMDRFNjU3NzIwNTI2RjZENjE2RTA3NTU2RTY5NjM2RjY0NjUwOTA0NTM2OTdBNjUwMjBFMDAwMA0KLTkgMiAwIDAgMCAwIDINCg0KMEUwMTA0NTQ2MTYyNzMwRTAwMDAwMA0KLTkgMiAwIDAgMCAwIDQNCg0KMEUwMA0KLTkgMCAwIDAgMCAwIDcNCjEgMSAwIDggMyAwDQoyMzA0M0MwNDNFMDQzMjA0M0QwNDU2MDQyMDAwNDAwNDM1MDQ0NDA0M0IwNDM1MDQzQTA0NDEwNDM4MDQyMDAwNTQwNDIwMDA1NjA0M0QwNDM0MDQzODA0MzIwNDU2MDQzNDA0NDMwNDMwMDQzQjA0NEMwNDNEMDQzODA0M0MwNDM4MDQyQzAwMjAwMDNGMDQ0MDA0MzgwNDM0MDQzMTA0MzAwNDNEMDQzODA0M0MwNDM4MDQyQzAwMjAwMDNEMDQzNTA0M0YwNDNFMDQ0MTA0NDIwNDU2MDQzOTA0M0QwNDM4MDQzQzA0MzgwNDJFMDANCg==</FormattedText>
						</VariantText>
					</Variants>
				</Task>
				<!-- ***** -->
				<Task Type="TYPE_TASK_CHOICE_SINGLE" Score="1">
					<Title/>
					<QuestionText>
						<PlainText>Якими ознаками відрізняються безумовні рефлекси від умовних?</PlainText>
						<FormattedText>LTggMSAzIDINCi05IDEgMCAwIDAgMCAxMw0KOTYNCi05IDIgMCAwIDAgMCAxDQoNCjBFMDEwOTUzNzQ3OTZDNjU0RTYxNkQ2NTA2MEI0RTZGNzI2RDYxNkMyMDc0NjU3ODc0MEE1MzY5N0E2NTQ0NkY3NTYyNkM2NTAyMUMwODQ2NkY2RTc0NEU2MTZENjUwNjBGNTQ2OTZENjU3MzIwNEU2NTc3MjA1MjZGNkQ2MTZFMDc1NTZFNjk2MzZGNjQ2NTA5MDQ1MzY5N0E2NTAyMEUwMDAxMDg1Mzc0NjE2RTY0NjE3MjY0MDgwNzQzNjg2MTcyNzM2NTc0MDcwRjUyNTU1MzUzNDk0MTRFNUY0MzQ4NDE1MjUzNDU1NDA4NDY2RjZFNzQ0RTYxNkQ2NTA2MEY1NDY5NkQ2NTczMjA0RTY1NzcyMDUyNkY2RDYxNkUwNzU1NkU2OTYzNkY2NDY1MDkwNDUzNjk3QTY1MDIwQTAwMDEwODUzNzQ2MTZFNjQ2MTcyNjQwODA3NDM2ODYxNzI3MzY1NzQwNzBGNTI1NTUzNTM0OTQxNEU1RjQzNDg0MTUyNTM0NTU0MEE1MzY5N0E2NTQ0NkY3NTYyNkM2NTAyMUMwODQ2NkY2RTc0NEU2MTZENjUwNjBGNTQ2OTZENjU3MzIwNEU2NTc3MjA1MjZGNkQ2MTZFMDc1NTZFNjk2MzZGNjQ2NTA5MDQ1MzY5N0E2NTAyMEUwMDAwDQotOSAyIDAgMCAwIDAgMg0KDQowRTAxMDQ1NDYxNjI3MzBFMDAwMDAxMDg1Mzc0NjE2RTY0NjE3MjY0MDgwOTQxNkM2OTY3NkU2RDY1NkU3NDA3MEE3Mjc2NjE0QTc1NzM3NDY5NjY3OTA0NTQ2MTYyNzMwRTAwMDAwMA0KLTkgMiAwIDAgMCAwIDQNCg0KMEUwMA0KLTkgMCAwIDAgMCAwIDcNCjIgMSAxIDggMyAwDQoyRjA0M0EwNDM4MDQzQzA0MzgwNDIwMDAzRTA0MzcwNDNEMDQzMDA0M0EwNDMwMDQzQzA0MzgwNDIwMDAzMjA0NTYwNDM0MDQ0MDA0NTYwNDM3MDQzRDA0NEYwNDRFMDQ0MjA0NEMwNDQxMDQ0RjA0MjAwMDMxMDQzNTA0MzcwNDQzMDQzQzA0M0UwNDMyMDQzRDA0NTYwNDIwMDA0MDA0MzUwNDQ0MDQzQjA0MzUwNDNBMDQ0MTA0MzgwNDIwMDAzMjA0NTYwNDM0MDQyMDAwNDMwNDNDMDQzRTA0MzIwNDNEMDQzODA0NDUwNDNGMDANCjEgMSAxIDggMyAwDQoNCg==</FormattedText>
					</QuestionText>
					<Options>
						<IsAllowRandom>true</IsAllowRandom>
						<IsCompulsory>false</IsCompulsory>
						<IsOnlyForEduMode>false</IsOnlyForEduMode>
						<IsDenyPartially>false</IsDenyPartially>
					</Options>
					<Variants>
						<VariantText CorrectAnswer="True">
							<PlainText>Безумовні рефлекси є видовими, постійними, природженими.</PlainText>
							<FormattedText>LTggMSAzIDINCi05IDEgMCAwIDAgMCAxMw0KOTYNCi05IDIgMCAwIDAgMCAxDQoNCjBFMDEwOTUzNzQ3OTZDNjU0RTYxNkQ2NTA2MEI0RTZGNzI2RDYxNkMyMDc0NjU3ODc0MEE1MzY5N0E2NTQ0NkY3NTYyNkM2NTAyMUMwODQ2NkY2RTc0NEU2MTZENjUwNjBGNTQ2OTZENjU3MzIwNEU2NTc3MjA1MjZGNkQ2MTZFMDc1NTZFNjk2MzZGNjQ2NTA5MDQ1MzY5N0E2NTAyMEUwMDAxMDg1Mzc0NjE2RTY0NjE3MjY0MDgwNzQzNjg2MTcyNzM2NTc0MDcwRjUyNTU1MzUzNDk0MTRFNUY0MzQ4NDE1MjUzNDU1NDBBNTM2OTdBNjU0NDZGNzU2MjZDNjUwMjFDMDg0NjZGNkU3NDRFNjE2RDY1MDYwRjU0Njk2RDY1NzMyMDRFNjU3NzIwNTI2RjZENjE2RTA3NTU2RTY5NjM2RjY0NjUwOTA0NTM2OTdBNjUwMjBFMDAwMA0KLTkgMiAwIDAgMCAwIDINCg0KMEUwMTA0NTQ2MTYyNzMwRTAwMDAwMA0KLTkgMiAwIDAgMCAwIDQNCg0KMEUwMA0KLTkgMCAwIDAgMCAwIDcNCjEgMSAwIDggMyAwDQoxMTA0MzUwNDM3MDQ0MzA0M0MwNDNFMDQzMjA0M0QwNDU2MDQyMDAwNDAwNDM1MDQ0NDA0M0IwNDM1MDQzQTA0NDEwNDM4MDQyMDAwNTQwNDIwMDAzMjA0MzgwNDM0MDQzRTA0MzIwNDM4MDQzQzA0MzgwNDJDMDAyMDAwM0YwNDNFMDQ0MTA0NDIwNDU2MDQzOTA0M0QwNDM4MDQzQzA0MzgwNDJDMDAyMDAwM0YwNDQwMDQzODA0NDAwNDNFMDQzNDA0MzYwNDM1MDQzRDA0MzgwNDNDMDQzODA0MkUwMA0K</FormattedText>
						</VariantText>
						<VariantText CorrectAnswer="False">
							<PlainText>Безумовні рефлекси є ланцюговими, гормонально залежними, адаптаційними.</PlainText>
							<FormattedText>LTggMSAzIDINCi05IDEgMCAwIDAgMCAxMw0KOTYNCi05IDIgMCAwIDAgMCAxDQoNCjBFMDEwOTUzNzQ3OTZDNjU0RTYxNkQ2NTA2MEI0RTZGNzI2RDYxNkMyMDc0NjU3ODc0MEE1MzY5N0E2NTQ0NkY3NTYyNkM2NTAyMUMwODQ2NkY2RTc0NEU2MTZENjUwNjBGNTQ2OTZENjU3MzIwNEU2NTc3MjA1MjZGNkQ2MTZFMDc1NTZFNjk2MzZGNjQ2NTA5MDQ1MzY5N0E2NTAyMEUwMDAxMDg1Mzc0NjE2RTY0NjE3MjY0MDgwNzQzNjg2MTcyNzM2NTc0MDcwRjUyNTU1MzUzNDk0MTRFNUY0MzQ4NDE1MjUzNDU1NDBBNTM2OTdBNjU0NDZGNzU2MjZDNjUwMjFDMDg0NjZGNkU3NDRFNjE2RDY1MDYwRjU0Njk2RDY1NzMyMDRFNjU3NzIwNTI2RjZENjE2RTA3NTU2RTY5NjM2RjY0NjUwOTA0NTM2OTdBNjUwMjBFMDAwMA0KLTkgMiAwIDAgMCAwIDINCg0KMEUwMTA0NTQ2MTYyNzMwRTAwMDAwMA0KLTkgMiAwIDAgMCAwIDQNCg0KMEUwMA0KLTkgMCAwIDAgMCAwIDcNCjEgMSAwIDggMyAwDQoxMTA0MzUwNDM3MDQ0MzA0M0MwNDNFMDQzMjA0M0QwNDU2MDQyMDAwNDAwNDM1MDQ0NDA0M0IwNDM1MDQzQTA0NDEwNDM4MDQyMDAwNTQwNDIwMDAzQjA0MzAwNDNEMDQ0NjA0NEUwNDMzMDQzRTA0MzIwNDM4MDQzQzA0MzgwNDJDMDAyMDAwMzMwNDNFMDQ0MDA0M0MwNDNFMDQzRDA0MzAwNDNCMDQ0QzA0M0QwNDNFMDQyMDAwMzcwNDMwMDQzQjA0MzUwNDM2MDQzRDA0MzgwNDNDMDQzODA0MkMwMDIwMDAzMDA0MzQwNDMwMDQzRjA0NDIwNDMwMDQ0NjA0NTYwNDM5MDQzRDA0MzgwNDNDMDQzODA0MkUwMA0K</FormattedText>
						</VariantText>
						<VariantText CorrectAnswer="False">
							<PlainText>Безумовні рефлекси є простими, життєво необхідними, надійними.</PlainText>
							<FormattedText>LTggMSAzIDINCi05IDEgMCAwIDAgMCAxMw0KOTYNCi05IDIgMCAwIDAgMCAxDQoNCjBFMDEwOTUzNzQ3OTZDNjU0RTYxNkQ2NTA2MEI0RTZGNzI2RDYxNkMyMDc0NjU3ODc0MEE1MzY5N0E2NTQ0NkY3NTYyNkM2NTAyMUMwODQ2NkY2RTc0NEU2MTZENjUwNjBGNTQ2OTZENjU3MzIwNEU2NTc3MjA1MjZGNkQ2MTZFMDc1NTZFNjk2MzZGNjQ2NTA5MDQ1MzY5N0E2NTAyMEUwMDAxMDg1Mzc0NjE2RTY0NjE3MjY0MDgwNzQzNjg2MTcyNzM2NTc0MDcwRjUyNTU1MzUzNDk0MTRFNUY0MzQ4NDE1MjUzNDU1NDBBNTM2OTdBNjU0NDZGNzU2MjZDNjUwMjFDMDg0NjZGNkU3NDRFNjE2RDY1MDYwRjU0Njk2RDY1NzMyMDRFNjU3NzIwNTI2RjZENjE2RTA3NTU2RTY5NjM2RjY0NjUwOTA0NTM2OTdBNjUwMjBFMDAwMA0KLTkgMiAwIDAgMCAwIDINCg0KMEUwMTA0NTQ2MTYyNzMwRTAwMDAwMA0KLTkgMiAwIDAgMCAwIDQNCg0KMEUwMA0KLTkgMCAwIDAgMCAwIDcNCjEgMSAwIDggMyAwDQoxMTA0MzUwNDM3MDQ0MzA0M0MwNDNFMDQzMjA0M0QwNDU2MDQyMDAwNDAwNDM1MDQ0NDA0M0IwNDM1MDQzQTA0NDEwNDM4MDQyMDAwNTQwNDIwMDAzRjA0NDAwNDNFMDQ0MTA0NDIwNDM4MDQzQzA0MzgwNDJDMDAyMDAwMzYwNDM4MDQ0MjA0NDIwNDU0MDQzMjA0M0UwNDIwMDAzRDA0MzUwNDNFMDQzMTA0NDUwNDU2MDQzNDA0M0QwNDM4MDQzQzA0MzgwNDJDMDAyMDAwM0QwNDMwMDQzNDA0NTYwNDM5MDQzRDA0MzgwNDNDMDQzODA0MkUwMA0K</FormattedText>
						</VariantText>
						<VariantText CorrectAnswer="False">
							<PlainText>Безумовні рефлекси є складними, комплексними, ситуаційними.</PlainText>
							<FormattedText>LTggMSAzIDINCi05IDEgMCAwIDAgMCAxMw0KOTYNCi05IDIgMCAwIDAgMCAxDQoNCjBFMDEwOTUzNzQ3OTZDNjU0RTYxNkQ2NTA2MEI0RTZGNzI2RDYxNkMyMDc0NjU3ODc0MEE1MzY5N0E2NTQ0NkY3NTYyNkM2NTAyMUMwODQ2NkY2RTc0NEU2MTZENjUwNjBGNTQ2OTZENjU3MzIwNEU2NTc3MjA1MjZGNkQ2MTZFMDc1NTZFNjk2MzZGNjQ2NTA5MDQ1MzY5N0E2NTAyMEUwMDAxMDg1Mzc0NjE2RTY0NjE3MjY0MDgwNzQzNjg2MTcyNzM2NTc0MDcwRjUyNTU1MzUzNDk0MTRFNUY0MzQ4NDE1MjUzNDU1NDBBNTM2OTdBNjU0NDZGNzU2MjZDNjUwMjFDMDg0NjZGNkU3NDRFNjE2RDY1MDYwRjU0Njk2RDY1NzMyMDRFNjU3NzIwNTI2RjZENjE2RTA3NTU2RTY5NjM2RjY0NjUwOTA0NTM2OTdBNjUwMjBFMDAwMA0KLTkgMiAwIDAgMCAwIDINCg0KMEUwMTA0NTQ2MTYyNzMwRTAwMDAwMA0KLTkgMiAwIDAgMCAwIDQNCg0KMEUwMA0KLTkgMCAwIDAgMCAwIDcNCjEgMSAwIDggMyAwDQoxMTA0MzUwNDM3MDQ0MzA0M0MwNDNFMDQzMjA0M0QwNDU2MDQyMDAwNDAwNDM1MDQ0NDA0M0IwNDM1MDQzQTA0NDEwNDM4MDQyMDAwNTQwNDIwMDA0MTA0M0EwNDNCMDQzMDA0MzQwNDNEMDQzODA0M0MwNDM4MDQyQzAwMjAwMDNBMDQzRTA0M0MwNDNGMDQzQjA0MzUwNDNBMDQ0MTA0M0QwNDM4MDQzQzA0MzgwNDJDMDAyMDAwNDEwNDM4MDQ0MjA0NDMwNDMwMDQ0NjA0NTYwNDM5MDQzRDA0MzgwNDNDMDQzODA0MkUwMA0K</FormattedText>
						</VariantText>
						<VariantText CorrectAnswer="False">
							<PlainText>Безумовні рефлекси є індивідуальними, придбаними, непостійними.</PlainText>
							<FormattedText>LTggMSAzIDINCi05IDEgMCAwIDAgMCAxMw0KOTYNCi05IDIgMCAwIDAgMCAxDQoNCjBFMDEwOTUzNzQ3OTZDNjU0RTYxNkQ2NTA2MEI0RTZGNzI2RDYxNkMyMDc0NjU3ODc0MEE1MzY5N0E2NTQ0NkY3NTYyNkM2NTAyMUMwODQ2NkY2RTc0NEU2MTZENjUwNjBGNTQ2OTZENjU3MzIwNEU2NTc3MjA1MjZGNkQ2MTZFMDc1NTZFNjk2MzZGNjQ2NTA5MDQ1MzY5N0E2NTAyMEUwMDAxMDg1Mzc0NjE2RTY0NjE3MjY0MDgwNzQzNjg2MTcyNzM2NTc0MDcwRjUyNTU1MzUzNDk0MTRFNUY0MzQ4NDE1MjUzNDU1NDBBNTM2OTdBNjU0NDZGNzU2MjZDNjUwMjFDMDg0NjZGNkU3NDRFNjE2RDY1MDYwRjU0Njk2RDY1NzMyMDRFNjU3NzIwNTI2RjZENjE2RTA3NTU2RTY5NjM2RjY0NjUwOTA0NTM2OTdBNjUwMjBFMDAwMA0KLTkgMiAwIDAgMCAwIDINCg0KMEUwMTA0NTQ2MTYyNzMwRTAwMDAwMA0KLTkgMiAwIDAgMCAwIDQNCg0KMEUwMA0KLTkgMCAwIDAgMCAwIDcNCjEgMSAwIDggMyAwDQoxMTA0MzUwNDM3MDQ0MzA0M0MwNDNFMDQzMjA0M0QwNDU2MDQyMDAwNDAwNDM1MDQ0NDA0M0IwNDM1MDQzQTA0NDEwNDM4MDQyMDAwNTQwNDIwMDA1NjA0M0QwNDM0MDQzODA0MzIwNDU2MDQzNDA0NDMwNDMwMDQzQjA0NEMwNDNEMDQzODA0M0MwNDM4MDQyQzAwMjAwMDNGMDQ0MDA0MzgwNDM0MDQzMTA0MzAwNDNEMDQzODA0M0MwNDM4MDQyQzAwMjAwMDNEMDQzNTA0M0YwNDNFMDQ0MTA0NDIwNDU2MDQzOTA0M0QwNDM4MDQzQzA0MzgwNDJFMDANCg==</FormattedText>
						</VariantText>
					</Variants>
				</Task>
				<!-- ***** -->
				<Task Type="TYPE_TASK_CHOICE_SINGLE" Score="1">
					<Title/>
					<QuestionText>
						<PlainText>Яка тривалість сенсорної пам&apos;яті?</PlainText>
						<FormattedText>LTggMSAzIDINCi05IDEgMCAwIDAgMCAxMw0KOTYNCi05IDIgMCAwIDAgMCAxDQoNCjBFMDEwOTUzNzQ3OTZDNjU0RTYxNkQ2NTA2MEI0RTZGNzI2RDYxNkMyMDc0NjU3ODc0MEE1MzY5N0E2NTQ0NkY3NTYyNkM2NTAyMUMwODQ2NkY2RTc0NEU2MTZENjUwNjBGNTQ2OTZENjU3MzIwNEU2NTc3MjA1MjZGNkQ2MTZFMDc1NTZFNjk2MzZGNjQ2NTA5MDQ1MzY5N0E2NTAyMEUwMDAxMDg1Mzc0NjE2RTY0NjE3MjY0MDgwNzQzNjg2MTcyNzM2NTc0MDcwRjUyNTU1MzUzNDk0MTRFNUY0MzQ4NDE1MjUzNDU1NDA4NDY2RjZFNzQ0RTYxNkQ2NTA2MEY1NDY5NkQ2NTczMjA0RTY1NzcyMDUyNkY2RDYxNkUwNzU1NkU2OTYzNkY2NDY1MDkwNDUzNjk3QTY1MDIwQTAwMDEwODUzNzQ2MTZFNjQ2MTcyNjQwODA3NDM2ODYxNzI3MzY1NzQwNzBGNTI1NTUzNTM0OTQxNEU1RjQzNDg0MTUyNTM0NTU0MEE1MzY5N0E2NTQ0NkY3NTYyNkM2NTAyMUMwODQ2NkY2RTc0NEU2MTZENjUwNjBGNTQ2OTZENjU3MzIwNEU2NTc3MjA1MjZGNkQ2MTZFMDc1NTZFNjk2MzZGNjQ2NTA5MDQ1MzY5N0E2NTAyMEUwMDAwDQotOSAyIDAgMCAwIDAgMg0KDQowRTAxMDQ1NDYxNjI3MzBFMDAwMDAxMDg1Mzc0NjE2RTY0NjE3MjY0MDgwOTQxNkM2OTY3NkU2RDY1NkU3NDA3MEE3Mjc2NjE0QTc1NzM3NDY5NjY3OTA0NTQ2MTYyNzMwRTAwMDAwMA0KLTkgMiAwIDAgMCAwIDQNCg0KMEUwMA0KLTkgMCAwIDAgMCAwIDcNCjIgMSAxIDggMyAwDQoyRjA0M0EwNDMwMDQyMDAwNDIwNDQwMDQzODA0MzIwNDMwMDQzQjA0NTYwNDQxMDQ0MjA0NEMwNDIwMDA0MTA0MzUwNDNEMDQ0MTA0M0UwNDQwMDQzRDA0M0UwNDU3MDQyMDAwM0YwNDMwMDQzQzA0MjcwMDRGMDQ0MjA0NTYwNDNGMDANCjEgMSAxIDggMyAwDQoNCg==</FormattedText>
					</QuestionText>
					<Options>
						<IsAllowRandom>true</IsAllowRandom>
						<IsCompulsory>false</IsCompulsory>
						<IsOnlyForEduMode>false</IsOnlyForEduMode>
						<IsDenyPartially>false</IsDenyPartially>
					</Options>
					<Variants>
						<VariantText CorrectAnswer="False">
							<PlainText>Все життя.</PlainText>
							<FormattedText>LTggMSAzIDINCi05IDEgMCAwIDAgMCAxMw0KOTYNCi05IDIgMCAwIDAgMCAxDQoNCjBFMDEwOTUzNzQ3OTZDNjU0RTYxNkQ2NTA2MEI0RTZGNzI2RDYxNkMyMDc0NjU3ODc0MEE1MzY5N0E2NTQ0NkY3NTYyNkM2NTAyMUMwODQ2NkY2RTc0NEU2MTZENjUwNjBGNTQ2OTZENjU3MzIwNEU2NTc3MjA1MjZGNkQ2MTZFMDc1NTZFNjk2MzZGNjQ2NTA5MDQ1MzY5N0E2NTAyMEUwMDAxMDg1Mzc0NjE2RTY0NjE3MjY0MDgwNzQzNjg2MTcyNzM2NTc0MDcwRjUyNTU1MzUzNDk0MTRFNUY0MzQ4NDE1MjUzNDU1NDBBNTM2OTdBNjU0NDZGNzU2MjZDNjUwMjFDMDg0NjZGNkU3NDRFNjE2RDY1MDYwRjU0Njk2RDY1NzMyMDRFNjU3NzIwNTI2RjZENjE2RTA3NTU2RTY5NjM2RjY0NjUwOTA0NTM2OTdBNjUwMjBFMDAwMA0KLTkgMiAwIDAgMCAwIDINCg0KMEUwMTA0NTQ2MTYyNzMwRTAwMDAwMA0KLTkgMiAwIDAgMCAwIDQNCg0KMEUwMA0KLTkgMCAwIDAgMCAwIDcNCjEgMSAwIDggMyAwDQoxMjA0NDEwNDM1MDQyMDAwMzYwNDM4MDQ0MjA0NDIwNDRGMDQyRTAwDQo=</FormattedText>
						</VariantText>
						<VariantText CorrectAnswer="False">
							<PlainText>Кілька років.</PlainText>
							<FormattedText>LTggMSAzIDINCi05IDEgMCAwIDAgMCAxMw0KOTYNCi05IDIgMCAwIDAgMCAxDQoNCjBFMDEwOTUzNzQ3OTZDNjU0RTYxNkQ2NTA2MEI0RTZGNzI2RDYxNkMyMDc0NjU3ODc0MEE1MzY5N0E2NTQ0NkY3NTYyNkM2NTAyMUMwODQ2NkY2RTc0NEU2MTZENjUwNjBGNTQ2OTZENjU3MzIwNEU2NTc3MjA1MjZGNkQ2MTZFMDc1NTZFNjk2MzZGNjQ2NTA5MDQ1MzY5N0E2NTAyMEUwMDAxMDg1Mzc0NjE2RTY0NjE3MjY0MDgwNzQzNjg2MTcyNzM2NTc0MDcwRjUyNTU1MzUzNDk0MTRFNUY0MzQ4NDE1MjUzNDU1NDBBNTM2OTdBNjU0NDZGNzU2MjZDNjUwMjFDMDg0NjZGNkU3NDRFNjE2RDY1MDYwRjU0Njk2RDY1NzMyMDRFNjU3NzIwNTI2RjZENjE2RTA3NTU2RTY5NjM2RjY0NjUwOTA0NTM2OTdBNjUwMjBFMDAwMA0KLTkgMiAwIDAgMCAwIDINCg0KMEUwMTA0NTQ2MTYyNzMwRTAwMDAwMA0KLTkgMiAwIDAgMCAwIDQNCg0KMEUwMA0KLTkgMCAwIDAgMCAwIDcNCjEgMSAwIDggMyAwDQoxQTA0NTYwNDNCMDQ0QzA0M0EwNDMwMDQyMDAwNDAwNDNFMDQzQTA0NTYwNDMyMDQyRTAwDQo=</FormattedText>
						</VariantText>
						<VariantText CorrectAnswer="True">
							<PlainText>Частки секунди.</PlainText>
							<FormattedText>LTggMSAzIDINCi05IDEgMCAwIDAgMCAxMw0KOTYNCi05IDIgMCAwIDAgMCAxDQoNCjBFMDEwOTUzNzQ3OTZDNjU0RTYxNkQ2NTA2MEI0RTZGNzI2RDYxNkMyMDc0NjU3ODc0MEE1MzY5N0E2NTQ0NkY3NTYyNkM2NTAyMUMwODQ2NkY2RTc0NEU2MTZENjUwNjBGNTQ2OTZENjU3MzIwNEU2NTc3MjA1MjZGNkQ2MTZFMDc1NTZFNjk2MzZGNjQ2NTA5MDQ1MzY5N0E2NTAyMEUwMDAxMDg1Mzc0NjE2RTY0NjE3MjY0MDgwNzQzNjg2MTcyNzM2NTc0MDcwRjUyNTU1MzUzNDk0MTRFNUY0MzQ4NDE1MjUzNDU1NDBBNTM2OTdBNjU0NDZGNzU2MjZDNjUwMjFDMDg0NjZGNkU3NDRFNjE2RDY1MDYwRjU0Njk2RDY1NzMyMDRFNjU3NzIwNTI2RjZENjE2RTA3NTU2RTY5NjM2RjY0NjUwOTA0NTM2OTdBNjUwMjBFMDAwMA0KLTkgMiAwIDAgMCAwIDINCg0KMEUwMTA0NTQ2MTYyNzMwRTAwMDAwMA0KLTkgMiAwIDAgMCAwIDQNCg0KMEUwMA0KLTkgMCAwIDAgMCAwIDcNCjEgMSAwIDggMyAwDQoyNzA0MzAwNDQxMDQ0MjA0M0EwNDM4MDQyMDAwNDEwNDM1MDQzQTA0NDMwNDNEMDQzNDA0MzgwNDJFMDANCg==</FormattedText>
						</VariantText>
						<VariantText CorrectAnswer="False">
							<PlainText>Кілька хвилин</PlainText>
							<FormattedText>LTggMSAzIDINCi05IDEgMCAwIDAgMCAxMw0KOTYNCi05IDIgMCAwIDAgMCAxDQoNCjBFMDEwOTUzNzQ3OTZDNjU0RTYxNkQ2NTA2MEI0RTZGNzI2RDYxNkMyMDc0NjU3ODc0MEE1MzY5N0E2NTQ0NkY3NTYyNkM2NTAyMUMwODQ2NkY2RTc0NEU2MTZENjUwNjBGNTQ2OTZENjU3MzIwNEU2NTc3MjA1MjZGNkQ2MTZFMDc1NTZFNjk2MzZGNjQ2NTA5MDQ1MzY5N0E2NTAyMEUwMDAxMDg1Mzc0NjE2RTY0NjE3MjY0MDgwNzQzNjg2MTcyNzM2NTc0MDcwRjUyNTU1MzUzNDk0MTRFNUY0MzQ4NDE1MjUzNDU1NDBBNTM2OTdBNjU0NDZGNzU2MjZDNjUwMjFDMDg0NjZGNkU3NDRFNjE2RDY1MDYwRjU0Njk2RDY1NzMyMDRFNjU3NzIwNTI2RjZENjE2RTA3NTU2RTY5NjM2RjY0NjUwOTA0NTM2OTdBNjUwMjBFMDAwMA0KLTkgMiAwIDAgMCAwIDINCg0KMEUwMTA0NTQ2MTYyNzMwRTAwMDAwMA0KLTkgMiAwIDAgMCAwIDQNCg0KMEUwMA0KLTkgMCAwIDAgMCAwIDcNCjEgMSAwIDggMyAwDQoxQTA0NTYwNDNCMDQ0QzA0M0EwNDMwMDQyMDAwNDUwNDMyMDQzODA0M0IwNDM4MDQzRDA0DQo=</FormattedText>
						</VariantText>
						<VariantText CorrectAnswer="False">
							<PlainText>Кілька секунд.</PlainText>
							<FormattedText>LTggMSAzIDINCi05IDEgMCAwIDAgMCAxMw0KOTYNCi05IDIgMCAwIDAgMCAxDQoNCjBFMDEwOTUzNzQ3OTZDNjU0RTYxNkQ2NTA2MEI0RTZGNzI2RDYxNkMyMDc0NjU3ODc0MEE1MzY5N0E2NTQ0NkY3NTYyNkM2NTAyMUMwODQ2NkY2RTc0NEU2MTZENjUwNjBGNTQ2OTZENjU3MzIwNEU2NTc3MjA1MjZGNkQ2MTZFMDc1NTZFNjk2MzZGNjQ2NTA5MDQ1MzY5N0E2NTAyMEUwMDAxMDg1Mzc0NjE2RTY0NjE3MjY0MDgwNzQzNjg2MTcyNzM2NTc0MDcwRjUyNTU1MzUzNDk0MTRFNUY0MzQ4NDE1MjUzNDU1NDBBNTM2OTdBNjU0NDZGNzU2MjZDNjUwMjFDMDg0NjZGNkU3NDRFNjE2RDY1MDYwRjU0Njk2RDY1NzMyMDRFNjU3NzIwNTI2RjZENjE2RTA3NTU2RTY5NjM2RjY0NjUwOTA0NTM2OTdBNjUwMjBFMDAwMA0KLTkgMiAwIDAgMCAwIDINCg0KMEUwMTA0NTQ2MTYyNzMwRTAwMDAwMA0KLTkgMiAwIDAgMCAwIDQNCg0KMEUwMA0KLTkgMCAwIDAgMCAwIDcNCjEgMSAwIDggMyAwDQoxQTA0NTYwNDNCMDQ0QzA0M0EwNDMwMDQyMDAwNDEwNDM1MDQzQTA0NDMwNDNEMDQzNDA0MkUwMA0K</FormattedText>
						</VariantText>
					</Variants>
				</Task>
				<!-- ***** -->
				<Task Type="TYPE_TASK_CHOICE_SINGLE" Score="1">
					<Title/>
					<QuestionText>
						<PlainText>Участь яких структур ЦНС є обов&apos;язковою щодо формування умовно-рефлекторних реакцій?</PlainText>
						<FormattedText>LTggMSAzIDINCi05IDEgMCAwIDAgMCAxMw0KOTYNCi05IDIgMCAwIDAgMCAxDQoNCjBFMDEwOTUzNzQ3OTZDNjU0RTYxNkQ2NTA2MEI0RTZGNzI2RDYxNkMyMDc0NjU3ODc0MEE1MzY5N0E2NTQ0NkY3NTYyNkM2NTAyMUMwODQ2NkY2RTc0NEU2MTZENjUwNjBGNTQ2OTZENjU3MzIwNEU2NTc3MjA1MjZGNkQ2MTZFMDc1NTZFNjk2MzZGNjQ2NTA5MDQ1MzY5N0E2NTAyMEUwMDAxMDg1Mzc0NjE2RTY0NjE3MjY0MDgwNzQzNjg2MTcyNzM2NTc0MDcwRjUyNTU1MzUzNDk0MTRFNUY0MzQ4NDE1MjUzNDU1NDA4NDY2RjZFNzQ0RTYxNkQ2NTA2MEY1NDY5NkQ2NTczMjA0RTY1NzcyMDUyNkY2RDYxNkUwNzU1NkU2OTYzNkY2NDY1MDkwNDUzNjk3QTY1MDIwQTAwMDEwODUzNzQ2MTZFNjQ2MTcyNjQwODA3NDM2ODYxNzI3MzY1NzQwNzBGNTI1NTUzNTM0OTQxNEU1RjQzNDg0MTUyNTM0NTU0MEE1MzY5N0E2NTQ0NkY3NTYyNkM2NTAyMUMwODQ2NkY2RTc0NEU2MTZENjUwNjBGNTQ2OTZENjU3MzIwNEU2NTc3MjA1MjZGNkQ2MTZFMDc1NTZFNjk2MzZGNjQ2NTA5MDQ1MzY5N0E2NTAyMEUwMDAwDQotOSAyIDAgMCAwIDAgMg0KDQowRTAxMDQ1NDYxNjI3MzBFMDAwMDAxMDg1Mzc0NjE2RTY0NjE3MjY0MDgwOTQxNkM2OTY3NkU2RDY1NkU3NDA3MEE3Mjc2NjE0QTc1NzM3NDY5NjY3OTA0NTQ2MTYyNzMwRTAwMDAwMA0KLTkgMiAwIDAgMCAwIDQNCg0KMEUwMA0KLTkgMCAwIDAgMCAwIDcNCjIgMSAxIDggMyAwDQoyMzA0NDcwNDMwMDQ0MTA0NDIwNDRDMDQyMDAwNEYwNDNBMDQzODA0NDUwNDIwMDA0MTA0NDIwNDQwMDQ0MzA0M0EwNDQyMDQ0MzA0NDAwNDIwMDAyNjA0MUQwNDIxMDQyMDAwNTQwNDIwMDAzRTA0MzEwNDNFMDQzMjA0MjcwMDRGMDQzNzA0M0EwNDNFMDQzMjA0M0UwNDRFMDQyMDAwNDkwNDNFMDQzNDA0M0UwNDIwMDA0NDA0M0UwNDQwMDQzQzA0NDMwNDMyMDQzMDA0M0QwNDNEMDQ0RjA0MjAwMDQzMDQzQzA0M0UwNDMyMDQzRDA0M0UwNDJEMDA0MDA0MzUwNDQ0MDQzQjA0MzUwNDNBMDQ0MjA0M0UwNDQwMDQzRDA0MzgwNDQ1MDQyMDAwNDAwNDM1MDQzMDA0M0EwNDQ2MDQ1NjA0MzkwNDNGMDANCjEgMSAxIDggMyAwDQoNCg==</FormattedText>
					</QuestionText>
					<Options>
						<IsAllowRandom>true</IsAllowRandom>
						<IsCompulsory>false</IsCompulsory>
						<IsOnlyForEduMode>false</IsOnlyForEduMode>
						<IsDenyPartially>false</IsDenyPartially>
					</Options>
					<Variants>
						<VariantText CorrectAnswer="False">
							<PlainText>Структури довгастого і проміжного мозку.</PlainText>
							<FormattedText>LTggMSAzIDINCi05IDEgMCAwIDAgMCAxMw0KOTYNCi05IDIgMCAwIDAgMCAxDQoNCjBFMDEwOTUzNzQ3OTZDNjU0RTYxNkQ2NTA2MEI0RTZGNzI2RDYxNkMyMDc0NjU3ODc0MEE1MzY5N0E2NTQ0NkY3NTYyNkM2NTAyMUMwODQ2NkY2RTc0NEU2MTZENjUwNjBGNTQ2OTZENjU3MzIwNEU2NTc3MjA1MjZGNkQ2MTZFMDc1NTZFNjk2MzZGNjQ2NTA5MDQ1MzY5N0E2NTAyMEUwMDAxMDg1Mzc0NjE2RTY0NjE3MjY0MDgwNzQzNjg2MTcyNzM2NTc0MDcwRjUyNTU1MzUzNDk0MTRFNUY0MzQ4NDE1MjUzNDU1NDBBNTM2OTdBNjU0NDZGNzU2MjZDNjUwMjFDMDg0NjZGNkU3NDRFNjE2RDY1MDYwRjU0Njk2RDY1NzMyMDRFNjU3NzIwNTI2RjZENjE2RTA3NTU2RTY5NjM2RjY0NjUwOTA0NTM2OTdBNjUwMjBFMDAwMA0KLTkgMiAwIDAgMCAwIDINCg0KMEUwMTA0NTQ2MTYyNzMwRTAwMDAwMA0KLTkgMiAwIDAgMCAwIDQNCg0KMEUwMA0KLTkgMCAwIDAgMCAwIDcNCjEgMSAwIDggMyAwDQoyMTA0NDIwNDQwMDQ0MzA0M0EwNDQyMDQ0MzA0NDAwNDM4MDQyMDAwMzQwNDNFMDQzMjA0MzMwNDMwMDQ0MTA0NDIwNDNFMDQzMzA0M0UwNDIwMDA1NjA0MjAwMDNGMDQ0MDA0M0UwNDNDMDQ1NjA0MzYwNDNEMDQzRTA0MzMwNDNFMDQyMDAwM0MwNDNFMDQzNzA0M0EwNDQzMDQyRTAwDQo=</FormattedText>
						</VariantText>
						<VariantText CorrectAnswer="False">
							<PlainText>Кора великих півкуль головного мозку і ретикулярна формація.</PlainText>
							<FormattedText>LTggMSAzIDINCi05IDEgMCAwIDAgMCAxMw0KOTYNCi05IDIgMCAwIDAgMCAxDQoNCjBFMDEwOTUzNzQ3OTZDNjU0RTYxNkQ2NTA2MEI0RTZGNzI2RDYxNkMyMDc0NjU3ODc0MEE1MzY5N0E2NTQ0NkY3NTYyNkM2NTAyMUMwODQ2NkY2RTc0NEU2MTZENjUwNjBGNTQ2OTZENjU3MzIwNEU2NTc3MjA1MjZGNkQ2MTZFMDc1NTZFNjk2MzZGNjQ2NTA5MDQ1MzY5N0E2NTAyMEUwMDAxMDg1Mzc0NjE2RTY0NjE3MjY0MDgwNzQzNjg2MTcyNzM2NTc0MDcwRjUyNTU1MzUzNDk0MTRFNUY0MzQ4NDE1MjUzNDU1NDBBNTM2OTdBNjU0NDZGNzU2MjZDNjUwMjFDMDg0NjZGNkU3NDRFNjE2RDY1MDYwRjU0Njk2RDY1NzMyMDRFNjU3NzIwNTI2RjZENjE2RTA3NTU2RTY5NjM2RjY0NjUwOTA0NTM2OTdBNjUwMjBFMDAwMA0KLTkgMiAwIDAgMCAwIDINCg0KMEUwMTA0NTQ2MTYyNzMwRTAwMDAwMA0KLTkgMiAwIDAgMCAwIDQNCg0KMEUwMA0KLTkgMCAwIDAgMCAwIDcNCjEgMSAwIDggMyAwDQoxQTA0M0UwNDQwMDQzMDA0MjAwMDMyMDQzNTA0M0IwNDM4MDQzQTA0MzgwNDQ1MDQyMDAwM0YwNDU2MDQzMjA0M0EwNDQzMDQzQjA0NEMwNDIwMDAzMzA0M0UwNDNCMDQzRTA0MzIwNDNEMDQzRTA0MzMwNDNFMDQyMDAwM0MwNDNFMDQzNzA0M0EwNDQzMDQyMDAwNTYwNDIwMDA0MDA0MzUwNDQyMDQzODA0M0EwNDQzMDQzQjA0NEYwNDQwMDQzRDA0MzAwNDIwMDA0NDA0M0UwNDQwMDQzQzA0MzAwNDQ2MDQ1NjA0NEYwNDJFMDANCg==</FormattedText>
						</VariantText>
						<VariantText CorrectAnswer="False">
							<PlainText>Структури гіпоталамо-лімбічно-ретикулярного комплексу.</PlainText>
							<FormattedText>LTggMSAzIDINCi05IDEgMCAwIDAgMCAxMw0KOTYNCi05IDIgMCAwIDAgMCAxDQoNCjBFMDEwOTUzNzQ3OTZDNjU0RTYxNkQ2NTA2MEI0RTZGNzI2RDYxNkMyMDc0NjU3ODc0MEE1MzY5N0E2NTQ0NkY3NTYyNkM2NTAyMUMwODQ2NkY2RTc0NEU2MTZENjUwNjBGNTQ2OTZENjU3MzIwNEU2NTc3MjA1MjZGNkQ2MTZFMDc1NTZFNjk2MzZGNjQ2NTA5MDQ1MzY5N0E2NTAyMEUwMDAxMDg1Mzc0NjE2RTY0NjE3MjY0MDgwNzQzNjg2MTcyNzM2NTc0MDcwRjUyNTU1MzUzNDk0MTRFNUY0MzQ4NDE1MjUzNDU1NDBBNTM2OTdBNjU0NDZGNzU2MjZDNjUwMjFDMDg0NjZGNkU3NDRFNjE2RDY1MDYwRjU0Njk2RDY1NzMyMDRFNjU3NzIwNTI2RjZENjE2RTA3NTU2RTY5NjM2RjY0NjUwOTA0NTM2OTdBNjUwMjBFMDAwMA0KLTkgMiAwIDAgMCAwIDINCg0KMEUwMTA0NTQ2MTYyNzMwRTAwMDAwMA0KLTkgMiAwIDAgMCAwIDQNCg0KMEUwMA0KLTkgMCAwIDAgMCAwIDcNCjEgMSAwIDggMyAwDQoyMTA0NDIwNDQwMDQ0MzA0M0EwNDQyMDQ0MzA0NDAwNDM4MDQyMDAwMzMwNDU2MDQzRjA0M0UwNDQyMDQzMDA0M0IwNDMwMDQzQzA0M0UwNDJEMDAzQjA0NTYwNDNDMDQzMTA0NTYwNDQ3MDQzRDA0M0UwNDJEMDA0MDA0MzUwNDQyMDQzODA0M0EwNDQzMDQzQjA0NEYwNDQwMDQzRDA0M0UwNDMzMDQzRTA0MjAwMDNBMDQzRTA0M0MwNDNGMDQzQjA0MzUwNDNBMDQ0MTA0NDMwNDJFMDANCg==</FormattedText>
						</VariantText>
						<VariantText CorrectAnswer="True">
							<PlainText>Кора і підкіркові структури великих півкуль головного мозку.</PlainText>
							<FormattedText>LTggMSAzIDINCi05IDEgMCAwIDAgMCAxMw0KOTYNCi05IDIgMCAwIDAgMCAxDQoNCjBFMDEwOTUzNzQ3OTZDNjU0RTYxNkQ2NTA2MEI0RTZGNzI2RDYxNkMyMDc0NjU3ODc0MEE1MzY5N0E2NTQ0NkY3NTYyNkM2NTAyMUMwODQ2NkY2RTc0NEU2MTZENjUwNjBGNTQ2OTZENjU3MzIwNEU2NTc3MjA1MjZGNkQ2MTZFMDc1NTZFNjk2MzZGNjQ2NTA5MDQ1MzY5N0E2NTAyMEUwMDAxMDg1Mzc0NjE2RTY0NjE3MjY0MDgwNzQzNjg2MTcyNzM2NTc0MDcwRjUyNTU1MzUzNDk0MTRFNUY0MzQ4NDE1MjUzNDU1NDBBNTM2OTdBNjU0NDZGNzU2MjZDNjUwMjFDMDg0NjZGNkU3NDRFNjE2RDY1MDYwRjU0Njk2RDY1NzMyMDRFNjU3NzIwNTI2RjZENjE2RTA3NTU2RTY5NjM2RjY0NjUwOTA0NTM2OTdBNjUwMjBFMDAwMA0KLTkgMiAwIDAgMCAwIDINCg0KMEUwMTA0NTQ2MTYyNzMwRTAwMDAwMA0KLTkgMiAwIDAgMCAwIDQNCg0KMEUwMA0KLTkgMCAwIDAgMCAwIDcNCjEgMSAwIDggMyAwDQoxQTA0M0UwNDQwMDQzMDA0MjAwMDU2MDQyMDAwM0YwNDU2MDQzNDA0M0EwNDU2MDQ0MDA0M0EwNDNFMDQzMjA0NTYwNDIwMDA0MTA0NDIwNDQwMDQ0MzA0M0EwNDQyMDQ0MzA0NDAwNDM4MDQyMDAwMzIwNDM1MDQzQjA0MzgwNDNBMDQzODA0NDUwNDIwMDAzRjA0NTYwNDMyMDQzQTA0NDMwNDNCMDQ0QzA0MjAwMDMzMDQzRTA0M0IwNDNFMDQzMjA0M0QwNDNFMDQzMzA0M0UwNDIwMDAzQzA0M0UwNDM3MDQzQTA0NDMwNDJFMDANCg==</FormattedText>
						</VariantText>
						<VariantText CorrectAnswer="False">
							<PlainText>Кора великих півкуль головного мозку і кора мозочка.</PlainText>
							<FormattedText>LTggMSAzIDINCi05IDEgMCAwIDAgMCAxMw0KOTYNCi05IDIgMCAwIDAgMCAxDQoNCjBFMDEwOTUzNzQ3OTZDNjU0RTYxNkQ2NTA2MEI0RTZGNzI2RDYxNkMyMDc0NjU3ODc0MEE1MzY5N0E2NTQ0NkY3NTYyNkM2NTAyMUMwODQ2NkY2RTc0NEU2MTZENjUwNjBGNTQ2OTZENjU3MzIwNEU2NTc3MjA1MjZGNkQ2MTZFMDc1NTZFNjk2MzZGNjQ2NTA5MDQ1MzY5N0E2NTAyMEUwMDAxMDg1Mzc0NjE2RTY0NjE3MjY0MDgwNzQzNjg2MTcyNzM2NTc0MDcwRjUyNTU1MzUzNDk0MTRFNUY0MzQ4NDE1MjUzNDU1NDBBNTM2OTdBNjU0NDZGNzU2MjZDNjUwMjFDMDg0NjZGNkU3NDRFNjE2RDY1MDYwRjU0Njk2RDY1NzMyMDRFNjU3NzIwNTI2RjZENjE2RTA3NTU2RTY5NjM2RjY0NjUwOTA0NTM2OTdBNjUwMjBFMDAwMA0KLTkgMiAwIDAgMCAwIDINCg0KMEUwMTA0NTQ2MTYyNzMwRTAwMDAwMA0KLTkgMiAwIDAgMCAwIDQNCg0KMEUwMA0KLTkgMCAwIDAgMCAwIDcNCjEgMSAwIDggMyAwDQoxQTA0M0UwNDQwMDQzMDA0MjAwMDMyMDQzNTA0M0IwNDM4MDQzQTA0MzgwNDQ1MDQyMDAwM0YwNDU2MDQzMjA0M0EwNDQzMDQzQjA0NEMwNDIwMDAzMzA0M0UwNDNCMDQzRTA0MzIwNDNEMDQzRTA0MzMwNDNFMDQyMDAwM0MwNDNFMDQzNzA0M0EwNDQzMDQyMDAwNTYwNDIwMDAzQTA0M0UwNDQwMDQzMDA0MjAwMDNDMDQzRTA0MzcwNDNFMDQ0NzA0M0EwNDMwMDQyRTAwDQo=</FormattedText>
						</VariantText>
					</Variants>
				</Task>
				<!-- ***** -->
				<Task Type="TYPE_TASK_CHOICE_SINGLE" Score="1">
					<Title/>
					<QuestionText>
						<PlainText>Між нейронами яких структур ЦНС формується тимчасовий зв&apos;язок, який є основою вироблення умовного рефлексу?</PlainText>
						<FormattedText>LTggMSAzIDINCi05IDEgMCAwIDAgMCAxMw0KOTYNCi05IDIgMCAwIDAgMCAxDQoNCjBFMDEwOTUzNzQ3OTZDNjU0RTYxNkQ2NTA2MEI0RTZGNzI2RDYxNkMyMDc0NjU3ODc0MEE1MzY5N0E2NTQ0NkY3NTYyNkM2NTAyMUMwODQ2NkY2RTc0NEU2MTZENjUwNjBGNTQ2OTZENjU3MzIwNEU2NTc3MjA1MjZGNkQ2MTZFMDc1NTZFNjk2MzZGNjQ2NTA5MDQ1MzY5N0E2NTAyMEUwMDAxMDg1Mzc0NjE2RTY0NjE3MjY0MDgwNzQzNjg2MTcyNzM2NTc0MDcwRjUyNTU1MzUzNDk0MTRFNUY0MzQ4NDE1MjUzNDU1NDA4NDY2RjZFNzQ0RTYxNkQ2NTA2MEY1NDY5NkQ2NTczMjA0RTY1NzcyMDUyNkY2RDYxNkUwNzU1NkU2OTYzNkY2NDY1MDkwNDUzNjk3QTY1MDIwQTAwMDEwODUzNzQ2MTZFNjQ2MTcyNjQwODA3NDM2ODYxNzI3MzY1NzQwNzBGNTI1NTUzNTM0OTQxNEU1RjQzNDg0MTUyNTM0NTU0MEE1MzY5N0E2NTQ0NkY3NTYyNkM2NTAyMUMwODQ2NkY2RTc0NEU2MTZENjUwNjBGNTQ2OTZENjU3MzIwNEU2NTc3MjA1MjZGNkQ2MTZFMDc1NTZFNjk2MzZGNjQ2NTA5MDQ1MzY5N0E2NTAyMEUwMDAwDQotOSAyIDAgMCAwIDAgMg0KDQowRTAxMDQ1NDYxNjI3MzBFMDAwMDAxMDg1Mzc0NjE2RTY0NjE3MjY0MDgwOTQxNkM2OTY3NkU2RDY1NkU3NDA3MEE3Mjc2NjE0QTc1NzM3NDY5NjY3OTA0NTQ2MTYyNzMwRTAwMDAwMA0KLTkgMiAwIDAgMCAwIDQNCg0KMEUwMA0KLTkgMCAwIDAgMCAwIDcNCjIgMSAxIDggMyAwDQoxQzA0NTYwNDM2MDQyMDAwM0QwNDM1MDQzOTA0NDAwNDNFMDQzRDA0MzAwNDNDMDQzODA0MjAwMDRGMDQzQTA0MzgwNDQ1MDQyMDAwNDEwNDQyMDQ0MDA0NDMwNDNBMDQ0MjA0NDMwNDQwMDQyMDAwMjYwNDFEMDQyMTA0MjAwMDQ0MDQzRTA0NDAwNDNDMDQ0MzA0NTQwNDQyMDQ0QzA0NDEwNDRGMDQyMDAwNDIwNDM4MDQzQzA0NDcwNDMwMDQ0MTA0M0UwNDMyMDQzODA0MzkwNDIwMDAzNzA0MzIwNDI3MDA0RjA0MzcwNDNFMDQzQTA0MkMwMDIwMDA0RjA0M0EwNDM4MDQzOTA0MjAwMDU0MDQyMDAwM0UwNDQxMDQzRDA0M0UwNDMyMDQzRTA0NEUwNDIwMDAzMjA0MzgwNDQwMDQzRTA0MzEwNDNCMDQzNTA0M0QwNDNEMDQ0RjA0MjAwMDQzMDQzQzA0M0UwNDMyMDQzRDA0M0UwNDMzMDQzRTA0MjAwMDQwMDQzNTA0NDQwNDNCMDQzNTA0M0EwNDQxMDQ0MzA0M0YwMA0KMSAxIDEgOCAzIDANCg0K</FormattedText>
					</QuestionText>
					<Options>
						<IsAllowRandom>true</IsAllowRandom>
						<IsCompulsory>false</IsCompulsory>
						<IsOnlyForEduMode>false</IsOnlyForEduMode>
						<IsDenyPartially>false</IsDenyPartially>
					</Options>
					<Variants>
						<VariantText CorrectAnswer="False">
							<PlainText>Кори великих півкуль головного мозку і ретикулярної формації.</PlainText>
							<FormattedText>LTggMSAzIDINCi05IDEgMCAwIDAgMCAxMw0KOTYNCi05IDIgMCAwIDAgMCAxDQoNCjBFMDEwOTUzNzQ3OTZDNjU0RTYxNkQ2NTA2MEI0RTZGNzI2RDYxNkMyMDc0NjU3ODc0MEE1MzY5N0E2NTQ0NkY3NTYyNkM2NTAyMUMwODQ2NkY2RTc0NEU2MTZENjUwNjBGNTQ2OTZENjU3MzIwNEU2NTc3MjA1MjZGNkQ2MTZFMDc1NTZFNjk2MzZGNjQ2NTA5MDQ1MzY5N0E2NTAyMEUwMDAxMDg1Mzc0NjE2RTY0NjE3MjY0MDgwNzQzNjg2MTcyNzM2NTc0MDcwRjUyNTU1MzUzNDk0MTRFNUY0MzQ4NDE1MjUzNDU1NDBBNTM2OTdBNjU0NDZGNzU2MjZDNjUwMjFDMDg0NjZGNkU3NDRFNjE2RDY1MDYwRjU0Njk2RDY1NzMyMDRFNjU3NzIwNTI2RjZENjE2RTA3NTU2RTY5NjM2RjY0NjUwOTA0NTM2OTdBNjUwMjBFMDAwMA0KLTkgMiAwIDAgMCAwIDINCg0KMEUwMTA0NTQ2MTYyNzMwRTAwMDAwMA0KLTkgMiAwIDAgMCAwIDQNCg0KMEUwMA0KLTkgMCAwIDAgMCAwIDcNCjEgMSAwIDggMyAwDQoxQTA0M0UwNDQwMDQzODA0MjAwMDMyMDQzNTA0M0IwNDM4MDQzQTA0MzgwNDQ1MDQyMDAwM0YwNDU2MDQzMjA0M0EwNDQzMDQzQjA0NEMwNDIwMDAzMzA0M0UwNDNCMDQzRTA0MzIwNDNEMDQzRTA0MzMwNDNFMDQyMDAwM0MwNDNFMDQzNzA0M0EwNDQzMDQyMDAwNTYwNDIwMDA0MDA0MzUwNDQyMDQzODA0M0EwNDQzMDQzQjA0NEYwNDQwMDQzRDA0M0UwNDU3MDQyMDAwNDQwNDNFMDQ0MDA0M0MwNDMwMDQ0NjA0NTYwNDU3MDQyRTAwDQo=</FormattedText>
						</VariantText>
						<VariantText CorrectAnswer="False">
							<PlainText>Між гліальними клітинами кори великих півкуль головного мозку.</PlainText>
							<FormattedText>LTggMSAzIDINCi05IDEgMCAwIDAgMCAxMw0KOTYNCi05IDIgMCAwIDAgMCAxDQoNCjBFMDEwOTUzNzQ3OTZDNjU0RTYxNkQ2NTA2MEI0RTZGNzI2RDYxNkMyMDc0NjU3ODc0MEE1MzY5N0E2NTQ0NkY3NTYyNkM2NTAyMUMwODQ2NkY2RTc0NEU2MTZENjUwNjBGNTQ2OTZENjU3MzIwNEU2NTc3MjA1MjZGNkQ2MTZFMDc1NTZFNjk2MzZGNjQ2NTA5MDQ1MzY5N0E2NTAyMEUwMDAxMDg1Mzc0NjE2RTY0NjE3MjY0MDgwNzQzNjg2MTcyNzM2NTc0MDcwRjUyNTU1MzUzNDk0MTRFNUY0MzQ4NDE1MjUzNDU1NDBBNTM2OTdBNjU0NDZGNzU2MjZDNjUwMjFDMDg0NjZGNkU3NDRFNjE2RDY1MDYwRjU0Njk2RDY1NzMyMDRFNjU3NzIwNTI2RjZENjE2RTA3NTU2RTY5NjM2RjY0NjUwOTA0NTM2OTdBNjUwMjBFMDAwMA0KLTkgMiAwIDAgMCAwIDINCg0KMEUwMTA0NTQ2MTYyNzMwRTAwMDAwMA0KLTkgMiAwIDAgMCAwIDQNCg0KMEUwMA0KLTkgMCAwIDAgMCAwIDcNCjEgMSAwIDggMyAwDQoxQzA0NTYwNDM2MDQyMDAwMzMwNDNCMDQ1NjA0MzAwNDNCMDQ0QzA0M0QwNDM4MDQzQzA0MzgwNDIwMDAzQTA0M0IwNDU2MDQ0MjA0MzgwNDNEMDQzMDA0M0MwNDM4MDQyMDAwM0EwNDNFMDQ0MDA0MzgwNDIwMDAzMjA0MzUwNDNCMDQzODA0M0EwNDM4MDQ0NTA0MjAwMDNGMDQ1NjA0MzIwNDNBMDQ0MzA0M0IwNDRDMDQyMDAwMzMwNDNFMDQzQjA0M0UwNDMyMDQzRDA0M0UwNDMzMDQzRTA0MjAwMDNDMDQzRTA0MzcwNDNBMDQ0MzA0MkUwMA0K</FormattedText>
						</VariantText>
						<VariantText CorrectAnswer="True">
							<PlainText>Між нейронами різних відділів кори великих півкуль головного мозку.</PlainText>
							<FormattedText>LTggMSAzIDINCi05IDEgMCAwIDAgMCAxMw0KOTYNCi05IDIgMCAwIDAgMCAxDQoNCjBFMDEwOTUzNzQ3OTZDNjU0RTYxNkQ2NTA2MEI0RTZGNzI2RDYxNkMyMDc0NjU3ODc0MEE1MzY5N0E2NTQ0NkY3NTYyNkM2NTAyMUMwODQ2NkY2RTc0NEU2MTZENjUwNjBGNTQ2OTZENjU3MzIwNEU2NTc3MjA1MjZGNkQ2MTZFMDc1NTZFNjk2MzZGNjQ2NTA5MDQ1MzY5N0E2NTAyMEUwMDAxMDg1Mzc0NjE2RTY0NjE3MjY0MDgwNzQzNjg2MTcyNzM2NTc0MDcwRjUyNTU1MzUzNDk0MTRFNUY0MzQ4NDE1MjUzNDU1NDBBNTM2OTdBNjU0NDZGNzU2MjZDNjUwMjFDMDg0NjZGNkU3NDRFNjE2RDY1MDYwRjU0Njk2RDY1NzMyMDRFNjU3NzIwNTI2RjZENjE2RTA3NTU2RTY5NjM2RjY0NjUwOTA0NTM2OTdBNjUwMjBFMDAwMA0KLTkgMiAwIDAgMCAwIDINCg0KMEUwMTA0NTQ2MTYyNzMwRTAwMDAwMA0KLTkgMiAwIDAgMCAwIDQNCg0KMEUwMA0KLTkgMCAwIDAgMCAwIDcNCjEgMSAwIDggMyAwDQoxQzA0NTYwNDM2MDQyMDAwM0QwNDM1MDQzOTA0NDAwNDNFMDQzRDA0MzAwNDNDMDQzODA0MjAwMDQwMDQ1NjA0MzcwNDNEMDQzODA0NDUwNDIwMDAzMjA0NTYwNDM0MDQzNDA0NTYwNDNCMDQ1NjA0MzIwNDIwMDAzQTA0M0UwNDQwMDQzODA0MjAwMDMyMDQzNTA0M0IwNDM4MDQzQTA0MzgwNDQ1MDQyMDAwM0YwNDU2MDQzMjA0M0EwNDQzMDQzQjA0NEMwNDIwMDAzMzA0M0UwNDNCMDQzRTA0MzIwNDNEMDQzRTA0MzMwNDNFMDQyMDAwM0MwNDNFMDQzNzA0M0EwNDQzMDQyRTAwDQo=</FormattedText>
						</VariantText>
						<VariantText CorrectAnswer="False">
							<PlainText>Кори великих півкуль головного мозку і гіпоталамусу.</PlainText>
							<FormattedText>LTggMSAzIDINCi05IDEgMCAwIDAgMCAxMw0KOTYNCi05IDIgMCAwIDAgMCAxDQoNCjBFMDEwOTUzNzQ3OTZDNjU0RTYxNkQ2NTA2MEI0RTZGNzI2RDYxNkMyMDc0NjU3ODc0MEE1MzY5N0E2NTQ0NkY3NTYyNkM2NTAyMUMwODQ2NkY2RTc0NEU2MTZENjUwNjBGNTQ2OTZENjU3MzIwNEU2NTc3MjA1MjZGNkQ2MTZFMDc1NTZFNjk2MzZGNjQ2NTA5MDQ1MzY5N0E2NTAyMEUwMDAxMDg1Mzc0NjE2RTY0NjE3MjY0MDgwNzQzNjg2MTcyNzM2NTc0MDcwRjUyNTU1MzUzNDk0MTRFNUY0MzQ4NDE1MjUzNDU1NDBBNTM2OTdBNjU0NDZGNzU2MjZDNjUwMjFDMDg0NjZGNkU3NDRFNjE2RDY1MDYwRjU0Njk2RDY1NzMyMDRFNjU3NzIwNTI2RjZENjE2RTA3NTU2RTY5NjM2RjY0NjUwOTA0NTM2OTdBNjUwMjBFMDAwMA0KLTkgMiAwIDAgMCAwIDINCg0KMEUwMTA0NTQ2MTYyNzMwRTAwMDAwMA0KLTkgMiAwIDAgMCAwIDQNCg0KMEUwMA0KLTkgMCAwIDAgMCAwIDcNCjEgMSAwIDggMyAwDQoxQTA0M0UwNDQwMDQzODA0MjAwMDMyMDQzNTA0M0IwNDM4MDQzQTA0MzgwNDQ1MDQyMDAwM0YwNDU2MDQzMjA0M0EwNDQzMDQzQjA0NEMwNDIwMDAzMzA0M0UwNDNCMDQzRTA0MzIwNDNEMDQzRTA0MzMwNDNFMDQyMDAwM0MwNDNFMDQzNzA0M0EwNDQzMDQyMDAwNTYwNDIwMDAzMzA0NTYwNDNGMDQzRTA0NDIwNDMwMDQzQjA0MzAwNDNDMDQ0MzA0NDEwNDQzMDQyRTAwDQo=</FormattedText>
						</VariantText>
						<VariantText CorrectAnswer="False">
							<PlainText>Між нейронами лімбічно-ретикулярного комплексу.</PlainText>
							<FormattedText>LTggMSAzIDINCi05IDEgMCAwIDAgMCAxMw0KOTYNCi05IDIgMCAwIDAgMCAxDQoNCjBFMDEwOTUzNzQ3OTZDNjU0RTYxNkQ2NTA2MEI0RTZGNzI2RDYxNkMyMDc0NjU3ODc0MEE1MzY5N0E2NTQ0NkY3NTYyNkM2NTAyMUMwODQ2NkY2RTc0NEU2MTZENjUwNjBGNTQ2OTZENjU3MzIwNEU2NTc3MjA1MjZGNkQ2MTZFMDc1NTZFNjk2MzZGNjQ2NTA5MDQ1MzY5N0E2NTAyMEUwMDAxMDg1Mzc0NjE2RTY0NjE3MjY0MDgwNzQzNjg2MTcyNzM2NTc0MDcwRjUyNTU1MzUzNDk0MTRFNUY0MzQ4NDE1MjUzNDU1NDBBNTM2OTdBNjU0NDZGNzU2MjZDNjUwMjFDMDg0NjZGNkU3NDRFNjE2RDY1MDYwRjU0Njk2RDY1NzMyMDRFNjU3NzIwNTI2RjZENjE2RTA3NTU2RTY5NjM2RjY0NjUwOTA0NTM2OTdBNjUwMjBFMDAwMA0KLTkgMiAwIDAgMCAwIDINCg0KMEUwMTA0NTQ2MTYyNzMwRTAwMDAwMA0KLTkgMiAwIDAgMCAwIDQNCg0KMEUwMA0KLTkgMCAwIDAgMCAwIDcNCjEgMSAwIDggMyAwDQoxQzA0NTYwNDM2MDQyMDAwM0QwNDM1MDQzOTA0NDAwNDNFMDQzRDA0MzAwNDNDMDQzODA0MjAwMDNCMDQ1NjA0M0MwNDMxMDQ1NjA0NDcwNDNEMDQzRTA0MkQwMDQwMDQzNTA0NDIwNDM4MDQzQTA0NDMwNDNCMDQ0RjA0NDAwNDNEMDQzRTA0MzMwNDNFMDQyMDAwM0EwNDNFMDQzQzA0M0YwNDNCMDQzNTA0M0EwNDQxMDQ0MzA0MkUwMA0K</FormattedText>
						</VariantText>
					</Variants>
				</Task>
				<!-- ***** -->
				<Task Type="TYPE_TASK_CHOICE_SINGLE" Score="1">
					<Title/>
					<QuestionText>
						<PlainText>З яким фізіологічним процесом пов’язано формування умовного рефлексу?</PlainText>
						<FormattedText>LTggMSAzIDINCi05IDEgMCAwIDAgMCAxMw0KOTYNCi05IDIgMCAwIDAgMCAxDQoNCjBFMDEwOTUzNzQ3OTZDNjU0RTYxNkQ2NTA2MEI0RTZGNzI2RDYxNkMyMDc0NjU3ODc0MEE1MzY5N0E2NTQ0NkY3NTYyNkM2NTAyMUMwODQ2NkY2RTc0NEU2MTZENjUwNjBGNTQ2OTZENjU3MzIwNEU2NTc3MjA1MjZGNkQ2MTZFMDc1NTZFNjk2MzZGNjQ2NTA5MDQ1MzY5N0E2NTAyMEUwMDAxMDg1Mzc0NjE2RTY0NjE3MjY0MDgwNzQzNjg2MTcyNzM2NTc0MDcwRjUyNTU1MzUzNDk0MTRFNUY0MzQ4NDE1MjUzNDU1NDA4NDY2RjZFNzQ0RTYxNkQ2NTA2MEY1NDY5NkQ2NTczMjA0RTY1NzcyMDUyNkY2RDYxNkUwNzU1NkU2OTYzNkY2NDY1MDkwNDUzNjk3QTY1MDIwQTAwMDEwODUzNzQ2MTZFNjQ2MTcyNjQwODA3NDM2ODYxNzI3MzY1NzQwNzBGNTI1NTUzNTM0OTQxNEU1RjQzNDg0MTUyNTM0NTU0MEE1MzY5N0E2NTQ0NkY3NTYyNkM2NTAyMUMwODQ2NkY2RTc0NEU2MTZENjUwNjBGNTQ2OTZENjU3MzIwNEU2NTc3MjA1MjZGNkQ2MTZFMDc1NTZFNjk2MzZGNjQ2NTA5MDQ1MzY5N0E2NTAyMEUwMDAwDQotOSAyIDAgMCAwIDAgMg0KDQowRTAxMDQ1NDYxNjI3MzBFMDAwMDAxMDg1Mzc0NjE2RTY0NjE3MjY0MDgwOTQxNkM2OTY3NkU2RDY1NkU3NDA3MEE3Mjc2NjE0QTc1NzM3NDY5NjY3OTA0NTQ2MTYyNzMwRTAwMDAwMA0KLTkgMiAwIDAgMCAwIDQNCg0KMEUwMA0KLTkgMCAwIDAgMCAwIDcNCjIgMSAxIDggMyAwDQoxNzA0MjAwMDRGMDQzQTA0MzgwNDNDMDQyMDAwNDQwNDU2MDQzNzA0NTYwNDNFMDQzQjA0M0UwNDMzMDQ1NjA0NDcwNDNEMDQzODA0M0MwNDIwMDAzRjA0NDAwNDNFMDQ0NjA0MzUwNDQxMDQzRTA0M0MwNDIwMDAzRjA0M0UwNDMyMDQxOTIwNEYwNDM3MDQzMDA0M0QwNDNFMDQyMDAwNDQwNDNFMDQ0MDA0M0MwNDQzMDQzMjA0MzAwNDNEMDQzRDA0NEYwNDIwMDA0MzA0M0MwNDNFMDQzMjA0M0QwNDNFMDQzMzA0M0UwNDIwMDA0MDA0MzUwNDQ0MDQzQjA0MzUwNDNBMDQ0MTA0NDMwNDNGMDANCjEgMSAxIDggMyAwDQoNCg==</FormattedText>
					</QuestionText>
					<Options>
						<IsAllowRandom>true</IsAllowRandom>
						<IsCompulsory>false</IsCompulsory>
						<IsOnlyForEduMode>false</IsOnlyForEduMode>
						<IsDenyPartially>false</IsDenyPartially>
					</Options>
					<Variants>
						<VariantText CorrectAnswer="False">
							<PlainText>Проростання нервових волокон, що з&apos;єднують нейрони.</PlainText>
							<FormattedText>LTggMSAzIDINCi05IDEgMCAwIDAgMCAxMw0KOTYNCi05IDIgMCAwIDAgMCAxDQoNCjBFMDEwOTUzNzQ3OTZDNjU0RTYxNkQ2NTA2MEI0RTZGNzI2RDYxNkMyMDc0NjU3ODc0MEE1MzY5N0E2NTQ0NkY3NTYyNkM2NTAyMUMwODQ2NkY2RTc0NEU2MTZENjUwNjBGNTQ2OTZENjU3MzIwNEU2NTc3MjA1MjZGNkQ2MTZFMDc1NTZFNjk2MzZGNjQ2NTA5MDQ1MzY5N0E2NTAyMEUwMDAxMDg1Mzc0NjE2RTY0NjE3MjY0MDgwNzQzNjg2MTcyNzM2NTc0MDcwRjUyNTU1MzUzNDk0MTRFNUY0MzQ4NDE1MjUzNDU1NDBBNTM2OTdBNjU0NDZGNzU2MjZDNjUwMjFDMDg0NjZGNkU3NDRFNjE2RDY1MDYwRjU0Njk2RDY1NzMyMDRFNjU3NzIwNTI2RjZENjE2RTA3NTU2RTY5NjM2RjY0NjUwOTA0NTM2OTdBNjUwMjBFMDAwMA0KLTkgMiAwIDAgMCAwIDINCg0KMEUwMTA0NTQ2MTYyNzMwRTAwMDAwMA0KLTkgMiAwIDAgMCAwIDQNCg0KMEUwMA0KLTkgMCAwIDAgMCAwIDcNCjEgMSAwIDggMyAwDQoxRjA0NDAwNDNFMDQ0MDA0M0UwNDQxMDQ0MjA0MzAwNDNEMDQzRDA0NEYwNDIwMDAzRDA0MzUwNDQwMDQzMjA0M0UwNDMyMDQzODA0NDUwNDIwMDAzMjA0M0UwNDNCMDQzRTA0M0EwNDNFMDQzRDA0MkMwMDIwMDA0OTA0M0UwNDIwMDAzNzA0MjcwMDU0MDQzNDA0M0QwNDQzMDQ0RTA0NDIwNDRDMDQyMDAwM0QwNDM1MDQzOTA0NDAwNDNFMDQzRDA0MzgwNDJFMDANCg==</FormattedText>
						</VariantText>
						<VariantText CorrectAnswer="True">
							<PlainText>Просторово-часова інтеграція нейронів.</PlainText>
							<FormattedText>LTggMSAzIDINCi05IDEgMCAwIDAgMCAxMw0KOTYNCi05IDIgMCAwIDAgMCAxDQoNCjBFMDEwOTUzNzQ3OTZDNjU0RTYxNkQ2NTA2MEI0RTZGNzI2RDYxNkMyMDc0NjU3ODc0MEE1MzY5N0E2NTQ0NkY3NTYyNkM2NTAyMUMwODQ2NkY2RTc0NEU2MTZENjUwNjBGNTQ2OTZENjU3MzIwNEU2NTc3MjA1MjZGNkQ2MTZFMDc1NTZFNjk2MzZGNjQ2NTA5MDQ1MzY5N0E2NTAyMEUwMDAxMDg1Mzc0NjE2RTY0NjE3MjY0MDgwNzQzNjg2MTcyNzM2NTc0MDcwRjUyNTU1MzUzNDk0MTRFNUY0MzQ4NDE1MjUzNDU1NDBBNTM2OTdBNjU0NDZGNzU2MjZDNjUwMjFDMDg0NjZGNkU3NDRFNjE2RDY1MDYwRjU0Njk2RDY1NzMyMDRFNjU3NzIwNTI2RjZENjE2RTA3NTU2RTY5NjM2RjY0NjUwOTA0NTM2OTdBNjUwMjBFMDAwMA0KLTkgMiAwIDAgMCAwIDINCg0KMEUwMTA0NTQ2MTYyNzMwRTAwMDAwMA0KLTkgMiAwIDAgMCAwIDQNCg0KMEUwMA0KLTkgMCAwIDAgMCAwIDcNCjEgMSAwIDggMyAwDQoxRjA0NDAwNDNFMDQ0MTA0NDIwNDNFMDQ0MDA0M0UwNDMyMDQzRTA0MkQwMDQ3MDQzMDA0NDEwNDNFMDQzMjA0MzAwNDIwMDA1NjA0M0QwNDQyMDQzNTA0MzMwNDQwMDQzMDA0NDYwNDU2MDQ0RjA0MjAwMDNEMDQzNTA0MzkwNDQwMDQzRTA0M0QwNDU2MDQzMjA0MkUwMA0K</FormattedText>
						</VariantText>
						<VariantText CorrectAnswer="False">
							<PlainText>Активація синаптичних зв&apos;язків між нейронами</PlainText>
							<FormattedText>LTggMSAzIDINCi05IDEgMCAwIDAgMCAxMw0KOTYNCi05IDIgMCAwIDAgMCAxDQoNCjBFMDEwOTUzNzQ3OTZDNjU0RTYxNkQ2NTA2MEI0RTZGNzI2RDYxNkMyMDc0NjU3ODc0MEE1MzY5N0E2NTQ0NkY3NTYyNkM2NTAyMUMwODQ2NkY2RTc0NEU2MTZENjUwNjBGNTQ2OTZENjU3MzIwNEU2NTc3MjA1MjZGNkQ2MTZFMDc1NTZFNjk2MzZGNjQ2NTA5MDQ1MzY5N0E2NTAyMEUwMDAxMDg1Mzc0NjE2RTY0NjE3MjY0MDgwNzQzNjg2MTcyNzM2NTc0MDcwRjUyNTU1MzUzNDk0MTRFNUY0MzQ4NDE1MjUzNDU1NDBBNTM2OTdBNjU0NDZGNzU2MjZDNjUwMjFDMDg0NjZGNkU3NDRFNjE2RDY1MDYwRjU0Njk2RDY1NzMyMDRFNjU3NzIwNTI2RjZENjE2RTA3NTU2RTY5NjM2RjY0NjUwOTA0NTM2OTdBNjUwMjBFMDAwMA0KLTkgMiAwIDAgMCAwIDINCg0KMEUwMTA0NTQ2MTYyNzMwRTAwMDAwMA0KLTkgMiAwIDAgMCAwIDQNCg0KMEUwMA0KLTkgMCAwIDAgMCAwIDcNCjEgMSAwIDggMyAwDQoxMDA0M0EwNDQyMDQzODA0MzIwNDMwMDQ0NjA0NTYwNDRGMDQyMDAwNDEwNDM4MDQzRDA0MzAwNDNGMDQ0MjA0MzgwNDQ3MDQzRDA0MzgwNDQ1MDQyMDAwMzcwNDMyMDQyNzAwNEYwNDM3MDQzQTA0NTYwNDMyMDQyMDAwM0MwNDU2MDQzNjA0MjAwMDNEMDQzNTA0MzkwNDQwMDQzRTA0M0QwNDMwMDQzQzA0MzgwNA0K</FormattedText>
						</VariantText>
						<VariantText CorrectAnswer="False">
							<PlainText>Активація функції гліальних клітин.</PlainText>
							<FormattedText>LTggMSAzIDINCi05IDEgMCAwIDAgMCAxMw0KOTYNCi05IDIgMCAwIDAgMCAxDQoNCjBFMDEwOTUzNzQ3OTZDNjU0RTYxNkQ2NTA2MEI0RTZGNzI2RDYxNkMyMDc0NjU3ODc0MEE1MzY5N0E2NTQ0NkY3NTYyNkM2NTAyMUMwODQ2NkY2RTc0NEU2MTZENjUwNjBGNTQ2OTZENjU3MzIwNEU2NTc3MjA1MjZGNkQ2MTZFMDc1NTZFNjk2MzZGNjQ2NTA5MDQ1MzY5N0E2NTAyMEUwMDAxMDg1Mzc0NjE2RTY0NjE3MjY0MDgwNzQzNjg2MTcyNzM2NTc0MDcwRjUyNTU1MzUzNDk0MTRFNUY0MzQ4NDE1MjUzNDU1NDBBNTM2OTdBNjU0NDZGNzU2MjZDNjUwMjFDMDg0NjZGNkU3NDRFNjE2RDY1MDYwRjU0Njk2RDY1NzMyMDRFNjU3NzIwNTI2RjZENjE2RTA3NTU2RTY5NjM2RjY0NjUwOTA0NTM2OTdBNjUwMjBFMDAwMA0KLTkgMiAwIDAgMCAwIDINCg0KMEUwMTA0NTQ2MTYyNzMwRTAwMDAwMA0KLTkgMiAwIDAgMCAwIDQNCg0KMEUwMA0KLTkgMCAwIDAgMCAwIDcNCjEgMSAwIDggMyAwDQoxMDA0M0EwNDQyMDQzODA0MzIwNDMwMDQ0NjA0NTYwNDRGMDQyMDAwNDQwNDQzMDQzRDA0M0EwNDQ2MDQ1NjA0NTcwNDIwMDAzMzA0M0IwNDU2MDQzMDA0M0IwNDRDMDQzRDA0MzgwNDQ1MDQyMDAwM0EwNDNCMDQ1NjA0NDIwNDM4MDQzRDA0MkUwMA0K</FormattedText>
						</VariantText>
						<VariantText CorrectAnswer="False">
							<PlainText>Кодування інформації на молекулах ДНК.</PlainText>
							<FormattedText>LTggMSAzIDINCi05IDEgMCAwIDAgMCAxMw0KOTYNCi05IDIgMCAwIDAgMCAxDQoNCjBFMDEwOTUzNzQ3OTZDNjU0RTYxNkQ2NTA2MEI0RTZGNzI2RDYxNkMyMDc0NjU3ODc0MEE1MzY5N0E2NTQ0NkY3NTYyNkM2NTAyMUMwODQ2NkY2RTc0NEU2MTZENjUwNjBGNTQ2OTZENjU3MzIwNEU2NTc3MjA1MjZGNkQ2MTZFMDc1NTZFNjk2MzZGNjQ2NTA5MDQ1MzY5N0E2NTAyMEUwMDAxMDg1Mzc0NjE2RTY0NjE3MjY0MDgwNzQzNjg2MTcyNzM2NTc0MDcwRjUyNTU1MzUzNDk0MTRFNUY0MzQ4NDE1MjUzNDU1NDBBNTM2OTdBNjU0NDZGNzU2MjZDNjUwMjFDMDg0NjZGNkU3NDRFNjE2RDY1MDYwRjU0Njk2RDY1NzMyMDRFNjU3NzIwNTI2RjZENjE2RTA3NTU2RTY5NjM2RjY0NjUwOTA0NTM2OTdBNjUwMjBFMDAwMA0KLTkgMiAwIDAgMCAwIDINCg0KMEUwMTA0NTQ2MTYyNzMwRTAwMDAwMA0KLTkgMiAwIDAgMCAwIDQNCg0KMEUwMA0KLTkgMCAwIDAgMCAwIDcNCjEgMSAwIDggMyAwDQoyMDAwMUEwNDNFMDQzNDA0NDMwNDMyMDQzMDA0M0QwNDNEMDQ0RjA0MjAwMDU2MDQzRDA0NDQwNDNFMDQ0MDA0M0MwNDMwMDQ0NjA0NTYwNDU3MDQyMDAwM0QwNDMwMDQyMDAwM0MwNDNFMDQzQjA0MzUwNDNBMDQ0MzA0M0IwNDMwMDQ0NTA0MjAwMDE0MDQxRDA0MUEwNDJFMDANCg==</FormattedText>
						</VariantText>
					</Variants>
				</Task>
				<!-- ***** -->
				<Task Type="TYPE_TASK_CHOICE_SINGLE" Score="1">
					<Title/>
					<QuestionText>
						<PlainText>З якими специфічними властивостями центральної нервової системи пов&apos;язано утворення умовних рефлексів?</PlainText>
						<FormattedText>LTggMSAzIDINCi05IDEgMCAwIDAgMCAxMw0KOTYNCi05IDIgMCAwIDAgMCAxDQoNCjBFMDEwOTUzNzQ3OTZDNjU0RTYxNkQ2NTA2MEI0RTZGNzI2RDYxNkMyMDc0NjU3ODc0MEE1MzY5N0E2NTQ0NkY3NTYyNkM2NTAyMUMwODQ2NkY2RTc0NEU2MTZENjUwNjBGNTQ2OTZENjU3MzIwNEU2NTc3MjA1MjZGNkQ2MTZFMDc1NTZFNjk2MzZGNjQ2NTA5MDQ1MzY5N0E2NTAyMEUwMDAxMDg1Mzc0NjE2RTY0NjE3MjY0MDgwNzQzNjg2MTcyNzM2NTc0MDcwRjUyNTU1MzUzNDk0MTRFNUY0MzQ4NDE1MjUzNDU1NDA4NDY2RjZFNzQ0RTYxNkQ2NTA2MEY1NDY5NkQ2NTczMjA0RTY1NzcyMDUyNkY2RDYxNkUwNzU1NkU2OTYzNkY2NDY1MDkwNDUzNjk3QTY1MDIwQTAwMDEwODUzNzQ2MTZFNjQ2MTcyNjQwODA3NDM2ODYxNzI3MzY1NzQwNzBGNTI1NTUzNTM0OTQxNEU1RjQzNDg0MTUyNTM0NTU0MEE1MzY5N0E2NTQ0NkY3NTYyNkM2NTAyMUMwODQ2NkY2RTc0NEU2MTZENjUwNjBGNTQ2OTZENjU3MzIwNEU2NTc3MjA1MjZGNkQ2MTZFMDc1NTZFNjk2MzZGNjQ2NTA5MDQ1MzY5N0E2NTAyMEUwMDAwDQotOSAyIDAgMCAwIDAgMg0KDQowRTAxMDQ1NDYxNjI3MzBFMDAwMDAxMDg1Mzc0NjE2RTY0NjE3MjY0MDgwOTQxNkM2OTY3NkU2RDY1NkU3NDA3MEE3Mjc2NjE0QTc1NzM3NDY5NjY3OTA0NTQ2MTYyNzMwRTAwMDAwMA0KLTkgMiAwIDAgMCAwIDQNCg0KMEUwMA0KLTkgMCAwIDAgMCAwIDcNCjIgMiAxIDggMyAwDQoxNzA0MjAwMDRGMDQzQTA0MzgwNDNDMDQzODA0MjAwMDQxMDQzRjA0MzUwNDQ2MDQzODA0NDQwNDU2MDQ0NzA0M0QwNDM4MDQzQzA0MzgwNDIwMDAzMjA0M0IwNDMwMDQ0MTA0NDIwNDM4MDQzMjA0M0UwNDQxMDQ0MjA0NEYwNDNDMDQzODA0MjAwMDQ2MDQzNTA0M0QwNDQyMDQ0MDA0MzAwNDNCMDQ0QzA0M0QwNDNFMDQ1NzA0MjAwMDNEMDQzNTA0NDAwNDMyMDQzRTA0MzIwNDNFMDQ1NzA0MjAwMDQxMDQzODA0NDEwNDQyMDQzNTA0M0MwNDM4MDQyMDAwM0YwNDNFMDQzMjA0MjcwMDRGMDQzNzA0MzAwNDNEMDQzRTA0MjAwMDQzMDQ0MjA0MzIwNDNFMDQ0MDA0MzUwNDNEMDQzRDA0NEYwNDIwMDA0MzA0M0MwNDNFMDQzMjA0M0QwNDM4MDQ0NTA0MjAwMDQwMDQzNTA0NDQwNDNCMDQzNTA0M0EwNDQxMDQ1NjA0MzIwNDNGMDANCg0KMiAxIDAgOCAzIDANCg0KMSAxIDAgOCAzIDANCg0K</FormattedText>
					</QuestionText>
					<Options>
						<IsAllowRandom>true</IsAllowRandom>
						<IsCompulsory>false</IsCompulsory>
						<IsOnlyForEduMode>false</IsOnlyForEduMode>
						<IsDenyPartially>false</IsDenyPartially>
					</Options>
					<Variants>
						<VariantText CorrectAnswer="True">
							<PlainText>Конвергенція, сумація, домінанта, післядія.</PlainText>
							<FormattedText>LTggMSAzIDINCi05IDEgMCAwIDAgMCAxMw0KOTYNCi05IDIgMCAwIDAgMCAxDQoNCjBFMDEwOTUzNzQ3OTZDNjU0RTYxNkQ2NTA2MEI0RTZGNzI2RDYxNkMyMDc0NjU3ODc0MEE1MzY5N0E2NTQ0NkY3NTYyNkM2NTAyMUMwODQ2NkY2RTc0NEU2MTZENjUwNjBGNTQ2OTZENjU3MzIwNEU2NTc3MjA1MjZGNkQ2MTZFMDc1NTZFNjk2MzZGNjQ2NTA5MDQ1MzY5N0E2NTAyMEUwMDAxMDg1Mzc0NjE2RTY0NjE3MjY0MDgwNzQzNjg2MTcyNzM2NTc0MDcwRjUyNTU1MzUzNDk0MTRFNUY0MzQ4NDE1MjUzNDU1NDBBNTM2OTdBNjU0NDZGNzU2MjZDNjUwMjFDMDg0NjZGNkU3NDRFNjE2RDY1MDYwRjU0Njk2RDY1NzMyMDRFNjU3NzIwNTI2RjZENjE2RTA3NTU2RTY5NjM2RjY0NjUwOTA0NTM2OTdBNjUwMjBFMDAwMA0KLTkgMiAwIDAgMCAwIDINCg0KMEUwMTA0NTQ2MTYyNzMwRTAwMDAwMA0KLTkgMiAwIDAgMCAwIDQNCg0KMEUwMA0KLTkgMCAwIDAgMCAwIDcNCjEgMSAwIDggMyAwDQoxQTA0M0UwNDNEMDQzMjA0MzUwNDQwMDQzMzA0MzUwNDNEMDQ0NjA0NTYwNDRGMDQyQzAwMjAwMDQxMDQ0MzA0M0MwNDMwMDQ0NjA0NTYwNDRGMDQyQzAwMjAwMDM0MDQzRTA0M0MwNDU2MDQzRDA0MzAwNDNEMDQ0MjA0MzAwNDJDMDAyMDAwM0YwNDU2MDQ0MTA0M0IwNDRGMDQzNDA0NTYwNDRGMDQyRTAwDQo=</FormattedText>
						</VariantText>
						<VariantText CorrectAnswer="False">
							<PlainText>Іррадіація, конвергенція, послідовна індукція.</PlainText>
							<FormattedText>LTggMSAzIDINCi05IDEgMCAwIDAgMCAxMw0KOTYNCi05IDIgMCAwIDAgMCAxDQoNCjBFMDEwOTUzNzQ3OTZDNjU0RTYxNkQ2NTA2MEI0RTZGNzI2RDYxNkMyMDc0NjU3ODc0MEE1MzY5N0E2NTQ0NkY3NTYyNkM2NTAyMUMwODQ2NkY2RTc0NEU2MTZENjUwNjBGNTQ2OTZENjU3MzIwNEU2NTc3MjA1MjZGNkQ2MTZFMDc1NTZFNjk2MzZGNjQ2NTA5MDQ1MzY5N0E2NTAyMEUwMDAxMDg1Mzc0NjE2RTY0NjE3MjY0MDgwNzQzNjg2MTcyNzM2NTc0MDcwRjUyNTU1MzUzNDk0MTRFNUY0MzQ4NDE1MjUzNDU1NDBBNTM2OTdBNjU0NDZGNzU2MjZDNjUwMjFDMDg0NjZGNkU3NDRFNjE2RDY1MDYwRjU0Njk2RDY1NzMyMDRFNjU3NzIwNTI2RjZENjE2RTA3NTU2RTY5NjM2RjY0NjUwOTA0NTM2OTdBNjUwMjBFMDAwMA0KLTkgMiAwIDAgMCAwIDINCg0KMEUwMTA0NTQ2MTYyNzMwRTAwMDAwMA0KLTkgMiAwIDAgMCAwIDQNCg0KMEUwMA0KLTkgMCAwIDAgMCAwIDcNCjEgMSAwIDggMyAwDQoyMDAwMDYwNDQwMDQ0MDA0MzAwNDM0MDQ1NjA0MzAwNDQ2MDQ1NjA0NEYwNDJDMDAyMDAwM0EwNDNFMDQzRDA0MzIwNDM1MDQ0MDA0MzMwNDM1MDQzRDA0NDYwNDU2MDQ0RjA0MkMwMDIwMDAzRjA0M0UwNDQxMDQzQjA0NTYwNDM0MDQzRTA0MzIwNDNEMDQzMDA0MjAwMDU2MDQzRDA0MzQwNDQzMDQzQTA0NDYwNDU2MDQ0RjA0MkUwMA0K</FormattedText>
						</VariantText>
						<VariantText CorrectAnswer="False">
							<PlainText>Посттетанічна потенціація, післядія, трансформація ритму збудження.</PlainText>
							<FormattedText>LTggMSAzIDINCi05IDEgMCAwIDAgMCAxMw0KOTYNCi05IDIgMCAwIDAgMCAxDQoNCjBFMDEwOTUzNzQ3OTZDNjU0RTYxNkQ2NTA2MEI0RTZGNzI2RDYxNkMyMDc0NjU3ODc0MEE1MzY5N0E2NTQ0NkY3NTYyNkM2NTAyMUMwODQ2NkY2RTc0NEU2MTZENjUwNjBGNTQ2OTZENjU3MzIwNEU2NTc3MjA1MjZGNkQ2MTZFMDc1NTZFNjk2MzZGNjQ2NTA5MDQ1MzY5N0E2NTAyMEUwMDAxMDg1Mzc0NjE2RTY0NjE3MjY0MDgwNzQzNjg2MTcyNzM2NTc0MDcwRjUyNTU1MzUzNDk0MTRFNUY0MzQ4NDE1MjUzNDU1NDBBNTM2OTdBNjU0NDZGNzU2MjZDNjUwMjFDMDg0NjZGNkU3NDRFNjE2RDY1MDYwRjU0Njk2RDY1NzMyMDRFNjU3NzIwNTI2RjZENjE2RTA3NTU2RTY5NjM2RjY0NjUwOTA0NTM2OTdBNjUwMjBFMDAwMA0KLTkgMiAwIDAgMCAwIDINCg0KMEUwMTA0NTQ2MTYyNzMwRTAwMDAwMA0KLTkgMiAwIDAgMCAwIDQNCg0KMEUwMA0KLTkgMCAwIDAgMCAwIDcNCjEgMSAwIDggMyAwDQoxRjA0M0UwNDQxMDQ0MjA0NDIwNDM1MDQ0MjA0MzAwNDNEMDQ1NjA0NDcwNDNEMDQzMDA0MjAwMDNGMDQzRTA0NDIwNDM1MDQzRDA0NDYwNDU2MDQzMDA0NDYwNDU2MDQ0RjA0MkMwMDIwMDAzRjA0NTYwNDQxMDQzQjA0NEYwNDM0MDQ1NjA0NEYwNDJDMDAyMDAwNDIwNDQwMDQzMDA0M0QwNDQxMDQ0NDA0M0UwNDQwMDQzQzA0MzAwNDQ2MDQ1NjA0NEYwNDIwMDA0MDA0MzgwNDQyMDQzQzA0NDMwNDIwMDAzNzA0MzEwNDQzMDQzNDA0MzYwNDM1MDQzRDA0M0QwNDRGMDQyRTAwDQo=</FormattedText>
						</VariantText>
						<VariantText CorrectAnswer="False">
							<PlainText>Полегшення, оклюзія, принцип загального кінцевого шляху.</PlainText>
							<FormattedText>LTggMSAzIDINCi05IDEgMCAwIDAgMCAxMw0KOTYNCi05IDIgMCAwIDAgMCAxDQoNCjBFMDEwOTUzNzQ3OTZDNjU0RTYxNkQ2NTA2MEI0RTZGNzI2RDYxNkMyMDc0NjU3ODc0MEE1MzY5N0E2NTQ0NkY3NTYyNkM2NTAyMUMwODQ2NkY2RTc0NEU2MTZENjUwNjBGNTQ2OTZENjU3MzIwNEU2NTc3MjA1MjZGNkQ2MTZFMDc1NTZFNjk2MzZGNjQ2NTA5MDQ1MzY5N0E2NTAyMEUwMDAxMDg1Mzc0NjE2RTY0NjE3MjY0MDgwNzQzNjg2MTcyNzM2NTc0MDcwRjUyNTU1MzUzNDk0MTRFNUY0MzQ4NDE1MjUzNDU1NDBBNTM2OTdBNjU0NDZGNzU2MjZDNjUwMjFDMDg0NjZGNkU3NDRFNjE2RDY1MDYwRjU0Njk2RDY1NzMyMDRFNjU3NzIwNTI2RjZENjE2RTA3NTU2RTY5NjM2RjY0NjUwOTA0NTM2OTdBNjUwMjBFMDAwMA0KLTkgMiAwIDAgMCAwIDINCg0KMEUwMTA0NTQ2MTYyNzMwRTAwMDAwMA0KLTkgMiAwIDAgMCAwIDQNCg0KMEUwMA0KLTkgMCAwIDAgMCAwIDcNCjEgMSAwIDggMyAwDQoxRjA0M0UwNDNCMDQzNTA0MzMwNDQ4MDQzNTA0M0QwNDNEMDQ0RjA0MkMwMDIwMDAzRTA0M0EwNDNCMDQ0RTA0MzcwNDU2MDQ0RjA0MkMwMDIwMDAzRjA0NDAwNDM4MDQzRDA0NDYwNDM4MDQzRjA0MjAwMDM3MDQzMDA0MzMwNDMwMDQzQjA0NEMwNDNEMDQzRTA0MzMwNDNFMDQyMDAwM0EwNDU2MDQzRDA0NDYwNDM1MDQzMjA0M0UwNDMzMDQzRTA0MjAwMDQ4MDQzQjA0NEYwNDQ1MDQ0MzA0MkUwMA0K</FormattedText>
						</VariantText>
						<VariantText CorrectAnswer="False">
							<PlainText>Сумація, трансформація ритму збудження, посттетанічна потенціація.</PlainText>
							<FormattedText>LTggMSAzIDINCi05IDEgMCAwIDAgMCAxMw0KOTYNCi05IDIgMCAwIDAgMCAxDQoNCjBFMDEwOTUzNzQ3OTZDNjU0RTYxNkQ2NTA2MEI0RTZGNzI2RDYxNkMyMDc0NjU3ODc0MEE1MzY5N0E2NTQ0NkY3NTYyNkM2NTAyMUMwODQ2NkY2RTc0NEU2MTZENjUwNjBGNTQ2OTZENjU3MzIwNEU2NTc3MjA1MjZGNkQ2MTZFMDc1NTZFNjk2MzZGNjQ2NTA5MDQ1MzY5N0E2NTAyMEUwMDAxMDg1Mzc0NjE2RTY0NjE3MjY0MDgwNzQzNjg2MTcyNzM2NTc0MDcwRjUyNTU1MzUzNDk0MTRFNUY0MzQ4NDE1MjUzNDU1NDBBNTM2OTdBNjU0NDZGNzU2MjZDNjUwMjFDMDg0NjZGNkU3NDRFNjE2RDY1MDYwRjU0Njk2RDY1NzMyMDRFNjU3NzIwNTI2RjZENjE2RTA3NTU2RTY5NjM2RjY0NjUwOTA0NTM2OTdBNjUwMjBFMDAwMA0KLTkgMiAwIDAgMCAwIDINCg0KMEUwMTA0NTQ2MTYyNzMwRTAwMDAwMA0KLTkgMiAwIDAgMCAwIDQNCg0KMEUwMA0KLTkgMCAwIDAgMCAwIDcNCjEgMSAwIDggMyAwDQoyMTA0NDMwNDNDMDQzMDA0NDYwNDU2MDQ0RjA0MkMwMDIwMDA0MjA0NDAwNDMwMDQzRDA0NDEwNDQ0MDQzRTA0NDAwNDNDMDQzMDA0NDYwNDU2MDQ0RjA0MjAwMDQwMDQzODA0NDIwNDNDMDQ0MzA0MjAwMDM3MDQzMTA0NDMwNDM0MDQzNjA0MzUwNDNEMDQzRDA0NEYwNDJDMDAyMDAwM0YwNDNFMDQ0MTA0NDIwNDQyMDQzNTA0NDIwNDMwMDQzRDA0NTYwNDQ3MDQzRDA0MzAwNDIwMDAzRjA0M0UwNDQyMDQzNTA0M0QwNDQ2MDQ1NjA0MzAwNDQ2MDQ1NjA0NEYwNDJFMDANCg==</FormattedText>
						</VariantText>
					</Variants>
				</Task>
				<!-- ***** -->
				<Task Type="TYPE_TASK_CHOICE_SINGLE" Score="1">
					<Title/>
					<QuestionText>
						<PlainText>У яких умовах виробляється динамічний стереотип?</PlainText>
						<FormattedText>LTggMSAzIDINCi05IDEgMCAwIDAgMCAxMw0KOTYNCi05IDIgMCAwIDAgMCAxDQoNCjBFMDEwOTUzNzQ3OTZDNjU0RTYxNkQ2NTA2MEI0RTZGNzI2RDYxNkMyMDc0NjU3ODc0MEE1MzY5N0E2NTQ0NkY3NTYyNkM2NTAyMUMwODQ2NkY2RTc0NEU2MTZENjUwNjBGNTQ2OTZENjU3MzIwNEU2NTc3MjA1MjZGNkQ2MTZFMDc1NTZFNjk2MzZGNjQ2NTA5MDQ1MzY5N0E2NTAyMEUwMDAxMDg1Mzc0NjE2RTY0NjE3MjY0MDgwNzQzNjg2MTcyNzM2NTc0MDcwRjUyNTU1MzUzNDk0MTRFNUY0MzQ4NDE1MjUzNDU1NDBBNTM2OTdBNjU0NDZGNzU2MjZDNjUwMjFDMDg0NjZGNkU3NDRFNjE2RDY1MDYwRjU0Njk2RDY1NzMyMDRFNjU3NzIwNTI2RjZENjE2RTA3NTU2RTY5NjM2RjY0NjUwOTA0NTM2OTdBNjUwMjBFMDAwMA0KLTkgMiAwIDAgMCAwIDINCg0KMEUwMTA0NTQ2MTYyNzMwRTAwMDAwMTA4NTM3NDYxNkU2NDYxNzI2NDA4MDk0MTZDNjk2NzZFNkQ2NTZFNzQwNzBBNzI3NjYxNEE3NTczNzQ2OTY2NzkwNDU0NjE2MjczMEUwMDAwMDANCi05IDIgMCAwIDAgMCA0DQoNCjBFMDANCi05IDAgMCAwIDAgMCA3DQoxIDIgMSA4IDMgMA0KMjMwNDIwMDA0RjA0M0EwNDM4MDQ0NTA0MjAwMDQzMDQzQzA0M0UwNDMyMDQzMDA0NDUwNDIwMDAzMjA0MzgwNDQwMDQzRTA0MzEwNDNCMDQ0RjA0NTQwNDQyMDQ0QzA0NDEwNDRGMDQyMDAwMzQwNDM4MDQzRDA0MzAwNDNDMDQ1NjA0NDcwNDNEMDQzODA0MzkwNDIwMDA0MTA0NDIwNDM1MDQ0MDA0MzUwNDNFMDQ0MjA0MzgwNDNGMDQzRjAwDQoNCg==</FormattedText>
					</QuestionText>
					<Options>
						<IsAllowRandom>true</IsAllowRandom>
						<IsCompulsory>false</IsCompulsory>
						<IsOnlyForEduMode>false</IsOnlyForEduMode>
						<IsDenyPartially>false</IsDenyPartially>
					</Options>
					<Variants>
						<VariantText CorrectAnswer="False">
							<PlainText>Безперервна мінливість умов життєдіяльності.</PlainText>
							<FormattedText>LTggMSAzIDINCi05IDEgMCAwIDAgMCAxMw0KOTYNCi05IDIgMCAwIDAgMCAxDQoNCjBFMDEwOTUzNzQ3OTZDNjU0RTYxNkQ2NTA2MEI0RTZGNzI2RDYxNkMyMDc0NjU3ODc0MEE1MzY5N0E2NTQ0NkY3NTYyNkM2NTAyMUMwODQ2NkY2RTc0NEU2MTZENjUwNjBGNTQ2OTZENjU3MzIwNEU2NTc3MjA1MjZGNkQ2MTZFMDc1NTZFNjk2MzZGNjQ2NTA5MDQ1MzY5N0E2NTAyMEUwMDAxMDg1Mzc0NjE2RTY0NjE3MjY0MDgwNzQzNjg2MTcyNzM2NTc0MDcwRjUyNTU1MzUzNDk0MTRFNUY0MzQ4NDE1MjUzNDU1NDBBNTM2OTdBNjU0NDZGNzU2MjZDNjUwMjFDMDg0NjZGNkU3NDRFNjE2RDY1MDYwRjU0Njk2RDY1NzMyMDRFNjU3NzIwNTI2RjZENjE2RTA3NTU2RTY5NjM2RjY0NjUwOTA0NTM2OTdBNjUwMjBFMDAwMA0KLTkgMiAwIDAgMCAwIDINCg0KMEUwMTA0NTQ2MTYyNzMwRTAwMDAwMA0KLTkgMiAwIDAgMCAwIDQNCg0KMEUwMA0KLTkgMCAwIDAgMCAwIDcNCjEgMSAwIDggMyAwDQoxMTA0MzUwNDM3MDQzRjA0MzUwNDQwMDQzNTA0NDAwNDMyMDQzRDA0MzAwNDIwMDAzQzA0NTYwNDNEMDQzQjA0MzgwNDMyMDQ1NjA0NDEwNDQyMDQ0QzA0MjAwMDQzMDQzQzA0M0UwNDMyMDQyMDAwMzYwNDM4MDQ0MjA0NDIwNDU0MDQzNDA0NTYwNDRGMDQzQjA0NEMwNDNEMDQzRTA0NDEwNDQyMDQ1NjA0MkUwMA0K</FormattedText>
						</VariantText>
						<VariantText CorrectAnswer="True">
							<PlainText>Регулярна повторюваність послідовності подій.</PlainText>
							<FormattedText>LTggMSAzIDINCi05IDEgMCAwIDAgMCAxMw0KOTYNCi05IDIgMCAwIDAgMCAxDQoNCjBFMDEwOTUzNzQ3OTZDNjU0RTYxNkQ2NTA2MEI0RTZGNzI2RDYxNkMyMDc0NjU3ODc0MEE1MzY5N0E2NTQ0NkY3NTYyNkM2NTAyMUMwODQ2NkY2RTc0NEU2MTZENjUwNjBGNTQ2OTZENjU3MzIwNEU2NTc3MjA1MjZGNkQ2MTZFMDc1NTZFNjk2MzZGNjQ2NTA5MDQ1MzY5N0E2NTAyMEUwMDAxMDg1Mzc0NjE2RTY0NjE3MjY0MDgwNzQzNjg2MTcyNzM2NTc0MDcwRjUyNTU1MzUzNDk0MTRFNUY0MzQ4NDE1MjUzNDU1NDBBNTM2OTdBNjU0NDZGNzU2MjZDNjUwMjFDMDg0NjZGNkU3NDRFNjE2RDY1MDYwRjU0Njk2RDY1NzMyMDRFNjU3NzIwNTI2RjZENjE2RTA3NTU2RTY5NjM2RjY0NjUwOTA0NTM2OTdBNjUwMjBFMDAwMA0KLTkgMiAwIDAgMCAwIDINCg0KMEUwMTA0NTQ2MTYyNzMwRTAwMDAwMA0KLTkgMiAwIDAgMCAwIDQNCg0KMEUwMA0KLTkgMCAwIDAgMCAwIDcNCjEgMSAwIDggMyAwDQoyMDA0MzUwNDMzMDQ0MzA0M0IwNDRGMDQ0MDA0M0QwNDMwMDQyMDAwM0YwNDNFMDQzMjA0NDIwNDNFMDQ0MDA0NEUwNDMyMDQzMDA0M0QwNDU2MDQ0MTA0NDIwNDRDMDQyMDAwM0YwNDNFMDQ0MTA0M0IwNDU2MDQzNDA0M0UwNDMyMDQzRDA0M0UwNDQxMDQ0MjA0NTYwNDIwMDAzRjA0M0UwNDM0MDQ1NjA0MzkwNDJFMDANCg==</FormattedText>
						</VariantText>
						<VariantText CorrectAnswer="False">
							<PlainText>Дія ланцюгових подразників.</PlainText>
							<FormattedText>LTggMSAzIDINCi05IDEgMCAwIDAgMCAxMw0KOTYNCi05IDIgMCAwIDAgMCAxDQoNCjBFMDEwOTUzNzQ3OTZDNjU0RTYxNkQ2NTA2MEI0RTZGNzI2RDYxNkMyMDc0NjU3ODc0MEE1MzY5N0E2NTQ0NkY3NTYyNkM2NTAyMUMwODQ2NkY2RTc0NEU2MTZENjUwNjBGNTQ2OTZENjU3MzIwNEU2NTc3MjA1MjZGNkQ2MTZFMDc1NTZFNjk2MzZGNjQ2NTA5MDQ1MzY5N0E2NTAyMEUwMDAxMDg1Mzc0NjE2RTY0NjE3MjY0MDgwNzQzNjg2MTcyNzM2NTc0MDcwRjUyNTU1MzUzNDk0MTRFNUY0MzQ4NDE1MjUzNDU1NDBBNTM2OTdBNjU0NDZGNzU2MjZDNjUwMjFDMDg0NjZGNkU3NDRFNjE2RDY1MDYwRjU0Njk2RDY1NzMyMDRFNjU3NzIwNTI2RjZENjE2RTA3NTU2RTY5NjM2RjY0NjUwOTA0NTM2OTdBNjUwMjBFMDAwMA0KLTkgMiAwIDAgMCAwIDINCg0KMEUwMTA0NTQ2MTYyNzMwRTAwMDAwMA0KLTkgMiAwIDAgMCAwIDQNCg0KMEUwMA0KLTkgMCAwIDAgMCAwIDcNCjEgMSAwIDggMyAwDQoxNDA0NTYwNDRGMDQyMDAwM0IwNDMwMDQzRDA0NDYwNDRFMDQzMzA0M0UwNDMyMDQzODA0NDUwNDIwMDAzRjA0M0UwNDM0MDQ0MDA0MzAwNDM3MDQzRDA0MzgwNDNBMDQ1NjA0MzIwNDJFMDANCg==</FormattedText>
						</VariantText>
						<VariantText CorrectAnswer="False">
							<PlainText>Пред&apos;явлення комплексних подразників.</PlainText>
							<FormattedText>LTggMSAzIDINCi05IDEgMCAwIDAgMCAxMw0KOTYNCi05IDIgMCAwIDAgMCAxDQoNCjBFMDEwOTUzNzQ3OTZDNjU0RTYxNkQ2NTA2MEI0RTZGNzI2RDYxNkMyMDc0NjU3ODc0MEE1MzY5N0E2NTQ0NkY3NTYyNkM2NTAyMUMwODQ2NkY2RTc0NEU2MTZENjUwNjBGNTQ2OTZENjU3MzIwNEU2NTc3MjA1MjZGNkQ2MTZFMDc1NTZFNjk2MzZGNjQ2NTA5MDQ1MzY5N0E2NTAyMEUwMDAxMDg1Mzc0NjE2RTY0NjE3MjY0MDgwNzQzNjg2MTcyNzM2NTc0MDcwRjUyNTU1MzUzNDk0MTRFNUY0MzQ4NDE1MjUzNDU1NDBBNTM2OTdBNjU0NDZGNzU2MjZDNjUwMjFDMDg0NjZGNkU3NDRFNjE2RDY1MDYwRjU0Njk2RDY1NzMyMDRFNjU3NzIwNTI2RjZENjE2RTA3NTU2RTY5NjM2RjY0NjUwOTA0NTM2OTdBNjUwMjBFMDAwMA0KLTkgMiAwIDAgMCAwIDINCg0KMEUwMTA0NTQ2MTYyNzMwRTAwMDAwMA0KLTkgMiAwIDAgMCAwIDQNCg0KMEUwMA0KLTkgMCAwIDAgMCAwIDcNCjEgMSAwIDggMyAwDQoxRjA0NDAwNDM1MDQzNDA0MjcwMDRGMDQzMjA0M0IwNDM1MDQzRDA0M0QwNDRGMDQyMDAwM0EwNDNFMDQzQzA0M0YwNDNCMDQzNTA0M0EwNDQxMDQzRDA0MzgwNDQ1MDQyMDAwM0YwNDNFMDQzNDA0NDAwNDMwMDQzNzA0M0QwNDM4MDQzQTA0NTYwNDMyMDQyRTAwDQo=</FormattedText>
						</VariantText>
						<VariantText CorrectAnswer="False">
							<PlainText>Диференціювання подразників за їх сигнальним значенням.</PlainText>
							<FormattedText>LTggMSAzIDINCi05IDEgMCAwIDAgMCAxMw0KOTYNCi05IDIgMCAwIDAgMCAxDQoNCjBFMDEwOTUzNzQ3OTZDNjU0RTYxNkQ2NTA2MEI0RTZGNzI2RDYxNkMyMDc0NjU3ODc0MEE1MzY5N0E2NTQ0NkY3NTYyNkM2NTAyMUMwODQ2NkY2RTc0NEU2MTZENjUwNjBGNTQ2OTZENjU3MzIwNEU2NTc3MjA1MjZGNkQ2MTZFMDc1NTZFNjk2MzZGNjQ2NTA5MDQ1MzY5N0E2NTAyMEUwMDAxMDg1Mzc0NjE2RTY0NjE3MjY0MDgwNzQzNjg2MTcyNzM2NTc0MDcwRjUyNTU1MzUzNDk0MTRFNUY0MzQ4NDE1MjUzNDU1NDBBNTM2OTdBNjU0NDZGNzU2MjZDNjUwMjFDMDg0NjZGNkU3NDRFNjE2RDY1MDYwRjU0Njk2RDY1NzMyMDRFNjU3NzIwNTI2RjZENjE2RTA3NTU2RTY5NjM2RjY0NjUwOTA0NTM2OTdBNjUwMjBFMDAwMA0KLTkgMiAwIDAgMCAwIDINCg0KMEUwMTA0NTQ2MTYyNzMwRTAwMDAwMA0KLTkgMiAwIDAgMCAwIDQNCg0KMEUwMA0KLTkgMCAwIDAgMCAwIDcNCjEgMSAwIDggMyAwDQoxNDA0MzgwNDQ0MDQzNTA0NDAwNDM1MDQzRDA0NDYwNDU2MDQ0RTA0MzIwNDMwMDQzRDA0M0QwNDRGMDQyMDAwM0YwNDNFMDQzNDA0NDAwNDMwMDQzNzA0M0QwNDM4MDQzQTA0NTYwNDMyMDQyMDAwMzcwNDMwMDQyMDAwNTcwNDQ1MDQyMDAwNDEwNDM4MDQzMzA0M0QwNDMwMDQzQjA0NEMwNDNEMDQzODA0M0MwNDIwMDAzNzA0M0QwNDMwMDQ0NzA0MzUwNDNEMDQzRDA0NEYwNDNDMDQyRTAwDQo=</FormattedText>
						</VariantText>
					</Variants>
				</Task>
				<!-- ***** -->
				<Task Type="TYPE_TASK_CHOICE_SINGLE" Score="1">
					<Title/>
					<QuestionText>
						<PlainText>Яке значення має гальмування умовних рефлексів?</PlainText>
						<FormattedText>LTggMSAzIDINCi05IDEgMCAwIDAgMCAxMw0KOTYNCi05IDIgMCAwIDAgMCAxDQoNCjBFMDEwOTUzNzQ3OTZDNjU0RTYxNkQ2NTA2MEI0RTZGNzI2RDYxNkMyMDc0NjU3ODc0MEE1MzY5N0E2NTQ0NkY3NTYyNkM2NTAyMUMwODQ2NkY2RTc0NEU2MTZENjUwNjBGNTQ2OTZENjU3MzIwNEU2NTc3MjA1MjZGNkQ2MTZFMDc1NTZFNjk2MzZGNjQ2NTA5MDQ1MzY5N0E2NTAyMEUwMDAxMDg1Mzc0NjE2RTY0NjE3MjY0MDgwNzQzNjg2MTcyNzM2NTc0MDcwRjUyNTU1MzUzNDk0MTRFNUY0MzQ4NDE1MjUzNDU1NDBBNTM2OTdBNjU0NDZGNzU2MjZDNjUwMjFDMDg0NjZGNkU3NDRFNjE2RDY1MDYwRjU0Njk2RDY1NzMyMDRFNjU3NzIwNTI2RjZENjE2RTA3NTU2RTY5NjM2RjY0NjUwOTA0NTM2OTdBNjUwMjBFMDAwMA0KLTkgMiAwIDAgMCAwIDINCg0KMEUwMTA0NTQ2MTYyNzMwRTAwMDAwMTA4NTM3NDYxNkU2NDYxNzI2NDA4MDk0MTZDNjk2NzZFNkQ2NTZFNzQwNzBBNzI3NjYxNEE3NTczNzQ2OTY2NzkwNDU0NjE2MjczMEUwMDAwMDANCi05IDIgMCAwIDAgMCA0DQoNCjBFMDANCi05IDAgMCAwIDAgMCA3DQoxIDIgMSA4IDMgMA0KMkYwNDNBMDQzNTA0MjAwMDM3MDQzRDA0MzAwNDQ3MDQzNTA0M0QwNDNEMDQ0RjA0MjAwMDNDMDQzMDA0NTQwNDIwMDAzMzA0MzAwNDNCMDQ0QzA0M0MwNDQzMDQzMjA0MzAwNDNEMDQzRDA0NEYwNDIwMDA0MzA0M0MwNDNFMDQzMjA0M0QwNDM4MDQ0NTA0MjAwMDQwMDQzNTA0NDQwNDNCMDQzNTA0M0EwNDQxMDQ1NjA0MzIwNDNGMDANCg0K</FormattedText>
					</QuestionText>
					<Options>
						<IsAllowRandom>true</IsAllowRandom>
						<IsCompulsory>false</IsCompulsory>
						<IsOnlyForEduMode>false</IsOnlyForEduMode>
						<IsDenyPartially>false</IsDenyPartially>
					</Options>
					<Variants>
						<VariantText CorrectAnswer="False">
							<PlainText>Захисне.</PlainText>
							<FormattedText>LTggMSAzIDINCi05IDEgMCAwIDAgMCAxMw0KOTYNCi05IDIgMCAwIDAgMCAxDQoNCjBFMDEwOTUzNzQ3OTZDNjU0RTYxNkQ2NTA2MEI0RTZGNzI2RDYxNkMyMDc0NjU3ODc0MEE1MzY5N0E2NTQ0NkY3NTYyNkM2NTAyMUMwODQ2NkY2RTc0NEU2MTZENjUwNjBGNTQ2OTZENjU3MzIwNEU2NTc3MjA1MjZGNkQ2MTZFMDc1NTZFNjk2MzZGNjQ2NTA5MDQ1MzY5N0E2NTAyMEUwMDAxMDg1Mzc0NjE2RTY0NjE3MjY0MDgwNzQzNjg2MTcyNzM2NTc0MDcwRjUyNTU1MzUzNDk0MTRFNUY0MzQ4NDE1MjUzNDU1NDBBNTM2OTdBNjU0NDZGNzU2MjZDNjUwMjFDMDg0NjZGNkU3NDRFNjE2RDY1MDYwRjU0Njk2RDY1NzMyMDRFNjU3NzIwNTI2RjZENjE2RTA3NTU2RTY5NjM2RjY0NjUwOTA0NTM2OTdBNjUwMjBFMDAwMA0KLTkgMiAwIDAgMCAwIDINCg0KMEUwMTA0NTQ2MTYyNzMwRTAwMDAwMA0KLTkgMiAwIDAgMCAwIDQNCg0KMEUwMA0KLTkgMCAwIDAgMCAwIDcNCjEgMSAwIDggMyAwDQoxNzA0MzAwNDQ1MDQzODA0NDEwNDNEMDQzNTA0MkUwMA0K</FormattedText>
						</VariantText>
						<VariantText CorrectAnswer="True">
							<PlainText>Пристосувальне.</PlainText>
							<FormattedText>LTggMSAzIDINCi05IDEgMCAwIDAgMCAxMw0KOTYNCi05IDIgMCAwIDAgMCAxDQoNCjBFMDEwOTUzNzQ3OTZDNjU0RTYxNkQ2NTA2MEI0RTZGNzI2RDYxNkMyMDc0NjU3ODc0MEE1MzY5N0E2NTQ0NkY3NTYyNkM2NTAyMUMwODQ2NkY2RTc0NEU2MTZENjUwNjBGNTQ2OTZENjU3MzIwNEU2NTc3MjA1MjZGNkQ2MTZFMDc1NTZFNjk2MzZGNjQ2NTA5MDQ1MzY5N0E2NTAyMEUwMDAxMDg1Mzc0NjE2RTY0NjE3MjY0MDgwNzQzNjg2MTcyNzM2NTc0MDcwRjUyNTU1MzUzNDk0MTRFNUY0MzQ4NDE1MjUzNDU1NDBBNTM2OTdBNjU0NDZGNzU2MjZDNjUwMjFDMDg0NjZGNkU3NDRFNjE2RDY1MDYwRjU0Njk2RDY1NzMyMDRFNjU3NzIwNTI2RjZENjE2RTA3NTU2RTY5NjM2RjY0NjUwOTA0NTM2OTdBNjUwMjBFMDAwMA0KLTkgMiAwIDAgMCAwIDINCg0KMEUwMTA0NTQ2MTYyNzMwRTAwMDAwMA0KLTkgMiAwIDAgMCAwIDQNCg0KMEUwMA0KLTkgMCAwIDAgMCAwIDcNCjEgMSAwIDggMyAwDQoxRjA0NDAwNDM4MDQ0MTA0NDIwNDNFMDQ0MTA0NDMwNDMyMDQzMDA0M0IwNDRDMDQzRDA0MzUwNDJFMDANCg==</FormattedText>
						</VariantText>
						<VariantText CorrectAnswer="False">
							<PlainText>Орієнтовне.</PlainText>
							<FormattedText>LTggMSAzIDINCi05IDEgMCAwIDAgMCAxMw0KOTYNCi05IDIgMCAwIDAgMCAxDQoNCjBFMDEwOTUzNzQ3OTZDNjU0RTYxNkQ2NTA2MEI0RTZGNzI2RDYxNkMyMDc0NjU3ODc0MEE1MzY5N0E2NTQ0NkY3NTYyNkM2NTAyMUMwODQ2NkY2RTc0NEU2MTZENjUwNjBGNTQ2OTZENjU3MzIwNEU2NTc3MjA1MjZGNkQ2MTZFMDc1NTZFNjk2MzZGNjQ2NTA5MDQ1MzY5N0E2NTAyMEUwMDAxMDg1Mzc0NjE2RTY0NjE3MjY0MDgwNzQzNjg2MTcyNzM2NTc0MDcwRjUyNTU1MzUzNDk0MTRFNUY0MzQ4NDE1MjUzNDU1NDBBNTM2OTdBNjU0NDZGNzU2MjZDNjUwMjFDMDg0NjZGNkU3NDRFNjE2RDY1MDYwRjU0Njk2RDY1NzMyMDRFNjU3NzIwNTI2RjZENjE2RTA3NTU2RTY5NjM2RjY0NjUwOTA0NTM2OTdBNjUwMjBFMDAwMA0KLTkgMiAwIDAgMCAwIDINCg0KMEUwMTA0NTQ2MTYyNzMwRTAwMDAwMA0KLTkgMiAwIDAgMCAwIDQNCg0KMEUwMA0KLTkgMCAwIDAgMCAwIDcNCjEgMSAwIDggMyAwDQoxRTA0NDAwNDU2MDQ1NDA0M0QwNDQyMDQzRTA0MzIwNDNEMDQzNTA0MkUwMA0K</FormattedText>
						</VariantText>
						<VariantText CorrectAnswer="False">
							<PlainText>Аналітичне.</PlainText>
							<FormattedText>LTggMSAzIDINCi05IDEgMCAwIDAgMCAxMw0KOTYNCi05IDIgMCAwIDAgMCAxDQoNCjBFMDEwOTUzNzQ3OTZDNjU0RTYxNkQ2NTA2MEI0RTZGNzI2RDYxNkMyMDc0NjU3ODc0MEE1MzY5N0E2NTQ0NkY3NTYyNkM2NTAyMUMwODQ2NkY2RTc0NEU2MTZENjUwNjBGNTQ2OTZENjU3MzIwNEU2NTc3MjA1MjZGNkQ2MTZFMDc1NTZFNjk2MzZGNjQ2NTA5MDQ1MzY5N0E2NTAyMEUwMDAxMDg1Mzc0NjE2RTY0NjE3MjY0MDgwNzQzNjg2MTcyNzM2NTc0MDcwRjUyNTU1MzUzNDk0MTRFNUY0MzQ4NDE1MjUzNDU1NDBBNTM2OTdBNjU0NDZGNzU2MjZDNjUwMjFDMDg0NjZGNkU3NDRFNjE2RDY1MDYwRjU0Njk2RDY1NzMyMDRFNjU3NzIwNTI2RjZENjE2RTA3NTU2RTY5NjM2RjY0NjUwOTA0NTM2OTdBNjUwMjBFMDAwMA0KLTkgMiAwIDAgMCAwIDINCg0KMEUwMTA0NTQ2MTYyNzMwRTAwMDAwMA0KLTkgMiAwIDAgMCAwIDQNCg0KMEUwMA0KLTkgMCAwIDAgMCAwIDcNCjEgMSAwIDggMyAwDQoxMDA0M0QwNDMwMDQzQjA0NTYwNDQyMDQzODA0NDcwNDNEMDQzNTA0MkUwMA0K</FormattedText>
						</VariantText>
						<VariantText CorrectAnswer="False">
							<PlainText>Диференційоване.</PlainText>
							<FormattedText>LTggMSAzIDINCi05IDEgMCAwIDAgMCAxMw0KOTYNCi05IDIgMCAwIDAgMCAxDQoNCjBFMDEwOTUzNzQ3OTZDNjU0RTYxNkQ2NTA2MEI0RTZGNzI2RDYxNkMyMDc0NjU3ODc0MEE1MzY5N0E2NTQ0NkY3NTYyNkM2NTAyMUMwODQ2NkY2RTc0NEU2MTZENjUwNjBGNTQ2OTZENjU3MzIwNEU2NTc3MjA1MjZGNkQ2MTZFMDc1NTZFNjk2MzZGNjQ2NTA5MDQ1MzY5N0E2NTAyMEUwMDAxMDg1Mzc0NjE2RTY0NjE3MjY0MDgwNzQzNjg2MTcyNzM2NTc0MDcwRjUyNTU1MzUzNDk0MTRFNUY0MzQ4NDE1MjUzNDU1NDBBNTM2OTdBNjU0NDZGNzU2MjZDNjUwMjFDMDg0NjZGNkU3NDRFNjE2RDY1MDYwRjU0Njk2RDY1NzMyMDRFNjU3NzIwNTI2RjZENjE2RTA3NTU2RTY5NjM2RjY0NjUwOTA0NTM2OTdBNjUwMjBFMDAwMA0KLTkgMiAwIDAgMCAwIDINCg0KMEUwMTA0NTQ2MTYyNzMwRTAwMDAwMA0KLTkgMiAwIDAgMCAwIDQNCg0KMEUwMA0KLTkgMCAwIDAgMCAwIDcNCjEgMSAwIDggMyAwDQoyMDAwMTQwNDM4MDQ0NDA0MzUwNDQwMDQzNTA0M0QwNDQ2MDQ1NjA0MzkwNDNFMDQzMjA0MzAwNDNEMDQzNTA0MkUwMA0K</FormattedText>
						</VariantText>
					</Variants>
				</Task>
				<!-- ***** -->
				<Task Type="TYPE_TASK_CHOICE_SINGLE" Score="1">
					<Title/>
					<QuestionText>
						<PlainText>При яких умовах виникає позамежне гальмування?</PlainText>
						<FormattedText>LTggMSAzIDINCi05IDEgMCAwIDAgMCAxMw0KOTYNCi05IDIgMCAwIDAgMCAxDQoNCjBFMDEwOTUzNzQ3OTZDNjU0RTYxNkQ2NTA2MEI0RTZGNzI2RDYxNkMyMDc0NjU3ODc0MEE1MzY5N0E2NTQ0NkY3NTYyNkM2NTAyMUMwODQ2NkY2RTc0NEU2MTZENjUwNjBGNTQ2OTZENjU3MzIwNEU2NTc3MjA1MjZGNkQ2MTZFMDc1NTZFNjk2MzZGNjQ2NTA5MDQ1MzY5N0E2NTAyMEUwMDAxMDg1Mzc0NjE2RTY0NjE3MjY0MDgwNzQzNjg2MTcyNzM2NTc0MDcwRjUyNTU1MzUzNDk0MTRFNUY0MzQ4NDE1MjUzNDU1NDBBNTM2OTdBNjU0NDZGNzU2MjZDNjUwMjFDMDg0NjZGNkU3NDRFNjE2RDY1MDYwRjU0Njk2RDY1NzMyMDRFNjU3NzIwNTI2RjZENjE2RTA3NTU2RTY5NjM2RjY0NjUwOTA0NTM2OTdBNjUwMjBFMDAwMA0KLTkgMiAwIDAgMCAwIDINCg0KMEUwMTA0NTQ2MTYyNzMwRTAwMDAwMTA4NTM3NDYxNkU2NDYxNzI2NDA4MDk0MTZDNjk2NzZFNkQ2NTZFNzQwNzBBNzI3NjYxNEE3NTczNzQ2OTY2NzkwNDU0NjE2MjczMEUwMDAwMDANCi05IDIgMCAwIDAgMCA0DQoNCjBFMDANCi05IDAgMCAwIDAgMCA3DQoxIDIgMSA4IDMgMA0KMUYwNDQwMDQzODA0MjAwMDRGMDQzQTA0MzgwNDQ1MDQyMDAwNDMwNDNDMDQzRTA0MzIwNDMwMDQ0NTA0MjAwMDMyMDQzODA0M0QwNDM4MDQzQTA0MzAwNDU0MDQyMDAwM0YwNDNFMDQzNzA0MzAwNDNDMDQzNTA0MzYwNDNEMDQzNTA0MjAwMDMzMDQzMDA0M0IwNDRDMDQzQzA0NDMwNDMyMDQzMDA0M0QwNDNEMDQ0RjA0M0YwMA0KDQo=</FormattedText>
					</QuestionText>
					<Options>
						<IsAllowRandom>true</IsAllowRandom>
						<IsCompulsory>false</IsCompulsory>
						<IsOnlyForEduMode>false</IsOnlyForEduMode>
						<IsDenyPartially>false</IsDenyPartially>
					</Options>
					<Variants>
						<VariantText CorrectAnswer="False">
							<PlainText>Порушення просторово-часової структури умовного рефлексу.</PlainText>
							<FormattedText>LTggMSAzIDINCi05IDEgMCAwIDAgMCAxMw0KOTYNCi05IDIgMCAwIDAgMCAxDQoNCjBFMDEwOTUzNzQ3OTZDNjU0RTYxNkQ2NTA2MEI0RTZGNzI2RDYxNkMyMDc0NjU3ODc0MEE1MzY5N0E2NTQ0NkY3NTYyNkM2NTAyMUMwODQ2NkY2RTc0NEU2MTZENjUwNjBGNTQ2OTZENjU3MzIwNEU2NTc3MjA1MjZGNkQ2MTZFMDc1NTZFNjk2MzZGNjQ2NTA5MDQ1MzY5N0E2NTAyMEUwMDAxMDg1Mzc0NjE2RTY0NjE3MjY0MDgwNzQzNjg2MTcyNzM2NTc0MDcwRjUyNTU1MzUzNDk0MTRFNUY0MzQ4NDE1MjUzNDU1NDBBNTM2OTdBNjU0NDZGNzU2MjZDNjUwMjFDMDg0NjZGNkU3NDRFNjE2RDY1MDYwRjU0Njk2RDY1NzMyMDRFNjU3NzIwNTI2RjZENjE2RTA3NTU2RTY5NjM2RjY0NjUwOTA0NTM2OTdBNjUwMjBFMDAwMA0KLTkgMiAwIDAgMCAwIDINCg0KMEUwMTA0NTQ2MTYyNzMwRTAwMDAwMA0KLTkgMiAwIDAgMCAwIDQNCg0KMEUwMA0KLTkgMCAwIDAgMCAwIDcNCjEgMSAwIDggMyAwDQoxRjA0M0UwNDQwMDQ0MzA0NDgwNDM1MDQzRDA0M0QwNDRGMDQyMDAwM0YwNDQwMDQzRTA0NDEwNDQyMDQzRTA0NDAwNDNFMDQzMjA0M0UwNDJEMDA0NzA0MzAwNDQxMDQzRTA0MzIwNDNFMDQ1NzA0MjAwMDQxMDQ0MjA0NDAwNDQzMDQzQTA0NDIwNDQzMDQ0MDA0MzgwNDIwMDA0MzA0M0MwNDNFMDQzMjA0M0QwNDNFMDQzMzA0M0UwNDIwMDA0MDA0MzUwNDQ0MDQzQjA0MzUwNDNBMDQ0MTA0NDMwNDJFMDANCg==</FormattedText>
						</VariantText>
						<VariantText CorrectAnswer="False">
							<PlainText>Різка зміна умов життєдіяльності та динамічного стереотипу.</PlainText>
							<FormattedText>LTggMSAzIDINCi05IDEgMCAwIDAgMCAxMw0KOTYNCi05IDIgMCAwIDAgMCAxDQoNCjBFMDEwOTUzNzQ3OTZDNjU0RTYxNkQ2NTA2MEI0RTZGNzI2RDYxNkMyMDc0NjU3ODc0MEE1MzY5N0E2NTQ0NkY3NTYyNkM2NTAyMUMwODQ2NkY2RTc0NEU2MTZENjUwNjBGNTQ2OTZENjU3MzIwNEU2NTc3MjA1MjZGNkQ2MTZFMDc1NTZFNjk2MzZGNjQ2NTA5MDQ1MzY5N0E2NTAyMEUwMDAxMDg1Mzc0NjE2RTY0NjE3MjY0MDgwNzQzNjg2MTcyNzM2NTc0MDcwRjUyNTU1MzUzNDk0MTRFNUY0MzQ4NDE1MjUzNDU1NDBBNTM2OTdBNjU0NDZGNzU2MjZDNjUwMjFDMDg0NjZGNkU3NDRFNjE2RDY1MDYwRjU0Njk2RDY1NzMyMDRFNjU3NzIwNTI2RjZENjE2RTA3NTU2RTY5NjM2RjY0NjUwOTA0NTM2OTdBNjUwMjBFMDAwMA0KLTkgMiAwIDAgMCAwIDINCg0KMEUwMTA0NTQ2MTYyNzMwRTAwMDAwMA0KLTkgMiAwIDAgMCAwIDQNCg0KMEUwMA0KLTkgMCAwIDAgMCAwIDcNCjEgMSAwIDggMyAwDQoyMDA0NTYwNDM3MDQzQTA0MzAwNDIwMDAzNzA0M0MwNDU2MDQzRDA0MzAwNDIwMDA0MzA0M0MwNDNFMDQzMjA0MjAwMDM2MDQzODA0NDIwNDQyMDQ1NDA0MzQwNDU2MDQ0RjA0M0IwNDRDMDQzRDA0M0UwNDQxMDQ0MjA0NTYwNDIwMDA0MjA0MzAwNDIwMDAzNDA0MzgwNDNEMDQzMDA0M0MwNDU2MDQ0NzA0M0QwNDNFMDQzMzA0M0UwNDIwMDA0MTA0NDIwNDM1MDQ0MDA0MzUwNDNFMDQ0MjA0MzgwNDNGMDQ0MzA0MkUwMA0K</FormattedText>
						</VariantText>
						<VariantText CorrectAnswer="True">
							<PlainText>Надмірне збільшення сили умовного сигналу.</PlainText>
							<FormattedText>LTggMSAzIDINCi05IDEgMCAwIDAgMCAxMw0KOTYNCi05IDIgMCAwIDAgMCAxDQoNCjBFMDEwOTUzNzQ3OTZDNjU0RTYxNkQ2NTA2MEI0RTZGNzI2RDYxNkMyMDc0NjU3ODc0MEE1MzY5N0E2NTQ0NkY3NTYyNkM2NTAyMUMwODQ2NkY2RTc0NEU2MTZENjUwNjBGNTQ2OTZENjU3MzIwNEU2NTc3MjA1MjZGNkQ2MTZFMDc1NTZFNjk2MzZGNjQ2NTA5MDQ1MzY5N0E2NTAyMEUwMDAxMDg1Mzc0NjE2RTY0NjE3MjY0MDgwNzQzNjg2MTcyNzM2NTc0MDcwRjUyNTU1MzUzNDk0MTRFNUY0MzQ4NDE1MjUzNDU1NDBBNTM2OTdBNjU0NDZGNzU2MjZDNjUwMjFDMDg0NjZGNkU3NDRFNjE2RDY1MDYwRjU0Njk2RDY1NzMyMDRFNjU3NzIwNTI2RjZENjE2RTA3NTU2RTY5NjM2RjY0NjUwOTA0NTM2OTdBNjUwMjBFMDAwMA0KLTkgMiAwIDAgMCAwIDINCg0KMEUwMTA0NTQ2MTYyNzMwRTAwMDAwMA0KLTkgMiAwIDAgMCAwIDQNCg0KMEUwMA0KLTkgMCAwIDAgMCAwIDcNCjEgMSAwIDggMyAwDQoxRDA0MzAwNDM0MDQzQzA0NTYwNDQwMDQzRDA0MzUwNDIwMDAzNzA0MzEwNDU2MDQzQjA0NEMwNDQ4MDQzNTA0M0QwNDNEMDQ0RjA0MjAwMDQxMDQzODA0M0IwNDM4MDQyMDAwNDMwNDNDMDQzRTA0MzIwNDNEMDQzRTA0MzMwNDNFMDQyMDAwNDEwNDM4MDQzMzA0M0QwNDMwMDQzQjA0NDMwNDJFMDANCg==</FormattedText>
						</VariantText>
						<VariantText CorrectAnswer="False">
							<PlainText>Надмірна тривалість інтервалів між умовним і безумовним сигналами.</PlainText>
							<FormattedText>LTggMSAzIDINCi05IDEgMCAwIDAgMCAxMw0KOTYNCi05IDIgMCAwIDAgMCAxDQoNCjBFMDEwOTUzNzQ3OTZDNjU0RTYxNkQ2NTA2MEI0RTZGNzI2RDYxNkMyMDc0NjU3ODc0MEE1MzY5N0E2NTQ0NkY3NTYyNkM2NTAyMUMwODQ2NkY2RTc0NEU2MTZENjUwNjBGNTQ2OTZENjU3MzIwNEU2NTc3MjA1MjZGNkQ2MTZFMDc1NTZFNjk2MzZGNjQ2NTA5MDQ1MzY5N0E2NTAyMEUwMDAxMDg1Mzc0NjE2RTY0NjE3MjY0MDgwNzQzNjg2MTcyNzM2NTc0MDcwRjUyNTU1MzUzNDk0MTRFNUY0MzQ4NDE1MjUzNDU1NDBBNTM2OTdBNjU0NDZGNzU2MjZDNjUwMjFDMDg0NjZGNkU3NDRFNjE2RDY1MDYwRjU0Njk2RDY1NzMyMDRFNjU3NzIwNTI2RjZENjE2RTA3NTU2RTY5NjM2RjY0NjUwOTA0NTM2OTdBNjUwMjBFMDAwMA0KLTkgMiAwIDAgMCAwIDINCg0KMEUwMTA0NTQ2MTYyNzMwRTAwMDAwMA0KLTkgMiAwIDAgMCAwIDQNCg0KMEUwMA0KLTkgMCAwIDAgMCAwIDcNCjEgMSAwIDggMyAwDQoxRDA0MzAwNDM0MDQzQzA0NTYwNDQwMDQzRDA0MzAwNDIwMDA0MjA0NDAwNDM4MDQzMjA0MzAwNDNCMDQ1NjA0NDEwNDQyMDQ0QzA0MjAwMDU2MDQzRDA0NDIwNDM1MDQ0MDA0MzIwNDMwMDQzQjA0NTYwNDMyMDQyMDAwM0MwNDU2MDQzNjA0MjAwMDQzMDQzQzA0M0UwNDMyMDQzRDA0MzgwNDNDMDQyMDAwNTYwNDIwMDAzMTA0MzUwNDM3MDQ0MzA0M0MwNDNFMDQzMjA0M0QwNDM4MDQzQzA0MjAwMDQxMDQzODA0MzMwNDNEMDQzMDA0M0IwNDMwMDQzQzA0MzgwNDJFMDANCg==</FormattedText>
						</VariantText>
						<VariantText CorrectAnswer="False">
							<PlainText>Дія сильних та раніше невідомих подразників.</PlainText>
							<FormattedText>LTggMSAzIDINCi05IDEgMCAwIDAgMCAxMw0KOTYNCi05IDIgMCAwIDAgMCAxDQoNCjBFMDEwOTUzNzQ3OTZDNjU0RTYxNkQ2NTA2MEI0RTZGNzI2RDYxNkMyMDc0NjU3ODc0MEE1MzY5N0E2NTQ0NkY3NTYyNkM2NTAyMUMwODQ2NkY2RTc0NEU2MTZENjUwNjBGNTQ2OTZENjU3MzIwNEU2NTc3MjA1MjZGNkQ2MTZFMDc1NTZFNjk2MzZGNjQ2NTA5MDQ1MzY5N0E2NTAyMEUwMDAxMDg1Mzc0NjE2RTY0NjE3MjY0MDgwNzQzNjg2MTcyNzM2NTc0MDcwRjUyNTU1MzUzNDk0MTRFNUY0MzQ4NDE1MjUzNDU1NDBBNTM2OTdBNjU0NDZGNzU2MjZDNjUwMjFDMDg0NjZGNkU3NDRFNjE2RDY1MDYwRjU0Njk2RDY1NzMyMDRFNjU3NzIwNTI2RjZENjE2RTA3NTU2RTY5NjM2RjY0NjUwOTA0NTM2OTdBNjUwMjBFMDAwMA0KLTkgMiAwIDAgMCAwIDINCg0KMEUwMTA0NTQ2MTYyNzMwRTAwMDAwMA0KLTkgMiAwIDAgMCAwIDQNCg0KMEUwMA0KLTkgMCAwIDAgMCAwIDcNCjEgMSAwIDggMyAwDQoxNDA0NTYwNDRGMDQyMDAwNDEwNDM4MDQzQjA0NEMwNDNEMDQzODA0NDUwNDIwMDA0MjA0MzAwNDIwMDA0MDA0MzAwNDNEMDQ1NjA0NDgwNDM1MDQyMDAwM0QwNDM1MDQzMjA0NTYwNDM0MDQzRTA0M0MwNDM4MDQ0NTA0MjAwMDNGMDQzRTA0MzQwNDQwMDQzMDA0MzcwNDNEMDQzODA0M0EwNDU2MDQzMjA0MkUwMA0K</FormattedText>
						</VariantText>
					</Variants>
				</Task>
				<!-- ***** -->
				<Task Type="TYPE_TASK_CHOICE_SINGLE" Score="1">
					<Title/>
					<QuestionText>
						<PlainText>Якими із наступних ознак характеризується зовнішнє гальмування?</PlainText>
						<FormattedText>LTggMSAzIDINCi05IDEgMCAwIDAgMCAxMw0KOTYNCi05IDIgMCAwIDAgMCAxDQoNCjBFMDEwOTUzNzQ3OTZDNjU0RTYxNkQ2NTA2MEI0RTZGNzI2RDYxNkMyMDc0NjU3ODc0MEE1MzY5N0E2NTQ0NkY3NTYyNkM2NTAyMUMwODQ2NkY2RTc0NEU2MTZENjUwNjBGNTQ2OTZENjU3MzIwNEU2NTc3MjA1MjZGNkQ2MTZFMDc1NTZFNjk2MzZGNjQ2NTA5MDQ1MzY5N0E2NTAyMEUwMDAxMDg1Mzc0NjE2RTY0NjE3MjY0MDgwNzQzNjg2MTcyNzM2NTc0MDcwRjUyNTU1MzUzNDk0MTRFNUY0MzQ4NDE1MjUzNDU1NDBBNTM2OTdBNjU0NDZGNzU2MjZDNjUwMjFDMDg0NjZGNkU3NDRFNjE2RDY1MDYwRjU0Njk2RDY1NzMyMDRFNjU3NzIwNTI2RjZENjE2RTA3NTU2RTY5NjM2RjY0NjUwOTA0NTM2OTdBNjUwMjBFMDAwMA0KLTkgMiAwIDAgMCAwIDINCg0KMEUwMTA0NTQ2MTYyNzMwRTAwMDAwMTA4NTM3NDYxNkU2NDYxNzI2NDA4MDk0MTZDNjk2NzZFNkQ2NTZFNzQwNzBBNzI3NjYxNEE3NTczNzQ2OTY2NzkwNDU0NjE2MjczMEUwMDAwMDANCi05IDIgMCAwIDAgMCA0DQoNCjBFMDANCi05IDAgMCAwIDAgMCA3DQoxIDIgMSA4IDMgMA0KMkYwNDNBMDQzODA0M0MwNDM4MDQyMDAwNTYwNDM3MDQyMDAwM0QwNDMwMDQ0MTA0NDIwNDQzMDQzRjA0M0QwNDM4MDQ0NTA0MjAwMDNFMDQzNzA0M0QwNDMwMDQzQTA0MjAwMDQ1MDQzMDA0NDAwNDMwMDQzQTA0NDIwNDM1MDQ0MDA0MzgwNDM3MDQ0MzA0NTQwNDQyMDQ0QzA0NDEwNDRGMDQyMDAwMzcwNDNFMDQzMjA0M0QwNDU2MDQ0ODA0M0QwNDU0MDQyMDAwMzMwNDMwMDQzQjA0NEMwNDNDMDQ0MzA0MzIwNDMwMDQzRDA0M0QwNDRGMDQzRjAwDQoNCg==</FormattedText>
					</QuestionText>
					<Options>
						<IsAllowRandom>true</IsAllowRandom>
						<IsCompulsory>false</IsCompulsory>
						<IsOnlyForEduMode>false</IsOnlyForEduMode>
						<IsDenyPartially>false</IsDenyPartially>
					</Options>
					<Variants>
						<VariantText CorrectAnswer="False">
							<PlainText>Передається у спадок, зберігається протягом усього життя.</PlainText>
							<FormattedText>LTggMSAzIDINCi05IDEgMCAwIDAgMCAxMw0KOTYNCi05IDIgMCAwIDAgMCAxDQoNCjBFMDEwOTUzNzQ3OTZDNjU0RTYxNkQ2NTA2MEI0RTZGNzI2RDYxNkMyMDc0NjU3ODc0MEE1MzY5N0E2NTQ0NkY3NTYyNkM2NTAyMUMwODQ2NkY2RTc0NEU2MTZENjUwNjBGNTQ2OTZENjU3MzIwNEU2NTc3MjA1MjZGNkQ2MTZFMDc1NTZFNjk2MzZGNjQ2NTA5MDQ1MzY5N0E2NTAyMEUwMDAxMDg1Mzc0NjE2RTY0NjE3MjY0MDgwNzQzNjg2MTcyNzM2NTc0MDcwRjUyNTU1MzUzNDk0MTRFNUY0MzQ4NDE1MjUzNDU1NDBBNTM2OTdBNjU0NDZGNzU2MjZDNjUwMjFDMDg0NjZGNkU3NDRFNjE2RDY1MDYwRjU0Njk2RDY1NzMyMDRFNjU3NzIwNTI2RjZENjE2RTA3NTU2RTY5NjM2RjY0NjUwOTA0NTM2OTdBNjUwMjBFMDAwMA0KLTkgMiAwIDAgMCAwIDINCg0KMEUwMTA0NTQ2MTYyNzMwRTAwMDAwMA0KLTkgMiAwIDAgMCAwIDQNCg0KMEUwMA0KLTkgMCAwIDAgMCAwIDcNCjEgMSAwIDggMyAwDQoxRjA0MzUwNDQwMDQzNTA0MzQwNDMwMDQ1NDA0NDIwNDRDMDQ0MTA0NEYwNDIwMDA0MzA0MjAwMDQxMDQzRjA0MzAwNDM0MDQzRTA0M0EwNDJDMDAyMDAwMzcwNDMxMDQzNTA0NDAwNDU2MDQzMzA0MzAwNDU0MDQ0MjA0NEMwNDQxMDQ0RjA0MjAwMDNGMDQ0MDA0M0UwNDQyMDQ0RjA0MzMwNDNFMDQzQzA0MjAwMDQzMDQ0MTA0NEMwNDNFMDQzMzA0M0UwNDIwMDAzNjA0MzgwNDQyMDQ0MjA0NEYwNDJFMDANCg==</FormattedText>
						</VariantText>
						<VariantText CorrectAnswer="False">
							<PlainText>Виникає при диференціюванні близьких за значенням сигналів.</PlainText>
							<FormattedText>LTggMSAzIDINCi05IDEgMCAwIDAgMCAxMw0KOTYNCi05IDIgMCAwIDAgMCAxDQoNCjBFMDEwOTUzNzQ3OTZDNjU0RTYxNkQ2NTA2MEI0RTZGNzI2RDYxNkMyMDc0NjU3ODc0MEE1MzY5N0E2NTQ0NkY3NTYyNkM2NTAyMUMwODQ2NkY2RTc0NEU2MTZENjUwNjBGNTQ2OTZENjU3MzIwNEU2NTc3MjA1MjZGNkQ2MTZFMDc1NTZFNjk2MzZGNjQ2NTA5MDQ1MzY5N0E2NTAyMEUwMDAxMDg1Mzc0NjE2RTY0NjE3MjY0MDgwNzQzNjg2MTcyNzM2NTc0MDcwRjUyNTU1MzUzNDk0MTRFNUY0MzQ4NDE1MjUzNDU1NDBBNTM2OTdBNjU0NDZGNzU2MjZDNjUwMjFDMDg0NjZGNkU3NDRFNjE2RDY1MDYwRjU0Njk2RDY1NzMyMDRFNjU3NzIwNTI2RjZENjE2RTA3NTU2RTY5NjM2RjY0NjUwOTA0NTM2OTdBNjUwMjBFMDAwMA0KLTkgMiAwIDAgMCAwIDINCg0KMEUwMTA0NTQ2MTYyNzMwRTAwMDAwMA0KLTkgMiAwIDAgMCAwIDQNCg0KMEUwMA0KLTkgMCAwIDAgMCAwIDcNCjEgMSAwIDggMyAwDQoxMjA0MzgwNDNEMDQzODA0M0EwNDMwMDQ1NDA0MjAwMDNGMDQ0MDA0MzgwNDIwMDAzNDA0MzgwNDQ0MDQzNTA0NDAwNDM1MDQzRDA0NDYwNDU2MDQ0RTA0MzIwNDMwMDQzRDA0M0QwNDU2MDQyMDAwMzEwNDNCMDQzODA0MzcwNDRDMDQzQTA0MzgwNDQ1MDQyMDAwMzcwNDMwMDQyMDAwMzcwNDNEMDQzMDA0NDcwNDM1MDQzRDA0M0QwNDRGMDQzQzA0MjAwMDQxMDQzODA0MzMwNDNEMDQzMDA0M0IwNDU2MDQzMjA0MkUwMA0K</FormattedText>
						</VariantText>
						<VariantText CorrectAnswer="False">
							<PlainText>Виявляється в особливих умовах при непідкріплені.</PlainText>
							<FormattedText>LTggMSAzIDINCi05IDEgMCAwIDAgMCAxMw0KOTYNCi05IDIgMCAwIDAgMCAxDQoNCjBFMDEwOTUzNzQ3OTZDNjU0RTYxNkQ2NTA2MEI0RTZGNzI2RDYxNkMyMDc0NjU3ODc0MEE1MzY5N0E2NTQ0NkY3NTYyNkM2NTAyMUMwODQ2NkY2RTc0NEU2MTZENjUwNjBGNTQ2OTZENjU3MzIwNEU2NTc3MjA1MjZGNkQ2MTZFMDc1NTZFNjk2MzZGNjQ2NTA5MDQ1MzY5N0E2NTAyMEUwMDAxMDg1Mzc0NjE2RTY0NjE3MjY0MDgwNzQzNjg2MTcyNzM2NTc0MDcwRjUyNTU1MzUzNDk0MTRFNUY0MzQ4NDE1MjUzNDU1NDBBNTM2OTdBNjU0NDZGNzU2MjZDNjUwMjFDMDg0NjZGNkU3NDRFNjE2RDY1MDYwRjU0Njk2RDY1NzMyMDRFNjU3NzIwNTI2RjZENjE2RTA3NTU2RTY5NjM2RjY0NjUwOTA0NTM2OTdBNjUwMjBFMDAwMA0KLTkgMiAwIDAgMCAwIDINCg0KMEUwMTA0NTQ2MTYyNzMwRTAwMDAwMA0KLTkgMiAwIDAgMCAwIDQNCg0KMEUwMA0KLTkgMCAwIDAgMCAwIDcNCjEgMSAwIDggMyAwDQoxMjA0MzgwNDRGMDQzMjA0M0IwNDRGMDQ1NDA0NDIwNDRDMDQ0MTA0NEYwNDIwMDAzMjA0MjAwMDNFMDQ0MTA0M0UwNDMxMDQzQjA0MzgwNDMyMDQzODA0NDUwNDIwMDA0MzA0M0MwNDNFMDQzMjA0MzAwNDQ1MDQyMDAwM0YwNDQwMDQzODA0MjAwMDNEMDQzNTA0M0YwNDU2MDQzNDA0M0EwNDQwMDQ1NjA0M0YwNDNCMDQzNTA0M0QwNDU2MDQyRTAwDQo=</FormattedText>
						</VariantText>
						<VariantText CorrectAnswer="True">
							<PlainText>Не потребує вироблення, має зворотній характер.</PlainText>
							<FormattedText>LTggMSAzIDINCi05IDEgMCAwIDAgMCAxMw0KOTYNCi05IDIgMCAwIDAgMCAxDQoNCjBFMDEwOTUzNzQ3OTZDNjU0RTYxNkQ2NTA2MEI0RTZGNzI2RDYxNkMyMDc0NjU3ODc0MEE1MzY5N0E2NTQ0NkY3NTYyNkM2NTAyMUMwODQ2NkY2RTc0NEU2MTZENjUwNjBGNTQ2OTZENjU3MzIwNEU2NTc3MjA1MjZGNkQ2MTZFMDc1NTZFNjk2MzZGNjQ2NTA5MDQ1MzY5N0E2NTAyMEUwMDAxMDg1Mzc0NjE2RTY0NjE3MjY0MDgwNzQzNjg2MTcyNzM2NTc0MDcwRjUyNTU1MzUzNDk0MTRFNUY0MzQ4NDE1MjUzNDU1NDBBNTM2OTdBNjU0NDZGNzU2MjZDNjUwMjFDMDg0NjZGNkU3NDRFNjE2RDY1MDYwRjU0Njk2RDY1NzMyMDRFNjU3NzIwNTI2RjZENjE2RTA3NTU2RTY5NjM2RjY0NjUwOTA0NTM2OTdBNjUwMjBFMDAwMA0KLTkgMiAwIDAgMCAwIDINCg0KMEUwMTA0NTQ2MTYyNzMwRTAwMDAwMA0KLTkgMiAwIDAgMCAwIDQNCg0KMEUwMA0KLTkgMCAwIDAgMCAwIDcNCjEgMSAwIDggMyAwDQoyMDAwMUQwNDM1MDQyMDAwM0YwNDNFMDQ0MjA0NDAwNDM1MDQzMTA0NDMwNDU0MDQyMDAwMzIwNDM4MDQ0MDA0M0UwNDMxMDQzQjA0MzUwNDNEMDQzRDA0NEYwNDJDMDAyMDAwM0MwNDMwMDQ1NDA0MjAwMDM3MDQzMjA0M0UwNDQwMDQzRTA0NDIwNDNEMDQ1NjA0MzkwNDIwMDA0NTA0MzAwNDQwMDQzMDA0M0EwNDQyMDQzNTA0NDAwNDJFMDANCg==</FormattedText>
						</VariantText>
						<VariantText CorrectAnswer="False">
							<PlainText>Виробляється в онтогенезі, має стійкий характер.</PlainText>
							<FormattedText>LTggMSAzIDINCi05IDEgMCAwIDAgMCAxMw0KOTYNCi05IDIgMCAwIDAgMCAxDQoNCjBFMDEwOTUzNzQ3OTZDNjU0RTYxNkQ2NTA2MEI0RTZGNzI2RDYxNkMyMDc0NjU3ODc0MEE1MzY5N0E2NTQ0NkY3NTYyNkM2NTAyMUMwODQ2NkY2RTc0NEU2MTZENjUwNjBGNTQ2OTZENjU3MzIwNEU2NTc3MjA1MjZGNkQ2MTZFMDc1NTZFNjk2MzZGNjQ2NTA5MDQ1MzY5N0E2NTAyMEUwMDAxMDg1Mzc0NjE2RTY0NjE3MjY0MDgwNzQzNjg2MTcyNzM2NTc0MDcwRjUyNTU1MzUzNDk0MTRFNUY0MzQ4NDE1MjUzNDU1NDBBNTM2OTdBNjU0NDZGNzU2MjZDNjUwMjFDMDg0NjZGNkU3NDRFNjE2RDY1MDYwRjU0Njk2RDY1NzMyMDRFNjU3NzIwNTI2RjZENjE2RTA3NTU2RTY5NjM2RjY0NjUwOTA0NTM2OTdBNjUwMjBFMDAwMA0KLTkgMiAwIDAgMCAwIDINCg0KMEUwMTA0NTQ2MTYyNzMwRTAwMDAwMA0KLTkgMiAwIDAgMCAwIDQNCg0KMEUwMA0KLTkgMCAwIDAgMCAwIDcNCjEgMSAwIDggMyAwDQoxMjA0MzgwNDQwMDQzRTA0MzEwNDNCMDQ0RjA0NTQwNDQyMDQ0QzA0NDEwNDRGMDQyMDAwMzIwNDIwMDAzRTA0M0QwNDQyMDQzRTA0MzMwNDM1MDQzRDA0MzUwNDM3MDQ1NjA0MkMwMDIwMDAzQzA0MzAwNDU0MDQyMDAwNDEwNDQyMDQ1NjA0MzkwNDNBMDQzODA0MzkwNDIwMDA0NTA0MzAwNDQwMDQzMDA0M0EwNDQyMDQzNTA0NDAwNDJFMDANCg==</FormattedText>
						</VariantText>
					</Variants>
				</Task>
				<!-- ***** -->
				<Task Type="TYPE_TASK_CHOICE_SINGLE" Score="1">
					<Title/>
					<QuestionText>
						<PlainText>Якими із наступних ознак характеризується внутрішнє гальмування?</PlainText>
						<FormattedText>LTggMSAzIDINCi05IDEgMCAwIDAgMCAxMw0KOTYNCi05IDIgMCAwIDAgMCAxDQoNCjBFMDEwOTUzNzQ3OTZDNjU0RTYxNkQ2NTA2MEI0RTZGNzI2RDYxNkMyMDc0NjU3ODc0MEE1MzY5N0E2NTQ0NkY3NTYyNkM2NTAyMUMwODQ2NkY2RTc0NEU2MTZENjUwNjBGNTQ2OTZENjU3MzIwNEU2NTc3MjA1MjZGNkQ2MTZFMDc1NTZFNjk2MzZGNjQ2NTA5MDQ1MzY5N0E2NTAyMEUwMDAxMDg1Mzc0NjE2RTY0NjE3MjY0MDgwNzQzNjg2MTcyNzM2NTc0MDcwRjUyNTU1MzUzNDk0MTRFNUY0MzQ4NDE1MjUzNDU1NDBBNTM2OTdBNjU0NDZGNzU2MjZDNjUwMjFDMDg0NjZGNkU3NDRFNjE2RDY1MDYwRjU0Njk2RDY1NzMyMDRFNjU3NzIwNTI2RjZENjE2RTA3NTU2RTY5NjM2RjY0NjUwOTA0NTM2OTdBNjUwMjBFMDAwMA0KLTkgMiAwIDAgMCAwIDINCg0KMEUwMTA0NTQ2MTYyNzMwRTAwMDAwMTA4NTM3NDYxNkU2NDYxNzI2NDA4MDk0MTZDNjk2NzZFNkQ2NTZFNzQwNzBBNzI3NjYxNEE3NTczNzQ2OTY2NzkwNDU0NjE2MjczMEUwMDAwMDANCi05IDIgMCAwIDAgMCA0DQoNCjBFMDANCi05IDAgMCAwIDAgMCA3DQoxIDIgMSA4IDMgMA0KMkYwNDNBMDQzODA0M0MwNDM4MDQyMDAwNTYwNDM3MDQyMDAwM0QwNDMwMDQ0MTA0NDIwNDQzMDQzRjA0M0QwNDM4MDQ0NTA0MjAwMDNFMDQzNzA0M0QwNDMwMDQzQTA0MjAwMDQ1MDQzMDA0NDAwNDMwMDQzQTA0NDIwNDM1MDQ0MDA0MzgwNDM3MDQ0MzA0NTQwNDQyMDQ0QzA0NDEwNDRGMDQyMDAwMzIwNDNEMDQ0MzA0NDIwNDQwMDQ1NjA0NDgwNDNEMDQ1NDA0MjAwMDMzMDQzMDA0M0IwNDRDMDQzQzA0NDMwNDMyMDQzMDA0M0QwNDNEMDQ0RjA0M0YwMA0KDQo=</FormattedText>
					</QuestionText>
					<Options>
						<IsAllowRandom>true</IsAllowRandom>
						<IsCompulsory>false</IsCompulsory>
						<IsOnlyForEduMode>false</IsOnlyForEduMode>
						<IsDenyPartially>false</IsDenyPartially>
					</Options>
					<Variants>
						<VariantText CorrectAnswer="True">
							<PlainText>Порушується просторово-часова структура міжнейрональних взаємодій.</PlainText>
							<FormattedText>LTggMSAzIDINCi05IDEgMCAwIDAgMCAxMw0KOTYNCi05IDIgMCAwIDAgMCAxDQoNCjBFMDEwOTUzNzQ3OTZDNjU0RTYxNkQ2NTA2MEI0RTZGNzI2RDYxNkMyMDc0NjU3ODc0MEE1MzY5N0E2NTQ0NkY3NTYyNkM2NTAyMUMwODQ2NkY2RTc0NEU2MTZENjUwNjBGNTQ2OTZENjU3MzIwNEU2NTc3MjA1MjZGNkQ2MTZFMDc1NTZFNjk2MzZGNjQ2NTA5MDQ1MzY5N0E2NTAyMEUwMDAxMDg1Mzc0NjE2RTY0NjE3MjY0MDgwNzQzNjg2MTcyNzM2NTc0MDcwRjUyNTU1MzUzNDk0MTRFNUY0MzQ4NDE1MjUzNDU1NDBBNTM2OTdBNjU0NDZGNzU2MjZDNjUwMjFDMDg0NjZGNkU3NDRFNjE2RDY1MDYwRjU0Njk2RDY1NzMyMDRFNjU3NzIwNTI2RjZENjE2RTA3NTU2RTY5NjM2RjY0NjUwOTA0NTM2OTdBNjUwMjBFMDAwMA0KLTkgMiAwIDAgMCAwIDINCg0KMEUwMTA0NTQ2MTYyNzMwRTAwMDAwMA0KLTkgMiAwIDAgMCAwIDQNCg0KMEUwMA0KLTkgMCAwIDAgMCAwIDcNCjEgMSAwIDggMyAwDQoyMDAwMUYwNDNFMDQ0MDA0NDMwNDQ4MDQ0MzA0NTQwNDQyMDQ0QzA0NDEwNDRGMDQyMDAwM0YwNDQwMDQzRTA0NDEwNDQyMDQzRTA0NDAwNDNFMDQzMjA0M0UwNDJEMDA0NzA0MzAwNDQxMDQzRTA0MzIwNDMwMDQyMDAwNDEwNDQyMDQ0MDA0NDMwNDNBMDQ0MjA0NDMwNDQwMDQzMDA0MjAwMDNDMDQ1NjA0MzYwNDNEMDQzNTA0MzkwNDQwMDQzRTA0M0QwNDMwMDQzQjA0NEMwNDNEMDQzODA0NDUwNDIwMDAzMjA0MzcwNDMwMDQ1NDA0M0MwNDNFMDQzNDA0NTYwNDM5MDQyRTAwDQo=</FormattedText>
						</VariantText>
						<VariantText CorrectAnswer="False">
							<PlainText>Не потребує вироблення, має зворотній характер.</PlainText>
							<FormattedText>LTggMSAzIDINCi05IDEgMCAwIDAgMCAxMw0KOTYNCi05IDIgMCAwIDAgMCAxDQoNCjBFMDEwOTUzNzQ3OTZDNjU0RTYxNkQ2NTA2MEI0RTZGNzI2RDYxNkMyMDc0NjU3ODc0MEE1MzY5N0E2NTQ0NkY3NTYyNkM2NTAyMUMwODQ2NkY2RTc0NEU2MTZENjUwNjBGNTQ2OTZENjU3MzIwNEU2NTc3MjA1MjZGNkQ2MTZFMDc1NTZFNjk2MzZGNjQ2NTA5MDQ1MzY5N0E2NTAyMEUwMDAxMDg1Mzc0NjE2RTY0NjE3MjY0MDgwNzQzNjg2MTcyNzM2NTc0MDcwRjUyNTU1MzUzNDk0MTRFNUY0MzQ4NDE1MjUzNDU1NDBBNTM2OTdBNjU0NDZGNzU2MjZDNjUwMjFDMDg0NjZGNkU3NDRFNjE2RDY1MDYwRjU0Njk2RDY1NzMyMDRFNjU3NzIwNTI2RjZENjE2RTA3NTU2RTY5NjM2RjY0NjUwOTA0NTM2OTdBNjUwMjBFMDAwMA0KLTkgMiAwIDAgMCAwIDINCg0KMEUwMTA0NTQ2MTYyNzMwRTAwMDAwMA0KLTkgMiAwIDAgMCAwIDQNCg0KMEUwMA0KLTkgMCAwIDAgMCAwIDcNCjEgMSAwIDggMyAwDQoxRDA0MzUwNDIwMDAzRjA0M0UwNDQyMDQ0MDA0MzUwNDMxMDQ0MzA0NTQwNDIwMDAzMjA0MzgwNDQwMDQzRTA0MzEwNDNCMDQzNTA0M0QwNDNEMDQ0RjA0MkMwMDIwMDAzQzA0MzAwNDU0MDQyMDAwMzcwNDMyMDQzRTA0NDAwNDNFMDQ0MjA0M0QwNDU2MDQzOTA0MjAwMDQ1MDQzMDA0NDAwNDMwMDQzQTA0NDIwNDM1MDQ0MDA0MkUwMA0K</FormattedText>
						</VariantText>
						<VariantText CorrectAnswer="False">
							<PlainText>Виробляється в онтогенезі, має стійкий характер.</PlainText>
							<FormattedText>LTggMSAzIDINCi05IDEgMCAwIDAgMCAxMw0KOTYNCi05IDIgMCAwIDAgMCAxDQoNCjBFMDEwOTUzNzQ3OTZDNjU0RTYxNkQ2NTA2MEI0RTZGNzI2RDYxNkMyMDc0NjU3ODc0MEE1MzY5N0E2NTQ0NkY3NTYyNkM2NTAyMUMwODQ2NkY2RTc0NEU2MTZENjUwNjBGNTQ2OTZENjU3MzIwNEU2NTc3MjA1MjZGNkQ2MTZFMDc1NTZFNjk2MzZGNjQ2NTA5MDQ1MzY5N0E2NTAyMEUwMDAxMDg1Mzc0NjE2RTY0NjE3MjY0MDgwNzQzNjg2MTcyNzM2NTc0MDcwRjUyNTU1MzUzNDk0MTRFNUY0MzQ4NDE1MjUzNDU1NDBBNTM2OTdBNjU0NDZGNzU2MjZDNjUwMjFDMDg0NjZGNkU3NDRFNjE2RDY1MDYwRjU0Njk2RDY1NzMyMDRFNjU3NzIwNTI2RjZENjE2RTA3NTU2RTY5NjM2RjY0NjUwOTA0NTM2OTdBNjUwMjBFMDAwMA0KLTkgMiAwIDAgMCAwIDINCg0KMEUwMTA0NTQ2MTYyNzMwRTAwMDAwMA0KLTkgMiAwIDAgMCAwIDQNCg0KMEUwMA0KLTkgMCAwIDAgMCAwIDcNCjEgMSAwIDggMyAwDQoxMjA0MzgwNDQwMDQzRTA0MzEwNDNCMDQ0RjA0NTQwNDQyMDQ0QzA0NDEwNDRGMDQyMDAwMzIwNDIwMDAzRTA0M0QwNDQyMDQzRTA0MzMwNDM1MDQzRDA0MzUwNDM3MDQ1NjA0MkMwMDIwMDAzQzA0MzAwNDU0MDQyMDAwNDEwNDQyMDQ1NjA0MzkwNDNBMDQzODA0MzkwNDIwMDA0NTA0MzAwNDQwMDQzMDA0M0EwNDQyMDQzNTA0NDAwNDJFMDANCg==</FormattedText>
						</VariantText>
						<VariantText CorrectAnswer="False">
							<PlainText>Передається у спадок, зберігається протягом усього життя.</PlainText>
							<FormattedText>LTggMSAzIDINCi05IDEgMCAwIDAgMCAxMw0KOTYNCi05IDIgMCAwIDAgMCAxDQoNCjBFMDEwOTUzNzQ3OTZDNjU0RTYxNkQ2NTA2MEI0RTZGNzI2RDYxNkMyMDc0NjU3ODc0MEE1MzY5N0E2NTQ0NkY3NTYyNkM2NTAyMUMwODQ2NkY2RTc0NEU2MTZENjUwNjBGNTQ2OTZENjU3MzIwNEU2NTc3MjA1MjZGNkQ2MTZFMDc1NTZFNjk2MzZGNjQ2NTA5MDQ1MzY5N0E2NTAyMEUwMDAxMDg1Mzc0NjE2RTY0NjE3MjY0MDgwNzQzNjg2MTcyNzM2NTc0MDcwRjUyNTU1MzUzNDk0MTRFNUY0MzQ4NDE1MjUzNDU1NDBBNTM2OTdBNjU0NDZGNzU2MjZDNjUwMjFDMDg0NjZGNkU3NDRFNjE2RDY1MDYwRjU0Njk2RDY1NzMyMDRFNjU3NzIwNTI2RjZENjE2RTA3NTU2RTY5NjM2RjY0NjUwOTA0NTM2OTdBNjUwMjBFMDAwMA0KLTkgMiAwIDAgMCAwIDINCg0KMEUwMTA0NTQ2MTYyNzMwRTAwMDAwMA0KLTkgMiAwIDAgMCAwIDQNCg0KMEUwMA0KLTkgMCAwIDAgMCAwIDcNCjEgMSAwIDggMyAwDQoxRjA0MzUwNDQwMDQzNTA0MzQwNDMwMDQ1NDA0NDIwNDRDMDQ0MTA0NEYwNDIwMDA0MzA0MjAwMDQxMDQzRjA0MzAwNDM0MDQzRTA0M0EwNDJDMDAyMDAwMzcwNDMxMDQzNTA0NDAwNDU2MDQzMzA0MzAwNDU0MDQ0MjA0NEMwNDQxMDQ0RjA0MjAwMDNGMDQ0MDA0M0UwNDQyMDQ0RjA0MzMwNDNFMDQzQzA0MjAwMDQzMDQ0MTA0NEMwNDNFMDQzMzA0M0UwNDIwMDAzNjA0MzgwNDQyMDQ0MjA0NEYwNDJFMDANCg==</FormattedText>
						</VariantText>
						<VariantText CorrectAnswer="False">
							<PlainText>Виникає при дії надзвичайно сильних умовних сигналів.</PlainText>
							<FormattedText>LTggMSAzIDINCi05IDEgMCAwIDAgMCAxMw0KOTYNCi05IDIgMCAwIDAgMCAxDQoNCjBFMDEwOTUzNzQ3OTZDNjU0RTYxNkQ2NTA2MEI0RTZGNzI2RDYxNkMyMDc0NjU3ODc0MEE1MzY5N0E2NTQ0NkY3NTYyNkM2NTAyMUMwODQ2NkY2RTc0NEU2MTZENjUwNjBGNTQ2OTZENjU3MzIwNEU2NTc3MjA1MjZGNkQ2MTZFMDc1NTZFNjk2MzZGNjQ2NTA5MDQ1MzY5N0E2NTAyMEUwMDAxMDg1Mzc0NjE2RTY0NjE3MjY0MDgwNzQzNjg2MTcyNzM2NTc0MDcwRjUyNTU1MzUzNDk0MTRFNUY0MzQ4NDE1MjUzNDU1NDBBNTM2OTdBNjU0NDZGNzU2MjZDNjUwMjFDMDg0NjZGNkU3NDRFNjE2RDY1MDYwRjU0Njk2RDY1NzMyMDRFNjU3NzIwNTI2RjZENjE2RTA3NTU2RTY5NjM2RjY0NjUwOTA0NTM2OTdBNjUwMjBFMDAwMA0KLTkgMiAwIDAgMCAwIDINCg0KMEUwMTA0NTQ2MTYyNzMwRTAwMDAwMA0KLTkgMiAwIDAgMCAwIDQNCg0KMEUwMA0KLTkgMCAwIDAgMCAwIDcNCjEgMSAwIDggMyAwDQoxMjA0MzgwNDNEMDQzODA0M0EwNDMwMDQ1NDA0MjAwMDNGMDQ0MDA0MzgwNDIwMDAzNDA0NTYwNDU3MDQyMDAwM0QwNDMwMDQzNDA0MzcwNDMyMDQzODA0NDcwNDMwMDQzOTA0M0QwNDNFMDQyMDAwNDEwNDM4MDQzQjA0NEMwNDNEMDQzODA0NDUwNDIwMDA0MzA0M0MwNDNFMDQzMjA0M0QwNDM4MDQ0NTA0MjAwMDQxMDQzODA0MzMwNDNEMDQzMDA0M0IwNDU2MDQzMjA0MkUwMA0K</FormattedText>
						</VariantText>
					</Variants>
				</Task>
				<!-- ***** -->
				<Task Type="TYPE_TASK_CHOICE_SINGLE" Score="1">
					<Title/>
					<QuestionText>
						<PlainText>До зовнішнього гальмування відноситься:</PlainText>
						<FormattedText>LTggMSAzIDINCi05IDEgMCAwIDAgMCAxMw0KOTYNCi05IDIgMCAwIDAgMCAxDQoNCjBFMDEwOTUzNzQ3OTZDNjU0RTYxNkQ2NTA2MEI0RTZGNzI2RDYxNkMyMDc0NjU3ODc0MEE1MzY5N0E2NTQ0NkY3NTYyNkM2NTAyMUMwODQ2NkY2RTc0NEU2MTZENjUwNjBGNTQ2OTZENjU3MzIwNEU2NTc3MjA1MjZGNkQ2MTZFMDc1NTZFNjk2MzZGNjQ2NTA5MDQ1MzY5N0E2NTAyMEUwMDAxMDg1Mzc0NjE2RTY0NjE3MjY0MDgwNzQzNjg2MTcyNzM2NTc0MDcwRjUyNTU1MzUzNDk0MTRFNUY0MzQ4NDE1MjUzNDU1NDBBNTM2OTdBNjU0NDZGNzU2MjZDNjUwMjFDMDg0NjZGNkU3NDRFNjE2RDY1MDYwRjU0Njk2RDY1NzMyMDRFNjU3NzIwNTI2RjZENjE2RTA3NTU2RTY5NjM2RjY0NjUwOTA0NTM2OTdBNjUwMjBFMDAwMA0KLTkgMiAwIDAgMCAwIDINCg0KMEUwMTA0NTQ2MTYyNzMwRTAwMDAwMTA4NTM3NDYxNkU2NDYxNzI2NDA4MDk0MTZDNjk2NzZFNkQ2NTZFNzQwNzBBNzI3NjYxNEE3NTczNzQ2OTY2NzkwNDU0NjE2MjczMEUwMDAwMDANCi05IDIgMCAwIDAgMCA0DQoNCjBFMDANCi05IDAgMCAwIDAgMCA3DQoxIDIgMSA4IDMgMA0KMTQwNDNFMDQyMDAwMzcwNDNFMDQzMjA0M0QwNDU2MDQ0ODA0M0QwNDRDMDQzRTA0MzMwNDNFMDQyMDAwMzMwNDMwMDQzQjA0NEMwNDNDMDQ0MzA0MzIwNDMwMDQzRDA0M0QwNDRGMDQyMDAwMzIwNDU2MDQzNDA0M0QwNDNFMDQ0MTA0MzgwNDQyMDQ0QzA0NDEwNDRGMDQzQTAwDQoNCg==</FormattedText>
					</QuestionText>
					<Options>
						<IsAllowRandom>true</IsAllowRandom>
						<IsCompulsory>false</IsCompulsory>
						<IsOnlyForEduMode>false</IsOnlyForEduMode>
						<IsDenyPartially>false</IsDenyPartially>
					</Options>
					<Variants>
						<VariantText CorrectAnswer="False">
							<PlainText>Диференційоване.</PlainText>
							<FormattedText>LTggMSAzIDINCi05IDEgMCAwIDAgMCAxMw0KOTYNCi05IDIgMCAwIDAgMCAxDQoNCjBFMDEwOTUzNzQ3OTZDNjU0RTYxNkQ2NTA2MEI0RTZGNzI2RDYxNkMyMDc0NjU3ODc0MEE1MzY5N0E2NTQ0NkY3NTYyNkM2NTAyMUMwODQ2NkY2RTc0NEU2MTZENjUwNjBGNTQ2OTZENjU3MzIwNEU2NTc3MjA1MjZGNkQ2MTZFMDc1NTZFNjk2MzZGNjQ2NTA5MDQ1MzY5N0E2NTAyMEUwMDAxMDg1Mzc0NjE2RTY0NjE3MjY0MDgwNzQzNjg2MTcyNzM2NTc0MDcwRjUyNTU1MzUzNDk0MTRFNUY0MzQ4NDE1MjUzNDU1NDBBNTM2OTdBNjU0NDZGNzU2MjZDNjUwMjFDMDg0NjZGNkU3NDRFNjE2RDY1MDYwRjU0Njk2RDY1NzMyMDRFNjU3NzIwNTI2RjZENjE2RTA3NTU2RTY5NjM2RjY0NjUwOTA0NTM2OTdBNjUwMjBFMDAwMA0KLTkgMiAwIDAgMCAwIDINCg0KMEUwMTA0NTQ2MTYyNzMwRTAwMDAwMA0KLTkgMiAwIDAgMCAwIDQNCg0KMEUwMA0KLTkgMCAwIDAgMCAwIDcNCjEgMSAwIDggMyAwDQoxNDA0MzgwNDQ0MDQzNTA0NDAwNDM1MDQzRDA0NDYwNDU2MDQzOTA0M0UwNDMyMDQzMDA0M0QwNDM1MDQyRTAwDQo=</FormattedText>
						</VariantText>
						<VariantText CorrectAnswer="True">
							<PlainText>Позамежне.</PlainText>
							<FormattedText>LTggMSAzIDINCi05IDEgMCAwIDAgMCAxMw0KOTYNCi05IDIgMCAwIDAgMCAxDQoNCjBFMDEwOTUzNzQ3OTZDNjU0RTYxNkQ2NTA2MEI0RTZGNzI2RDYxNkMyMDc0NjU3ODc0MEE1MzY5N0E2NTQ0NkY3NTYyNkM2NTAyMUMwODQ2NkY2RTc0NEU2MTZENjUwNjBGNTQ2OTZENjU3MzIwNEU2NTc3MjA1MjZGNkQ2MTZFMDc1NTZFNjk2MzZGNjQ2NTA5MDQ1MzY5N0E2NTAyMEUwMDAxMDg1Mzc0NjE2RTY0NjE3MjY0MDgwNzQzNjg2MTcyNzM2NTc0MDcwRjUyNTU1MzUzNDk0MTRFNUY0MzQ4NDE1MjUzNDU1NDBBNTM2OTdBNjU0NDZGNzU2MjZDNjUwMjFDMDg0NjZGNkU3NDRFNjE2RDY1MDYwRjU0Njk2RDY1NzMyMDRFNjU3NzIwNTI2RjZENjE2RTA3NTU2RTY5NjM2RjY0NjUwOTA0NTM2OTdBNjUwMjBFMDAwMA0KLTkgMiAwIDAgMCAwIDINCg0KMEUwMTA0NTQ2MTYyNzMwRTAwMDAwMA0KLTkgMiAwIDAgMCAwIDQNCg0KMEUwMA0KLTkgMCAwIDAgMCAwIDcNCjEgMSAwIDggMyAwDQoxRjA0M0UwNDM3MDQzMDA0M0MwNDM1MDQzNjA0M0QwNDM1MDQyRTAwDQo=</FormattedText>
						</VariantText>
						<VariantText CorrectAnswer="False">
							<PlainText>Запізнювальне.</PlainText>
							<FormattedText>LTggMSAzIDINCi05IDEgMCAwIDAgMCAxMw0KOTYNCi05IDIgMCAwIDAgMCAxDQoNCjBFMDEwOTUzNzQ3OTZDNjU0RTYxNkQ2NTA2MEI0RTZGNzI2RDYxNkMyMDc0NjU3ODc0MEE1MzY5N0E2NTQ0NkY3NTYyNkM2NTAyMUMwODQ2NkY2RTc0NEU2MTZENjUwNjBGNTQ2OTZENjU3MzIwNEU2NTc3MjA1MjZGNkQ2MTZFMDc1NTZFNjk2MzZGNjQ2NTA5MDQ1MzY5N0E2NTAyMEUwMDAxMDg1Mzc0NjE2RTY0NjE3MjY0MDgwNzQzNjg2MTcyNzM2NTc0MDcwRjUyNTU1MzUzNDk0MTRFNUY0MzQ4NDE1MjUzNDU1NDBBNTM2OTdBNjU0NDZGNzU2MjZDNjUwMjFDMDg0NjZGNkU3NDRFNjE2RDY1MDYwRjU0Njk2RDY1NzMyMDRFNjU3NzIwNTI2RjZENjE2RTA3NTU2RTY5NjM2RjY0NjUwOTA0NTM2OTdBNjUwMjBFMDAwMA0KLTkgMiAwIDAgMCAwIDINCg0KMEUwMTA0NTQ2MTYyNzMwRTAwMDAwMA0KLTkgMiAwIDAgMCAwIDQNCg0KMEUwMA0KLTkgMCAwIDAgMCAwIDcNCjEgMSAwIDggMyAwDQoxNzA0MzAwNDNGMDQ1NjA0MzcwNDNEMDQ0RTA0MzIwNDMwMDQzQjA0NEMwNDNEMDQzNTA0MkUwMA0K</FormattedText>
						</VariantText>
						<VariantText CorrectAnswer="False">
							<PlainText>Умовно гальмівне.</PlainText>
							<FormattedText>LTggMSAzIDINCi05IDEgMCAwIDAgMCAxMw0KOTYNCi05IDIgMCAwIDAgMCAxDQoNCjBFMDEwOTUzNzQ3OTZDNjU0RTYxNkQ2NTA2MEI0RTZGNzI2RDYxNkMyMDc0NjU3ODc0MEE1MzY5N0E2NTQ0NkY3NTYyNkM2NTAyMUMwODQ2NkY2RTc0NEU2MTZENjUwNjBGNTQ2OTZENjU3MzIwNEU2NTc3MjA1MjZGNkQ2MTZFMDc1NTZFNjk2MzZGNjQ2NTA5MDQ1MzY5N0E2NTAyMEUwMDAxMDg1Mzc0NjE2RTY0NjE3MjY0MDgwNzQzNjg2MTcyNzM2NTc0MDcwRjUyNTU1MzUzNDk0MTRFNUY0MzQ4NDE1MjUzNDU1NDBBNTM2OTdBNjU0NDZGNzU2MjZDNjUwMjFDMDg0NjZGNkU3NDRFNjE2RDY1MDYwRjU0Njk2RDY1NzMyMDRFNjU3NzIwNTI2RjZENjE2RTA3NTU2RTY5NjM2RjY0NjUwOTA0NTM2OTdBNjUwMjBFMDAwMA0KLTkgMiAwIDAgMCAwIDINCg0KMEUwMTA0NTQ2MTYyNzMwRTAwMDAwMA0KLTkgMiAwIDAgMCAwIDQNCg0KMEUwMA0KLTkgMCAwIDAgMCAwIDcNCjEgMSAwIDggMyAwDQoyMzA0M0MwNDNFMDQzMjA0M0QwNDNFMDQyMDAwMzMwNDMwMDQzQjA0NEMwNDNDMDQ1NjA0MzIwNDNEMDQzNTA0MkUwMA0K</FormattedText>
						</VariantText>
						<VariantText CorrectAnswer="False">
							<PlainText>Згасаюче.</PlainText>
							<FormattedText>LTggMSAzIDINCi05IDEgMCAwIDAgMCAxMw0KOTYNCi05IDIgMCAwIDAgMCAxDQoNCjBFMDEwOTUzNzQ3OTZDNjU0RTYxNkQ2NTA2MEI0RTZGNzI2RDYxNkMyMDc0NjU3ODc0MEE1MzY5N0E2NTQ0NkY3NTYyNkM2NTAyMUMwODQ2NkY2RTc0NEU2MTZENjUwNjBGNTQ2OTZENjU3MzIwNEU2NTc3MjA1MjZGNkQ2MTZFMDc1NTZFNjk2MzZGNjQ2NTA5MDQ1MzY5N0E2NTAyMEUwMDAxMDg1Mzc0NjE2RTY0NjE3MjY0MDgwNzQzNjg2MTcyNzM2NTc0MDcwRjUyNTU1MzUzNDk0MTRFNUY0MzQ4NDE1MjUzNDU1NDBBNTM2OTdBNjU0NDZGNzU2MjZDNjUwMjFDMDg0NjZGNkU3NDRFNjE2RDY1MDYwRjU0Njk2RDY1NzMyMDRFNjU3NzIwNTI2RjZENjE2RTA3NTU2RTY5NjM2RjY0NjUwOTA0NTM2OTdBNjUwMjBFMDAwMA0KLTkgMiAwIDAgMCAwIDINCg0KMEUwMTA0NTQ2MTYyNzMwRTAwMDAwMA0KLTkgMiAwIDAgMCAwIDQNCg0KMEUwMA0KLTkgMCAwIDAgMCAwIDcNCjEgMSAwIDggMyAwDQoxNzA0MzMwNDMwMDQ0MTA0MzAwNDRFMDQ0NzA0MzUwNDJFMDANCg==</FormattedText>
						</VariantText>
					</Variants>
				</Task>
				<!-- ***** -->
				<Task Type="TYPE_TASK_CHOICE_SINGLE" Score="1">
					<Title/>
					<QuestionText>
						<PlainText>До якого виду гальмування відноситься переривання поточної умовно-рефлекторної діяльності під час орієнтовної реакції?</PlainText>
						<FormattedText>LTggMSAzIDINCi05IDEgMCAwIDAgMCAxMw0KOTYNCi05IDIgMCAwIDAgMCAxDQoNCjBFMDEwOTUzNzQ3OTZDNjU0RTYxNkQ2NTA2MEI0RTZGNzI2RDYxNkMyMDc0NjU3ODc0MEE1MzY5N0E2NTQ0NkY3NTYyNkM2NTAyMUMwODQ2NkY2RTc0NEU2MTZENjUwNjBGNTQ2OTZENjU3MzIwNEU2NTc3MjA1MjZGNkQ2MTZFMDc1NTZFNjk2MzZGNjQ2NTA5MDQ1MzY5N0E2NTAyMEUwMDAxMDg1Mzc0NjE2RTY0NjE3MjY0MDgwNzQzNjg2MTcyNzM2NTc0MDcwRjUyNTU1MzUzNDk0MTRFNUY0MzQ4NDE1MjUzNDU1NDBBNTM2OTdBNjU0NDZGNzU2MjZDNjUwMjFDMDg0NjZGNkU3NDRFNjE2RDY1MDYwRjU0Njk2RDY1NzMyMDRFNjU3NzIwNTI2RjZENjE2RTA3NTU2RTY5NjM2RjY0NjUwOTA0NTM2OTdBNjUwMjBFMDAwMA0KLTkgMiAwIDAgMCAwIDINCg0KMEUwMTA0NTQ2MTYyNzMwRTAwMDAwMTA4NTM3NDYxNkU2NDYxNzI2NDA4MDk0MTZDNjk2NzZFNkQ2NTZFNzQwNzBBNzI3NjYxNEE3NTczNzQ2OTY2NzkwNDU0NjE2MjczMEUwMDAwMDANCi05IDIgMCAwIDAgMCA0DQoNCjBFMDANCi05IDAgMCAwIDAgMCA3DQoxIDIgMSA4IDMgMA0KMTQwNDNFMDQyMDAwNEYwNDNBMDQzRTA0MzMwNDNFMDQyMDAwMzIwNDM4MDQzNDA0NDMwNDIwMDAzMzA0MzAwNDNCMDQ0QzA0M0MwNDQzMDQzMjA0MzAwNDNEMDQzRDA0NEYwNDIwMDAzMjA0NTYwNDM0MDQzRDA0M0UwNDQxMDQzODA0NDIwNDRDMDQ0MTA0NEYwNDIwMDAzRjA0MzUwNDQwMDQzNTA0NDAwNDM4MDQzMjA0MzAwNDNEMDQzRDA0NEYwNDIwMDAzRjA0M0UwNDQyMDQzRTA0NDcwNDNEMDQzRTA0NTcwNDIwMDA0MzA0M0MwNDNFMDQzMjA0M0QwNDNFMDQyRDAwNDAwNDM1MDQ0NDA0M0IwNDM1MDQzQTA0NDIwNDNFMDQ0MDA0M0QwNDNFMDQ1NzA0MjAwMDM0MDQ1NjA0NEYwNDNCMDQ0QzA0M0QwNDNFMDQ0MTA0NDIwNDU2MDQyMDAwM0YwNDU2MDQzNDA0MjAwMDQ3MDQzMDA0NDEwNDIwMDAzRTA0NDAwNDU2MDQ1NDA0M0QwNDQyMDQzRTA0MzIwNDNEMDQzRTA0NTcwNDIwMDA0MDA0MzUwNDMwMDQzQTA0NDYwNDU2MDQ1NzA0M0YwMA0KDQo=</FormattedText>
					</QuestionText>
					<Options>
						<IsAllowRandom>true</IsAllowRandom>
						<IsCompulsory>false</IsCompulsory>
						<IsOnlyForEduMode>false</IsOnlyForEduMode>
						<IsDenyPartially>false</IsDenyPartially>
					</Options>
					<Variants>
						<VariantText CorrectAnswer="False">
							<PlainText>Умовного.</PlainText>
							<FormattedText>LTggMSAzIDINCi05IDEgMCAwIDAgMCAxMw0KOTYNCi05IDIgMCAwIDAgMCAxDQoNCjBFMDEwOTUzNzQ3OTZDNjU0RTYxNkQ2NTA2MEI0RTZGNzI2RDYxNkMyMDc0NjU3ODc0MEE1MzY5N0E2NTQ0NkY3NTYyNkM2NTAyMUMwODQ2NkY2RTc0NEU2MTZENjUwNjBGNTQ2OTZENjU3MzIwNEU2NTc3MjA1MjZGNkQ2MTZFMDc1NTZFNjk2MzZGNjQ2NTA5MDQ1MzY5N0E2NTAyMEUwMDAxMDg1Mzc0NjE2RTY0NjE3MjY0MDgwNzQzNjg2MTcyNzM2NTc0MDcwRjUyNTU1MzUzNDk0MTRFNUY0MzQ4NDE1MjUzNDU1NDBBNTM2OTdBNjU0NDZGNzU2MjZDNjUwMjFDMDg0NjZGNkU3NDRFNjE2RDY1MDYwRjU0Njk2RDY1NzMyMDRFNjU3NzIwNTI2RjZENjE2RTA3NTU2RTY5NjM2RjY0NjUwOTA0NTM2OTdBNjUwMjBFMDAwMA0KLTkgMiAwIDAgMCAwIDINCg0KMEUwMTA0NTQ2MTYyNzMwRTAwMDAwMA0KLTkgMiAwIDAgMCAwIDQNCg0KMEUwMA0KLTkgMCAwIDAgMCAwIDcNCjEgMSAwIDggMyAwDQoyMzA0M0MwNDNFMDQzMjA0M0QwNDNFMDQzMzA0M0UwNDJFMDANCg==</FormattedText>
						</VariantText>
						<VariantText CorrectAnswer="False">
							<PlainText>Диференційованого.</PlainText>
							<FormattedText>LTggMSAzIDINCi05IDEgMCAwIDAgMCAxMw0KOTYNCi05IDIgMCAwIDAgMCAxDQoNCjBFMDEwOTUzNzQ3OTZDNjU0RTYxNkQ2NTA2MEI0RTZGNzI2RDYxNkMyMDc0NjU3ODc0MEE1MzY5N0E2NTQ0NkY3NTYyNkM2NTAyMUMwODQ2NkY2RTc0NEU2MTZENjUwNjBGNTQ2OTZENjU3MzIwNEU2NTc3MjA1MjZGNkQ2MTZFMDc1NTZFNjk2MzZGNjQ2NTA5MDQ1MzY5N0E2NTAyMEUwMDAxMDg1Mzc0NjE2RTY0NjE3MjY0MDgwNzQzNjg2MTcyNzM2NTc0MDcwRjUyNTU1MzUzNDk0MTRFNUY0MzQ4NDE1MjUzNDU1NDBBNTM2OTdBNjU0NDZGNzU2MjZDNjUwMjFDMDg0NjZGNkU3NDRFNjE2RDY1MDYwRjU0Njk2RDY1NzMyMDRFNjU3NzIwNTI2RjZENjE2RTA3NTU2RTY5NjM2RjY0NjUwOTA0NTM2OTdBNjUwMjBFMDAwMA0KLTkgMiAwIDAgMCAwIDINCg0KMEUwMTA0NTQ2MTYyNzMwRTAwMDAwMA0KLTkgMiAwIDAgMCAwIDQNCg0KMEUwMA0KLTkgMCAwIDAgMCAwIDcNCjEgMSAwIDggMyAwDQoxNDA0MzgwNDQ0MDQzNTA0NDAwNDM1MDQzRDA0NDYwNDU2MDQzOTA0M0UwNDMyMDQzMDA0M0QwNDNFMDQzMzA0M0UwNDJFMDANCg==</FormattedText>
						</VariantText>
						<VariantText CorrectAnswer="True">
							<PlainText>Безумовного.</PlainText>
							<FormattedText>LTggMSAzIDINCi05IDEgMCAwIDAgMCAxMw0KOTYNCi05IDIgMCAwIDAgMCAxDQoNCjBFMDEwOTUzNzQ3OTZDNjU0RTYxNkQ2NTA2MEI0RTZGNzI2RDYxNkMyMDc0NjU3ODc0MEE1MzY5N0E2NTQ0NkY3NTYyNkM2NTAyMUMwODQ2NkY2RTc0NEU2MTZENjUwNjBGNTQ2OTZENjU3MzIwNEU2NTc3MjA1MjZGNkQ2MTZFMDc1NTZFNjk2MzZGNjQ2NTA5MDQ1MzY5N0E2NTAyMEUwMDAxMDg1Mzc0NjE2RTY0NjE3MjY0MDgwNzQzNjg2MTcyNzM2NTc0MDcwRjUyNTU1MzUzNDk0MTRFNUY0MzQ4NDE1MjUzNDU1NDBBNTM2OTdBNjU0NDZGNzU2MjZDNjUwMjFDMDg0NjZGNkU3NDRFNjE2RDY1MDYwRjU0Njk2RDY1NzMyMDRFNjU3NzIwNTI2RjZENjE2RTA3NTU2RTY5NjM2RjY0NjUwOTA0NTM2OTdBNjUwMjBFMDAwMA0KLTkgMiAwIDAgMCAwIDINCg0KMEUwMTA0NTQ2MTYyNzMwRTAwMDAwMA0KLTkgMiAwIDAgMCAwIDQNCg0KMEUwMA0KLTkgMCAwIDAgMCAwIDcNCjEgMSAwIDggMyAwDQoxMTA0MzUwNDM3MDQ0MzA0M0MwNDNFMDQzMjA0M0QwNDNFMDQzMzA0M0UwNDJFMDANCg==</FormattedText>
						</VariantText>
						<VariantText CorrectAnswer="False">
							<PlainText>Умовно гальмівного.</PlainText>
							<FormattedText>LTggMSAzIDINCi05IDEgMCAwIDAgMCAxMw0KOTYNCi05IDIgMCAwIDAgMCAxDQoNCjBFMDEwOTUzNzQ3OTZDNjU0RTYxNkQ2NTA2MEI0RTZGNzI2RDYxNkMyMDc0NjU3ODc0MEE1MzY5N0E2NTQ0NkY3NTYyNkM2NTAyMUMwODQ2NkY2RTc0NEU2MTZENjUwNjBGNTQ2OTZENjU3MzIwNEU2NTc3MjA1MjZGNkQ2MTZFMDc1NTZFNjk2MzZGNjQ2NTA5MDQ1MzY5N0E2NTAyMEUwMDAxMDg1Mzc0NjE2RTY0NjE3MjY0MDgwNzQzNjg2MTcyNzM2NTc0MDcwRjUyNTU1MzUzNDk0MTRFNUY0MzQ4NDE1MjUzNDU1NDBBNTM2OTdBNjU0NDZGNzU2MjZDNjUwMjFDMDg0NjZGNkU3NDRFNjE2RDY1MDYwRjU0Njk2RDY1NzMyMDRFNjU3NzIwNTI2RjZENjE2RTA3NTU2RTY5NjM2RjY0NjUwOTA0NTM2OTdBNjUwMjBFMDAwMA0KLTkgMiAwIDAgMCAwIDINCg0KMEUwMTA0NTQ2MTYyNzMwRTAwMDAwMA0KLTkgMiAwIDAgMCAwIDQNCg0KMEUwMA0KLTkgMCAwIDAgMCAwIDcNCjEgMSAwIDggMyAwDQoyMzA0M0MwNDNFMDQzMjA0M0QwNDNFMDQyMDAwMzMwNDMwMDQzQjA0NEMwNDNDMDQ1NjA0MzIwNDNEMDQzRTA0MzMwNDNFMDQyRTAwDQo=</FormattedText>
						</VariantText>
						<VariantText CorrectAnswer="False">
							<PlainText>Позамежного.</PlainText>
							<FormattedText>LTggMSAzIDINCi05IDEgMCAwIDAgMCAxMw0KOTYNCi05IDIgMCAwIDAgMCAxDQoNCjBFMDEwOTUzNzQ3OTZDNjU0RTYxNkQ2NTA2MEI0RTZGNzI2RDYxNkMyMDc0NjU3ODc0MEE1MzY5N0E2NTQ0NkY3NTYyNkM2NTAyMUMwODQ2NkY2RTc0NEU2MTZENjUwNjBGNTQ2OTZENjU3MzIwNEU2NTc3MjA1MjZGNkQ2MTZFMDc1NTZFNjk2MzZGNjQ2NTA5MDQ1MzY5N0E2NTAyMEUwMDAxMDg1Mzc0NjE2RTY0NjE3MjY0MDgwNzQzNjg2MTcyNzM2NTc0MDcwRjUyNTU1MzUzNDk0MTRFNUY0MzQ4NDE1MjUzNDU1NDBBNTM2OTdBNjU0NDZGNzU2MjZDNjUwMjFDMDg0NjZGNkU3NDRFNjE2RDY1MDYwRjU0Njk2RDY1NzMyMDRFNjU3NzIwNTI2RjZENjE2RTA3NTU2RTY5NjM2RjY0NjUwOTA0NTM2OTdBNjUwMjBFMDAwMA0KLTkgMiAwIDAgMCAwIDINCg0KMEUwMTA0NTQ2MTYyNzMwRTAwMDAwMA0KLTkgMiAwIDAgMCAwIDQNCg0KMEUwMA0KLTkgMCAwIDAgMCAwIDcNCjEgMSAwIDggMyAwDQoxRjA0M0UwNDM3MDQzMDA0M0MwNDM1MDQzNjA0M0QwNDNFMDQzMzA0M0UwNDJFMDANCg==</FormattedText>
						</VariantText>
					</Variants>
				</Task>
				<!-- ***** -->
				<Task Type="TYPE_TASK_CHOICE_SINGLE" Score="1">
					<Title/>
					<QuestionText>
						<PlainText>До якого виду гальмування відноситься припинення умовно рефлекторної реакції при втраті сигнального значення умовного подразника?</PlainText>
						<FormattedText>LTggMSAzIDINCi05IDEgMCAwIDAgMCAxMw0KOTYNCi05IDIgMCAwIDAgMCAxDQoNCjBFMDEwOTUzNzQ3OTZDNjU0RTYxNkQ2NTA2MEI0RTZGNzI2RDYxNkMyMDc0NjU3ODc0MEE1MzY5N0E2NTQ0NkY3NTYyNkM2NTAyMUMwODQ2NkY2RTc0NEU2MTZENjUwNjBGNTQ2OTZENjU3MzIwNEU2NTc3MjA1MjZGNkQ2MTZFMDc1NTZFNjk2MzZGNjQ2NTA5MDQ1MzY5N0E2NTAyMEUwMDAxMDg1Mzc0NjE2RTY0NjE3MjY0MDgwNzQzNjg2MTcyNzM2NTc0MDcwRjUyNTU1MzUzNDk0MTRFNUY0MzQ4NDE1MjUzNDU1NDBBNTM2OTdBNjU0NDZGNzU2MjZDNjUwMjFDMDg0NjZGNkU3NDRFNjE2RDY1MDYwRjU0Njk2RDY1NzMyMDRFNjU3NzIwNTI2RjZENjE2RTA3NTU2RTY5NjM2RjY0NjUwOTA0NTM2OTdBNjUwMjBFMDAwMA0KLTkgMiAwIDAgMCAwIDINCg0KMEUwMTA0NTQ2MTYyNzMwRTAwMDAwMTA4NTM3NDYxNkU2NDYxNzI2NDA4MDk0MTZDNjk2NzZFNkQ2NTZFNzQwNzBBNzI3NjYxNEE3NTczNzQ2OTY2NzkwNDU0NjE2MjczMEUwMDAwMDANCi05IDIgMCAwIDAgMCA0DQoNCjBFMDANCi05IDAgMCAwIDAgMCA3DQoxIDIgMSA4IDMgMA0KMTQwNDNFMDQyMDAwNEYwNDNBMDQzRTA0MzMwNDNFMDQyMDAwMzIwNDM4MDQzNDA0NDMwNDIwMDAzMzA0MzAwNDNCMDQ0QzA0M0MwNDQzMDQzMjA0MzAwNDNEMDQzRDA0NEYwNDIwMDAzMjA0NTYwNDM0MDQzRDA0M0UwNDQxMDQzODA0NDIwNDRDMDQ0MTA0NEYwNDIwMDAzRjA0NDAwNDM4MDQzRjA0MzgwNDNEMDQzNTA0M0QwNDNEMDQ0RjA0MjAwMDQzMDQzQzA0M0UwNDMyMDQzRDA0M0UwNDIwMDA0MDA0MzUwNDQ0MDQzQjA0MzUwNDNBMDQ0MjA0M0UwNDQwMDQzRDA0M0UwNDU3MDQyMDAwNDAwNDM1MDQzMDA0M0EwNDQ2MDQ1NjA0NTcwNDIwMDAzRjA0NDAwNDM4MDQyMDAwMzIwNDQyMDQ0MDA0MzAwNDQyMDQ1NjA0MjAwMDQxMDQzODA0MzMwNDNEMDQzMDA0M0IwNDRDMDQzRDA0M0UwNDMzMDQzRTA0MjAwMDM3MDQzRDA0MzAwNDQ3MDQzNTA0M0QwNDNEMDQ0RjA0MjAwMDQzMDQzQzA0M0UwNDMyMDQzRDA0M0UwNDMzMDQzRTA0MjAwMDNGMDQzRTA0MzQwNDQwMDQzMDA0MzcwNDNEMDQzODA0M0EwNDMwMDQzRjAwDQoNCg==</FormattedText>
					</QuestionText>
					<Options>
						<IsAllowRandom>true</IsAllowRandom>
						<IsCompulsory>false</IsCompulsory>
						<IsOnlyForEduMode>false</IsOnlyForEduMode>
						<IsDenyPartially>false</IsDenyPartially>
					</Options>
					<Variants>
						<VariantText CorrectAnswer="False">
							<PlainText>Безумовного.</PlainText>
							<FormattedText>LTggMSAzIDINCi05IDEgMCAwIDAgMCAxMw0KOTYNCi05IDIgMCAwIDAgMCAxDQoNCjBFMDEwOTUzNzQ3OTZDNjU0RTYxNkQ2NTA2MEI0RTZGNzI2RDYxNkMyMDc0NjU3ODc0MEE1MzY5N0E2NTQ0NkY3NTYyNkM2NTAyMUMwODQ2NkY2RTc0NEU2MTZENjUwNjBGNTQ2OTZENjU3MzIwNEU2NTc3MjA1MjZGNkQ2MTZFMDc1NTZFNjk2MzZGNjQ2NTA5MDQ1MzY5N0E2NTAyMEUwMDAxMDg1Mzc0NjE2RTY0NjE3MjY0MDgwNzQzNjg2MTcyNzM2NTc0MDcwRjUyNTU1MzUzNDk0MTRFNUY0MzQ4NDE1MjUzNDU1NDBBNTM2OTdBNjU0NDZGNzU2MjZDNjUwMjFDMDg0NjZGNkU3NDRFNjE2RDY1MDYwRjU0Njk2RDY1NzMyMDRFNjU3NzIwNTI2RjZENjE2RTA3NTU2RTY5NjM2RjY0NjUwOTA0NTM2OTdBNjUwMjBFMDAwMA0KLTkgMiAwIDAgMCAwIDINCg0KMEUwMTA0NTQ2MTYyNzMwRTAwMDAwMA0KLTkgMiAwIDAgMCAwIDQNCg0KMEUwMA0KLTkgMCAwIDAgMCAwIDcNCjEgMSAwIDggMyAwDQoyMDAwMTEwNDM1MDQzNzA0NDMwNDNDMDQzRTA0MzIwNDNEMDQzRTA0MzMwNDNFMDQyRTAwDQo=</FormattedText>
						</VariantText>
						<VariantText CorrectAnswer="False">
							<PlainText>Диференційованого.</PlainText>
							<FormattedText>LTggMSAzIDINCi05IDEgMCAwIDAgMCAxMw0KOTYNCi05IDIgMCAwIDAgMCAxDQoNCjBFMDEwOTUzNzQ3OTZDNjU0RTYxNkQ2NTA2MEI0RTZGNzI2RDYxNkMyMDc0NjU3ODc0MEE1MzY5N0E2NTQ0NkY3NTYyNkM2NTAyMUMwODQ2NkY2RTc0NEU2MTZENjUwNjBGNTQ2OTZENjU3MzIwNEU2NTc3MjA1MjZGNkQ2MTZFMDc1NTZFNjk2MzZGNjQ2NTA5MDQ1MzY5N0E2NTAyMEUwMDAxMDg1Mzc0NjE2RTY0NjE3MjY0MDgwNzQzNjg2MTcyNzM2NTc0MDcwRjUyNTU1MzUzNDk0MTRFNUY0MzQ4NDE1MjUzNDU1NDBBNTM2OTdBNjU0NDZGNzU2MjZDNjUwMjFDMDg0NjZGNkU3NDRFNjE2RDY1MDYwRjU0Njk2RDY1NzMyMDRFNjU3NzIwNTI2RjZENjE2RTA3NTU2RTY5NjM2RjY0NjUwOTA0NTM2OTdBNjUwMjBFMDAwMA0KLTkgMiAwIDAgMCAwIDINCg0KMEUwMTA0NTQ2MTYyNzMwRTAwMDAwMA0KLTkgMiAwIDAgMCAwIDQNCg0KMEUwMA0KLTkgMCAwIDAgMCAwIDcNCjEgMSAwIDggMyAwDQoxNDA0MzgwNDQ0MDQzNTA0NDAwNDM1MDQzRDA0NDYwNDU2MDQzOTA0M0UwNDMyMDQzMDA0M0QwNDNFMDQzMzA0M0UwNDJFMDANCg==</FormattedText>
						</VariantText>
						<VariantText CorrectAnswer="False">
							<PlainText>Умовно гальмівного.</PlainText>
							<FormattedText>LTggMSAzIDINCi05IDEgMCAwIDAgMCAxMw0KOTYNCi05IDIgMCAwIDAgMCAxDQoNCjBFMDEwOTUzNzQ3OTZDNjU0RTYxNkQ2NTA2MEI0RTZGNzI2RDYxNkMyMDc0NjU3ODc0MEE1MzY5N0E2NTQ0NkY3NTYyNkM2NTAyMUMwODQ2NkY2RTc0NEU2MTZENjUwNjBGNTQ2OTZENjU3MzIwNEU2NTc3MjA1MjZGNkQ2MTZFMDc1NTZFNjk2MzZGNjQ2NTA5MDQ1MzY5N0E2NTAyMEUwMDAxMDg1Mzc0NjE2RTY0NjE3MjY0MDgwNzQzNjg2MTcyNzM2NTc0MDcwRjUyNTU1MzUzNDk0MTRFNUY0MzQ4NDE1MjUzNDU1NDBBNTM2OTdBNjU0NDZGNzU2MjZDNjUwMjFDMDg0NjZGNkU3NDRFNjE2RDY1MDYwRjU0Njk2RDY1NzMyMDRFNjU3NzIwNTI2RjZENjE2RTA3NTU2RTY5NjM2RjY0NjUwOTA0NTM2OTdBNjUwMjBFMDAwMA0KLTkgMiAwIDAgMCAwIDINCg0KMEUwMTA0NTQ2MTYyNzMwRTAwMDAwMA0KLTkgMiAwIDAgMCAwIDQNCg0KMEUwMA0KLTkgMCAwIDAgMCAwIDcNCjEgMSAwIDggMyAwDQoyMzA0M0MwNDNFMDQzMjA0M0QwNDNFMDQyMDAwMzMwNDMwMDQzQjA0NEMwNDNDMDQ1NjA0MzIwNDNEMDQzRTA0MzMwNDNFMDQyRTAwDQo=</FormattedText>
						</VariantText>
						<VariantText CorrectAnswer="True">
							<PlainText>Згасаючого.</PlainText>
							<FormattedText>LTggMSAzIDINCi05IDEgMCAwIDAgMCAxMw0KOTYNCi05IDIgMCAwIDAgMCAxDQoNCjBFMDEwOTUzNzQ3OTZDNjU0RTYxNkQ2NTA2MEI0RTZGNzI2RDYxNkMyMDc0NjU3ODc0MEE1MzY5N0E2NTQ0NkY3NTYyNkM2NTAyMUMwODQ2NkY2RTc0NEU2MTZENjUwNjBGNTQ2OTZENjU3MzIwNEU2NTc3MjA1MjZGNkQ2MTZFMDc1NTZFNjk2MzZGNjQ2NTA5MDQ1MzY5N0E2NTAyMEUwMDAxMDg1Mzc0NjE2RTY0NjE3MjY0MDgwNzQzNjg2MTcyNzM2NTc0MDcwRjUyNTU1MzUzNDk0MTRFNUY0MzQ4NDE1MjUzNDU1NDBBNTM2OTdBNjU0NDZGNzU2MjZDNjUwMjFDMDg0NjZGNkU3NDRFNjE2RDY1MDYwRjU0Njk2RDY1NzMyMDRFNjU3NzIwNTI2RjZENjE2RTA3NTU2RTY5NjM2RjY0NjUwOTA0NTM2OTdBNjUwMjBFMDAwMA0KLTkgMiAwIDAgMCAwIDINCg0KMEUwMTA0NTQ2MTYyNzMwRTAwMDAwMA0KLTkgMiAwIDAgMCAwIDQNCg0KMEUwMA0KLTkgMCAwIDAgMCAwIDcNCjEgMSAwIDggMyAwDQoxNzA0MzMwNDMwMDQ0MTA0MzAwNDRFMDQ0NzA0M0UwNDMzMDQzRTA0MkUwMA0K</FormattedText>
						</VariantText>
						<VariantText CorrectAnswer="False">
							<PlainText>Позамежного.</PlainText>
							<FormattedText>LTggMSAzIDINCi05IDEgMCAwIDAgMCAxMw0KOTYNCi05IDIgMCAwIDAgMCAxDQoNCjBFMDEwOTUzNzQ3OTZDNjU0RTYxNkQ2NTA2MEI0RTZGNzI2RDYxNkMyMDc0NjU3ODc0MEE1MzY5N0E2NTQ0NkY3NTYyNkM2NTAyMUMwODQ2NkY2RTc0NEU2MTZENjUwNjBGNTQ2OTZENjU3MzIwNEU2NTc3MjA1MjZGNkQ2MTZFMDc1NTZFNjk2MzZGNjQ2NTA5MDQ1MzY5N0E2NTAyMEUwMDAxMDg1Mzc0NjE2RTY0NjE3MjY0MDgwNzQzNjg2MTcyNzM2NTc0MDcwRjUyNTU1MzUzNDk0MTRFNUY0MzQ4NDE1MjUzNDU1NDBBNTM2OTdBNjU0NDZGNzU2MjZDNjUwMjFDMDg0NjZGNkU3NDRFNjE2RDY1MDYwRjU0Njk2RDY1NzMyMDRFNjU3NzIwNTI2RjZENjE2RTA3NTU2RTY5NjM2RjY0NjUwOTA0NTM2OTdBNjUwMjBFMDAwMA0KLTkgMiAwIDAgMCAwIDINCg0KMEUwMTA0NTQ2MTYyNzMwRTAwMDAwMA0KLTkgMiAwIDAgMCAwIDQNCg0KMEUwMA0KLTkgMCAwIDAgMCAwIDcNCjEgMSAwIDggMyAwDQoxRjA0M0UwNDM3MDQzMDA0M0MwNDM1MDQzNjA0M0QwNDNFMDQzMzA0M0UwNDJFMDANCg==</FormattedText>
						</VariantText>
					</Variants>
				</Task>
				<!-- ***** -->
				<Task Type="TYPE_TASK_CHOICE_SINGLE" Score="1">
					<Title/>
					<QuestionText>
						<PlainText>До якого виду гальмування відноситься припинення умовно рефлекторної реакції при модифікації сигнального значення умовного подразника?</PlainText>
						<FormattedText>LTggMSAzIDINCi05IDEgMCAwIDAgMCAxMw0KOTYNCi05IDIgMCAwIDAgMCAxDQoNCjBFMDEwOTUzNzQ3OTZDNjU0RTYxNkQ2NTA2MEI0RTZGNzI2RDYxNkMyMDc0NjU3ODc0MEE1MzY5N0E2NTQ0NkY3NTYyNkM2NTAyMUMwODQ2NkY2RTc0NEU2MTZENjUwNjBGNTQ2OTZENjU3MzIwNEU2NTc3MjA1MjZGNkQ2MTZFMDc1NTZFNjk2MzZGNjQ2NTA5MDQ1MzY5N0E2NTAyMEUwMDAxMDg1Mzc0NjE2RTY0NjE3MjY0MDgwNzQzNjg2MTcyNzM2NTc0MDcwRjUyNTU1MzUzNDk0MTRFNUY0MzQ4NDE1MjUzNDU1NDBBNTM2OTdBNjU0NDZGNzU2MjZDNjUwMjFDMDg0NjZGNkU3NDRFNjE2RDY1MDYwRjU0Njk2RDY1NzMyMDRFNjU3NzIwNTI2RjZENjE2RTA3NTU2RTY5NjM2RjY0NjUwOTA0NTM2OTdBNjUwMjBFMDAwMA0KLTkgMiAwIDAgMCAwIDINCg0KMEUwMTA0NTQ2MTYyNzMwRTAwMDAwMTA4NTM3NDYxNkU2NDYxNzI2NDA4MDk0MTZDNjk2NzZFNkQ2NTZFNzQwNzBBNzI3NjYxNEE3NTczNzQ2OTY2NzkwNDU0NjE2MjczMEUwMDAwMDANCi05IDIgMCAwIDAgMCA0DQoNCjBFMDANCi05IDAgMCAwIDAgMCA3DQoxIDIgMSA4IDMgMA0KMTQwNDNFMDQyMDAwNEYwNDNBMDQzRTA0MzMwNDNFMDQyMDAwMzIwNDM4MDQzNDA0NDMwNDIwMDAzMzA0MzAwNDNCMDQ0QzA0M0MwNDQzMDQzMjA0MzAwNDNEMDQzRDA0NEYwNDIwMDAzMjA0NTYwNDM0MDQzRDA0M0UwNDQxMDQzODA0NDIwNDRDMDQ0MTA0NEYwNDIwMDAzRjA0NDAwNDM4MDQzRjA0MzgwNDNEMDQzNTA0M0QwNDNEMDQ0RjA0MjAwMDQzMDQzQzA0M0UwNDMyMDQzRDA0M0UwNDIwMDA0MDA0MzUwNDQ0MDQzQjA0MzUwNDNBMDQ0MjA0M0UwNDQwMDQzRDA0M0UwNDU3MDQyMDAwNDAwNDM1MDQzMDA0M0EwNDQ2MDQ1NjA0NTcwNDIwMDAzRjA0NDAwNDM4MDQyMDAwM0MwNDNFMDQzNDA0MzgwNDQ0MDQ1NjA0M0EwNDMwMDQ0NjA0NTYwNDU3MDQyMDAwNDEwNDM4MDQzMzA0M0QwNDMwMDQzQjA0NEMwNDNEMDQzRTA0MzMwNDNFMDQyMDAwMzcwNDNEMDQzMDA0NDcwNDM1MDQzRDA0M0QwNDRGMDQyMDAwNDMwNDNDMDQzRTA0MzIwNDNEMDQzRTA0MzMwNDNFMDQyMDAwM0YwNDNFMDQzNDA0NDAwNDMwMDQzNzA0M0QwNDM4MDQzQTA0MzAwNDNGMDANCg0K</FormattedText>
					</QuestionText>
					<Options>
						<IsAllowRandom>true</IsAllowRandom>
						<IsCompulsory>false</IsCompulsory>
						<IsOnlyForEduMode>false</IsOnlyForEduMode>
						<IsDenyPartially>false</IsDenyPartially>
					</Options>
					<Variants>
						<VariantText CorrectAnswer="False">
							<PlainText>Безумовного.</PlainText>
							<FormattedText>LTggMSAzIDINCi05IDEgMCAwIDAgMCAxMw0KOTYNCi05IDIgMCAwIDAgMCAxDQoNCjBFMDEwOTUzNzQ3OTZDNjU0RTYxNkQ2NTA2MEI0RTZGNzI2RDYxNkMyMDc0NjU3ODc0MEE1MzY5N0E2NTQ0NkY3NTYyNkM2NTAyMUMwODQ2NkY2RTc0NEU2MTZENjUwNjBGNTQ2OTZENjU3MzIwNEU2NTc3MjA1MjZGNkQ2MTZFMDc1NTZFNjk2MzZGNjQ2NTA5MDQ1MzY5N0E2NTAyMEUwMDAxMDg1Mzc0NjE2RTY0NjE3MjY0MDgwNzQzNjg2MTcyNzM2NTc0MDcwRjUyNTU1MzUzNDk0MTRFNUY0MzQ4NDE1MjUzNDU1NDBBNTM2OTdBNjU0NDZGNzU2MjZDNjUwMjFDMDg0NjZGNkU3NDRFNjE2RDY1MDYwRjU0Njk2RDY1NzMyMDRFNjU3NzIwNTI2RjZENjE2RTA3NTU2RTY5NjM2RjY0NjUwOTA0NTM2OTdBNjUwMjBFMDAwMA0KLTkgMiAwIDAgMCAwIDINCg0KMEUwMTA0NTQ2MTYyNzMwRTAwMDAwMA0KLTkgMiAwIDAgMCAwIDQNCg0KMEUwMA0KLTkgMCAwIDAgMCAwIDcNCjEgMSAwIDggMyAwDQoxMTA0MzUwNDM3MDQ0MzA0M0MwNDNFMDQzMjA0M0QwNDNFMDQzMzA0M0UwNDJFMDANCg==</FormattedText>
						</VariantText>
						<VariantText CorrectAnswer="False">
							<PlainText>Позамежного.</PlainText>
							<FormattedText>LTggMSAzIDINCi05IDEgMCAwIDAgMCAxMw0KOTYNCi05IDIgMCAwIDAgMCAxDQoNCjBFMDEwOTUzNzQ3OTZDNjU0RTYxNkQ2NTA2MEI0RTZGNzI2RDYxNkMyMDc0NjU3ODc0MEE1MzY5N0E2NTQ0NkY3NTYyNkM2NTAyMUMwODQ2NkY2RTc0NEU2MTZENjUwNjBGNTQ2OTZENjU3MzIwNEU2NTc3MjA1MjZGNkQ2MTZFMDc1NTZFNjk2MzZGNjQ2NTA5MDQ1MzY5N0E2NTAyMEUwMDAxMDg1Mzc0NjE2RTY0NjE3MjY0MDgwNzQzNjg2MTcyNzM2NTc0MDcwRjUyNTU1MzUzNDk0MTRFNUY0MzQ4NDE1MjUzNDU1NDBBNTM2OTdBNjU0NDZGNzU2MjZDNjUwMjFDMDg0NjZGNkU3NDRFNjE2RDY1MDYwRjU0Njk2RDY1NzMyMDRFNjU3NzIwNTI2RjZENjE2RTA3NTU2RTY5NjM2RjY0NjUwOTA0NTM2OTdBNjUwMjBFMDAwMA0KLTkgMiAwIDAgMCAwIDINCg0KMEUwMTA0NTQ2MTYyNzMwRTAwMDAwMA0KLTkgMiAwIDAgMCAwIDQNCg0KMEUwMA0KLTkgMCAwIDAgMCAwIDcNCjEgMSAwIDggMyAwDQoxRjA0M0UwNDM3MDQzMDA0M0MwNDM1MDQzNjA0M0QwNDNFMDQzMzA0M0UwNDJFMDANCg==</FormattedText>
						</VariantText>
						<VariantText CorrectAnswer="False">
							<PlainText>Умовно гальмівного.</PlainText>
							<FormattedText>LTggMSAzIDINCi05IDEgMCAwIDAgMCAxMw0KOTYNCi05IDIgMCAwIDAgMCAxDQoNCjBFMDEwOTUzNzQ3OTZDNjU0RTYxNkQ2NTA2MEI0RTZGNzI2RDYxNkMyMDc0NjU3ODc0MEE1MzY5N0E2NTQ0NkY3NTYyNkM2NTAyMUMwODQ2NkY2RTc0NEU2MTZENjUwNjBGNTQ2OTZENjU3MzIwNEU2NTc3MjA1MjZGNkQ2MTZFMDc1NTZFNjk2MzZGNjQ2NTA5MDQ1MzY5N0E2NTAyMEUwMDAxMDg1Mzc0NjE2RTY0NjE3MjY0MDgwNzQzNjg2MTcyNzM2NTc0MDcwRjUyNTU1MzUzNDk0MTRFNUY0MzQ4NDE1MjUzNDU1NDBBNTM2OTdBNjU0NDZGNzU2MjZDNjUwMjFDMDg0NjZGNkU3NDRFNjE2RDY1MDYwRjU0Njk2RDY1NzMyMDRFNjU3NzIwNTI2RjZENjE2RTA3NTU2RTY5NjM2RjY0NjUwOTA0NTM2OTdBNjUwMjBFMDAwMA0KLTkgMiAwIDAgMCAwIDINCg0KMEUwMTA0NTQ2MTYyNzMwRTAwMDAwMA0KLTkgMiAwIDAgMCAwIDQNCg0KMEUwMA0KLTkgMCAwIDAgMCAwIDcNCjEgMSAwIDggMyAwDQoyMzA0M0MwNDNFMDQzMjA0M0QwNDNFMDQyMDAwMzMwNDMwMDQzQjA0NEMwNDNDMDQ1NjA0MzIwNDNEMDQzRTA0MzMwNDNFMDQyRTAwDQo=</FormattedText>
						</VariantText>
						<VariantText CorrectAnswer="False">
							<PlainText>Згасаючого.</PlainText>
							<FormattedText>LTggMSAzIDINCi05IDEgMCAwIDAgMCAxMw0KOTYNCi05IDIgMCAwIDAgMCAxDQoNCjBFMDEwOTUzNzQ3OTZDNjU0RTYxNkQ2NTA2MEI0RTZGNzI2RDYxNkMyMDc0NjU3ODc0MEE1MzY5N0E2NTQ0NkY3NTYyNkM2NTAyMUMwODQ2NkY2RTc0NEU2MTZENjUwNjBGNTQ2OTZENjU3MzIwNEU2NTc3MjA1MjZGNkQ2MTZFMDc1NTZFNjk2MzZGNjQ2NTA5MDQ1MzY5N0E2NTAyMEUwMDAxMDg1Mzc0NjE2RTY0NjE3MjY0MDgwNzQzNjg2MTcyNzM2NTc0MDcwRjUyNTU1MzUzNDk0MTRFNUY0MzQ4NDE1MjUzNDU1NDBBNTM2OTdBNjU0NDZGNzU2MjZDNjUwMjFDMDg0NjZGNkU3NDRFNjE2RDY1MDYwRjU0Njk2RDY1NzMyMDRFNjU3NzIwNTI2RjZENjE2RTA3NTU2RTY5NjM2RjY0NjUwOTA0NTM2OTdBNjUwMjBFMDAwMA0KLTkgMiAwIDAgMCAwIDINCg0KMEUwMTA0NTQ2MTYyNzMwRTAwMDAwMA0KLTkgMiAwIDAgMCAwIDQNCg0KMEUwMA0KLTkgMCAwIDAgMCAwIDcNCjEgMSAwIDggMyAwDQoxNzA0MzMwNDMwMDQ0MTA0MzAwNDRFMDQ0NzA0M0UwNDMzMDQzRTA0MkUwMA0K</FormattedText>
						</VariantText>
						<VariantText CorrectAnswer="True">
							<PlainText>Диференційованого.</PlainText>
							<FormattedText>LTggMSAzIDINCi05IDEgMCAwIDAgMCAxMw0KOTYNCi05IDIgMCAwIDAgMCAxDQoNCjBFMDEwOTUzNzQ3OTZDNjU0RTYxNkQ2NTA2MEI0RTZGNzI2RDYxNkMyMDc0NjU3ODc0MEE1MzY5N0E2NTQ0NkY3NTYyNkM2NTAyMUMwODQ2NkY2RTc0NEU2MTZENjUwNjBGNTQ2OTZENjU3MzIwNEU2NTc3MjA1MjZGNkQ2MTZFMDc1NTZFNjk2MzZGNjQ2NTA5MDQ1MzY5N0E2NTAyMEUwMDAxMDg1Mzc0NjE2RTY0NjE3MjY0MDgwNzQzNjg2MTcyNzM2NTc0MDcwRjUyNTU1MzUzNDk0MTRFNUY0MzQ4NDE1MjUzNDU1NDBBNTM2OTdBNjU0NDZGNzU2MjZDNjUwMjFDMDg0NjZGNkU3NDRFNjE2RDY1MDYwRjU0Njk2RDY1NzMyMDRFNjU3NzIwNTI2RjZENjE2RTA3NTU2RTY5NjM2RjY0NjUwOTA0NTM2OTdBNjUwMjBFMDAwMA0KLTkgMiAwIDAgMCAwIDINCg0KMEUwMTA0NTQ2MTYyNzMwRTAwMDAwMA0KLTkgMiAwIDAgMCAwIDQNCg0KMEUwMA0KLTkgMCAwIDAgMCAwIDcNCjEgMSAwIDggMyAwDQoxNDA0MzgwNDQ0MDQzNTA0NDAwNDM1MDQzRDA0NDYwNDU2MDQzOTA0M0UwNDMyMDQzMDA0M0QwNDNFMDQzMzA0M0UwNDJFMDANCg==</FormattedText>
						</VariantText>
					</Variants>
				</Task>
				<!-- ***** -->
				<Task Type="TYPE_TASK_CHOICE_SINGLE" Score="1">
					<Title/>
					<QuestionText>
						<PlainText>До якого виду гальмування відноситься припинення умовно рефлекторної реакції при збільшенні тимчасового інтервалу між умовним і безумовним подразниками?</PlainText>
						<FormattedText>LTggMSAzIDINCi05IDEgMCAwIDAgMCAxMw0KOTYNCi05IDIgMCAwIDAgMCAxDQoNCjBFMDEwOTUzNzQ3OTZDNjU0RTYxNkQ2NTA2MEI0RTZGNzI2RDYxNkMyMDc0NjU3ODc0MEE1MzY5N0E2NTQ0NkY3NTYyNkM2NTAyMUMwODQ2NkY2RTc0NEU2MTZENjUwNjBGNTQ2OTZENjU3MzIwNEU2NTc3MjA1MjZGNkQ2MTZFMDc1NTZFNjk2MzZGNjQ2NTA5MDQ1MzY5N0E2NTAyMEUwMDAxMDg1Mzc0NjE2RTY0NjE3MjY0MDgwNzQzNjg2MTcyNzM2NTc0MDcwRjUyNTU1MzUzNDk0MTRFNUY0MzQ4NDE1MjUzNDU1NDBBNTM2OTdBNjU0NDZGNzU2MjZDNjUwMjFDMDg0NjZGNkU3NDRFNjE2RDY1MDYwRjU0Njk2RDY1NzMyMDRFNjU3NzIwNTI2RjZENjE2RTA3NTU2RTY5NjM2RjY0NjUwOTA0NTM2OTdBNjUwMjBFMDAwMA0KLTkgMiAwIDAgMCAwIDINCg0KMEUwMTA0NTQ2MTYyNzMwRTAwMDAwMTA4NTM3NDYxNkU2NDYxNzI2NDA4MDk0MTZDNjk2NzZFNkQ2NTZFNzQwNzBBNzI3NjYxNEE3NTczNzQ2OTY2NzkwNDU0NjE2MjczMEUwMDAwMDANCi05IDIgMCAwIDAgMCA0DQoNCjBFMDANCi05IDAgMCAwIDAgMCA3DQoxIDIgMSA4IDMgMA0KMTQwNDNFMDQyMDAwNEYwNDNBMDQzRTA0MzMwNDNFMDQyMDAwMzIwNDM4MDQzNDA0NDMwNDIwMDAzMzA0MzAwNDNCMDQ0QzA0M0MwNDQzMDQzMjA0MzAwNDNEMDQzRDA0NEYwNDIwMDAzMjA0NTYwNDM0MDQzRDA0M0UwNDQxMDQzODA0NDIwNDRDMDQ0MTA0NEYwNDIwMDAzRjA0NDAwNDM4MDQzRjA0MzgwNDNEMDQzNTA0M0QwNDNEMDQ0RjA0MjAwMDQzMDQzQzA0M0UwNDMyMDQzRDA0M0UwNDIwMDA0MDA0MzUwNDQ0MDQzQjA0MzUwNDNBMDQ0MjA0M0UwNDQwMDQzRDA0M0UwNDU3MDQyMDAwNDAwNDM1MDQzMDA0M0EwNDQ2MDQ1NjA0NTcwNDIwMDAzRjA0NDAwNDM4MDQyMDAwMzcwNDMxMDQ1NjA0M0IwNDRDMDQ0ODA0MzUwNDNEMDQzRDA0NTYwNDIwMDA0MjA0MzgwNDNDMDQ0NzA0MzAwNDQxMDQzRTA0MzIwNDNFMDQzMzA0M0UwNDIwMDA1NjA0M0QwNDQyMDQzNTA0NDAwNDMyMDQzMDA0M0IwNDQzMDQyMDAwM0MwNDU2MDQzNjA0MjAwMDQzMDQzQzA0M0UwNDMyMDQzRDA0MzgwNDNDMDQyMDAwNTYwNDIwMDAzMTA0MzUwNDM3MDQ0MzA0M0MwNDNFMDQzMjA0M0QwNDM4MDQzQzA0MjAwMDNGMDQzRTA0MzQwNDQwMDQzMDA0MzcwNDNEMDQzODA0M0EwNDMwMDQzQzA0MzgwNDNGMDANCg0K</FormattedText>
					</QuestionText>
					<Options>
						<IsAllowRandom>true</IsAllowRandom>
						<IsCompulsory>false</IsCompulsory>
						<IsOnlyForEduMode>false</IsOnlyForEduMode>
						<IsDenyPartially>false</IsDenyPartially>
					</Options>
					<Variants>
						<VariantText CorrectAnswer="False">
							<PlainText>Диференційованого.</PlainText>
							<FormattedText>LTggMSAzIDINCi05IDEgMCAwIDAgMCAxMw0KOTYNCi05IDIgMCAwIDAgMCAxDQoNCjBFMDEwOTUzNzQ3OTZDNjU0RTYxNkQ2NTA2MEI0RTZGNzI2RDYxNkMyMDc0NjU3ODc0MEE1MzY5N0E2NTQ0NkY3NTYyNkM2NTAyMUMwODQ2NkY2RTc0NEU2MTZENjUwNjBGNTQ2OTZENjU3MzIwNEU2NTc3MjA1MjZGNkQ2MTZFMDc1NTZFNjk2MzZGNjQ2NTA5MDQ1MzY5N0E2NTAyMEUwMDAxMDg1Mzc0NjE2RTY0NjE3MjY0MDgwNzQzNjg2MTcyNzM2NTc0MDcwRjUyNTU1MzUzNDk0MTRFNUY0MzQ4NDE1MjUzNDU1NDBBNTM2OTdBNjU0NDZGNzU2MjZDNjUwMjFDMDg0NjZGNkU3NDRFNjE2RDY1MDYwRjU0Njk2RDY1NzMyMDRFNjU3NzIwNTI2RjZENjE2RTA3NTU2RTY5NjM2RjY0NjUwOTA0NTM2OTdBNjUwMjBFMDAwMA0KLTkgMiAwIDAgMCAwIDINCg0KMEUwMTA0NTQ2MTYyNzMwRTAwMDAwMA0KLTkgMiAwIDAgMCAwIDQNCg0KMEUwMA0KLTkgMCAwIDAgMCAwIDcNCjEgMSAwIDggMyAwDQoxNDA0MzgwNDQ0MDQzNTA0NDAwNDM1MDQzRDA0NDYwNDU2MDQzOTA0M0UwNDMyMDQzMDA0M0QwNDNFMDQzMzA0M0UwNDJFMDANCg==</FormattedText>
						</VariantText>
						<VariantText CorrectAnswer="False">
							<PlainText>Позамежного.</PlainText>
							<FormattedText>LTggMSAzIDINCi05IDEgMCAwIDAgMCAxMw0KOTYNCi05IDIgMCAwIDAgMCAxDQoNCjBFMDEwOTUzNzQ3OTZDNjU0RTYxNkQ2NTA2MEI0RTZGNzI2RDYxNkMyMDc0NjU3ODc0MEE1MzY5N0E2NTQ0NkY3NTYyNkM2NTAyMUMwODQ2NkY2RTc0NEU2MTZENjUwNjBGNTQ2OTZENjU3MzIwNEU2NTc3MjA1MjZGNkQ2MTZFMDc1NTZFNjk2MzZGNjQ2NTA5MDQ1MzY5N0E2NTAyMEUwMDAxMDg1Mzc0NjE2RTY0NjE3MjY0MDgwNzQzNjg2MTcyNzM2NTc0MDcwRjUyNTU1MzUzNDk0MTRFNUY0MzQ4NDE1MjUzNDU1NDBBNTM2OTdBNjU0NDZGNzU2MjZDNjUwMjFDMDg0NjZGNkU3NDRFNjE2RDY1MDYwRjU0Njk2RDY1NzMyMDRFNjU3NzIwNTI2RjZENjE2RTA3NTU2RTY5NjM2RjY0NjUwOTA0NTM2OTdBNjUwMjBFMDAwMA0KLTkgMiAwIDAgMCAwIDINCg0KMEUwMTA0NTQ2MTYyNzMwRTAwMDAwMA0KLTkgMiAwIDAgMCAwIDQNCg0KMEUwMA0KLTkgMCAwIDAgMCAwIDcNCjEgMSAwIDggMyAwDQoxRjA0M0UwNDM3MDQzMDA0M0MwNDM1MDQzNjA0M0QwNDNFMDQzMzA0M0UwNDJFMDANCg==</FormattedText>
						</VariantText>
						<VariantText CorrectAnswer="False">
							<PlainText>Умовно гальмівного.</PlainText>
							<FormattedText>LTggMSAzIDINCi05IDEgMCAwIDAgMCAxMw0KOTYNCi05IDIgMCAwIDAgMCAxDQoNCjBFMDEwOTUzNzQ3OTZDNjU0RTYxNkQ2NTA2MEI0RTZGNzI2RDYxNkMyMDc0NjU3ODc0MEE1MzY5N0E2NTQ0NkY3NTYyNkM2NTAyMUMwODQ2NkY2RTc0NEU2MTZENjUwNjBGNTQ2OTZENjU3MzIwNEU2NTc3MjA1MjZGNkQ2MTZFMDc1NTZFNjk2MzZGNjQ2NTA5MDQ1MzY5N0E2NTAyMEUwMDAxMDg1Mzc0NjE2RTY0NjE3MjY0MDgwNzQzNjg2MTcyNzM2NTc0MDcwRjUyNTU1MzUzNDk0MTRFNUY0MzQ4NDE1MjUzNDU1NDBBNTM2OTdBNjU0NDZGNzU2MjZDNjUwMjFDMDg0NjZGNkU3NDRFNjE2RDY1MDYwRjU0Njk2RDY1NzMyMDRFNjU3NzIwNTI2RjZENjE2RTA3NTU2RTY5NjM2RjY0NjUwOTA0NTM2OTdBNjUwMjBFMDAwMA0KLTkgMiAwIDAgMCAwIDINCg0KMEUwMTA0NTQ2MTYyNzMwRTAwMDAwMA0KLTkgMiAwIDAgMCAwIDQNCg0KMEUwMA0KLTkgMCAwIDAgMCAwIDcNCjEgMSAwIDggMyAwDQoyMzA0M0MwNDNFMDQzMjA0M0QwNDNFMDQyMDAwMzMwNDMwMDQzQjA0NEMwNDNDMDQ1NjA0MzIwNDNEMDQzRTA0MzMwNDNFMDQyRTAwDQo=</FormattedText>
						</VariantText>
						<VariantText CorrectAnswer="True">
							<PlainText>Запізнювального.</PlainText>
							<FormattedText>LTggMSAzIDINCi05IDEgMCAwIDAgMCAxMw0KOTYNCi05IDIgMCAwIDAgMCAxDQoNCjBFMDEwOTUzNzQ3OTZDNjU0RTYxNkQ2NTA2MEI0RTZGNzI2RDYxNkMyMDc0NjU3ODc0MEE1MzY5N0E2NTQ0NkY3NTYyNkM2NTAyMUMwODQ2NkY2RTc0NEU2MTZENjUwNjBGNTQ2OTZENjU3MzIwNEU2NTc3MjA1MjZGNkQ2MTZFMDc1NTZFNjk2MzZGNjQ2NTA5MDQ1MzY5N0E2NTAyMEUwMDAxMDg1Mzc0NjE2RTY0NjE3MjY0MDgwNzQzNjg2MTcyNzM2NTc0MDcwRjUyNTU1MzUzNDk0MTRFNUY0MzQ4NDE1MjUzNDU1NDBBNTM2OTdBNjU0NDZGNzU2MjZDNjUwMjFDMDg0NjZGNkU3NDRFNjE2RDY1MDYwRjU0Njk2RDY1NzMyMDRFNjU3NzIwNTI2RjZENjE2RTA3NTU2RTY5NjM2RjY0NjUwOTA0NTM2OTdBNjUwMjBFMDAwMA0KLTkgMiAwIDAgMCAwIDINCg0KMEUwMTA0NTQ2MTYyNzMwRTAwMDAwMA0KLTkgMiAwIDAgMCAwIDQNCg0KMEUwMA0KLTkgMCAwIDAgMCAwIDcNCjEgMSAwIDggMyAwDQoxNzA0MzAwNDNGMDQ1NjA0MzcwNDNEMDQ0RTA0MzIwNDMwMDQzQjA0NEMwNDNEMDQzRTA0MzMwNDNFMDQyRTAwDQo=</FormattedText>
						</VariantText>
						<VariantText CorrectAnswer="False">
							<PlainText>Безумовного.</PlainText>
							<FormattedText>LTggMSAzIDINCi05IDEgMCAwIDAgMCAxMw0KOTYNCi05IDIgMCAwIDAgMCAxDQoNCjBFMDEwOTUzNzQ3OTZDNjU0RTYxNkQ2NTA2MEI0RTZGNzI2RDYxNkMyMDc0NjU3ODc0MEE1MzY5N0E2NTQ0NkY3NTYyNkM2NTAyMUMwODQ2NkY2RTc0NEU2MTZENjUwNjBGNTQ2OTZENjU3MzIwNEU2NTc3MjA1MjZGNkQ2MTZFMDc1NTZFNjk2MzZGNjQ2NTA5MDQ1MzY5N0E2NTAyMEUwMDAxMDg1Mzc0NjE2RTY0NjE3MjY0MDgwNzQzNjg2MTcyNzM2NTc0MDcwRjUyNTU1MzUzNDk0MTRFNUY0MzQ4NDE1MjUzNDU1NDBBNTM2OTdBNjU0NDZGNzU2MjZDNjUwMjFDMDg0NjZGNkU3NDRFNjE2RDY1MDYwRjU0Njk2RDY1NzMyMDRFNjU3NzIwNTI2RjZENjE2RTA3NTU2RTY5NjM2RjY0NjUwOTA0NTM2OTdBNjUwMjBFMDAwMA0KLTkgMiAwIDAgMCAwIDINCg0KMEUwMTA0NTQ2MTYyNzMwRTAwMDAwMA0KLTkgMiAwIDAgMCAwIDQNCg0KMEUwMA0KLTkgMCAwIDAgMCAwIDcNCjEgMSAwIDggMyAwDQoxMTA0MzUwNDM3MDQ0MzA0M0MwNDNFMDQzMjA0M0QwNDNFMDQzMzA0M0UwNDJFMDANCg==</FormattedText>
						</VariantText>
					</Variants>
				</Task>
				<!-- ***** -->
				<Task Type="TYPE_TASK_CHOICE_SINGLE" Score="1">
					<Title/>
					<QuestionText>
						<PlainText>Що є нейрофізіологічною основою формування динамічного стереотипу?</PlainText>
						<FormattedText>LTggMSAzIDINCi05IDEgMCAwIDAgMCAxMw0KOTYNCi05IDIgMCAwIDAgMCAxDQoNCjBFMDEwOTUzNzQ3OTZDNjU0RTYxNkQ2NTA2MEI0RTZGNzI2RDYxNkMyMDc0NjU3ODc0MEE1MzY5N0E2NTQ0NkY3NTYyNkM2NTAyMUMwODQ2NkY2RTc0NEU2MTZENjUwNjBGNTQ2OTZENjU3MzIwNEU2NTc3MjA1MjZGNkQ2MTZFMDc1NTZFNjk2MzZGNjQ2NTA5MDQ1MzY5N0E2NTAyMEUwMDAxMDg1Mzc0NjE2RTY0NjE3MjY0MDgwNzQzNjg2MTcyNzM2NTc0MDcwRjUyNTU1MzUzNDk0MTRFNUY0MzQ4NDE1MjUzNDU1NDBBNTM2OTdBNjU0NDZGNzU2MjZDNjUwMjFDMDg0NjZGNkU3NDRFNjE2RDY1MDYwRjU0Njk2RDY1NzMyMDRFNjU3NzIwNTI2RjZENjE2RTA3NTU2RTY5NjM2RjY0NjUwOTA0NTM2OTdBNjUwMjBFMDAwMA0KLTkgMiAwIDAgMCAwIDINCg0KMEUwMTA0NTQ2MTYyNzMwRTAwMDAwMTA4NTM3NDYxNkU2NDYxNzI2NDA4MDk0MTZDNjk2NzZFNkQ2NTZFNzQwNzBBNzI3NjYxNEE3NTczNzQ2OTY2NzkwNDU0NjE2MjczMEUwMDAwMDANCi05IDIgMCAwIDAgMCA0DQoNCjBFMDANCi05IDAgMCAwIDAgMCA3DQoxIDEgMSA4IDMgMA0KMjkwNDNFMDQyMDAwNTQwNDIwMDAzRDA0MzUwNDM5MDQ0MDA0M0UwNDQ0MDQ1NjA0MzcwNDU2MDQzRTA0M0IwNDNFMDQzMzA0NTYwNDQ3MDQzRDA0M0UwNDRFMDQyMDAwM0UwNDQxMDQzRDA0M0UwNDMyMDQzRTA0NEUwNDIwMDA0NDA0M0UwNDQwMDQzQzA0NDMwNDMyMDQzMDA0M0QwNDNEMDQ0RjA0MjAwMDM0MDQzODA0M0QwNDMwMDQzQzA0NTYwNDQ3MDQzRDA0M0UwNDMzMDQzRTA0MjAwMDQxMDQ0MjA0MzUwNDQwMDQzNTA0M0UwNDQyMDQzODA0M0YwNDQzMDQzRjAwDQo=</FormattedText>
					</QuestionText>
					<Options>
						<IsAllowRandom>true</IsAllowRandom>
						<IsCompulsory>false</IsCompulsory>
						<IsOnlyForEduMode>false</IsOnlyForEduMode>
						<IsDenyPartially>false</IsDenyPartially>
					</Options>
					<Variants>
						<VariantText CorrectAnswer="False">
							<PlainText>Взаємодія процесів збудження і гальмування.</PlainText>
							<FormattedText>LTggMSAzIDINCi05IDEgMCAwIDAgMCAxMw0KOTYNCi05IDIgMCAwIDAgMCAxDQoNCjBFMDEwOTUzNzQ3OTZDNjU0RTYxNkQ2NTA2MEI0RTZGNzI2RDYxNkMyMDc0NjU3ODc0MEE1MzY5N0E2NTQ0NkY3NTYyNkM2NTAyMUMwODQ2NkY2RTc0NEU2MTZENjUwNjBGNTQ2OTZENjU3MzIwNEU2NTc3MjA1MjZGNkQ2MTZFMDc1NTZFNjk2MzZGNjQ2NTA5MDQ1MzY5N0E2NTAyMEUwMDAxMDg1Mzc0NjE2RTY0NjE3MjY0MDgwNzQzNjg2MTcyNzM2NTc0MDcwRjUyNTU1MzUzNDk0MTRFNUY0MzQ4NDE1MjUzNDU1NDBBNTM2OTdBNjU0NDZGNzU2MjZDNjUwMjFDMDg0NjZGNkU3NDRFNjE2RDY1MDYwRjU0Njk2RDY1NzMyMDRFNjU3NzIwNTI2RjZENjE2RTA3NTU2RTY5NjM2RjY0NjUwOTA0NTM2OTdBNjUwMjBFMDAwMA0KLTkgMiAwIDAgMCAwIDINCg0KMEUwMTA0NTQ2MTYyNzMwRTAwMDAwMA0KLTkgMiAwIDAgMCAwIDQNCg0KMEUwMA0KLTkgMCAwIDAgMCAwIDcNCjEgMSAwIDggMyAwDQoyMDAwMTIwNDM3MDQzMDA0NTQwNDNDMDQzRTA0MzQwNDU2MDQ0RjA0MjAwMDNGMDQ0MDA0M0UwNDQ2MDQzNTA0NDEwNDU2MDQzMjA0MjAwMDM3MDQzMTA0NDMwNDM0MDQzNjA0MzUwNDNEMDQzRDA0NEYwNDIwMDA1NjA0MjAwMDMzMDQzMDA0M0IwNDRDMDQzQzA0NDMwNDMyMDQzMDA0M0QwNDNEMDQ0RjA0MkUwMA0K</FormattedText>
						</VariantText>
						<VariantText CorrectAnswer="False">
							<PlainText>Диференціювання різних впливів на організм.</PlainText>
							<FormattedText>LTggMSAzIDINCi05IDEgMCAwIDAgMCAxMw0KOTYNCi05IDIgMCAwIDAgMCAxDQoNCjBFMDEwOTUzNzQ3OTZDNjU0RTYxNkQ2NTA2MEI0RTZGNzI2RDYxNkMyMDc0NjU3ODc0MEE1MzY5N0E2NTQ0NkY3NTYyNkM2NTAyMUMwODQ2NkY2RTc0NEU2MTZENjUwNjBGNTQ2OTZENjU3MzIwNEU2NTc3MjA1MjZGNkQ2MTZFMDc1NTZFNjk2MzZGNjQ2NTA5MDQ1MzY5N0E2NTAyMEUwMDAxMDg1Mzc0NjE2RTY0NjE3MjY0MDgwNzQzNjg2MTcyNzM2NTc0MDcwRjUyNTU1MzUzNDk0MTRFNUY0MzQ4NDE1MjUzNDU1NDBBNTM2OTdBNjU0NDZGNzU2MjZDNjUwMjFDMDg0NjZGNkU3NDRFNjE2RDY1MDYwRjU0Njk2RDY1NzMyMDRFNjU3NzIwNTI2RjZENjE2RTA3NTU2RTY5NjM2RjY0NjUwOTA0NTM2OTdBNjUwMjBFMDAwMA0KLTkgMiAwIDAgMCAwIDINCg0KMEUwMTA0NTQ2MTYyNzMwRTAwMDAwMA0KLTkgMiAwIDAgMCAwIDQNCg0KMEUwMA0KLTkgMCAwIDAgMCAwIDcNCjEgMSAwIDggMyAwDQoxNDA0MzgwNDQ0MDQzNTA0NDAwNDM1MDQzRDA0NDYwNDU2MDQ0RTA0MzIwNDMwMDQzRDA0M0QwNDRGMDQyMDAwNDAwNDU2MDQzNzA0M0QwNDM4MDQ0NTA0MjAwMDMyMDQzRjA0M0IwNDM4MDQzMjA0NTYwNDMyMDQyMDAwM0QwNDMwMDQyMDAwM0UwNDQwMDQzMzA0MzAwNDNEMDQ1NjA0MzcwNDNDMDQyRTAwDQo=</FormattedText>
						</VariantText>
						<VariantText CorrectAnswer="True">
							<PlainText>Аналітико-синтетична діяльність кори.</PlainText>
							<FormattedText>LTggMSAzIDINCi05IDEgMCAwIDAgMCAxMw0KOTYNCi05IDIgMCAwIDAgMCAxDQoNCjBFMDEwOTUzNzQ3OTZDNjU0RTYxNkQ2NTA2MEI0RTZGNzI2RDYxNkMyMDc0NjU3ODc0MEE1MzY5N0E2NTQ0NkY3NTYyNkM2NTAyMUMwODQ2NkY2RTc0NEU2MTZENjUwNjBGNTQ2OTZENjU3MzIwNEU2NTc3MjA1MjZGNkQ2MTZFMDc1NTZFNjk2MzZGNjQ2NTA5MDQ1MzY5N0E2NTAyMEUwMDAxMDg1Mzc0NjE2RTY0NjE3MjY0MDgwNzQzNjg2MTcyNzM2NTc0MDcwRjUyNTU1MzUzNDk0MTRFNUY0MzQ4NDE1MjUzNDU1NDBBNTM2OTdBNjU0NDZGNzU2MjZDNjUwMjFDMDg0NjZGNkU3NDRFNjE2RDY1MDYwRjU0Njk2RDY1NzMyMDRFNjU3NzIwNTI2RjZENjE2RTA3NTU2RTY5NjM2RjY0NjUwOTA0NTM2OTdBNjUwMjBFMDAwMA0KLTkgMiAwIDAgMCAwIDINCg0KMEUwMTA0NTQ2MTYyNzMwRTAwMDAwMA0KLTkgMiAwIDAgMCAwIDQNCg0KMEUwMA0KLTkgMCAwIDAgMCAwIDcNCjEgMSAwIDggMyAwDQoxMDA0M0QwNDMwMDQzQjA0NTYwNDQyMDQzODA0M0EwNDNFMDQyRDAwNDEwNDM4MDQzRDA0NDIwNDM1MDQ0MjA0MzgwNDQ3MDQzRDA0MzAwNDIwMDAzNDA0NTYwNDRGMDQzQjA0NEMwNDNEMDQ1NjA0NDEwNDQyMDQ0QzA0MjAwMDNBMDQzRTA0NDAwNDM4MDQyRTAwDQo=</FormattedText>
						</VariantText>
						<VariantText CorrectAnswer="False">
							<PlainText>Об&apos;єднання збуджень у різних нейронних групах.</PlainText>
							<FormattedText>LTggMSAzIDINCi05IDEgMCAwIDAgMCAxMw0KOTYNCi05IDIgMCAwIDAgMCAxDQoNCjBFMDEwOTUzNzQ3OTZDNjU0RTYxNkQ2NTA2MEI0RTZGNzI2RDYxNkMyMDc0NjU3ODc0MEE1MzY5N0E2NTQ0NkY3NTYyNkM2NTAyMUMwODQ2NkY2RTc0NEU2MTZENjUwNjBGNTQ2OTZENjU3MzIwNEU2NTc3MjA1MjZGNkQ2MTZFMDc1NTZFNjk2MzZGNjQ2NTA5MDQ1MzY5N0E2NTAyMEUwMDAxMDg1Mzc0NjE2RTY0NjE3MjY0MDgwNzQzNjg2MTcyNzM2NTc0MDcwRjUyNTU1MzUzNDk0MTRFNUY0MzQ4NDE1MjUzNDU1NDBBNTM2OTdBNjU0NDZGNzU2MjZDNjUwMjFDMDg0NjZGNkU3NDRFNjE2RDY1MDYwRjU0Njk2RDY1NzMyMDRFNjU3NzIwNTI2RjZENjE2RTA3NTU2RTY5NjM2RjY0NjUwOTA0NTM2OTdBNjUwMjBFMDAwMA0KLTkgMiAwIDAgMCAwIDINCg0KMEUwMTA0NTQ2MTYyNzMwRTAwMDAwMA0KLTkgMiAwIDAgMCAwIDQNCg0KMEUwMA0KLTkgMCAwIDAgMCAwIDcNCjEgMSAwIDggMyAwDQoxRTA0MzEwNDI3MDA1NDA0MzQwNDNEMDQzMDA0M0QwNDNEMDQ0RjA0MjAwMDM3MDQzMTA0NDMwNDM0MDQzNjA0MzUwNDNEMDQ0QzA0MjAwMDQzMDQyMDAwNDAwNDU2MDQzNzA0M0QwNDM4MDQ0NTA0MjAwMDNEMDQzNTA0MzkwNDQwMDQzRTA0M0QwNDNEMDQzODA0NDUwNDIwMDAzMzA0NDAwNDQzMDQzRjA0MzAwNDQ1MDQyRTAwDQo=</FormattedText>
						</VariantText>
						<VariantText CorrectAnswer="False">
							<PlainText>Аналіз мозком комплексних подразників.</PlainText>
							<FormattedText>LTggMSAzIDINCi05IDEgMCAwIDAgMCAxMw0KOTYNCi05IDIgMCAwIDAgMCAxDQoNCjBFMDEwOTUzNzQ3OTZDNjU0RTYxNkQ2NTA2MEI0RTZGNzI2RDYxNkMyMDc0NjU3ODc0MEE1MzY5N0E2NTQ0NkY3NTYyNkM2NTAyMUMwODQ2NkY2RTc0NEU2MTZENjUwNjBGNTQ2OTZENjU3MzIwNEU2NTc3MjA1MjZGNkQ2MTZFMDc1NTZFNjk2MzZGNjQ2NTA5MDQ1MzY5N0E2NTAyMEUwMDAxMDg1Mzc0NjE2RTY0NjE3MjY0MDgwNzQzNjg2MTcyNzM2NTc0MDcwRjUyNTU1MzUzNDk0MTRFNUY0MzQ4NDE1MjUzNDU1NDBBNTM2OTdBNjU0NDZGNzU2MjZDNjUwMjFDMDg0NjZGNkU3NDRFNjE2RDY1MDYwRjU0Njk2RDY1NzMyMDRFNjU3NzIwNTI2RjZENjE2RTA3NTU2RTY5NjM2RjY0NjUwOTA0NTM2OTdBNjUwMjBFMDAwMA0KLTkgMiAwIDAgMCAwIDINCg0KMEUwMTA0NTQ2MTYyNzMwRTAwMDAwMA0KLTkgMiAwIDAgMCAwIDQNCg0KMEUwMA0KLTkgMCAwIDAgMCAwIDcNCjEgMSAwIDggMyAwDQoxMDA0M0QwNDMwMDQzQjA0NTYwNDM3MDQyMDAwM0MwNDNFMDQzNzA0M0EwNDNFMDQzQzA0MjAwMDNBMDQzRTA0M0MwNDNGMDQzQjA0MzUwNDNBMDQ0MTA0M0QwNDM4MDQ0NTA0MjAwMDNGMDQzRTA0MzQwNDQwMDQzMDA0MzcwNDNEMDQzODA0M0EwNDU2MDQzMjA0MkUwMA0K</FormattedText>
						</VariantText>
					</Variants>
				</Task>
				<!-- ***** -->
				<Task Type="TYPE_TASK_CHOICE_SINGLE" Score="1">
					<Title/>
					<QuestionText>
						<PlainText>Здатністю до якого процесу обумовлена пластичність вищої нервової діяльності людини?</PlainText>
						<FormattedText>LTggMSAzIDINCi05IDEgMCAwIDAgMCAxMw0KOTYNCi05IDIgMCAwIDAgMCAxDQoNCjBFMDEwOTUzNzQ3OTZDNjU0RTYxNkQ2NTA2MEI0RTZGNzI2RDYxNkMyMDc0NjU3ODc0MEE1MzY5N0E2NTQ0NkY3NTYyNkM2NTAyMUMwODQ2NkY2RTc0NEU2MTZENjUwNjBGNTQ2OTZENjU3MzIwNEU2NTc3MjA1MjZGNkQ2MTZFMDc1NTZFNjk2MzZGNjQ2NTA5MDQ1MzY5N0E2NTAyMEUwMDAxMDg1Mzc0NjE2RTY0NjE3MjY0MDgwNzQzNjg2MTcyNzM2NTc0MDcwRjUyNTU1MzUzNDk0MTRFNUY0MzQ4NDE1MjUzNDU1NDBBNTM2OTdBNjU0NDZGNzU2MjZDNjUwMjFDMDg0NjZGNkU3NDRFNjE2RDY1MDYwRjU0Njk2RDY1NzMyMDRFNjU3NzIwNTI2RjZENjE2RTA3NTU2RTY5NjM2RjY0NjUwOTA0NTM2OTdBNjUwMjBFMDAwMA0KLTkgMiAwIDAgMCAwIDINCg0KMEUwMTA0NTQ2MTYyNzMwRTAwMDAwMTA4NTM3NDYxNkU2NDYxNzI2NDA4MDk0MTZDNjk2NzZFNkQ2NTZFNzQwNzBBNzI3NjYxNEE3NTczNzQ2OTY2NzkwNDU0NjE2MjczMEUwMDAwMDANCi05IDIgMCAwIDAgMCA0DQoNCjBFMDANCi05IDAgMCAwIDAgMCA3DQoxIDIgMSA4IDMgMA0KMTcwNDM0MDQzMDA0NDIwNDNEMDQ1NjA0NDEwNDQyMDQ0RTA0MjAwMDM0MDQzRTA0MjAwMDRGMDQzQTA0M0UwNDMzMDQzRTA0MjAwMDNGMDQ0MDA0M0UwNDQ2MDQzNTA0NDEwNDQzMDQyMDAwM0UwNDMxMDQ0MzA0M0MwNDNFMDQzMjA0M0IwNDM1MDQzRDA0MzAwNDIwMDAzRjA0M0IwNDMwMDQ0MTA0NDIwNDM4MDQ0NzA0M0QwNDU2MDQ0MTA0NDIwNDRDMDQyMDAwMzIwNDM4MDQ0OTA0M0UwNDU3MDQyMDAwM0QwNDM1MDQ0MDA0MzIwNDNFMDQzMjA0M0UwNDU3MDQyMDAwMzQwNDU2MDQ0RjA0M0IwNDRDMDQzRDA0M0UwNDQxMDQ0MjA0NTYwNDIwMDAzQjA0NEUwNDM0MDQzODA0M0QwNDM4MDQzRjAwDQoNCg==</FormattedText>
					</QuestionText>
					<Options>
						<IsAllowRandom>true</IsAllowRandom>
						<IsCompulsory>false</IsCompulsory>
						<IsOnlyForEduMode>false</IsOnlyForEduMode>
						<IsDenyPartially>false</IsDenyPartially>
					</Options>
					<Variants>
						<VariantText CorrectAnswer="False">
							<PlainText>Аналітико-синтетичної діяльності.</PlainText>
							<FormattedText>LTggMSAzIDINCi05IDEgMCAwIDAgMCAxMw0KOTYNCi05IDIgMCAwIDAgMCAxDQoNCjBFMDEwOTUzNzQ3OTZDNjU0RTYxNkQ2NTA2MEI0RTZGNzI2RDYxNkMyMDc0NjU3ODc0MEE1MzY5N0E2NTQ0NkY3NTYyNkM2NTAyMUMwODQ2NkY2RTc0NEU2MTZENjUwNjBGNTQ2OTZENjU3MzIwNEU2NTc3MjA1MjZGNkQ2MTZFMDc1NTZFNjk2MzZGNjQ2NTA5MDQ1MzY5N0E2NTAyMEUwMDAxMDg1Mzc0NjE2RTY0NjE3MjY0MDgwNzQzNjg2MTcyNzM2NTc0MDcwRjUyNTU1MzUzNDk0MTRFNUY0MzQ4NDE1MjUzNDU1NDBBNTM2OTdBNjU0NDZGNzU2MjZDNjUwMjFDMDg0NjZGNkU3NDRFNjE2RDY1MDYwRjU0Njk2RDY1NzMyMDRFNjU3NzIwNTI2RjZENjE2RTA3NTU2RTY5NjM2RjY0NjUwOTA0NTM2OTdBNjUwMjBFMDAwMA0KLTkgMiAwIDAgMCAwIDINCg0KMEUwMTA0NTQ2MTYyNzMwRTAwMDAwMA0KLTkgMiAwIDAgMCAwIDQNCg0KMEUwMA0KLTkgMCAwIDAgMCAwIDcNCjEgMSAwIDggMyAwDQoxMDA0M0QwNDMwMDQzQjA0NTYwNDQyMDQzODA0M0EwNDNFMDQyRDAwNDEwNDM4MDQzRDA0NDIwNDM1MDQ0MjA0MzgwNDQ3MDQzRDA0M0UwNDU3MDQyMDAwMzQwNDU2MDQ0RjA0M0IwNDRDMDQzRDA0M0UwNDQxMDQ0MjA0NTYwNDJFMDANCg==</FormattedText>
						</VariantText>
						<VariantText CorrectAnswer="True">
							<PlainText>Перемикання сигнального значення умовного подразника.</PlainText>
							<FormattedText>LTggMSAzIDINCi05IDEgMCAwIDAgMCAxMw0KOTYNCi05IDIgMCAwIDAgMCAxDQoNCjBFMDEwOTUzNzQ3OTZDNjU0RTYxNkQ2NTA2MEI0RTZGNzI2RDYxNkMyMDc0NjU3ODc0MEE1MzY5N0E2NTQ0NkY3NTYyNkM2NTAyMUMwODQ2NkY2RTc0NEU2MTZENjUwNjBGNTQ2OTZENjU3MzIwNEU2NTc3MjA1MjZGNkQ2MTZFMDc1NTZFNjk2MzZGNjQ2NTA5MDQ1MzY5N0E2NTAyMEUwMDAxMDg1Mzc0NjE2RTY0NjE3MjY0MDgwNzQzNjg2MTcyNzM2NTc0MDcwRjUyNTU1MzUzNDk0MTRFNUY0MzQ4NDE1MjUzNDU1NDBBNTM2OTdBNjU0NDZGNzU2MjZDNjUwMjFDMDg0NjZGNkU3NDRFNjE2RDY1MDYwRjU0Njk2RDY1NzMyMDRFNjU3NzIwNTI2RjZENjE2RTA3NTU2RTY5NjM2RjY0NjUwOTA0NTM2OTdBNjUwMjBFMDAwMA0KLTkgMiAwIDAgMCAwIDINCg0KMEUwMTA0NTQ2MTYyNzMwRTAwMDAwMA0KLTkgMiAwIDAgMCAwIDQNCg0KMEUwMA0KLTkgMCAwIDAgMCAwIDcNCjEgMSAwIDggMyAwDQoxRjA0MzUwNDQwMDQzNTA0M0MwNDM4MDQzQTA0MzAwNDNEMDQzRDA0NEYwNDIwMDA0MTA0MzgwNDMzMDQzRDA0MzAwNDNCMDQ0QzA0M0QwNDNFMDQzMzA0M0UwNDIwMDAzNzA0M0QwNDMwMDQ0NzA0MzUwNDNEMDQzRDA0NEYwNDIwMDA0MzA0M0MwNDNFMDQzMjA0M0QwNDNFMDQzMzA0M0UwNDIwMDAzRjA0M0UwNDM0MDQ0MDA0MzAwNDM3MDQzRDA0MzgwNDNBMDQzMDA0MkUwMA0K</FormattedText>
						</VariantText>
						<VariantText CorrectAnswer="False">
							<PlainText>Комплексного просторово-тимчасового сприйняття.</PlainText>
							<FormattedText>LTggMSAzIDINCi05IDEgMCAwIDAgMCAxMw0KOTYNCi05IDIgMCAwIDAgMCAxDQoNCjBFMDEwOTUzNzQ3OTZDNjU0RTYxNkQ2NTA2MEI0RTZGNzI2RDYxNkMyMDc0NjU3ODc0MEE1MzY5N0E2NTQ0NkY3NTYyNkM2NTAyMUMwODQ2NkY2RTc0NEU2MTZENjUwNjBGNTQ2OTZENjU3MzIwNEU2NTc3MjA1MjZGNkQ2MTZFMDc1NTZFNjk2MzZGNjQ2NTA5MDQ1MzY5N0E2NTAyMEUwMDAxMDg1Mzc0NjE2RTY0NjE3MjY0MDgwNzQzNjg2MTcyNzM2NTc0MDcwRjUyNTU1MzUzNDk0MTRFNUY0MzQ4NDE1MjUzNDU1NDBBNTM2OTdBNjU0NDZGNzU2MjZDNjUwMjFDMDg0NjZGNkU3NDRFNjE2RDY1MDYwRjU0Njk2RDY1NzMyMDRFNjU3NzIwNTI2RjZENjE2RTA3NTU2RTY5NjM2RjY0NjUwOTA0NTM2OTdBNjUwMjBFMDAwMA0KLTkgMiAwIDAgMCAwIDINCg0KMEUwMTA0NTQ2MTYyNzMwRTAwMDAwMA0KLTkgMiAwIDAgMCAwIDQNCg0KMEUwMA0KLTkgMCAwIDAgMCAwIDcNCjEgMSAwIDggMyAwDQoxQTA0M0UwNDNDMDQzRjA0M0IwNDM1MDQzQTA0NDEwNDNEMDQzRTA0MzMwNDNFMDQyMDAwM0YwNDQwMDQzRTA0NDEwNDQyMDQzRTA0NDAwNDNFMDQzMjA0M0UwNDJEMDA0MjA0MzgwNDNDMDQ0NzA0MzAwNDQxMDQzRTA0MzIwNDNFMDQzMzA0M0UwNDIwMDA0MTA0M0YwNDQwMDQzODA0MzkwNDNEMDQ0RjA0NDIwNDQyMDQ0RjA0MkUwMA0K</FormattedText>
						</VariantText>
						<VariantText CorrectAnswer="False">
							<PlainText>Вироблення динамічного стереотипу.</PlainText>
							<FormattedText>LTggMSAzIDINCi05IDEgMCAwIDAgMCAxMw0KOTYNCi05IDIgMCAwIDAgMCAxDQoNCjBFMDEwOTUzNzQ3OTZDNjU0RTYxNkQ2NTA2MEI0RTZGNzI2RDYxNkMyMDc0NjU3ODc0MEE1MzY5N0E2NTQ0NkY3NTYyNkM2NTAyMUMwODQ2NkY2RTc0NEU2MTZENjUwNjBGNTQ2OTZENjU3MzIwNEU2NTc3MjA1MjZGNkQ2MTZFMDc1NTZFNjk2MzZGNjQ2NTA5MDQ1MzY5N0E2NTAyMEUwMDAxMDg1Mzc0NjE2RTY0NjE3MjY0MDgwNzQzNjg2MTcyNzM2NTc0MDcwRjUyNTU1MzUzNDk0MTRFNUY0MzQ4NDE1MjUzNDU1NDBBNTM2OTdBNjU0NDZGNzU2MjZDNjUwMjFDMDg0NjZGNkU3NDRFNjE2RDY1MDYwRjU0Njk2RDY1NzMyMDRFNjU3NzIwNTI2RjZENjE2RTA3NTU2RTY5NjM2RjY0NjUwOTA0NTM2OTdBNjUwMjBFMDAwMA0KLTkgMiAwIDAgMCAwIDINCg0KMEUwMTA0NTQ2MTYyNzMwRTAwMDAwMA0KLTkgMiAwIDAgMCAwIDQNCg0KMEUwMA0KLTkgMCAwIDAgMCAwIDcNCjEgMSAwIDggMyAwDQoxMjA0MzgwNDQwMDQzRTA0MzEwNDNCMDQzNTA0M0QwNDNEMDQ0RjA0MjAwMDM0MDQzODA0M0QwNDMwMDQzQzA0NTYwNDQ3MDQzRDA0M0UwNDMzMDQzRTA0MjAwMDQxMDQ0MjA0MzUwNDQwMDQzNTA0M0UwNDQyMDQzODA0M0YwNDQzMDQyRTAwDQo=</FormattedText>
						</VariantText>
						<VariantText CorrectAnswer="False">
							<PlainText>Формування пристосувальних реакцій випереджаючого типу.</PlainText>
							<FormattedText>LTggMSAzIDINCi05IDEgMCAwIDAgMCAxMw0KOTYNCi05IDIgMCAwIDAgMCAxDQoNCjBFMDEwOTUzNzQ3OTZDNjU0RTYxNkQ2NTA2MEI0RTZGNzI2RDYxNkMyMDc0NjU3ODc0MEE1MzY5N0E2NTQ0NkY3NTYyNkM2NTAyMUMwODQ2NkY2RTc0NEU2MTZENjUwNjBGNTQ2OTZENjU3MzIwNEU2NTc3MjA1MjZGNkQ2MTZFMDc1NTZFNjk2MzZGNjQ2NTA5MDQ1MzY5N0E2NTAyMEUwMDAxMDg1Mzc0NjE2RTY0NjE3MjY0MDgwNzQzNjg2MTcyNzM2NTc0MDcwRjUyNTU1MzUzNDk0MTRFNUY0MzQ4NDE1MjUzNDU1NDBBNTM2OTdBNjU0NDZGNzU2MjZDNjUwMjFDMDg0NjZGNkU3NDRFNjE2RDY1MDYwRjU0Njk2RDY1NzMyMDRFNjU3NzIwNTI2RjZENjE2RTA3NTU2RTY5NjM2RjY0NjUwOTA0NTM2OTdBNjUwMjBFMDAwMA0KLTkgMiAwIDAgMCAwIDINCg0KMEUwMTA0NTQ2MTYyNzMwRTAwMDAwMA0KLTkgMiAwIDAgMCAwIDQNCg0KMEUwMA0KLTkgMCAwIDAgMCAwIDcNCjEgMSAwIDggMyAwDQoyNDA0M0UwNDQwMDQzQzA0NDMwNDMyMDQzMDA0M0QwNDNEMDQ0RjA0MjAwMDNGMDQ0MDA0MzgwNDQxMDQ0MjA0M0UwNDQxMDQ0MzA0MzIwNDMwMDQzQjA0NEMwNDNEMDQzODA0NDUwNDIwMDA0MDA0MzUwNDMwMDQzQTA0NDYwNDU2MDQzOTA0MjAwMDMyMDQzODA0M0YwNDM1MDQ0MDA0MzUwNDM0MDQzNjA0MzAwNDRFMDQ0NzA0M0UwNDMzMDQzRTA0MjAwMDQyMDQzODA0M0YwNDQzMDQyRTAwDQo=</FormattedText>
						</VariantText>
					</Variants>
				</Task>
				<!-- ***** -->
				<Task Type="TYPE_TASK_CHOICE_SINGLE" Score="1">
					<Title/>
					<QuestionText>
						<PlainText>Якими фізіологічними механізмами обумовлений тип вищої нервової діяльності?</PlainText>
						<FormattedText>LTggMSAzIDINCi05IDEgMCAwIDAgMCAxMw0KOTYNCi05IDIgMCAwIDAgMCAxDQoNCjBFMDEwOTUzNzQ3OTZDNjU0RTYxNkQ2NTA2MEI0RTZGNzI2RDYxNkMyMDc0NjU3ODc0MEE1MzY5N0E2NTQ0NkY3NTYyNkM2NTAyMUMwODQ2NkY2RTc0NEU2MTZENjUwNjBGNTQ2OTZENjU3MzIwNEU2NTc3MjA1MjZGNkQ2MTZFMDc1NTZFNjk2MzZGNjQ2NTA5MDQ1MzY5N0E2NTAyMEUwMDAxMDg1Mzc0NjE2RTY0NjE3MjY0MDgwNzQzNjg2MTcyNzM2NTc0MDcwRjUyNTU1MzUzNDk0MTRFNUY0MzQ4NDE1MjUzNDU1NDBBNTM2OTdBNjU0NDZGNzU2MjZDNjUwMjFDMDg0NjZGNkU3NDRFNjE2RDY1MDYwRjU0Njk2RDY1NzMyMDRFNjU3NzIwNTI2RjZENjE2RTA3NTU2RTY5NjM2RjY0NjUwOTA0NTM2OTdBNjUwMjBFMDAwMA0KLTkgMiAwIDAgMCAwIDINCg0KMEUwMTA0NTQ2MTYyNzMwRTAwMDAwMTA4NTM3NDYxNkU2NDYxNzI2NDA4MDk0MTZDNjk2NzZFNkQ2NTZFNzQwNzBBNzI3NjYxNEE3NTczNzQ2OTY2NzkwNDU0NjE2MjczMEUwMDAwMDANCi05IDIgMCAwIDAgMCA0DQoNCjBFMDANCi05IDAgMCAwIDAgMCA3DQoxIDIgMSA4IDMgMA0KMkYwNDNBMDQzODA0M0MwNDM4MDQyMDAwNDQwNDU2MDQzNzA0NTYwNDNFMDQzQjA0M0UwNDMzMDQ1NjA0NDcwNDNEMDQzODA0M0MwNDM4MDQyMDAwM0MwNDM1MDQ0NTA0MzAwNDNEMDQ1NjA0MzcwNDNDMDQzMDA0M0MwNDM4MDQyMDAwM0UwNDMxMDQ0MzA0M0MwNDNFMDQzMjA0M0IwNDM1MDQzRDA0MzgwNDM5MDQyMDAwNDIwNDM4MDQzRjA0MjAwMDMyMDQzODA0NDkwNDNFMDQ1NzA0MjAwMDNEMDQzNTA0NDAwNDMyMDQzRTA0MzIwNDNFMDQ1NzA0MjAwMDM0MDQ1NjA0NEYwNDNCMDQ0QzA0M0QwNDNFMDQ0MTA0NDIwNDU2MDQzRjAwDQoNCg==</FormattedText>
					</QuestionText>
					<Options>
						<IsAllowRandom>true</IsAllowRandom>
						<IsCompulsory>false</IsCompulsory>
						<IsOnlyForEduMode>false</IsOnlyForEduMode>
						<IsDenyPartially>false</IsDenyPartially>
					</Options>
					<Variants>
						<VariantText CorrectAnswer="True">
							<PlainText>Вродженими особливостями процесів збудження і гальмування.</PlainText>
							<FormattedText>LTggMSAzIDINCi05IDEgMCAwIDAgMCAxMw0KOTYNCi05IDIgMCAwIDAgMCAxDQoNCjBFMDEwOTUzNzQ3OTZDNjU0RTYxNkQ2NTA2MEI0RTZGNzI2RDYxNkMyMDc0NjU3ODc0MEE1MzY5N0E2NTQ0NkY3NTYyNkM2NTAyMUMwODQ2NkY2RTc0NEU2MTZENjUwNjBGNTQ2OTZENjU3MzIwNEU2NTc3MjA1MjZGNkQ2MTZFMDc1NTZFNjk2MzZGNjQ2NTA5MDQ1MzY5N0E2NTAyMEUwMDAxMDg1Mzc0NjE2RTY0NjE3MjY0MDgwNzQzNjg2MTcyNzM2NTc0MDcwRjUyNTU1MzUzNDk0MTRFNUY0MzQ4NDE1MjUzNDU1NDBBNTM2OTdBNjU0NDZGNzU2MjZDNjUwMjFDMDg0NjZGNkU3NDRFNjE2RDY1MDYwRjU0Njk2RDY1NzMyMDRFNjU3NzIwNTI2RjZENjE2RTA3NTU2RTY5NjM2RjY0NjUwOTA0NTM2OTdBNjUwMjBFMDAwMA0KLTkgMiAwIDAgMCAwIDINCg0KMEUwMTA0NTQ2MTYyNzMwRTAwMDAwMA0KLTkgMiAwIDAgMCAwIDQNCg0KMEUwMA0KLTkgMCAwIDAgMCAwIDcNCjEgMSAwIDggMyAwDQoxMjA0NDAwNDNFMDQzNDA0MzYwNDM1MDQzRDA0MzgwNDNDMDQzODA0MjAwMDNFMDQ0MTA0M0UwNDMxMDQzQjA0MzgwNDMyMDQzRTA0NDEwNDQyMDQ0RjA0M0MwNDM4MDQyMDAwM0YwNDQwMDQzRTA0NDYwNDM1MDQ0MTA0NTYwNDMyMDQyMDAwMzcwNDMxMDQ0MzA0MzQwNDM2MDQzNTA0M0QwNDNEMDQ0RjA0MjAwMDU2MDQyMDAwMzMwNDMwMDQzQjA0NEMwNDNDMDQ0MzA0MzIwNDMwMDQzRDA0M0QwNDRGMDQyRTAwDQo=</FormattedText>
						</VariantText>
						<VariantText CorrectAnswer="False">
							<PlainText>Особливостями виховання, навчання і трудової діяльності.</PlainText>
							<FormattedText>LTggMSAzIDINCi05IDEgMCAwIDAgMCAxMw0KOTYNCi05IDIgMCAwIDAgMCAxDQoNCjBFMDEwOTUzNzQ3OTZDNjU0RTYxNkQ2NTA2MEI0RTZGNzI2RDYxNkMyMDc0NjU3ODc0MEE1MzY5N0E2NTQ0NkY3NTYyNkM2NTAyMUMwODQ2NkY2RTc0NEU2MTZENjUwNjBGNTQ2OTZENjU3MzIwNEU2NTc3MjA1MjZGNkQ2MTZFMDc1NTZFNjk2MzZGNjQ2NTA5MDQ1MzY5N0E2NTAyMEUwMDAxMDg1Mzc0NjE2RTY0NjE3MjY0MDgwNzQzNjg2MTcyNzM2NTc0MDcwRjUyNTU1MzUzNDk0MTRFNUY0MzQ4NDE1MjUzNDU1NDBBNTM2OTdBNjU0NDZGNzU2MjZDNjUwMjFDMDg0NjZGNkU3NDRFNjE2RDY1MDYwRjU0Njk2RDY1NzMyMDRFNjU3NzIwNTI2RjZENjE2RTA3NTU2RTY5NjM2RjY0NjUwOTA0NTM2OTdBNjUwMjBFMDAwMA0KLTkgMiAwIDAgMCAwIDINCg0KMEUwMTA0NTQ2MTYyNzMwRTAwMDAwMA0KLTkgMiAwIDAgMCAwIDQNCg0KMEUwMA0KLTkgMCAwIDAgMCAwIDcNCjEgMSAwIDggMyAwDQoxRTA0NDEwNDNFMDQzMTA0M0IwNDM4MDQzMjA0M0UwNDQxMDQ0MjA0NEYwNDNDMDQzODA0MjAwMDMyMDQzODA0NDUwNDNFMDQzMjA0MzAwNDNEMDQzRDA0NEYwNDJDMDAyMDAwM0QwNDMwMDQzMjA0NDcwNDMwMDQzRDA0M0QwNDRGMDQyMDAwNTYwNDIwMDA0MjA0NDAwNDQzMDQzNDA0M0UwNDMyMDQzRTA0NTcwNDIwMDAzNDA0NTYwNDRGMDQzQjA0NEMwNDNEMDQzRTA0NDEwNDQyMDQ1NjA0MkUwMA0K</FormattedText>
						</VariantText>
						<VariantText CorrectAnswer="False">
							<PlainText>Співвідношенням «художнього» і «розумового» компонентів мислення.</PlainText>
							<FormattedText>LTggMSAzIDINCi05IDEgMCAwIDAgMCAxMw0KOTYNCi05IDIgMCAwIDAgMCAxDQoNCjBFMDEwOTUzNzQ3OTZDNjU0RTYxNkQ2NTA2MEI0RTZGNzI2RDYxNkMyMDc0NjU3ODc0MEE1MzY5N0E2NTQ0NkY3NTYyNkM2NTAyMUMwODQ2NkY2RTc0NEU2MTZENjUwNjBGNTQ2OTZENjU3MzIwNEU2NTc3MjA1MjZGNkQ2MTZFMDc1NTZFNjk2MzZGNjQ2NTA5MDQ1MzY5N0E2NTAyMEUwMDAxMDg1Mzc0NjE2RTY0NjE3MjY0MDgwNzQzNjg2MTcyNzM2NTc0MDcwRjUyNTU1MzUzNDk0MTRFNUY0MzQ4NDE1MjUzNDU1NDBBNTM2OTdBNjU0NDZGNzU2MjZDNjUwMjFDMDg0NjZGNkU3NDRFNjE2RDY1MDYwRjU0Njk2RDY1NzMyMDRFNjU3NzIwNTI2RjZENjE2RTA3NTU2RTY5NjM2RjY0NjUwOTA0NTM2OTdBNjUwMjBFMDAwMA0KLTkgMiAwIDAgMCAwIDINCg0KMEUwMTA0NTQ2MTYyNzMwRTAwMDAwMA0KLTkgMiAwIDAgMCAwIDQNCg0KMEUwMA0KLTkgMCAwIDAgMCAwIDcNCjEgMSAwIDggMyAwDQoyMTA0M0YwNDU2MDQzMjA0MzIwNDU2MDQzNDA0M0QwNDNFMDQ0ODA0MzUwNDNEMDQzRDA0NEYwNDNDMDQyMDAwQUIwMDQ1MDQ0MzA0MzQwNDNFMDQzNjA0M0QwNDRDMDQzRTA0MzMwNDNFMDRCQjAwMjAwMDU2MDQyMDAwQUIwMDQwMDQzRTA0MzcwNDQzMDQzQzA0M0UwNDMyMDQzRTA0MzMwNDNFMDRCQjAwMjAwMDNBMDQzRTA0M0MwNDNGMDQzRTA0M0QwNDM1MDQzRDA0NDIwNDU2MDQzMjA0MjAwMDNDMDQzODA0NDEwNDNCMDQzNTA0M0QwNDNEMDQ0RjA0MkUwMDIwMDANCg==</FormattedText>
						</VariantText>
						<VariantText CorrectAnswer="False">
							<PlainText>Особливостями утворення умовно-рефлекторних реакцій.</PlainText>
							<FormattedText>LTggMSAzIDINCi05IDEgMCAwIDAgMCAxMw0KOTYNCi05IDIgMCAwIDAgMCAxDQoNCjBFMDEwOTUzNzQ3OTZDNjU0RTYxNkQ2NTA2MEI0RTZGNzI2RDYxNkMyMDc0NjU3ODc0MEE1MzY5N0E2NTQ0NkY3NTYyNkM2NTAyMUMwODQ2NkY2RTc0NEU2MTZENjUwNjBGNTQ2OTZENjU3MzIwNEU2NTc3MjA1MjZGNkQ2MTZFMDc1NTZFNjk2MzZGNjQ2NTA5MDQ1MzY5N0E2NTAyMEUwMDAxMDg1Mzc0NjE2RTY0NjE3MjY0MDgwNzQzNjg2MTcyNzM2NTc0MDcwRjUyNTU1MzUzNDk0MTRFNUY0MzQ4NDE1MjUzNDU1NDBBNTM2OTdBNjU0NDZGNzU2MjZDNjUwMjFDMDg0NjZGNkU3NDRFNjE2RDY1MDYwRjU0Njk2RDY1NzMyMDRFNjU3NzIwNTI2RjZENjE2RTA3NTU2RTY5NjM2RjY0NjUwOTA0NTM2OTdBNjUwMjBFMDAwMA0KLTkgMiAwIDAgMCAwIDINCg0KMEUwMTA0NTQ2MTYyNzMwRTAwMDAwMA0KLTkgMiAwIDAgMCAwIDQNCg0KMEUwMA0KLTkgMCAwIDAgMCAwIDcNCjEgMSAwIDggMyAwDQoxRTA0NDEwNDNFMDQzMTA0M0IwNDM4MDQzMjA0M0UwNDQxMDQ0MjA0NEYwNDNDMDQzODA0MjAwMDQzMDQ0MjA0MzIwNDNFMDQ0MDA0MzUwNDNEMDQzRDA0NEYwNDIwMDA0MzA0M0MwNDNFMDQzMjA0M0QwNDNFMDQyRDAwNDAwNDM1MDQ0NDA0M0IwNDM1MDQzQTA0NDIwNDNFMDQ0MDA0M0QwNDM4MDQ0NTA0MjAwMDQwMDQzNTA0MzAwNDNBMDQ0NjA0NTYwNDM5MDQyRTAwDQo=</FormattedText>
						</VariantText>
						<VariantText CorrectAnswer="False">
							<PlainText>Особливостями гальмування умовно-рефлекторних реакцій.</PlainText>
							<FormattedText>LTggMSAzIDINCi05IDEgMCAwIDAgMCAxMw0KOTYNCi05IDIgMCAwIDAgMCAxDQoNCjBFMDEwOTUzNzQ3OTZDNjU0RTYxNkQ2NTA2MEI0RTZGNzI2RDYxNkMyMDc0NjU3ODc0MEE1MzY5N0E2NTQ0NkY3NTYyNkM2NTAyMUMwODQ2NkY2RTc0NEU2MTZENjUwNjBGNTQ2OTZENjU3MzIwNEU2NTc3MjA1MjZGNkQ2MTZFMDc1NTZFNjk2MzZGNjQ2NTA5MDQ1MzY5N0E2NTAyMEUwMDAxMDg1Mzc0NjE2RTY0NjE3MjY0MDgwNzQzNjg2MTcyNzM2NTc0MDcwRjUyNTU1MzUzNDk0MTRFNUY0MzQ4NDE1MjUzNDU1NDBBNTM2OTdBNjU0NDZGNzU2MjZDNjUwMjFDMDg0NjZGNkU3NDRFNjE2RDY1MDYwRjU0Njk2RDY1NzMyMDRFNjU3NzIwNTI2RjZENjE2RTA3NTU2RTY5NjM2RjY0NjUwOTA0NTM2OTdBNjUwMjBFMDAwMA0KLTkgMiAwIDAgMCAwIDINCg0KMEUwMTA0NTQ2MTYyNzMwRTAwMDAwMA0KLTkgMiAwIDAgMCAwIDQNCg0KMEUwMA0KLTkgMCAwIDAgMCAwIDcNCjEgMSAwIDggMyAwDQoxRTA0NDEwNDNFMDQzMTA0M0IwNDM4MDQzMjA0M0UwNDQxMDQ0MjA0NEYwNDNDMDQzODA0MjAwMDMzMDQzMDA0M0IwNDRDMDQzQzA0NDMwNDMyMDQzMDA0M0QwNDNEMDQ0RjA0MjAwMDQzMDQzQzA0M0UwNDMyMDQzRDA0M0UwNDJEMDA0MDA0MzUwNDQ0MDQzQjA0MzUwNDNBMDQ0MjA0M0UwNDQwMDQzRDA0MzgwNDQ1MDQyMDAwNDAwNDM1MDQzMDA0M0EwNDQ2MDQ1NjA0MzkwNDJFMDANCg==</FormattedText>
						</VariantText>
					</Variants>
				</Task>
				<!-- ***** -->
				<Task Type="TYPE_TASK_CHOICE_SINGLE" Score="1">
					<Title/>
					<QuestionText>
						<PlainText>Що оцінюють у процесі об&apos;єктивного дослідження типу вищої нервової діяльності?</PlainText>
						<FormattedText>LTggMSAzIDINCi05IDEgMCAwIDAgMCAxMw0KOTYNCi05IDIgMCAwIDAgMCAxDQoNCjBFMDEwOTUzNzQ3OTZDNjU0RTYxNkQ2NTA2MEI0RTZGNzI2RDYxNkMyMDc0NjU3ODc0MEE1MzY5N0E2NTQ0NkY3NTYyNkM2NTAyMUMwODQ2NkY2RTc0NEU2MTZENjUwNjBGNTQ2OTZENjU3MzIwNEU2NTc3MjA1MjZGNkQ2MTZFMDc1NTZFNjk2MzZGNjQ2NTA5MDQ1MzY5N0E2NTAyMEUwMDAxMDg1Mzc0NjE2RTY0NjE3MjY0MDgwNzQzNjg2MTcyNzM2NTc0MDcwRjUyNTU1MzUzNDk0MTRFNUY0MzQ4NDE1MjUzNDU1NDBBNTM2OTdBNjU0NDZGNzU2MjZDNjUwMjFDMDg0NjZGNkU3NDRFNjE2RDY1MDYwRjU0Njk2RDY1NzMyMDRFNjU3NzIwNTI2RjZENjE2RTA3NTU2RTY5NjM2RjY0NjUwOTA0NTM2OTdBNjUwMjBFMDAwMA0KLTkgMiAwIDAgMCAwIDINCg0KMEUwMTA0NTQ2MTYyNzMwRTAwMDAwMTA4NTM3NDYxNkU2NDYxNzI2NDA4MDk0MTZDNjk2NzZFNkQ2NTZFNzQwNzBBNzI3NjYxNEE3NTczNzQ2OTY2NzkwNDU0NjE2MjczMEUwMDAwMDANCi05IDIgMCAwIDAgMCA0DQoNCjBFMDANCi05IDAgMCAwIDAgMCA3DQoxIDIgMSA4IDMgMA0KMjkwNDNFMDQyMDAwM0UwNDQ2MDQ1NjA0M0QwNDRFMDQ0RTA0NDIwNDRDMDQyMDAwNDMwNDIwMDAzRjA0NDAwNDNFMDQ0NjA0MzUwNDQxMDQ1NjA0MjAwMDNFMDQzMTA0MjcwMDU0MDQzQTA0NDIwNDM4MDQzMjA0M0QwNDNFMDQzMzA0M0UwNDIwMDAzNDA0M0UwNDQxMDQzQjA0NTYwNDM0MDQzNjA0MzUwNDNEMDQzRDA0NEYwNDIwMDA0MjA0MzgwNDNGMDQ0MzA0MjAwMDMyMDQzODA0NDkwNDNFMDQ1NzA0MjAwMDNEMDQzNTA0NDAwNDMyMDQzRTA0MzIwNDNFMDQ1NzA0MjAwMDM0MDQ1NjA0NEYwNDNCMDQ0QzA0M0QwNDNFMDQ0MTA0NDIwNDU2MDQzRjAwDQoNCg==</FormattedText>
					</QuestionText>
					<Options>
						<IsAllowRandom>true</IsAllowRandom>
						<IsCompulsory>false</IsCompulsory>
						<IsOnlyForEduMode>false</IsOnlyForEduMode>
						<IsDenyPartially>false</IsDenyPartially>
					</Options>
					<Variants>
						<VariantText CorrectAnswer="True">
							<PlainText>Силу, врівноваженість і рухливість кіркових процесів збудження і гальмування.</PlainText>
							<FormattedText>LTggMSAzIDINCi05IDEgMCAwIDAgMCAxMw0KOTYNCi05IDIgMCAwIDAgMCAxDQoNCjBFMDEwOTUzNzQ3OTZDNjU0RTYxNkQ2NTA2MEI0RTZGNzI2RDYxNkMyMDc0NjU3ODc0MEE1MzY5N0E2NTQ0NkY3NTYyNkM2NTAyMUMwODQ2NkY2RTc0NEU2MTZENjUwNjBGNTQ2OTZENjU3MzIwNEU2NTc3MjA1MjZGNkQ2MTZFMDc1NTZFNjk2MzZGNjQ2NTA5MDQ1MzY5N0E2NTAyMEUwMDAxMDg1Mzc0NjE2RTY0NjE3MjY0MDgwNzQzNjg2MTcyNzM2NTc0MDcwRjUyNTU1MzUzNDk0MTRFNUY0MzQ4NDE1MjUzNDU1NDBBNTM2OTdBNjU0NDZGNzU2MjZDNjUwMjFDMDg0NjZGNkU3NDRFNjE2RDY1MDYwRjU0Njk2RDY1NzMyMDRFNjU3NzIwNTI2RjZENjE2RTA3NTU2RTY5NjM2RjY0NjUwOTA0NTM2OTdBNjUwMjBFMDAwMA0KLTkgMiAwIDAgMCAwIDINCg0KMEUwMTA0NTQ2MTYyNzMwRTAwMDAwMTA4NTM3NDYxNkU2NDYxNzI2NDA4MDk0MTZDNjk2NzZFNkQ2NTZFNzQwNzBBNzI3NjYxNEE3NTczNzQ2OTY2NzkwNDU0NjE2MjczMEUwMDAwMDANCi05IDIgMCAwIDAgMCA0DQoNCjBFMDANCi05IDAgMCAwIDAgMCA3DQoxIDEgMSA4IDMgMA0KMjEwNDM4MDQzQjA0NDMwNDJDMDAyMDAwMzIwNDQwMDQ1NjA0MzIwNDNEMDQzRTA0MzIwNDMwMDQzNjA0MzUwNDNEMDQ1NjA0NDEwNDQyMDQ0QzA0MjAwMDU2MDQyMDAwNDAwNDQzMDQ0NTA0M0IwNDM4MDQzMjA0NTYwNDQxMDQ0MjA0NEMwNDIwMDAzQTA0NTYwNDQwMDQzQTA0M0UwNDMyMDQzODA0NDUwNDIwMDAzRjA0NDAwNDNFMDQ0NjA0MzUwNDQxMDQ1NjA0MzIwNDIwMDAzNzA0MzEwNDQzMDQzNDA0MzYwNDM1MDQzRDA0M0QwNDRGMDQyMDAwNTYwNDIwMDAzMzA0MzAwNDNCMDQ0QzA0M0MwNDQzMDQzMjA0MzAwNDNEMDQzRDA0NEYwNDJFMDANCg==</FormattedText>
						</VariantText>
						<VariantText CorrectAnswer="False">
							<PlainText>Здатність стримувати емоційні прояви.</PlainText>
							<FormattedText>LTggMSAzIDINCi05IDEgMCAwIDAgMCAxMw0KOTYNCi05IDIgMCAwIDAgMCAxDQoNCjBFMDEwOTUzNzQ3OTZDNjU0RTYxNkQ2NTA2MEI0RTZGNzI2RDYxNkMyMDc0NjU3ODc0MEE1MzY5N0E2NTQ0NkY3NTYyNkM2NTAyMUMwODQ2NkY2RTc0NEU2MTZENjUwNjBGNTQ2OTZENjU3MzIwNEU2NTc3MjA1MjZGNkQ2MTZFMDc1NTZFNjk2MzZGNjQ2NTA5MDQ1MzY5N0E2NTAyMEUwMDAxMDg1Mzc0NjE2RTY0NjE3MjY0MDgwNzQzNjg2MTcyNzM2NTc0MDcwRjUyNTU1MzUzNDk0MTRFNUY0MzQ4NDE1MjUzNDU1NDBBNTM2OTdBNjU0NDZGNzU2MjZDNjUwMjFDMDg0NjZGNkU3NDRFNjE2RDY1MDYwRjU0Njk2RDY1NzMyMDRFNjU3NzIwNTI2RjZENjE2RTA3NTU2RTY5NjM2RjY0NjUwOTA0NTM2OTdBNjUwMjBFMDAwMA0KLTkgMiAwIDAgMCAwIDINCg0KMEUwMTA0NTQ2MTYyNzMwRTAwMDAwMA0KLTkgMiAwIDAgMCAwIDQNCg0KMEUwMA0KLTkgMCAwIDAgMCAwIDcNCjEgMSAwIDggMyAwDQoxNzA0MzQwNDMwMDQ0MjA0M0QwNDU2MDQ0MTA0NDIwNDRDMDQyMDAwNDEwNDQyMDQ0MDA0MzgwNDNDMDQ0MzA0MzIwNDMwMDQ0MjA0MzgwNDIwMDAzNTA0M0MwNDNFMDQ0NjA0NTYwNDM5MDQzRDA0NTYwNDIwMDAzRjA0NDAwNDNFMDQ0RjA0MzIwNDM4MDQyRTAwDQo=</FormattedText>
						</VariantText>
						<VariantText CorrectAnswer="False">
							<PlainText>Швидкість перебудови динамічного стереотипу.</PlainText>
							<FormattedText>LTggMSAzIDINCi05IDEgMCAwIDAgMCAxMw0KOTYNCi05IDIgMCAwIDAgMCAxDQoNCjBFMDEwOTUzNzQ3OTZDNjU0RTYxNkQ2NTA2MEI0RTZGNzI2RDYxNkMyMDc0NjU3ODc0MEE1MzY5N0E2NTQ0NkY3NTYyNkM2NTAyMUMwODQ2NkY2RTc0NEU2MTZENjUwNjBGNTQ2OTZENjU3MzIwNEU2NTc3MjA1MjZGNkQ2MTZFMDc1NTZFNjk2MzZGNjQ2NTA5MDQ1MzY5N0E2NTAyMEUwMDAxMDg1Mzc0NjE2RTY0NjE3MjY0MDgwNzQzNjg2MTcyNzM2NTc0MDcwRjUyNTU1MzUzNDk0MTRFNUY0MzQ4NDE1MjUzNDU1NDBBNTM2OTdBNjU0NDZGNzU2MjZDNjUwMjFDMDg0NjZGNkU3NDRFNjE2RDY1MDYwRjU0Njk2RDY1NzMyMDRFNjU3NzIwNTI2RjZENjE2RTA3NTU2RTY5NjM2RjY0NjUwOTA0NTM2OTdBNjUwMjBFMDAwMA0KLTkgMiAwIDAgMCAwIDINCg0KMEUwMTA0NTQ2MTYyNzMwRTAwMDAwMA0KLTkgMiAwIDAgMCAwIDQNCg0KMEUwMA0KLTkgMCAwIDAgMCAwIDcNCjEgMSAwIDggMyAwDQoyODA0MzIwNDM4MDQzNDA0M0EwNDU2MDQ0MTA0NDIwNDRDMDQyMDAwM0YwNDM1MDQ0MDA0MzUwNDMxMDQ0MzA0MzQwNDNFMDQzMjA0MzgwNDIwMDAzNDA0MzgwNDNEMDQzMDA0M0MwNDU2MDQ0NzA0M0QwNDNFMDQzMzA0M0UwNDIwMDA0MTA0NDIwNDM1MDQ0MDA0MzUwNDNFMDQ0MjA0MzgwNDNGMDQ0MzA0MkUwMA0K</FormattedText>
						</VariantText>
						<VariantText CorrectAnswer="False">
							<PlainText>Автономні прояви емоційних реакцій на значущі подразники.</PlainText>
							<FormattedText>LTggMSAzIDINCi05IDEgMCAwIDAgMCAxMw0KOTYNCi05IDIgMCAwIDAgMCAxDQoNCjBFMDEwOTUzNzQ3OTZDNjU0RTYxNkQ2NTA2MEI0RTZGNzI2RDYxNkMyMDc0NjU3ODc0MEE1MzY5N0E2NTQ0NkY3NTYyNkM2NTAyMUMwODQ2NkY2RTc0NEU2MTZENjUwNjBGNTQ2OTZENjU3MzIwNEU2NTc3MjA1MjZGNkQ2MTZFMDc1NTZFNjk2MzZGNjQ2NTA5MDQ1MzY5N0E2NTAyMEUwMDAxMDg1Mzc0NjE2RTY0NjE3MjY0MDgwNzQzNjg2MTcyNzM2NTc0MDcwRjUyNTU1MzUzNDk0MTRFNUY0MzQ4NDE1MjUzNDU1NDBBNTM2OTdBNjU0NDZGNzU2MjZDNjUwMjFDMDg0NjZGNkU3NDRFNjE2RDY1MDYwRjU0Njk2RDY1NzMyMDRFNjU3NzIwNTI2RjZENjE2RTA3NTU2RTY5NjM2RjY0NjUwOTA0NTM2OTdBNjUwMjBFMDAwMA0KLTkgMiAwIDAgMCAwIDINCg0KMEUwMTA0NTQ2MTYyNzMwRTAwMDAwMA0KLTkgMiAwIDAgMCAwIDQNCg0KMEUwMA0KLTkgMCAwIDAgMCAwIDcNCjEgMSAwIDggMyAwDQoyMDAwMTAwNDMyMDQ0MjA0M0UwNDNEMDQzRTA0M0MwNDNEMDQ1NjA0MjAwMDNGMDQ0MDA0M0UwNDRGMDQzMjA0MzgwNDIwMDAzNTA0M0MwNDNFMDQ0NjA0NTYwNDM5MDQzRDA0MzgwNDQ1MDQyMDAwNDAwNDM1MDQzMDA0M0EwNDQ2MDQ1NjA0MzkwNDIwMDAzRDA0MzAwNDIwMDAzNzA0M0QwNDMwMDQ0NzA0NDMwNDQ5MDQ1NjA0MjAwMDNGMDQzRTA0MzQwNDQwMDQzMDA0MzcwNDNEMDQzODA0M0EwNDM4MDQyRTAwDQo=</FormattedText>
						</VariantText>
						<VariantText CorrectAnswer="False">
							<PlainText>Поведінкові прояви емоційних реакцій на значущі подразники.</PlainText>
							<FormattedText>LTggMSAzIDINCi05IDEgMCAwIDAgMCAxMw0KOTYNCi05IDIgMCAwIDAgMCAxDQoNCjBFMDEwOTUzNzQ3OTZDNjU0RTYxNkQ2NTA2MEI0RTZGNzI2RDYxNkMyMDc0NjU3ODc0MEE1MzY5N0E2NTQ0NkY3NTYyNkM2NTAyMUMwODQ2NkY2RTc0NEU2MTZENjUwNjBGNTQ2OTZENjU3MzIwNEU2NTc3MjA1MjZGNkQ2MTZFMDc1NTZFNjk2MzZGNjQ2NTA5MDQ1MzY5N0E2NTAyMEUwMDAxMDg1Mzc0NjE2RTY0NjE3MjY0MDgwNzQzNjg2MTcyNzM2NTc0MDcwRjUyNTU1MzUzNDk0MTRFNUY0MzQ4NDE1MjUzNDU1NDBBNTM2OTdBNjU0NDZGNzU2MjZDNjUwMjFDMDg0NjZGNkU3NDRFNjE2RDY1MDYwRjU0Njk2RDY1NzMyMDRFNjU3NzIwNTI2RjZENjE2RTA3NTU2RTY5NjM2RjY0NjUwOTA0NTM2OTdBNjUwMjBFMDAwMA0KLTkgMiAwIDAgMCAwIDINCg0KMEUwMTA0NTQ2MTYyNzMwRTAwMDAwMA0KLTkgMiAwIDAgMCAwIDQNCg0KMEUwMA0KLTkgMCAwIDAgMCAwIDcNCjEgMSAwIDggMyAwDQoxRjA0M0UwNDMyMDQzNTA0MzQwNDU2MDQzRDA0M0EwNDNFMDQzMjA0NTYwNDIwMDAzRjA0NDAwNDNFMDQ0RjA0MzIwNDM4MDQyMDAwMzUwNDNDMDQzRTA0NDYwNDU2MDQzOTA0M0QwNDM4MDQ0NTA0MjAwMDQwMDQzNTA0MzAwNDNBMDQ0NjA0NTYwNDM5MDQyMDAwM0QwNDMwMDQyMDAwMzcwNDNEMDQzMDA0NDcwNDQzMDQ0OTA0NTYwNDIwMDAzRjA0M0UwNDM0MDQ0MDA0MzAwNDM3MDQzRDA0MzgwNDNBMDQzODA0MkUwMA0K</FormattedText>
						</VariantText>
					</Variants>
				</Task>
				<!-- ***** -->
				<Task Type="TYPE_TASK_CHOICE_SINGLE" Score="1">
					<Title/>
					<QuestionText>
						<PlainText>Дайте визначення темпераменту людини.</PlainText>
						<FormattedText>LTggMSAzIDINCi05IDEgMCAwIDAgMCAxMw0KOTYNCi05IDIgMCAwIDAgMCAxDQoNCjBFMDEwOTUzNzQ3OTZDNjU0RTYxNkQ2NTA2MEI0RTZGNzI2RDYxNkMyMDc0NjU3ODc0MEE1MzY5N0E2NTQ0NkY3NTYyNkM2NTAyMUMwODQ2NkY2RTc0NEU2MTZENjUwNjBGNTQ2OTZENjU3MzIwNEU2NTc3MjA1MjZGNkQ2MTZFMDc1NTZFNjk2MzZGNjQ2NTA5MDQ1MzY5N0E2NTAyMEUwMDAxMDg1Mzc0NjE2RTY0NjE3MjY0MDgwNzQzNjg2MTcyNzM2NTc0MDcwRjUyNTU1MzUzNDk0MTRFNUY0MzQ4NDE1MjUzNDU1NDBBNTM2OTdBNjU0NDZGNzU2MjZDNjUwMjFDMDg0NjZGNkU3NDRFNjE2RDY1MDYwRjU0Njk2RDY1NzMyMDRFNjU3NzIwNTI2RjZENjE2RTA3NTU2RTY5NjM2RjY0NjUwOTA0NTM2OTdBNjUwMjBFMDAwMA0KLTkgMiAwIDAgMCAwIDINCg0KMEUwMTA0NTQ2MTYyNzMwRTAwMDAwMTA4NTM3NDYxNkU2NDYxNzI2NDA4MDk0MTZDNjk2NzZFNkQ2NTZFNzQwNzBBNzI3NjYxNEE3NTczNzQ2OTY2NzkwNDU0NjE2MjczMEUwMDAwMDANCi05IDIgMCAwIDAgMCA0DQoNCjBFMDANCi05IDAgMCAwIDAgMCA3DQoxIDIgMSA4IDMgMA0KMTQwNDMwMDQzOTA0NDIwNDM1MDQyMDAwMzIwNDM4MDQzNzA0M0QwNDMwMDQ0NzA0MzUwNDNEMDQzRDA0NEYwNDIwMDA0MjA0MzUwNDNDMDQzRjA0MzUwNDQwMDQzMDA0M0MwNDM1MDQzRDA0NDIwNDQzMDQyMDAwM0IwNDRFMDQzNDA0MzgwNDNEMDQzODA0MkUwMA0KDQo=</FormattedText>
					</QuestionText>
					<Options>
						<IsAllowRandom>true</IsAllowRandom>
						<IsCompulsory>false</IsCompulsory>
						<IsOnlyForEduMode>false</IsOnlyForEduMode>
						<IsDenyPartially>false</IsDenyPartially>
					</Options>
					<Variants>
						<VariantText CorrectAnswer="False">
							<PlainText>Особливості гальмування умовно-рефлекторних реакцій.</PlainText>
							<FormattedText>LTggMSAzIDINCi05IDEgMCAwIDAgMCAxMw0KOTYNCi05IDIgMCAwIDAgMCAxDQoNCjBFMDEwOTUzNzQ3OTZDNjU0RTYxNkQ2NTA2MEI0RTZGNzI2RDYxNkMyMDc0NjU3ODc0MEE1MzY5N0E2NTQ0NkY3NTYyNkM2NTAyMUMwODQ2NkY2RTc0NEU2MTZENjUwNjBGNTQ2OTZENjU3MzIwNEU2NTc3MjA1MjZGNkQ2MTZFMDc1NTZFNjk2MzZGNjQ2NTA5MDQ1MzY5N0E2NTAyMEUwMDAxMDg1Mzc0NjE2RTY0NjE3MjY0MDgwNzQzNjg2MTcyNzM2NTc0MDcwRjUyNTU1MzUzNDk0MTRFNUY0MzQ4NDE1MjUzNDU1NDBBNTM2OTdBNjU0NDZGNzU2MjZDNjUwMjFDMDg0NjZGNkU3NDRFNjE2RDY1MDYwRjU0Njk2RDY1NzMyMDRFNjU3NzIwNTI2RjZENjE2RTA3NTU2RTY5NjM2RjY0NjUwOTA0NTM2OTdBNjUwMjBFMDAwMA0KLTkgMiAwIDAgMCAwIDINCg0KMEUwMTA0NTQ2MTYyNzMwRTAwMDAwMA0KLTkgMiAwIDAgMCAwIDQNCg0KMEUwMA0KLTkgMCAwIDAgMCAwIDcNCjEgMSAwIDggMyAwDQoxRTA0NDEwNDNFMDQzMTA0M0IwNDM4MDQzMjA0M0UwNDQxMDQ0MjA0NTYwNDIwMDAzMzA0MzAwNDNCMDQ0QzA0M0MwNDQzMDQzMjA0MzAwNDNEMDQzRDA0NEYwNDIwMDA0MzA0M0MwNDNFMDQzMjA0M0QwNDNFMDQyRDAwNDAwNDM1MDQ0NDA0M0IwNDM1MDQzQTA0NDIwNDNFMDQ0MDA0M0QwNDM4MDQ0NTA0MjAwMDQwMDQzNTA0MzAwNDNBMDQ0NjA0NTYwNDM5MDQyRTAwDQo=</FormattedText>
						</VariantText>
						<VariantText CorrectAnswer="False">
							<PlainText>Особливості утворення умовно-рефлекторних реакцій.</PlainText>
							<FormattedText>LTggMSAzIDINCi05IDEgMCAwIDAgMCAxMw0KOTYNCi05IDIgMCAwIDAgMCAxDQoNCjBFMDEwOTUzNzQ3OTZDNjU0RTYxNkQ2NTA2MEI0RTZGNzI2RDYxNkMyMDc0NjU3ODc0MEE1MzY5N0E2NTQ0NkY3NTYyNkM2NTAyMUMwODQ2NkY2RTc0NEU2MTZENjUwNjBGNTQ2OTZENjU3MzIwNEU2NTc3MjA1MjZGNkQ2MTZFMDc1NTZFNjk2MzZGNjQ2NTA5MDQ1MzY5N0E2NTAyMEUwMDAxMDg1Mzc0NjE2RTY0NjE3MjY0MDgwNzQzNjg2MTcyNzM2NTc0MDcwRjUyNTU1MzUzNDk0MTRFNUY0MzQ4NDE1MjUzNDU1NDBBNTM2OTdBNjU0NDZGNzU2MjZDNjUwMjFDMDg0NjZGNkU3NDRFNjE2RDY1MDYwRjU0Njk2RDY1NzMyMDRFNjU3NzIwNTI2RjZENjE2RTA3NTU2RTY5NjM2RjY0NjUwOTA0NTM2OTdBNjUwMjBFMDAwMA0KLTkgMiAwIDAgMCAwIDINCg0KMEUwMTA0NTQ2MTYyNzMwRTAwMDAwMA0KLTkgMiAwIDAgMCAwIDQNCg0KMEUwMA0KLTkgMCAwIDAgMCAwIDcNCjEgMSAwIDggMyAwDQoyMDAwMUUwNDQxMDQzRTA0MzEwNDNCMDQzODA0MzIwNDNFMDQ0MTA0NDIwNDU2MDQyMDAwNDMwNDQyMDQzMjA0M0UwNDQwMDQzNTA0M0QwNDNEMDQ0RjA0MjAwMDQzMDQzQzA0M0UwNDMyMDQzRDA0M0UwNDJEMDA0MDA0MzUwNDQ0MDQzQjA0MzUwNDNBMDQ0MjA0M0UwNDQwMDQzRDA0MzgwNDQ1MDQyMDAwNDAwNDM1MDQzMDA0M0EwNDQ2MDQ1NjA0MzkwNDJFMDANCg==</FormattedText>
						</VariantText>
						<VariantText CorrectAnswer="True">
							<PlainText>Взаємодія вроджених і набутих властивостей основних процесів.</PlainText>
							<FormattedText>LTggMSAzIDINCi05IDEgMCAwIDAgMCAxMw0KOTYNCi05IDIgMCAwIDAgMCAxDQoNCjBFMDEwOTUzNzQ3OTZDNjU0RTYxNkQ2NTA2MEI0RTZGNzI2RDYxNkMyMDc0NjU3ODc0MEE1MzY5N0E2NTQ0NkY3NTYyNkM2NTAyMUMwODQ2NkY2RTc0NEU2MTZENjUwNjBGNTQ2OTZENjU3MzIwNEU2NTc3MjA1MjZGNkQ2MTZFMDc1NTZFNjk2MzZGNjQ2NTA5MDQ1MzY5N0E2NTAyMEUwMDAxMDg1Mzc0NjE2RTY0NjE3MjY0MDgwNzQzNjg2MTcyNzM2NTc0MDcwRjUyNTU1MzUzNDk0MTRFNUY0MzQ4NDE1MjUzNDU1NDBBNTM2OTdBNjU0NDZGNzU2MjZDNjUwMjFDMDg0NjZGNkU3NDRFNjE2RDY1MDYwRjU0Njk2RDY1NzMyMDRFNjU3NzIwNTI2RjZENjE2RTA3NTU2RTY5NjM2RjY0NjUwOTA0NTM2OTdBNjUwMjBFMDAwMA0KLTkgMiAwIDAgMCAwIDINCg0KMEUwMTA0NTQ2MTYyNzMwRTAwMDAwMA0KLTkgMiAwIDAgMCAwIDQNCg0KMEUwMA0KLTkgMCAwIDAgMCAwIDcNCjEgMSAwIDggMyAwDQoxMjA0MzcwNDMwMDQ1NDA0M0MwNDNFMDQzNDA0NTYwNDRGMDQyMDAwMzIwNDQwMDQzRTA0MzQwNDM2MDQzNTA0M0QwNDM4MDQ0NTA0MjAwMDU2MDQyMDAwM0QwNDMwMDQzMTA0NDMwNDQyMDQzODA0NDUwNDIwMDAzMjA0M0IwNDMwMDQ0MTA0NDIwNDM4MDQzMjA0M0UwNDQxMDQ0MjA0MzUwNDM5MDQyMDAwM0UwNDQxMDQzRDA0M0UwNDMyMDQzRDA0MzgwNDQ1MDQyMDAwM0YwNDQwMDQzRTA0NDYwNDM1MDQ0MTA0NTYwNDMyMDQyRTAwDQo=</FormattedText>
						</VariantText>
						<VariantText CorrectAnswer="False">
							<PlainText>Співвідношення «художнього» і «розумового» компонентів мислення.</PlainText>
							<FormattedText>LTggMSAzIDINCi05IDEgMCAwIDAgMCAxMw0KOTYNCi05IDIgMCAwIDAgMCAxDQoNCjBFMDEwOTUzNzQ3OTZDNjU0RTYxNkQ2NTA2MEI0RTZGNzI2RDYxNkMyMDc0NjU3ODc0MEE1MzY5N0E2NTQ0NkY3NTYyNkM2NTAyMUMwODQ2NkY2RTc0NEU2MTZENjUwNjBGNTQ2OTZENjU3MzIwNEU2NTc3MjA1MjZGNkQ2MTZFMDc1NTZFNjk2MzZGNjQ2NTA5MDQ1MzY5N0E2NTAyMEUwMDAxMDg1Mzc0NjE2RTY0NjE3MjY0MDgwNzQzNjg2MTcyNzM2NTc0MDcwRjUyNTU1MzUzNDk0MTRFNUY0MzQ4NDE1MjUzNDU1NDBBNTM2OTdBNjU0NDZGNzU2MjZDNjUwMjFDMDg0NjZGNkU3NDRFNjE2RDY1MDYwRjU0Njk2RDY1NzMyMDRFNjU3NzIwNTI2RjZENjE2RTA3NTU2RTY5NjM2RjY0NjUwOTA0NTM2OTdBNjUwMjBFMDAwMA0KLTkgMiAwIDAgMCAwIDINCg0KMEUwMTA0NTQ2MTYyNzMwRTAwMDAwMA0KLTkgMiAwIDAgMCAwIDQNCg0KMEUwMA0KLTkgMCAwIDAgMCAwIDcNCjEgMSAwIDggMyAwDQoyMTA0M0YwNDU2MDQzMjA0MzIwNDU2MDQzNDA0M0QwNDNFMDQ0ODA0MzUwNDNEMDQzRDA0NEYwNDIwMDBBQjAwNDUwNDQzMDQzNDA0M0UwNDM2MDQzRDA0NEMwNDNFMDQzMzA0M0UwNEJCMDAyMDAwNTYwNDIwMDBBQjAwNDAwNDNFMDQzNzA0NDMwNDNDMDQzRTA0MzIwNDNFMDQzMzA0M0UwNEJCMDAyMDAwM0EwNDNFMDQzQzA0M0YwNDNFMDQzRDA0MzUwNDNEMDQ0MjA0NTYwNDMyMDQyMDAwM0MwNDM4MDQ0MTA0M0IwNDM1MDQzRDA0M0QwNDRGMDQyRTAwDQo=</FormattedText>
						</VariantText>
						<VariantText CorrectAnswer="False">
							<PlainText>Вроджені особливості процесів збудження і гальмування.</PlainText>
							<FormattedText>LTggMSAzIDINCi05IDEgMCAwIDAgMCAxMw0KOTYNCi05IDIgMCAwIDAgMCAxDQoNCjBFMDEwOTUzNzQ3OTZDNjU0RTYxNkQ2NTA2MEI0RTZGNzI2RDYxNkMyMDc0NjU3ODc0MEE1MzY5N0E2NTQ0NkY3NTYyNkM2NTAyMUMwODQ2NkY2RTc0NEU2MTZENjUwNjBGNTQ2OTZENjU3MzIwNEU2NTc3MjA1MjZGNkQ2MTZFMDc1NTZFNjk2MzZGNjQ2NTA5MDQ1MzY5N0E2NTAyMEUwMDAxMDg1Mzc0NjE2RTY0NjE3MjY0MDgwNzQzNjg2MTcyNzM2NTc0MDcwRjUyNTU1MzUzNDk0MTRFNUY0MzQ4NDE1MjUzNDU1NDBBNTM2OTdBNjU0NDZGNzU2MjZDNjUwMjFDMDg0NjZGNkU3NDRFNjE2RDY1MDYwRjU0Njk2RDY1NzMyMDRFNjU3NzIwNTI2RjZENjE2RTA3NTU2RTY5NjM2RjY0NjUwOTA0NTM2OTdBNjUwMjBFMDAwMA0KLTkgMiAwIDAgMCAwIDINCg0KMEUwMTA0NTQ2MTYyNzMwRTAwMDAwMA0KLTkgMiAwIDAgMCAwIDQNCg0KMEUwMA0KLTkgMCAwIDAgMCAwIDcNCjEgMSAwIDggMyAwDQoxMjA0NDAwNDNFMDQzNDA0MzYwNDM1MDQzRDA0NTYwNDIwMDAzRTA0NDEwNDNFMDQzMTA0M0IwNDM4MDQzMjA0M0UwNDQxMDQ0MjA0NTYwNDIwMDAzRjA0NDAwNDNFMDQ0NjA0MzUwNDQxMDQ1NjA0MzIwNDIwMDAzNzA0MzEwNDQzMDQzNDA0MzYwNDM1MDQzRDA0M0QwNDRGMDQyMDAwNTYwNDIwMDAzMzA0MzAwNDNCMDQ0QzA0M0MwNDQzMDQzMjA0MzAwNDNEMDQzRDA0NEYwNDJFMDANCg==</FormattedText>
						</VariantText>
					</Variants>
				</Task>
				<!-- ***** -->
				<Task Type="TYPE_TASK_CHOICE_SINGLE" Score="1">
					<Title/>
					<QuestionText>
						<PlainText>Дайте визначення характеру людини.</PlainText>
						<FormattedText>LTggMSAzIDINCi05IDEgMCAwIDAgMCAxMw0KOTYNCi05IDIgMCAwIDAgMCAxDQoNCjBFMDEwOTUzNzQ3OTZDNjU0RTYxNkQ2NTA2MEI0RTZGNzI2RDYxNkMyMDc0NjU3ODc0MEE1MzY5N0E2NTQ0NkY3NTYyNkM2NTAyMUMwODQ2NkY2RTc0NEU2MTZENjUwNjBGNTQ2OTZENjU3MzIwNEU2NTc3MjA1MjZGNkQ2MTZFMDc1NTZFNjk2MzZGNjQ2NTA5MDQ1MzY5N0E2NTAyMEUwMDAxMDg1Mzc0NjE2RTY0NjE3MjY0MDgwNzQzNjg2MTcyNzM2NTc0MDcwRjUyNTU1MzUzNDk0MTRFNUY0MzQ4NDE1MjUzNDU1NDBBNTM2OTdBNjU0NDZGNzU2MjZDNjUwMjFDMDg0NjZGNkU3NDRFNjE2RDY1MDYwRjU0Njk2RDY1NzMyMDRFNjU3NzIwNTI2RjZENjE2RTA3NTU2RTY5NjM2RjY0NjUwOTA0NTM2OTdBNjUwMjBFMDAwMA0KLTkgMiAwIDAgMCAwIDINCg0KMEUwMTA0NTQ2MTYyNzMwRTAwMDAwMTA4NTM3NDYxNkU2NDYxNzI2NDA4MDk0MTZDNjk2NzZFNkQ2NTZFNzQwNzBBNzI3NjYxNEE3NTczNzQ2OTY2NzkwNDU0NjE2MjczMEUwMDAwMDANCi05IDIgMCAwIDAgMCA0DQoNCjBFMDANCi05IDAgMCAwIDAgMCA3DQoxIDIgMSA4IDMgMA0KMTQwNDMwMDQzOTA0NDIwNDM1MDQyMDAwMzIwNDM4MDQzNzA0M0QwNDMwMDQ0NzA0MzUwNDNEMDQzRDA0NEYwNDIwMDA0NTA0MzAwNDQwMDQzMDA0M0EwNDQyMDQzNTA0NDAwNDQzMDQyMDAwM0IwNDRFMDQzNDA0MzgwNDNEMDQzODA0MkUwMA0KDQo=</FormattedText>
					</QuestionText>
					<Options>
						<IsAllowRandom>true</IsAllowRandom>
						<IsCompulsory>false</IsCompulsory>
						<IsOnlyForEduMode>false</IsOnlyForEduMode>
						<IsDenyPartially>false</IsDenyPartially>
					</Options>
					<Variants>
						<VariantText CorrectAnswer="False">
							<PlainText>Особливості гальмування умовно-рефлекторних реакцій.</PlainText>
							<FormattedText>LTggMSAzIDINCi05IDEgMCAwIDAgMCAxMw0KOTYNCi05IDIgMCAwIDAgMCAxDQoNCjBFMDEwOTUzNzQ3OTZDNjU0RTYxNkQ2NTA2MEI0RTZGNzI2RDYxNkMyMDc0NjU3ODc0MEE1MzY5N0E2NTQ0NkY3NTYyNkM2NTAyMUMwODQ2NkY2RTc0NEU2MTZENjUwNjBGNTQ2OTZENjU3MzIwNEU2NTc3MjA1MjZGNkQ2MTZFMDc1NTZFNjk2MzZGNjQ2NTA5MDQ1MzY5N0E2NTAyMEUwMDAxMDg1Mzc0NjE2RTY0NjE3MjY0MDgwNzQzNjg2MTcyNzM2NTc0MDcwRjUyNTU1MzUzNDk0MTRFNUY0MzQ4NDE1MjUzNDU1NDBBNTM2OTdBNjU0NDZGNzU2MjZDNjUwMjFDMDg0NjZGNkU3NDRFNjE2RDY1MDYwRjU0Njk2RDY1NzMyMDRFNjU3NzIwNTI2RjZENjE2RTA3NTU2RTY5NjM2RjY0NjUwOTA0NTM2OTdBNjUwMjBFMDAwMA0KLTkgMiAwIDAgMCAwIDINCg0KMEUwMTA0NTQ2MTYyNzMwRTAwMDAwMA0KLTkgMiAwIDAgMCAwIDQNCg0KMEUwMA0KLTkgMCAwIDAgMCAwIDcNCjEgMSAwIDggMyAwDQoxRTA0NDEwNDNFMDQzMTA0M0IwNDM4MDQzMjA0M0UwNDQxMDQ0MjA0NTYwNDIwMDAzMzA0MzAwNDNCMDQ0QzA0M0MwNDQzMDQzMjA0MzAwNDNEMDQzRDA0NEYwNDIwMDA0MzA0M0MwNDNFMDQzMjA0M0QwNDNFMDQyRDAwNDAwNDM1MDQ0NDA0M0IwNDM1MDQzQTA0NDIwNDNFMDQ0MDA0M0QwNDM4MDQ0NTA0MjAwMDQwMDQzNTA0MzAwNDNBMDQ0NjA0NTYwNDM5MDQyRTAwDQo=</FormattedText>
						</VariantText>
						<VariantText CorrectAnswer="False">
							<PlainText>Особливості утворення умовно-рефлекторних реакцій.</PlainText>
							<FormattedText>LTggMSAzIDINCi05IDEgMCAwIDAgMCAxMw0KOTYNCi05IDIgMCAwIDAgMCAxDQoNCjBFMDEwOTUzNzQ3OTZDNjU0RTYxNkQ2NTA2MEI0RTZGNzI2RDYxNkMyMDc0NjU3ODc0MEE1MzY5N0E2NTQ0NkY3NTYyNkM2NTAyMUMwODQ2NkY2RTc0NEU2MTZENjUwNjBGNTQ2OTZENjU3MzIwNEU2NTc3MjA1MjZGNkQ2MTZFMDc1NTZFNjk2MzZGNjQ2NTA5MDQ1MzY5N0E2NTAyMEUwMDAxMDg1Mzc0NjE2RTY0NjE3MjY0MDgwNzQzNjg2MTcyNzM2NTc0MDcwRjUyNTU1MzUzNDk0MTRFNUY0MzQ4NDE1MjUzNDU1NDBBNTM2OTdBNjU0NDZGNzU2MjZDNjUwMjFDMDg0NjZGNkU3NDRFNjE2RDY1MDYwRjU0Njk2RDY1NzMyMDRFNjU3NzIwNTI2RjZENjE2RTA3NTU2RTY5NjM2RjY0NjUwOTA0NTM2OTdBNjUwMjBFMDAwMA0KLTkgMiAwIDAgMCAwIDINCg0KMEUwMTA0NTQ2MTYyNzMwRTAwMDAwMA0KLTkgMiAwIDAgMCAwIDQNCg0KMEUwMA0KLTkgMCAwIDAgMCAwIDcNCjEgMSAwIDggMyAwDQoxRTA0NDEwNDNFMDQzMTA0M0IwNDM4MDQzMjA0M0UwNDQxMDQ0MjA0NTYwNDIwMDA0MzA0NDIwNDMyMDQzRTA0NDAwNDM1MDQzRDA0M0QwNDRGMDQyMDAwNDMwNDNDMDQzRTA0MzIwNDNEMDQzRTA0MkQwMDQwMDQzNTA0NDQwNDNCMDQzNTA0M0EwNDQyMDQzRTA0NDAwNDNEMDQzODA0NDUwNDIwMDA0MDA0MzUwNDMwMDQzQTA0NDYwNDU2MDQzOTA0MkUwMA0K</FormattedText>
						</VariantText>
						<VariantText CorrectAnswer="True">
							<PlainText>Вплив середовища, виховання, навчання і трудової діяльності.</PlainText>
							<FormattedText>LTggMSAzIDINCi05IDEgMCAwIDAgMCAxMw0KOTYNCi05IDIgMCAwIDAgMCAxDQoNCjBFMDEwOTUzNzQ3OTZDNjU0RTYxNkQ2NTA2MEI0RTZGNzI2RDYxNkMyMDc0NjU3ODc0MEE1MzY5N0E2NTQ0NkY3NTYyNkM2NTAyMUMwODQ2NkY2RTc0NEU2MTZENjUwNjBGNTQ2OTZENjU3MzIwNEU2NTc3MjA1MjZGNkQ2MTZFMDc1NTZFNjk2MzZGNjQ2NTA5MDQ1MzY5N0E2NTAyMEUwMDAxMDg1Mzc0NjE2RTY0NjE3MjY0MDgwNzQzNjg2MTcyNzM2NTc0MDcwRjUyNTU1MzUzNDk0MTRFNUY0MzQ4NDE1MjUzNDU1NDBBNTM2OTdBNjU0NDZGNzU2MjZDNjUwMjFDMDg0NjZGNkU3NDRFNjE2RDY1MDYwRjU0Njk2RDY1NzMyMDRFNjU3NzIwNTI2RjZENjE2RTA3NTU2RTY5NjM2RjY0NjUwOTA0NTM2OTdBNjUwMjBFMDAwMA0KLTkgMiAwIDAgMCAwIDINCg0KMEUwMTA0NTQ2MTYyNzMwRTAwMDAwMA0KLTkgMiAwIDAgMCAwIDQNCg0KMEUwMA0KLTkgMCAwIDAgMCAwIDcNCjEgMSAwIDggMyAwDQoxMjA0M0YwNDNCMDQzODA0MzIwNDIwMDA0MTA0MzUwNDQwMDQzNTA0MzQwNDNFMDQzMjA0MzgwNDQ5MDQzMDA0MkMwMDIwMDAzMjA0MzgwNDQ1MDQzRTA0MzIwNDMwMDQzRDA0M0QwNDRGMDQyQzAwMjAwMDNEMDQzMDA0MzIwNDQ3MDQzMDA0M0QwNDNEMDQ0RjA0MjAwMDU2MDQyMDAwNDIwNDQwMDQ0MzA0MzQwNDNFMDQzMjA0M0UwNDU3MDQyMDAwMzQwNDU2MDQ0RjA0M0IwNDRDMDQzRDA0M0UwNDQxMDQ0MjA0NTYwNDJFMDANCg==</FormattedText>
						</VariantText>
						<VariantText CorrectAnswer="False">
							<PlainText>Взаємодія вроджених і набутих властивостей основних процесів.</PlainText>
							<FormattedText>LTggMSAzIDINCi05IDEgMCAwIDAgMCAxMw0KOTYNCi05IDIgMCAwIDAgMCAxDQoNCjBFMDEwOTUzNzQ3OTZDNjU0RTYxNkQ2NTA2MEI0RTZGNzI2RDYxNkMyMDc0NjU3ODc0MEE1MzY5N0E2NTQ0NkY3NTYyNkM2NTAyMUMwODQ2NkY2RTc0NEU2MTZENjUwNjBGNTQ2OTZENjU3MzIwNEU2NTc3MjA1MjZGNkQ2MTZFMDc1NTZFNjk2MzZGNjQ2NTA5MDQ1MzY5N0E2NTAyMEUwMDAxMDg1Mzc0NjE2RTY0NjE3MjY0MDgwNzQzNjg2MTcyNzM2NTc0MDcwRjUyNTU1MzUzNDk0MTRFNUY0MzQ4NDE1MjUzNDU1NDBBNTM2OTdBNjU0NDZGNzU2MjZDNjUwMjFDMDg0NjZGNkU3NDRFNjE2RDY1MDYwRjU0Njk2RDY1NzMyMDRFNjU3NzIwNTI2RjZENjE2RTA3NTU2RTY5NjM2RjY0NjUwOTA0NTM2OTdBNjUwMjBFMDAwMA0KLTkgMiAwIDAgMCAwIDINCg0KMEUwMTA0NTQ2MTYyNzMwRTAwMDAwMA0KLTkgMiAwIDAgMCAwIDQNCg0KMEUwMA0KLTkgMCAwIDAgMCAwIDcNCjEgMSAwIDggMyAwDQoxMjA0MzcwNDMwMDQ1NDA0M0MwNDNFMDQzNDA0NTYwNDRGMDQyMDAwMzIwNDQwMDQzRTA0MzQwNDM2MDQzNTA0M0QwNDM4MDQ0NTA0MjAwMDU2MDQyMDAwM0QwNDMwMDQzMTA0NDMwNDQyMDQzODA0NDUwNDIwMDAzMjA0M0IwNDMwMDQ0MTA0NDIwNDM4MDQzMjA0M0UwNDQxMDQ0MjA0MzUwNDM5MDQyMDAwM0UwNDQxMDQzRDA0M0UwNDMyMDQzRDA0MzgwNDQ1MDQyMDAwM0YwNDQwMDQzRTA0NDYwNDM1MDQ0MTA0NTYwNDMyMDQyRTAwDQo=</FormattedText>
						</VariantText>
						<VariantText CorrectAnswer="False">
							<PlainText>Вроджені особливості процесів збудження і гальмування.</PlainText>
							<FormattedText>LTggMSAzIDINCi05IDEgMCAwIDAgMCAxMw0KOTYNCi05IDIgMCAwIDAgMCAxDQoNCjBFMDEwOTUzNzQ3OTZDNjU0RTYxNkQ2NTA2MEI0RTZGNzI2RDYxNkMyMDc0NjU3ODc0MEE1MzY5N0E2NTQ0NkY3NTYyNkM2NTAyMUMwODQ2NkY2RTc0NEU2MTZENjUwNjBGNTQ2OTZENjU3MzIwNEU2NTc3MjA1MjZGNkQ2MTZFMDc1NTZFNjk2MzZGNjQ2NTA5MDQ1MzY5N0E2NTAyMEUwMDAxMDg1Mzc0NjE2RTY0NjE3MjY0MDgwNzQzNjg2MTcyNzM2NTc0MDcwRjUyNTU1MzUzNDk0MTRFNUY0MzQ4NDE1MjUzNDU1NDBBNTM2OTdBNjU0NDZGNzU2MjZDNjUwMjFDMDg0NjZGNkU3NDRFNjE2RDY1MDYwRjU0Njk2RDY1NzMyMDRFNjU3NzIwNTI2RjZENjE2RTA3NTU2RTY5NjM2RjY0NjUwOTA0NTM2OTdBNjUwMjBFMDAwMA0KLTkgMiAwIDAgMCAwIDINCg0KMEUwMTA0NTQ2MTYyNzMwRTAwMDAwMA0KLTkgMiAwIDAgMCAwIDQNCg0KMEUwMA0KLTkgMCAwIDAgMCAwIDcNCjEgMSAwIDggMyAwDQoxMjA0NDAwNDNFMDQzNDA0MzYwNDM1MDQzRDA0NTYwNDIwMDAzRTA0NDEwNDNFMDQzMTA0M0IwNDM4MDQzMjA0M0UwNDQxMDQ0MjA0NTYwNDIwMDAzRjA0NDAwNDNFMDQ0NjA0MzUwNDQxMDQ1NjA0MzIwNDIwMDAzNzA0MzEwNDQzMDQzNDA0MzYwNDM1MDQzRDA0M0QwNDRGMDQyMDAwNTYwNDIwMDAzMzA0MzAwNDNCMDQ0QzA0M0MwNDQzMDQzMjA0MzAwNDNEMDQzRDA0NEYwNDJFMDANCg==</FormattedText>
						</VariantText>
					</Variants>
				</Task>
				<!-- ***** -->
				<Task Type="TYPE_TASK_CHOICE_SINGLE" Score="1">
					<Title/>
					<QuestionText>
						<PlainText>Що із наведеного може бути причиною порушення вищої нервової діяльності?</PlainText>
						<FormattedText>LTggMSAzIDINCi05IDEgMCAwIDAgMCAxMw0KOTYNCi05IDIgMCAwIDAgMCAxDQoNCjBFMDEwOTUzNzQ3OTZDNjU0RTYxNkQ2NTA2MEI0RTZGNzI2RDYxNkMyMDc0NjU3ODc0MEE1MzY5N0E2NTQ0NkY3NTYyNkM2NTAyMUMwODQ2NkY2RTc0NEU2MTZENjUwNjBGNTQ2OTZENjU3MzIwNEU2NTc3MjA1MjZGNkQ2MTZFMDc1NTZFNjk2MzZGNjQ2NTA5MDQ1MzY5N0E2NTAyMEUwMDAxMDg1Mzc0NjE2RTY0NjE3MjY0MDgwNzQzNjg2MTcyNzM2NTc0MDcwRjUyNTU1MzUzNDk0MTRFNUY0MzQ4NDE1MjUzNDU1NDBBNTM2OTdBNjU0NDZGNzU2MjZDNjUwMjFDMDg0NjZGNkU3NDRFNjE2RDY1MDYwRjU0Njk2RDY1NzMyMDRFNjU3NzIwNTI2RjZENjE2RTA3NTU2RTY5NjM2RjY0NjUwOTA0NTM2OTdBNjUwMjBFMDAwMA0KLTkgMiAwIDAgMCAwIDINCg0KMEUwMTA0NTQ2MTYyNzMwRTAwMDAwMTA4NTM3NDYxNkU2NDYxNzI2NDA4MDk0MTZDNjk2NzZFNkQ2NTZFNzQwNzBBNzI3NjYxNEE3NTczNzQ2OTY2NzkwNDU0NjE2MjczMEUwMDAwMDANCi05IDIgMCAwIDAgMCA0DQoNCjBFMDANCi05IDAgMCAwIDAgMCA3DQoxIDIgMSA4IDMgMA0KMjkwNDNFMDQyMDAwNTYwNDM3MDQyMDAwM0QwNDMwMDQzMjA0MzUwNDM0MDQzNTA0M0QwNDNFMDQzMzA0M0UwNDIwMDAzQzA0M0UwNDM2MDQzNTA0MjAwMDMxMDQ0MzA0NDIwNDM4MDQyMDAwM0YwNDQwMDQzODA0NDcwNDM4MDQzRDA0M0UwNDRFMDQyMDAwM0YwNDNFMDQ0MDA0NDMwNDQ4MDQzNTA0M0QwNDNEMDQ0RjA0MjAwMDMyMDQzODA0NDkwNDNFMDQ1NzA0MjAwMDNEMDQzNTA0NDAwNDMyMDQzRTA0MzIwNDNFMDQ1NzA0MjAwMDM0MDQ1NjA0NEYwNDNCMDQ0QzA0M0QwNDNFMDQ0MTA0NDIwNDU2MDQzRjAwDQoNCg==</FormattedText>
					</QuestionText>
					<Options>
						<IsAllowRandom>true</IsAllowRandom>
						<IsCompulsory>false</IsCompulsory>
						<IsOnlyForEduMode>false</IsOnlyForEduMode>
						<IsDenyPartially>false</IsDenyPartially>
					</Options>
					<Variants>
						<VariantText CorrectAnswer="False">
							<PlainText>Інертність основних нервових процесів.</PlainText>
							<FormattedText>LTggMSAzIDINCi05IDEgMCAwIDAgMCAxMw0KOTYNCi05IDIgMCAwIDAgMCAxDQoNCjBFMDEwOTUzNzQ3OTZDNjU0RTYxNkQ2NTA2MEI0RTZGNzI2RDYxNkMyMDc0NjU3ODc0MEE1MzY5N0E2NTQ0NkY3NTYyNkM2NTAyMUMwODQ2NkY2RTc0NEU2MTZENjUwNjBGNTQ2OTZENjU3MzIwNEU2NTc3MjA1MjZGNkQ2MTZFMDc1NTZFNjk2MzZGNjQ2NTA5MDQ1MzY5N0E2NTAyMEUwMDAxMDg1Mzc0NjE2RTY0NjE3MjY0MDgwNzQzNjg2MTcyNzM2NTc0MDcwRjUyNTU1MzUzNDk0MTRFNUY0MzQ4NDE1MjUzNDU1NDBBNTM2OTdBNjU0NDZGNzU2MjZDNjUwMjFDMDg0NjZGNkU3NDRFNjE2RDY1MDYwRjU0Njk2RDY1NzMyMDRFNjU3NzIwNTI2RjZENjE2RTA3NTU2RTY5NjM2RjY0NjUwOTA0NTM2OTdBNjUwMjBFMDAwMA0KLTkgMiAwIDAgMCAwIDINCg0KMEUwMTA0NTQ2MTYyNzMwRTAwMDAwMA0KLTkgMiAwIDAgMCAwIDQNCg0KMEUwMA0KLTkgMCAwIDAgMCAwIDcNCjEgMSAwIDggMyAwDQowNjA0M0QwNDM1MDQ0MDA0NDIwNDNEMDQ1NjA0NDEwNDQyMDQ0QzA0MjAwMDNFMDQ0MTA0M0QwNDNFMDQzMjA0M0QwNDM4MDQ0NTA0MjAwMDNEMDQzNTA0NDAwNDMyMDQzRTA0MzIwNDM4MDQ0NTA0MjAwMDNGMDQ0MDA0M0UwNDQ2MDQzNTA0NDEwNDU2MDQzMjA0MkUwMA0K</FormattedText>
						</VariantText>
						<VariantText CorrectAnswer="False">
							<PlainText>Порушення самоконтролю і самовладання.</PlainText>
							<FormattedText>LTggMSAzIDINCi05IDEgMCAwIDAgMCAxMw0KOTYNCi05IDIgMCAwIDAgMCAxDQoNCjBFMDEwOTUzNzQ3OTZDNjU0RTYxNkQ2NTA2MEI0RTZGNzI2RDYxNkMyMDc0NjU3ODc0MEE1MzY5N0E2NTQ0NkY3NTYyNkM2NTAyMUMwODQ2NkY2RTc0NEU2MTZENjUwNjBGNTQ2OTZENjU3MzIwNEU2NTc3MjA1MjZGNkQ2MTZFMDc1NTZFNjk2MzZGNjQ2NTA5MDQ1MzY5N0E2NTAyMEUwMDAxMDg1Mzc0NjE2RTY0NjE3MjY0MDgwNzQzNjg2MTcyNzM2NTc0MDcwRjUyNTU1MzUzNDk0MTRFNUY0MzQ4NDE1MjUzNDU1NDBBNTM2OTdBNjU0NDZGNzU2MjZDNjUwMjFDMDg0NjZGNkU3NDRFNjE2RDY1MDYwRjU0Njk2RDY1NzMyMDRFNjU3NzIwNTI2RjZENjE2RTA3NTU2RTY5NjM2RjY0NjUwOTA0NTM2OTdBNjUwMjBFMDAwMA0KLTkgMiAwIDAgMCAwIDINCg0KMEUwMTA0NTQ2MTYyNzMwRTAwMDAwMA0KLTkgMiAwIDAgMCAwIDQNCg0KMEUwMA0KLTkgMCAwIDAgMCAwIDcNCjEgMSAwIDggMyAwDQoxRjA0M0UwNDQwMDQ0MzA0NDgwNDM1MDQzRDA0M0QwNDRGMDQyMDAwNDEwNDMwMDQzQzA0M0UwNDNBMDQzRTA0M0QwNDQyMDQ0MDA0M0UwNDNCMDQ0RTA0MjAwMDU2MDQyMDAwNDEwNDMwMDQzQzA0M0UwNDMyMDQzQjA0MzAwNDM0MDQzMDA0M0QwNDNEMDQ0RjA0MkUwMA0K</FormattedText>
						</VariantText>
						<VariantText CorrectAnswer="False">
							<PlainText>Слабкість основних нервових процесів.</PlainText>
							<FormattedText>LTggMSAzIDINCi05IDEgMCAwIDAgMCAxMw0KOTYNCi05IDIgMCAwIDAgMCAxDQoNCjBFMDEwOTUzNzQ3OTZDNjU0RTYxNkQ2NTA2MEI0RTZGNzI2RDYxNkMyMDc0NjU3ODc0MEE1MzY5N0E2NTQ0NkY3NTYyNkM2NTAyMUMwODQ2NkY2RTc0NEU2MTZENjUwNjBGNTQ2OTZENjU3MzIwNEU2NTc3MjA1MjZGNkQ2MTZFMDc1NTZFNjk2MzZGNjQ2NTA5MDQ1MzY5N0E2NTAyMEUwMDAxMDg1Mzc0NjE2RTY0NjE3MjY0MDgwNzQzNjg2MTcyNzM2NTc0MDcwRjUyNTU1MzUzNDk0MTRFNUY0MzQ4NDE1MjUzNDU1NDBBNTM2OTdBNjU0NDZGNzU2MjZDNjUwMjFDMDg0NjZGNkU3NDRFNjE2RDY1MDYwRjU0Njk2RDY1NzMyMDRFNjU3NzIwNTI2RjZENjE2RTA3NTU2RTY5NjM2RjY0NjUwOTA0NTM2OTdBNjUwMjBFMDAwMA0KLTkgMiAwIDAgMCAwIDINCg0KMEUwMTA0NTQ2MTYyNzMwRTAwMDAwMA0KLTkgMiAwIDAgMCAwIDQNCg0KMEUwMA0KLTkgMCAwIDAgMCAwIDcNCjEgMSAwIDggMyAwDQoyMTA0M0IwNDMwMDQzMTA0M0EwNDU2MDQ0MTA0NDIwNDRDMDQyMDAwM0UwNDQxMDQzRDA0M0UwNDMyMDQzRDA0MzgwNDQ1MDQyMDAwM0QwNDM1MDQ0MDA0MzIwNDNFMDQzMjA0MzgwNDQ1MDQyMDAwM0YwNDQwMDQzRTA0NDYwNDM1MDQ0MTA0NTYwNDMyMDQyRTAwDQo=</FormattedText>
						</VariantText>
						<VariantText CorrectAnswer="False">
							<PlainText>Хронічні захворювання, що супроводжуються больовим синдромом.</PlainText>
							<FormattedText>LTggMSAzIDINCi05IDEgMCAwIDAgMCAxMw0KOTYNCi05IDIgMCAwIDAgMCAxDQoNCjBFMDEwOTUzNzQ3OTZDNjU0RTYxNkQ2NTA2MEI0RTZGNzI2RDYxNkMyMDc0NjU3ODc0MEE1MzY5N0E2NTQ0NkY3NTYyNkM2NTAyMUMwODQ2NkY2RTc0NEU2MTZENjUwNjBGNTQ2OTZENjU3MzIwNEU2NTc3MjA1MjZGNkQ2MTZFMDc1NTZFNjk2MzZGNjQ2NTA5MDQ1MzY5N0E2NTAyMEUwMDAxMDg1Mzc0NjE2RTY0NjE3MjY0MDgwNzQzNjg2MTcyNzM2NTc0MDcwRjUyNTU1MzUzNDk0MTRFNUY0MzQ4NDE1MjUzNDU1NDBBNTM2OTdBNjU0NDZGNzU2MjZDNjUwMjFDMDg0NjZGNkU3NDRFNjE2RDY1MDYwRjU0Njk2RDY1NzMyMDRFNjU3NzIwNTI2RjZENjE2RTA3NTU2RTY5NjM2RjY0NjUwOTA0NTM2OTdBNjUwMjBFMDAwMA0KLTkgMiAwIDAgMCAwIDINCg0KMEUwMTA0NTQ2MTYyNzMwRTAwMDAwMA0KLTkgMiAwIDAgMCAwIDQNCg0KMEUwMA0KLTkgMCAwIDAgMCAwIDcNCjEgMSAwIDggMyAwDQoyNTA0NDAwNDNFMDQzRDA0NTYwNDQ3MDQzRDA0NTYwNDIwMDAzNzA0MzAwNDQ1MDQzMjA0M0UwNDQwMDQ0RTA0MzIwNDMwMDQzRDA0M0QwNDRGMDQyQzAwMjAwMDQ5MDQzRTA0MjAwMDQxMDQ0MzA0M0YwNDQwMDQzRTA0MzIwNDNFMDQzNDA0MzYwNDQzMDQ0RTA0NDIwNDRDMDQ0MTA0NEYwNDIwMDAzMTA0M0UwNDNCMDQ0QzA0M0UwNDMyMDQzODA0M0MwNDIwMDA0MTA0MzgwNDNEMDQzNDA0NDAwNDNFMDQzQzA0M0UwNDNDMDQyRTAwDQo=</FormattedText>
						</VariantText>
						<VariantText CorrectAnswer="True">
							<PlainText>Перенапруження процесу збудження.</PlainText>
							<FormattedText>LTggMSAzIDINCi05IDEgMCAwIDAgMCAxMw0KOTYNCi05IDIgMCAwIDAgMCAxDQoNCjBFMDEwOTUzNzQ3OTZDNjU0RTYxNkQ2NTA2MEI0RTZGNzI2RDYxNkMyMDc0NjU3ODc0MEE1MzY5N0E2NTQ0NkY3NTYyNkM2NTAyMUMwODQ2NkY2RTc0NEU2MTZENjUwNjBGNTQ2OTZENjU3MzIwNEU2NTc3MjA1MjZGNkQ2MTZFMDc1NTZFNjk2MzZGNjQ2NTA5MDQ1MzY5N0E2NTAyMEUwMDAxMDg1Mzc0NjE2RTY0NjE3MjY0MDgwNzQzNjg2MTcyNzM2NTc0MDcwRjUyNTU1MzUzNDk0MTRFNUY0MzQ4NDE1MjUzNDU1NDBBNTM2OTdBNjU0NDZGNzU2MjZDNjUwMjFDMDg0NjZGNkU3NDRFNjE2RDY1MDYwRjU0Njk2RDY1NzMyMDRFNjU3NzIwNTI2RjZENjE2RTA3NTU2RTY5NjM2RjY0NjUwOTA0NTM2OTdBNjUwMjBFMDAwMA0KLTkgMiAwIDAgMCAwIDINCg0KMEUwMTA0NTQ2MTYyNzMwRTAwMDAwMA0KLTkgMiAwIDAgMCAwIDQNCg0KMEUwMA0KLTkgMCAwIDAgMCAwIDcNCjEgMSAwIDggMyAwDQoxRjA0MzUwNDQwMDQzNTA0M0QwNDMwMDQzRjA0NDAwNDQzMDQzNjA0MzUwNDNEMDQzRDA0NEYwNDIwMDAzRjA0NDAwNDNFMDQ0NjA0MzUwNDQxMDQ0MzA0MjAwMDM3MDQzMTA0NDMwNDM0MDQzNjA0MzUwNDNEMDQzRDA0NEYwNDJFMDANCg==</FormattedText>
						</VariantText>
					</Variants>
				</Task>
				<!-- ***** -->
				<Task Type="TYPE_TASK_CHOICE_SINGLE" Score="1">
					<Title/>
					<QuestionText>
						<PlainText>На яких процесах заснована перша сигнальна система?</PlainText>
						<FormattedText>LTggMSAzIDINCi05IDEgMCAwIDAgMCAxMw0KOTYNCi05IDIgMCAwIDAgMCAxDQoNCjBFMDEwOTUzNzQ3OTZDNjU0RTYxNkQ2NTA2MEI0RTZGNzI2RDYxNkMyMDc0NjU3ODc0MEE1MzY5N0E2NTQ0NkY3NTYyNkM2NTAyMUMwODQ2NkY2RTc0NEU2MTZENjUwNjBGNTQ2OTZENjU3MzIwNEU2NTc3MjA1MjZGNkQ2MTZFMDc1NTZFNjk2MzZGNjQ2NTA5MDQ1MzY5N0E2NTAyMEUwMDAxMDg1Mzc0NjE2RTY0NjE3MjY0MDgwNzQzNjg2MTcyNzM2NTc0MDcwRjUyNTU1MzUzNDk0MTRFNUY0MzQ4NDE1MjUzNDU1NDBBNTM2OTdBNjU0NDZGNzU2MjZDNjUwMjFDMDg0NjZGNkU3NDRFNjE2RDY1MDYwRjU0Njk2RDY1NzMyMDRFNjU3NzIwNTI2RjZENjE2RTA3NTU2RTY5NjM2RjY0NjUwOTA0NTM2OTdBNjUwMjBFMDAwMA0KLTkgMiAwIDAgMCAwIDINCg0KMEUwMTA0NTQ2MTYyNzMwRTAwMDAwMTA4NTM3NDYxNkU2NDYxNzI2NDA4MDk0MTZDNjk2NzZFNkQ2NTZFNzQwNzBBNzI3NjYxNEE3NTczNzQ2OTY2NzkwNDU0NjE2MjczMEUwMDAwMDANCi05IDIgMCAwIDAgMCA0DQoNCjBFMDANCi05IDAgMCAwIDAgMCA3DQoxIDIgMSA4IDMgMA0KMUQwNDMwMDQyMDAwNEYwNDNBMDQzODA0NDUwNDIwMDAzRjA0NDAwNDNFMDQ0NjA0MzUwNDQxMDQzMDA0NDUwNDIwMDAzNzA0MzAwNDQxMDQzRDA0M0UwNDMyMDQzMDA0M0QwNDMwMDQyMDAwM0YwNDM1MDQ0MDA0NDgwNDMwMDQyMDAwNDEwNDM4MDQzMzA0M0QwNDMwMDQzQjA0NEMwNDNEMDQzMDA0MjAwMDQxMDQzODA0NDEwNDQyMDQzNTA0M0MwNDMwMDQzRjAwDQoNCg==</FormattedText>
					</QuestionText>
					<Options>
						<IsAllowRandom>true</IsAllowRandom>
						<IsCompulsory>false</IsCompulsory>
						<IsOnlyForEduMode>false</IsOnlyForEduMode>
						<IsDenyPartially>false</IsDenyPartially>
					</Options>
					<Variants>
						<VariantText CorrectAnswer="True">
							<PlainText>Безумовних рефлексах.</PlainText>
							<FormattedText>LTggMSAzIDINCi05IDEgMCAwIDAgMCAxMw0KOTYNCi05IDIgMCAwIDAgMCAxDQoNCjBFMDEwOTUzNzQ3OTZDNjU0RTYxNkQ2NTA2MEI0RTZGNzI2RDYxNkMyMDc0NjU3ODc0MEE1MzY5N0E2NTQ0NkY3NTYyNkM2NTAyMUMwODQ2NkY2RTc0NEU2MTZENjUwNjBGNTQ2OTZENjU3MzIwNEU2NTc3MjA1MjZGNkQ2MTZFMDc1NTZFNjk2MzZGNjQ2NTA5MDQ1MzY5N0E2NTAyMEUwMDAxMDg1Mzc0NjE2RTY0NjE3MjY0MDgwNzQzNjg2MTcyNzM2NTc0MDcwRjUyNTU1MzUzNDk0MTRFNUY0MzQ4NDE1MjUzNDU1NDBBNTM2OTdBNjU0NDZGNzU2MjZDNjUwMjFDMDg0NjZGNkU3NDRFNjE2RDY1MDYwRjU0Njk2RDY1NzMyMDRFNjU3NzIwNTI2RjZENjE2RTA3NTU2RTY5NjM2RjY0NjUwOTA0NTM2OTdBNjUwMjBFMDAwMA0KLTkgMiAwIDAgMCAwIDINCg0KMEUwMTA0NTQ2MTYyNzMwRTAwMDAwMA0KLTkgMiAwIDAgMCAwIDQNCg0KMEUwMA0KLTkgMCAwIDAgMCAwIDcNCjEgMSAwIDggMyAwDQoxMTA0MzUwNDM3MDQ0MzA0M0MwNDNFMDQzMjA0M0QwNDM4MDQ0NTA0MjAwMDQwMDQzNTA0NDQwNDNCMDQzNTA0M0EwNDQxMDQzMDA0NDUwNDJFMDANCg==</FormattedText>
						</VariantText>
						<VariantText CorrectAnswer="False">
							<PlainText>Умовних рефлексах.</PlainText>
							<FormattedText>LTggMSAzIDINCi05IDEgMCAwIDAgMCAxMw0KOTYNCi05IDIgMCAwIDAgMCAxDQoNCjBFMDEwOTUzNzQ3OTZDNjU0RTYxNkQ2NTA2MEI0RTZGNzI2RDYxNkMyMDc0NjU3ODc0MEE1MzY5N0E2NTQ0NkY3NTYyNkM2NTAyMUMwODQ2NkY2RTc0NEU2MTZENjUwNjBGNTQ2OTZENjU3MzIwNEU2NTc3MjA1MjZGNkQ2MTZFMDc1NTZFNjk2MzZGNjQ2NTA5MDQ1MzY5N0E2NTAyMEUwMDAxMDg1Mzc0NjE2RTY0NjE3MjY0MDgwNzQzNjg2MTcyNzM2NTc0MDcwRjUyNTU1MzUzNDk0MTRFNUY0MzQ4NDE1MjUzNDU1NDBBNTM2OTdBNjU0NDZGNzU2MjZDNjUwMjFDMDg0NjZGNkU3NDRFNjE2RDY1MDYwRjU0Njk2RDY1NzMyMDRFNjU3NzIwNTI2RjZENjE2RTA3NTU2RTY5NjM2RjY0NjUwOTA0NTM2OTdBNjUwMjBFMDAwMA0KLTkgMiAwIDAgMCAwIDINCg0KMEUwMTA0NTQ2MTYyNzMwRTAwMDAwMA0KLTkgMiAwIDAgMCAwIDQNCg0KMEUwMA0KLTkgMCAwIDAgMCAwIDcNCjEgMSAwIDggMyAwDQoyMzA0M0MwNDNFMDQzMjA0M0QwNDM4MDQ0NTA0MjAwMDQwMDQzNTA0NDQwNDNCMDQzNTA0M0EwNDQxMDQzMDA0NDUwNDJFMDANCg==</FormattedText>
						</VariantText>
						<VariantText CorrectAnswer="False">
							<PlainText>Інстинктах.</PlainText>
							<FormattedText>LTggMSAzIDINCi05IDEgMCAwIDAgMCAxMw0KOTYNCi05IDIgMCAwIDAgMCAxDQoNCjBFMDEwOTUzNzQ3OTZDNjU0RTYxNkQ2NTA2MEI0RTZGNzI2RDYxNkMyMDc0NjU3ODc0MEE1MzY5N0E2NTQ0NkY3NTYyNkM2NTAyMUMwODQ2NkY2RTc0NEU2MTZENjUwNjBGNTQ2OTZENjU3MzIwNEU2NTc3MjA1MjZGNkQ2MTZFMDc1NTZFNjk2MzZGNjQ2NTA5MDQ1MzY5N0E2NTAyMEUwMDAxMDg1Mzc0NjE2RTY0NjE3MjY0MDgwNzQzNjg2MTcyNzM2NTc0MDcwRjUyNTU1MzUzNDk0MTRFNUY0MzQ4NDE1MjUzNDU1NDBBNTM2OTdBNjU0NDZGNzU2MjZDNjUwMjFDMDg0NjZGNkU3NDRFNjE2RDY1MDYwRjU0Njk2RDY1NzMyMDRFNjU3NzIwNTI2RjZENjE2RTA3NTU2RTY5NjM2RjY0NjUwOTA0NTM2OTdBNjUwMjBFMDAwMA0KLTkgMiAwIDAgMCAwIDINCg0KMEUwMTA0NTQ2MTYyNzMwRTAwMDAwMA0KLTkgMiAwIDAgMCAwIDQNCg0KMEUwMA0KLTkgMCAwIDAgMCAwIDcNCjEgMSAwIDggMyAwDQowNjA0M0QwNDQxMDQ0MjA0MzgwNDNEMDQzQTA0NDIwNDMwMDQ0NTA0MkUwMDIwMDANCg==</FormattedText>
						</VariantText>
						<VariantText CorrectAnswer="False">
							<PlainText>Комплексних рефлексах.</PlainText>
							<FormattedText>LTggMSAzIDINCi05IDEgMCAwIDAgMCAxMw0KOTYNCi05IDIgMCAwIDAgMCAxDQoNCjBFMDEwOTUzNzQ3OTZDNjU0RTYxNkQ2NTA2MEI0RTZGNzI2RDYxNkMyMDc0NjU3ODc0MEE1MzY5N0E2NTQ0NkY3NTYyNkM2NTAyMUMwODQ2NkY2RTc0NEU2MTZENjUwNjBGNTQ2OTZENjU3MzIwNEU2NTc3MjA1MjZGNkQ2MTZFMDc1NTZFNjk2MzZGNjQ2NTA5MDQ1MzY5N0E2NTAyMEUwMDAxMDg1Mzc0NjE2RTY0NjE3MjY0MDgwNzQzNjg2MTcyNzM2NTc0MDcwRjUyNTU1MzUzNDk0MTRFNUY0MzQ4NDE1MjUzNDU1NDBBNTM2OTdBNjU0NDZGNzU2MjZDNjUwMjFDMDg0NjZGNkU3NDRFNjE2RDY1MDYwRjU0Njk2RDY1NzMyMDRFNjU3NzIwNTI2RjZENjE2RTA3NTU2RTY5NjM2RjY0NjUwOTA0NTM2OTdBNjUwMjBFMDAwMA0KLTkgMiAwIDAgMCAwIDINCg0KMEUwMTA0NTQ2MTYyNzMwRTAwMDAwMA0KLTkgMiAwIDAgMCAwIDQNCg0KMEUwMA0KLTkgMCAwIDAgMCAwIDcNCjEgMSAwIDggMyAwDQoyMDAwMUEwNDNFMDQzQzA0M0YwNDNCMDQzNTA0M0EwNDQxMDQzRDA0MzgwNDQ1MDQyMDAwNDAwNDM1MDQ0NDA0M0IwNDM1MDQzQTA0NDEwNDMwMDQ0NTA0MkUwMA0K</FormattedText>
						</VariantText>
						<VariantText CorrectAnswer="False">
							<PlainText>Рефлексах другого порядку.</PlainText>
							<FormattedText>LTggMSAzIDINCi05IDEgMCAwIDAgMCAxMw0KOTYNCi05IDIgMCAwIDAgMCAxDQoNCjBFMDEwOTUzNzQ3OTZDNjU0RTYxNkQ2NTA2MEI0RTZGNzI2RDYxNkMyMDc0NjU3ODc0MEE1MzY5N0E2NTQ0NkY3NTYyNkM2NTAyMUMwODQ2NkY2RTc0NEU2MTZENjUwNjBGNTQ2OTZENjU3MzIwNEU2NTc3MjA1MjZGNkQ2MTZFMDc1NTZFNjk2MzZGNjQ2NTA5MDQ1MzY5N0E2NTAyMEUwMDAxMDg1Mzc0NjE2RTY0NjE3MjY0MDgwNzQzNjg2MTcyNzM2NTc0MDcwRjUyNTU1MzUzNDk0MTRFNUY0MzQ4NDE1MjUzNDU1NDBBNTM2OTdBNjU0NDZGNzU2MjZDNjUwMjFDMDg0NjZGNkU3NDRFNjE2RDY1MDYwRjU0Njk2RDY1NzMyMDRFNjU3NzIwNTI2RjZENjE2RTA3NTU2RTY5NjM2RjY0NjUwOTA0NTM2OTdBNjUwMjBFMDAwMA0KLTkgMiAwIDAgMCAwIDINCg0KMEUwMTA0NTQ2MTYyNzMwRTAwMDAwMA0KLTkgMiAwIDAgMCAwIDQNCg0KMEUwMA0KLTkgMCAwIDAgMCAwIDcNCjEgMSAwIDggMyAwDQoyMDA0MzUwNDQ0MDQzQjA0MzUwNDNBMDQ0MTA0MzAwNDQ1MDQyMDAwMzQwNDQwMDQ0MzA0MzMwNDNFMDQzMzA0M0UwNDIwMDAzRjA0M0UwNDQwMDQ0RjA0MzQwNDNBMDQ0MzA0MkUwMA0K</FormattedText>
						</VariantText>
					</Variants>
				</Task>
				<!-- ***** -->
				<Task Type="TYPE_TASK_CHOICE_SINGLE" Score="1">
					<Title/>
					<QuestionText>
						<PlainText>На яких процесах заснована друга сигнальна система?</PlainText>
						<FormattedText>LTggMSAzIDINCi05IDEgMCAwIDAgMCAxMw0KOTYNCi05IDIgMCAwIDAgMCAxDQoNCjBFMDEwOTUzNzQ3OTZDNjU0RTYxNkQ2NTA2MEI0RTZGNzI2RDYxNkMyMDc0NjU3ODc0MEE1MzY5N0E2NTQ0NkY3NTYyNkM2NTAyMUMwODQ2NkY2RTc0NEU2MTZENjUwNjBGNTQ2OTZENjU3MzIwNEU2NTc3MjA1MjZGNkQ2MTZFMDc1NTZFNjk2MzZGNjQ2NTA5MDQ1MzY5N0E2NTAyMEUwMDAxMDg1Mzc0NjE2RTY0NjE3MjY0MDgwNzQzNjg2MTcyNzM2NTc0MDcwRjUyNTU1MzUzNDk0MTRFNUY0MzQ4NDE1MjUzNDU1NDBBNTM2OTdBNjU0NDZGNzU2MjZDNjUwMjFDMDg0NjZGNkU3NDRFNjE2RDY1MDYwRjU0Njk2RDY1NzMyMDRFNjU3NzIwNTI2RjZENjE2RTA3NTU2RTY5NjM2RjY0NjUwOTA0NTM2OTdBNjUwMjBFMDAwMA0KLTkgMiAwIDAgMCAwIDINCg0KMEUwMTA0NTQ2MTYyNzMwRTAwMDAwMTA4NTM3NDYxNkU2NDYxNzI2NDA4MDk0MTZDNjk2NzZFNkQ2NTZFNzQwNzBBNzI3NjYxNEE3NTczNzQ2OTY2NzkwNDU0NjE2MjczMEUwMDAwMDANCi05IDIgMCAwIDAgMCA0DQoNCjBFMDANCi05IDAgMCAwIDAgMCA3DQoxIDIgMSA4IDMgMA0KMUQwNDMwMDQyMDAwNEYwNDNBMDQzODA0NDUwNDIwMDAzRjA0NDAwNDNFMDQ0NjA0MzUwNDQxMDQzMDA0NDUwNDIwMDAzNzA0MzAwNDQxMDQzRDA0M0UwNDMyMDQzMDA0M0QwNDMwMDQyMDAwMzQwNDQwMDQ0MzA0MzMwNDMwMDQyMDAwNDEwNDM4MDQzMzA0M0QwNDMwMDQzQjA0NEMwNDNEMDQzMDA0MjAwMDQxMDQzODA0NDEwNDQyMDQzNTA0M0MwNDMwMDQzRjAwDQoNCg==</FormattedText>
					</QuestionText>
					<Options>
						<IsAllowRandom>true</IsAllowRandom>
						<IsCompulsory>false</IsCompulsory>
						<IsOnlyForEduMode>false</IsOnlyForEduMode>
						<IsDenyPartially>false</IsDenyPartially>
					</Options>
					<Variants>
						<VariantText CorrectAnswer="True">
							<PlainText>Умовних рефлексах.</PlainText>
							<FormattedText>LTggMSAzIDINCi05IDEgMCAwIDAgMCAxMw0KOTYNCi05IDIgMCAwIDAgMCAxDQoNCjBFMDEwOTUzNzQ3OTZDNjU0RTYxNkQ2NTA2MEI0RTZGNzI2RDYxNkMyMDc0NjU3ODc0MEE1MzY5N0E2NTQ0NkY3NTYyNkM2NTAyMUMwODQ2NkY2RTc0NEU2MTZENjUwNjBGNTQ2OTZENjU3MzIwNEU2NTc3MjA1MjZGNkQ2MTZFMDc1NTZFNjk2MzZGNjQ2NTA5MDQ1MzY5N0E2NTAyMEUwMDAxMDg1Mzc0NjE2RTY0NjE3MjY0MDgwNzQzNjg2MTcyNzM2NTc0MDcwRjUyNTU1MzUzNDk0MTRFNUY0MzQ4NDE1MjUzNDU1NDBBNTM2OTdBNjU0NDZGNzU2MjZDNjUwMjFDMDg0NjZGNkU3NDRFNjE2RDY1MDYwRjU0Njk2RDY1NzMyMDRFNjU3NzIwNTI2RjZENjE2RTA3NTU2RTY5NjM2RjY0NjUwOTA0NTM2OTdBNjUwMjBFMDAwMA0KLTkgMiAwIDAgMCAwIDINCg0KMEUwMTA0NTQ2MTYyNzMwRTAwMDAwMA0KLTkgMiAwIDAgMCAwIDQNCg0KMEUwMA0KLTkgMCAwIDAgMCAwIDcNCjEgMSAwIDggMyAwDQoyMzA0M0MwNDNFMDQzMjA0M0QwNDM4MDQ0NTA0MjAwMDQwMDQzNTA0NDQwNDNCMDQzNTA0M0EwNDQxMDQzMDA0NDUwNDJFMDANCg==</FormattedText>
						</VariantText>
						<VariantText CorrectAnswer="False">
							<PlainText>Рефлексах другого порядку.</PlainText>
							<FormattedText>LTggMSAzIDINCi05IDEgMCAwIDAgMCAxMw0KOTYNCi05IDIgMCAwIDAgMCAxDQoNCjBFMDEwOTUzNzQ3OTZDNjU0RTYxNkQ2NTA2MEI0RTZGNzI2RDYxNkMyMDc0NjU3ODc0MEE1MzY5N0E2NTQ0NkY3NTYyNkM2NTAyMUMwODQ2NkY2RTc0NEU2MTZENjUwNjBGNTQ2OTZENjU3MzIwNEU2NTc3MjA1MjZGNkQ2MTZFMDc1NTZFNjk2MzZGNjQ2NTA5MDQ1MzY5N0E2NTAyMEUwMDAxMDg1Mzc0NjE2RTY0NjE3MjY0MDgwNzQzNjg2MTcyNzM2NTc0MDcwRjUyNTU1MzUzNDk0MTRFNUY0MzQ4NDE1MjUzNDU1NDBBNTM2OTdBNjU0NDZGNzU2MjZDNjUwMjFDMDg0NjZGNkU3NDRFNjE2RDY1MDYwRjU0Njk2RDY1NzMyMDRFNjU3NzIwNTI2RjZENjE2RTA3NTU2RTY5NjM2RjY0NjUwOTA0NTM2OTdBNjUwMjBFMDAwMA0KLTkgMiAwIDAgMCAwIDINCg0KMEUwMTA0NTQ2MTYyNzMwRTAwMDAwMA0KLTkgMiAwIDAgMCAwIDQNCg0KMEUwMA0KLTkgMCAwIDAgMCAwIDcNCjEgMSAwIDggMyAwDQoyMDA0MzUwNDQ0MDQzQjA0MzUwNDNBMDQ0MTA0MzAwNDQ1MDQyMDAwMzQwNDQwMDQ0MzA0MzMwNDNFMDQzMzA0M0UwNDIwMDAzRjA0M0UwNDQwMDQ0RjA0MzQwNDNBMDQ0MzA0MkUwMA0K</FormattedText>
						</VariantText>
						<VariantText CorrectAnswer="False">
							<PlainText>Комплексних рефлексах.</PlainText>
							<FormattedText>LTggMSAzIDINCi05IDEgMCAwIDAgMCAxMw0KOTYNCi05IDIgMCAwIDAgMCAxDQoNCjBFMDEwOTUzNzQ3OTZDNjU0RTYxNkQ2NTA2MEI0RTZGNzI2RDYxNkMyMDc0NjU3ODc0MEE1MzY5N0E2NTQ0NkY3NTYyNkM2NTAyMUMwODQ2NkY2RTc0NEU2MTZENjUwNjBGNTQ2OTZENjU3MzIwNEU2NTc3MjA1MjZGNkQ2MTZFMDc1NTZFNjk2MzZGNjQ2NTA5MDQ1MzY5N0E2NTAyMEUwMDAxMDg1Mzc0NjE2RTY0NjE3MjY0MDgwNzQzNjg2MTcyNzM2NTc0MDcwRjUyNTU1MzUzNDk0MTRFNUY0MzQ4NDE1MjUzNDU1NDBBNTM2OTdBNjU0NDZGNzU2MjZDNjUwMjFDMDg0NjZGNkU3NDRFNjE2RDY1MDYwRjU0Njk2RDY1NzMyMDRFNjU3NzIwNTI2RjZENjE2RTA3NTU2RTY5NjM2RjY0NjUwOTA0NTM2OTdBNjUwMjBFMDAwMA0KLTkgMiAwIDAgMCAwIDINCg0KMEUwMTA0NTQ2MTYyNzMwRTAwMDAwMA0KLTkgMiAwIDAgMCAwIDQNCg0KMEUwMA0KLTkgMCAwIDAgMCAwIDcNCjEgMSAwIDggMyAwDQoxQTA0M0UwNDNDMDQzRjA0M0IwNDM1MDQzQTA0NDEwNDNEMDQzODA0NDUwNDIwMDA0MDA0MzUwNDQ0MDQzQjA0MzUwNDNBMDQ0MTA0MzAwNDQ1MDQyRTAwDQo=</FormattedText>
						</VariantText>
						<VariantText CorrectAnswer="False">
							<PlainText>Інстинктах.</PlainText>
							<FormattedText>LTggMSAzIDINCi05IDEgMCAwIDAgMCAxMw0KOTYNCi05IDIgMCAwIDAgMCAxDQoNCjBFMDEwOTUzNzQ3OTZDNjU0RTYxNkQ2NTA2MEI0RTZGNzI2RDYxNkMyMDc0NjU3ODc0MEE1MzY5N0E2NTQ0NkY3NTYyNkM2NTAyMUMwODQ2NkY2RTc0NEU2MTZENjUwNjBGNTQ2OTZENjU3MzIwNEU2NTc3MjA1MjZGNkQ2MTZFMDc1NTZFNjk2MzZGNjQ2NTA5MDQ1MzY5N0E2NTAyMEUwMDAxMDg1Mzc0NjE2RTY0NjE3MjY0MDgwNzQzNjg2MTcyNzM2NTc0MDcwRjUyNTU1MzUzNDk0MTRFNUY0MzQ4NDE1MjUzNDU1NDBBNTM2OTdBNjU0NDZGNzU2MjZDNjUwMjFDMDg0NjZGNkU3NDRFNjE2RDY1MDYwRjU0Njk2RDY1NzMyMDRFNjU3NzIwNTI2RjZENjE2RTA3NTU2RTY5NjM2RjY0NjUwOTA0NTM2OTdBNjUwMjBFMDAwMA0KLTkgMiAwIDAgMCAwIDINCg0KMEUwMTA0NTQ2MTYyNzMwRTAwMDAwMA0KLTkgMiAwIDAgMCAwIDQNCg0KMEUwMA0KLTkgMCAwIDAgMCAwIDcNCjEgMSAwIDggMyAwDQowNjA0M0QwNDQxMDQ0MjA0MzgwNDNEMDQzQTA0NDIwNDMwMDQ0NTA0MkUwMA0K</FormattedText>
						</VariantText>
						<VariantText CorrectAnswer="False">
							<PlainText>Безумовних рефлексах.</PlainText>
							<FormattedText>LTggMSAzIDINCi05IDEgMCAwIDAgMCAxMw0KOTYNCi05IDIgMCAwIDAgMCAxDQoNCjBFMDEwOTUzNzQ3OTZDNjU0RTYxNkQ2NTA2MEI0RTZGNzI2RDYxNkMyMDc0NjU3ODc0MEE1MzY5N0E2NTQ0NkY3NTYyNkM2NTAyMUMwODQ2NkY2RTc0NEU2MTZENjUwNjBGNTQ2OTZENjU3MzIwNEU2NTc3MjA1MjZGNkQ2MTZFMDc1NTZFNjk2MzZGNjQ2NTA5MDQ1MzY5N0E2NTAyMEUwMDAxMDg1Mzc0NjE2RTY0NjE3MjY0MDgwNzQzNjg2MTcyNzM2NTc0MDcwRjUyNTU1MzUzNDk0MTRFNUY0MzQ4NDE1MjUzNDU1NDBBNTM2OTdBNjU0NDZGNzU2MjZDNjUwMjFDMDg0NjZGNkU3NDRFNjE2RDY1MDYwRjU0Njk2RDY1NzMyMDRFNjU3NzIwNTI2RjZENjE2RTA3NTU2RTY5NjM2RjY0NjUwOTA0NTM2OTdBNjUwMjBFMDAwMA0KLTkgMiAwIDAgMCAwIDINCg0KMEUwMTA0NTQ2MTYyNzMwRTAwMDAwMA0KLTkgMiAwIDAgMCAwIDQNCg0KMEUwMA0KLTkgMCAwIDAgMCAwIDcNCjEgMSAwIDggMyAwDQoxMTA0MzUwNDM3MDQ0MzA0M0MwNDNFMDQzMjA0M0QwNDM4MDQ0NTA0MjAwMDQwMDQzNTA0NDQwNDNCMDQzNTA0M0EwNDQxMDQzMDA0NDUwNDJFMDANCg==</FormattedText>
						</VariantText>
					</Variants>
				</Task>
				<!-- ***** -->
				<Task Type="TYPE_TASK_CHOICE_SINGLE" Score="1">
					<Title/>
					<QuestionText>
						<PlainText>Який процес забезпечує друга сигнальна система?</PlainText>
						<FormattedText>LTggMSAzIDINCi05IDEgMCAwIDAgMCAxMw0KOTYNCi05IDIgMCAwIDAgMCAxDQoNCjBFMDEwOTUzNzQ3OTZDNjU0RTYxNkQ2NTA2MEI0RTZGNzI2RDYxNkMyMDc0NjU3ODc0MEE1MzY5N0E2NTQ0NkY3NTYyNkM2NTAyMUMwODQ2NkY2RTc0NEU2MTZENjUwNjBGNTQ2OTZENjU3MzIwNEU2NTc3MjA1MjZGNkQ2MTZFMDc1NTZFNjk2MzZGNjQ2NTA5MDQ1MzY5N0E2NTAyMEUwMDAxMDg1Mzc0NjE2RTY0NjE3MjY0MDgwNzQzNjg2MTcyNzM2NTc0MDcwRjUyNTU1MzUzNDk0MTRFNUY0MzQ4NDE1MjUzNDU1NDBBNTM2OTdBNjU0NDZGNzU2MjZDNjUwMjFDMDg0NjZGNkU3NDRFNjE2RDY1MDYwRjU0Njk2RDY1NzMyMDRFNjU3NzIwNTI2RjZENjE2RTA3NTU2RTY5NjM2RjY0NjUwOTA0NTM2OTdBNjUwMjBFMDAwMA0KLTkgMiAwIDAgMCAwIDINCg0KMEUwMTA0NTQ2MTYyNzMwRTAwMDAwMTA4NTM3NDYxNkU2NDYxNzI2NDA4MDk0MTZDNjk2NzZFNkQ2NTZFNzQwNzBBNzI3NjYxNEE3NTczNzQ2OTY2NzkwNDU0NjE2MjczMEUwMDAwMDANCi05IDIgMCAwIDAgMCA0DQoNCjBFMDANCi05IDAgMCAwIDAgMCA3DQoxIDIgMSA4IDMgMA0KMkYwNDNBMDQzODA0MzkwNDIwMDAzRjA0NDAwNDNFMDQ0NjA0MzUwNDQxMDQyMDAwMzcwNDMwMDQzMTA0MzUwNDM3MDQzRjA0MzUwNDQ3MDQ0MzA0NTQwNDIwMDAzNDA0NDAwNDQzMDQzMzA0MzAwNDIwMDA0MTA0MzgwNDMzMDQzRDA0MzAwNDNCMDQ0QzA0M0QwNDMwMDQyMDAwNDEwNDM4MDQ0MTA0NDIwNDM1MDQzQzA0MzAwNDNGMDANCg0K</FormattedText>
					</QuestionText>
					<Options>
						<IsAllowRandom>true</IsAllowRandom>
						<IsCompulsory>false</IsCompulsory>
						<IsOnlyForEduMode>false</IsOnlyForEduMode>
						<IsDenyPartially>false</IsDenyPartially>
					</Options>
					<Variants>
						<VariantText CorrectAnswer="True">
							<PlainText>Абстрактне мислення.</PlainText>
							<FormattedText>LTggMSAzIDINCi05IDEgMCAwIDAgMCAxMw0KOTYNCi05IDIgMCAwIDAgMCAxDQoNCjBFMDEwOTUzNzQ3OTZDNjU0RTYxNkQ2NTA2MEI0RTZGNzI2RDYxNkMyMDc0NjU3ODc0MEE1MzY5N0E2NTQ0NkY3NTYyNkM2NTAyMUMwODQ2NkY2RTc0NEU2MTZENjUwNjBGNTQ2OTZENjU3MzIwNEU2NTc3MjA1MjZGNkQ2MTZFMDc1NTZFNjk2MzZGNjQ2NTA5MDQ1MzY5N0E2NTAyMEUwMDAxMDg1Mzc0NjE2RTY0NjE3MjY0MDgwNzQzNjg2MTcyNzM2NTc0MDcwRjUyNTU1MzUzNDk0MTRFNUY0MzQ4NDE1MjUzNDU1NDBBNTM2OTdBNjU0NDZGNzU2MjZDNjUwMjFDMDg0NjZGNkU3NDRFNjE2RDY1MDYwRjU0Njk2RDY1NzMyMDRFNjU3NzIwNTI2RjZENjE2RTA3NTU2RTY5NjM2RjY0NjUwOTA0NTM2OTdBNjUwMjBFMDAwMA0KLTkgMiAwIDAgMCAwIDINCg0KMEUwMTA0NTQ2MTYyNzMwRTAwMDAwMA0KLTkgMiAwIDAgMCAwIDQNCg0KMEUwMA0KLTkgMCAwIDAgMCAwIDcNCjEgMSAwIDggMyAwDQoxMDA0MzEwNDQxMDQ0MjA0NDAwNDMwMDQzQTA0NDIwNDNEMDQzNTA0MjAwMDNDMDQzODA0NDEwNDNCMDQzNTA0M0QwNDNEMDQ0RjA0MkUwMA0K</FormattedText>
						</VariantText>
						<VariantText CorrectAnswer="False">
							<PlainText>Свідоме управління поведінкою.</PlainText>
							<FormattedText>LTggMSAzIDINCi05IDEgMCAwIDAgMCAxMw0KOTYNCi05IDIgMCAwIDAgMCAxDQoNCjBFMDEwOTUzNzQ3OTZDNjU0RTYxNkQ2NTA2MEI0RTZGNzI2RDYxNkMyMDc0NjU3ODc0MEE1MzY5N0E2NTQ0NkY3NTYyNkM2NTAyMUMwODQ2NkY2RTc0NEU2MTZENjUwNjBGNTQ2OTZENjU3MzIwNEU2NTc3MjA1MjZGNkQ2MTZFMDc1NTZFNjk2MzZGNjQ2NTA5MDQ1MzY5N0E2NTAyMEUwMDAxMDg1Mzc0NjE2RTY0NjE3MjY0MDgwNzQzNjg2MTcyNzM2NTc0MDcwRjUyNTU1MzUzNDk0MTRFNUY0MzQ4NDE1MjUzNDU1NDBBNTM2OTdBNjU0NDZGNzU2MjZDNjUwMjFDMDg0NjZGNkU3NDRFNjE2RDY1MDYwRjU0Njk2RDY1NzMyMDRFNjU3NzIwNTI2RjZENjE2RTA3NTU2RTY5NjM2RjY0NjUwOTA0NTM2OTdBNjUwMjBFMDAwMA0KLTkgMiAwIDAgMCAwIDINCg0KMEUwMTA0NTQ2MTYyNzMwRTAwMDAwMA0KLTkgMiAwIDAgMCAwIDQNCg0KMEUwMA0KLTkgMCAwIDAgMCAwIDcNCjEgMSAwIDggMyAwDQoyMTA0MzIwNDU2MDQzNDA0M0UwNDNDMDQzNTA0MjAwMDQzMDQzRjA0NDAwNDMwMDQzMjA0M0IwNDU2MDQzRDA0M0QwNDRGMDQyMDAwM0YwNDNFMDQzMjA0MzUwNDM0MDQ1NjA0M0QwNDNBMDQzRTA0NEUwNDJFMDANCg==</FormattedText>
						</VariantText>
						<VariantText CorrectAnswer="False">
							<PlainText>Несвідоме управління поведінкою.</PlainText>
							<FormattedText>LTggMSAzIDINCi05IDEgMCAwIDAgMCAxMw0KOTYNCi05IDIgMCAwIDAgMCAxDQoNCjBFMDEwOTUzNzQ3OTZDNjU0RTYxNkQ2NTA2MEI0RTZGNzI2RDYxNkMyMDc0NjU3ODc0MEE1MzY5N0E2NTQ0NkY3NTYyNkM2NTAyMUMwODQ2NkY2RTc0NEU2MTZENjUwNjBGNTQ2OTZENjU3MzIwNEU2NTc3MjA1MjZGNkQ2MTZFMDc1NTZFNjk2MzZGNjQ2NTA5MDQ1MzY5N0E2NTAyMEUwMDAxMDg1Mzc0NjE2RTY0NjE3MjY0MDgwNzQzNjg2MTcyNzM2NTc0MDcwRjUyNTU1MzUzNDk0MTRFNUY0MzQ4NDE1MjUzNDU1NDBBNTM2OTdBNjU0NDZGNzU2MjZDNjUwMjFDMDg0NjZGNkU3NDRFNjE2RDY1MDYwRjU0Njk2RDY1NzMyMDRFNjU3NzIwNTI2RjZENjE2RTA3NTU2RTY5NjM2RjY0NjUwOTA0NTM2OTdBNjUwMjBFMDAwMA0KLTkgMiAwIDAgMCAwIDINCg0KMEUwMTA0NTQ2MTYyNzMwRTAwMDAwMA0KLTkgMiAwIDAgMCAwIDQNCg0KMEUwMA0KLTkgMCAwIDAgMCAwIDcNCjEgMSAwIDggMyAwDQoxRDA0MzUwNDQxMDQzMjA0NTYwNDM0MDQzRTA0M0MwNDM1MDQyMDAwNDMwNDNGMDQ0MDA0MzAwNDMyMDQzQjA0NTYwNDNEMDQzRDA0NEYwNDIwMDAzRjA0M0UwNDMyMDQzNTA0MzQwNDU2MDQzRDA0M0EwNDNFMDQ0RTA0MkUwMA0K</FormattedText>
						</VariantText>
						<VariantText CorrectAnswer="False">
							<PlainText>Фіксацію показників самооцінки.</PlainText>
							<FormattedText>LTggMSAzIDINCi05IDEgMCAwIDAgMCAxMw0KOTYNCi05IDIgMCAwIDAgMCAxDQoNCjBFMDEwOTUzNzQ3OTZDNjU0RTYxNkQ2NTA2MEI0RTZGNzI2RDYxNkMyMDc0NjU3ODc0MEE1MzY5N0E2NTQ0NkY3NTYyNkM2NTAyMUMwODQ2NkY2RTc0NEU2MTZENjUwNjBGNTQ2OTZENjU3MzIwNEU2NTc3MjA1MjZGNkQ2MTZFMDc1NTZFNjk2MzZGNjQ2NTA5MDQ1MzY5N0E2NTAyMEUwMDAxMDg1Mzc0NjE2RTY0NjE3MjY0MDgwNzQzNjg2MTcyNzM2NTc0MDcwRjUyNTU1MzUzNDk0MTRFNUY0MzQ4NDE1MjUzNDU1NDBBNTM2OTdBNjU0NDZGNzU2MjZDNjUwMjFDMDg0NjZGNkU3NDRFNjE2RDY1MDYwRjU0Njk2RDY1NzMyMDRFNjU3NzIwNTI2RjZENjE2RTA3NTU2RTY5NjM2RjY0NjUwOTA0NTM2OTdBNjUwMjBFMDAwMA0KLTkgMiAwIDAgMCAwIDINCg0KMEUwMTA0NTQ2MTYyNzMwRTAwMDAwMA0KLTkgMiAwIDAgMCAwIDQNCg0KMEUwMA0KLTkgMCAwIDAgMCAwIDcNCjEgMSAwIDggMyAwDQoyNDA0NTYwNDNBMDQ0MTA0MzAwNDQ2MDQ1NjA0NEUwNDIwMDAzRjA0M0UwNDNBMDQzMDA0MzcwNDNEMDQzODA0M0EwNDU2MDQzMjA0MjAwMDQxMDQzMDA0M0MwNDNFMDQzRTA0NDYwNDU2MDQzRDA0M0EwNDM4MDQyRTAwDQo=</FormattedText>
						</VariantText>
						<VariantText CorrectAnswer="False">
							<PlainText>Механізми соціальних контактів.</PlainText>
							<FormattedText>LTggMSAzIDINCi05IDEgMCAwIDAgMCAxMw0KOTYNCi05IDIgMCAwIDAgMCAxDQoNCjBFMDEwOTUzNzQ3OTZDNjU0RTYxNkQ2NTA2MEI0RTZGNzI2RDYxNkMyMDc0NjU3ODc0MEE1MzY5N0E2NTQ0NkY3NTYyNkM2NTAyMUMwODQ2NkY2RTc0NEU2MTZENjUwNjBGNTQ2OTZENjU3MzIwNEU2NTc3MjA1MjZGNkQ2MTZFMDc1NTZFNjk2MzZGNjQ2NTA5MDQ1MzY5N0E2NTAyMEUwMDAxMDg1Mzc0NjE2RTY0NjE3MjY0MDgwNzQzNjg2MTcyNzM2NTc0MDcwRjUyNTU1MzUzNDk0MTRFNUY0MzQ4NDE1MjUzNDU1NDBBNTM2OTdBNjU0NDZGNzU2MjZDNjUwMjFDMDg0NjZGNkU3NDRFNjE2RDY1MDYwRjU0Njk2RDY1NzMyMDRFNjU3NzIwNTI2RjZENjE2RTA3NTU2RTY5NjM2RjY0NjUwOTA0NTM2OTdBNjUwMjBFMDAwMA0KLTkgMiAwIDAgMCAwIDINCg0KMEUwMTA0NTQ2MTYyNzMwRTAwMDAwMA0KLTkgMiAwIDAgMCAwIDQNCg0KMEUwMA0KLTkgMCAwIDAgMCAwIDcNCjEgMSAwIDggMyAwDQoxQzA0MzUwNDQ1MDQzMDA0M0QwNDU2MDQzNzA0M0MwNDM4MDQyMDAwNDEwNDNFMDQ0NjA0NTYwNDMwMDQzQjA0NEMwNDNEMDQzODA0NDUwNDIwMDAzQTA0M0UwNDNEMDQ0MjA0MzAwNDNBMDQ0MjA0NTYwNDMyMDQyRTAwDQo=</FormattedText>
						</VariantText>
					</Variants>
				</Task>
				<!-- ***** -->
				<Task Type="TYPE_TASK_CHOICE_SINGLE" Score="1">
					<Title/>
					<QuestionText>
						<PlainText>Де локалізується сенсорний центр мови (центр Верніке)?</PlainText>
						<FormattedText>LTggMSAzIDINCi05IDEgMCAwIDAgMCAxMw0KOTYNCi05IDIgMCAwIDAgMCAxDQoNCjBFMDEwOTUzNzQ3OTZDNjU0RTYxNkQ2NTA2MEI0RTZGNzI2RDYxNkMyMDc0NjU3ODc0MEE1MzY5N0E2NTQ0NkY3NTYyNkM2NTAyMUMwODQ2NkY2RTc0NEU2MTZENjUwNjBGNTQ2OTZENjU3MzIwNEU2NTc3MjA1MjZGNkQ2MTZFMDc1NTZFNjk2MzZGNjQ2NTA5MDQ1MzY5N0E2NTAyMEUwMDAxMDg1Mzc0NjE2RTY0NjE3MjY0MDgwNzQzNjg2MTcyNzM2NTc0MDcwRjUyNTU1MzUzNDk0MTRFNUY0MzQ4NDE1MjUzNDU1NDBBNTM2OTdBNjU0NDZGNzU2MjZDNjUwMjFDMDg0NjZGNkU3NDRFNjE2RDY1MDYwRjU0Njk2RDY1NzMyMDRFNjU3NzIwNTI2RjZENjE2RTA3NTU2RTY5NjM2RjY0NjUwOTA0NTM2OTdBNjUwMjBFMDAwMA0KLTkgMiAwIDAgMCAwIDINCg0KMEUwMTA0NTQ2MTYyNzMwRTAwMDAwMTA4NTM3NDYxNkU2NDYxNzI2NDA4MDk0MTZDNjk2NzZFNkQ2NTZFNzQwNzBBNzI3NjYxNEE3NTczNzQ2OTY2NzkwNDU0NjE2MjczMEUwMDAwMDANCi05IDIgMCAwIDAgMCA0DQoNCjBFMDANCi05IDAgMCAwIDAgMCA3DQoxIDIgMSA4IDMgMA0KMTQwNDM1MDQyMDAwM0IwNDNFMDQzQTA0MzAwNDNCMDQ1NjA0MzcwNDQzMDQ1NDA0NDIwNDRDMDQ0MTA0NEYwNDIwMDA0MTA0MzUwNDNEMDQ0MTA0M0UwNDQwMDQzRDA0MzgwNDM5MDQyMDAwNDYwNDM1MDQzRDA0NDIwNDQwMDQyMDAwM0MwNDNFMDQzMjA0MzgwNDIwMDAyODAwNDYwNDM1MDQzRDA0NDIwNDQwMDQyMDAwMTIwNDM1MDQ0MDA0M0QwNDU2MDQzQTA0MzUwNDI5MDAzRjAwDQoNCg==</FormattedText>
					</QuestionText>
					<Options>
						<IsAllowRandom>true</IsAllowRandom>
						<IsCompulsory>false</IsCompulsory>
						<IsOnlyForEduMode>false</IsOnlyForEduMode>
						<IsDenyPartially>false</IsDenyPartially>
					</Options>
					<Variants>
						<VariantText CorrectAnswer="True">
							<PlainText>Верхня скронева звивина.</PlainText>
							<FormattedText>LTggMSAzIDINCi05IDEgMCAwIDAgMCAxMw0KOTYNCi05IDIgMCAwIDAgMCAxDQoNCjBFMDEwOTUzNzQ3OTZDNjU0RTYxNkQ2NTA2MEI0RTZGNzI2RDYxNkMyMDc0NjU3ODc0MEE1MzY5N0E2NTQ0NkY3NTYyNkM2NTAyMUMwODQ2NkY2RTc0NEU2MTZENjUwNjBGNTQ2OTZENjU3MzIwNEU2NTc3MjA1MjZGNkQ2MTZFMDc1NTZFNjk2MzZGNjQ2NTA5MDQ1MzY5N0E2NTAyMEUwMDAxMDg1Mzc0NjE2RTY0NjE3MjY0MDgwNzQzNjg2MTcyNzM2NTc0MDcwRjUyNTU1MzUzNDk0MTRFNUY0MzQ4NDE1MjUzNDU1NDBBNTM2OTdBNjU0NDZGNzU2MjZDNjUwMjFDMDg0NjZGNkU3NDRFNjE2RDY1MDYwRjU0Njk2RDY1NzMyMDRFNjU3NzIwNTI2RjZENjE2RTA3NTU2RTY5NjM2RjY0NjUwOTA0NTM2OTdBNjUwMjBFMDAwMA0KLTkgMiAwIDAgMCAwIDINCg0KMEUwMTA0NTQ2MTYyNzMwRTAwMDAwMA0KLTkgMiAwIDAgMCAwIDQNCg0KMEUwMA0KLTkgMCAwIDAgMCAwIDcNCjEgMSAwIDggMyAwDQoxMjA0MzUwNDQwMDQ0NTA0M0QwNDRGMDQyMDAwNDEwNDNBMDQ0MDA0M0UwNDNEMDQzNTA0MzIwNDMwMDQyMDAwMzcwNDMyMDQzODA0MzIwNDM4MDQzRDA0MzAwNDJFMDANCg==</FormattedText>
						</VariantText>
						<VariantText CorrectAnswer="False">
							<PlainText>Верхня лобова звивина.</PlainText>
							<FormattedText>LTggMSAzIDINCi05IDEgMCAwIDAgMCAxMw0KOTYNCi05IDIgMCAwIDAgMCAxDQoNCjBFMDEwOTUzNzQ3OTZDNjU0RTYxNkQ2NTA2MEI0RTZGNzI2RDYxNkMyMDc0NjU3ODc0MEE1MzY5N0E2NTQ0NkY3NTYyNkM2NTAyMUMwODQ2NkY2RTc0NEU2MTZENjUwNjBGNTQ2OTZENjU3MzIwNEU2NTc3MjA1MjZGNkQ2MTZFMDc1NTZFNjk2MzZGNjQ2NTA5MDQ1MzY5N0E2NTAyMEUwMDAxMDg1Mzc0NjE2RTY0NjE3MjY0MDgwNzQzNjg2MTcyNzM2NTc0MDcwRjUyNTU1MzUzNDk0MTRFNUY0MzQ4NDE1MjUzNDU1NDBBNTM2OTdBNjU0NDZGNzU2MjZDNjUwMjFDMDg0NjZGNkU3NDRFNjE2RDY1MDYwRjU0Njk2RDY1NzMyMDRFNjU3NzIwNTI2RjZENjE2RTA3NTU2RTY5NjM2RjY0NjUwOTA0NTM2OTdBNjUwMjBFMDAwMA0KLTkgMiAwIDAgMCAwIDINCg0KMEUwMTA0NTQ2MTYyNzMwRTAwMDAwMA0KLTkgMiAwIDAgMCAwIDQNCg0KMEUwMA0KLTkgMCAwIDAgMCAwIDcNCjEgMSAwIDggMyAwDQoxMjA0MzUwNDQwMDQ0NTA0M0QwNDRGMDQyMDAwM0IwNDNFMDQzMTA0M0UwNDMyMDQzMDA0MjAwMDM3MDQzMjA0MzgwNDMyMDQzODA0M0QwNDMwMDQyRTAwDQo=</FormattedText>
						</VariantText>
						<VariantText CorrectAnswer="False">
							<PlainText>Нижня скронева звивина.</PlainText>
							<FormattedText>LTggMSAzIDINCi05IDEgMCAwIDAgMCAxMw0KOTYNCi05IDIgMCAwIDAgMCAxDQoNCjBFMDEwOTUzNzQ3OTZDNjU0RTYxNkQ2NTA2MEI0RTZGNzI2RDYxNkMyMDc0NjU3ODc0MEE1MzY5N0E2NTQ0NkY3NTYyNkM2NTAyMUMwODQ2NkY2RTc0NEU2MTZENjUwNjBGNTQ2OTZENjU3MzIwNEU2NTc3MjA1MjZGNkQ2MTZFMDc1NTZFNjk2MzZGNjQ2NTA5MDQ1MzY5N0E2NTAyMEUwMDAxMDg1Mzc0NjE2RTY0NjE3MjY0MDgwNzQzNjg2MTcyNzM2NTc0MDcwRjUyNTU1MzUzNDk0MTRFNUY0MzQ4NDE1MjUzNDU1NDBBNTM2OTdBNjU0NDZGNzU2MjZDNjUwMjFDMDg0NjZGNkU3NDRFNjE2RDY1MDYwRjU0Njk2RDY1NzMyMDRFNjU3NzIwNTI2RjZENjE2RTA3NTU2RTY5NjM2RjY0NjUwOTA0NTM2OTdBNjUwMjBFMDAwMA0KLTkgMiAwIDAgMCAwIDINCg0KMEUwMTA0NTQ2MTYyNzMwRTAwMDAwMA0KLTkgMiAwIDAgMCAwIDQNCg0KMEUwMA0KLTkgMCAwIDAgMCAwIDcNCjEgMSAwIDggMyAwDQoxRDA0MzgwNDM2MDQzRDA0NEYwNDIwMDA0MTA0M0EwNDQwMDQzRTA0M0QwNDM1MDQzMjA0MzAwNDIwMDAzNzA0MzIwNDM4MDQzMjA0MzgwNDNEMDQzMDA0MkUwMDIwMDANCg==</FormattedText>
						</VariantText>
						<VariantText CorrectAnswer="False">
							<PlainText>Нижня лобова звивина.</PlainText>
							<FormattedText>LTggMSAzIDINCi05IDEgMCAwIDAgMCAxMw0KOTYNCi05IDIgMCAwIDAgMCAxDQoNCjBFMDEwOTUzNzQ3OTZDNjU0RTYxNkQ2NTA2MEI0RTZGNzI2RDYxNkMyMDc0NjU3ODc0MEE1MzY5N0E2NTQ0NkY3NTYyNkM2NTAyMUMwODQ2NkY2RTc0NEU2MTZENjUwNjBGNTQ2OTZENjU3MzIwNEU2NTc3MjA1MjZGNkQ2MTZFMDc1NTZFNjk2MzZGNjQ2NTA5MDQ1MzY5N0E2NTAyMEUwMDAxMDg1Mzc0NjE2RTY0NjE3MjY0MDgwNzQzNjg2MTcyNzM2NTc0MDcwRjUyNTU1MzUzNDk0MTRFNUY0MzQ4NDE1MjUzNDU1NDBBNTM2OTdBNjU0NDZGNzU2MjZDNjUwMjFDMDg0NjZGNkU3NDRFNjE2RDY1MDYwRjU0Njk2RDY1NzMyMDRFNjU3NzIwNTI2RjZENjE2RTA3NTU2RTY5NjM2RjY0NjUwOTA0NTM2OTdBNjUwMjBFMDAwMA0KLTkgMiAwIDAgMCAwIDINCg0KMEUwMTA0NTQ2MTYyNzMwRTAwMDAwMA0KLTkgMiAwIDAgMCAwIDQNCg0KMEUwMA0KLTkgMCAwIDAgMCAwIDcNCjEgMSAwIDggMyAwDQoxRDA0MzgwNDM2MDQzRDA0NEYwNDIwMDAzQjA0M0UwNDMxMDQzRTA0MzIwNDMwMDQyMDAwMzcwNDMyMDQzODA0MzIwNDM4MDQzRDA0MzAwNDJFMDANCg==</FormattedText>
						</VariantText>
						<VariantText CorrectAnswer="False">
							<PlainText>Задня центральна звивина.</PlainText>
							<FormattedText>LTggMSAzIDINCi05IDEgMCAwIDAgMCAxMw0KOTYNCi05IDIgMCAwIDAgMCAxDQoNCjBFMDEwOTUzNzQ3OTZDNjU0RTYxNkQ2NTA2MEI0RTZGNzI2RDYxNkMyMDc0NjU3ODc0MEE1MzY5N0E2NTQ0NkY3NTYyNkM2NTAyMUMwODQ2NkY2RTc0NEU2MTZENjUwNjBGNTQ2OTZENjU3MzIwNEU2NTc3MjA1MjZGNkQ2MTZFMDc1NTZFNjk2MzZGNjQ2NTA5MDQ1MzY5N0E2NTAyMEUwMDAxMDg1Mzc0NjE2RTY0NjE3MjY0MDgwNzQzNjg2MTcyNzM2NTc0MDcwRjUyNTU1MzUzNDk0MTRFNUY0MzQ4NDE1MjUzNDU1NDBBNTM2OTdBNjU0NDZGNzU2MjZDNjUwMjFDMDg0NjZGNkU3NDRFNjE2RDY1MDYwRjU0Njk2RDY1NzMyMDRFNjU3NzIwNTI2RjZENjE2RTA3NTU2RTY5NjM2RjY0NjUwOTA0NTM2OTdBNjUwMjBFMDAwMA0KLTkgMiAwIDAgMCAwIDINCg0KMEUwMTA0NTQ2MTYyNzMwRTAwMDAwMA0KLTkgMiAwIDAgMCAwIDQNCg0KMEUwMA0KLTkgMCAwIDAgMCAwIDcNCjEgMSAwIDggMyAwDQoxNzA0MzAwNDM0MDQzRDA0NEYwNDIwMDA0NjA0MzUwNDNEMDQ0MjA0NDAwNDMwMDQzQjA0NEMwNDNEMDQzMDA0MjAwMDM3MDQzMjA0MzgwNDMyMDQzODA0M0QwNDMwMDQyRTAwDQo=</FormattedText>
						</VariantText>
					</Variants>
				</Task>
				<!-- ***** -->
				<Task Type="TYPE_TASK_CHOICE_SINGLE" Score="1">
					<Title/>
					<QuestionText>
						<PlainText>Де локалізується моторний центр мови (центр Брока)?</PlainText>
						<FormattedText>LTggMSAzIDINCi05IDEgMCAwIDAgMCAxMw0KOTYNCi05IDIgMCAwIDAgMCAxDQoNCjBFMDEwOTUzNzQ3OTZDNjU0RTYxNkQ2NTA2MEI0RTZGNzI2RDYxNkMyMDc0NjU3ODc0MEE1MzY5N0E2NTQ0NkY3NTYyNkM2NTAyMUMwODQ2NkY2RTc0NEU2MTZENjUwNjBGNTQ2OTZENjU3MzIwNEU2NTc3MjA1MjZGNkQ2MTZFMDc1NTZFNjk2MzZGNjQ2NTA5MDQ1MzY5N0E2NTAyMEUwMDAxMDg1Mzc0NjE2RTY0NjE3MjY0MDgwNzQzNjg2MTcyNzM2NTc0MDcwRjUyNTU1MzUzNDk0MTRFNUY0MzQ4NDE1MjUzNDU1NDBBNTM2OTdBNjU0NDZGNzU2MjZDNjUwMjFDMDg0NjZGNkU3NDRFNjE2RDY1MDYwRjU0Njk2RDY1NzMyMDRFNjU3NzIwNTI2RjZENjE2RTA3NTU2RTY5NjM2RjY0NjUwOTA0NTM2OTdBNjUwMjBFMDAwMA0KLTkgMiAwIDAgMCAwIDINCg0KMEUwMTA0NTQ2MTYyNzMwRTAwMDAwMTA4NTM3NDYxNkU2NDYxNzI2NDA4MDk0MTZDNjk2NzZFNkQ2NTZFNzQwNzBBNzI3NjYxNEE3NTczNzQ2OTY2NzkwNDU0NjE2MjczMEUwMDAwMDANCi05IDIgMCAwIDAgMCA0DQoNCjBFMDANCi05IDAgMCAwIDAgMCA3DQoxIDIgMSA4IDMgMA0KMTQwNDM1MDQyMDAwM0IwNDNFMDQzQTA0MzAwNDNCMDQ1NjA0MzcwNDQzMDQ1NDA0NDIwNDRDMDQ0MTA0NEYwNDIwMDAzQzA0M0UwNDQyMDQzRTA0NDAwNDNEMDQzODA0MzkwNDIwMDA0NjA0MzUwNDNEMDQ0MjA0NDAwNDIwMDAzQzA0M0UwNDMyMDQzODA0MjAwMDI4MDA0NjA0MzUwNDNEMDQ0MjA0NDAwNDIwMDAxMTA0NDAwNDNFMDQzQTA0MzAwNDI5MDAzRjAwDQoNCg==</FormattedText>
					</QuestionText>
					<Options>
						<IsAllowRandom>true</IsAllowRandom>
						<IsCompulsory>false</IsCompulsory>
						<IsOnlyForEduMode>false</IsOnlyForEduMode>
						<IsDenyPartially>false</IsDenyPartially>
					</Options>
					<Variants>
						<VariantText CorrectAnswer="False">
							<PlainText>Передня центральна звивина.</PlainText>
							<FormattedText>LTggMSAzIDINCi05IDEgMCAwIDAgMCAxMw0KOTYNCi05IDIgMCAwIDAgMCAxDQoNCjBFMDEwOTUzNzQ3OTZDNjU0RTYxNkQ2NTA2MEI0RTZGNzI2RDYxNkMyMDc0NjU3ODc0MEE1MzY5N0E2NTQ0NkY3NTYyNkM2NTAyMUMwODQ2NkY2RTc0NEU2MTZENjUwNjBGNTQ2OTZENjU3MzIwNEU2NTc3MjA1MjZGNkQ2MTZFMDc1NTZFNjk2MzZGNjQ2NTA5MDQ1MzY5N0E2NTAyMEUwMDAxMDg1Mzc0NjE2RTY0NjE3MjY0MDgwNzQzNjg2MTcyNzM2NTc0MDcwRjUyNTU1MzUzNDk0MTRFNUY0MzQ4NDE1MjUzNDU1NDBBNTM2OTdBNjU0NDZGNzU2MjZDNjUwMjFDMDg0NjZGNkU3NDRFNjE2RDY1MDYwRjU0Njk2RDY1NzMyMDRFNjU3NzIwNTI2RjZENjE2RTA3NTU2RTY5NjM2RjY0NjUwOTA0NTM2OTdBNjUwMjBFMDAwMA0KLTkgMiAwIDAgMCAwIDINCg0KMEUwMTA0NTQ2MTYyNzMwRTAwMDAwMA0KLTkgMiAwIDAgMCAwIDQNCg0KMEUwMA0KLTkgMCAwIDAgMCAwIDcNCjEgMSAwIDggMyAwDQoxRjA0MzUwNDQwMDQzNTA0MzQwNDNEMDQ0RjA0MjAwMDQ2MDQzNTA0M0QwNDQyMDQ0MDA0MzAwNDNCMDQ0QzA0M0QwNDMwMDQyMDAwMzcwNDMyMDQzODA0MzIwNDM4MDQzRDA0MzAwNDJFMDANCg==</FormattedText>
						</VariantText>
						<VariantText CorrectAnswer="False">
							<PlainText>Верхня скронева звивина.</PlainText>
							<FormattedText>LTggMSAzIDINCi05IDEgMCAwIDAgMCAxMw0KOTYNCi05IDIgMCAwIDAgMCAxDQoNCjBFMDEwOTUzNzQ3OTZDNjU0RTYxNkQ2NTA2MEI0RTZGNzI2RDYxNkMyMDc0NjU3ODc0MEE1MzY5N0E2NTQ0NkY3NTYyNkM2NTAyMUMwODQ2NkY2RTc0NEU2MTZENjUwNjBGNTQ2OTZENjU3MzIwNEU2NTc3MjA1MjZGNkQ2MTZFMDc1NTZFNjk2MzZGNjQ2NTA5MDQ1MzY5N0E2NTAyMEUwMDAxMDg1Mzc0NjE2RTY0NjE3MjY0MDgwNzQzNjg2MTcyNzM2NTc0MDcwRjUyNTU1MzUzNDk0MTRFNUY0MzQ4NDE1MjUzNDU1NDBBNTM2OTdBNjU0NDZGNzU2MjZDNjUwMjFDMDg0NjZGNkU3NDRFNjE2RDY1MDYwRjU0Njk2RDY1NzMyMDRFNjU3NzIwNTI2RjZENjE2RTA3NTU2RTY5NjM2RjY0NjUwOTA0NTM2OTdBNjUwMjBFMDAwMA0KLTkgMiAwIDAgMCAwIDINCg0KMEUwMTA0NTQ2MTYyNzMwRTAwMDAwMA0KLTkgMiAwIDAgMCAwIDQNCg0KMEUwMA0KLTkgMCAwIDAgMCAwIDcNCjEgMSAwIDggMyAwDQoxMjA0MzUwNDQwMDQ0NTA0M0QwNDRGMDQyMDAwNDEwNDNBMDQ0MDA0M0UwNDNEMDQzNTA0MzIwNDMwMDQyMDAwMzcwNDMyMDQzODA0MzIwNDM4MDQzRDA0MzAwNDJFMDAyMDAwDQo=</FormattedText>
						</VariantText>
						<VariantText CorrectAnswer="False">
							<PlainText>Верхня лобова звивина.</PlainText>
							<FormattedText>LTggMSAzIDINCi05IDEgMCAwIDAgMCAxMw0KOTYNCi05IDIgMCAwIDAgMCAxDQoNCjBFMDEwOTUzNzQ3OTZDNjU0RTYxNkQ2NTA2MEI0RTZGNzI2RDYxNkMyMDc0NjU3ODc0MEE1MzY5N0E2NTQ0NkY3NTYyNkM2NTAyMUMwODQ2NkY2RTc0NEU2MTZENjUwNjBGNTQ2OTZENjU3MzIwNEU2NTc3MjA1MjZGNkQ2MTZFMDc1NTZFNjk2MzZGNjQ2NTA5MDQ1MzY5N0E2NTAyMEUwMDAxMDg1Mzc0NjE2RTY0NjE3MjY0MDgwNzQzNjg2MTcyNzM2NTc0MDcwRjUyNTU1MzUzNDk0MTRFNUY0MzQ4NDE1MjUzNDU1NDBBNTM2OTdBNjU0NDZGNzU2MjZDNjUwMjFDMDg0NjZGNkU3NDRFNjE2RDY1MDYwRjU0Njk2RDY1NzMyMDRFNjU3NzIwNTI2RjZENjE2RTA3NTU2RTY5NjM2RjY0NjUwOTA0NTM2OTdBNjUwMjBFMDAwMA0KLTkgMiAwIDAgMCAwIDINCg0KMEUwMTA0NTQ2MTYyNzMwRTAwMDAwMA0KLTkgMiAwIDAgMCAwIDQNCg0KMEUwMA0KLTkgMCAwIDAgMCAwIDcNCjEgMSAwIDggMyAwDQoxMjA0MzUwNDQwMDQ0NTA0M0QwNDRGMDQyMDAwM0IwNDNFMDQzMTA0M0UwNDMyMDQzMDA0MjAwMDM3MDQzMjA0MzgwNDMyMDQzODA0M0QwNDMwMDQyRTAwDQo=</FormattedText>
						</VariantText>
						<VariantText CorrectAnswer="False">
							<PlainText>Нижня скронева звивина.</PlainText>
							<FormattedText>LTggMSAzIDINCi05IDEgMCAwIDAgMCAxMw0KOTYNCi05IDIgMCAwIDAgMCAxDQoNCjBFMDEwOTUzNzQ3OTZDNjU0RTYxNkQ2NTA2MEI0RTZGNzI2RDYxNkMyMDc0NjU3ODc0MEE1MzY5N0E2NTQ0NkY3NTYyNkM2NTAyMUMwODQ2NkY2RTc0NEU2MTZENjUwNjBGNTQ2OTZENjU3MzIwNEU2NTc3MjA1MjZGNkQ2MTZFMDc1NTZFNjk2MzZGNjQ2NTA5MDQ1MzY5N0E2NTAyMEUwMDAxMDg1Mzc0NjE2RTY0NjE3MjY0MDgwNzQzNjg2MTcyNzM2NTc0MDcwRjUyNTU1MzUzNDk0MTRFNUY0MzQ4NDE1MjUzNDU1NDBBNTM2OTdBNjU0NDZGNzU2MjZDNjUwMjFDMDg0NjZGNkU3NDRFNjE2RDY1MDYwRjU0Njk2RDY1NzMyMDRFNjU3NzIwNTI2RjZENjE2RTA3NTU2RTY5NjM2RjY0NjUwOTA0NTM2OTdBNjUwMjBFMDAwMA0KLTkgMiAwIDAgMCAwIDINCg0KMEUwMTA0NTQ2MTYyNzMwRTAwMDAwMTA4NTM3NDYxNkU2NDYxNzI2NDA4MDk0MTZDNjk2NzZFNkQ2NTZFNzQwNzBBNzI3NjYxNEE3NTczNzQ2OTY2NzkwNDU0NjE2MjczMEUwMDAwMDANCi05IDIgMCAwIDAgMCA0DQoNCjBFMDANCi05IDAgMCAwIDAgMCA3DQoxIDEgMCA4IDMgMA0KMUQwNDM4MDQzNjA0M0QwNDRGMDQyMDAwNDEwNDNBMDQ0MDA0M0UwNDNEMDQzNTA0MzIwNDMwMDQyMDAwMzcwNDMyMDQzODA0MzIwNDM4MDQzRDA0MzAwNDJFMDANCjEgMSAxIDggMyAwDQoNCg==</FormattedText>
						</VariantText>
						<VariantText CorrectAnswer="True">
							<PlainText>Нижня лобова звивина.</PlainText>
							<FormattedText>LTggMSAzIDINCi05IDEgMCAwIDAgMCAxMw0KOTYNCi05IDIgMCAwIDAgMCAxDQoNCjBFMDEwOTUzNzQ3OTZDNjU0RTYxNkQ2NTA2MEI0RTZGNzI2RDYxNkMyMDc0NjU3ODc0MEE1MzY5N0E2NTQ0NkY3NTYyNkM2NTAyMUMwODQ2NkY2RTc0NEU2MTZENjUwNjBGNTQ2OTZENjU3MzIwNEU2NTc3MjA1MjZGNkQ2MTZFMDc1NTZFNjk2MzZGNjQ2NTA5MDQ1MzY5N0E2NTAyMEUwMDAxMDg1Mzc0NjE2RTY0NjE3MjY0MDgwNzQzNjg2MTcyNzM2NTc0MDcwRjUyNTU1MzUzNDk0MTRFNUY0MzQ4NDE1MjUzNDU1NDBBNTM2OTdBNjU0NDZGNzU2MjZDNjUwMjFDMDg0NjZGNkU3NDRFNjE2RDY1MDYwRjU0Njk2RDY1NzMyMDRFNjU3NzIwNTI2RjZENjE2RTA3NTU2RTY5NjM2RjY0NjUwOTA0NTM2OTdBNjUwMjBFMDAwMA0KLTkgMiAwIDAgMCAwIDINCg0KMEUwMTA0NTQ2MTYyNzMwRTAwMDAwMA0KLTkgMiAwIDAgMCAwIDQNCg0KMEUwMA0KLTkgMCAwIDAgMCAwIDcNCjEgMSAwIDggMyAwDQoxRDA0MzgwNDM2MDQzRDA0NEYwNDIwMDAzQjA0M0UwNDMxMDQzRTA0MzIwNDMwMDQyMDAwMzcwNDMyMDQzODA0MzIwNDM4MDQzRDA0MzAwNDJFMDANCg==</FormattedText>
						</VariantText>
					</Variants>
				</Task>
				<!-- ***** -->
				<Task Type="TYPE_TASK_CHOICE_SINGLE" Score="1">
					<Title/>
					<QuestionText>
						<PlainText>З пошкодженням якої ділянки кори великих півкуль головного мозку пов&apos;язане порушення сприйняття мови (сенсорна афазія)?</PlainText>
						<FormattedText>LTggMSAzIDINCi05IDEgMCAwIDAgMCAxMw0KOTYNCi05IDIgMCAwIDAgMCAxDQoNCjBFMDEwOTUzNzQ3OTZDNjU0RTYxNkQ2NTA2MEI0RTZGNzI2RDYxNkMyMDc0NjU3ODc0MEE1MzY5N0E2NTQ0NkY3NTYyNkM2NTAyMUMwODQ2NkY2RTc0NEU2MTZENjUwNjBGNTQ2OTZENjU3MzIwNEU2NTc3MjA1MjZGNkQ2MTZFMDc1NTZFNjk2MzZGNjQ2NTA5MDQ1MzY5N0E2NTAyMEUwMDAxMDg1Mzc0NjE2RTY0NjE3MjY0MDgwNzQzNjg2MTcyNzM2NTc0MDcwRjUyNTU1MzUzNDk0MTRFNUY0MzQ4NDE1MjUzNDU1NDBBNTM2OTdBNjU0NDZGNzU2MjZDNjUwMjFDMDg0NjZGNkU3NDRFNjE2RDY1MDYwRjU0Njk2RDY1NzMyMDRFNjU3NzIwNTI2RjZENjE2RTA3NTU2RTY5NjM2RjY0NjUwOTA0NTM2OTdBNjUwMjBFMDAwMA0KLTkgMiAwIDAgMCAwIDINCg0KMEUwMTA0NTQ2MTYyNzMwRTAwMDAwMTA4NTM3NDYxNkU2NDYxNzI2NDA4MDk0MTZDNjk2NzZFNkQ2NTZFNzQwNzBBNzI3NjYxNEE3NTczNzQ2OTY2NzkwNDU0NjE2MjczMEUwMDAwMDANCi05IDIgMCAwIDAgMCA0DQoNCjBFMDANCi05IDAgMCAwIDAgMCA3DQoxIDIgMSA4IDMgMA0KMTcwNDIwMDAzRjA0M0UwNDQ4MDQzQTA0M0UwNDM0MDQzNjA0MzUwNDNEMDQzRDA0NEYwNDNDMDQyMDAwNEYwNDNBMDQzRTA0NTcwNDIwMDAzNDA0NTYwNDNCMDQ0RjA0M0QwNDNBMDQzODA0MjAwMDNBMDQzRTA0NDAwNDM4MDQyMDAwMzIwNDM1MDQzQjA0MzgwNDNBMDQzODA0NDUwNDIwMDAzRjA0NTYwNDMyMDQzQTA0NDMwNDNCMDQ0QzA0MjAwMDMzMDQzRTA0M0IwNDNFMDQzMjA0M0QwNDNFMDQzMzA0M0UwNDIwMDAzQzA0M0UwNDM3MDQzQTA0NDMwNDIwMDAzRjA0M0UwNDMyMDQyNzAwNEYwNDM3MDQzMDA0M0QwNDM1MDQyMDAwM0YwNDNFMDQ0MDA0NDMwNDQ4MDQzNTA0M0QwNDNEMDQ0RjA0MjAwMDQxMDQzRjA0NDAwNDM4MDQzOTA0M0QwNDRGMDQ0MjA0NDIwNDRGMDQyMDAwM0MwNDNFMDQzMjA0MzgwNDIwMDAyODAwNDEwNDM1MDQzRDA0NDEwNDNFMDQ0MDA0M0QwNDMwMDQyMDAwMzAwNDQ0MDQzMDA0MzcwNDU2MDQ0RjA0MjkwMDNGMDANCg0K</FormattedText>
					</QuestionText>
					<Options>
						<IsAllowRandom>true</IsAllowRandom>
						<IsCompulsory>false</IsCompulsory>
						<IsOnlyForEduMode>false</IsOnlyForEduMode>
						<IsDenyPartially>false</IsDenyPartially>
					</Options>
					<Variants>
						<VariantText CorrectAnswer="False">
							<PlainText>Верхньої лобової звивини.</PlainText>
							<FormattedText>LTggMSAzIDINCi05IDEgMCAwIDAgMCAxMw0KOTYNCi05IDIgMCAwIDAgMCAxDQoNCjBFMDEwOTUzNzQ3OTZDNjU0RTYxNkQ2NTA2MEI0RTZGNzI2RDYxNkMyMDc0NjU3ODc0MEE1MzY5N0E2NTQ0NkY3NTYyNkM2NTAyMUMwODQ2NkY2RTc0NEU2MTZENjUwNjBGNTQ2OTZENjU3MzIwNEU2NTc3MjA1MjZGNkQ2MTZFMDc1NTZFNjk2MzZGNjQ2NTA5MDQ1MzY5N0E2NTAyMEUwMDAxMDg1Mzc0NjE2RTY0NjE3MjY0MDgwNzQzNjg2MTcyNzM2NTc0MDcwRjUyNTU1MzUzNDk0MTRFNUY0MzQ4NDE1MjUzNDU1NDBBNTM2OTdBNjU0NDZGNzU2MjZDNjUwMjFDMDg0NjZGNkU3NDRFNjE2RDY1MDYwRjU0Njk2RDY1NzMyMDRFNjU3NzIwNTI2RjZENjE2RTA3NTU2RTY5NjM2RjY0NjUwOTA0NTM2OTdBNjUwMjBFMDAwMA0KLTkgMiAwIDAgMCAwIDINCg0KMEUwMTA0NTQ2MTYyNzMwRTAwMDAwMA0KLTkgMiAwIDAgMCAwIDQNCg0KMEUwMA0KLTkgMCAwIDAgMCAwIDcNCjEgMSAwIDggMyAwDQoxMjA0MzUwNDQwMDQ0NTA0M0QwNDRDMDQzRTA0NTcwNDIwMDAzQjA0M0UwNDMxMDQzRTA0MzIwNDNFMDQ1NzA0MjAwMDM3MDQzMjA0MzgwNDMyMDQzODA0M0QwNDM4MDQyRTAwDQo=</FormattedText>
						</VariantText>
						<VariantText CorrectAnswer="False">
							<PlainText>Нижньої скроневої звивини.</PlainText>
							<FormattedText>LTggMSAzIDINCi05IDEgMCAwIDAgMCAxMw0KOTYNCi05IDIgMCAwIDAgMCAxDQoNCjBFMDEwOTUzNzQ3OTZDNjU0RTYxNkQ2NTA2MEI0RTZGNzI2RDYxNkMyMDc0NjU3ODc0MEE1MzY5N0E2NTQ0NkY3NTYyNkM2NTAyMUMwODQ2NkY2RTc0NEU2MTZENjUwNjBGNTQ2OTZENjU3MzIwNEU2NTc3MjA1MjZGNkQ2MTZFMDc1NTZFNjk2MzZGNjQ2NTA5MDQ1MzY5N0E2NTAyMEUwMDAxMDg1Mzc0NjE2RTY0NjE3MjY0MDgwNzQzNjg2MTcyNzM2NTc0MDcwRjUyNTU1MzUzNDk0MTRFNUY0MzQ4NDE1MjUzNDU1NDBBNTM2OTdBNjU0NDZGNzU2MjZDNjUwMjFDMDg0NjZGNkU3NDRFNjE2RDY1MDYwRjU0Njk2RDY1NzMyMDRFNjU3NzIwNTI2RjZENjE2RTA3NTU2RTY5NjM2RjY0NjUwOTA0NTM2OTdBNjUwMjBFMDAwMA0KLTkgMiAwIDAgMCAwIDINCg0KMEUwMTA0NTQ2MTYyNzMwRTAwMDAwMA0KLTkgMiAwIDAgMCAwIDQNCg0KMEUwMA0KLTkgMCAwIDAgMCAwIDcNCjEgMSAwIDggMyAwDQoxRDA0MzgwNDM2MDQzRDA0NEMwNDNFMDQ1NzA0MjAwMDQxMDQzQTA0NDAwNDNFMDQzRDA0MzUwNDMyMDQzRTA0NTcwNDIwMDAzNzA0MzIwNDM4MDQzMjA0MzgwNDNEMDQzODA0MkUwMA0K</FormattedText>
						</VariantText>
						<VariantText CorrectAnswer="True">
							<PlainText>Верхньої скроневої звивини.</PlainText>
							<FormattedText>LTggMSAzIDINCi05IDEgMCAwIDAgMCAxMw0KOTYNCi05IDIgMCAwIDAgMCAxDQoNCjBFMDEwOTUzNzQ3OTZDNjU0RTYxNkQ2NTA2MEI0RTZGNzI2RDYxNkMyMDc0NjU3ODc0MEE1MzY5N0E2NTQ0NkY3NTYyNkM2NTAyMUMwODQ2NkY2RTc0NEU2MTZENjUwNjBGNTQ2OTZENjU3MzIwNEU2NTc3MjA1MjZGNkQ2MTZFMDc1NTZFNjk2MzZGNjQ2NTA5MDQ1MzY5N0E2NTAyMEUwMDAxMDg1Mzc0NjE2RTY0NjE3MjY0MDgwNzQzNjg2MTcyNzM2NTc0MDcwRjUyNTU1MzUzNDk0MTRFNUY0MzQ4NDE1MjUzNDU1NDBBNTM2OTdBNjU0NDZGNzU2MjZDNjUwMjFDMDg0NjZGNkU3NDRFNjE2RDY1MDYwRjU0Njk2RDY1NzMyMDRFNjU3NzIwNTI2RjZENjE2RTA3NTU2RTY5NjM2RjY0NjUwOTA0NTM2OTdBNjUwMjBFMDAwMA0KLTkgMiAwIDAgMCAwIDINCg0KMEUwMTA0NTQ2MTYyNzMwRTAwMDAwMA0KLTkgMiAwIDAgMCAwIDQNCg0KMEUwMA0KLTkgMCAwIDAgMCAwIDcNCjEgMSAwIDggMyAwDQoxMjA0MzUwNDQwMDQ0NTA0M0QwNDRDMDQzRTA0NTcwNDIwMDA0MTA0M0EwNDQwMDQzRTA0M0QwNDM1MDQzMjA0M0UwNDU3MDQyMDAwMzcwNDMyMDQzODA0MzIwNDM4MDQzRDA0MzgwNDJFMDANCg==</FormattedText>
						</VariantText>
						<VariantText CorrectAnswer="False">
							<PlainText>Задній центральної звивини.</PlainText>
							<FormattedText>LTggMSAzIDINCi05IDEgMCAwIDAgMCAxMw0KOTYNCi05IDIgMCAwIDAgMCAxDQoNCjBFMDEwOTUzNzQ3OTZDNjU0RTYxNkQ2NTA2MEI0RTZGNzI2RDYxNkMyMDc0NjU3ODc0MEE1MzY5N0E2NTQ0NkY3NTYyNkM2NTAyMUMwODQ2NkY2RTc0NEU2MTZENjUwNjBGNTQ2OTZENjU3MzIwNEU2NTc3MjA1MjZGNkQ2MTZFMDc1NTZFNjk2MzZGNjQ2NTA5MDQ1MzY5N0E2NTAyMEUwMDAxMDg1Mzc0NjE2RTY0NjE3MjY0MDgwNzQzNjg2MTcyNzM2NTc0MDcwRjUyNTU1MzUzNDk0MTRFNUY0MzQ4NDE1MjUzNDU1NDBBNTM2OTdBNjU0NDZGNzU2MjZDNjUwMjFDMDg0NjZGNkU3NDRFNjE2RDY1MDYwRjU0Njk2RDY1NzMyMDRFNjU3NzIwNTI2RjZENjE2RTA3NTU2RTY5NjM2RjY0NjUwOTA0NTM2OTdBNjUwMjBFMDAwMA0KLTkgMiAwIDAgMCAwIDINCg0KMEUwMTA0NTQ2MTYyNzMwRTAwMDAwMA0KLTkgMiAwIDAgMCAwIDQNCg0KMEUwMA0KLTkgMCAwIDAgMCAwIDcNCjEgMSAwIDggMyAwDQoyMDAwMTcwNDMwMDQzNDA0M0QwNDU2MDQzOTA0MjAwMDQ2MDQzNTA0M0QwNDQyMDQ0MDA0MzAwNDNCMDQ0QzA0M0QwNDNFMDQ1NzA0MjAwMDM3MDQzMjA0MzgwNDMyMDQzODA0M0QwNDM4MDQyRTAwDQo=</FormattedText>
						</VariantText>
						<VariantText CorrectAnswer="False">
							<PlainText>Нижньої лобової звивини.</PlainText>
							<FormattedText>LTggMSAzIDINCi05IDEgMCAwIDAgMCAxMw0KOTYNCi05IDIgMCAwIDAgMCAxDQoNCjBFMDEwOTUzNzQ3OTZDNjU0RTYxNkQ2NTA2MEI0RTZGNzI2RDYxNkMyMDc0NjU3ODc0MEE1MzY5N0E2NTQ0NkY3NTYyNkM2NTAyMUMwODQ2NkY2RTc0NEU2MTZENjUwNjBGNTQ2OTZENjU3MzIwNEU2NTc3MjA1MjZGNkQ2MTZFMDc1NTZFNjk2MzZGNjQ2NTA5MDQ1MzY5N0E2NTAyMEUwMDAxMDg1Mzc0NjE2RTY0NjE3MjY0MDgwNzQzNjg2MTcyNzM2NTc0MDcwRjUyNTU1MzUzNDk0MTRFNUY0MzQ4NDE1MjUzNDU1NDBBNTM2OTdBNjU0NDZGNzU2MjZDNjUwMjFDMDg0NjZGNkU3NDRFNjE2RDY1MDYwRjU0Njk2RDY1NzMyMDRFNjU3NzIwNTI2RjZENjE2RTA3NTU2RTY5NjM2RjY0NjUwOTA0NTM2OTdBNjUwMjBFMDAwMA0KLTkgMiAwIDAgMCAwIDINCg0KMEUwMTA0NTQ2MTYyNzMwRTAwMDAwMA0KLTkgMiAwIDAgMCAwIDQNCg0KMEUwMA0KLTkgMCAwIDAgMCAwIDcNCjEgMSAwIDggMyAwDQoxRDA0MzgwNDM2MDQzRDA0NEMwNDNFMDQ1NzA0MjAwMDNCMDQzRTA0MzEwNDNFMDQzMjA0M0UwNDU3MDQyMDAwMzcwNDMyMDQzODA0MzIwNDM4MDQzRDA0MzgwNDJFMDANCg==</FormattedText>
						</VariantText>
					</Variants>
				</Task>
				<!-- ***** -->
				<Task Type="TYPE_TASK_CHOICE_SINGLE" Score="1">
					<Title/>
					<QuestionText>
						<PlainText>Що із наведеного може бути причиною порушення вищої нервової діяльності?</PlainText>
						<FormattedText>LTggMSAzIDINCi05IDEgMCAwIDAgMCAxMw0KOTYNCi05IDIgMCAwIDAgMCAxDQoNCjBFMDEwOTUzNzQ3OTZDNjU0RTYxNkQ2NTA2MEI0RTZGNzI2RDYxNkMyMDc0NjU3ODc0MEE1MzY5N0E2NTQ0NkY3NTYyNkM2NTAyMUMwODQ2NkY2RTc0NEU2MTZENjUwNjBGNTQ2OTZENjU3MzIwNEU2NTc3MjA1MjZGNkQ2MTZFMDc1NTZFNjk2MzZGNjQ2NTA5MDQ1MzY5N0E2NTAyMEUwMDAxMDg1Mzc0NjE2RTY0NjE3MjY0MDgwNzQzNjg2MTcyNzM2NTc0MDcwRjUyNTU1MzUzNDk0MTRFNUY0MzQ4NDE1MjUzNDU1NDBBNTM2OTdBNjU0NDZGNzU2MjZDNjUwMjFDMDg0NjZGNkU3NDRFNjE2RDY1MDYwRjU0Njk2RDY1NzMyMDRFNjU3NzIwNTI2RjZENjE2RTA3NTU2RTY5NjM2RjY0NjUwOTA0NTM2OTdBNjUwMjBFMDAwMA0KLTkgMiAwIDAgMCAwIDINCg0KMEUwMTA0NTQ2MTYyNzMwRTAwMDAwMTA4NTM3NDYxNkU2NDYxNzI2NDA4MDk0MTZDNjk2NzZFNkQ2NTZFNzQwNzBBNzI3NjYxNEE3NTczNzQ2OTY2NzkwNDU0NjE2MjczMEUwMDAwMDANCi05IDIgMCAwIDAgMCA0DQoNCjBFMDANCi05IDAgMCAwIDAgMCA3DQoxIDIgMSA4IDMgMA0KMjkwNDNFMDQyMDAwNTYwNDM3MDQyMDAwM0QwNDMwMDQzMjA0MzUwNDM0MDQzNTA0M0QwNDNFMDQzMzA0M0UwNDIwMDAzQzA0M0UwNDM2MDQzNTA0MjAwMDMxMDQ0MzA0NDIwNDM4MDQyMDAwM0YwNDQwMDQzODA0NDcwNDM4MDQzRDA0M0UwNDRFMDQyMDAwM0YwNDNFMDQ0MDA0NDMwNDQ4MDQzNTA0M0QwNDNEMDQ0RjA0MjAwMDMyMDQzODA0NDkwNDNFMDQ1NzA0MjAwMDNEMDQzNTA0NDAwNDMyMDQzRTA0MzIwNDNFMDQ1NzA0MjAwMDM0MDQ1NjA0NEYwNDNCMDQ0QzA0M0QwNDNFMDQ0MTA0NDIwNDU2MDQzRjAwDQoNCg==</FormattedText>
					</QuestionText>
					<Options>
						<IsAllowRandom>true</IsAllowRandom>
						<IsCompulsory>false</IsCompulsory>
						<IsOnlyForEduMode>false</IsOnlyForEduMode>
						<IsDenyPartially>false</IsDenyPartially>
					</Options>
					<Variants>
						<VariantText CorrectAnswer="False">
							<PlainText>Слабкість основних нервових процесів.</PlainText>
							<FormattedText>LTggMSAzIDINCi05IDEgMCAwIDAgMCAxMw0KOTYNCi05IDIgMCAwIDAgMCAxDQoNCjBFMDEwOTUzNzQ3OTZDNjU0RTYxNkQ2NTA2MEI0RTZGNzI2RDYxNkMyMDc0NjU3ODc0MEE1MzY5N0E2NTQ0NkY3NTYyNkM2NTAyMUMwODQ2NkY2RTc0NEU2MTZENjUwNjBGNTQ2OTZENjU3MzIwNEU2NTc3MjA1MjZGNkQ2MTZFMDc1NTZFNjk2MzZGNjQ2NTA5MDQ1MzY5N0E2NTAyMEUwMDAxMDg1Mzc0NjE2RTY0NjE3MjY0MDgwNzQzNjg2MTcyNzM2NTc0MDcwRjUyNTU1MzUzNDk0MTRFNUY0MzQ4NDE1MjUzNDU1NDBBNTM2OTdBNjU0NDZGNzU2MjZDNjUwMjFDMDg0NjZGNkU3NDRFNjE2RDY1MDYwRjU0Njk2RDY1NzMyMDRFNjU3NzIwNTI2RjZENjE2RTA3NTU2RTY5NjM2RjY0NjUwOTA0NTM2OTdBNjUwMjBFMDAwMA0KLTkgMiAwIDAgMCAwIDINCg0KMEUwMTA0NTQ2MTYyNzMwRTAwMDAwMA0KLTkgMiAwIDAgMCAwIDQNCg0KMEUwMA0KLTkgMCAwIDAgMCAwIDcNCjEgMSAwIDggMyAwDQoyMTA0M0IwNDMwMDQzMTA0M0EwNDU2MDQ0MTA0NDIwNDRDMDQyMDAwM0UwNDQxMDQzRDA0M0UwNDMyMDQzRDA0MzgwNDQ1MDQyMDAwM0QwNDM1MDQ0MDA0MzIwNDNFMDQzMjA0MzgwNDQ1MDQyMDAwM0YwNDQwMDQzRTA0NDYwNDM1MDQ0MTA0NTYwNDMyMDQyRTAwDQo=</FormattedText>
						</VariantText>
						<VariantText CorrectAnswer="True">
							<PlainText>Перенапруження процесу внутрішнього гальмування.</PlainText>
							<FormattedText>LTggMSAzIDINCi05IDEgMCAwIDAgMCAxMw0KOTYNCi05IDIgMCAwIDAgMCAxDQoNCjBFMDEwOTUzNzQ3OTZDNjU0RTYxNkQ2NTA2MEI0RTZGNzI2RDYxNkMyMDc0NjU3ODc0MEE1MzY5N0E2NTQ0NkY3NTYyNkM2NTAyMUMwODQ2NkY2RTc0NEU2MTZENjUwNjBGNTQ2OTZENjU3MzIwNEU2NTc3MjA1MjZGNkQ2MTZFMDc1NTZFNjk2MzZGNjQ2NTA5MDQ1MzY5N0E2NTAyMEUwMDAxMDg1Mzc0NjE2RTY0NjE3MjY0MDgwNzQzNjg2MTcyNzM2NTc0MDcwRjUyNTU1MzUzNDk0MTRFNUY0MzQ4NDE1MjUzNDU1NDBBNTM2OTdBNjU0NDZGNzU2MjZDNjUwMjFDMDg0NjZGNkU3NDRFNjE2RDY1MDYwRjU0Njk2RDY1NzMyMDRFNjU3NzIwNTI2RjZENjE2RTA3NTU2RTY5NjM2RjY0NjUwOTA0NTM2OTdBNjUwMjBFMDAwMA0KLTkgMiAwIDAgMCAwIDINCg0KMEUwMTA0NTQ2MTYyNzMwRTAwMDAwMA0KLTkgMiAwIDAgMCAwIDQNCg0KMEUwMA0KLTkgMCAwIDAgMCAwIDcNCjEgMSAwIDggMyAwDQoxRjA0MzUwNDQwMDQzNTA0M0QwNDMwMDQzRjA0NDAwNDQzMDQzNjA0MzUwNDNEMDQzRDA0NEYwNDIwMDAzRjA0NDAwNDNFMDQ0NjA0MzUwNDQxMDQ0MzA0MjAwMDMyMDQzRDA0NDMwNDQyMDQ0MDA0NTYwNDQ4MDQzRDA0NEMwNDNFMDQzMzA0M0UwNDIwMDAzMzA0MzAwNDNCMDQ0QzA0M0MwNDQzMDQzMjA0MzAwNDNEMDQzRDA0NEYwNDJFMDANCg==</FormattedText>
						</VariantText>
						<VariantText CorrectAnswer="False">
							<PlainText>Неврівноваженість основних нервових процесів.</PlainText>
							<FormattedText>LTggMSAzIDINCi05IDEgMCAwIDAgMCAxMw0KOTYNCi05IDIgMCAwIDAgMCAxDQoNCjBFMDEwOTUzNzQ3OTZDNjU0RTYxNkQ2NTA2MEI0RTZGNzI2RDYxNkMyMDc0NjU3ODc0MEE1MzY5N0E2NTQ0NkY3NTYyNkM2NTAyMUMwODQ2NkY2RTc0NEU2MTZENjUwNjBGNTQ2OTZENjU3MzIwNEU2NTc3MjA1MjZGNkQ2MTZFMDc1NTZFNjk2MzZGNjQ2NTA5MDQ1MzY5N0E2NTAyMEUwMDAxMDg1Mzc0NjE2RTY0NjE3MjY0MDgwNzQzNjg2MTcyNzM2NTc0MDcwRjUyNTU1MzUzNDk0MTRFNUY0MzQ4NDE1MjUzNDU1NDBBNTM2OTdBNjU0NDZGNzU2MjZDNjUwMjFDMDg0NjZGNkU3NDRFNjE2RDY1MDYwRjU0Njk2RDY1NzMyMDRFNjU3NzIwNTI2RjZENjE2RTA3NTU2RTY5NjM2RjY0NjUwOTA0NTM2OTdBNjUwMjBFMDAwMA0KLTkgMiAwIDAgMCAwIDINCg0KMEUwMTA0NTQ2MTYyNzMwRTAwMDAwMA0KLTkgMiAwIDAgMCAwIDQNCg0KMEUwMA0KLTkgMCAwIDAgMCAwIDcNCjEgMSAwIDggMyAwDQoxRDA0MzUwNDMyMDQ0MDA0NTYwNDMyMDQzRDA0M0UwNDMyMDQzMDA0MzYwNDM1MDQzRDA0NTYwNDQxMDQ0MjA0NEMwNDIwMDAzRTA0NDEwNDNEMDQzRTA0MzIwNDNEMDQzODA0NDUwNDIwMDAzRDA0MzUwNDQwMDQzMjA0M0UwNDMyMDQzODA0NDUwNDIwMDAzRjA0NDAwNDNFMDQ0NjA0MzUwNDQxMDQ1NjA0MzIwNDJFMDANCg==</FormattedText>
						</VariantText>
						<VariantText CorrectAnswer="False">
							<PlainText>Інертність основних нервових процесів.</PlainText>
							<FormattedText>LTggMSAzIDINCi05IDEgMCAwIDAgMCAxMw0KOTYNCi05IDIgMCAwIDAgMCAxDQoNCjBFMDEwOTUzNzQ3OTZDNjU0RTYxNkQ2NTA2MEI0RTZGNzI2RDYxNkMyMDc0NjU3ODc0MEE1MzY5N0E2NTQ0NkY3NTYyNkM2NTAyMUMwODQ2NkY2RTc0NEU2MTZENjUwNjBGNTQ2OTZENjU3MzIwNEU2NTc3MjA1MjZGNkQ2MTZFMDc1NTZFNjk2MzZGNjQ2NTA5MDQ1MzY5N0E2NTAyMEUwMDAxMDg1Mzc0NjE2RTY0NjE3MjY0MDgwNzQzNjg2MTcyNzM2NTc0MDcwRjUyNTU1MzUzNDk0MTRFNUY0MzQ4NDE1MjUzNDU1NDBBNTM2OTdBNjU0NDZGNzU2MjZDNjUwMjFDMDg0NjZGNkU3NDRFNjE2RDY1MDYwRjU0Njk2RDY1NzMyMDRFNjU3NzIwNTI2RjZENjE2RTA3NTU2RTY5NjM2RjY0NjUwOTA0NTM2OTdBNjUwMjBFMDAwMA0KLTkgMiAwIDAgMCAwIDINCg0KMEUwMTA0NTQ2MTYyNzMwRTAwMDAwMTA4NTM3NDYxNkU2NDYxNzI2NDA4MDk0MTZDNjk2NzZFNkQ2NTZFNzQwNzBBNzI3NjYxNEE3NTczNzQ2OTY2NzkwNDU0NjE2MjczMEUwMDAwMDANCi05IDIgMCAwIDAgMCA0DQoNCjBFMDANCi05IDAgMCAwIDAgMCA3DQoxIDEgMCA4IDMgMA0KMDYwNDNEMDQzNTA0NDAwNDQyMDQzRDA0NTYwNDQxMDQ0MjA0NEMwNDIwMDAzRTA0NDEwNDNEMDQzRTA0MzIwNDNEMDQzODA0NDUwNDIwMDAzRDA0MzUwNDQwMDQzMjA0M0UwNDMyMDQzODA0NDUwNDIwMDAzRjA0NDAwNDNFMDQ0NjA0MzUwNDQxMDQ1NjA0MzIwNDJFMDANCjEgMSAxIDggMyAwDQoNCg==</FormattedText>
						</VariantText>
						<VariantText CorrectAnswer="False">
							<PlainText>Порушення самоконтролю і самовладання.</PlainText>
							<FormattedText>LTggMSAzIDINCi05IDEgMCAwIDAgMCAxMw0KOTYNCi05IDIgMCAwIDAgMCAxDQoNCjBFMDEwOTUzNzQ3OTZDNjU0RTYxNkQ2NTA2MEI0RTZGNzI2RDYxNkMyMDc0NjU3ODc0MEE1MzY5N0E2NTQ0NkY3NTYyNkM2NTAyMUMwODQ2NkY2RTc0NEU2MTZENjUwNjBGNTQ2OTZENjU3MzIwNEU2NTc3MjA1MjZGNkQ2MTZFMDc1NTZFNjk2MzZGNjQ2NTA5MDQ1MzY5N0E2NTAyMEUwMDAxMDg1Mzc0NjE2RTY0NjE3MjY0MDgwNzQzNjg2MTcyNzM2NTc0MDcwRjUyNTU1MzUzNDk0MTRFNUY0MzQ4NDE1MjUzNDU1NDBBNTM2OTdBNjU0NDZGNzU2MjZDNjUwMjFDMDg0NjZGNkU3NDRFNjE2RDY1MDYwRjU0Njk2RDY1NzMyMDRFNjU3NzIwNTI2RjZENjE2RTA3NTU2RTY5NjM2RjY0NjUwOTA0NTM2OTdBNjUwMjBFMDAwMA0KLTkgMiAwIDAgMCAwIDINCg0KMEUwMTA0NTQ2MTYyNzMwRTAwMDAwMA0KLTkgMiAwIDAgMCAwIDQNCg0KMEUwMA0KLTkgMCAwIDAgMCAwIDcNCjEgMSAwIDggMyAwDQoyMDAwMUYwNDNFMDQ0MDA0NDMwNDQ4MDQzNTA0M0QwNDNEMDQ0RjA0MjAwMDQxMDQzMDA0M0MwNDNFMDQzQTA0M0UwNDNEMDQ0MjA0NDAwNDNFMDQzQjA0NEUwNDIwMDA1NjA0MjAwMDQxMDQzMDA0M0MwNDNFMDQzMjA0M0IwNDMwMDQzNDA0MzAwNDNEMDQzRDA0NEYwNDJFMDANCg==</FormattedText>
						</VariantText>
					</Variants>
				</Task>
				<!-- ***** -->
				<Task Type="TYPE_TASK_CHOICE_SINGLE" Score="1">
					<Title/>
					<Options>
						<IsAllowRandom>true</IsAllowRandom>
						<IsCompulsory>false</IsCompulsory>
						<IsOnlyForEduMode>false</IsOnlyForEduMode>
						<IsDenyPartially>false</IsDenyPartially>
					</Options>
					<Variants>
						<VariantText CorrectAnswer="False">
							<PlainText>Неврівноваженість основних нервових процесів.</PlainText>
							<FormattedText>LTggMSAzIDINCi05IDEgMCAwIDAgMCAxMw0KOTYNCi05IDIgMCAwIDAgMCAxDQoNCjBFMDEwOTUzNzQ3OTZDNjU0RTYxNkQ2NTA2MEI0RTZGNzI2RDYxNkMyMDc0NjU3ODc0MEE1MzY5N0E2NTQ0NkY3NTYyNkM2NTAyMUMwODQ2NkY2RTc0NEU2MTZENjUwNjBGNTQ2OTZENjU3MzIwNEU2NTc3MjA1MjZGNkQ2MTZFMDc1NTZFNjk2MzZGNjQ2NTA5MDQ1MzY5N0E2NTAyMEUwMDAxMDg1Mzc0NjE2RTY0NjE3MjY0MDgwNzQzNjg2MTcyNzM2NTc0MDcwRjUyNTU1MzUzNDk0MTRFNUY0MzQ4NDE1MjUzNDU1NDBBNTM2OTdBNjU0NDZGNzU2MjZDNjUwMjFDMDg0NjZGNkU3NDRFNjE2RDY1MDYwRjU0Njk2RDY1NzMyMDRFNjU3NzIwNTI2RjZENjE2RTA3NTU2RTY5NjM2RjY0NjUwOTA0NTM2OTdBNjUwMjBFMDAwMA0KLTkgMiAwIDAgMCAwIDINCg0KMEUwMTA0NTQ2MTYyNzMwRTAwMDAwMA0KLTkgMiAwIDAgMCAwIDQNCg0KMEUwMA0KLTkgMCAwIDAgMCAwIDcNCjEgMSAwIDggMyAwDQoxRDA0MzUwNDMyMDQ0MDA0NTYwNDMyMDQzRDA0M0UwNDMyMDQzMDA0MzYwNDM1MDQzRDA0NTYwNDQxMDQ0MjA0NEMwNDIwMDAzRTA0NDEwNDNEMDQzRTA0MzIwNDNEMDQzODA0NDUwNDIwMDAzRDA0MzUwNDQwMDQzMjA0M0UwNDMyMDQzODA0NDUwNDIwMDAzRjA0NDAwNDNFMDQ0NjA0MzUwNDQxMDQ1NjA0MzIwNDJFMDANCg==</FormattedText>
						</VariantText>
						<VariantText CorrectAnswer="True">
							<PlainText>Перенапруження рухливості основних процесів.</PlainText>
							<FormattedText>LTggMSAzIDINCi05IDEgMCAwIDAgMCAxMw0KOTYNCi05IDIgMCAwIDAgMCAxDQoNCjBFMDEwOTUzNzQ3OTZDNjU0RTYxNkQ2NTA2MEI0RTZGNzI2RDYxNkMyMDc0NjU3ODc0MEE1MzY5N0E2NTQ0NkY3NTYyNkM2NTAyMUMwODQ2NkY2RTc0NEU2MTZENjUwNjBGNTQ2OTZENjU3MzIwNEU2NTc3MjA1MjZGNkQ2MTZFMDc1NTZFNjk2MzZGNjQ2NTA5MDQ1MzY5N0E2NTAyMEUwMDAxMDg1Mzc0NjE2RTY0NjE3MjY0MDgwNzQzNjg2MTcyNzM2NTc0MDcwRjUyNTU1MzUzNDk0MTRFNUY0MzQ4NDE1MjUzNDU1NDBBNTM2OTdBNjU0NDZGNzU2MjZDNjUwMjFDMDg0NjZGNkU3NDRFNjE2RDY1MDYwRjU0Njk2RDY1NzMyMDRFNjU3NzIwNTI2RjZENjE2RTA3NTU2RTY5NjM2RjY0NjUwOTA0NTM2OTdBNjUwMjBFMDAwMA0KLTkgMiAwIDAgMCAwIDINCg0KMEUwMTA0NTQ2MTYyNzMwRTAwMDAwMA0KLTkgMiAwIDAgMCAwIDQNCg0KMEUwMA0KLTkgMCAwIDAgMCAwIDcNCjEgMSAwIDggMyAwDQoxRjA0MzUwNDQwMDQzNTA0M0QwNDMwMDQzRjA0NDAwNDQzMDQzNjA0MzUwNDNEMDQzRDA0NEYwNDIwMDA0MDA0NDMwNDQ1MDQzQjA0MzgwNDMyMDQzRTA0NDEwNDQyMDQ1NjA0MjAwMDNFMDQ0MTA0M0QwNDNFMDQzMjA0M0QwNDM4MDQ0NTA0MjAwMDNGMDQ0MDA0M0UwNDQ2MDQzNTA0NDEwNDU2MDQzMjA0MkUwMA0K</FormattedText>
						</VariantText>
						<VariantText CorrectAnswer="False">
							<PlainText>Слабкість основних нервових процесів.</PlainText>
							<FormattedText>LTggMSAzIDINCi05IDEgMCAwIDAgMCAxMw0KOTYNCi05IDIgMCAwIDAgMCAxDQoNCjBFMDEwOTUzNzQ3OTZDNjU0RTYxNkQ2NTA2MEI0RTZGNzI2RDYxNkMyMDc0NjU3ODc0MEE1MzY5N0E2NTQ0NkY3NTYyNkM2NTAyMUMwODQ2NkY2RTc0NEU2MTZENjUwNjBGNTQ2OTZENjU3MzIwNEU2NTc3MjA1MjZGNkQ2MTZFMDc1NTZFNjk2MzZGNjQ2NTA5MDQ1MzY5N0E2NTAyMEUwMDAxMDg1Mzc0NjE2RTY0NjE3MjY0MDgwNzQzNjg2MTcyNzM2NTc0MDcwRjUyNTU1MzUzNDk0MTRFNUY0MzQ4NDE1MjUzNDU1NDBBNTM2OTdBNjU0NDZGNzU2MjZDNjUwMjFDMDg0NjZGNkU3NDRFNjE2RDY1MDYwRjU0Njk2RDY1NzMyMDRFNjU3NzIwNTI2RjZENjE2RTA3NTU2RTY5NjM2RjY0NjUwOTA0NTM2OTdBNjUwMjBFMDAwMA0KLTkgMiAwIDAgMCAwIDINCg0KMEUwMTA0NTQ2MTYyNzMwRTAwMDAwMA0KLTkgMiAwIDAgMCAwIDQNCg0KMEUwMA0KLTkgMCAwIDAgMCAwIDcNCjEgMSAwIDggMyAwDQoyMTA0M0IwNDMwMDQzMTA0M0EwNDU2MDQ0MTA0NDIwNDRDMDQyMDAwM0UwNDQxMDQzRDA0M0UwNDMyMDQzRDA0MzgwNDQ1MDQyMDAwM0QwNDM1MDQ0MDA0MzIwNDNFMDQzMjA0MzgwNDQ1MDQyMDAwM0YwNDQwMDQzRTA0NDYwNDM1MDQ0MTA0NTYwNDMyMDQyRTAwDQo=</FormattedText>
						</VariantText>
						<VariantText CorrectAnswer="False">
							<PlainText>Порушення самоконтролю і самовладання.</PlainText>
							<FormattedText>LTggMSAzIDINCi05IDEgMCAwIDAgMCAxMw0KOTYNCi05IDIgMCAwIDAgMCAxDQoNCjBFMDEwOTUzNzQ3OTZDNjU0RTYxNkQ2NTA2MEI0RTZGNzI2RDYxNkMyMDc0NjU3ODc0MEE1MzY5N0E2NTQ0NkY3NTYyNkM2NTAyMUMwODQ2NkY2RTc0NEU2MTZENjUwNjBGNTQ2OTZENjU3MzIwNEU2NTc3MjA1MjZGNkQ2MTZFMDc1NTZFNjk2MzZGNjQ2NTA5MDQ1MzY5N0E2NTAyMEUwMDAxMDg1Mzc0NjE2RTY0NjE3MjY0MDgwNzQzNjg2MTcyNzM2NTc0MDcwRjUyNTU1MzUzNDk0MTRFNUY0MzQ4NDE1MjUzNDU1NDBBNTM2OTdBNjU0NDZGNzU2MjZDNjUwMjFDMDg0NjZGNkU3NDRFNjE2RDY1MDYwRjU0Njk2RDY1NzMyMDRFNjU3NzIwNTI2RjZENjE2RTA3NTU2RTY5NjM2RjY0NjUwOTA0NTM2OTdBNjUwMjBFMDAwMA0KLTkgMiAwIDAgMCAwIDINCg0KMEUwMTA0NTQ2MTYyNzMwRTAwMDAwMA0KLTkgMiAwIDAgMCAwIDQNCg0KMEUwMA0KLTkgMCAwIDAgMCAwIDcNCjEgMSAwIDggMyAwDQoxRjA0M0UwNDQwMDQ0MzA0NDgwNDM1MDQzRDA0M0QwNDRGMDQyMDAwNDEwNDMwMDQzQzA0M0UwNDNBMDQzRTA0M0QwNDQyMDQ0MDA0M0UwNDNCMDQ0RTA0MjAwMDU2MDQyMDAwNDEwNDMwMDQzQzA0M0UwNDMyMDQzQjA0MzAwNDM0MDQzMDA0M0QwNDNEMDQ0RjA0MkUwMA0K</FormattedText>
						</VariantText>
						<VariantText CorrectAnswer="False">
							<PlainText>Інертність основних нервових процесів.</PlainText>
							<FormattedText>LTggMSAzIDINCi05IDEgMCAwIDAgMCAxMw0KOTYNCi05IDIgMCAwIDAgMCAxDQoNCjBFMDEwOTUzNzQ3OTZDNjU0RTYxNkQ2NTA2MEI0RTZGNzI2RDYxNkMyMDc0NjU3ODc0MEE1MzY5N0E2NTQ0NkY3NTYyNkM2NTAyMUMwODQ2NkY2RTc0NEU2MTZENjUwNjBGNTQ2OTZENjU3MzIwNEU2NTc3MjA1MjZGNkQ2MTZFMDc1NTZFNjk2MzZGNjQ2NTA5MDQ1MzY5N0E2NTAyMEUwMDAxMDg1Mzc0NjE2RTY0NjE3MjY0MDgwNzQzNjg2MTcyNzM2NTc0MDcwRjUyNTU1MzUzNDk0MTRFNUY0MzQ4NDE1MjUzNDU1NDBBNTM2OTdBNjU0NDZGNzU2MjZDNjUwMjFDMDg0NjZGNkU3NDRFNjE2RDY1MDYwRjU0Njk2RDY1NzMyMDRFNjU3NzIwNTI2RjZENjE2RTA3NTU2RTY5NjM2RjY0NjUwOTA0NTM2OTdBNjUwMjBFMDAwMA0KLTkgMiAwIDAgMCAwIDINCg0KMEUwMTA0NTQ2MTYyNzMwRTAwMDAwMA0KLTkgMiAwIDAgMCAwIDQNCg0KMEUwMA0KLTkgMCAwIDAgMCAwIDcNCjEgMSAwIDggMyAwDQowNjA0M0QwNDM1MDQ0MDA0NDIwNDNEMDQ1NjA0NDEwNDQyMDQ0QzA0MjAwMDNFMDQ0MTA0M0QwNDNFMDQzMjA0M0QwNDM4MDQ0NTA0MjAwMDNEMDQzNTA0NDAwNDMyMDQzRTA0MzIwNDM4MDQ0NTA0MjAwMDNGMDQ0MDA0M0UwNDQ2MDQzNTA0NDEwNDU2MDQzMjA0MkUwMA0K</FormattedText>
						</VariantText>
					</Variants>
				</Task>
				<!-- ***** -->
				<Task Type="TYPE_TASK_CHOICE_SINGLE" Score="1">
					<Title/>
					<QuestionText>
						<PlainText>Що із наведеного може бути причиною порушення вищої нервової діяльності?</PlainText>
						<FormattedText>LTggMSAzIDINCi05IDEgMCAwIDAgMCAxMw0KOTYNCi05IDIgMCAwIDAgMCAxDQoNCjBFMDEwOTUzNzQ3OTZDNjU0RTYxNkQ2NTA2MEI0RTZGNzI2RDYxNkMyMDc0NjU3ODc0MEE1MzY5N0E2NTQ0NkY3NTYyNkM2NTAyMUMwODQ2NkY2RTc0NEU2MTZENjUwNjBGNTQ2OTZENjU3MzIwNEU2NTc3MjA1MjZGNkQ2MTZFMDc1NTZFNjk2MzZGNjQ2NTA5MDQ1MzY5N0E2NTAyMEUwMDAxMDg1Mzc0NjE2RTY0NjE3MjY0MDgwNzQzNjg2MTcyNzM2NTc0MDcwRjUyNTU1MzUzNDk0MTRFNUY0MzQ4NDE1MjUzNDU1NDBBNTM2OTdBNjU0NDZGNzU2MjZDNjUwMjFDMDg0NjZGNkU3NDRFNjE2RDY1MDYwRjU0Njk2RDY1NzMyMDRFNjU3NzIwNTI2RjZENjE2RTA3NTU2RTY5NjM2RjY0NjUwOTA0NTM2OTdBNjUwMjBFMDAwMA0KLTkgMiAwIDAgMCAwIDINCg0KMEUwMTA0NTQ2MTYyNzMwRTAwMDAwMTA4NTM3NDYxNkU2NDYxNzI2NDA4MDk0MTZDNjk2NzZFNkQ2NTZFNzQwNzBBNzI3NjYxNEE3NTczNzQ2OTY2NzkwNDU0NjE2MjczMEUwMDAwMDANCi05IDIgMCAwIDAgMCA0DQoNCjBFMDANCi05IDAgMCAwIDAgMCA3DQoxIDIgMSA4IDMgMA0KMjkwNDNFMDQyMDAwNTYwNDM3MDQyMDAwM0QwNDMwMDQzMjA0MzUwNDM0MDQzNTA0M0QwNDNFMDQzMzA0M0UwNDIwMDAzQzA0M0UwNDM2MDQzNTA0MjAwMDMxMDQ0MzA0NDIwNDM4MDQyMDAwM0YwNDQwMDQzODA0NDcwNDM4MDQzRDA0M0UwNDRFMDQyMDAwM0YwNDNFMDQ0MDA0NDMwNDQ4MDQzNTA0M0QwNDNEMDQ0RjA0MjAwMDMyMDQzODA0NDkwNDNFMDQ1NzA0MjAwMDNEMDQzNTA0NDAwNDMyMDQzRTA0MzIwNDNFMDQ1NzA0MjAwMDM0MDQ1NjA0NEYwNDNCMDQ0QzA0M0QwNDNFMDQ0MTA0NDIwNDU2MDQzRjAwDQoNCg==</FormattedText>
					</QuestionText>
					<Options>
						<IsAllowRandom>true</IsAllowRandom>
						<IsCompulsory>false</IsCompulsory>
						<IsOnlyForEduMode>false</IsOnlyForEduMode>
						<IsDenyPartially>false</IsDenyPartially>
					</Options>
					<Variants>
						<VariantText CorrectAnswer="True">
							<PlainText>«Сшибки» процесів збудження і гальмування.</PlainText>
							<FormattedText>LTggMSAzIDINCi05IDEgMCAwIDAgMCAxMw0KOTYNCi05IDIgMCAwIDAgMCAxDQoNCjBFMDEwOTUzNzQ3OTZDNjU0RTYxNkQ2NTA2MEI0RTZGNzI2RDYxNkMyMDc0NjU3ODc0MEE1MzY5N0E2NTQ0NkY3NTYyNkM2NTAyMUMwODQ2NkY2RTc0NEU2MTZENjUwNjBGNTQ2OTZENjU3MzIwNEU2NTc3MjA1MjZGNkQ2MTZFMDc1NTZFNjk2MzZGNjQ2NTA5MDQ1MzY5N0E2NTAyMEUwMDAxMDg1Mzc0NjE2RTY0NjE3MjY0MDgwNzQzNjg2MTcyNzM2NTc0MDcwRjUyNTU1MzUzNDk0MTRFNUY0MzQ4NDE1MjUzNDU1NDBBNTM2OTdBNjU0NDZGNzU2MjZDNjUwMjFDMDg0NjZGNkU3NDRFNjE2RDY1MDYwRjU0Njk2RDY1NzMyMDRFNjU3NzIwNTI2RjZENjE2RTA3NTU2RTY5NjM2RjY0NjUwOTA0NTM2OTdBNjUwMjBFMDAwMA0KLTkgMiAwIDAgMCAwIDINCg0KMEUwMTA0NTQ2MTYyNzMwRTAwMDAwMA0KLTkgMiAwIDAgMCAwIDQNCg0KMEUwMA0KLTkgMCAwIDAgMCAwIDcNCjEgMSAwIDggMyAwDQpBQjAwMjEwNDQ4MDQzODA0MzEwNDNBMDQzODA0QkIwMDIwMDAzRjA0NDAwNDNFMDQ0NjA0MzUwNDQxMDQ1NjA0MzIwNDIwMDAzNzA0MzEwNDQzMDQzNDA0MzYwNDM1MDQzRDA0M0QwNDRGMDQyMDAwNTYwNDIwMDAzMzA0MzAwNDNCMDQ0QzA0M0MwNDQzMDQzMjA0MzAwNDNEMDQzRDA0NEYwNDJFMDANCg==</FormattedText>
						</VariantText>
						<VariantText CorrectAnswer="False">
							<PlainText>Інертність основних нервових процесів.</PlainText>
							<FormattedText>LTggMSAzIDINCi05IDEgMCAwIDAgMCAxMw0KOTYNCi05IDIgMCAwIDAgMCAxDQoNCjBFMDEwOTUzNzQ3OTZDNjU0RTYxNkQ2NTA2MEI0RTZGNzI2RDYxNkMyMDc0NjU3ODc0MEE1MzY5N0E2NTQ0NkY3NTYyNkM2NTAyMUMwODQ2NkY2RTc0NEU2MTZENjUwNjBGNTQ2OTZENjU3MzIwNEU2NTc3MjA1MjZGNkQ2MTZFMDc1NTZFNjk2MzZGNjQ2NTA5MDQ1MzY5N0E2NTAyMEUwMDAxMDg1Mzc0NjE2RTY0NjE3MjY0MDgwNzQzNjg2MTcyNzM2NTc0MDcwRjUyNTU1MzUzNDk0MTRFNUY0MzQ4NDE1MjUzNDU1NDBBNTM2OTdBNjU0NDZGNzU2MjZDNjUwMjFDMDg0NjZGNkU3NDRFNjE2RDY1MDYwRjU0Njk2RDY1NzMyMDRFNjU3NzIwNTI2RjZENjE2RTA3NTU2RTY5NjM2RjY0NjUwOTA0NTM2OTdBNjUwMjBFMDAwMA0KLTkgMiAwIDAgMCAwIDINCg0KMEUwMTA0NTQ2MTYyNzMwRTAwMDAwMA0KLTkgMiAwIDAgMCAwIDQNCg0KMEUwMA0KLTkgMCAwIDAgMCAwIDcNCjEgMSAwIDggMyAwDQowNjA0M0QwNDM1MDQ0MDA0NDIwNDNEMDQ1NjA0NDEwNDQyMDQ0QzA0MjAwMDNFMDQ0MTA0M0QwNDNFMDQzMjA0M0QwNDM4MDQ0NTA0MjAwMDNEMDQzNTA0NDAwNDMyMDQzRTA0MzIwNDM4MDQ0NTA0MjAwMDNGMDQ0MDA0M0UwNDQ2MDQzNTA0NDEwNDU2MDQzMjA0MkUwMA0K</FormattedText>
						</VariantText>
						<VariantText CorrectAnswer="False">
							<PlainText>Порушення самоконтролю і самовладання.</PlainText>
							<FormattedText>LTggMSAzIDINCi05IDEgMCAwIDAgMCAxMw0KOTYNCi05IDIgMCAwIDAgMCAxDQoNCjBFMDEwOTUzNzQ3OTZDNjU0RTYxNkQ2NTA2MEI0RTZGNzI2RDYxNkMyMDc0NjU3ODc0MEE1MzY5N0E2NTQ0NkY3NTYyNkM2NTAyMUMwODQ2NkY2RTc0NEU2MTZENjUwNjBGNTQ2OTZENjU3MzIwNEU2NTc3MjA1MjZGNkQ2MTZFMDc1NTZFNjk2MzZGNjQ2NTA5MDQ1MzY5N0E2NTAyMEUwMDAxMDg1Mzc0NjE2RTY0NjE3MjY0MDgwNzQzNjg2MTcyNzM2NTc0MDcwRjUyNTU1MzUzNDk0MTRFNUY0MzQ4NDE1MjUzNDU1NDBBNTM2OTdBNjU0NDZGNzU2MjZDNjUwMjFDMDg0NjZGNkU3NDRFNjE2RDY1MDYwRjU0Njk2RDY1NzMyMDRFNjU3NzIwNTI2RjZENjE2RTA3NTU2RTY5NjM2RjY0NjUwOTA0NTM2OTdBNjUwMjBFMDAwMA0KLTkgMiAwIDAgMCAwIDINCg0KMEUwMTA0NTQ2MTYyNzMwRTAwMDAwMA0KLTkgMiAwIDAgMCAwIDQNCg0KMEUwMA0KLTkgMCAwIDAgMCAwIDcNCjEgMSAwIDggMyAwDQoxRjA0M0UwNDQwMDQ0MzA0NDgwNDM1MDQzRDA0M0QwNDRGMDQyMDAwNDEwNDMwMDQzQzA0M0UwNDNBMDQzRTA0M0QwNDQyMDQ0MDA0M0UwNDNCMDQ0RTA0MjAwMDU2MDQyMDAwNDEwNDMwMDQzQzA0M0UwNDMyMDQzQjA0MzAwNDM0MDQzMDA0M0QwNDNEMDQ0RjA0MkUwMA0K</FormattedText>
						</VariantText>
						<VariantText CorrectAnswer="False">
							<PlainText>Слабкість основних нервових процесів.</PlainText>
							<FormattedText>LTggMSAzIDINCi05IDEgMCAwIDAgMCAxMw0KOTYNCi05IDIgMCAwIDAgMCAxDQoNCjBFMDEwOTUzNzQ3OTZDNjU0RTYxNkQ2NTA2MEI0RTZGNzI2RDYxNkMyMDc0NjU3ODc0MEE1MzY5N0E2NTQ0NkY3NTYyNkM2NTAyMUMwODQ2NkY2RTc0NEU2MTZENjUwNjBGNTQ2OTZENjU3MzIwNEU2NTc3MjA1MjZGNkQ2MTZFMDc1NTZFNjk2MzZGNjQ2NTA5MDQ1MzY5N0E2NTAyMEUwMDAxMDg1Mzc0NjE2RTY0NjE3MjY0MDgwNzQzNjg2MTcyNzM2NTc0MDcwRjUyNTU1MzUzNDk0MTRFNUY0MzQ4NDE1MjUzNDU1NDBBNTM2OTdBNjU0NDZGNzU2MjZDNjUwMjFDMDg0NjZGNkU3NDRFNjE2RDY1MDYwRjU0Njk2RDY1NzMyMDRFNjU3NzIwNTI2RjZENjE2RTA3NTU2RTY5NjM2RjY0NjUwOTA0NTM2OTdBNjUwMjBFMDAwMA0KLTkgMiAwIDAgMCAwIDINCg0KMEUwMTA0NTQ2MTYyNzMwRTAwMDAwMA0KLTkgMiAwIDAgMCAwIDQNCg0KMEUwMA0KLTkgMCAwIDAgMCAwIDcNCjEgMSAwIDggMyAwDQoyMTA0M0IwNDMwMDQzMTA0M0EwNDU2MDQ0MTA0NDIwNDRDMDQyMDAwM0UwNDQxMDQzRDA0M0UwNDMyMDQzRDA0MzgwNDQ1MDQyMDAwM0QwNDM1MDQ0MDA0MzIwNDNFMDQzMjA0MzgwNDQ1MDQyMDAwM0YwNDQwMDQzRTA0NDYwNDM1MDQ0MTA0NTYwNDMyMDQyRTAwDQo=</FormattedText>
						</VariantText>
						<VariantText CorrectAnswer="False">
							<PlainText>Неврівноваженість основних нервових процесів.</PlainText>
							<FormattedText>LTggMSAzIDINCi05IDEgMCAwIDAgMCAxMw0KOTYNCi05IDIgMCAwIDAgMCAxDQoNCjBFMDEwOTUzNzQ3OTZDNjU0RTYxNkQ2NTA2MEI0RTZGNzI2RDYxNkMyMDc0NjU3ODc0MEE1MzY5N0E2NTQ0NkY3NTYyNkM2NTAyMUMwODQ2NkY2RTc0NEU2MTZENjUwNjBGNTQ2OTZENjU3MzIwNEU2NTc3MjA1MjZGNkQ2MTZFMDc1NTZFNjk2MzZGNjQ2NTA5MDQ1MzY5N0E2NTAyMEUwMDAxMDg1Mzc0NjE2RTY0NjE3MjY0MDgwNzQzNjg2MTcyNzM2NTc0MDcwRjUyNTU1MzUzNDk0MTRFNUY0MzQ4NDE1MjUzNDU1NDBBNTM2OTdBNjU0NDZGNzU2MjZDNjUwMjFDMDg0NjZGNkU3NDRFNjE2RDY1MDYwRjU0Njk2RDY1NzMyMDRFNjU3NzIwNTI2RjZENjE2RTA3NTU2RTY5NjM2RjY0NjUwOTA0NTM2OTdBNjUwMjBFMDAwMA0KLTkgMiAwIDAgMCAwIDINCg0KMEUwMTA0NTQ2MTYyNzMwRTAwMDAwMA0KLTkgMiAwIDAgMCAwIDQNCg0KMEUwMA0KLTkgMCAwIDAgMCAwIDcNCjEgMSAwIDggMyAwDQoxRDA0MzUwNDMyMDQ0MDA0NTYwNDMyMDQzRDA0M0UwNDMyMDQzMDA0MzYwNDM1MDQzRDA0NTYwNDQxMDQ0MjA0NEMwNDIwMDAzRTA0NDEwNDNEMDQzRTA0MzIwNDNEMDQzODA0NDUwNDIwMDAzRDA0MzUwNDQwMDQzMjA0M0UwNDMyMDQzODA0NDUwNDIwMDAzRjA0NDAwNDNFMDQ0NjA0MzUwNDQxMDQ1NjA0MzIwNDJFMDANCg==</FormattedText>
						</VariantText>
					</Variants>
				</Task>
				<!-- ***** -->
				<Task Type="TYPE_TASK_CHOICE_SINGLE" Score="1">
					<Title/>
					<QuestionText>
						<PlainText>Яка нейрофізіологічна природа неврозів?</PlainText>
						<FormattedText>LTggMSAzIDINCi05IDEgMCAwIDAgMCAxMw0KOTYNCi05IDIgMCAwIDAgMCAxDQoNCjBFMDEwOTUzNzQ3OTZDNjU0RTYxNkQ2NTA2MEI0RTZGNzI2RDYxNkMyMDc0NjU3ODc0MEE1MzY5N0E2NTQ0NkY3NTYyNkM2NTAyMUMwODQ2NkY2RTc0NEU2MTZENjUwNjBGNTQ2OTZENjU3MzIwNEU2NTc3MjA1MjZGNkQ2MTZFMDc1NTZFNjk2MzZGNjQ2NTA5MDQ1MzY5N0E2NTAyMEUwMDAxMDg1Mzc0NjE2RTY0NjE3MjY0MDgwNzQzNjg2MTcyNzM2NTc0MDcwRjUyNTU1MzUzNDk0MTRFNUY0MzQ4NDE1MjUzNDU1NDBBNTM2OTdBNjU0NDZGNzU2MjZDNjUwMjFDMDg0NjZGNkU3NDRFNjE2RDY1MDYwRjU0Njk2RDY1NzMyMDRFNjU3NzIwNTI2RjZENjE2RTA3NTU2RTY5NjM2RjY0NjUwOTA0NTM2OTdBNjUwMjBFMDAwMA0KLTkgMiAwIDAgMCAwIDINCg0KMEUwMTA0NTQ2MTYyNzMwRTAwMDAwMTA4NTM3NDYxNkU2NDYxNzI2NDA4MDk0MTZDNjk2NzZFNkQ2NTZFNzQwNzBBNzI3NjYxNEE3NTczNzQ2OTY2NzkwNDU0NjE2MjczMEUwMDAwMDANCi05IDIgMCAwIDAgMCA0DQoNCjBFMDANCi05IDAgMCAwIDAgMCA3DQoxIDIgMSA4IDMgMA0KMkYwNDNBMDQzMDA0MjAwMDNEMDQzNTA0MzkwNDQwMDQzRTA0NDQwNDU2MDQzNzA0NTYwNDNFMDQzQjA0M0UwNDMzMDQ1NjA0NDcwNDNEMDQzMDA0MjAwMDNGMDQ0MDA0MzgwNDQwMDQzRTA0MzQwNDMwMDQyMDAwM0QwNDM1MDQzMjA0NDAwNDNFMDQzNzA0NTYwNDMyMDQzRjAwDQoNCg==</FormattedText>
					</QuestionText>
					<Options>
						<IsAllowRandom>true</IsAllowRandom>
						<IsCompulsory>false</IsCompulsory>
						<IsOnlyForEduMode>false</IsOnlyForEduMode>
						<IsDenyPartially>false</IsDenyPartially>
					</Options>
					<Variants>
						<VariantText CorrectAnswer="False">
							<PlainText>Гостре порушення аналітико-синтетичної діяльності.</PlainText>
							<FormattedText>LTggMSAzIDINCi05IDEgMCAwIDAgMCAxMw0KOTYNCi05IDIgMCAwIDAgMCAxDQoNCjBFMDEwOTUzNzQ3OTZDNjU0RTYxNkQ2NTA2MEI0RTZGNzI2RDYxNkMyMDc0NjU3ODc0MEE1MzY5N0E2NTQ0NkY3NTYyNkM2NTAyMUMwODQ2NkY2RTc0NEU2MTZENjUwNjBGNTQ2OTZENjU3MzIwNEU2NTc3MjA1MjZGNkQ2MTZFMDc1NTZFNjk2MzZGNjQ2NTA5MDQ1MzY5N0E2NTAyMEUwMDAxMDg1Mzc0NjE2RTY0NjE3MjY0MDgwNzQzNjg2MTcyNzM2NTc0MDcwRjUyNTU1MzUzNDk0MTRFNUY0MzQ4NDE1MjUzNDU1NDBBNTM2OTdBNjU0NDZGNzU2MjZDNjUwMjFDMDg0NjZGNkU3NDRFNjE2RDY1MDYwRjU0Njk2RDY1NzMyMDRFNjU3NzIwNTI2RjZENjE2RTA3NTU2RTY5NjM2RjY0NjUwOTA0NTM2OTdBNjUwMjBFMDAwMA0KLTkgMiAwIDAgMCAwIDINCg0KMEUwMTA0NTQ2MTYyNzMwRTAwMDAwMA0KLTkgMiAwIDAgMCAwIDQNCg0KMEUwMA0KLTkgMCAwIDAgMCAwIDcNCjEgMSAwIDggMyAwDQoxMzA0M0UwNDQxMDQ0MjA0NDAwNDM1MDQyMDAwM0YwNDNFMDQ0MDA0NDMwNDQ4MDQzNTA0M0QwNDNEMDQ0RjA0MjAwMDMwMDQzRDA0MzAwNDNCMDQ1NjA0NDIwNDM4MDQzQTA0M0UwNDJEMDA0MTA0MzgwNDNEMDQ0MjA0MzUwNDQyMDQzODA0NDcwNDNEMDQzRTA0NTcwNDIwMDAzNDA0NTYwNDRGMDQzQjA0NEMwNDNEMDQzRTA0NDEwNDQyMDQ1NjA0MkUwMA0K</FormattedText>
						</VariantText>
						<VariantText CorrectAnswer="True">
							<PlainText>«Зрив» вищої нервової діяльності.</PlainText>
							<FormattedText>LTggMSAzIDINCi05IDEgMCAwIDAgMCAxMw0KOTYNCi05IDIgMCAwIDAgMCAxDQoNCjBFMDEwOTUzNzQ3OTZDNjU0RTYxNkQ2NTA2MEI0RTZGNzI2RDYxNkMyMDc0NjU3ODc0MEE1MzY5N0E2NTQ0NkY3NTYyNkM2NTAyMUMwODQ2NkY2RTc0NEU2MTZENjUwNjBGNTQ2OTZENjU3MzIwNEU2NTc3MjA1MjZGNkQ2MTZFMDc1NTZFNjk2MzZGNjQ2NTA5MDQ1MzY5N0E2NTAyMEUwMDAxMDg1Mzc0NjE2RTY0NjE3MjY0MDgwNzQzNjg2MTcyNzM2NTc0MDcwRjUyNTU1MzUzNDk0MTRFNUY0MzQ4NDE1MjUzNDU1NDBBNTM2OTdBNjU0NDZGNzU2MjZDNjUwMjFDMDg0NjZGNkU3NDRFNjE2RDY1MDYwRjU0Njk2RDY1NzMyMDRFNjU3NzIwNTI2RjZENjE2RTA3NTU2RTY5NjM2RjY0NjUwOTA0NTM2OTdBNjUwMjBFMDAwMA0KLTkgMiAwIDAgMCAwIDINCg0KMEUwMTA0NTQ2MTYyNzMwRTAwMDAwMA0KLTkgMiAwIDAgMCAwIDQNCg0KMEUwMA0KLTkgMCAwIDAgMCAwIDcNCjEgMSAwIDggMyAwDQpBQjAwMTcwNDQwMDQzODA0MzIwNEJCMDAyMDAwMzIwNDM4MDQ0OTA0M0UwNDU3MDQyMDAwM0QwNDM1MDQ0MDA0MzIwNDNFMDQzMjA0M0UwNDU3MDQyMDAwMzQwNDU2MDQ0RjA0M0IwNDRDMDQzRDA0M0UwNDQxMDQ0MjA0NTYwNDJFMDANCg==</FormattedText>
						</VariantText>
						<VariantText CorrectAnswer="False">
							<PlainText>Гостра перебудова динамічного стереотипу.</PlainText>
							<FormattedText>LTggMSAzIDINCi05IDEgMCAwIDAgMCAxMw0KOTYNCi05IDIgMCAwIDAgMCAxDQoNCjBFMDEwOTUzNzQ3OTZDNjU0RTYxNkQ2NTA2MEI0RTZGNzI2RDYxNkMyMDc0NjU3ODc0MEE1MzY5N0E2NTQ0NkY3NTYyNkM2NTAyMUMwODQ2NkY2RTc0NEU2MTZENjUwNjBGNTQ2OTZENjU3MzIwNEU2NTc3MjA1MjZGNkQ2MTZFMDc1NTZFNjk2MzZGNjQ2NTA5MDQ1MzY5N0E2NTAyMEUwMDAxMDg1Mzc0NjE2RTY0NjE3MjY0MDgwNzQzNjg2MTcyNzM2NTc0MDcwRjUyNTU1MzUzNDk0MTRFNUY0MzQ4NDE1MjUzNDU1NDBBNTM2OTdBNjU0NDZGNzU2MjZDNjUwMjFDMDg0NjZGNkU3NDRFNjE2RDY1MDYwRjU0Njk2RDY1NzMyMDRFNjU3NzIwNTI2RjZENjE2RTA3NTU2RTY5NjM2RjY0NjUwOTA0NTM2OTdBNjUwMjBFMDAwMA0KLTkgMiAwIDAgMCAwIDINCg0KMEUwMTA0NTQ2MTYyNzMwRTAwMDAwMA0KLTkgMiAwIDAgMCAwIDQNCg0KMEUwMA0KLTkgMCAwIDAgMCAwIDcNCjEgMSAwIDggMyAwDQoxMzA0M0UwNDQxMDQ0MjA0NDAwNDMwMDQyMDAwM0YwNDM1MDQ0MDA0MzUwNDMxMDQ0MzA0MzQwNDNFMDQzMjA0MzAwNDIwMDAzNDA0MzgwNDNEMDQzMDA0M0MwNDU2MDQ0NzA0M0QwNDNFMDQzMzA0M0UwNDIwMDA0MTA0NDIwNDM1MDQ0MDA0MzUwNDNFMDQ0MjA0MzgwNDNGMDQ0MzA0MkUwMA0K</FormattedText>
						</VariantText>
						<VariantText CorrectAnswer="False">
							<PlainText>Порушення кортико-вісцеральних зв&apos;язків.</PlainText>
							<FormattedText>LTggMSAzIDINCi05IDEgMCAwIDAgMCAxMw0KOTYNCi05IDIgMCAwIDAgMCAxDQoNCjBFMDEwOTUzNzQ3OTZDNjU0RTYxNkQ2NTA2MEI0RTZGNzI2RDYxNkMyMDc0NjU3ODc0MEE1MzY5N0E2NTQ0NkY3NTYyNkM2NTAyMUMwODQ2NkY2RTc0NEU2MTZENjUwNjBGNTQ2OTZENjU3MzIwNEU2NTc3MjA1MjZGNkQ2MTZFMDc1NTZFNjk2MzZGNjQ2NTA5MDQ1MzY5N0E2NTAyMEUwMDAxMDg1Mzc0NjE2RTY0NjE3MjY0MDgwNzQzNjg2MTcyNzM2NTc0MDcwRjUyNTU1MzUzNDk0MTRFNUY0MzQ4NDE1MjUzNDU1NDBBNTM2OTdBNjU0NDZGNzU2MjZDNjUwMjFDMDg0NjZGNkU3NDRFNjE2RDY1MDYwRjU0Njk2RDY1NzMyMDRFNjU3NzIwNTI2RjZENjE2RTA3NTU2RTY5NjM2RjY0NjUwOTA0NTM2OTdBNjUwMjBFMDAwMA0KLTkgMiAwIDAgMCAwIDINCg0KMEUwMTA0NTQ2MTYyNzMwRTAwMDAwMA0KLTkgMiAwIDAgMCAwIDQNCg0KMEUwMA0KLTkgMCAwIDAgMCAwIDcNCjEgMSAwIDggMyAwDQoxRjA0M0UwNDQwMDQ0MzA0NDgwNDM1MDQzRDA0M0QwNDRGMDQyMDAwM0EwNDNFMDQ0MDA0NDIwNDM4MDQzQTA0M0UwNDJEMDAzMjA0NTYwNDQxMDQ0NjA0MzUwNDQwMDQzMDA0M0IwNDRDMDQzRDA0MzgwNDQ1MDQyMDAwMzcwNDMyMDQyNzAwNEYwNDM3MDQzQTA0NTYwNDMyMDQyRTAwDQo=</FormattedText>
						</VariantText>
						<VariantText CorrectAnswer="False">
							<PlainText>Порушення просторово-часових зв&apos;язків у корі великих півкуль головного мозку.</PlainText>
							<FormattedText>LTggMSAzIDINCi05IDEgMCAwIDAgMCAxMw0KOTYNCi05IDIgMCAwIDAgMCAxDQoNCjBFMDEwOTUzNzQ3OTZDNjU0RTYxNkQ2NTA2MEI0RTZGNzI2RDYxNkMyMDc0NjU3ODc0MEE1MzY5N0E2NTQ0NkY3NTYyNkM2NTAyMUMwODQ2NkY2RTc0NEU2MTZENjUwNjBGNTQ2OTZENjU3MzIwNEU2NTc3MjA1MjZGNkQ2MTZFMDc1NTZFNjk2MzZGNjQ2NTA5MDQ1MzY5N0E2NTAyMEUwMDAxMDg1Mzc0NjE2RTY0NjE3MjY0MDgwNzQzNjg2MTcyNzM2NTc0MDcwRjUyNTU1MzUzNDk0MTRFNUY0MzQ4NDE1MjUzNDU1NDBBNTM2OTdBNjU0NDZGNzU2MjZDNjUwMjFDMDg0NjZGNkU3NDRFNjE2RDY1MDYwRjU0Njk2RDY1NzMyMDRFNjU3NzIwNTI2RjZENjE2RTA3NTU2RTY5NjM2RjY0NjUwOTA0NTM2OTdBNjUwMjBFMDAwMA0KLTkgMiAwIDAgMCAwIDINCg0KMEUwMTA0NTQ2MTYyNzMwRTAwMDAwMA0KLTkgMiAwIDAgMCAwIDQNCg0KMEUwMA0KLTkgMCAwIDAgMCAwIDcNCjEgMSAwIDggMyAwDQoxRjA0M0UwNDQwMDQ0MzA0NDgwNDM1MDQzRDA0M0QwNDRGMDQyMDAwM0YwNDQwMDQzRTA0NDEwNDQyMDQzRTA0NDAwNDNFMDQzMjA0M0UwNDJEMDA0NzA0MzAwNDQxMDQzRTA0MzIwNDM4MDQ0NTA0MjAwMDM3MDQzMjA0MjcwMDRGMDQzNzA0M0EwNDU2MDQzMjA0MjAwMDQzMDQyMDAwM0EwNDNFMDQ0MDA0NTYwNDIwMDAzMjA0MzUwNDNCMDQzODA0M0EwNDM4MDQ0NTA0MjAwMDNGMDQ1NjA0MzIwNDNBMDQ0MzA0M0IwNDRDMDQyMDAwMzMwNDNFMDQzQjA0M0UwNDMyMDQzRDA0M0UwNDMzMDQzRTA0MjAwMDNDMDQzRTA0MzcwNDNBMDQ0MzA0MkUwMA0K</FormattedText>
						</VariantText>
					</Variants>
				</Task>
				<!-- ***** -->
				<Task Type="TYPE_TASK_CHOICE_SINGLE" Score="1">
					<Title/>
					<QuestionText>
						<PlainText>Які сигнали належать до умовних сигналів 1-й сигнальної системи?</PlainText>
						<FormattedText>LTggMSAzIDINCi05IDEgMCAwIDAgMCAxMw0KOTYNCi05IDIgMCAwIDAgMCAxDQoNCjBFMDEwOTUzNzQ3OTZDNjU0RTYxNkQ2NTA2MEI0RTZGNzI2RDYxNkMyMDc0NjU3ODc0MEE1MzY5N0E2NTQ0NkY3NTYyNkM2NTAyMUMwODQ2NkY2RTc0NEU2MTZENjUwNjBGNTQ2OTZENjU3MzIwNEU2NTc3MjA1MjZGNkQ2MTZFMDc1NTZFNjk2MzZGNjQ2NTA5MDQ1MzY5N0E2NTAyMEUwMDAxMDg1Mzc0NjE2RTY0NjE3MjY0MDgwNzQzNjg2MTcyNzM2NTc0MDcwRjUyNTU1MzUzNDk0MTRFNUY0MzQ4NDE1MjUzNDU1NDBBNTM2OTdBNjU0NDZGNzU2MjZDNjUwMjFDMDg0NjZGNkU3NDRFNjE2RDY1MDYwRjU0Njk2RDY1NzMyMDRFNjU3NzIwNTI2RjZENjE2RTA3NTU2RTY5NjM2RjY0NjUwOTA0NTM2OTdBNjUwMjBFMDAwMA0KLTkgMiAwIDAgMCAwIDINCg0KMEUwMTA0NTQ2MTYyNzMwRTAwMDAwMTA4NTM3NDYxNkU2NDYxNzI2NDA4MDk0MTZDNjk2NzZFNkQ2NTZFNzQwNzBBNzI3NjYxNEE3NTczNzQ2OTY2NzkwNDU0NjE2MjczMEUwMDAwMDANCi05IDIgMCAwIDAgMCA0DQoNCjBFMDANCi05IDAgMCAwIDAgMCA3DQoxIDIgMSA4IDMgMA0KMkYwNDNBMDQ1NjA0MjAwMDQxMDQzODA0MzMwNDNEMDQzMDA0M0IwNDM4MDQyMDAwM0QwNDMwMDQzQjA0MzUwNDM2MDQzMDA0NDIwNDRDMDQyMDAwMzQwNDNFMDQyMDAwNDMwNDNDMDQzRTA0MzIwNDNEMDQzODA0NDUwNDIwMDA0MTA0MzgwNDMzMDQzRDA0MzAwNDNCMDQ1NjA0MzIwNDIwMDAzMTAwMkQwMDM5MDQyMDAwNDEwNDM4MDQzMzA0M0QwNDMwMDQzQjA0NEMwNDNEMDQzRTA0NTcwNDIwMDA0MTA0MzgwNDQxMDQ0MjA0MzUwNDNDMDQzODA0M0YwMA0KMjAwMA0K</FormattedText>
					</QuestionText>
					<Options>
						<IsAllowRandom>true</IsAllowRandom>
						<IsCompulsory>false</IsCompulsory>
						<IsOnlyForEduMode>false</IsOnlyForEduMode>
						<IsDenyPartially>false</IsDenyPartially>
					</Options>
					<Variants>
						<VariantText CorrectAnswer="False">
							<PlainText>Символи предметів і явищ, які виражені у словесній формі.</PlainText>
							<FormattedText>LTggMSAzIDINCi05IDEgMCAwIDAgMCAxMw0KOTYNCi05IDIgMCAwIDAgMCAxDQoNCjBFMDEwOTUzNzQ3OTZDNjU0RTYxNkQ2NTA2MEI0RTZGNzI2RDYxNkMyMDc0NjU3ODc0MEE1MzY5N0E2NTQ0NkY3NTYyNkM2NTAyMUMwODQ2NkY2RTc0NEU2MTZENjUwNjBGNTQ2OTZENjU3MzIwNEU2NTc3MjA1MjZGNkQ2MTZFMDc1NTZFNjk2MzZGNjQ2NTA5MDQ1MzY5N0E2NTAyMEUwMDAxMDg1Mzc0NjE2RTY0NjE3MjY0MDgwNzQzNjg2MTcyNzM2NTc0MDcwRjUyNTU1MzUzNDk0MTRFNUY0MzQ4NDE1MjUzNDU1NDBBNTM2OTdBNjU0NDZGNzU2MjZDNjUwMjFDMDg0NjZGNkU3NDRFNjE2RDY1MDYwRjU0Njk2RDY1NzMyMDRFNjU3NzIwNTI2RjZENjE2RTA3NTU2RTY5NjM2RjY0NjUwOTA0NTM2OTdBNjUwMjBFMDAwMA0KLTkgMiAwIDAgMCAwIDINCg0KMEUwMTA0NTQ2MTYyNzMwRTAwMDAwMA0KLTkgMiAwIDAgMCAwIDQNCg0KMEUwMA0KLTkgMCAwIDAgMCAwIDcNCjEgMSAwIDggMyAwDQoyMTA0MzgwNDNDMDQzMjA0M0UwNDNCMDQzODA0MjAwMDNGMDQ0MDA0MzUwNDM0MDQzQzA0MzUwNDQyMDQ1NjA0MzIwNDIwMDA1NjA0MjAwMDRGMDQzMjA0MzgwNDQ5MDQyQzAwMjAwMDRGMDQzQTA0NTYwNDIwMDAzMjA0MzgwNDQwMDQzMDA0MzYwNDM1MDQzRDA0NTYwNDIwMDA0MzA0MjAwMDQxMDQzQjA0M0UwNDMyMDQzNTA0NDEwNDNEMDQ1NjA0MzkwNDIwMDA0NDA0M0UwNDQwMDQzQzA0NTYwNDJFMDANCg==</FormattedText>
						</VariantText>
						<VariantText CorrectAnswer="False">
							<PlainText>Сліди попередніх порушень, що зберігаються у короткочасній пам&apos;яті.</PlainText>
							<FormattedText>LTggMSAzIDINCi05IDEgMCAwIDAgMCAxMw0KOTYNCi05IDIgMCAwIDAgMCAxDQoNCjBFMDEwOTUzNzQ3OTZDNjU0RTYxNkQ2NTA2MEI0RTZGNzI2RDYxNkMyMDc0NjU3ODc0MEE1MzY5N0E2NTQ0NkY3NTYyNkM2NTAyMUMwODQ2NkY2RTc0NEU2MTZENjUwNjBGNTQ2OTZENjU3MzIwNEU2NTc3MjA1MjZGNkQ2MTZFMDc1NTZFNjk2MzZGNjQ2NTA5MDQ1MzY5N0E2NTAyMEUwMDAxMDg1Mzc0NjE2RTY0NjE3MjY0MDgwNzQzNjg2MTcyNzM2NTc0MDcwRjUyNTU1MzUzNDk0MTRFNUY0MzQ4NDE1MjUzNDU1NDBBNTM2OTdBNjU0NDZGNzU2MjZDNjUwMjFDMDg0NjZGNkU3NDRFNjE2RDY1MDYwRjU0Njk2RDY1NzMyMDRFNjU3NzIwNTI2RjZENjE2RTA3NTU2RTY5NjM2RjY0NjUwOTA0NTM2OTdBNjUwMjBFMDAwMA0KLTkgMiAwIDAgMCAwIDINCg0KMEUwMTA0NTQ2MTYyNzMwRTAwMDAwMA0KLTkgMiAwIDAgMCAwIDQNCg0KMEUwMA0KLTkgMCAwIDAgMCAwIDcNCjEgMSAwIDggMyAwDQoyMTA0M0IwNDU2MDQzNDA0MzgwNDIwMDAzRjA0M0UwNDNGMDQzNTA0NDAwNDM1MDQzNDA0M0QwNDU2MDQ0NTA0MjAwMDNGMDQzRTA0NDAwNDQzMDQ0ODA0MzUwNDNEMDQ0QzA0MkMwMDIwMDA0OTA0M0UwNDIwMDAzNzA0MzEwNDM1MDQ0MDA0NTYwNDMzMDQzMDA0NEUwNDQyMDQ0QzA0NDEwNDRGMDQyMDAwNDMwNDIwMDAzQTA0M0UwNDQwMDQzRTA0NDIwNDNBMDQzRTA0NDcwNDMwMDQ0MTA0M0QwNDU2MDQzOTA0MjAwMDNGMDQzMDA0M0MwNDI3MDA0RjA0NDIwNDU2MDQyRTAwDQo=</FormattedText>
						</VariantText>
						<VariantText CorrectAnswer="True">
							<PlainText>Наявні сигнали, предмети або явища, які сприймаються аналізаторами.</PlainText>
							<FormattedText>LTggMSAzIDINCi05IDEgMCAwIDAgMCAxMw0KOTYNCi05IDIgMCAwIDAgMCAxDQoNCjBFMDEwOTUzNzQ3OTZDNjU0RTYxNkQ2NTA2MEI0RTZGNzI2RDYxNkMyMDc0NjU3ODc0MEE1MzY5N0E2NTQ0NkY3NTYyNkM2NTAyMUMwODQ2NkY2RTc0NEU2MTZENjUwNjBGNTQ2OTZENjU3MzIwNEU2NTc3MjA1MjZGNkQ2MTZFMDc1NTZFNjk2MzZGNjQ2NTA5MDQ1MzY5N0E2NTAyMEUwMDAxMDg1Mzc0NjE2RTY0NjE3MjY0MDgwNzQzNjg2MTcyNzM2NTc0MDcwRjUyNTU1MzUzNDk0MTRFNUY0MzQ4NDE1MjUzNDU1NDBBNTM2OTdBNjU0NDZGNzU2MjZDNjUwMjFDMDg0NjZGNkU3NDRFNjE2RDY1MDYwRjU0Njk2RDY1NzMyMDRFNjU3NzIwNTI2RjZENjE2RTA3NTU2RTY5NjM2RjY0NjUwOTA0NTM2OTdBNjUwMjBFMDAwMA0KLTkgMiAwIDAgMCAwIDINCg0KMEUwMTA0NTQ2MTYyNzMwRTAwMDAwMA0KLTkgMiAwIDAgMCAwIDQNCg0KMEUwMA0KLTkgMCAwIDAgMCAwIDcNCjEgMSAwIDggMyAwDQoxRDA0MzAwNDRGMDQzMjA0M0QwNDU2MDQyMDAwNDEwNDM4MDQzMzA0M0QwNDMwMDQzQjA0MzgwNDJDMDAyMDAwM0YwNDQwMDQzNTA0MzQwNDNDMDQzNTA0NDIwNDM4MDQyMDAwMzAwNDMxMDQzRTA0MjAwMDRGMDQzMjA0MzgwNDQ5MDQzMDA0MkMwMDIwMDA0RjA0M0EwNDU2MDQyMDAwNDEwNDNGMDQ0MDA0MzgwNDM5MDQzQzA0MzAwNDRFMDQ0MjA0NEMwNDQxMDQ0RjA0MjAwMDMwMDQzRDA0MzAwNDNCMDQ1NjA0MzcwNDMwMDQ0MjA0M0UwNDQwMDQzMDA0M0MwNDM4MDQyRTAwDQo=</FormattedText>
						</VariantText>
						<VariantText CorrectAnswer="False">
							<PlainText>Інформаційні сліди, які закодовані у молекулах ДНК.</PlainText>
							<FormattedText>LTggMSAzIDINCi05IDEgMCAwIDAgMCAxMw0KOTYNCi05IDIgMCAwIDAgMCAxDQoNCjBFMDEwOTUzNzQ3OTZDNjU0RTYxNkQ2NTA2MEI0RTZGNzI2RDYxNkMyMDc0NjU3ODc0MEE1MzY5N0E2NTQ0NkY3NTYyNkM2NTAyMUMwODQ2NkY2RTc0NEU2MTZENjUwNjBGNTQ2OTZENjU3MzIwNEU2NTc3MjA1MjZGNkQ2MTZFMDc1NTZFNjk2MzZGNjQ2NTA5MDQ1MzY5N0E2NTAyMEUwMDAxMDg1Mzc0NjE2RTY0NjE3MjY0MDgwNzQzNjg2MTcyNzM2NTc0MDcwRjUyNTU1MzUzNDk0MTRFNUY0MzQ4NDE1MjUzNDU1NDBBNTM2OTdBNjU0NDZGNzU2MjZDNjUwMjFDMDg0NjZGNkU3NDRFNjE2RDY1MDYwRjU0Njk2RDY1NzMyMDRFNjU3NzIwNTI2RjZENjE2RTA3NTU2RTY5NjM2RjY0NjUwOTA0NTM2OTdBNjUwMjBFMDAwMA0KLTkgMiAwIDAgMCAwIDINCg0KMEUwMTA0NTQ2MTYyNzMwRTAwMDAwMA0KLTkgMiAwIDAgMCAwIDQNCg0KMEUwMA0KLTkgMCAwIDAgMCAwIDcNCjEgMSAwIDggMyAwDQoyMDAwMDYwNDNEMDQ0NDA0M0UwNDQwMDQzQzA0MzAwNDQ2MDQ1NjA0MzkwNDNEMDQ1NjA0MjAwMDQxMDQzQjA0NTYwNDM0MDQzODA0MkMwMDIwMDA0RjA0M0EwNDU2MDQyMDAwMzcwNDMwMDQzQTA0M0UwNDM0MDQzRTA0MzIwNDMwMDQzRDA0NTYwNDIwMDA0MzA0MjAwMDNDMDQzRTA0M0IwNDM1MDQzQTA0NDMwNDNCMDQzMDA0NDUwNDIwMDAxNDA0MUQwNDFBMDQyRTAwDQo=</FormattedText>
						</VariantText>
						<VariantText CorrectAnswer="False">
							<PlainText>Сліди попередніх порушень, що зберігаються у довгостроковій пам&apos;яті.</PlainText>
							<FormattedText>LTggMSAzIDINCi05IDEgMCAwIDAgMCAxMw0KOTYNCi05IDIgMCAwIDAgMCAxDQoNCjBFMDEwOTUzNzQ3OTZDNjU0RTYxNkQ2NTA2MEI0RTZGNzI2RDYxNkMyMDc0NjU3ODc0MEE1MzY5N0E2NTQ0NkY3NTYyNkM2NTAyMUMwODQ2NkY2RTc0NEU2MTZENjUwNjBGNTQ2OTZENjU3MzIwNEU2NTc3MjA1MjZGNkQ2MTZFMDc1NTZFNjk2MzZGNjQ2NTA5MDQ1MzY5N0E2NTAyMEUwMDAxMDg1Mzc0NjE2RTY0NjE3MjY0MDgwNzQzNjg2MTcyNzM2NTc0MDcwRjUyNTU1MzUzNDk0MTRFNUY0MzQ4NDE1MjUzNDU1NDBBNTM2OTdBNjU0NDZGNzU2MjZDNjUwMjFDMDg0NjZGNkU3NDRFNjE2RDY1MDYwRjU0Njk2RDY1NzMyMDRFNjU3NzIwNTI2RjZENjE2RTA3NTU2RTY5NjM2RjY0NjUwOTA0NTM2OTdBNjUwMjBFMDAwMA0KLTkgMiAwIDAgMCAwIDINCg0KMEUwMTA0NTQ2MTYyNzMwRTAwMDAwMA0KLTkgMiAwIDAgMCAwIDQNCg0KMEUwMA0KLTkgMCAwIDAgMCAwIDcNCjEgMSAwIDggMyAwDQoyMDAwMjEwNDNCMDQ1NjA0MzQwNDM4MDQyMDAwM0YwNDNFMDQzRjA0MzUwNDQwMDQzNTA0MzQwNDNEMDQ1NjA0NDUwNDIwMDAzRjA0M0UwNDQwMDQ0MzA0NDgwNDM1MDQzRDA0NEMwNDJDMDAyMDAwNDkwNDNFMDQyMDAwMzcwNDMxMDQzNTA0NDAwNDU2MDQzMzA0MzAwNDRFMDQ0MjA0NEMwNDQxMDQ0RjA0MjAwMDQzMDQyMDAwMzQwNDNFMDQzMjA0MzMwNDNFMDQ0MTA0NDIwNDQwMDQzRTA0M0EwNDNFMDQzMjA0NTYwNDM5MDQyMDAwM0YwNDMwMDQzQzA0MjcwMDRGMDQ0MjA0NTYwNDJFMDANCg==</FormattedText>
						</VariantText>
					</Variants>
				</Task>
				<!-- ***** -->
				<Task Type="TYPE_TASK_CHOICE_SINGLE" Score="1">
					<Title/>
					<QuestionText>
						<PlainText>Які сигнали належать до умовних сигналів 2-й сигнальної системи?</PlainText>
						<FormattedText>LTggMSAzIDINCi05IDEgMCAwIDAgMCAxMw0KOTYNCi05IDIgMCAwIDAgMCAxDQoNCjBFMDEwOTUzNzQ3OTZDNjU0RTYxNkQ2NTA2MEI0RTZGNzI2RDYxNkMyMDc0NjU3ODc0MEE1MzY5N0E2NTQ0NkY3NTYyNkM2NTAyMUMwODQ2NkY2RTc0NEU2MTZENjUwNjBGNTQ2OTZENjU3MzIwNEU2NTc3MjA1MjZGNkQ2MTZFMDc1NTZFNjk2MzZGNjQ2NTA5MDQ1MzY5N0E2NTAyMEUwMDAxMDg1Mzc0NjE2RTY0NjE3MjY0MDgwNzQzNjg2MTcyNzM2NTc0MDcwRjUyNTU1MzUzNDk0MTRFNUY0MzQ4NDE1MjUzNDU1NDBBNTM2OTdBNjU0NDZGNzU2MjZDNjUwMjFDMDg0NjZGNkU3NDRFNjE2RDY1MDYwRjU0Njk2RDY1NzMyMDRFNjU3NzIwNTI2RjZENjE2RTA3NTU2RTY5NjM2RjY0NjUwOTA0NTM2OTdBNjUwMjBFMDAwMA0KLTkgMiAwIDAgMCAwIDINCg0KMEUwMTA0NTQ2MTYyNzMwRTAwMDAwMTA4NTM3NDYxNkU2NDYxNzI2NDA4MDk0MTZDNjk2NzZFNkQ2NTZFNzQwNzBBNzI3NjYxNEE3NTczNzQ2OTY2NzkwNDU0NjE2MjczMEUwMDAwMDANCi05IDIgMCAwIDAgMCA0DQoNCjBFMDANCi05IDAgMCAwIDAgMCA3DQoxIDEgMCA4IDMgMA0KMkYwNDNBMDQ1NjA0MjAwMDQxMDQzODA0MzMwNDNEMDQzMDA0M0IwNDM4MDQyMDAwM0QwNDMwMDQzQjA0MzUwNDM2MDQzMDA0NDIwNDRDMDQyMDAwMzQwNDNFMDQyMDAwNDMwNDNDMDQzRTA0MzIwNDNEMDQzODA0NDUwNDIwMDA0MTA0MzgwNDMzMDQzRDA0MzAwNDNCMDQ1NjA0MzIwNDIwMDAzMjAwMkQwMDM5MDQyMDAwNDEwNDM4MDQzMzA0M0QwNDMwMDQzQjA0NEMwNDNEMDQzRTA0NTcwNDIwMDA0MTA0MzgwNDQxMDQ0MjA0MzUwNDNDMDQzODA0M0YwMA0KMSAxIDEgOCAzIDANCg0K</FormattedText>
					</QuestionText>
					<Options>
						<IsAllowRandom>true</IsAllowRandom>
						<IsCompulsory>false</IsCompulsory>
						<IsOnlyForEduMode>false</IsOnlyForEduMode>
						<IsDenyPartially>false</IsDenyPartially>
					</Options>
					<Variants>
						<VariantText CorrectAnswer="True">
							<PlainText>Символи предметів і явищ, які виражені у словесній формі.</PlainText>
							<FormattedText>LTggMSAzIDINCi05IDEgMCAwIDAgMCAxMw0KOTYNCi05IDIgMCAwIDAgMCAxDQoNCjBFMDEwOTUzNzQ3OTZDNjU0RTYxNkQ2NTA2MEI0RTZGNzI2RDYxNkMyMDc0NjU3ODc0MEE1MzY5N0E2NTQ0NkY3NTYyNkM2NTAyMUMwODQ2NkY2RTc0NEU2MTZENjUwNjBGNTQ2OTZENjU3MzIwNEU2NTc3MjA1MjZGNkQ2MTZFMDc1NTZFNjk2MzZGNjQ2NTA5MDQ1MzY5N0E2NTAyMEUwMDAxMDg1Mzc0NjE2RTY0NjE3MjY0MDgwNzQzNjg2MTcyNzM2NTc0MDcwRjUyNTU1MzUzNDk0MTRFNUY0MzQ4NDE1MjUzNDU1NDBBNTM2OTdBNjU0NDZGNzU2MjZDNjUwMjFDMDg0NjZGNkU3NDRFNjE2RDY1MDYwRjU0Njk2RDY1NzMyMDRFNjU3NzIwNTI2RjZENjE2RTA3NTU2RTY5NjM2RjY0NjUwOTA0NTM2OTdBNjUwMjBFMDAwMA0KLTkgMiAwIDAgMCAwIDINCg0KMEUwMTA0NTQ2MTYyNzMwRTAwMDAwMA0KLTkgMiAwIDAgMCAwIDQNCg0KMEUwMA0KLTkgMCAwIDAgMCAwIDcNCjEgMSAwIDggMyAwDQoyMTA0MzgwNDNDMDQzMjA0M0UwNDNCMDQzODA0MjAwMDNGMDQ0MDA0MzUwNDM0MDQzQzA0MzUwNDQyMDQ1NjA0MzIwNDIwMDA1NjA0MjAwMDRGMDQzMjA0MzgwNDQ5MDQyQzAwMjAwMDRGMDQzQTA0NTYwNDIwMDAzMjA0MzgwNDQwMDQzMDA0MzYwNDM1MDQzRDA0NTYwNDIwMDA0MzA0MjAwMDQxMDQzQjA0M0UwNDMyMDQzNTA0NDEwNDNEMDQ1NjA0MzkwNDIwMDA0NDA0M0UwNDQwMDQzQzA0NTYwNDJFMDANCg==</FormattedText>
						</VariantText>
						<VariantText CorrectAnswer="False">
							<PlainText>Інформаційні сліди, які закодовані у молекулах ДНК.</PlainText>
							<FormattedText>LTggMSAzIDINCi05IDEgMCAwIDAgMCAxMw0KOTYNCi05IDIgMCAwIDAgMCAxDQoNCjBFMDEwOTUzNzQ3OTZDNjU0RTYxNkQ2NTA2MEI0RTZGNzI2RDYxNkMyMDc0NjU3ODc0MEE1MzY5N0E2NTQ0NkY3NTYyNkM2NTAyMUMwODQ2NkY2RTc0NEU2MTZENjUwNjBGNTQ2OTZENjU3MzIwNEU2NTc3MjA1MjZGNkQ2MTZFMDc1NTZFNjk2MzZGNjQ2NTA5MDQ1MzY5N0E2NTAyMEUwMDAxMDg1Mzc0NjE2RTY0NjE3MjY0MDgwNzQzNjg2MTcyNzM2NTc0MDcwRjUyNTU1MzUzNDk0MTRFNUY0MzQ4NDE1MjUzNDU1NDBBNTM2OTdBNjU0NDZGNzU2MjZDNjUwMjFDMDg0NjZGNkU3NDRFNjE2RDY1MDYwRjU0Njk2RDY1NzMyMDRFNjU3NzIwNTI2RjZENjE2RTA3NTU2RTY5NjM2RjY0NjUwOTA0NTM2OTdBNjUwMjBFMDAwMA0KLTkgMiAwIDAgMCAwIDINCg0KMEUwMTA0NTQ2MTYyNzMwRTAwMDAwMA0KLTkgMiAwIDAgMCAwIDQNCg0KMEUwMA0KLTkgMCAwIDAgMCAwIDcNCjEgMSAwIDggMyAwDQowNjA0M0QwNDQ0MDQzRTA0NDAwNDNDMDQzMDA0NDYwNDU2MDQzOTA0M0QwNDU2MDQyMDAwNDEwNDNCMDQ1NjA0MzQwNDM4MDQyQzAwMjAwMDRGMDQzQTA0NTYwNDIwMDAzNzA0MzAwNDNBMDQzRTA0MzQwNDNFMDQzMjA0MzAwNDNEMDQ1NjA0MjAwMDQzMDQyMDAwM0MwNDNFMDQzQjA0MzUwNDNBMDQ0MzA0M0IwNDMwMDQ0NTA0MjAwMDE0MDQxRDA0MUEwNDJFMDANCg==</FormattedText>
						</VariantText>
						<VariantText CorrectAnswer="False">
							<PlainText>Сліди попередніх порушень, що зберігаються у довгостроковій пам&apos;яті</PlainText>
							<FormattedText>LTggMSAzIDINCi05IDEgMCAwIDAgMCAxMw0KOTYNCi05IDIgMCAwIDAgMCAxDQoNCjBFMDEwOTUzNzQ3OTZDNjU0RTYxNkQ2NTA2MEI0RTZGNzI2RDYxNkMyMDc0NjU3ODc0MEE1MzY5N0E2NTQ0NkY3NTYyNkM2NTAyMUMwODQ2NkY2RTc0NEU2MTZENjUwNjBGNTQ2OTZENjU3MzIwNEU2NTc3MjA1MjZGNkQ2MTZFMDc1NTZFNjk2MzZGNjQ2NTA5MDQ1MzY5N0E2NTAyMEUwMDAxMDg1Mzc0NjE2RTY0NjE3MjY0MDgwNzQzNjg2MTcyNzM2NTc0MDcwRjUyNTU1MzUzNDk0MTRFNUY0MzQ4NDE1MjUzNDU1NDBBNTM2OTdBNjU0NDZGNzU2MjZDNjUwMjFDMDg0NjZGNkU3NDRFNjE2RDY1MDYwRjU0Njk2RDY1NzMyMDRFNjU3NzIwNTI2RjZENjE2RTA3NTU2RTY5NjM2RjY0NjUwOTA0NTM2OTdBNjUwMjBFMDAwMA0KLTkgMiAwIDAgMCAwIDINCg0KMEUwMTA0NTQ2MTYyNzMwRTAwMDAwMA0KLTkgMiAwIDAgMCAwIDQNCg0KMEUwMA0KLTkgMCAwIDAgMCAwIDcNCjEgMSAwIDggMyAwDQoyMTA0M0IwNDU2MDQzNDA0MzgwNDIwMDAzRjA0M0UwNDNGMDQzNTA0NDAwNDM1MDQzNDA0M0QwNDU2MDQ0NTA0MjAwMDNGMDQzRTA0NDAwNDQzMDQ0ODA0MzUwNDNEMDQ0QzA0MkMwMDIwMDA0OTA0M0UwNDIwMDAzNzA0MzEwNDM1MDQ0MDA0NTYwNDMzMDQzMDA0NEUwNDQyMDQ0QzA0NDEwNDRGMDQyMDAwNDMwNDIwMDAzNDA0M0UwNDMyMDQzMzA0M0UwNDQxMDQ0MjA0NDAwNDNFMDQzQTA0M0UwNDMyMDQ1NjA0MzkwNDIwMDAzRjA0MzAwNDNDMDQyNzAwNEYwNDQyMDQ1NjA0DQo=</FormattedText>
						</VariantText>
						<VariantText CorrectAnswer="False">
							<PlainText>Сліди попередніх порушень, що зберігаються у короткочасній пам&apos;яті.</PlainText>
							<FormattedText>LTggMSAzIDINCi05IDEgMCAwIDAgMCAxMw0KOTYNCi05IDIgMCAwIDAgMCAxDQoNCjBFMDEwOTUzNzQ3OTZDNjU0RTYxNkQ2NTA2MEI0RTZGNzI2RDYxNkMyMDc0NjU3ODc0MEE1MzY5N0E2NTQ0NkY3NTYyNkM2NTAyMUMwODQ2NkY2RTc0NEU2MTZENjUwNjBGNTQ2OTZENjU3MzIwNEU2NTc3MjA1MjZGNkQ2MTZFMDc1NTZFNjk2MzZGNjQ2NTA5MDQ1MzY5N0E2NTAyMEUwMDAxMDg1Mzc0NjE2RTY0NjE3MjY0MDgwNzQzNjg2MTcyNzM2NTc0MDcwRjUyNTU1MzUzNDk0MTRFNUY0MzQ4NDE1MjUzNDU1NDBBNTM2OTdBNjU0NDZGNzU2MjZDNjUwMjFDMDg0NjZGNkU3NDRFNjE2RDY1MDYwRjU0Njk2RDY1NzMyMDRFNjU3NzIwNTI2RjZENjE2RTA3NTU2RTY5NjM2RjY0NjUwOTA0NTM2OTdBNjUwMjBFMDAwMA0KLTkgMiAwIDAgMCAwIDINCg0KMEUwMTA0NTQ2MTYyNzMwRTAwMDAwMA0KLTkgMiAwIDAgMCAwIDQNCg0KMEUwMA0KLTkgMCAwIDAgMCAwIDcNCjEgMSAwIDggMyAwDQoyMTA0M0IwNDU2MDQzNDA0MzgwNDIwMDAzRjA0M0UwNDNGMDQzNTA0NDAwNDM1MDQzNDA0M0QwNDU2MDQ0NTA0MjAwMDNGMDQzRTA0NDAwNDQzMDQ0ODA0MzUwNDNEMDQ0QzA0MkMwMDIwMDA0OTA0M0UwNDIwMDAzNzA0MzEwNDM1MDQ0MDA0NTYwNDMzMDQzMDA0NEUwNDQyMDQ0QzA0NDEwNDRGMDQyMDAwNDMwNDIwMDAzQTA0M0UwNDQwMDQzRTA0NDIwNDNBMDQzRTA0NDcwNDMwMDQ0MTA0M0QwNDU2MDQzOTA0MjAwMDNGMDQzMDA0M0MwNDI3MDA0RjA0NDIwNDU2MDQyRTAwDQo=</FormattedText>
						</VariantText>
						<VariantText CorrectAnswer="False">
							<PlainText>Наявні сигнали, предмети або явища, які сприймаються аналізаторами.</PlainText>
							<FormattedText>LTggMSAzIDINCi05IDEgMCAwIDAgMCAxMw0KOTYNCi05IDIgMCAwIDAgMCAxDQoNCjBFMDEwOTUzNzQ3OTZDNjU0RTYxNkQ2NTA2MEI0RTZGNzI2RDYxNkMyMDc0NjU3ODc0MEE1MzY5N0E2NTQ0NkY3NTYyNkM2NTAyMUMwODQ2NkY2RTc0NEU2MTZENjUwNjBGNTQ2OTZENjU3MzIwNEU2NTc3MjA1MjZGNkQ2MTZFMDc1NTZFNjk2MzZGNjQ2NTA5MDQ1MzY5N0E2NTAyMEUwMDAxMDg1Mzc0NjE2RTY0NjE3MjY0MDgwNzQzNjg2MTcyNzM2NTc0MDcwRjUyNTU1MzUzNDk0MTRFNUY0MzQ4NDE1MjUzNDU1NDBBNTM2OTdBNjU0NDZGNzU2MjZDNjUwMjFDMDg0NjZGNkU3NDRFNjE2RDY1MDYwRjU0Njk2RDY1NzMyMDRFNjU3NzIwNTI2RjZENjE2RTA3NTU2RTY5NjM2RjY0NjUwOTA0NTM2OTdBNjUwMjBFMDAwMA0KLTkgMiAwIDAgMCAwIDINCg0KMEUwMTA0NTQ2MTYyNzMwRTAwMDAwMA0KLTkgMiAwIDAgMCAwIDQNCg0KMEUwMA0KLTkgMCAwIDAgMCAwIDcNCjEgMSAwIDggMyAwDQoxRDA0MzAwNDRGMDQzMjA0M0QwNDU2MDQyMDAwNDEwNDM4MDQzMzA0M0QwNDMwMDQzQjA0MzgwNDJDMDAyMDAwM0YwNDQwMDQzNTA0MzQwNDNDMDQzNTA0NDIwNDM4MDQyMDAwMzAwNDMxMDQzRTA0MjAwMDRGMDQzMjA0MzgwNDQ5MDQzMDA0MkMwMDIwMDA0RjA0M0EwNDU2MDQyMDAwNDEwNDNGMDQ0MDA0MzgwNDM5MDQzQzA0MzAwNDRFMDQ0MjA0NEMwNDQxMDQ0RjA0MjAwMDMwMDQzRDA0MzAwNDNCMDQ1NjA0MzcwNDMwMDQ0MjA0M0UwNDQwMDQzMDA0M0MwNDM4MDQyRTAwDQo=</FormattedText>
						</VariantText>
					</Variants>
				</Task>
				<!-- ***** -->
				<Task Type="TYPE_TASK_CHOICE_SINGLE" Score="1">
					<Title/>
					<QuestionText>
						<PlainText>Чим є свідомість?</PlainText>
						<FormattedText>LTggMSAzIDINCi05IDEgMCAwIDAgMCAxMw0KOTYNCi05IDIgMCAwIDAgMCAxDQoNCjBFMDEwOTUzNzQ3OTZDNjU0RTYxNkQ2NTA2MEI0RTZGNzI2RDYxNkMyMDc0NjU3ODc0MEE1MzY5N0E2NTQ0NkY3NTYyNkM2NTAyMUMwODQ2NkY2RTc0NEU2MTZENjUwNjBGNTQ2OTZENjU3MzIwNEU2NTc3MjA1MjZGNkQ2MTZFMDc1NTZFNjk2MzZGNjQ2NTA5MDQ1MzY5N0E2NTAyMEUwMDAxMDg1Mzc0NjE2RTY0NjE3MjY0MDgwNzQzNjg2MTcyNzM2NTc0MDcwRjUyNTU1MzUzNDk0MTRFNUY0MzQ4NDE1MjUzNDU1NDBBNTM2OTdBNjU0NDZGNzU2MjZDNjUwMjFDMDg0NjZGNkU3NDRFNjE2RDY1MDYwRjU0Njk2RDY1NzMyMDRFNjU3NzIwNTI2RjZENjE2RTA3NTU2RTY5NjM2RjY0NjUwOTA0NTM2OTdBNjUwMjBFMDAwMA0KLTkgMiAwIDAgMCAwIDINCg0KMEUwMTA0NTQ2MTYyNzMwRTAwMDAwMTA4NTM3NDYxNkU2NDYxNzI2NDA4MDk0MTZDNjk2NzZFNkQ2NTZFNzQwNzBBNzI3NjYxNEE3NTczNzQ2OTY2NzkwNDU0NjE2MjczMEUwMDAwMDANCi05IDIgMCAwIDAgMCA0DQoNCjBFMDANCi05IDAgMCAwIDAgMCA3DQoxIDIgMSA4IDMgMA0KMjcwNDM4MDQzQzA0MjAwMDU0MDQyMDAwNDEwNDMyMDQ1NjA0MzQwNDNFMDQzQzA0NTYwNDQxMDQ0MjA0NEMwNDNGMDANCg0K</FormattedText>
					</QuestionText>
					<Options>
						<IsAllowRandom>true</IsAllowRandom>
						<IsCompulsory>false</IsCompulsory>
						<IsOnlyForEduMode>false</IsOnlyForEduMode>
						<IsDenyPartially>false</IsDenyPartially>
					</Options>
					<Variants>
						<VariantText CorrectAnswer="True">
							<PlainText>Відображення в мозку людини навколишнього світу.</PlainText>
							<FormattedText>LTggMSAzIDINCi05IDEgMCAwIDAgMCAxMw0KOTYNCi05IDIgMCAwIDAgMCAxDQoNCjBFMDEwOTUzNzQ3OTZDNjU0RTYxNkQ2NTA2MEI0RTZGNzI2RDYxNkMyMDc0NjU3ODc0MEE1MzY5N0E2NTQ0NkY3NTYyNkM2NTAyMUMwODQ2NkY2RTc0NEU2MTZENjUwNjBGNTQ2OTZENjU3MzIwNEU2NTc3MjA1MjZGNkQ2MTZFMDc1NTZFNjk2MzZGNjQ2NTA5MDQ1MzY5N0E2NTAyMEUwMDAxMDg1Mzc0NjE2RTY0NjE3MjY0MDgwNzQzNjg2MTcyNzM2NTc0MDcwRjUyNTU1MzUzNDk0MTRFNUY0MzQ4NDE1MjUzNDU1NDBBNTM2OTdBNjU0NDZGNzU2MjZDNjUwMjFDMDg0NjZGNkU3NDRFNjE2RDY1MDYwRjU0Njk2RDY1NzMyMDRFNjU3NzIwNTI2RjZENjE2RTA3NTU2RTY5NjM2RjY0NjUwOTA0NTM2OTdBNjUwMjBFMDAwMA0KLTkgMiAwIDAgMCAwIDINCg0KMEUwMTA0NTQ2MTYyNzMwRTAwMDAwMA0KLTkgMiAwIDAgMCAwIDQNCg0KMEUwMA0KLTkgMCAwIDAgMCAwIDcNCjEgMSAwIDggMyAwDQoxMjA0NTYwNDM0MDQzRTA0MzEwNDQwMDQzMDA0MzYwNDM1MDQzRDA0M0QwNDRGMDQyMDAwMzIwNDIwMDAzQzA0M0UwNDM3MDQzQTA0NDMwNDIwMDAzQjA0NEUwNDM0MDQzODA0M0QwNDM4MDQyMDAwM0QwNDMwMDQzMjA0M0EwNDNFMDQzQjA0MzgwNDQ4MDQzRDA0NEMwNDNFMDQzMzA0M0UwNDIwMDA0MTA0MzIwNDU2MDQ0MjA0NDMwNDJFMDANCg==</FormattedText>
						</VariantText>
						<VariantText CorrectAnswer="False">
							<PlainText>Відчуття окремих властивостей предметів і явищ.</PlainText>
							<FormattedText>LTggMSAzIDINCi05IDEgMCAwIDAgMCAxMw0KOTYNCi05IDIgMCAwIDAgMCAxDQoNCjBFMDEwOTUzNzQ3OTZDNjU0RTYxNkQ2NTA2MEI0RTZGNzI2RDYxNkMyMDc0NjU3ODc0MEE1MzY5N0E2NTQ0NkY3NTYyNkM2NTAyMUMwODQ2NkY2RTc0NEU2MTZENjUwNjBGNTQ2OTZENjU3MzIwNEU2NTc3MjA1MjZGNkQ2MTZFMDc1NTZFNjk2MzZGNjQ2NTA5MDQ1MzY5N0E2NTAyMEUwMDAxMDg1Mzc0NjE2RTY0NjE3MjY0MDgwNzQzNjg2MTcyNzM2NTc0MDcwRjUyNTU1MzUzNDk0MTRFNUY0MzQ4NDE1MjUzNDU1NDBBNTM2OTdBNjU0NDZGNzU2MjZDNjUwMjFDMDg0NjZGNkU3NDRFNjE2RDY1MDYwRjU0Njk2RDY1NzMyMDRFNjU3NzIwNTI2RjZENjE2RTA3NTU2RTY5NjM2RjY0NjUwOTA0NTM2OTdBNjUwMjBFMDAwMA0KLTkgMiAwIDAgMCAwIDINCg0KMEUwMTA0NTQ2MTYyNzMwRTAwMDAwMA0KLTkgMiAwIDAgMCAwIDQNCg0KMEUwMA0KLTkgMCAwIDAgMCAwIDcNCjEgMSAwIDggMyAwDQoxMjA0NTYwNDM0MDQ0NzA0NDMwNDQyMDQ0MjA0NEYwNDIwMDAzRTA0M0EwNDQwMDQzNTA0M0MwNDM4MDQ0NTA0MjAwMDMyMDQzQjA0MzAwNDQxMDQ0MjA0MzgwNDMyMDQzRTA0NDEwNDQyMDQzNTA0MzkwNDIwMDAzRjA0NDAwNDM1MDQzNDA0M0MwNDM1MDQ0MjA0NTYwNDMyMDQyMDAwNTYwNDIwMDA0RjA0MzIwNDM4MDQ0OTA0MkUwMA0K</FormattedText>
						</VariantText>
						<VariantText CorrectAnswer="False">
							<PlainText>Сприйняття сукупності властивостей предметів і явищ.</PlainText>
							<FormattedText>LTggMSAzIDINCi05IDEgMCAwIDAgMCAxMw0KOTYNCi05IDIgMCAwIDAgMCAxDQoNCjBFMDEwOTUzNzQ3OTZDNjU0RTYxNkQ2NTA2MEI0RTZGNzI2RDYxNkMyMDc0NjU3ODc0MEE1MzY5N0E2NTQ0NkY3NTYyNkM2NTAyMUMwODQ2NkY2RTc0NEU2MTZENjUwNjBGNTQ2OTZENjU3MzIwNEU2NTc3MjA1MjZGNkQ2MTZFMDc1NTZFNjk2MzZGNjQ2NTA5MDQ1MzY5N0E2NTAyMEUwMDAxMDg1Mzc0NjE2RTY0NjE3MjY0MDgwNzQzNjg2MTcyNzM2NTc0MDcwRjUyNTU1MzUzNDk0MTRFNUY0MzQ4NDE1MjUzNDU1NDBBNTM2OTdBNjU0NDZGNzU2MjZDNjUwMjFDMDg0NjZGNkU3NDRFNjE2RDY1MDYwRjU0Njk2RDY1NzMyMDRFNjU3NzIwNTI2RjZENjE2RTA3NTU2RTY5NjM2RjY0NjUwOTA0NTM2OTdBNjUwMjBFMDAwMA0KLTkgMiAwIDAgMCAwIDINCg0KMEUwMTA0NTQ2MTYyNzMwRTAwMDAwMA0KLTkgMiAwIDAgMCAwIDQNCg0KMEUwMA0KLTkgMCAwIDAgMCAwIDcNCjEgMSAwIDggMyAwDQoyMTA0M0YwNDQwMDQzODA0MzkwNDNEMDQ0RjA0NDIwNDQyMDQ0RjA0MjAwMDQxMDQ0MzA0M0EwNDQzMDQzRjA0M0QwNDNFMDQ0MTA0NDIwNDU2MDQyMDAwMzIwNDNCMDQzMDA0NDEwNDQyMDQzODA0MzIwNDNFMDQ0MTA0NDIwNDM1MDQzOTA0MjAwMDNGMDQ0MDA0MzUwNDM0MDQzQzA0MzUwNDQyMDQ1NjA0MzIwNDIwMDA1NjA0MjAwMDRGMDQzMjA0MzgwNDQ5MDQyRTAwDQo=</FormattedText>
						</VariantText>
						<VariantText CorrectAnswer="False">
							<PlainText>Аналіз і синтез комплексних подразників.</PlainText>
							<FormattedText>LTggMSAzIDINCi05IDEgMCAwIDAgMCAxMw0KOTYNCi05IDIgMCAwIDAgMCAxDQoNCjBFMDEwOTUzNzQ3OTZDNjU0RTYxNkQ2NTA2MEI0RTZGNzI2RDYxNkMyMDc0NjU3ODc0MEE1MzY5N0E2NTQ0NkY3NTYyNkM2NTAyMUMwODQ2NkY2RTc0NEU2MTZENjUwNjBGNTQ2OTZENjU3MzIwNEU2NTc3MjA1MjZGNkQ2MTZFMDc1NTZFNjk2MzZGNjQ2NTA5MDQ1MzY5N0E2NTAyMEUwMDAxMDg1Mzc0NjE2RTY0NjE3MjY0MDgwNzQzNjg2MTcyNzM2NTc0MDcwRjUyNTU1MzUzNDk0MTRFNUY0MzQ4NDE1MjUzNDU1NDBBNTM2OTdBNjU0NDZGNzU2MjZDNjUwMjFDMDg0NjZGNkU3NDRFNjE2RDY1MDYwRjU0Njk2RDY1NzMyMDRFNjU3NzIwNTI2RjZENjE2RTA3NTU2RTY5NjM2RjY0NjUwOTA0NTM2OTdBNjUwMjBFMDAwMA0KLTkgMiAwIDAgMCAwIDINCg0KMEUwMTA0NTQ2MTYyNzMwRTAwMDAwMA0KLTkgMiAwIDAgMCAwIDQNCg0KMEUwMA0KLTkgMCAwIDAgMCAwIDcNCjEgMSAwIDggMyAwDQoxMDA0M0QwNDMwMDQzQjA0NTYwNDM3MDQyMDAwNTYwNDIwMDA0MTA0MzgwNDNEMDQ0MjA0MzUwNDM3MDQyMDAwM0EwNDNFMDQzQzA0M0YwNDNCMDQzNTA0M0EwNDQxMDQzRDA0MzgwNDQ1MDQyMDAwM0YwNDNFMDQzNDA0NDAwNDMwMDQzNzA0M0QwNDM4MDQzQTA0NTYwNDMyMDQyRTAwDQo=</FormattedText>
						</VariantText>
						<VariantText CorrectAnswer="False">
							<PlainText>Диференціювання окремих властивостей предметів і явище.</PlainText>
							<FormattedText>LTggMSAzIDINCi05IDEgMCAwIDAgMCAxMw0KOTYNCi05IDIgMCAwIDAgMCAxDQoNCjBFMDEwOTUzNzQ3OTZDNjU0RTYxNkQ2NTA2MEI0RTZGNzI2RDYxNkMyMDc0NjU3ODc0MEE1MzY5N0E2NTQ0NkY3NTYyNkM2NTAyMUMwODQ2NkY2RTc0NEU2MTZENjUwNjBGNTQ2OTZENjU3MzIwNEU2NTc3MjA1MjZGNkQ2MTZFMDc1NTZFNjk2MzZGNjQ2NTA5MDQ1MzY5N0E2NTAyMEUwMDAxMDg1Mzc0NjE2RTY0NjE3MjY0MDgwNzQzNjg2MTcyNzM2NTc0MDcwRjUyNTU1MzUzNDk0MTRFNUY0MzQ4NDE1MjUzNDU1NDBBNTM2OTdBNjU0NDZGNzU2MjZDNjUwMjFDMDg0NjZGNkU3NDRFNjE2RDY1MDYwRjU0Njk2RDY1NzMyMDRFNjU3NzIwNTI2RjZENjE2RTA3NTU2RTY5NjM2RjY0NjUwOTA0NTM2OTdBNjUwMjBFMDAwMA0KLTkgMiAwIDAgMCAwIDINCg0KMEUwMTA0NTQ2MTYyNzMwRTAwMDAwMA0KLTkgMiAwIDAgMCAwIDQNCg0KMEUwMA0KLTkgMCAwIDAgMCAwIDcNCjEgMSAwIDggMyAwDQoxNDA0MzgwNDQ0MDQzNTA0NDAwNDM1MDQzRDA0NDYwNDU2MDQ0RTA0MzIwNDMwMDQzRDA0M0QwNDRGMDQyMDAwM0UwNDNBMDQ0MDA0MzUwNDNDMDQzODA0NDUwNDIwMDAzMjA0M0IwNDMwMDQ0MTA0NDIwNDM4MDQzMjA0M0UwNDQxMDQ0MjA0MzUwNDM5MDQyMDAwM0YwNDQwMDQzNTA0MzQwNDNDMDQzNTA0NDIwNDU2MDQzMjA0MjAwMDU2MDQyMDAwNEYwNDMyMDQzODA0NDkwNDM1MDQyRTAwDQo=</FormattedText>
						</VariantText>
					</Variants>
				</Task>
				<!-- ***** -->
				<Task Type="TYPE_TASK_CHOICE_SINGLE" Score="1">
					<Title/>
					<QuestionText>
						<PlainText>Чим є процес мислення?</PlainText>
						<FormattedText>LTggMSAzIDINCi05IDEgMCAwIDAgMCAxMw0KOTYNCi05IDIgMCAwIDAgMCAxDQoNCjBFMDEwOTUzNzQ3OTZDNjU0RTYxNkQ2NTA2MEI0RTZGNzI2RDYxNkMyMDc0NjU3ODc0MEE1MzY5N0E2NTQ0NkY3NTYyNkM2NTAyMUMwODQ2NkY2RTc0NEU2MTZENjUwNjBGNTQ2OTZENjU3MzIwNEU2NTc3MjA1MjZGNkQ2MTZFMDc1NTZFNjk2MzZGNjQ2NTA5MDQ1MzY5N0E2NTAyMEUwMDAxMDg1Mzc0NjE2RTY0NjE3MjY0MDgwNzQzNjg2MTcyNzM2NTc0MDcwRjUyNTU1MzUzNDk0MTRFNUY0MzQ4NDE1MjUzNDU1NDBBNTM2OTdBNjU0NDZGNzU2MjZDNjUwMjFDMDg0NjZGNkU3NDRFNjE2RDY1MDYwRjU0Njk2RDY1NzMyMDRFNjU3NzIwNTI2RjZENjE2RTA3NTU2RTY5NjM2RjY0NjUwOTA0NTM2OTdBNjUwMjBFMDAwMA0KLTkgMiAwIDAgMCAwIDINCg0KMEUwMTA0NTQ2MTYyNzMwRTAwMDAwMTA4NTM3NDYxNkU2NDYxNzI2NDA4MDk0MTZDNjk2NzZFNkQ2NTZFNzQwNzBBNzI3NjYxNEE3NTczNzQ2OTY2NzkwNDU0NjE2MjczMEUwMDAwMDANCi05IDIgMCAwIDAgMCA0DQoNCjBFMDANCi05IDAgMCAwIDAgMCA3DQoxIDIgMSA4IDMgMA0KMjcwNDM4MDQzQzA0MjAwMDU0MDQyMDAwM0YwNDQwMDQzRTA0NDYwNDM1MDQ0MTA0MjAwMDNDMDQzODA0NDEwNDNCMDQzNTA0M0QwNDNEMDQ0RjA0M0YwMA0KDQo=</FormattedText>
					</QuestionText>
					<Options>
						<IsAllowRandom>true</IsAllowRandom>
						<IsCompulsory>false</IsCompulsory>
						<IsOnlyForEduMode>false</IsOnlyForEduMode>
						<IsDenyPartially>false</IsDenyPartially>
					</Options>
					<Variants>
						<VariantText CorrectAnswer="False">
							<PlainText>Образне відображення предметів і явищ.</PlainText>
							<FormattedText>LTggMSAzIDINCi05IDEgMCAwIDAgMCAxMw0KOTYNCi05IDIgMCAwIDAgMCAxDQoNCjBFMDEwOTUzNzQ3OTZDNjU0RTYxNkQ2NTA2MEI0RTZGNzI2RDYxNkMyMDc0NjU3ODc0MEE1MzY5N0E2NTQ0NkY3NTYyNkM2NTAyMUMwODQ2NkY2RTc0NEU2MTZENjUwNjBGNTQ2OTZENjU3MzIwNEU2NTc3MjA1MjZGNkQ2MTZFMDc1NTZFNjk2MzZGNjQ2NTA5MDQ1MzY5N0E2NTAyMEUwMDAxMDg1Mzc0NjE2RTY0NjE3MjY0MDgwNzQzNjg2MTcyNzM2NTc0MDcwRjUyNTU1MzUzNDk0MTRFNUY0MzQ4NDE1MjUzNDU1NDBBNTM2OTdBNjU0NDZGNzU2MjZDNjUwMjFDMDg0NjZGNkU3NDRFNjE2RDY1MDYwRjU0Njk2RDY1NzMyMDRFNjU3NzIwNTI2RjZENjE2RTA3NTU2RTY5NjM2RjY0NjUwOTA0NTM2OTdBNjUwMjBFMDAwMA0KLTkgMiAwIDAgMCAwIDINCg0KMEUwMTA0NTQ2MTYyNzMwRTAwMDAwMA0KLTkgMiAwIDAgMCAwIDQNCg0KMEUwMA0KLTkgMCAwIDAgMCAwIDcNCjEgMSAwIDggMyAwDQoxRTA0MzEwNDQwMDQzMDA0MzcwNDNEMDQzNTA0MjAwMDMyMDQ1NjA0MzQwNDNFMDQzMTA0NDAwNDMwMDQzNjA0MzUwNDNEMDQzRDA0NEYwNDIwMDAzRjA0NDAwNDM1MDQzNDA0M0MwNDM1MDQ0MjA0NTYwNDMyMDQyMDAwNTYwNDIwMDA0RjA0MzIwNDM4MDQ0OTA0MkUwMA0K</FormattedText>
						</VariantText>
						<VariantText CorrectAnswer="False">
							<PlainText>Абстрактно-узагальнене відображення світу.</PlainText>
							<FormattedText>LTggMSAzIDINCi05IDEgMCAwIDAgMCAxMw0KOTYNCi05IDIgMCAwIDAgMCAxDQoNCjBFMDEwOTUzNzQ3OTZDNjU0RTYxNkQ2NTA2MEI0RTZGNzI2RDYxNkMyMDc0NjU3ODc0MEE1MzY5N0E2NTQ0NkY3NTYyNkM2NTAyMUMwODQ2NkY2RTc0NEU2MTZENjUwNjBGNTQ2OTZENjU3MzIwNEU2NTc3MjA1MjZGNkQ2MTZFMDc1NTZFNjk2MzZGNjQ2NTA5MDQ1MzY5N0E2NTAyMEUwMDAxMDg1Mzc0NjE2RTY0NjE3MjY0MDgwNzQzNjg2MTcyNzM2NTc0MDcwRjUyNTU1MzUzNDk0MTRFNUY0MzQ4NDE1MjUzNDU1NDBBNTM2OTdBNjU0NDZGNzU2MjZDNjUwMjFDMDg0NjZGNkU3NDRFNjE2RDY1MDYwRjU0Njk2RDY1NzMyMDRFNjU3NzIwNTI2RjZENjE2RTA3NTU2RTY5NjM2RjY0NjUwOTA0NTM2OTdBNjUwMjBFMDAwMA0KLTkgMiAwIDAgMCAwIDINCg0KMEUwMTA0NTQ2MTYyNzMwRTAwMDAwMA0KLTkgMiAwIDAgMCAwIDQNCg0KMEUwMA0KLTkgMCAwIDAgMCAwIDcNCjEgMSAwIDggMyAwDQoxMDA0MzEwNDQxMDQ0MjA0NDAwNDMwMDQzQTA0NDIwNDNEMDQzRTA0MkQwMDQzMDQzNzA0MzAwNDMzMDQzMDA0M0IwNDRDMDQzRDA0MzUwNDNEMDQzNTA0MjAwMDMyMDQ1NjA0MzQwNDNFMDQzMTA0NDAwNDMwMDQzNjA0MzUwNDNEMDQzRDA0NEYwNDIwMDA0MTA0MzIwNDU2MDQ0MjA0NDMwNDJFMDANCg==</FormattedText>
						</VariantText>
						<VariantText CorrectAnswer="True">
							<PlainText>Процес оперування уявленнями.</PlainText>
							<FormattedText>LTggMSAzIDINCi05IDEgMCAwIDAgMCAxMw0KOTYNCi05IDIgMCAwIDAgMCAxDQoNCjBFMDEwOTUzNzQ3OTZDNjU0RTYxNkQ2NTA2MEI0RTZGNzI2RDYxNkMyMDc0NjU3ODc0MEE1MzY5N0E2NTQ0NkY3NTYyNkM2NTAyMUMwODQ2NkY2RTc0NEU2MTZENjUwNjBGNTQ2OTZENjU3MzIwNEU2NTc3MjA1MjZGNkQ2MTZFMDc1NTZFNjk2MzZGNjQ2NTA5MDQ1MzY5N0E2NTAyMEUwMDAxMDg1Mzc0NjE2RTY0NjE3MjY0MDgwNzQzNjg2MTcyNzM2NTc0MDcwRjUyNTU1MzUzNDk0MTRFNUY0MzQ4NDE1MjUzNDU1NDBBNTM2OTdBNjU0NDZGNzU2MjZDNjUwMjFDMDg0NjZGNkU3NDRFNjE2RDY1MDYwRjU0Njk2RDY1NzMyMDRFNjU3NzIwNTI2RjZENjE2RTA3NTU2RTY5NjM2RjY0NjUwOTA0NTM2OTdBNjUwMjBFMDAwMA0KLTkgMiAwIDAgMCAwIDINCg0KMEUwMTA0NTQ2MTYyNzMwRTAwMDAwMA0KLTkgMiAwIDAgMCAwIDQNCg0KMEUwMA0KLTkgMCAwIDAgMCAwIDcNCjEgMSAwIDggMyAwDQoxRjA0NDAwNDNFMDQ0NjA0MzUwNDQxMDQyMDAwM0UwNDNGMDQzNTA0NDAwNDQzMDQzMjA0MzAwNDNEMDQzRDA0NEYwNDIwMDA0MzA0NEYwNDMyMDQzQjA0MzUwNDNEMDQzRDA0NEYwNDNDMDQzODA0MkUwMA0K</FormattedText>
						</VariantText>
						<VariantText CorrectAnswer="False">
							<PlainText>Конкретно-чуттєве відображення світу.</PlainText>
							<FormattedText>LTggMSAzIDINCi05IDEgMCAwIDAgMCAxMw0KOTYNCi05IDIgMCAwIDAgMCAxDQoNCjBFMDEwOTUzNzQ3OTZDNjU0RTYxNkQ2NTA2MEI0RTZGNzI2RDYxNkMyMDc0NjU3ODc0MEE1MzY5N0E2NTQ0NkY3NTYyNkM2NTAyMUMwODQ2NkY2RTc0NEU2MTZENjUwNjBGNTQ2OTZENjU3MzIwNEU2NTc3MjA1MjZGNkQ2MTZFMDc1NTZFNjk2MzZGNjQ2NTA5MDQ1MzY5N0E2NTAyMEUwMDAxMDg1Mzc0NjE2RTY0NjE3MjY0MDgwNzQzNjg2MTcyNzM2NTc0MDcwRjUyNTU1MzUzNDk0MTRFNUY0MzQ4NDE1MjUzNDU1NDBBNTM2OTdBNjU0NDZGNzU2MjZDNjUwMjFDMDg0NjZGNkU3NDRFNjE2RDY1MDYwRjU0Njk2RDY1NzMyMDRFNjU3NzIwNTI2RjZENjE2RTA3NTU2RTY5NjM2RjY0NjUwOTA0NTM2OTdBNjUwMjBFMDAwMA0KLTkgMiAwIDAgMCAwIDINCg0KMEUwMTA0NTQ2MTYyNzMwRTAwMDAwMA0KLTkgMiAwIDAgMCAwIDQNCg0KMEUwMA0KLTkgMCAwIDAgMCAwIDcNCjEgMSAwIDggMyAwDQoxQTA0M0UwNDNEMDQzQTA0NDAwNDM1MDQ0MjA0M0QwNDNFMDQyRDAwNDcwNDQzMDQ0MjA0NDIwNDU0MDQzMjA0MzUwNDIwMDAzMjA0NTYwNDM0MDQzRTA0MzEwNDQwMDQzMDA0MzYwNDM1MDQzRDA0M0QwNDRGMDQyMDAwNDEwNDMyMDQ1NjA0NDIwNDQzMDQyRTAwDQo=</FormattedText>
						</VariantText>
						<VariantText CorrectAnswer="False">
							<PlainText>Аналітико-синтетична діяльність мозку.</PlainText>
							<FormattedText>LTggMSAzIDINCi05IDEgMCAwIDAgMCAxMw0KOTYNCi05IDIgMCAwIDAgMCAxDQoNCjBFMDEwOTUzNzQ3OTZDNjU0RTYxNkQ2NTA2MEI0RTZGNzI2RDYxNkMyMDc0NjU3ODc0MEE1MzY5N0E2NTQ0NkY3NTYyNkM2NTAyMUMwODQ2NkY2RTc0NEU2MTZENjUwNjBGNTQ2OTZENjU3MzIwNEU2NTc3MjA1MjZGNkQ2MTZFMDc1NTZFNjk2MzZGNjQ2NTA5MDQ1MzY5N0E2NTAyMEUwMDAxMDg1Mzc0NjE2RTY0NjE3MjY0MDgwNzQzNjg2MTcyNzM2NTc0MDcwRjUyNTU1MzUzNDk0MTRFNUY0MzQ4NDE1MjUzNDU1NDBBNTM2OTdBNjU0NDZGNzU2MjZDNjUwMjFDMDg0NjZGNkU3NDRFNjE2RDY1MDYwRjU0Njk2RDY1NzMyMDRFNjU3NzIwNTI2RjZENjE2RTA3NTU2RTY5NjM2RjY0NjUwOTA0NTM2OTdBNjUwMjBFMDAwMA0KLTkgMiAwIDAgMCAwIDINCg0KMEUwMTA0NTQ2MTYyNzMwRTAwMDAwMA0KLTkgMiAwIDAgMCAwIDQNCg0KMEUwMA0KLTkgMCAwIDAgMCAwIDcNCjEgMSAwIDggMyAwDQoxMDA0M0QwNDMwMDQzQjA0NTYwNDQyMDQzODA0M0EwNDNFMDQyRDAwNDEwNDM4MDQzRDA0NDIwNDM1MDQ0MjA0MzgwNDQ3MDQzRDA0MzAwNDIwMDAzNDA0NTYwNDRGMDQzQjA0NEMwNDNEMDQ1NjA0NDEwNDQyMDQ0QzA0MjAwMDNDMDQzRTA0MzcwNDNBMDQ0MzA0MkUwMA0K</FormattedText>
						</VariantText>
					</Variants>
				</Task>
				<!-- ***** -->
				<Task Type="TYPE_TASK_CHOICE_SINGLE" Score="1">
					<Title/>
					<QuestionText>
						<PlainText>Що є основою уявлення?</PlainText>
						<FormattedText>LTggMSAzIDINCi05IDEgMCAwIDAgMCAxMw0KOTYNCi05IDIgMCAwIDAgMCAxDQoNCjBFMDEwOTUzNzQ3OTZDNjU0RTYxNkQ2NTA2MEI0RTZGNzI2RDYxNkMyMDc0NjU3ODc0MEE1MzY5N0E2NTQ0NkY3NTYyNkM2NTAyMUMwODQ2NkY2RTc0NEU2MTZENjUwNjBGNTQ2OTZENjU3MzIwNEU2NTc3MjA1MjZGNkQ2MTZFMDc1NTZFNjk2MzZGNjQ2NTA5MDQ1MzY5N0E2NTAyMEUwMDAxMDg1Mzc0NjE2RTY0NjE3MjY0MDgwNzQzNjg2MTcyNzM2NTc0MDcwRjUyNTU1MzUzNDk0MTRFNUY0MzQ4NDE1MjUzNDU1NDBBNTM2OTdBNjU0NDZGNzU2MjZDNjUwMjFDMDg0NjZGNkU3NDRFNjE2RDY1MDYwRjU0Njk2RDY1NzMyMDRFNjU3NzIwNTI2RjZENjE2RTA3NTU2RTY5NjM2RjY0NjUwOTA0NTM2OTdBNjUwMjBFMDAwMA0KLTkgMiAwIDAgMCAwIDINCg0KMEUwMTA0NTQ2MTYyNzMwRTAwMDAwMTA4NTM3NDYxNkU2NDYxNzI2NDA4MDk0MTZDNjk2NzZFNkQ2NTZFNzQwNzBBNzI3NjYxNEE3NTczNzQ2OTY2NzkwNDU0NjE2MjczMEUwMDAwMDANCi05IDIgMCAwIDAgMCA0DQoNCjBFMDANCi05IDAgMCAwIDAgMCA3DQoxIDIgMSA4IDMgMA0KMjkwNDNFMDQyMDAwNTQwNDIwMDAzRTA0NDEwNDNEMDQzRTA0MzIwNDNFMDQ0RTA0MjAwMDQzMDQ0RjA0MzIwNDNCMDQzNTA0M0QwNDNEMDQ0RjA0M0YwMA0KDQo=</FormattedText>
					</QuestionText>
					<Options>
						<IsAllowRandom>true</IsAllowRandom>
						<IsCompulsory>false</IsCompulsory>
						<IsOnlyForEduMode>false</IsOnlyForEduMode>
						<IsDenyPartially>false</IsDenyPartially>
					</Options>
					<Variants>
						<VariantText CorrectAnswer="True">
							<PlainText>Ланцюг асоціацій з тимчасовими зв&apos;язками.</PlainText>
							<FormattedText>LTggMSAzIDINCi05IDEgMCAwIDAgMCAxMw0KOTYNCi05IDIgMCAwIDAgMCAxDQoNCjBFMDEwOTUzNzQ3OTZDNjU0RTYxNkQ2NTA2MEI0RTZGNzI2RDYxNkMyMDc0NjU3ODc0MEE1MzY5N0E2NTQ0NkY3NTYyNkM2NTAyMUMwODQ2NkY2RTc0NEU2MTZENjUwNjBGNTQ2OTZENjU3MzIwNEU2NTc3MjA1MjZGNkQ2MTZFMDc1NTZFNjk2MzZGNjQ2NTA5MDQ1MzY5N0E2NTAyMEUwMDAxMDg1Mzc0NjE2RTY0NjE3MjY0MDgwNzQzNjg2MTcyNzM2NTc0MDcwRjUyNTU1MzUzNDk0MTRFNUY0MzQ4NDE1MjUzNDU1NDBBNTM2OTdBNjU0NDZGNzU2MjZDNjUwMjFDMDg0NjZGNkU3NDRFNjE2RDY1MDYwRjU0Njk2RDY1NzMyMDRFNjU3NzIwNTI2RjZENjE2RTA3NTU2RTY5NjM2RjY0NjUwOTA0NTM2OTdBNjUwMjBFMDAwMA0KLTkgMiAwIDAgMCAwIDINCg0KMEUwMTA0NTQ2MTYyNzMwRTAwMDAwMA0KLTkgMiAwIDAgMCAwIDQNCg0KMEUwMA0KLTkgMCAwIDAgMCAwIDcNCjEgMSAwIDggMyAwDQoxQjA0MzAwNDNEMDQ0NjA0NEUwNDMzMDQyMDAwMzAwNDQxMDQzRTA0NDYwNDU2MDQzMDA0NDYwNDU2MDQzOTA0MjAwMDM3MDQyMDAwNDIwNDM4MDQzQzA0NDcwNDMwMDQ0MTA0M0UwNDMyMDQzODA0M0MwNDM4MDQyMDAwMzcwNDMyMDQyNzAwNEYwNDM3MDQzQTA0MzAwNDNDMDQzODA0MkUwMA0K</FormattedText>
						</VariantText>
						<VariantText CorrectAnswer="False">
							<PlainText>Диференціювання окремих властивостей предметів і явищ.</PlainText>
							<FormattedText>LTggMSAzIDINCi05IDEgMCAwIDAgMCAxMw0KOTYNCi05IDIgMCAwIDAgMCAxDQoNCjBFMDEwOTUzNzQ3OTZDNjU0RTYxNkQ2NTA2MEI0RTZGNzI2RDYxNkMyMDc0NjU3ODc0MEE1MzY5N0E2NTQ0NkY3NTYyNkM2NTAyMUMwODQ2NkY2RTc0NEU2MTZENjUwNjBGNTQ2OTZENjU3MzIwNEU2NTc3MjA1MjZGNkQ2MTZFMDc1NTZFNjk2MzZGNjQ2NTA5MDQ1MzY5N0E2NTAyMEUwMDAxMDg1Mzc0NjE2RTY0NjE3MjY0MDgwNzQzNjg2MTcyNzM2NTc0MDcwRjUyNTU1MzUzNDk0MTRFNUY0MzQ4NDE1MjUzNDU1NDBBNTM2OTdBNjU0NDZGNzU2MjZDNjUwMjFDMDg0NjZGNkU3NDRFNjE2RDY1MDYwRjU0Njk2RDY1NzMyMDRFNjU3NzIwNTI2RjZENjE2RTA3NTU2RTY5NjM2RjY0NjUwOTA0NTM2OTdBNjUwMjBFMDAwMA0KLTkgMiAwIDAgMCAwIDINCg0KMEUwMTA0NTQ2MTYyNzMwRTAwMDAwMA0KLTkgMiAwIDAgMCAwIDQNCg0KMEUwMA0KLTkgMCAwIDAgMCAwIDcNCjEgMSAwIDggMyAwDQoxNDA0MzgwNDQ0MDQzNTA0NDAwNDM1MDQzRDA0NDYwNDU2MDQ0RTA0MzIwNDMwMDQzRDA0M0QwNDRGMDQyMDAwM0UwNDNBMDQ0MDA0MzUwNDNDMDQzODA0NDUwNDIwMDAzMjA0M0IwNDMwMDQ0MTA0NDIwNDM4MDQzMjA0M0UwNDQxMDQ0MjA0MzUwNDM5MDQyMDAwM0YwNDQwMDQzNTA0MzQwNDNDMDQzNTA0NDIwNDU2MDQzMjA0MjAwMDU2MDQyMDAwNEYwNDMyMDQzODA0NDkwNDJFMDANCg==</FormattedText>
						</VariantText>
						<VariantText CorrectAnswer="False">
							<PlainText>Аналіз і синтез комплексних подразників.</PlainText>
							<FormattedText>LTggMSAzIDINCi05IDEgMCAwIDAgMCAxMw0KOTYNCi05IDIgMCAwIDAgMCAxDQoNCjBFMDEwOTUzNzQ3OTZDNjU0RTYxNkQ2NTA2MEI0RTZGNzI2RDYxNkMyMDc0NjU3ODc0MEE1MzY5N0E2NTQ0NkY3NTYyNkM2NTAyMUMwODQ2NkY2RTc0NEU2MTZENjUwNjBGNTQ2OTZENjU3MzIwNEU2NTc3MjA1MjZGNkQ2MTZFMDc1NTZFNjk2MzZGNjQ2NTA5MDQ1MzY5N0E2NTAyMEUwMDAxMDg1Mzc0NjE2RTY0NjE3MjY0MDgwNzQzNjg2MTcyNzM2NTc0MDcwRjUyNTU1MzUzNDk0MTRFNUY0MzQ4NDE1MjUzNDU1NDBBNTM2OTdBNjU0NDZGNzU2MjZDNjUwMjFDMDg0NjZGNkU3NDRFNjE2RDY1MDYwRjU0Njk2RDY1NzMyMDRFNjU3NzIwNTI2RjZENjE2RTA3NTU2RTY5NjM2RjY0NjUwOTA0NTM2OTdBNjUwMjBFMDAwMA0KLTkgMiAwIDAgMCAwIDINCg0KMEUwMTA0NTQ2MTYyNzMwRTAwMDAwMA0KLTkgMiAwIDAgMCAwIDQNCg0KMEUwMA0KLTkgMCAwIDAgMCAwIDcNCjEgMSAwIDggMyAwDQoxMDA0M0QwNDMwMDQzQjA0NTYwNDM3MDQyMDAwNTYwNDIwMDA0MTA0MzgwNDNEMDQ0MjA0MzUwNDM3MDQyMDAwM0EwNDNFMDQzQzA0M0YwNDNCMDQzNTA0M0EwNDQxMDQzRDA0MzgwNDQ1MDQyMDAwM0YwNDNFMDQzNDA0NDAwNDMwMDQzNzA0M0QwNDM4MDQzQTA0NTYwNDMyMDQyRTAwDQo=</FormattedText>
						</VariantText>
						<VariantText CorrectAnswer="False">
							<PlainText>Сприйняття сукупності властивостей предметів і явищ.</PlainText>
							<FormattedText>LTggMSAzIDINCi05IDEgMCAwIDAgMCAxMw0KOTYNCi05IDIgMCAwIDAgMCAxDQoNCjBFMDEwOTUzNzQ3OTZDNjU0RTYxNkQ2NTA2MEI0RTZGNzI2RDYxNkMyMDc0NjU3ODc0MEE1MzY5N0E2NTQ0NkY3NTYyNkM2NTAyMUMwODQ2NkY2RTc0NEU2MTZENjUwNjBGNTQ2OTZENjU3MzIwNEU2NTc3MjA1MjZGNkQ2MTZFMDc1NTZFNjk2MzZGNjQ2NTA5MDQ1MzY5N0E2NTAyMEUwMDAxMDg1Mzc0NjE2RTY0NjE3MjY0MDgwNzQzNjg2MTcyNzM2NTc0MDcwRjUyNTU1MzUzNDk0MTRFNUY0MzQ4NDE1MjUzNDU1NDBBNTM2OTdBNjU0NDZGNzU2MjZDNjUwMjFDMDg0NjZGNkU3NDRFNjE2RDY1MDYwRjU0Njk2RDY1NzMyMDRFNjU3NzIwNTI2RjZENjE2RTA3NTU2RTY5NjM2RjY0NjUwOTA0NTM2OTdBNjUwMjBFMDAwMA0KLTkgMiAwIDAgMCAwIDINCg0KMEUwMTA0NTQ2MTYyNzMwRTAwMDAwMA0KLTkgMiAwIDAgMCAwIDQNCg0KMEUwMA0KLTkgMCAwIDAgMCAwIDcNCjEgMSAwIDggMyAwDQoyMTA0M0YwNDQwMDQzODA0MzkwNDNEMDQ0RjA0NDIwNDQyMDQ0RjA0MjAwMDQxMDQ0MzA0M0EwNDQzMDQzRjA0M0QwNDNFMDQ0MTA0NDIwNDU2MDQyMDAwMzIwNDNCMDQzMDA0NDEwNDQyMDQzODA0MzIwNDNFMDQ0MTA0NDIwNDM1MDQzOTA0MjAwMDNGMDQ0MDA0MzUwNDM0MDQzQzA0MzUwNDQyMDQ1NjA0MzIwNDIwMDA1NjA0MjAwMDRGMDQzMjA0MzgwNDQ5MDQyRTAwDQo=</FormattedText>
						</VariantText>
						<VariantText CorrectAnswer="False">
							<PlainText>Відчуття окремих властивостей предметів і явищ.</PlainText>
							<FormattedText>LTggMSAzIDINCi05IDEgMCAwIDAgMCAxMw0KOTYNCi05IDIgMCAwIDAgMCAxDQoNCjBFMDEwOTUzNzQ3OTZDNjU0RTYxNkQ2NTA2MEI0RTZGNzI2RDYxNkMyMDc0NjU3ODc0MEE1MzY5N0E2NTQ0NkY3NTYyNkM2NTAyMUMwODQ2NkY2RTc0NEU2MTZENjUwNjBGNTQ2OTZENjU3MzIwNEU2NTc3MjA1MjZGNkQ2MTZFMDc1NTZFNjk2MzZGNjQ2NTA5MDQ1MzY5N0E2NTAyMEUwMDAxMDg1Mzc0NjE2RTY0NjE3MjY0MDgwNzQzNjg2MTcyNzM2NTc0MDcwRjUyNTU1MzUzNDk0MTRFNUY0MzQ4NDE1MjUzNDU1NDBBNTM2OTdBNjU0NDZGNzU2MjZDNjUwMjFDMDg0NjZGNkU3NDRFNjE2RDY1MDYwRjU0Njk2RDY1NzMyMDRFNjU3NzIwNTI2RjZENjE2RTA3NTU2RTY5NjM2RjY0NjUwOTA0NTM2OTdBNjUwMjBFMDAwMA0KLTkgMiAwIDAgMCAwIDINCg0KMEUwMTA0NTQ2MTYyNzMwRTAwMDAwMA0KLTkgMiAwIDAgMCAwIDQNCg0KMEUwMA0KLTkgMCAwIDAgMCAwIDcNCjEgMSAwIDggMyAwDQoxMjA0NTYwNDM0MDQ0NzA0NDMwNDQyMDQ0MjA0NEYwNDIwMDAzRTA0M0EwNDQwMDQzNTA0M0MwNDM4MDQ0NTA0MjAwMDMyMDQzQjA0MzAwNDQxMDQ0MjA0MzgwNDMyMDQzRTA0NDEwNDQyMDQzNTA0MzkwNDIwMDAzRjA0NDAwNDM1MDQzNDA0M0MwNDM1MDQ0MjA0NTYwNDMyMDQyMDAwNTYwNDIwMDA0RjA0MzIwNDM4MDQ0OTA0MkUwMA0K</FormattedText>
						</VariantText>
					</Variants>
				</Task>
				<!-- ***** -->
				<Task Type="TYPE_TASK_CHOICE_SINGLE" Score="1">
					<Title/>
					<QuestionText>
						<PlainText>З пошкодженням якої ділянки кори великих півкуль головного мозку пов&apos;язане порушення здатності говорити (моторна афазія)?</PlainText>
						<FormattedText>LTggMSAzIDINCi05IDEgMCAwIDAgMCAxMw0KOTYNCi05IDIgMCAwIDAgMCAxDQoNCjBFMDEwOTUzNzQ3OTZDNjU0RTYxNkQ2NTA2MEI0RTZGNzI2RDYxNkMyMDc0NjU3ODc0MEE1MzY5N0E2NTQ0NkY3NTYyNkM2NTAyMUMwODQ2NkY2RTc0NEU2MTZENjUwNjBGNTQ2OTZENjU3MzIwNEU2NTc3MjA1MjZGNkQ2MTZFMDc1NTZFNjk2MzZGNjQ2NTA5MDQ1MzY5N0E2NTAyMEUwMDAxMDg1Mzc0NjE2RTY0NjE3MjY0MDgwNzQzNjg2MTcyNzM2NTc0MDcwRjUyNTU1MzUzNDk0MTRFNUY0MzQ4NDE1MjUzNDU1NDBBNTM2OTdBNjU0NDZGNzU2MjZDNjUwMjFDMDg0NjZGNkU3NDRFNjE2RDY1MDYwRjU0Njk2RDY1NzMyMDRFNjU3NzIwNTI2RjZENjE2RTA3NTU2RTY5NjM2RjY0NjUwOTA0NTM2OTdBNjUwMjBFMDAwMA0KLTkgMiAwIDAgMCAwIDINCg0KMEUwMTA0NTQ2MTYyNzMwRTAwMDAwMTA4NTM3NDYxNkU2NDYxNzI2NDA4MDk0MTZDNjk2NzZFNkQ2NTZFNzQwNzBBNzI3NjYxNEE3NTczNzQ2OTY2NzkwNDU0NjE2MjczMEUwMDAwMDANCi05IDIgMCAwIDAgMCA0DQoNCjBFMDANCi05IDAgMCAwIDAgMCA3DQoxIDIgMSA4IDMgMA0KMTcwNDIwMDAzRjA0M0UwNDQ4MDQzQTA0M0UwNDM0MDQzNjA0MzUwNDNEMDQzRDA0NEYwNDNDMDQyMDAwNEYwNDNBMDQzRTA0NTcwNDIwMDAzNDA0NTYwNDNCMDQ0RjA0M0QwNDNBMDQzODA0MjAwMDNBMDQzRTA0NDAwNDM4MDQyMDAwMzIwNDM1MDQzQjA0MzgwNDNBMDQzODA0NDUwNDIwMDAzRjA0NTYwNDMyMDQzQTA0NDMwNDNCMDQ0QzA0MjAwMDMzMDQzRTA0M0IwNDNFMDQzMjA0M0QwNDNFMDQzMzA0M0UwNDIwMDAzQzA0M0UwNDM3MDQzQTA0NDMwNDIwMDAzRjA0M0UwNDMyMDQyNzAwNEYwNDM3MDQzMDA0M0QwNDM1MDQyMDAwM0YwNDNFMDQ0MDA0NDMwNDQ4MDQzNTA0M0QwNDNEMDQ0RjA0MjAwMDM3MDQzNDA0MzAwNDQyMDQzRDA0M0UwNDQxMDQ0MjA0NTYwNDIwMDAzMzA0M0UwNDMyMDQzRTA0NDAwNDM4MDQ0MjA0MzgwNDIwMDAyODAwM0MwNDNFMDQ0MjA0M0UwNDQwMDQzRDA0MzAwNDIwMDAzMDA0NDQwNDMwMDQzNzA0NTYwNDRGMDQyOTAwM0YwMA0KDQo=</FormattedText>
					</QuestionText>
					<Options>
						<IsAllowRandom>true</IsAllowRandom>
						<IsCompulsory>false</IsCompulsory>
						<IsOnlyForEduMode>false</IsOnlyForEduMode>
						<IsDenyPartially>false</IsDenyPartially>
					</Options>
					<Variants>
						<VariantText CorrectAnswer="False">
							<PlainText>Верхньої лобової звивини.</PlainText>
							<FormattedText>LTggMSAzIDINCi05IDEgMCAwIDAgMCAxMw0KOTYNCi05IDIgMCAwIDAgMCAxDQoNCjBFMDEwOTUzNzQ3OTZDNjU0RTYxNkQ2NTA2MEI0RTZGNzI2RDYxNkMyMDc0NjU3ODc0MEE1MzY5N0E2NTQ0NkY3NTYyNkM2NTAyMUMwODQ2NkY2RTc0NEU2MTZENjUwNjBGNTQ2OTZENjU3MzIwNEU2NTc3MjA1MjZGNkQ2MTZFMDc1NTZFNjk2MzZGNjQ2NTA5MDQ1MzY5N0E2NTAyMEUwMDAxMDg1Mzc0NjE2RTY0NjE3MjY0MDgwNzQzNjg2MTcyNzM2NTc0MDcwRjUyNTU1MzUzNDk0MTRFNUY0MzQ4NDE1MjUzNDU1NDBBNTM2OTdBNjU0NDZGNzU2MjZDNjUwMjFDMDg0NjZGNkU3NDRFNjE2RDY1MDYwRjU0Njk2RDY1NzMyMDRFNjU3NzIwNTI2RjZENjE2RTA3NTU2RTY5NjM2RjY0NjUwOTA0NTM2OTdBNjUwMjBFMDAwMA0KLTkgMiAwIDAgMCAwIDINCg0KMEUwMTA0NTQ2MTYyNzMwRTAwMDAwMA0KLTkgMiAwIDAgMCAwIDQNCg0KMEUwMA0KLTkgMCAwIDAgMCAwIDcNCjEgMSAwIDggMyAwDQoxMjA0MzUwNDQwMDQ0NTA0M0QwNDRDMDQzRTA0NTcwNDIwMDAzQjA0M0UwNDMxMDQzRTA0MzIwNDNFMDQ1NzA0MjAwMDM3MDQzMjA0MzgwNDMyMDQzODA0M0QwNDM4MDQyRTAwDQo=</FormattedText>
						</VariantText>
						<VariantText CorrectAnswer="False">
							<PlainText>Нижньої скроневої звивини.</PlainText>
							<FormattedText>LTggMSAzIDINCi05IDEgMCAwIDAgMCAxMw0KOTYNCi05IDIgMCAwIDAgMCAxDQoNCjBFMDEwOTUzNzQ3OTZDNjU0RTYxNkQ2NTA2MEI0RTZGNzI2RDYxNkMyMDc0NjU3ODc0MEE1MzY5N0E2NTQ0NkY3NTYyNkM2NTAyMUMwODQ2NkY2RTc0NEU2MTZENjUwNjBGNTQ2OTZENjU3MzIwNEU2NTc3MjA1MjZGNkQ2MTZFMDc1NTZFNjk2MzZGNjQ2NTA5MDQ1MzY5N0E2NTAyMEUwMDAxMDg1Mzc0NjE2RTY0NjE3MjY0MDgwNzQzNjg2MTcyNzM2NTc0MDcwRjUyNTU1MzUzNDk0MTRFNUY0MzQ4NDE1MjUzNDU1NDBBNTM2OTdBNjU0NDZGNzU2MjZDNjUwMjFDMDg0NjZGNkU3NDRFNjE2RDY1MDYwRjU0Njk2RDY1NzMyMDRFNjU3NzIwNTI2RjZENjE2RTA3NTU2RTY5NjM2RjY0NjUwOTA0NTM2OTdBNjUwMjBFMDAwMA0KLTkgMiAwIDAgMCAwIDINCg0KMEUwMTA0NTQ2MTYyNzMwRTAwMDAwMA0KLTkgMiAwIDAgMCAwIDQNCg0KMEUwMA0KLTkgMCAwIDAgMCAwIDcNCjEgMSAwIDggMyAwDQoxRDA0MzgwNDM2MDQzRDA0NEMwNDNFMDQ1NzA0MjAwMDQxMDQzQTA0NDAwNDNFMDQzRDA0MzUwNDMyMDQzRTA0NTcwNDIwMDAzNzA0MzIwNDM4MDQzMjA0MzgwNDNEMDQzODA0MkUwMA0K</FormattedText>
						</VariantText>
						<VariantText CorrectAnswer="False">
							<PlainText>Верхньої скроневої звивини.</PlainText>
							<FormattedText>LTggMSAzIDINCi05IDEgMCAwIDAgMCAxMw0KOTYNCi05IDIgMCAwIDAgMCAxDQoNCjBFMDEwOTUzNzQ3OTZDNjU0RTYxNkQ2NTA2MEI0RTZGNzI2RDYxNkMyMDc0NjU3ODc0MEE1MzY5N0E2NTQ0NkY3NTYyNkM2NTAyMUMwODQ2NkY2RTc0NEU2MTZENjUwNjBGNTQ2OTZENjU3MzIwNEU2NTc3MjA1MjZGNkQ2MTZFMDc1NTZFNjk2MzZGNjQ2NTA5MDQ1MzY5N0E2NTAyMEUwMDAxMDg1Mzc0NjE2RTY0NjE3MjY0MDgwNzQzNjg2MTcyNzM2NTc0MDcwRjUyNTU1MzUzNDk0MTRFNUY0MzQ4NDE1MjUzNDU1NDBBNTM2OTdBNjU0NDZGNzU2MjZDNjUwMjFDMDg0NjZGNkU3NDRFNjE2RDY1MDYwRjU0Njk2RDY1NzMyMDRFNjU3NzIwNTI2RjZENjE2RTA3NTU2RTY5NjM2RjY0NjUwOTA0NTM2OTdBNjUwMjBFMDAwMA0KLTkgMiAwIDAgMCAwIDINCg0KMEUwMTA0NTQ2MTYyNzMwRTAwMDAwMA0KLTkgMiAwIDAgMCAwIDQNCg0KMEUwMA0KLTkgMCAwIDAgMCAwIDcNCjEgMSAwIDggMyAwDQoxMjA0MzUwNDQwMDQ0NTA0M0QwNDRDMDQzRTA0NTcwNDIwMDA0MTA0M0EwNDQwMDQzRTA0M0QwNDM1MDQzMjA0M0UwNDU3MDQyMDAwMzcwNDMyMDQzODA0MzIwNDM4MDQzRDA0MzgwNDJFMDANCg==</FormattedText>
						</VariantText>
						<VariantText CorrectAnswer="True">
							<PlainText>Нижньої лобової звивини.</PlainText>
							<FormattedText>LTggMSAzIDINCi05IDEgMCAwIDAgMCAxMw0KOTYNCi05IDIgMCAwIDAgMCAxDQoNCjBFMDEwOTUzNzQ3OTZDNjU0RTYxNkQ2NTA2MEI0RTZGNzI2RDYxNkMyMDc0NjU3ODc0MEE1MzY5N0E2NTQ0NkY3NTYyNkM2NTAyMUMwODQ2NkY2RTc0NEU2MTZENjUwNjBGNTQ2OTZENjU3MzIwNEU2NTc3MjA1MjZGNkQ2MTZFMDc1NTZFNjk2MzZGNjQ2NTA5MDQ1MzY5N0E2NTAyMEUwMDAxMDg1Mzc0NjE2RTY0NjE3MjY0MDgwNzQzNjg2MTcyNzM2NTc0MDcwRjUyNTU1MzUzNDk0MTRFNUY0MzQ4NDE1MjUzNDU1NDBBNTM2OTdBNjU0NDZGNzU2MjZDNjUwMjFDMDg0NjZGNkU3NDRFNjE2RDY1MDYwRjU0Njk2RDY1NzMyMDRFNjU3NzIwNTI2RjZENjE2RTA3NTU2RTY5NjM2RjY0NjUwOTA0NTM2OTdBNjUwMjBFMDAwMA0KLTkgMiAwIDAgMCAwIDINCg0KMEUwMTA0NTQ2MTYyNzMwRTAwMDAwMA0KLTkgMiAwIDAgMCAwIDQNCg0KMEUwMA0KLTkgMCAwIDAgMCAwIDcNCjEgMSAwIDggMyAwDQoyMDAwMUQwNDM4MDQzNjA0M0QwNDRDMDQzRTA0NTcwNDIwMDAzQjA0M0UwNDMxMDQzRTA0MzIwNDNFMDQ1NzA0MjAwMDM3MDQzMjA0MzgwNDMyMDQzODA0M0QwNDM4MDQyRTAwDQo=</FormattedText>
						</VariantText>
						<VariantText CorrectAnswer="False">
							<PlainText>Передньої центральної звивини.</PlainText>
							<FormattedText>LTggMSAzIDINCi05IDEgMCAwIDAgMCAxMw0KOTYNCi05IDIgMCAwIDAgMCAxDQoNCjBFMDEwOTUzNzQ3OTZDNjU0RTYxNkQ2NTA2MEI0RTZGNzI2RDYxNkMyMDc0NjU3ODc0MEE1MzY5N0E2NTQ0NkY3NTYyNkM2NTAyMUMwODQ2NkY2RTc0NEU2MTZENjUwNjBGNTQ2OTZENjU3MzIwNEU2NTc3MjA1MjZGNkQ2MTZFMDc1NTZFNjk2MzZGNjQ2NTA5MDQ1MzY5N0E2NTAyMEUwMDAxMDg1Mzc0NjE2RTY0NjE3MjY0MDgwNzQzNjg2MTcyNzM2NTc0MDcwRjUyNTU1MzUzNDk0MTRFNUY0MzQ4NDE1MjUzNDU1NDBBNTM2OTdBNjU0NDZGNzU2MjZDNjUwMjFDMDg0NjZGNkU3NDRFNjE2RDY1MDYwRjU0Njk2RDY1NzMyMDRFNjU3NzIwNTI2RjZENjE2RTA3NTU2RTY5NjM2RjY0NjUwOTA0NTM2OTdBNjUwMjBFMDAwMA0KLTkgMiAwIDAgMCAwIDINCg0KMEUwMTA0NTQ2MTYyNzMwRTAwMDAwMA0KLTkgMiAwIDAgMCAwIDQNCg0KMEUwMA0KLTkgMCAwIDAgMCAwIDcNCjEgMSAwIDggMyAwDQoxRjA0MzUwNDQwMDQzNTA0MzQwNDNEMDQ0QzA0M0UwNDU3MDQyMDAwNDYwNDM1MDQzRDA0NDIwNDQwMDQzMDA0M0IwNDRDMDQzRDA0M0UwNDU3MDQyMDAwMzcwNDMyMDQzODA0MzIwNDM4MDQzRDA0MzgwNDJFMDANCg==</FormattedText>
						</VariantText>
					</Variants>
				</Task>
				<!-- ***** -->
				<Task Type="TYPE_TASK_CHOICE_SINGLE" Score="1">
					<Title/>
					<QuestionText>
						<PlainText>Емоція уявляє собою реакцію:</PlainText>
						<FormattedText>LTggMSAzIDINCi05IDEgMCAwIDAgMCAxMw0KOTYNCi05IDIgMCAwIDAgMCAxDQoNCjBFMDEwOTUzNzQ3OTZDNjU0RTYxNkQ2NTA2MEI0RTZGNzI2RDYxNkMyMDc0NjU3ODc0MEE1MzY5N0E2NTQ0NkY3NTYyNkM2NTAyMUMwODQ2NkY2RTc0NEU2MTZENjUwNjBGNTQ2OTZENjU3MzIwNEU2NTc3MjA1MjZGNkQ2MTZFMDc1NTZFNjk2MzZGNjQ2NTA5MDQ1MzY5N0E2NTAyMEUwMDAxMDg1Mzc0NjE2RTY0NjE3MjY0MDgwNzQzNjg2MTcyNzM2NTc0MDcwRjUyNTU1MzUzNDk0MTRFNUY0MzQ4NDE1MjUzNDU1NDBBNTM2OTdBNjU0NDZGNzU2MjZDNjUwMjFDMDg0NjZGNkU3NDRFNjE2RDY1MDYwRjU0Njk2RDY1NzMyMDRFNjU3NzIwNTI2RjZENjE2RTA3NTU2RTY5NjM2RjY0NjUwOTA0NTM2OTdBNjUwMjBFMDAwMA0KLTkgMiAwIDAgMCAwIDINCg0KMEUwMTA0NTQ2MTYyNzMwRTAwMDAwMTA4NTM3NDYxNkU2NDYxNzI2NDA4MDk0MTZDNjk2NzZFNkQ2NTZFNzQwNzBBNzI3NjYxNEE3NTczNzQ2OTY2NzkwNDU0NjE2MjczMEUwMDAwMDANCi05IDIgMCAwIDAgMCA0DQoNCjBFMDANCi05IDAgMCAwIDAgMCA3DQoxIDIgMSA4IDMgMA0KMTUwNDNDMDQzRTA0NDYwNDU2MDQ0RjA0MjAwMDQzMDQ0RjA0MzIwNDNCMDQ0RjA0NTQwNDIwMDA0MTA0M0UwNDMxMDQzRTA0NEUwNDIwMDA0MDA0MzUwNDMwMDQzQTA0NDYwNDU2MDQ0RTA0M0EwMA0KDQo=</FormattedText>
					</QuestionText>
					<Options>
						<IsAllowRandom>true</IsAllowRandom>
						<IsCompulsory>false</IsCompulsory>
						<IsOnlyForEduMode>false</IsOnlyForEduMode>
						<IsDenyPartially>false</IsDenyPartially>
					</Options>
					<Variants>
						<VariantText CorrectAnswer="False">
							<PlainText>Тимчасового пригнічення «непотрібних» функції у критичних ситуаціях.</PlainText>
							<FormattedText>LTggMSAzIDINCi05IDEgMCAwIDAgMCAxMw0KOTYNCi05IDIgMCAwIDAgMCAxDQoNCjBFMDEwOTUzNzQ3OTZDNjU0RTYxNkQ2NTA2MEI0RTZGNzI2RDYxNkMyMDc0NjU3ODc0MEE1MzY5N0E2NTQ0NkY3NTYyNkM2NTAyMUMwODQ2NkY2RTc0NEU2MTZENjUwNjBGNTQ2OTZENjU3MzIwNEU2NTc3MjA1MjZGNkQ2MTZFMDc1NTZFNjk2MzZGNjQ2NTA5MDQ1MzY5N0E2NTAyMEUwMDAxMDg1Mzc0NjE2RTY0NjE3MjY0MDgwNzQzNjg2MTcyNzM2NTc0MDcwRjUyNTU1MzUzNDk0MTRFNUY0MzQ4NDE1MjUzNDU1NDBBNTM2OTdBNjU0NDZGNzU2MjZDNjUwMjFDMDg0NjZGNkU3NDRFNjE2RDY1MDYwRjU0Njk2RDY1NzMyMDRFNjU3NzIwNTI2RjZENjE2RTA3NTU2RTY5NjM2RjY0NjUwOTA0NTM2OTdBNjUwMjBFMDAwMA0KLTkgMiAwIDAgMCAwIDINCg0KMEUwMTA0NTQ2MTYyNzMwRTAwMDAwMA0KLTkgMiAwIDAgMCAwIDQNCg0KMEUwMA0KLTkgMCAwIDAgMCAwIDcNCjEgMSAwIDggMyAwDQoyMDAwMjIwNDM4MDQzQzA0NDcwNDMwMDQ0MTA0M0UwNDMyMDQzRTA0MzMwNDNFMDQyMDAwM0YwNDQwMDQzODA0MzMwNDNEMDQ1NjA0NDcwNDM1MDQzRDA0M0QwNDRGMDQyMDAwQUIwMDNEMDQzNTA0M0YwNDNFMDQ0MjA0NDAwNDU2MDQzMTA0M0QwNDM4MDQ0NTA0QkIwMDIwMDA0NDA0NDMwNDNEMDQzQTA0NDYwNDU2MDQ1NzA0MjAwMDQzMDQyMDAwM0EwNDQwMDQzODA0NDIwNDM4MDQ0NzA0M0QwNDM4MDQ0NTA0MjAwMDQxMDQzODA0NDIwNDQzMDQzMDA0NDYwNDU2MDQ0RjA0NDUwNDJFMDANCg==</FormattedText>
						</VariantText>
						<VariantText CorrectAnswer="False">
							<PlainText>Активації інтелектуальної діяльності людини.</PlainText>
							<FormattedText>LTggMSAzIDINCi05IDEgMCAwIDAgMCAxMw0KOTYNCi05IDIgMCAwIDAgMCAxDQoNCjBFMDEwOTUzNzQ3OTZDNjU0RTYxNkQ2NTA2MEI0RTZGNzI2RDYxNkMyMDc0NjU3ODc0MEE1MzY5N0E2NTQ0NkY3NTYyNkM2NTAyMUMwODQ2NkY2RTc0NEU2MTZENjUwNjBGNTQ2OTZENjU3MzIwNEU2NTc3MjA1MjZGNkQ2MTZFMDc1NTZFNjk2MzZGNjQ2NTA5MDQ1MzY5N0E2NTAyMEUwMDAxMDg1Mzc0NjE2RTY0NjE3MjY0MDgwNzQzNjg2MTcyNzM2NTc0MDcwRjUyNTU1MzUzNDk0MTRFNUY0MzQ4NDE1MjUzNDU1NDBBNTM2OTdBNjU0NDZGNzU2MjZDNjUwMjFDMDg0NjZGNkU3NDRFNjE2RDY1MDYwRjU0Njk2RDY1NzMyMDRFNjU3NzIwNTI2RjZENjE2RTA3NTU2RTY5NjM2RjY0NjUwOTA0NTM2OTdBNjUwMjBFMDAwMA0KLTkgMiAwIDAgMCAwIDINCg0KMEUwMTA0NTQ2MTYyNzMwRTAwMDAwMA0KLTkgMiAwIDAgMCAwIDQNCg0KMEUwMA0KLTkgMCAwIDAgMCAwIDcNCjEgMSAwIDggMyAwDQoxMDA0M0EwNDQyMDQzODA0MzIwNDMwMDQ0NjA0NTYwNDU3MDQyMDAwNTYwNDNEMDQ0MjA0MzUwNDNCMDQzNTA0M0EwNDQyMDQ0MzA0MzAwNDNCMDQ0QzA0M0QwNDNFMDQ1NzA0MjAwMDM0MDQ1NjA0NEYwNDNCMDQ0QzA0M0QwNDNFMDQ0MTA0NDIwNDU2MDQyMDAwM0IwNDRFMDQzNDA0MzgwNDNEMDQzODA0MkUwMA0K</FormattedText>
						</VariantText>
						<VariantText CorrectAnswer="True">
							<PlainText>Цілого організму на дію подразників із яскраво вираженим суб&apos;єктивним забарвленням.</PlainText>
							<FormattedText>LTggMSAzIDINCi05IDEgMCAwIDAgMCAxMw0KOTYNCi05IDIgMCAwIDAgMCAxDQoNCjBFMDEwOTUzNzQ3OTZDNjU0RTYxNkQ2NTA2MEI0RTZGNzI2RDYxNkMyMDc0NjU3ODc0MEE1MzY5N0E2NTQ0NkY3NTYyNkM2NTAyMUMwODQ2NkY2RTc0NEU2MTZENjUwNjBGNTQ2OTZENjU3MzIwNEU2NTc3MjA1MjZGNkQ2MTZFMDc1NTZFNjk2MzZGNjQ2NTA5MDQ1MzY5N0E2NTAyMEUwMDAxMDg1Mzc0NjE2RTY0NjE3MjY0MDgwNzQzNjg2MTcyNzM2NTc0MDcwRjUyNTU1MzUzNDk0MTRFNUY0MzQ4NDE1MjUzNDU1NDBBNTM2OTdBNjU0NDZGNzU2MjZDNjUwMjFDMDg0NjZGNkU3NDRFNjE2RDY1MDYwRjU0Njk2RDY1NzMyMDRFNjU3NzIwNTI2RjZENjE2RTA3NTU2RTY5NjM2RjY0NjUwOTA0NTM2OTdBNjUwMjBFMDAwMA0KLTkgMiAwIDAgMCAwIDINCg0KMEUwMTA0NTQ2MTYyNzMwRTAwMDAwMA0KLTkgMiAwIDAgMCAwIDQNCg0KMEUwMA0KLTkgMCAwIDAgMCAwIDcNCjEgMSAwIDggMyAwDQoyNjA0NTYwNDNCMDQzRTA0MzMwNDNFMDQyMDAwM0UwNDQwMDQzMzA0MzAwNDNEMDQ1NjA0MzcwNDNDMDQ0MzA0MjAwMDNEMDQzMDA0MjAwMDM0MDQ1NjA0NEUwNDIwMDAzRjA0M0UwNDM0MDQ0MDA0MzAwNDM3MDQzRDA0MzgwNDNBMDQ1NjA0MzIwNDIwMDA1NjA0MzcwNDIwMDA0RjA0NDEwNDNBMDQ0MDA0MzAwNDMyMDQzRTA0MjAwMDMyMDQzODA0NDAwNDMwMDQzNjA0MzUwNDNEMDQzODA0M0MwNDIwMDA0MTA0NDMwNDMxMDQyNzAwNTQwNDNBMDQ0MjA0MzgwNDMyMDQzRDA0MzgwNDNDMDQyMDAwMzcwNDMwMDQzMTA0MzAwNDQwMDQzMjA0M0IwNDM1MDQzRDA0M0QwNDRGMDQzQzA0MkUwMA0K</FormattedText>
						</VariantText>
						<VariantText CorrectAnswer="False">
							<PlainText>Активації рухових функції при дії значних подразників.</PlainText>
							<FormattedText>LTggMSAzIDINCi05IDEgMCAwIDAgMCAxMw0KOTYNCi05IDIgMCAwIDAgMCAxDQoNCjBFMDEwOTUzNzQ3OTZDNjU0RTYxNkQ2NTA2MEI0RTZGNzI2RDYxNkMyMDc0NjU3ODc0MEE1MzY5N0E2NTQ0NkY3NTYyNkM2NTAyMUMwODQ2NkY2RTc0NEU2MTZENjUwNjBGNTQ2OTZENjU3MzIwNEU2NTc3MjA1MjZGNkQ2MTZFMDc1NTZFNjk2MzZGNjQ2NTA5MDQ1MzY5N0E2NTAyMEUwMDAxMDg1Mzc0NjE2RTY0NjE3MjY0MDgwNzQzNjg2MTcyNzM2NTc0MDcwRjUyNTU1MzUzNDk0MTRFNUY0MzQ4NDE1MjUzNDU1NDBBNTM2OTdBNjU0NDZGNzU2MjZDNjUwMjFDMDg0NjZGNkU3NDRFNjE2RDY1MDYwRjU0Njk2RDY1NzMyMDRFNjU3NzIwNTI2RjZENjE2RTA3NTU2RTY5NjM2RjY0NjUwOTA0NTM2OTdBNjUwMjBFMDAwMA0KLTkgMiAwIDAgMCAwIDINCg0KMEUwMTA0NTQ2MTYyNzMwRTAwMDAwMA0KLTkgMiAwIDAgMCAwIDQNCg0KMEUwMA0KLTkgMCAwIDAgMCAwIDcNCjEgMSAwIDggMyAwDQoxMDA0M0EwNDQyMDQzODA0MzIwNDMwMDQ0NjA0NTYwNDU3MDQyMDAwNDAwNDQzMDQ0NTA0M0UwNDMyMDQzODA0NDUwNDIwMDA0NDA0NDMwNDNEMDQzQTA0NDYwNDU2MDQ1NzA0MjAwMDNGMDQ0MDA0MzgwNDIwMDAzNDA0NTYwNDU3MDQyMDAwMzcwNDNEMDQzMDA0NDcwNDNEMDQzODA0NDUwNDIwMDAzRjA0M0UwNDM0MDQ0MDA0MzAwNDM3MDQzRDA0MzgwNDNBMDQ1NjA0MzIwNDJFMDANCg==</FormattedText>
						</VariantText>
						<VariantText CorrectAnswer="False">
							<PlainText>Активації ендокринно-автономних функції у загрозливій ситуації.</PlainText>
							<FormattedText>LTggMSAzIDINCi05IDEgMCAwIDAgMCAxMw0KOTYNCi05IDIgMCAwIDAgMCAxDQoNCjBFMDEwOTUzNzQ3OTZDNjU0RTYxNkQ2NTA2MEI0RTZGNzI2RDYxNkMyMDc0NjU3ODc0MEE1MzY5N0E2NTQ0NkY3NTYyNkM2NTAyMUMwODQ2NkY2RTc0NEU2MTZENjUwNjBGNTQ2OTZENjU3MzIwNEU2NTc3MjA1MjZGNkQ2MTZFMDc1NTZFNjk2MzZGNjQ2NTA5MDQ1MzY5N0E2NTAyMEUwMDAxMDg1Mzc0NjE2RTY0NjE3MjY0MDgwNzQzNjg2MTcyNzM2NTc0MDcwRjUyNTU1MzUzNDk0MTRFNUY0MzQ4NDE1MjUzNDU1NDBBNTM2OTdBNjU0NDZGNzU2MjZDNjUwMjFDMDg0NjZGNkU3NDRFNjE2RDY1MDYwRjU0Njk2RDY1NzMyMDRFNjU3NzIwNTI2RjZENjE2RTA3NTU2RTY5NjM2RjY0NjUwOTA0NTM2OTdBNjUwMjBFMDAwMA0KLTkgMiAwIDAgMCAwIDINCg0KMEUwMTA0NTQ2MTYyNzMwRTAwMDAwMA0KLTkgMiAwIDAgMCAwIDQNCg0KMEUwMA0KLTkgMCAwIDAgMCAwIDcNCjEgMSAwIDggMyAwDQoxMDA0M0EwNDQyMDQzODA0MzIwNDMwMDQ0NjA0NTYwNDU3MDQyMDAwMzUwNDNEMDQzNDA0M0UwNDNBMDQ0MDA0MzgwNDNEMDQzRDA0M0UwNDJEMDAzMDA0MzIwNDQyMDQzRTA0M0QwNDNFMDQzQzA0M0QwNDM4MDQ0NTA0MjAwMDQ0MDQ0MzA0M0QwNDNBMDQ0NjA0NTYwNDU3MDQyMDAwNDMwNDIwMDAzNzA0MzAwNDMzMDQ0MDA0M0UwNDM3MDQzQjA0MzgwNDMyMDQ1NjA0MzkwNDIwMDA0MTA0MzgwNDQyMDQ0MzA0MzAwNDQ2MDQ1NjA0NTcwNDJFMDANCg==</FormattedText>
						</VariantText>
					</Variants>
				</Task>
				<!-- ***** -->
				<Task Type="TYPE_TASK_CHOICE_SINGLE" Score="1">
					<Title/>
					<QuestionText>
						<PlainText>У залежності від чого знаходиться ступінь емоційної напруги?</PlainText>
						<FormattedText>LTggMSAzIDINCi05IDEgMCAwIDAgMCAxMw0KOTYNCi05IDIgMCAwIDAgMCAxDQoNCjBFMDEwOTUzNzQ3OTZDNjU0RTYxNkQ2NTA2MEI0RTZGNzI2RDYxNkMyMDc0NjU3ODc0MEE1MzY5N0E2NTQ0NkY3NTYyNkM2NTAyMUMwODQ2NkY2RTc0NEU2MTZENjUwNjBGNTQ2OTZENjU3MzIwNEU2NTc3MjA1MjZGNkQ2MTZFMDc1NTZFNjk2MzZGNjQ2NTA5MDQ1MzY5N0E2NTAyMEUwMDAxMDg1Mzc0NjE2RTY0NjE3MjY0MDgwNzQzNjg2MTcyNzM2NTc0MDcwRjUyNTU1MzUzNDk0MTRFNUY0MzQ4NDE1MjUzNDU1NDBBNTM2OTdBNjU0NDZGNzU2MjZDNjUwMjFDMDg0NjZGNkU3NDRFNjE2RDY1MDYwRjU0Njk2RDY1NzMyMDRFNjU3NzIwNTI2RjZENjE2RTA3NTU2RTY5NjM2RjY0NjUwOTA0NTM2OTdBNjUwMjBFMDAwMA0KLTkgMiAwIDAgMCAwIDINCg0KMEUwMTA0NTQ2MTYyNzMwRTAwMDAwMTA4NTM3NDYxNkU2NDYxNzI2NDA4MDk0MTZDNjk2NzZFNkQ2NTZFNzQwNzBBNzI3NjYxNEE3NTczNzQ2OTY2NzkwNDU0NjE2MjczMEUwMDAwMDANCi05IDIgMCAwIDAgMCA0DQoNCjBFMDANCi05IDAgMCAwIDAgMCA3DQoxIDIgMSA4IDMgMA0KMjMwNDIwMDAzNzA0MzAwNDNCMDQzNTA0MzYwNDNEMDQzRTA0NDEwNDQyMDQ1NjA0MjAwMDMyMDQ1NjA0MzQwNDIwMDA0NzA0M0UwNDMzMDQzRTA0MjAwMDM3MDQzRDA0MzAwNDQ1MDQzRTA0MzQwNDM4MDQ0MjA0NEMwNDQxMDQ0RjA0MjAwMDQxMDQ0MjA0NDMwNDNGMDQ1NjA0M0QwNDRDMDQyMDAwMzUwNDNDMDQzRTA0NDYwNDU2MDQzOTA0M0QwNDNFMDQ1NzA0MjAwMDNEMDQzMDA0M0YwNDQwMDQ0MzA0MzMwNDM4MDQzRjAwDQoNCg==</FormattedText>
					</QuestionText>
					<Options>
						<IsAllowRandom>true</IsAllowRandom>
						<IsCompulsory>false</IsCompulsory>
						<IsOnlyForEduMode>false</IsOnlyForEduMode>
						<IsDenyPartially>false</IsDenyPartially>
					</Options>
					<Variants>
						<VariantText CorrectAnswer="False">
							<PlainText>У прямій залежності від виразності загрози.</PlainText>
							<FormattedText>LTggMSAzIDINCi05IDEgMCAwIDAgMCAxMw0KOTYNCi05IDIgMCAwIDAgMCAxDQoNCjBFMDEwOTUzNzQ3OTZDNjU0RTYxNkQ2NTA2MEI0RTZGNzI2RDYxNkMyMDc0NjU3ODc0MEE1MzY5N0E2NTQ0NkY3NTYyNkM2NTAyMUMwODQ2NkY2RTc0NEU2MTZENjUwNjBGNTQ2OTZENjU3MzIwNEU2NTc3MjA1MjZGNkQ2MTZFMDc1NTZFNjk2MzZGNjQ2NTA5MDQ1MzY5N0E2NTAyMEUwMDAxMDg1Mzc0NjE2RTY0NjE3MjY0MDgwNzQzNjg2MTcyNzM2NTc0MDcwRjUyNTU1MzUzNDk0MTRFNUY0MzQ4NDE1MjUzNDU1NDBBNTM2OTdBNjU0NDZGNzU2MjZDNjUwMjFDMDg0NjZGNkU3NDRFNjE2RDY1MDYwRjU0Njk2RDY1NzMyMDRFNjU3NzIwNTI2RjZENjE2RTA3NTU2RTY5NjM2RjY0NjUwOTA0NTM2OTdBNjUwMjBFMDAwMA0KLTkgMiAwIDAgMCAwIDINCg0KMEUwMTA0NTQ2MTYyNzMwRTAwMDAwMA0KLTkgMiAwIDAgMCAwIDQNCg0KMEUwMA0KLTkgMCAwIDAgMCAwIDcNCjEgMSAwIDggMyAwDQoyMzA0MjAwMDNGMDQ0MDA0NEYwNDNDMDQ1NjA0MzkwNDIwMDAzNzA0MzAwNDNCMDQzNTA0MzYwNDNEMDQzRTA0NDEwNDQyMDQ1NjA0MjAwMDMyMDQ1NjA0MzQwNDIwMDAzMjA0MzgwNDQwMDQzMDA0MzcwNDNEMDQzRTA0NDEwNDQyMDQ1NjA0MjAwMDM3MDQzMDA0MzMwNDQwMDQzRTA0MzcwNDM4MDQyRTAwDQo=</FormattedText>
						</VariantText>
						<VariantText CorrectAnswer="False">
							<PlainText>У зворотній залежності від обсягу наявної інформації.</PlainText>
							<FormattedText>LTggMSAzIDINCi05IDEgMCAwIDAgMCAxMw0KOTYNCi05IDIgMCAwIDAgMCAxDQoNCjBFMDEwOTUzNzQ3OTZDNjU0RTYxNkQ2NTA2MEI0RTZGNzI2RDYxNkMyMDc0NjU3ODc0MEE1MzY5N0E2NTQ0NkY3NTYyNkM2NTAyMUMwODQ2NkY2RTc0NEU2MTZENjUwNjBGNTQ2OTZENjU3MzIwNEU2NTc3MjA1MjZGNkQ2MTZFMDc1NTZFNjk2MzZGNjQ2NTA5MDQ1MzY5N0E2NTAyMEUwMDAxMDg1Mzc0NjE2RTY0NjE3MjY0MDgwNzQzNjg2MTcyNzM2NTc0MDcwRjUyNTU1MzUzNDk0MTRFNUY0MzQ4NDE1MjUzNDU1NDBBNTM2OTdBNjU0NDZGNzU2MjZDNjUwMjFDMDg0NjZGNkU3NDRFNjE2RDY1MDYwRjU0Njk2RDY1NzMyMDRFNjU3NzIwNTI2RjZENjE2RTA3NTU2RTY5NjM2RjY0NjUwOTA0NTM2OTdBNjUwMjBFMDAwMA0KLTkgMiAwIDAgMCAwIDINCg0KMEUwMTA0NTQ2MTYyNzMwRTAwMDAwMA0KLTkgMiAwIDAgMCAwIDQNCg0KMEUwMA0KLTkgMCAwIDAgMCAwIDcNCjEgMSAwIDggMyAwDQoyMzA0MjAwMDM3MDQzMjA0M0UwNDQwMDQzRTA0NDIwNDNEMDQ1NjA0MzkwNDIwMDAzNzA0MzAwNDNCMDQzNTA0MzYwNDNEMDQzRTA0NDEwNDQyMDQ1NjA0MjAwMDMyMDQ1NjA0MzQwNDIwMDAzRTA0MzEwNDQxMDQ0RjA0MzMwNDQzMDQyMDAwM0QwNDMwMDQ0RjA0MzIwNDNEMDQzRTA0NTcwNDIwMDA1NjA0M0QwNDQ0MDQzRTA0NDAwNDNDMDQzMDA0NDYwNDU2MDQ1NzA0MkUwMA0K</FormattedText>
						</VariantText>
						<VariantText CorrectAnswer="True">
							<PlainText>У залежності від усього перерахованого.</PlainText>
							<FormattedText>LTggMSAzIDINCi05IDEgMCAwIDAgMCAxMw0KOTYNCi05IDIgMCAwIDAgMCAxDQoNCjBFMDEwOTUzNzQ3OTZDNjU0RTYxNkQ2NTA2MEI0RTZGNzI2RDYxNkMyMDc0NjU3ODc0MEE1MzY5N0E2NTQ0NkY3NTYyNkM2NTAyMUMwODQ2NkY2RTc0NEU2MTZENjUwNjBGNTQ2OTZENjU3MzIwNEU2NTc3MjA1MjZGNkQ2MTZFMDc1NTZFNjk2MzZGNjQ2NTA5MDQ1MzY5N0E2NTAyMEUwMDAxMDg1Mzc0NjE2RTY0NjE3MjY0MDgwNzQzNjg2MTcyNzM2NTc0MDcwRjUyNTU1MzUzNDk0MTRFNUY0MzQ4NDE1MjUzNDU1NDBBNTM2OTdBNjU0NDZGNzU2MjZDNjUwMjFDMDg0NjZGNkU3NDRFNjE2RDY1MDYwRjU0Njk2RDY1NzMyMDRFNjU3NzIwNTI2RjZENjE2RTA3NTU2RTY5NjM2RjY0NjUwOTA0NTM2OTdBNjUwMjBFMDAwMA0KLTkgMiAwIDAgMCAwIDINCg0KMEUwMTA0NTQ2MTYyNzMwRTAwMDAwMA0KLTkgMiAwIDAgMCAwIDQNCg0KMEUwMA0KLTkgMCAwIDAgMCAwIDcNCjEgMSAwIDggMyAwDQoyMzA0MjAwMDM3MDQzMDA0M0IwNDM1MDQzNjA0M0QwNDNFMDQ0MTA0NDIwNDU2MDQyMDAwMzIwNDU2MDQzNDA0MjAwMDQzMDQ0MTA0NEMwNDNFMDQzMzA0M0UwNDIwMDAzRjA0MzUwNDQwMDQzNTA0NDAwNDMwMDQ0NTA0M0UwNDMyMDQzMDA0M0QwNDNFMDQzMzA0M0UwNDJFMDANCg==</FormattedText>
						</VariantText>
						<VariantText CorrectAnswer="False">
							<PlainText>У прямій залежності від дефіциту часу.</PlainText>
							<FormattedText>LTggMSAzIDINCi05IDEgMCAwIDAgMCAxMw0KOTYNCi05IDIgMCAwIDAgMCAxDQoNCjBFMDEwOTUzNzQ3OTZDNjU0RTYxNkQ2NTA2MEI0RTZGNzI2RDYxNkMyMDc0NjU3ODc0MEE1MzY5N0E2NTQ0NkY3NTYyNkM2NTAyMUMwODQ2NkY2RTc0NEU2MTZENjUwNjBGNTQ2OTZENjU3MzIwNEU2NTc3MjA1MjZGNkQ2MTZFMDc1NTZFNjk2MzZGNjQ2NTA5MDQ1MzY5N0E2NTAyMEUwMDAxMDg1Mzc0NjE2RTY0NjE3MjY0MDgwNzQzNjg2MTcyNzM2NTc0MDcwRjUyNTU1MzUzNDk0MTRFNUY0MzQ4NDE1MjUzNDU1NDBBNTM2OTdBNjU0NDZGNzU2MjZDNjUwMjFDMDg0NjZGNkU3NDRFNjE2RDY1MDYwRjU0Njk2RDY1NzMyMDRFNjU3NzIwNTI2RjZENjE2RTA3NTU2RTY5NjM2RjY0NjUwOTA0NTM2OTdBNjUwMjBFMDAwMA0KLTkgMiAwIDAgMCAwIDINCg0KMEUwMTA0NTQ2MTYyNzMwRTAwMDAwMA0KLTkgMiAwIDAgMCAwIDQNCg0KMEUwMA0KLTkgMCAwIDAgMCAwIDcNCjEgMSAwIDggMyAwDQoyMzA0MjAwMDNGMDQ0MDA0NEYwNDNDMDQ1NjA0MzkwNDIwMDAzNzA0MzAwNDNCMDQzNTA0MzYwNDNEMDQzRTA0NDEwNDQyMDQ1NjA0MjAwMDMyMDQ1NjA0MzQwNDIwMDAzNDA0MzUwNDQ0MDQ1NjA0NDYwNDM4MDQ0MjA0NDMwNDIwMDA0NzA0MzAwNDQxMDQ0MzA0MkUwMA0K</FormattedText>
						</VariantText>
						<VariantText CorrectAnswer="False">
							<PlainText>У зворотній залежності від індивідуального досвіду.</PlainText>
							<FormattedText>LTggMSAzIDINCi05IDEgMCAwIDAgMCAxMw0KOTYNCi05IDIgMCAwIDAgMCAxDQoNCjBFMDEwOTUzNzQ3OTZDNjU0RTYxNkQ2NTA2MEI0RTZGNzI2RDYxNkMyMDc0NjU3ODc0MEE1MzY5N0E2NTQ0NkY3NTYyNkM2NTAyMUMwODQ2NkY2RTc0NEU2MTZENjUwNjBGNTQ2OTZENjU3MzIwNEU2NTc3MjA1MjZGNkQ2MTZFMDc1NTZFNjk2MzZGNjQ2NTA5MDQ1MzY5N0E2NTAyMEUwMDAxMDg1Mzc0NjE2RTY0NjE3MjY0MDgwNzQzNjg2MTcyNzM2NTc0MDcwRjUyNTU1MzUzNDk0MTRFNUY0MzQ4NDE1MjUzNDU1NDBBNTM2OTdBNjU0NDZGNzU2MjZDNjUwMjFDMDg0NjZGNkU3NDRFNjE2RDY1MDYwRjU0Njk2RDY1NzMyMDRFNjU3NzIwNTI2RjZENjE2RTA3NTU2RTY5NjM2RjY0NjUwOTA0NTM2OTdBNjUwMjBFMDAwMA0KLTkgMiAwIDAgMCAwIDINCg0KMEUwMTA0NTQ2MTYyNzMwRTAwMDAwMA0KLTkgMiAwIDAgMCAwIDQNCg0KMEUwMA0KLTkgMCAwIDAgMCAwIDcNCjEgMSAwIDggMyAwDQoyMzA0MjAwMDM3MDQzMjA0M0UwNDQwMDQzRTA0NDIwNDNEMDQ1NjA0MzkwNDIwMDAzNzA0MzAwNDNCMDQzNTA0MzYwNDNEMDQzRTA0NDEwNDQyMDQ1NjA0MjAwMDMyMDQ1NjA0MzQwNDIwMDA1NjA0M0QwNDM0MDQzODA0MzIwNDU2MDQzNDA0NDMwNDMwMDQzQjA0NEMwNDNEMDQzRTA0MzMwNDNFMDQyMDAwMzQwNDNFMDQ0MTA0MzIwNDU2MDQzNDA0NDMwNDJFMDANCg==</FormattedText>
						</VariantText>
					</Variants>
				</Task>
				<!-- ***** -->
				<Task Type="TYPE_TASK_CHOICE_SINGLE" Score="1">
					<Title/>
					<QuestionText>
						<PlainText>Особливістю пам&apos;яті людини є здатність до:</PlainText>
						<FormattedText>LTggMSAzIDINCi05IDEgMCAwIDAgMCAxMw0KOTYNCi05IDIgMCAwIDAgMCAxDQoNCjBFMDEwOTUzNzQ3OTZDNjU0RTYxNkQ2NTA2MEI0RTZGNzI2RDYxNkMyMDc0NjU3ODc0MEE1MzY5N0E2NTQ0NkY3NTYyNkM2NTAyMUMwODQ2NkY2RTc0NEU2MTZENjUwNjBGNTQ2OTZENjU3MzIwNEU2NTc3MjA1MjZGNkQ2MTZFMDc1NTZFNjk2MzZGNjQ2NTA5MDQ1MzY5N0E2NTAyMEUwMDAxMDg1Mzc0NjE2RTY0NjE3MjY0MDgwNzQzNjg2MTcyNzM2NTc0MDcwRjUyNTU1MzUzNDk0MTRFNUY0MzQ4NDE1MjUzNDU1NDBBNTM2OTdBNjU0NDZGNzU2MjZDNjUwMjFDMDg0NjZGNkU3NDRFNjE2RDY1MDYwRjU0Njk2RDY1NzMyMDRFNjU3NzIwNTI2RjZENjE2RTA3NTU2RTY5NjM2RjY0NjUwOTA0NTM2OTdBNjUwMjBFMDAwMA0KLTkgMiAwIDAgMCAwIDINCg0KMEUwMTA0NTQ2MTYyNzMwRTAwMDAwMTA4NTM3NDYxNkU2NDYxNzI2NDA4MDk0MTZDNjk2NzZFNkQ2NTZFNzQwNzBBNzI3NjYxNEE3NTczNzQ2OTY2NzkwNDU0NjE2MjczMEUwMDAwMDANCi05IDIgMCAwIDAgMCA0DQoNCjBFMDANCi05IDAgMCAwIDAgMCA3DQoxIDIgMSA4IDMgMA0KMUUwNDQxMDQzRTA0MzEwNDNCMDQzODA0MzIwNDU2MDQ0MTA0NDIwNDRFMDQyMDAwM0YwNDMwMDQzQzA0MjcwMDRGMDQ0MjA0NTYwNDIwMDAzQjA0NEUwNDM0MDQzODA0M0QwNDM4MDQyMDAwNTQwNDIwMDAzNzA0MzQwNDMwMDQ0MjA0M0QwNDU2MDQ0MTA0NDIwNDRDMDQyMDAwMzQwNDNFMDQzQTAwDQoNCg==</FormattedText>
					</QuestionText>
					<Options>
						<IsAllowRandom>true</IsAllowRandom>
						<IsCompulsory>false</IsCompulsory>
						<IsOnlyForEduMode>false</IsOnlyForEduMode>
						<IsDenyPartially>false</IsDenyPartially>
					</Options>
					<Variants>
						<VariantText CorrectAnswer="True">
							<PlainText>Словесного формулюванні ідей та зберігання їх у абстрактній формі.</PlainText>
							<FormattedText>LTggMSAzIDINCi05IDEgMCAwIDAgMCAxMw0KOTYNCi05IDIgMCAwIDAgMCAxDQoNCjBFMDEwOTUzNzQ3OTZDNjU0RTYxNkQ2NTA2MEI0RTZGNzI2RDYxNkMyMDc0NjU3ODc0MEE1MzY5N0E2NTQ0NkY3NTYyNkM2NTAyMUMwODQ2NkY2RTc0NEU2MTZENjUwNjBGNTQ2OTZENjU3MzIwNEU2NTc3MjA1MjZGNkQ2MTZFMDc1NTZFNjk2MzZGNjQ2NTA5MDQ1MzY5N0E2NTAyMEUwMDAxMDg1Mzc0NjE2RTY0NjE3MjY0MDgwNzQzNjg2MTcyNzM2NTc0MDcwRjUyNTU1MzUzNDk0MTRFNUY0MzQ4NDE1MjUzNDU1NDBBNTM2OTdBNjU0NDZGNzU2MjZDNjUwMjFDMDg0NjZGNkU3NDRFNjE2RDY1MDYwRjU0Njk2RDY1NzMyMDRFNjU3NzIwNTI2RjZENjE2RTA3NTU2RTY5NjM2RjY0NjUwOTA0NTM2OTdBNjUwMjBFMDAwMA0KLTkgMiAwIDAgMCAwIDINCg0KMEUwMTA0NTQ2MTYyNzMwRTAwMDAwMA0KLTkgMiAwIDAgMCAwIDQNCg0KMEUwMA0KLTkgMCAwIDAgMCAwIDcNCjEgMSAwIDggMyAwDQoyMTA0M0IwNDNFMDQzMjA0MzUwNDQxMDQzRDA0M0UwNDMzMDQzRTA0MjAwMDQ0MDQzRTA0NDAwNDNDMDQ0MzA0M0IwNDRFMDQzMjA0MzAwNDNEMDQzRDA0NTYwNDIwMDA1NjA0MzQwNDM1MDQzOTA0MjAwMDQyMDQzMDA0MjAwMDM3MDQzMTA0MzUwNDQwMDQ1NjA0MzMwNDMwMDQzRDA0M0QwNDRGMDQyMDAwNTcwNDQ1MDQyMDAwNDMwNDIwMDAzMDA0MzEwNDQxMDQ0MjA0NDAwNDMwMDQzQTA0NDIwNDNEMDQ1NjA0MzkwNDIwMDA0NDA0M0UwNDQwMDQzQzA0NTYwNDJFMDANCg==</FormattedText>
						</VariantText>
						<VariantText CorrectAnswer="False">
							<PlainText>Забування інформації, яка втратила своє значення.</PlainText>
							<FormattedText>LTggMSAzIDINCi05IDEgMCAwIDAgMCAxMw0KOTYNCi05IDIgMCAwIDAgMCAxDQoNCjBFMDEwOTUzNzQ3OTZDNjU0RTYxNkQ2NTA2MEI0RTZGNzI2RDYxNkMyMDc0NjU3ODc0MEE1MzY5N0E2NTQ0NkY3NTYyNkM2NTAyMUMwODQ2NkY2RTc0NEU2MTZENjUwNjBGNTQ2OTZENjU3MzIwNEU2NTc3MjA1MjZGNkQ2MTZFMDc1NTZFNjk2MzZGNjQ2NTA5MDQ1MzY5N0E2NTAyMEUwMDAxMDg1Mzc0NjE2RTY0NjE3MjY0MDgwNzQzNjg2MTcyNzM2NTc0MDcwRjUyNTU1MzUzNDk0MTRFNUY0MzQ4NDE1MjUzNDU1NDBBNTM2OTdBNjU0NDZGNzU2MjZDNjUwMjFDMDg0NjZGNkU3NDRFNjE2RDY1MDYwRjU0Njk2RDY1NzMyMDRFNjU3NzIwNTI2RjZENjE2RTA3NTU2RTY5NjM2RjY0NjUwOTA0NTM2OTdBNjUwMjBFMDAwMA0KLTkgMiAwIDAgMCAwIDINCg0KMEUwMTA0NTQ2MTYyNzMwRTAwMDAwMA0KLTkgMiAwIDAgMCAwIDQNCg0KMEUwMA0KLTkgMCAwIDAgMCAwIDcNCjEgMSAwIDggMyAwDQoxNzA0MzAwNDMxMDQ0MzA0MzIwNDMwMDQzRDA0M0QwNDRGMDQyMDAwNTYwNDNEMDQ0NDA0M0UwNDQwMDQzQzA0MzAwNDQ2MDQ1NjA0NTcwNDJDMDAyMDAwNEYwNDNBMDQzMDA0MjAwMDMyMDQ0MjA0NDAwNDMwMDQ0MjA0MzgwNDNCMDQzMDA0MjAwMDQxMDQzMjA0M0UwNDU0MDQyMDAwMzcwNDNEMDQzMDA0NDcwNDM1MDQzRDA0M0QwNDRGMDQyRTAwDQo=</FormattedText>
						</VariantText>
						<VariantText CorrectAnswer="False">
							<PlainText>Використання короткочасної і довготривалої пам&apos;яті.</PlainText>
							<FormattedText>LTggMSAzIDINCi05IDEgMCAwIDAgMCAxMw0KOTYNCi05IDIgMCAwIDAgMCAxDQoNCjBFMDEwOTUzNzQ3OTZDNjU0RTYxNkQ2NTA2MEI0RTZGNzI2RDYxNkMyMDc0NjU3ODc0MEE1MzY5N0E2NTQ0NkY3NTYyNkM2NTAyMUMwODQ2NkY2RTc0NEU2MTZENjUwNjBGNTQ2OTZENjU3MzIwNEU2NTc3MjA1MjZGNkQ2MTZFMDc1NTZFNjk2MzZGNjQ2NTA5MDQ1MzY5N0E2NTAyMEUwMDAxMDg1Mzc0NjE2RTY0NjE3MjY0MDgwNzQzNjg2MTcyNzM2NTc0MDcwRjUyNTU1MzUzNDk0MTRFNUY0MzQ4NDE1MjUzNDU1NDBBNTM2OTdBNjU0NDZGNzU2MjZDNjUwMjFDMDg0NjZGNkU3NDRFNjE2RDY1MDYwRjU0Njk2RDY1NzMyMDRFNjU3NzIwNTI2RjZENjE2RTA3NTU2RTY5NjM2RjY0NjUwOTA0NTM2OTdBNjUwMjBFMDAwMA0KLTkgMiAwIDAgMCAwIDINCg0KMEUwMTA0NTQ2MTYyNzMwRTAwMDAwMA0KLTkgMiAwIDAgMCAwIDQNCg0KMEUwMA0KLTkgMCAwIDAgMCAwIDcNCjEgMSAwIDggMyAwDQoxMjA0MzgwNDNBMDQzRTA0NDAwNDM4MDQ0MTA0NDIwNDMwMDQzRDA0M0QwNDRGMDQyMDAwM0EwNDNFMDQ0MDA0M0UwNDQyMDQzQTA0M0UwNDQ3MDQzMDA0NDEwNDNEMDQzRTA0NTcwNDIwMDA1NjA0MjAwMDM0MDQzRTA0MzIwNDMzMDQzRTA0NDIwNDQwMDQzODA0MzIwNDMwMDQzQjA0M0UwNDU3MDQyMDAwM0YwNDMwMDQzQzA0MjcwMDRGMDQ0MjA0NTYwNDJFMDANCg==</FormattedText>
						</VariantText>
						<VariantText CorrectAnswer="False">
							<PlainText>Часткового збереження найбільш важливої інформації.</PlainText>
							<FormattedText>LTggMSAzIDINCi05IDEgMCAwIDAgMCAxMw0KOTYNCi05IDIgMCAwIDAgMCAxDQoNCjBFMDEwOTUzNzQ3OTZDNjU0RTYxNkQ2NTA2MEI0RTZGNzI2RDYxNkMyMDc0NjU3ODc0MEE1MzY5N0E2NTQ0NkY3NTYyNkM2NTAyMUMwODQ2NkY2RTc0NEU2MTZENjUwNjBGNTQ2OTZENjU3MzIwNEU2NTc3MjA1MjZGNkQ2MTZFMDc1NTZFNjk2MzZGNjQ2NTA5MDQ1MzY5N0E2NTAyMEUwMDAxMDg1Mzc0NjE2RTY0NjE3MjY0MDgwNzQzNjg2MTcyNzM2NTc0MDcwRjUyNTU1MzUzNDk0MTRFNUY0MzQ4NDE1MjUzNDU1NDBBNTM2OTdBNjU0NDZGNzU2MjZDNjUwMjFDMDg0NjZGNkU3NDRFNjE2RDY1MDYwRjU0Njk2RDY1NzMyMDRFNjU3NzIwNTI2RjZENjE2RTA3NTU2RTY5NjM2RjY0NjUwOTA0NTM2OTdBNjUwMjBFMDAwMA0KLTkgMiAwIDAgMCAwIDINCg0KMEUwMTA0NTQ2MTYyNzMwRTAwMDAwMA0KLTkgMiAwIDAgMCAwIDQNCg0KMEUwMA0KLTkgMCAwIDAgMCAwIDcNCjEgMSAwIDggMyAwDQoyNzA0MzAwNDQxMDQ0MjA0M0EwNDNFMDQzMjA0M0UwNDMzMDQzRTA0MjAwMDM3MDQzMTA0MzUwNDQwMDQzNTA0MzYwNDM1MDQzRDA0M0QwNDRGMDQyMDAwM0QwNDMwMDQzOTA0MzEwNDU2MDQzQjA0NEMwNDQ4MDQyMDAwMzIwNDMwMDQzNjA0M0IwNDM4MDQzMjA0M0UwNDU3MDQyMDAwNTYwNDNEMDQ0NDA0M0UwNDQwMDQzQzA0MzAwNDQ2MDQ1NjA0NTcwNDJFMDANCg==</FormattedText>
						</VariantText>
						<VariantText CorrectAnswer="False">
							<PlainText>Накопичення, зберігання і вилучення інформації.</PlainText>
							<FormattedText>LTggMSAzIDINCi05IDEgMCAwIDAgMCAxMw0KOTYNCi05IDIgMCAwIDAgMCAxDQoNCjBFMDEwOTUzNzQ3OTZDNjU0RTYxNkQ2NTA2MEI0RTZGNzI2RDYxNkMyMDc0NjU3ODc0MEE1MzY5N0E2NTQ0NkY3NTYyNkM2NTAyMUMwODQ2NkY2RTc0NEU2MTZENjUwNjBGNTQ2OTZENjU3MzIwNEU2NTc3MjA1MjZGNkQ2MTZFMDc1NTZFNjk2MzZGNjQ2NTA5MDQ1MzY5N0E2NTAyMEUwMDAxMDg1Mzc0NjE2RTY0NjE3MjY0MDgwNzQzNjg2MTcyNzM2NTc0MDcwRjUyNTU1MzUzNDk0MTRFNUY0MzQ4NDE1MjUzNDU1NDBBNTM2OTdBNjU0NDZGNzU2MjZDNjUwMjFDMDg0NjZGNkU3NDRFNjE2RDY1MDYwRjU0Njk2RDY1NzMyMDRFNjU3NzIwNTI2RjZENjE2RTA3NTU2RTY5NjM2RjY0NjUwOTA0NTM2OTdBNjUwMjBFMDAwMA0KLTkgMiAwIDAgMCAwIDINCg0KMEUwMTA0NTQ2MTYyNzMwRTAwMDAwMA0KLTkgMiAwIDAgMCAwIDQNCg0KMEUwMA0KLTkgMCAwIDAgMCAwIDcNCjEgMSAwIDggMyAwDQoxRDA0MzAwNDNBMDQzRTA0M0YwNDM4MDQ0NzA0MzUwNDNEMDQzRDA0NEYwNDJDMDAyMDAwMzcwNDMxMDQzNTA0NDAwNDU2MDQzMzA0MzAwNDNEMDQzRDA0NEYwNDIwMDA1NjA0MjAwMDMyMDQzODA0M0IwNDQzMDQ0NzA0MzUwNDNEMDQzRDA0NEYwNDIwMDA1NjA0M0QwNDQ0MDQzRTA0NDAwNDNDMDQzMDA0NDYwNDU2MDQ1NzA0MkUwMA0K</FormattedText>
						</VariantText>
					</Variants>
				</Task>
				<!-- ***** -->
				<Task Type="TYPE_TASK_CHOICE_SINGLE" Score="1">
					<Title/>
					<QuestionText>
						<PlainText>Тривалість первинної пам&apos;яті становить:</PlainText>
						<FormattedText>LTggMSAzIDINCi05IDEgMCAwIDAgMCAxMw0KOTYNCi05IDIgMCAwIDAgMCAxDQoNCjBFMDEwOTUzNzQ3OTZDNjU0RTYxNkQ2NTA2MEI0RTZGNzI2RDYxNkMyMDc0NjU3ODc0MEE1MzY5N0E2NTQ0NkY3NTYyNkM2NTAyMUMwODQ2NkY2RTc0NEU2MTZENjUwNjBGNTQ2OTZENjU3MzIwNEU2NTc3MjA1MjZGNkQ2MTZFMDc1NTZFNjk2MzZGNjQ2NTA5MDQ1MzY5N0E2NTAyMEUwMDAxMDg1Mzc0NjE2RTY0NjE3MjY0MDgwNzQzNjg2MTcyNzM2NTc0MDcwRjUyNTU1MzUzNDk0MTRFNUY0MzQ4NDE1MjUzNDU1NDBBNTM2OTdBNjU0NDZGNzU2MjZDNjUwMjFDMDg0NjZGNkU3NDRFNjE2RDY1MDYwRjU0Njk2RDY1NzMyMDRFNjU3NzIwNTI2RjZENjE2RTA3NTU2RTY5NjM2RjY0NjUwOTA0NTM2OTdBNjUwMjBFMDAwMA0KLTkgMiAwIDAgMCAwIDINCg0KMEUwMTA0NTQ2MTYyNzMwRTAwMDAwMTA4NTM3NDYxNkU2NDYxNzI2NDA4MDk0MTZDNjk2NzZFNkQ2NTZFNzQwNzBBNzI3NjYxNEE3NTczNzQ2OTY2NzkwNDU0NjE2MjczMEUwMDAwMDANCi05IDIgMCAwIDAgMCA0DQoNCjBFMDANCi05IDAgMCAwIDAgMCA3DQoxIDIgMSA4IDMgMA0KMjIwNDQwMDQzODA0MzIwNDMwMDQzQjA0NTYwNDQxMDQ0MjA0NEMwNDIwMDAzRjA0MzUwNDQwMDQzMjA0MzgwNDNEMDQzRDA0M0UwNDU3MDQyMDAwM0YwNDMwMDQzQzA0MjcwMDRGMDQ0MjA0NTYwNDIwMDA0MTA0NDIwNDMwMDQzRDA0M0UwNDMyMDQzODA0NDIwNDRDMDQzQTAwDQoNCg==</FormattedText>
					</QuestionText>
					<Options>
						<IsAllowRandom>true</IsAllowRandom>
						<IsCompulsory>false</IsCompulsory>
						<IsOnlyForEduMode>false</IsOnlyForEduMode>
						<IsDenyPartially>false</IsDenyPartially>
					</Options>
					<Variants>
						<VariantText CorrectAnswer="False">
							<PlainText>Частки секунди.</PlainText>
							<FormattedText>LTggMSAzIDINCi05IDEgMCAwIDAgMCAxMw0KOTYNCi05IDIgMCAwIDAgMCAxDQoNCjBFMDEwOTUzNzQ3OTZDNjU0RTYxNkQ2NTA2MEI0RTZGNzI2RDYxNkMyMDc0NjU3ODc0MEE1MzY5N0E2NTQ0NkY3NTYyNkM2NTAyMUMwODQ2NkY2RTc0NEU2MTZENjUwNjBGNTQ2OTZENjU3MzIwNEU2NTc3MjA1MjZGNkQ2MTZFMDc1NTZFNjk2MzZGNjQ2NTA5MDQ1MzY5N0E2NTAyMEUwMDAxMDg1Mzc0NjE2RTY0NjE3MjY0MDgwNzQzNjg2MTcyNzM2NTc0MDcwRjUyNTU1MzUzNDk0MTRFNUY0MzQ4NDE1MjUzNDU1NDBBNTM2OTdBNjU0NDZGNzU2MjZDNjUwMjFDMDg0NjZGNkU3NDRFNjE2RDY1MDYwRjU0Njk2RDY1NzMyMDRFNjU3NzIwNTI2RjZENjE2RTA3NTU2RTY5NjM2RjY0NjUwOTA0NTM2OTdBNjUwMjBFMDAwMA0KLTkgMiAwIDAgMCAwIDINCg0KMEUwMTA0NTQ2MTYyNzMwRTAwMDAwMA0KLTkgMiAwIDAgMCAwIDQNCg0KMEUwMA0KLTkgMCAwIDAgMCAwIDcNCjEgMSAwIDggMyAwDQoyNzA0MzAwNDQxMDQ0MjA0M0EwNDM4MDQyMDAwNDEwNDM1MDQzQTA0NDMwNDNEMDQzNDA0MzgwNDJFMDANCg==</FormattedText>
						</VariantText>
						<VariantText CorrectAnswer="False">
							<PlainText>Кілька хвилин.</PlainText>
							<FormattedText>LTggMSAzIDINCi05IDEgMCAwIDAgMCAxMw0KOTYNCi05IDIgMCAwIDAgMCAxDQoNCjBFMDEwOTUzNzQ3OTZDNjU0RTYxNkQ2NTA2MEI0RTZGNzI2RDYxNkMyMDc0NjU3ODc0MEE1MzY5N0E2NTQ0NkY3NTYyNkM2NTAyMUMwODQ2NkY2RTc0NEU2MTZENjUwNjBGNTQ2OTZENjU3MzIwNEU2NTc3MjA1MjZGNkQ2MTZFMDc1NTZFNjk2MzZGNjQ2NTA5MDQ1MzY5N0E2NTAyMEUwMDAxMDg1Mzc0NjE2RTY0NjE3MjY0MDgwNzQzNjg2MTcyNzM2NTc0MDcwRjUyNTU1MzUzNDk0MTRFNUY0MzQ4NDE1MjUzNDU1NDBBNTM2OTdBNjU0NDZGNzU2MjZDNjUwMjFDMDg0NjZGNkU3NDRFNjE2RDY1MDYwRjU0Njk2RDY1NzMyMDRFNjU3NzIwNTI2RjZENjE2RTA3NTU2RTY5NjM2RjY0NjUwOTA0NTM2OTdBNjUwMjBFMDAwMA0KLTkgMiAwIDAgMCAwIDINCg0KMEUwMTA0NTQ2MTYyNzMwRTAwMDAwMA0KLTkgMiAwIDAgMCAwIDQNCg0KMEUwMA0KLTkgMCAwIDAgMCAwIDcNCjEgMSAwIDggMyAwDQoxQTA0NTYwNDNCMDQ0QzA0M0EwNDMwMDQyMDAwNDUwNDMyMDQzODA0M0IwNDM4MDQzRDA0MkUwMA0K</FormattedText>
						</VariantText>
						<VariantText CorrectAnswer="False">
							<PlainText>Все життя.</PlainText>
							<FormattedText>LTggMSAzIDINCi05IDEgMCAwIDAgMCAxMw0KOTYNCi05IDIgMCAwIDAgMCAxDQoNCjBFMDEwOTUzNzQ3OTZDNjU0RTYxNkQ2NTA2MEI0RTZGNzI2RDYxNkMyMDc0NjU3ODc0MEE1MzY5N0E2NTQ0NkY3NTYyNkM2NTAyMUMwODQ2NkY2RTc0NEU2MTZENjUwNjBGNTQ2OTZENjU3MzIwNEU2NTc3MjA1MjZGNkQ2MTZFMDc1NTZFNjk2MzZGNjQ2NTA5MDQ1MzY5N0E2NTAyMEUwMDAxMDg1Mzc0NjE2RTY0NjE3MjY0MDgwNzQzNjg2MTcyNzM2NTc0MDcwRjUyNTU1MzUzNDk0MTRFNUY0MzQ4NDE1MjUzNDU1NDBBNTM2OTdBNjU0NDZGNzU2MjZDNjUwMjFDMDg0NjZGNkU3NDRFNjE2RDY1MDYwRjU0Njk2RDY1NzMyMDRFNjU3NzIwNTI2RjZENjE2RTA3NTU2RTY5NjM2RjY0NjUwOTA0NTM2OTdBNjUwMjBFMDAwMA0KLTkgMiAwIDAgMCAwIDINCg0KMEUwMTA0NTQ2MTYyNzMwRTAwMDAwMA0KLTkgMiAwIDAgMCAwIDQNCg0KMEUwMA0KLTkgMCAwIDAgMCAwIDcNCjEgMSAwIDggMyAwDQoxMjA0NDEwNDM1MDQyMDAwMzYwNDM4MDQ0MjA0NDIwNDRGMDQyRTAwDQo=</FormattedText>
						</VariantText>
						<VariantText CorrectAnswer="False">
							<PlainText>Кілька років.</PlainText>
							<FormattedText>LTggMSAzIDINCi05IDEgMCAwIDAgMCAxMw0KOTYNCi05IDIgMCAwIDAgMCAxDQoNCjBFMDEwOTUzNzQ3OTZDNjU0RTYxNkQ2NTA2MEI0RTZGNzI2RDYxNkMyMDc0NjU3ODc0MEE1MzY5N0E2NTQ0NkY3NTYyNkM2NTAyMUMwODQ2NkY2RTc0NEU2MTZENjUwNjBGNTQ2OTZENjU3MzIwNEU2NTc3MjA1MjZGNkQ2MTZFMDc1NTZFNjk2MzZGNjQ2NTA5MDQ1MzY5N0E2NTAyMEUwMDAxMDg1Mzc0NjE2RTY0NjE3MjY0MDgwNzQzNjg2MTcyNzM2NTc0MDcwRjUyNTU1MzUzNDk0MTRFNUY0MzQ4NDE1MjUzNDU1NDBBNTM2OTdBNjU0NDZGNzU2MjZDNjUwMjFDMDg0NjZGNkU3NDRFNjE2RDY1MDYwRjU0Njk2RDY1NzMyMDRFNjU3NzIwNTI2RjZENjE2RTA3NTU2RTY5NjM2RjY0NjUwOTA0NTM2OTdBNjUwMjBFMDAwMA0KLTkgMiAwIDAgMCAwIDINCg0KMEUwMTA0NTQ2MTYyNzMwRTAwMDAwMA0KLTkgMiAwIDAgMCAwIDQNCg0KMEUwMA0KLTkgMCAwIDAgMCAwIDcNCjEgMSAwIDggMyAwDQoxQTA0NTYwNDNCMDQ0QzA0M0EwNDMwMDQyMDAwNDAwNDNFMDQzQTA0NTYwNDMyMDQyRTAwDQo=</FormattedText>
						</VariantText>
						<VariantText CorrectAnswer="True">
							<PlainText>Кілька секунд.</PlainText>
							<FormattedText>LTggMSAzIDINCi05IDEgMCAwIDAgMCAxMw0KOTYNCi05IDIgMCAwIDAgMCAxDQoNCjBFMDEwOTUzNzQ3OTZDNjU0RTYxNkQ2NTA2MEI0RTZGNzI2RDYxNkMyMDc0NjU3ODc0MEE1MzY5N0E2NTQ0NkY3NTYyNkM2NTAyMUMwODQ2NkY2RTc0NEU2MTZENjUwNjBGNTQ2OTZENjU3MzIwNEU2NTc3MjA1MjZGNkQ2MTZFMDc1NTZFNjk2MzZGNjQ2NTA5MDQ1MzY5N0E2NTAyMEUwMDAxMDg1Mzc0NjE2RTY0NjE3MjY0MDgwNzQzNjg2MTcyNzM2NTc0MDcwRjUyNTU1MzUzNDk0MTRFNUY0MzQ4NDE1MjUzNDU1NDBBNTM2OTdBNjU0NDZGNzU2MjZDNjUwMjFDMDg0NjZGNkU3NDRFNjE2RDY1MDYwRjU0Njk2RDY1NzMyMDRFNjU3NzIwNTI2RjZENjE2RTA3NTU2RTY5NjM2RjY0NjUwOTA0NTM2OTdBNjUwMjBFMDAwMA0KLTkgMiAwIDAgMCAwIDINCg0KMEUwMTA0NTQ2MTYyNzMwRTAwMDAwMA0KLTkgMiAwIDAgMCAwIDQNCg0KMEUwMA0KLTkgMCAwIDAgMCAwIDcNCjEgMSAwIDggMyAwDQoxQTA0NTYwNDNCMDQ0QzA0M0EwNDMwMDQyMDAwNDEwNDM1MDQzQTA0NDMwNDNEMDQzNDA0MkUwMA0K</FormattedText>
						</VariantText>
					</Variants>
				</Task>
				<!-- ***** -->
				<Task Type="TYPE_TASK_CHOICE_SINGLE" Score="1">
					<Title/>
					<QuestionText>
						<PlainText>Тривалість вторинної пам&apos;яті становить:</PlainText>
						<FormattedText>LTggMSAzIDINCi05IDEgMCAwIDAgMCAxMw0KOTYNCi05IDIgMCAwIDAgMCAxDQoNCjBFMDEwOTUzNzQ3OTZDNjU0RTYxNkQ2NTA2MEI0RTZGNzI2RDYxNkMyMDc0NjU3ODc0MEE1MzY5N0E2NTQ0NkY3NTYyNkM2NTAyMUMwODQ2NkY2RTc0NEU2MTZENjUwNjBGNTQ2OTZENjU3MzIwNEU2NTc3MjA1MjZGNkQ2MTZFMDc1NTZFNjk2MzZGNjQ2NTA5MDQ1MzY5N0E2NTAyMEUwMDAxMDg1Mzc0NjE2RTY0NjE3MjY0MDgwNzQzNjg2MTcyNzM2NTc0MDcwRjUyNTU1MzUzNDk0MTRFNUY0MzQ4NDE1MjUzNDU1NDBBNTM2OTdBNjU0NDZGNzU2MjZDNjUwMjFDMDg0NjZGNkU3NDRFNjE2RDY1MDYwRjU0Njk2RDY1NzMyMDRFNjU3NzIwNTI2RjZENjE2RTA3NTU2RTY5NjM2RjY0NjUwOTA0NTM2OTdBNjUwMjBFMDAwMA0KLTkgMiAwIDAgMCAwIDINCg0KMEUwMTA0NTQ2MTYyNzMwRTAwMDAwMTA4NTM3NDYxNkU2NDYxNzI2NDA4MDk0MTZDNjk2NzZFNkQ2NTZFNzQwNzBBNzI3NjYxNEE3NTczNzQ2OTY2NzkwNDU0NjE2MjczMEUwMDAwMDANCi05IDIgMCAwIDAgMCA0DQoNCjBFMDANCi05IDAgMCAwIDAgMCA3DQoxIDIgMSA4IDMgMA0KMjIwNDQwMDQzODA0MzIwNDMwMDQzQjA0NTYwNDQxMDQ0MjA0NEMwNDIwMDAzMjA0NDIwNDNFMDQ0MDA0MzgwNDNEMDQzRDA0M0UwNDU3MDQyMDAwM0YwNDMwMDQzQzA0MjcwMDRGMDQ0MjA0NTYwNDIwMDA0MTA0NDIwNDMwMDQzRDA0M0UwNDMyMDQzODA0NDIwNDRDMDQzQTAwDQoNCg==</FormattedText>
					</QuestionText>
					<Options>
						<IsAllowRandom>true</IsAllowRandom>
						<IsCompulsory>false</IsCompulsory>
						<IsOnlyForEduMode>false</IsOnlyForEduMode>
						<IsDenyPartially>false</IsDenyPartially>
					</Options>
					<Variants>
						<VariantText CorrectAnswer="False">
							<PlainText>Частки секунди.</PlainText>
							<FormattedText>LTggMSAzIDINCi05IDEgMCAwIDAgMCAxMw0KOTYNCi05IDIgMCAwIDAgMCAxDQoNCjBFMDEwOTUzNzQ3OTZDNjU0RTYxNkQ2NTA2MEI0RTZGNzI2RDYxNkMyMDc0NjU3ODc0MEE1MzY5N0E2NTQ0NkY3NTYyNkM2NTAyMUMwODQ2NkY2RTc0NEU2MTZENjUwNjBGNTQ2OTZENjU3MzIwNEU2NTc3MjA1MjZGNkQ2MTZFMDc1NTZFNjk2MzZGNjQ2NTA5MDQ1MzY5N0E2NTAyMEUwMDAxMDg1Mzc0NjE2RTY0NjE3MjY0MDgwNzQzNjg2MTcyNzM2NTc0MDcwRjUyNTU1MzUzNDk0MTRFNUY0MzQ4NDE1MjUzNDU1NDBBNTM2OTdBNjU0NDZGNzU2MjZDNjUwMjFDMDg0NjZGNkU3NDRFNjE2RDY1MDYwRjU0Njk2RDY1NzMyMDRFNjU3NzIwNTI2RjZENjE2RTA3NTU2RTY5NjM2RjY0NjUwOTA0NTM2OTdBNjUwMjBFMDAwMA0KLTkgMiAwIDAgMCAwIDINCg0KMEUwMTA0NTQ2MTYyNzMwRTAwMDAwMA0KLTkgMiAwIDAgMCAwIDQNCg0KMEUwMA0KLTkgMCAwIDAgMCAwIDcNCjEgMSAwIDggMyAwDQoyNzA0MzAwNDQxMDQ0MjA0M0EwNDM4MDQyMDAwNDEwNDM1MDQzQTA0NDMwNDNEMDQzNDA0MzgwNDJFMDANCg==</FormattedText>
						</VariantText>
						<VariantText CorrectAnswer="True">
							<PlainText>Кілька років.</PlainText>
							<FormattedText>LTggMSAzIDINCi05IDEgMCAwIDAgMCAxMw0KOTYNCi05IDIgMCAwIDAgMCAxDQoNCjBFMDEwOTUzNzQ3OTZDNjU0RTYxNkQ2NTA2MEI0RTZGNzI2RDYxNkMyMDc0NjU3ODc0MEE1MzY5N0E2NTQ0NkY3NTYyNkM2NTAyMUMwODQ2NkY2RTc0NEU2MTZENjUwNjBGNTQ2OTZENjU3MzIwNEU2NTc3MjA1MjZGNkQ2MTZFMDc1NTZFNjk2MzZGNjQ2NTA5MDQ1MzY5N0E2NTAyMEUwMDAxMDg1Mzc0NjE2RTY0NjE3MjY0MDgwNzQzNjg2MTcyNzM2NTc0MDcwRjUyNTU1MzUzNDk0MTRFNUY0MzQ4NDE1MjUzNDU1NDBBNTM2OTdBNjU0NDZGNzU2MjZDNjUwMjFDMDg0NjZGNkU3NDRFNjE2RDY1MDYwRjU0Njk2RDY1NzMyMDRFNjU3NzIwNTI2RjZENjE2RTA3NTU2RTY5NjM2RjY0NjUwOTA0NTM2OTdBNjUwMjBFMDAwMA0KLTkgMiAwIDAgMCAwIDINCg0KMEUwMTA0NTQ2MTYyNzMwRTAwMDAwMA0KLTkgMiAwIDAgMCAwIDQNCg0KMEUwMA0KLTkgMCAwIDAgMCAwIDcNCjEgMSAwIDggMyAwDQoxQTA0NTYwNDNCMDQ0QzA0M0EwNDMwMDQyMDAwNDAwNDNFMDQzQTA0NTYwNDMyMDQyRTAwDQo=</FormattedText>
						</VariantText>
						<VariantText CorrectAnswer="False">
							<PlainText>Кілька хвилин.</PlainText>
							<FormattedText>LTggMSAzIDINCi05IDEgMCAwIDAgMCAxMw0KOTYNCi05IDIgMCAwIDAgMCAxDQoNCjBFMDEwOTUzNzQ3OTZDNjU0RTYxNkQ2NTA2MEI0RTZGNzI2RDYxNkMyMDc0NjU3ODc0MEE1MzY5N0E2NTQ0NkY3NTYyNkM2NTAyMUMwODQ2NkY2RTc0NEU2MTZENjUwNjBGNTQ2OTZENjU3MzIwNEU2NTc3MjA1MjZGNkQ2MTZFMDc1NTZFNjk2MzZGNjQ2NTA5MDQ1MzY5N0E2NTAyMEUwMDAxMDg1Mzc0NjE2RTY0NjE3MjY0MDgwNzQzNjg2MTcyNzM2NTc0MDcwRjUyNTU1MzUzNDk0MTRFNUY0MzQ4NDE1MjUzNDU1NDBBNTM2OTdBNjU0NDZGNzU2MjZDNjUwMjFDMDg0NjZGNkU3NDRFNjE2RDY1MDYwRjU0Njk2RDY1NzMyMDRFNjU3NzIwNTI2RjZENjE2RTA3NTU2RTY5NjM2RjY0NjUwOTA0NTM2OTdBNjUwMjBFMDAwMA0KLTkgMiAwIDAgMCAwIDINCg0KMEUwMTA0NTQ2MTYyNzMwRTAwMDAwMA0KLTkgMiAwIDAgMCAwIDQNCg0KMEUwMA0KLTkgMCAwIDAgMCAwIDcNCjEgMSAwIDggMyAwDQoxQTA0NTYwNDNCMDQ0QzA0M0EwNDMwMDQyMDAwNDUwNDMyMDQzODA0M0IwNDM4MDQzRDA0MkUwMA0K</FormattedText>
						</VariantText>
						<VariantText CorrectAnswer="False">
							<PlainText>Все життя.</PlainText>
							<FormattedText>LTggMSAzIDINCi05IDEgMCAwIDAgMCAxMw0KOTYNCi05IDIgMCAwIDAgMCAxDQoNCjBFMDEwOTUzNzQ3OTZDNjU0RTYxNkQ2NTA2MEI0RTZGNzI2RDYxNkMyMDc0NjU3ODc0MEE1MzY5N0E2NTQ0NkY3NTYyNkM2NTAyMUMwODQ2NkY2RTc0NEU2MTZENjUwNjBGNTQ2OTZENjU3MzIwNEU2NTc3MjA1MjZGNkQ2MTZFMDc1NTZFNjk2MzZGNjQ2NTA5MDQ1MzY5N0E2NTAyMEUwMDAxMDg1Mzc0NjE2RTY0NjE3MjY0MDgwNzQzNjg2MTcyNzM2NTc0MDcwRjUyNTU1MzUzNDk0MTRFNUY0MzQ4NDE1MjUzNDU1NDBBNTM2OTdBNjU0NDZGNzU2MjZDNjUwMjFDMDg0NjZGNkU3NDRFNjE2RDY1MDYwRjU0Njk2RDY1NzMyMDRFNjU3NzIwNTI2RjZENjE2RTA3NTU2RTY5NjM2RjY0NjUwOTA0NTM2OTdBNjUwMjBFMDAwMA0KLTkgMiAwIDAgMCAwIDINCg0KMEUwMTA0NTQ2MTYyNzMwRTAwMDAwMA0KLTkgMiAwIDAgMCAwIDQNCg0KMEUwMA0KLTkgMCAwIDAgMCAwIDcNCjEgMSAwIDggMyAwDQoxMjA0NDEwNDM1MDQyMDAwMzYwNDM4MDQ0MjA0NDIwNDRGMDQyRTAwDQo=</FormattedText>
						</VariantText>
						<VariantText CorrectAnswer="False">
							<PlainText>Кілька секунд.</PlainText>
							<FormattedText>LTggMSAzIDINCi05IDEgMCAwIDAgMCAxMw0KOTYNCi05IDIgMCAwIDAgMCAxDQoNCjBFMDEwOTUzNzQ3OTZDNjU0RTYxNkQ2NTA2MEI0RTZGNzI2RDYxNkMyMDc0NjU3ODc0MEE1MzY5N0E2NTQ0NkY3NTYyNkM2NTAyMUMwODQ2NkY2RTc0NEU2MTZENjUwNjBGNTQ2OTZENjU3MzIwNEU2NTc3MjA1MjZGNkQ2MTZFMDc1NTZFNjk2MzZGNjQ2NTA5MDQ1MzY5N0E2NTAyMEUwMDAxMDg1Mzc0NjE2RTY0NjE3MjY0MDgwNzQzNjg2MTcyNzM2NTc0MDcwRjUyNTU1MzUzNDk0MTRFNUY0MzQ4NDE1MjUzNDU1NDBBNTM2OTdBNjU0NDZGNzU2MjZDNjUwMjFDMDg0NjZGNkU3NDRFNjE2RDY1MDYwRjU0Njk2RDY1NzMyMDRFNjU3NzIwNTI2RjZENjE2RTA3NTU2RTY5NjM2RjY0NjUwOTA0NTM2OTdBNjUwMjBFMDAwMA0KLTkgMiAwIDAgMCAwIDINCg0KMEUwMTA0NTQ2MTYyNzMwRTAwMDAwMA0KLTkgMiAwIDAgMCAwIDQNCg0KMEUwMA0KLTkgMCAwIDAgMCAwIDcNCjEgMSAwIDggMyAwDQoxQTA0NTYwNDNCMDQ0QzA0M0EwNDMwMDQyMDAwNDEwNDM1MDQzQTA0NDMwNDNEMDQzNDA0MkUwMA0K</FormattedText>
						</VariantText>
					</Variants>
				</Task>
				<!-- ***** -->
				<Task Type="TYPE_TASK_CHOICE_SINGLE" Score="1">
					<Title/>
					<QuestionText>
						<PlainText>Тривалість третинної пам&apos;яті становить:</PlainText>
						<FormattedText>LTggMSAzIDINCi05IDEgMCAwIDAgMCAxMw0KOTYNCi05IDIgMCAwIDAgMCAxDQoNCjBFMDEwOTUzNzQ3OTZDNjU0RTYxNkQ2NTA2MEI0RTZGNzI2RDYxNkMyMDc0NjU3ODc0MEE1MzY5N0E2NTQ0NkY3NTYyNkM2NTAyMUMwODQ2NkY2RTc0NEU2MTZENjUwNjBGNTQ2OTZENjU3MzIwNEU2NTc3MjA1MjZGNkQ2MTZFMDc1NTZFNjk2MzZGNjQ2NTA5MDQ1MzY5N0E2NTAyMEUwMDAxMDg1Mzc0NjE2RTY0NjE3MjY0MDgwNzQzNjg2MTcyNzM2NTc0MDcwRjUyNTU1MzUzNDk0MTRFNUY0MzQ4NDE1MjUzNDU1NDBBNTM2OTdBNjU0NDZGNzU2MjZDNjUwMjFDMDg0NjZGNkU3NDRFNjE2RDY1MDYwRjU0Njk2RDY1NzMyMDRFNjU3NzIwNTI2RjZENjE2RTA3NTU2RTY5NjM2RjY0NjUwOTA0NTM2OTdBNjUwMjBFMDAwMA0KLTkgMiAwIDAgMCAwIDINCg0KMEUwMTA0NTQ2MTYyNzMwRTAwMDAwMTA4NTM3NDYxNkU2NDYxNzI2NDA4MDk0MTZDNjk2NzZFNkQ2NTZFNzQwNzBBNzI3NjYxNEE3NTczNzQ2OTY2NzkwNDU0NjE2MjczMEUwMDAwMDANCi05IDIgMCAwIDAgMCA0DQoNCjBFMDANCi05IDAgMCAwIDAgMCA3DQoxIDIgMSA4IDMgMA0KMjIwNDQwMDQzODA0MzIwNDMwMDQzQjA0NTYwNDQxMDQ0MjA0NEMwNDIwMDA0MjA0NDAwNDM1MDQ0MjA0MzgwNDNEMDQzRDA0M0UwNDU3MDQyMDAwM0YwNDMwMDQzQzA0MjcwMDRGMDQ0MjA0NTYwNDIwMDA0MTA0NDIwNDMwMDQzRDA0M0UwNDMyMDQzODA0NDIwNDRDMDQzQTAwDQoNCg==</FormattedText>
					</QuestionText>
					<Options>
						<IsAllowRandom>true</IsAllowRandom>
						<IsCompulsory>false</IsCompulsory>
						<IsOnlyForEduMode>false</IsOnlyForEduMode>
						<IsDenyPartially>false</IsDenyPartially>
					</Options>
					<Variants>
						<VariantText CorrectAnswer="False">
							<PlainText>Кілька секунд.</PlainText>
							<FormattedText>LTggMSAzIDINCi05IDEgMCAwIDAgMCAxMw0KOTYNCi05IDIgMCAwIDAgMCAxDQoNCjBFMDEwOTUzNzQ3OTZDNjU0RTYxNkQ2NTA2MEI0RTZGNzI2RDYxNkMyMDc0NjU3ODc0MEE1MzY5N0E2NTQ0NkY3NTYyNkM2NTAyMUMwODQ2NkY2RTc0NEU2MTZENjUwNjBGNTQ2OTZENjU3MzIwNEU2NTc3MjA1MjZGNkQ2MTZFMDc1NTZFNjk2MzZGNjQ2NTA5MDQ1MzY5N0E2NTAyMEUwMDAxMDg1Mzc0NjE2RTY0NjE3MjY0MDgwNzQzNjg2MTcyNzM2NTc0MDcwRjUyNTU1MzUzNDk0MTRFNUY0MzQ4NDE1MjUzNDU1NDBBNTM2OTdBNjU0NDZGNzU2MjZDNjUwMjFDMDg0NjZGNkU3NDRFNjE2RDY1MDYwRjU0Njk2RDY1NzMyMDRFNjU3NzIwNTI2RjZENjE2RTA3NTU2RTY5NjM2RjY0NjUwOTA0NTM2OTdBNjUwMjBFMDAwMA0KLTkgMiAwIDAgMCAwIDINCg0KMEUwMTA0NTQ2MTYyNzMwRTAwMDAwMA0KLTkgMiAwIDAgMCAwIDQNCg0KMEUwMA0KLTkgMCAwIDAgMCAwIDcNCjEgMSAwIDggMyAwDQoxQTA0NTYwNDNCMDQ0QzA0M0EwNDMwMDQyMDAwNDEwNDM1MDQzQTA0NDMwNDNEMDQzNDA0MkUwMA0K</FormattedText>
						</VariantText>
						<VariantText CorrectAnswer="False">
							<PlainText>Частки секунди.</PlainText>
							<FormattedText>LTggMSAzIDINCi05IDEgMCAwIDAgMCAxMw0KOTYNCi05IDIgMCAwIDAgMCAxDQoNCjBFMDEwOTUzNzQ3OTZDNjU0RTYxNkQ2NTA2MEI0RTZGNzI2RDYxNkMyMDc0NjU3ODc0MEE1MzY5N0E2NTQ0NkY3NTYyNkM2NTAyMUMwODQ2NkY2RTc0NEU2MTZENjUwNjBGNTQ2OTZENjU3MzIwNEU2NTc3MjA1MjZGNkQ2MTZFMDc1NTZFNjk2MzZGNjQ2NTA5MDQ1MzY5N0E2NTAyMEUwMDAxMDg1Mzc0NjE2RTY0NjE3MjY0MDgwNzQzNjg2MTcyNzM2NTc0MDcwRjUyNTU1MzUzNDk0MTRFNUY0MzQ4NDE1MjUzNDU1NDBBNTM2OTdBNjU0NDZGNzU2MjZDNjUwMjFDMDg0NjZGNkU3NDRFNjE2RDY1MDYwRjU0Njk2RDY1NzMyMDRFNjU3NzIwNTI2RjZENjE2RTA3NTU2RTY5NjM2RjY0NjUwOTA0NTM2OTdBNjUwMjBFMDAwMA0KLTkgMiAwIDAgMCAwIDINCg0KMEUwMTA0NTQ2MTYyNzMwRTAwMDAwMA0KLTkgMiAwIDAgMCAwIDQNCg0KMEUwMA0KLTkgMCAwIDAgMCAwIDcNCjEgMSAwIDggMyAwDQoyNzA0MzAwNDQxMDQ0MjA0M0EwNDM4MDQyMDAwNDEwNDM1MDQzQTA0NDMwNDNEMDQzNDA0MzgwNDJFMDANCg==</FormattedText>
						</VariantText>
						<VariantText CorrectAnswer="True">
							<PlainText>Все життя.</PlainText>
							<FormattedText>LTggMSAzIDINCi05IDEgMCAwIDAgMCAxMw0KOTYNCi05IDIgMCAwIDAgMCAxDQoNCjBFMDEwOTUzNzQ3OTZDNjU0RTYxNkQ2NTA2MEI0RTZGNzI2RDYxNkMyMDc0NjU3ODc0MEE1MzY5N0E2NTQ0NkY3NTYyNkM2NTAyMUMwODQ2NkY2RTc0NEU2MTZENjUwNjBGNTQ2OTZENjU3MzIwNEU2NTc3MjA1MjZGNkQ2MTZFMDc1NTZFNjk2MzZGNjQ2NTA5MDQ1MzY5N0E2NTAyMEUwMDAxMDg1Mzc0NjE2RTY0NjE3MjY0MDgwNzQzNjg2MTcyNzM2NTc0MDcwRjUyNTU1MzUzNDk0MTRFNUY0MzQ4NDE1MjUzNDU1NDBBNTM2OTdBNjU0NDZGNzU2MjZDNjUwMjFDMDg0NjZGNkU3NDRFNjE2RDY1MDYwRjU0Njk2RDY1NzMyMDRFNjU3NzIwNTI2RjZENjE2RTA3NTU2RTY5NjM2RjY0NjUwOTA0NTM2OTdBNjUwMjBFMDAwMA0KLTkgMiAwIDAgMCAwIDINCg0KMEUwMTA0NTQ2MTYyNzMwRTAwMDAwMA0KLTkgMiAwIDAgMCAwIDQNCg0KMEUwMA0KLTkgMCAwIDAgMCAwIDcNCjEgMSAwIDggMyAwDQoxMjA0NDEwNDM1MDQyMDAwMzYwNDM4MDQ0MjA0NDIwNDRGMDQyRTAwDQo=</FormattedText>
						</VariantText>
						<VariantText CorrectAnswer="False">
							<PlainText>Кілька років.</PlainText>
							<FormattedText>LTggMSAzIDINCi05IDEgMCAwIDAgMCAxMw0KOTYNCi05IDIgMCAwIDAgMCAxDQoNCjBFMDEwOTUzNzQ3OTZDNjU0RTYxNkQ2NTA2MEI0RTZGNzI2RDYxNkMyMDc0NjU3ODc0MEE1MzY5N0E2NTQ0NkY3NTYyNkM2NTAyMUMwODQ2NkY2RTc0NEU2MTZENjUwNjBGNTQ2OTZENjU3MzIwNEU2NTc3MjA1MjZGNkQ2MTZFMDc1NTZFNjk2MzZGNjQ2NTA5MDQ1MzY5N0E2NTAyMEUwMDAxMDg1Mzc0NjE2RTY0NjE3MjY0MDgwNzQzNjg2MTcyNzM2NTc0MDcwRjUyNTU1MzUzNDk0MTRFNUY0MzQ4NDE1MjUzNDU1NDBBNTM2OTdBNjU0NDZGNzU2MjZDNjUwMjFDMDg0NjZGNkU3NDRFNjE2RDY1MDYwRjU0Njk2RDY1NzMyMDRFNjU3NzIwNTI2RjZENjE2RTA3NTU2RTY5NjM2RjY0NjUwOTA0NTM2OTdBNjUwMjBFMDAwMA0KLTkgMiAwIDAgMCAwIDINCg0KMEUwMTA0NTQ2MTYyNzMwRTAwMDAwMA0KLTkgMiAwIDAgMCAwIDQNCg0KMEUwMA0KLTkgMCAwIDAgMCAwIDcNCjEgMSAwIDggMyAwDQoxQTA0NTYwNDNCMDQ0QzA0M0EwNDMwMDQyMDAwNDAwNDNFMDQzQTA0NTYwNDMyMDQyRTAwDQo=</FormattedText>
						</VariantText>
						<VariantText CorrectAnswer="False">
							<PlainText>Кілька хвилин.</PlainText>
							<FormattedText>LTggMSAzIDINCi05IDEgMCAwIDAgMCAxMw0KOTYNCi05IDIgMCAwIDAgMCAxDQoNCjBFMDEwOTUzNzQ3OTZDNjU0RTYxNkQ2NTA2MEI0RTZGNzI2RDYxNkMyMDc0NjU3ODc0MEE1MzY5N0E2NTQ0NkY3NTYyNkM2NTAyMUMwODQ2NkY2RTc0NEU2MTZENjUwNjBGNTQ2OTZENjU3MzIwNEU2NTc3MjA1MjZGNkQ2MTZFMDc1NTZFNjk2MzZGNjQ2NTA5MDQ1MzY5N0E2NTAyMEUwMDAxMDg1Mzc0NjE2RTY0NjE3MjY0MDgwNzQzNjg2MTcyNzM2NTc0MDcwRjUyNTU1MzUzNDk0MTRFNUY0MzQ4NDE1MjUzNDU1NDBBNTM2OTdBNjU0NDZGNzU2MjZDNjUwMjFDMDg0NjZGNkU3NDRFNjE2RDY1MDYwRjU0Njk2RDY1NzMyMDRFNjU3NzIwNTI2RjZENjE2RTA3NTU2RTY5NjM2RjY0NjUwOTA0NTM2OTdBNjUwMjBFMDAwMA0KLTkgMiAwIDAgMCAwIDINCg0KMEUwMTA0NTQ2MTYyNzMwRTAwMDAwMA0KLTkgMiAwIDAgMCAwIDQNCg0KMEUwMA0KLTkgMCAwIDAgMCAwIDcNCjEgMSAwIDggMyAwDQoxQTA0NTYwNDNCMDQ0QzA0M0EwNDMwMDQyMDAwNDUwNDMyMDQzODA0M0IwNDM4MDQzRDA0MkUwMA0K</FormattedText>
						</VariantText>
					</Variants>
				</Task>
				<!-- ***** -->
				<Task Type="TYPE_TASK_CHOICE_SINGLE" Score="1">
					<Title/>
					<QuestionText>
						<PlainText>Який із наведених елементів функціональної системи відноситься до стадії аферентного синтезу?</PlainText>
						<FormattedText>LTggMSAzIDINCi05IDEgMCAwIDAgMCAxMw0KOTYNCi05IDIgMCAwIDAgMCAxDQoNCjBFMDEwOTUzNzQ3OTZDNjU0RTYxNkQ2NTA2MEI0RTZGNzI2RDYxNkMyMDc0NjU3ODc0MEE1MzY5N0E2NTQ0NkY3NTYyNkM2NTAyMUMwODQ2NkY2RTc0NEU2MTZENjUwNjBGNTQ2OTZENjU3MzIwNEU2NTc3MjA1MjZGNkQ2MTZFMDc1NTZFNjk2MzZGNjQ2NTA5MDQ1MzY5N0E2NTAyMEUwMDAxMDg1Mzc0NjE2RTY0NjE3MjY0MDgwNzQzNjg2MTcyNzM2NTc0MDcwRjUyNTU1MzUzNDk0MTRFNUY0MzQ4NDE1MjUzNDU1NDBBNTM2OTdBNjU0NDZGNzU2MjZDNjUwMjFDMDg0NjZGNkU3NDRFNjE2RDY1MDYwRjU0Njk2RDY1NzMyMDRFNjU3NzIwNTI2RjZENjE2RTA3NTU2RTY5NjM2RjY0NjUwOTA0NTM2OTdBNjUwMjBFMDAwMA0KLTkgMiAwIDAgMCAwIDINCg0KMEUwMTA0NTQ2MTYyNzMwRTAwMDAwMTA4NTM3NDYxNkU2NDYxNzI2NDA4MDk0MTZDNjk2NzZFNkQ2NTZFNzQwNzBBNzI3NjYxNEE3NTczNzQ2OTY2NzkwNDU0NjE2MjczMEUwMDAwMDANCi05IDIgMCAwIDAgMCA0DQoNCjBFMDANCi05IDAgMCAwIDAgMCA3DQoxIDIgMSA4IDMgMA0KMkYwNDNBMDQzODA0MzkwNDIwMDA1NjA0MzcwNDIwMDAzRDA0MzAwNDMyMDQzNTA0MzQwNDM1MDQzRDA0MzgwNDQ1MDQyMDAwMzUwNDNCMDQzNTA0M0MwNDM1MDQzRDA0NDIwNDU2MDQzMjA0MjAwMDQ0MDQ0MzA0M0QwNDNBMDQ0NjA0NTYwNDNFMDQzRDA0MzAwNDNCMDQ0QzA0M0QwNDNFMDQ1NzA0MjAwMDQxMDQzODA0NDEwNDQyMDQzNTA0M0MwNDM4MDQyMDAwMzIwNDU2MDQzNDA0M0QwNDNFMDQ0MTA0MzgwNDQyMDQ0QzA0NDEwNDRGMDQyMDAwMzQwNDNFMDQyMDAwNDEwNDQyMDQzMDA0MzQwNDU2MDQ1NzA0MjAwMDMwMDQ0NDA0MzUwNDQwMDQzNTA0M0QwNDQyMDQzRDA0M0UwNDMzMDQzRTA0MjAwMDQxMDQzODA0M0QwNDQyMDQzNTA0MzcwNDQzMDQzRjAwDQoNCg==</FormattedText>
					</QuestionText>
					<Options>
						<IsAllowRandom>true</IsAllowRandom>
						<IsCompulsory>false</IsCompulsory>
						<IsOnlyForEduMode>false</IsOnlyForEduMode>
						<IsDenyPartially>false</IsDenyPartially>
					</Options>
					<Variants>
						<VariantText CorrectAnswer="False">
							<PlainText>Акцептор результатів дії.</PlainText>
							<FormattedText>LTggMSAzIDINCi05IDEgMCAwIDAgMCAxMw0KOTYNCi05IDIgMCAwIDAgMCAxDQoNCjBFMDEwOTUzNzQ3OTZDNjU0RTYxNkQ2NTA2MEI0RTZGNzI2RDYxNkMyMDc0NjU3ODc0MEE1MzY5N0E2NTQ0NkY3NTYyNkM2NTAyMUMwODQ2NkY2RTc0NEU2MTZENjUwNjBGNTQ2OTZENjU3MzIwNEU2NTc3MjA1MjZGNkQ2MTZFMDc1NTZFNjk2MzZGNjQ2NTA5MDQ1MzY5N0E2NTAyMEUwMDAxMDg1Mzc0NjE2RTY0NjE3MjY0MDgwNzQzNjg2MTcyNzM2NTc0MDcwRjUyNTU1MzUzNDk0MTRFNUY0MzQ4NDE1MjUzNDU1NDBBNTM2OTdBNjU0NDZGNzU2MjZDNjUwMjFDMDg0NjZGNkU3NDRFNjE2RDY1MDYwRjU0Njk2RDY1NzMyMDRFNjU3NzIwNTI2RjZENjE2RTA3NTU2RTY5NjM2RjY0NjUwOTA0NTM2OTdBNjUwMjBFMDAwMA0KLTkgMiAwIDAgMCAwIDINCg0KMEUwMTA0NTQ2MTYyNzMwRTAwMDAwMA0KLTkgMiAwIDAgMCAwIDQNCg0KMEUwMA0KLTkgMCAwIDAgMCAwIDcNCjEgMSAwIDggMyAwDQoxMDA0M0EwNDQ2MDQzNTA0M0YwNDQyMDQzRTA0NDAwNDIwMDA0MDA0MzUwNDM3MDQ0MzA0M0IwNDRDMDQ0MjA0MzAwNDQyMDQ1NjA0MzIwNDIwMDAzNDA0NTYwNDU3MDQyRTAwDQo=</FormattedText>
						</VariantText>
						<VariantText CorrectAnswer="True">
							<PlainText>Обстановочна аферентація.</PlainText>
							<FormattedText>LTggMSAzIDINCi05IDEgMCAwIDAgMCAxMw0KOTYNCi05IDIgMCAwIDAgMCAxDQoNCjBFMDEwOTUzNzQ3OTZDNjU0RTYxNkQ2NTA2MEI0RTZGNzI2RDYxNkMyMDc0NjU3ODc0MEE1MzY5N0E2NTQ0NkY3NTYyNkM2NTAyMUMwODQ2NkY2RTc0NEU2MTZENjUwNjBGNTQ2OTZENjU3MzIwNEU2NTc3MjA1MjZGNkQ2MTZFMDc1NTZFNjk2MzZGNjQ2NTA5MDQ1MzY5N0E2NTAyMEUwMDAxMDg1Mzc0NjE2RTY0NjE3MjY0MDgwNzQzNjg2MTcyNzM2NTc0MDcwRjUyNTU1MzUzNDk0MTRFNUY0MzQ4NDE1MjUzNDU1NDBBNTM2OTdBNjU0NDZGNzU2MjZDNjUwMjFDMDg0NjZGNkU3NDRFNjE2RDY1MDYwRjU0Njk2RDY1NzMyMDRFNjU3NzIwNTI2RjZENjE2RTA3NTU2RTY5NjM2RjY0NjUwOTA0NTM2OTdBNjUwMjBFMDAwMA0KLTkgMiAwIDAgMCAwIDINCg0KMEUwMTA0NTQ2MTYyNzMwRTAwMDAwMA0KLTkgMiAwIDAgMCAwIDQNCg0KMEUwMA0KLTkgMCAwIDAgMCAwIDcNCjEgMSAwIDggMyAwDQoxRTA0MzEwNDQxMDQ0MjA0MzAwNDNEMDQzRTA0MzIwNDNFMDQ0NzA0M0QwNDMwMDQyMDAwMzAwNDQ0MDQzNTA0NDAwNDM1MDQzRDA0NDIwNDMwMDQ0NjA0NTYwNDRGMDQyRTAwDQo=</FormattedText>
						</VariantText>
						<VariantText CorrectAnswer="False">
							<PlainText>Прийняття стратегічного рішення</PlainText>
							<FormattedText>LTggMSAzIDINCi05IDEgMCAwIDAgMCAxMw0KOTYNCi05IDIgMCAwIDAgMCAxDQoNCjBFMDEwOTUzNzQ3OTZDNjU0RTYxNkQ2NTA2MEI0RTZGNzI2RDYxNkMyMDc0NjU3ODc0MEE1MzY5N0E2NTQ0NkY3NTYyNkM2NTAyMUMwODQ2NkY2RTc0NEU2MTZENjUwNjBGNTQ2OTZENjU3MzIwNEU2NTc3MjA1MjZGNkQ2MTZFMDc1NTZFNjk2MzZGNjQ2NTA5MDQ1MzY5N0E2NTAyMEUwMDAxMDg1Mzc0NjE2RTY0NjE3MjY0MDgwNzQzNjg2MTcyNzM2NTc0MDcwRjUyNTU1MzUzNDk0MTRFNUY0MzQ4NDE1MjUzNDU1NDBBNTM2OTdBNjU0NDZGNzU2MjZDNjUwMjFDMDg0NjZGNkU3NDRFNjE2RDY1MDYwRjU0Njk2RDY1NzMyMDRFNjU3NzIwNTI2RjZENjE2RTA3NTU2RTY5NjM2RjY0NjUwOTA0NTM2OTdBNjUwMjBFMDAwMA0KLTkgMiAwIDAgMCAwIDINCg0KMEUwMTA0NTQ2MTYyNzMwRTAwMDAwMA0KLTkgMiAwIDAgMCAwIDQNCg0KMEUwMA0KLTkgMCAwIDAgMCAwIDcNCjEgMSAwIDggMyAwDQoxRjA0NDAwNDM4MDQzOTA0M0QwNDRGMDQ0MjA0NDIwNDRGMDQyMDAwNDEwNDQyMDQ0MDA0MzAwNDQyMDQzNTA0MzMwNDU2MDQ0NzA0M0QwNDNFMDQzMzA0M0UwNDIwMDA0MDA0NTYwNDQ4MDQzNTA0M0QwNDNEMDQ0RjA0DQo=</FormattedText>
						</VariantText>
						<VariantText CorrectAnswer="False">
							<PlainText>Прийняття тактичного рішення.</PlainText>
							<FormattedText>LTggMSAzIDINCi05IDEgMCAwIDAgMCAxMw0KOTYNCi05IDIgMCAwIDAgMCAxDQoNCjBFMDEwOTUzNzQ3OTZDNjU0RTYxNkQ2NTA2MEI0RTZGNzI2RDYxNkMyMDc0NjU3ODc0MEE1MzY5N0E2NTQ0NkY3NTYyNkM2NTAyMUMwODQ2NkY2RTc0NEU2MTZENjUwNjBGNTQ2OTZENjU3MzIwNEU2NTc3MjA1MjZGNkQ2MTZFMDc1NTZFNjk2MzZGNjQ2NTA5MDQ1MzY5N0E2NTAyMEUwMDAxMDg1Mzc0NjE2RTY0NjE3MjY0MDgwNzQzNjg2MTcyNzM2NTc0MDcwRjUyNTU1MzUzNDk0MTRFNUY0MzQ4NDE1MjUzNDU1NDBBNTM2OTdBNjU0NDZGNzU2MjZDNjUwMjFDMDg0NjZGNkU3NDRFNjE2RDY1MDYwRjU0Njk2RDY1NzMyMDRFNjU3NzIwNTI2RjZENjE2RTA3NTU2RTY5NjM2RjY0NjUwOTA0NTM2OTdBNjUwMjBFMDAwMA0KLTkgMiAwIDAgMCAwIDINCg0KMEUwMTA0NTQ2MTYyNzMwRTAwMDAwMA0KLTkgMiAwIDAgMCAwIDQNCg0KMEUwMA0KLTkgMCAwIDAgMCAwIDcNCjEgMSAwIDggMyAwDQoxRjA0NDAwNDM4MDQzOTA0M0QwNDRGMDQ0MjA0NDIwNDRGMDQyMDAwNDIwNDMwMDQzQTA0NDIwNDM4MDQ0NzA0M0QwNDNFMDQzMzA0M0UwNDIwMDA0MDA0NTYwNDQ4MDQzNTA0M0QwNDNEMDQ0RjA0MkUwMA0K</FormattedText>
						</VariantText>
						<VariantText CorrectAnswer="False">
							<PlainText>Зворотні аферентації.</PlainText>
							<FormattedText>LTggMSAzIDINCi05IDEgMCAwIDAgMCAxMw0KOTYNCi05IDIgMCAwIDAgMCAxDQoNCjBFMDEwOTUzNzQ3OTZDNjU0RTYxNkQ2NTA2MEI0RTZGNzI2RDYxNkMyMDc0NjU3ODc0MEE1MzY5N0E2NTQ0NkY3NTYyNkM2NTAyMUMwODQ2NkY2RTc0NEU2MTZENjUwNjBGNTQ2OTZENjU3MzIwNEU2NTc3MjA1MjZGNkQ2MTZFMDc1NTZFNjk2MzZGNjQ2NTA5MDQ1MzY5N0E2NTAyMEUwMDAxMDg1Mzc0NjE2RTY0NjE3MjY0MDgwNzQzNjg2MTcyNzM2NTc0MDcwRjUyNTU1MzUzNDk0MTRFNUY0MzQ4NDE1MjUzNDU1NDBBNTM2OTdBNjU0NDZGNzU2MjZDNjUwMjFDMDg0NjZGNkU3NDRFNjE2RDY1MDYwRjU0Njk2RDY1NzMyMDRFNjU3NzIwNTI2RjZENjE2RTA3NTU2RTY5NjM2RjY0NjUwOTA0NTM2OTdBNjUwMjBFMDAwMA0KLTkgMiAwIDAgMCAwIDINCg0KMEUwMTA0NTQ2MTYyNzMwRTAwMDAwMA0KLTkgMiAwIDAgMCAwIDQNCg0KMEUwMA0KLTkgMCAwIDAgMCAwIDcNCjEgMSAwIDggMyAwDQoxNzA0MzIwNDNFMDQ0MDA0M0UwNDQyMDQzRDA0NTYwNDIwMDAzMDA0NDQwNDM1MDQ0MDA0MzUwNDNEMDQ0MjA0MzAwNDQ2MDQ1NjA0NTcwNDJFMDANCg==</FormattedText>
						</VariantText>
					</Variants>
				</Task>
				<!-- ***** -->
				<Task Type="TYPE_TASK_CHOICE_SINGLE" Score="1">
					<Title/>
					<QuestionText>
						<PlainText>Який із наведених елементів функціональної системи відноситься до стадії еферентного синтезу?</PlainText>
						<FormattedText>LTggMSAzIDINCi05IDEgMCAwIDAgMCAxMw0KOTYNCi05IDIgMCAwIDAgMCAxDQoNCjBFMDEwOTUzNzQ3OTZDNjU0RTYxNkQ2NTA2MEI0RTZGNzI2RDYxNkMyMDc0NjU3ODc0MEE1MzY5N0E2NTQ0NkY3NTYyNkM2NTAyMUMwODQ2NkY2RTc0NEU2MTZENjUwNjBGNTQ2OTZENjU3MzIwNEU2NTc3MjA1MjZGNkQ2MTZFMDc1NTZFNjk2MzZGNjQ2NTA5MDQ1MzY5N0E2NTAyMEUwMDAxMDg1Mzc0NjE2RTY0NjE3MjY0MDgwNzQzNjg2MTcyNzM2NTc0MDcwRjUyNTU1MzUzNDk0MTRFNUY0MzQ4NDE1MjUzNDU1NDBBNTM2OTdBNjU0NDZGNzU2MjZDNjUwMjFDMDg0NjZGNkU3NDRFNjE2RDY1MDYwRjU0Njk2RDY1NzMyMDRFNjU3NzIwNTI2RjZENjE2RTA3NTU2RTY5NjM2RjY0NjUwOTA0NTM2OTdBNjUwMjBFMDAwMA0KLTkgMiAwIDAgMCAwIDINCg0KMEUwMTA0NTQ2MTYyNzMwRTAwMDAwMTA4NTM3NDYxNkU2NDYxNzI2NDA4MDk0MTZDNjk2NzZFNkQ2NTZFNzQwNzBBNzI3NjYxNEE3NTczNzQ2OTY2NzkwNDU0NjE2MjczMEUwMDAwMDANCi05IDIgMCAwIDAgMCA0DQoNCjBFMDANCi05IDAgMCAwIDAgMCA3DQoxIDIgMSA4IDMgMA0KMkYwNDNBMDQzODA0MzkwNDIwMDA1NjA0MzcwNDIwMDAzRDA0MzAwNDMyMDQzNTA0MzQwNDM1MDQzRDA0MzgwNDQ1MDQyMDAwMzUwNDNCMDQzNTA0M0MwNDM1MDQzRDA0NDIwNDU2MDQzMjA0MjAwMDQ0MDQ0MzA0M0QwNDNBMDQ0NjA0NTYwNDNFMDQzRDA0MzAwNDNCMDQ0QzA0M0QwNDNFMDQ1NzA0MjAwMDQxMDQzODA0NDEwNDQyMDQzNTA0M0MwNDM4MDQyMDAwMzIwNDU2MDQzNDA0M0QwNDNFMDQ0MTA0MzgwNDQyMDQ0QzA0NDEwNDRGMDQyMDAwMzQwNDNFMDQyMDAwNDEwNDQyMDQzMDA0MzQwNDU2MDQ1NzA0MjAwMDM1MDQ0NDA0MzUwNDQwMDQzNTA0M0QwNDQyMDQzRDA0M0UwNDMzMDQzRTA0MjAwMDQxMDQzODA0M0QwNDQyMDQzNTA0MzcwNDQzMDQzRjAwDQoNCg==</FormattedText>
					</QuestionText>
					<Options>
						<IsAllowRandom>true</IsAllowRandom>
						<IsCompulsory>false</IsCompulsory>
						<IsOnlyForEduMode>false</IsOnlyForEduMode>
						<IsDenyPartially>false</IsDenyPartially>
					</Options>
					<Variants>
						<VariantText CorrectAnswer="False">
							<PlainText>Прийняття тактичного рішення.</PlainText>
							<FormattedText>LTggMSAzIDINCi05IDEgMCAwIDAgMCAxMw0KOTYNCi05IDIgMCAwIDAgMCAxDQoNCjBFMDEwOTUzNzQ3OTZDNjU0RTYxNkQ2NTA2MEI0RTZGNzI2RDYxNkMyMDc0NjU3ODc0MEE1MzY5N0E2NTQ0NkY3NTYyNkM2NTAyMUMwODQ2NkY2RTc0NEU2MTZENjUwNjBGNTQ2OTZENjU3MzIwNEU2NTc3MjA1MjZGNkQ2MTZFMDc1NTZFNjk2MzZGNjQ2NTA5MDQ1MzY5N0E2NTAyMEUwMDAxMDg1Mzc0NjE2RTY0NjE3MjY0MDgwNzQzNjg2MTcyNzM2NTc0MDcwRjUyNTU1MzUzNDk0MTRFNUY0MzQ4NDE1MjUzNDU1NDBBNTM2OTdBNjU0NDZGNzU2MjZDNjUwMjFDMDg0NjZGNkU3NDRFNjE2RDY1MDYwRjU0Njk2RDY1NzMyMDRFNjU3NzIwNTI2RjZENjE2RTA3NTU2RTY5NjM2RjY0NjUwOTA0NTM2OTdBNjUwMjBFMDAwMA0KLTkgMiAwIDAgMCAwIDINCg0KMEUwMTA0NTQ2MTYyNzMwRTAwMDAwMA0KLTkgMiAwIDAgMCAwIDQNCg0KMEUwMA0KLTkgMCAwIDAgMCAwIDcNCjEgMSAwIDggMyAwDQoxRjA0NDAwNDM4MDQzOTA0M0QwNDRGMDQ0MjA0NDIwNDRGMDQyMDAwNDIwNDMwMDQzQTA0NDIwNDM4MDQ0NzA0M0QwNDNFMDQzMzA0M0UwNDIwMDA0MDA0NTYwNDQ4MDQzNTA0M0QwNDNEMDQ0RjA0MkUwMA0K</FormattedText>
						</VariantText>
						<VariantText CorrectAnswer="False">
							<PlainText>Прийняття стратегічного рішення.</PlainText>
							<FormattedText>LTggMSAzIDINCi05IDEgMCAwIDAgMCAxMw0KOTYNCi05IDIgMCAwIDAgMCAxDQoNCjBFMDEwOTUzNzQ3OTZDNjU0RTYxNkQ2NTA2MEI0RTZGNzI2RDYxNkMyMDc0NjU3ODc0MEE1MzY5N0E2NTQ0NkY3NTYyNkM2NTAyMUMwODQ2NkY2RTc0NEU2MTZENjUwNjBGNTQ2OTZENjU3MzIwNEU2NTc3MjA1MjZGNkQ2MTZFMDc1NTZFNjk2MzZGNjQ2NTA5MDQ1MzY5N0E2NTAyMEUwMDAxMDg1Mzc0NjE2RTY0NjE3MjY0MDgwNzQzNjg2MTcyNzM2NTc0MDcwRjUyNTU1MzUzNDk0MTRFNUY0MzQ4NDE1MjUzNDU1NDBBNTM2OTdBNjU0NDZGNzU2MjZDNjUwMjFDMDg0NjZGNkU3NDRFNjE2RDY1MDYwRjU0Njk2RDY1NzMyMDRFNjU3NzIwNTI2RjZENjE2RTA3NTU2RTY5NjM2RjY0NjUwOTA0NTM2OTdBNjUwMjBFMDAwMA0KLTkgMiAwIDAgMCAwIDINCg0KMEUwMTA0NTQ2MTYyNzMwRTAwMDAwMA0KLTkgMiAwIDAgMCAwIDQNCg0KMEUwMA0KLTkgMCAwIDAgMCAwIDcNCjEgMSAwIDggMyAwDQoxRjA0NDAwNDM4MDQzOTA0M0QwNDRGMDQ0MjA0NDIwNDRGMDQyMDAwNDEwNDQyMDQ0MDA0MzAwNDQyMDQzNTA0MzMwNDU2MDQ0NzA0M0QwNDNFMDQzMzA0M0UwNDIwMDA0MDA0NTYwNDQ4MDQzNTA0M0QwNDNEMDQ0RjA0MkUwMA0K</FormattedText>
						</VariantText>
						<VariantText CorrectAnswer="False">
							<PlainText>Акцептор результатів дії.</PlainText>
							<FormattedText>LTggMSAzIDINCi05IDEgMCAwIDAgMCAxMw0KOTYNCi05IDIgMCAwIDAgMCAxDQoNCjBFMDEwOTUzNzQ3OTZDNjU0RTYxNkQ2NTA2MEI0RTZGNzI2RDYxNkMyMDc0NjU3ODc0MEE1MzY5N0E2NTQ0NkY3NTYyNkM2NTAyMUMwODQ2NkY2RTc0NEU2MTZENjUwNjBGNTQ2OTZENjU3MzIwNEU2NTc3MjA1MjZGNkQ2MTZFMDc1NTZFNjk2MzZGNjQ2NTA5MDQ1MzY5N0E2NTAyMEUwMDAxMDg1Mzc0NjE2RTY0NjE3MjY0MDgwNzQzNjg2MTcyNzM2NTc0MDcwRjUyNTU1MzUzNDk0MTRFNUY0MzQ4NDE1MjUzNDU1NDBBNTM2OTdBNjU0NDZGNzU2MjZDNjUwMjFDMDg0NjZGNkU3NDRFNjE2RDY1MDYwRjU0Njk2RDY1NzMyMDRFNjU3NzIwNTI2RjZENjE2RTA3NTU2RTY5NjM2RjY0NjUwOTA0NTM2OTdBNjUwMjBFMDAwMA0KLTkgMiAwIDAgMCAwIDINCg0KMEUwMTA0NTQ2MTYyNzMwRTAwMDAwMA0KLTkgMiAwIDAgMCAwIDQNCg0KMEUwMA0KLTkgMCAwIDAgMCAwIDcNCjEgMSAwIDggMyAwDQoxMDA0M0EwNDQ2MDQzNTA0M0YwNDQyMDQzRTA0NDAwNDIwMDA0MDA0MzUwNDM3MDQ0MzA0M0IwNDRDMDQ0MjA0MzAwNDQyMDQ1NjA0MzIwNDIwMDAzNDA0NTYwNDU3MDQyRTAwDQo=</FormattedText>
						</VariantText>
						<VariantText CorrectAnswer="False">
							<PlainText>Обстановочна аферентація.</PlainText>
							<FormattedText>LTggMSAzIDINCi05IDEgMCAwIDAgMCAxMw0KOTYNCi05IDIgMCAwIDAgMCAxDQoNCjBFMDEwOTUzNzQ3OTZDNjU0RTYxNkQ2NTA2MEI0RTZGNzI2RDYxNkMyMDc0NjU3ODc0MEE1MzY5N0E2NTQ0NkY3NTYyNkM2NTAyMUMwODQ2NkY2RTc0NEU2MTZENjUwNjBGNTQ2OTZENjU3MzIwNEU2NTc3MjA1MjZGNkQ2MTZFMDc1NTZFNjk2MzZGNjQ2NTA5MDQ1MzY5N0E2NTAyMEUwMDAxMDg1Mzc0NjE2RTY0NjE3MjY0MDgwNzQzNjg2MTcyNzM2NTc0MDcwRjUyNTU1MzUzNDk0MTRFNUY0MzQ4NDE1MjUzNDU1NDBBNTM2OTdBNjU0NDZGNzU2MjZDNjUwMjFDMDg0NjZGNkU3NDRFNjE2RDY1MDYwRjU0Njk2RDY1NzMyMDRFNjU3NzIwNTI2RjZENjE2RTA3NTU2RTY5NjM2RjY0NjUwOTA0NTM2OTdBNjUwMjBFMDAwMA0KLTkgMiAwIDAgMCAwIDINCg0KMEUwMTA0NTQ2MTYyNzMwRTAwMDAwMA0KLTkgMiAwIDAgMCAwIDQNCg0KMEUwMA0KLTkgMCAwIDAgMCAwIDcNCjEgMSAwIDggMyAwDQoxRTA0MzEwNDQxMDQ0MjA0MzAwNDNEMDQzRTA0MzIwNDNFMDQ0NzA0M0QwNDMwMDQyMDAwMzAwNDQ0MDQzNTA0NDAwNDM1MDQzRDA0NDIwNDMwMDQ0NjA0NTYwNDRGMDQyRTAwDQo=</FormattedText>
						</VariantText>
						<VariantText CorrectAnswer="True">
							<PlainText>Зворотні аферентації.</PlainText>
							<FormattedText>LTggMSAzIDINCi05IDEgMCAwIDAgMCAxMw0KOTYNCi05IDIgMCAwIDAgMCAxDQoNCjBFMDEwOTUzNzQ3OTZDNjU0RTYxNkQ2NTA2MEI0RTZGNzI2RDYxNkMyMDc0NjU3ODc0MEE1MzY5N0E2NTQ0NkY3NTYyNkM2NTAyMUMwODQ2NkY2RTc0NEU2MTZENjUwNjBGNTQ2OTZENjU3MzIwNEU2NTc3MjA1MjZGNkQ2MTZFMDc1NTZFNjk2MzZGNjQ2NTA5MDQ1MzY5N0E2NTAyMEUwMDAxMDg1Mzc0NjE2RTY0NjE3MjY0MDgwNzQzNjg2MTcyNzM2NTc0MDcwRjUyNTU1MzUzNDk0MTRFNUY0MzQ4NDE1MjUzNDU1NDBBNTM2OTdBNjU0NDZGNzU2MjZDNjUwMjFDMDg0NjZGNkU3NDRFNjE2RDY1MDYwRjU0Njk2RDY1NzMyMDRFNjU3NzIwNTI2RjZENjE2RTA3NTU2RTY5NjM2RjY0NjUwOTA0NTM2OTdBNjUwMjBFMDAwMA0KLTkgMiAwIDAgMCAwIDINCg0KMEUwMTA0NTQ2MTYyNzMwRTAwMDAwMA0KLTkgMiAwIDAgMCAwIDQNCg0KMEUwMA0KLTkgMCAwIDAgMCAwIDcNCjEgMSAwIDggMyAwDQoxNzA0MzIwNDNFMDQ0MDA0M0UwNDQyMDQzRDA0NTYwNDIwMDAzMDA0NDQwNDM1MDQ0MDA0MzUwNDNEMDQ0MjA0MzAwNDQ2MDQ1NjA0NTcwNDJFMDANCg==</FormattedText>
						</VariantText>
					</Variants>
				</Task>
				<!-- ***** -->
				<Task Type="TYPE_TASK_CHOICE_SINGLE" Score="1">
					<Title/>
					<QuestionText>
						<PlainText>Який із наведених елементів функціональної системи відноситься до стадії прийняття рішення?</PlainText>
						<FormattedText>LTggMSAzIDINCi05IDEgMCAwIDAgMCAxMw0KOTYNCi05IDIgMCAwIDAgMCAxDQoNCjBFMDEwOTUzNzQ3OTZDNjU0RTYxNkQ2NTA2MEI0RTZGNzI2RDYxNkMyMDc0NjU3ODc0MEE1MzY5N0E2NTQ0NkY3NTYyNkM2NTAyMUMwODQ2NkY2RTc0NEU2MTZENjUwNjBGNTQ2OTZENjU3MzIwNEU2NTc3MjA1MjZGNkQ2MTZFMDc1NTZFNjk2MzZGNjQ2NTA5MDQ1MzY5N0E2NTAyMEUwMDAxMDg1Mzc0NjE2RTY0NjE3MjY0MDgwNzQzNjg2MTcyNzM2NTc0MDcwRjUyNTU1MzUzNDk0MTRFNUY0MzQ4NDE1MjUzNDU1NDBBNTM2OTdBNjU0NDZGNzU2MjZDNjUwMjFDMDg0NjZGNkU3NDRFNjE2RDY1MDYwRjU0Njk2RDY1NzMyMDRFNjU3NzIwNTI2RjZENjE2RTA3NTU2RTY5NjM2RjY0NjUwOTA0NTM2OTdBNjUwMjBFMDAwMA0KLTkgMiAwIDAgMCAwIDINCg0KMEUwMTA0NTQ2MTYyNzMwRTAwMDAwMTA4NTM3NDYxNkU2NDYxNzI2NDA4MDk0MTZDNjk2NzZFNkQ2NTZFNzQwNzBBNzI3NjYxNEE3NTczNzQ2OTY2NzkwNDU0NjE2MjczMEUwMDAwMDANCi05IDIgMCAwIDAgMCA0DQoNCjBFMDANCi05IDAgMCAwIDAgMCA3DQoxIDIgMSA4IDMgMA0KMkYwNDNBMDQzODA0MzkwNDIwMDA1NjA0MzcwNDIwMDAzRDA0MzAwNDMyMDQzNTA0MzQwNDM1MDQzRDA0MzgwNDQ1MDQyMDAwMzUwNDNCMDQzNTA0M0MwNDM1MDQzRDA0NDIwNDU2MDQzMjA0MjAwMDQ0MDQ0MzA0M0QwNDNBMDQ0NjA0NTYwNDNFMDQzRDA0MzAwNDNCMDQ0QzA0M0QwNDNFMDQ1NzA0MjAwMDQxMDQzODA0NDEwNDQyMDQzNTA0M0MwNDM4MDQyMDAwMzIwNDU2MDQzNDA0M0QwNDNFMDQ0MTA0MzgwNDQyMDQ0QzA0NDEwNDRGMDQyMDAwMzQwNDNFMDQyMDAwNDEwNDQyMDQzMDA0MzQwNDU2MDQ1NzA0MjAwMDNGMDQ0MDA0MzgwNDM5MDQzRDA0NEYwNDQyMDQ0MjA0NEYwNDIwMDA0MDA0NTYwNDQ4MDQzNTA0M0QwNDNEMDQ0RjA0M0YwMA0KDQo=</FormattedText>
					</QuestionText>
					<Options>
						<IsAllowRandom>true</IsAllowRandom>
						<IsCompulsory>false</IsCompulsory>
						<IsOnlyForEduMode>false</IsOnlyForEduMode>
						<IsDenyPartially>false</IsDenyPartially>
					</Options>
					<Variants>
						<VariantText CorrectAnswer="True">
							<PlainText>Акцептор результатів дії.</PlainText>
							<FormattedText>LTggMSAzIDINCi05IDEgMCAwIDAgMCAxMw0KOTYNCi05IDIgMCAwIDAgMCAxDQoNCjBFMDEwOTUzNzQ3OTZDNjU0RTYxNkQ2NTA2MEI0RTZGNzI2RDYxNkMyMDc0NjU3ODc0MEE1MzY5N0E2NTQ0NkY3NTYyNkM2NTAyMUMwODQ2NkY2RTc0NEU2MTZENjUwNjBGNTQ2OTZENjU3MzIwNEU2NTc3MjA1MjZGNkQ2MTZFMDc1NTZFNjk2MzZGNjQ2NTA5MDQ1MzY5N0E2NTAyMEUwMDAxMDg1Mzc0NjE2RTY0NjE3MjY0MDgwNzQzNjg2MTcyNzM2NTc0MDcwRjUyNTU1MzUzNDk0MTRFNUY0MzQ4NDE1MjUzNDU1NDBBNTM2OTdBNjU0NDZGNzU2MjZDNjUwMjFDMDg0NjZGNkU3NDRFNjE2RDY1MDYwRjU0Njk2RDY1NzMyMDRFNjU3NzIwNTI2RjZENjE2RTA3NTU2RTY5NjM2RjY0NjUwOTA0NTM2OTdBNjUwMjBFMDAwMA0KLTkgMiAwIDAgMCAwIDINCg0KMEUwMTA0NTQ2MTYyNzMwRTAwMDAwMA0KLTkgMiAwIDAgMCAwIDQNCg0KMEUwMA0KLTkgMCAwIDAgMCAwIDcNCjEgMSAwIDggMyAwDQoxMDA0M0EwNDQ2MDQzNTA0M0YwNDQyMDQzRTA0NDAwNDIwMDA0MDA0MzUwNDM3MDQ0MzA0M0IwNDRDMDQ0MjA0MzAwNDQyMDQ1NjA0MzIwNDIwMDAzNDA0NTYwNDU3MDQyRTAwDQo=</FormattedText>
						</VariantText>
						<VariantText CorrectAnswer="False">
							<PlainText>Обстановочна аферентація.</PlainText>
							<FormattedText>LTggMSAzIDINCi05IDEgMCAwIDAgMCAxMw0KOTYNCi05IDIgMCAwIDAgMCAxDQoNCjBFMDEwOTUzNzQ3OTZDNjU0RTYxNkQ2NTA2MEI0RTZGNzI2RDYxNkMyMDc0NjU3ODc0MEE1MzY5N0E2NTQ0NkY3NTYyNkM2NTAyMUMwODQ2NkY2RTc0NEU2MTZENjUwNjBGNTQ2OTZENjU3MzIwNEU2NTc3MjA1MjZGNkQ2MTZFMDc1NTZFNjk2MzZGNjQ2NTA5MDQ1MzY5N0E2NTAyMEUwMDAxMDg1Mzc0NjE2RTY0NjE3MjY0MDgwNzQzNjg2MTcyNzM2NTc0MDcwRjUyNTU1MzUzNDk0MTRFNUY0MzQ4NDE1MjUzNDU1NDBBNTM2OTdBNjU0NDZGNzU2MjZDNjUwMjFDMDg0NjZGNkU3NDRFNjE2RDY1MDYwRjU0Njk2RDY1NzMyMDRFNjU3NzIwNTI2RjZENjE2RTA3NTU2RTY5NjM2RjY0NjUwOTA0NTM2OTdBNjUwMjBFMDAwMA0KLTkgMiAwIDAgMCAwIDINCg0KMEUwMTA0NTQ2MTYyNzMwRTAwMDAwMA0KLTkgMiAwIDAgMCAwIDQNCg0KMEUwMA0KLTkgMCAwIDAgMCAwIDcNCjEgMSAwIDggMyAwDQoxRTA0MzEwNDQxMDQ0MjA0MzAwNDNEMDQzRTA0MzIwNDNFMDQ0NzA0M0QwNDMwMDQyMDAwMzAwNDQ0MDQzNTA0NDAwNDM1MDQzRDA0NDIwNDMwMDQ0NjA0NTYwNDRGMDQyRTAwDQo=</FormattedText>
						</VariantText>
						<VariantText CorrectAnswer="False">
							<PlainText>Пускова аферентація.</PlainText>
							<FormattedText>LTggMSAzIDINCi05IDEgMCAwIDAgMCAxMw0KOTYNCi05IDIgMCAwIDAgMCAxDQoNCjBFMDEwOTUzNzQ3OTZDNjU0RTYxNkQ2NTA2MEI0RTZGNzI2RDYxNkMyMDc0NjU3ODc0MEE1MzY5N0E2NTQ0NkY3NTYyNkM2NTAyMUMwODQ2NkY2RTc0NEU2MTZENjUwNjBGNTQ2OTZENjU3MzIwNEU2NTc3MjA1MjZGNkQ2MTZFMDc1NTZFNjk2MzZGNjQ2NTA5MDQ1MzY5N0E2NTAyMEUwMDAxMDg1Mzc0NjE2RTY0NjE3MjY0MDgwNzQzNjg2MTcyNzM2NTc0MDcwRjUyNTU1MzUzNDk0MTRFNUY0MzQ4NDE1MjUzNDU1NDBBNTM2OTdBNjU0NDZGNzU2MjZDNjUwMjFDMDg0NjZGNkU3NDRFNjE2RDY1MDYwRjU0Njk2RDY1NzMyMDRFNjU3NzIwNTI2RjZENjE2RTA3NTU2RTY5NjM2RjY0NjUwOTA0NTM2OTdBNjUwMjBFMDAwMA0KLTkgMiAwIDAgMCAwIDINCg0KMEUwMTA0NTQ2MTYyNzMwRTAwMDAwMA0KLTkgMiAwIDAgMCAwIDQNCg0KMEUwMA0KLTkgMCAwIDAgMCAwIDcNCjEgMSAwIDggMyAwDQoxRjA0NDMwNDQxMDQzQTA0M0UwNDMyMDQzMDA0MjAwMDMwMDQ0NDA0MzUwNDQwMDQzNTA0M0QwNDQyMDQzMDA0NDYwNDU2MDQ0RjA0MkUwMA0K</FormattedText>
						</VariantText>
						<VariantText CorrectAnswer="False">
							<PlainText>Апарат пам&apos;яті.</PlainText>
							<FormattedText>LTggMSAzIDINCi05IDEgMCAwIDAgMCAxMw0KOTYNCi05IDIgMCAwIDAgMCAxDQoNCjBFMDEwOTUzNzQ3OTZDNjU0RTYxNkQ2NTA2MEI0RTZGNzI2RDYxNkMyMDc0NjU3ODc0MEE1MzY5N0E2NTQ0NkY3NTYyNkM2NTAyMUMwODQ2NkY2RTc0NEU2MTZENjUwNjBGNTQ2OTZENjU3MzIwNEU2NTc3MjA1MjZGNkQ2MTZFMDc1NTZFNjk2MzZGNjQ2NTA5MDQ1MzY5N0E2NTAyMEUwMDAxMDg1Mzc0NjE2RTY0NjE3MjY0MDgwNzQzNjg2MTcyNzM2NTc0MDcwRjUyNTU1MzUzNDk0MTRFNUY0MzQ4NDE1MjUzNDU1NDBBNTM2OTdBNjU0NDZGNzU2MjZDNjUwMjFDMDg0NjZGNkU3NDRFNjE2RDY1MDYwRjU0Njk2RDY1NzMyMDRFNjU3NzIwNTI2RjZENjE2RTA3NTU2RTY5NjM2RjY0NjUwOTA0NTM2OTdBNjUwMjBFMDAwMA0KLTkgMiAwIDAgMCAwIDINCg0KMEUwMTA0NTQ2MTYyNzMwRTAwMDAwMA0KLTkgMiAwIDAgMCAwIDQNCg0KMEUwMA0KLTkgMCAwIDAgMCAwIDcNCjEgMSAwIDggMyAwDQoxMDA0M0YwNDMwMDQ0MDA0MzAwNDQyMDQyMDAwM0YwNDMwMDQzQzA0MjcwMDRGMDQ0MjA0NTYwNDJFMDANCg==</FormattedText>
						</VariantText>
						<VariantText CorrectAnswer="False">
							<PlainText>Зворотні аферентації.</PlainText>
							<FormattedText>LTggMSAzIDINCi05IDEgMCAwIDAgMCAxMw0KOTYNCi05IDIgMCAwIDAgMCAxDQoNCjBFMDEwOTUzNzQ3OTZDNjU0RTYxNkQ2NTA2MEI0RTZGNzI2RDYxNkMyMDc0NjU3ODc0MEE1MzY5N0E2NTQ0NkY3NTYyNkM2NTAyMUMwODQ2NkY2RTc0NEU2MTZENjUwNjBGNTQ2OTZENjU3MzIwNEU2NTc3MjA1MjZGNkQ2MTZFMDc1NTZFNjk2MzZGNjQ2NTA5MDQ1MzY5N0E2NTAyMEUwMDAxMDg1Mzc0NjE2RTY0NjE3MjY0MDgwNzQzNjg2MTcyNzM2NTc0MDcwRjUyNTU1MzUzNDk0MTRFNUY0MzQ4NDE1MjUzNDU1NDBBNTM2OTdBNjU0NDZGNzU2MjZDNjUwMjFDMDg0NjZGNkU3NDRFNjE2RDY1MDYwRjU0Njk2RDY1NzMyMDRFNjU3NzIwNTI2RjZENjE2RTA3NTU2RTY5NjM2RjY0NjUwOTA0NTM2OTdBNjUwMjBFMDAwMA0KLTkgMiAwIDAgMCAwIDINCg0KMEUwMTA0NTQ2MTYyNzMwRTAwMDAwMA0KLTkgMiAwIDAgMCAwIDQNCg0KMEUwMA0KLTkgMCAwIDAgMCAwIDcNCjEgMSAwIDggMyAwDQoxNzA0MzIwNDNFMDQ0MDA0M0UwNDQyMDQzRDA0NTYwNDIwMDAzMDA0NDQwNDM1MDQ0MDA0MzUwNDNEMDQ0MjA0MzAwNDQ2MDQ1NjA0NTcwNDJFMDANCg==</FormattedText>
						</VariantText>
					</Variants>
				</Task>
				<!-- ***** -->
				<Task Type="TYPE_TASK_CHOICE_SINGLE" Score="1">
					<Title/>
					<QuestionText>
						<PlainText>Від чого залежить швидкість і міцність вироблення умовних рефлексів?</PlainText>
						<FormattedText>LTggMSAzIDINCi05IDEgMCAwIDAgMCAxMw0KOTYNCi05IDIgMCAwIDAgMCAxDQoNCjBFMDEwOTUzNzQ3OTZDNjU0RTYxNkQ2NTA2MEI0RTZGNzI2RDYxNkMyMDc0NjU3ODc0MEE1MzY5N0E2NTQ0NkY3NTYyNkM2NTAyMUMwODQ2NkY2RTc0NEU2MTZENjUwNjBGNTQ2OTZENjU3MzIwNEU2NTc3MjA1MjZGNkQ2MTZFMDc1NTZFNjk2MzZGNjQ2NTA5MDQ1MzY5N0E2NTAyMEUwMDAxMDg1Mzc0NjE2RTY0NjE3MjY0MDgwNzQzNjg2MTcyNzM2NTc0MDcwRjUyNTU1MzUzNDk0MTRFNUY0MzQ4NDE1MjUzNDU1NDBBNTM2OTdBNjU0NDZGNzU2MjZDNjUwMjFDMDg0NjZGNkU3NDRFNjE2RDY1MDYwRjU0Njk2RDY1NzMyMDRFNjU3NzIwNTI2RjZENjE2RTA3NTU2RTY5NjM2RjY0NjUwOTA0NTM2OTdBNjUwMjBFMDAwMA0KLTkgMiAwIDAgMCAwIDINCg0KMEUwMTA0NTQ2MTYyNzMwRTAwMDAwMTA4NTM3NDYxNkU2NDYxNzI2NDA4MDk0MTZDNjk2NzZFNkQ2NTZFNzQwNzBBNzI3NjYxNEE3NTczNzQ2OTY2NzkwNDU0NjE2MjczMEUwMDAwMDANCi05IDIgMCAwIDAgMCA0DQoNCjBFMDANCi05IDAgMCAwIDAgMCA3DQoxIDIgMSA4IDMgMA0KMTIwNDU2MDQzNDA0MjAwMDQ3MDQzRTA0MzMwNDNFMDQyMDAwMzcwNDMwMDQzQjA0MzUwNDM2MDQzODA0NDIwNDRDMDQyMDAwNDgwNDMyMDQzODA0MzQwNDNBMDQ1NjA0NDEwNDQyMDQ0QzA0MjAwMDU2MDQyMDAwM0MwNDU2MDQ0NjA0M0QwNDU2MDQ0MTA0NDIwNDRDMDQyMDAwMzIwNDM4MDQ0MDA0M0UwNDMxMDQzQjA0MzUwNDNEMDQzRDA0NEYwNDIwMDA0MzA0M0MwNDNFMDQzMjA0M0QwNDM4MDQ0NTA0MjAwMDQwMDQzNTA0NDQwNDNCMDQzNTA0M0EwNDQxMDQ1NjA0MzIwNDNGMDANCg0K</FormattedText>
					</QuestionText>
					<Options>
						<IsAllowRandom>true</IsAllowRandom>
						<IsCompulsory>false</IsCompulsory>
						<IsOnlyForEduMode>false</IsOnlyForEduMode>
						<IsDenyPartially>false</IsDenyPartially>
					</Options>
					<Variants>
						<VariantText CorrectAnswer="False">
							<PlainText>Сила зовнішнього гальмування.</PlainText>
							<FormattedText>LTggMSAzIDINCi05IDEgMCAwIDAgMCAxMw0KOTYNCi05IDIgMCAwIDAgMCAxDQoNCjBFMDEwOTUzNzQ3OTZDNjU0RTYxNkQ2NTA2MEI0RTZGNzI2RDYxNkMyMDc0NjU3ODc0MEE1MzY5N0E2NTQ0NkY3NTYyNkM2NTAyMUMwODQ2NkY2RTc0NEU2MTZENjUwNjBGNTQ2OTZENjU3MzIwNEU2NTc3MjA1MjZGNkQ2MTZFMDc1NTZFNjk2MzZGNjQ2NTA5MDQ1MzY5N0E2NTAyMEUwMDAxMDg1Mzc0NjE2RTY0NjE3MjY0MDgwNzQzNjg2MTcyNzM2NTc0MDcwRjUyNTU1MzUzNDk0MTRFNUY0MzQ4NDE1MjUzNDU1NDBBNTM2OTdBNjU0NDZGNzU2MjZDNjUwMjFDMDg0NjZGNkU3NDRFNjE2RDY1MDYwRjU0Njk2RDY1NzMyMDRFNjU3NzIwNTI2RjZENjE2RTA3NTU2RTY5NjM2RjY0NjUwOTA0NTM2OTdBNjUwMjBFMDAwMA0KLTkgMiAwIDAgMCAwIDINCg0KMEUwMTA0NTQ2MTYyNzMwRTAwMDAwMA0KLTkgMiAwIDAgMCAwIDQNCg0KMEUwMA0KLTkgMCAwIDAgMCAwIDcNCjEgMSAwIDggMyAwDQoyMTA0MzgwNDNCMDQzMDA0MjAwMDM3MDQzRTA0MzIwNDNEMDQ1NjA0NDgwNDNEMDQ0QzA0M0UwNDMzMDQzRTA0MjAwMDMzMDQzMDA0M0IwNDRDMDQzQzA0NDMwNDMyMDQzMDA0M0QwNDNEMDQ0RjA0MkUwMA0K</FormattedText>
						</VariantText>
						<VariantText CorrectAnswer="False">
							<PlainText>Сила внутрішнього гальмування.</PlainText>
							<FormattedText>LTggMSAzIDINCi05IDEgMCAwIDAgMCAxMw0KOTYNCi05IDIgMCAwIDAgMCAxDQoNCjBFMDEwOTUzNzQ3OTZDNjU0RTYxNkQ2NTA2MEI0RTZGNzI2RDYxNkMyMDc0NjU3ODc0MEE1MzY5N0E2NTQ0NkY3NTYyNkM2NTAyMUMwODQ2NkY2RTc0NEU2MTZENjUwNjBGNTQ2OTZENjU3MzIwNEU2NTc3MjA1MjZGNkQ2MTZFMDc1NTZFNjk2MzZGNjQ2NTA5MDQ1MzY5N0E2NTAyMEUwMDAxMDg1Mzc0NjE2RTY0NjE3MjY0MDgwNzQzNjg2MTcyNzM2NTc0MDcwRjUyNTU1MzUzNDk0MTRFNUY0MzQ4NDE1MjUzNDU1NDBBNTM2OTdBNjU0NDZGNzU2MjZDNjUwMjFDMDg0NjZGNkU3NDRFNjE2RDY1MDYwRjU0Njk2RDY1NzMyMDRFNjU3NzIwNTI2RjZENjE2RTA3NTU2RTY5NjM2RjY0NjUwOTA0NTM2OTdBNjUwMjBFMDAwMA0KLTkgMiAwIDAgMCAwIDINCg0KMEUwMTA0NTQ2MTYyNzMwRTAwMDAwMA0KLTkgMiAwIDAgMCAwIDQNCg0KMEUwMA0KLTkgMCAwIDAgMCAwIDcNCjEgMSAwIDggMyAwDQoyMTA0MzgwNDNCMDQzMDA0MjAwMDMyMDQzRDA0NDMwNDQyMDQ0MDA0NTYwNDQ4MDQzRDA0NEMwNDNFMDQzMzA0M0UwNDIwMDAzMzA0MzAwNDNCMDQ0QzA0M0MwNDQzMDQzMjA0MzAwNDNEMDQzRDA0NEYwNDJFMDANCg==</FormattedText>
						</VariantText>
						<VariantText CorrectAnswer="False">
							<PlainText>Неврівноваженість основних процесів.</PlainText>
							<FormattedText>LTggMSAzIDINCi05IDEgMCAwIDAgMCAxMw0KOTYNCi05IDIgMCAwIDAgMCAxDQoNCjBFMDEwOTUzNzQ3OTZDNjU0RTYxNkQ2NTA2MEI0RTZGNzI2RDYxNkMyMDc0NjU3ODc0MEE1MzY5N0E2NTQ0NkY3NTYyNkM2NTAyMUMwODQ2NkY2RTc0NEU2MTZENjUwNjBGNTQ2OTZENjU3MzIwNEU2NTc3MjA1MjZGNkQ2MTZFMDc1NTZFNjk2MzZGNjQ2NTA5MDQ1MzY5N0E2NTAyMEUwMDAxMDg1Mzc0NjE2RTY0NjE3MjY0MDgwNzQzNjg2MTcyNzM2NTc0MDcwRjUyNTU1MzUzNDk0MTRFNUY0MzQ4NDE1MjUzNDU1NDBBNTM2OTdBNjU0NDZGNzU2MjZDNjUwMjFDMDg0NjZGNkU3NDRFNjE2RDY1MDYwRjU0Njk2RDY1NzMyMDRFNjU3NzIwNTI2RjZENjE2RTA3NTU2RTY5NjM2RjY0NjUwOTA0NTM2OTdBNjUwMjBFMDAwMA0KLTkgMiAwIDAgMCAwIDINCg0KMEUwMTA0NTQ2MTYyNzMwRTAwMDAwMA0KLTkgMiAwIDAgMCAwIDQNCg0KMEUwMA0KLTkgMCAwIDAgMCAwIDcNCjEgMSAwIDggMyAwDQoxRDA0MzUwNDMyMDQ0MDA0NTYwNDMyMDQzRDA0M0UwNDMyMDQzMDA0MzYwNDM1MDQzRDA0NTYwNDQxMDQ0MjA0NEMwNDIwMDAzRTA0NDEwNDNEMDQzRTA0MzIwNDNEMDQzODA0NDUwNDIwMDAzRjA0NDAwNDNFMDQ0NjA0MzUwNDQxMDQ1NjA0MzIwNDJFMDANCg==</FormattedText>
						</VariantText>
						<VariantText CorrectAnswer="True">
							<PlainText>Сила процесу збудження.</PlainText>
							<FormattedText>LTggMSAzIDINCi05IDEgMCAwIDAgMCAxMw0KOTYNCi05IDIgMCAwIDAgMCAxDQoNCjBFMDEwOTUzNzQ3OTZDNjU0RTYxNkQ2NTA2MEI0RTZGNzI2RDYxNkMyMDc0NjU3ODc0MEE1MzY5N0E2NTQ0NkY3NTYyNkM2NTAyMUMwODQ2NkY2RTc0NEU2MTZENjUwNjBGNTQ2OTZENjU3MzIwNEU2NTc3MjA1MjZGNkQ2MTZFMDc1NTZFNjk2MzZGNjQ2NTA5MDQ1MzY5N0E2NTAyMEUwMDAxMDg1Mzc0NjE2RTY0NjE3MjY0MDgwNzQzNjg2MTcyNzM2NTc0MDcwRjUyNTU1MzUzNDk0MTRFNUY0MzQ4NDE1MjUzNDU1NDBBNTM2OTdBNjU0NDZGNzU2MjZDNjUwMjFDMDg0NjZGNkU3NDRFNjE2RDY1MDYwRjU0Njk2RDY1NzMyMDRFNjU3NzIwNTI2RjZENjE2RTA3NTU2RTY5NjM2RjY0NjUwOTA0NTM2OTdBNjUwMjBFMDAwMA0KLTkgMiAwIDAgMCAwIDINCg0KMEUwMTA0NTQ2MTYyNzMwRTAwMDAwMA0KLTkgMiAwIDAgMCAwIDQNCg0KMEUwMA0KLTkgMCAwIDAgMCAwIDcNCjEgMSAwIDggMyAwDQoyMTA0MzgwNDNCMDQzMDA0MjAwMDNGMDQ0MDA0M0UwNDQ2MDQzNTA0NDEwNDQzMDQyMDAwMzcwNDMxMDQ0MzA0MzQwNDM2MDQzNTA0M0QwNDNEMDQ0RjA0MkUwMA0K</FormattedText>
						</VariantText>
						<VariantText CorrectAnswer="False">
							<PlainText>Рухливість основних процесів.</PlainText>
							<FormattedText>LTggMSAzIDINCi05IDEgMCAwIDAgMCAxMw0KOTYNCi05IDIgMCAwIDAgMCAxDQoNCjBFMDEwOTUzNzQ3OTZDNjU0RTYxNkQ2NTA2MEI0RTZGNzI2RDYxNkMyMDc0NjU3ODc0MEE1MzY5N0E2NTQ0NkY3NTYyNkM2NTAyMUMwODQ2NkY2RTc0NEU2MTZENjUwNjBGNTQ2OTZENjU3MzIwNEU2NTc3MjA1MjZGNkQ2MTZFMDc1NTZFNjk2MzZGNjQ2NTA5MDQ1MzY5N0E2NTAyMEUwMDAxMDg1Mzc0NjE2RTY0NjE3MjY0MDgwNzQzNjg2MTcyNzM2NTc0MDcwRjUyNTU1MzUzNDk0MTRFNUY0MzQ4NDE1MjUzNDU1NDBBNTM2OTdBNjU0NDZGNzU2MjZDNjUwMjFDMDg0NjZGNkU3NDRFNjE2RDY1MDYwRjU0Njk2RDY1NzMyMDRFNjU3NzIwNTI2RjZENjE2RTA3NTU2RTY5NjM2RjY0NjUwOTA0NTM2OTdBNjUwMjBFMDAwMA0KLTkgMiAwIDAgMCAwIDINCg0KMEUwMTA0NTQ2MTYyNzMwRTAwMDAwMA0KLTkgMiAwIDAgMCAwIDQNCg0KMEUwMA0KLTkgMCAwIDAgMCAwIDcNCjEgMSAwIDggMyAwDQoyMDAwMjAwNDQzMDQ0NTA0M0IwNDM4MDQzMjA0NTYwNDQxMDQ0MjA0NEMwNDIwMDAzRTA0NDEwNDNEMDQzRTA0MzIwNDNEMDQzODA0NDUwNDIwMDAzRjA0NDAwNDNFMDQ0NjA0MzUwNDQxMDQ1NjA0MzIwNDJFMDANCg==</FormattedText>
						</VariantText>
					</Variants>
				</Task>
				<!-- ***** -->
				<Task Type="TYPE_TASK_CHOICE_SINGLE" Score="1">
					<Title/>
					<QuestionText>
						<PlainText>На скільки відсотків повинна бути освітлена одна поверхня більше за іншу, щоб зоровий аналізатор сприйняв різницю їх освітленості (поріг розрізнення за силою)?</PlainText>
						<FormattedText>LTggMSAzIDINCi05IDEgMCAwIDAgMCAxMw0KOTYNCi05IDIgMCAwIDAgMCAxDQoNCjBFMDEwOTUzNzQ3OTZDNjU0RTYxNkQ2NTA2MEI0RTZGNzI2RDYxNkMyMDc0NjU3ODc0MEE1MzY5N0E2NTQ0NkY3NTYyNkM2NTAyMUMwODQ2NkY2RTc0NEU2MTZENjUwNjBGNTQ2OTZENjU3MzIwNEU2NTc3MjA1MjZGNkQ2MTZFMDc1NTZFNjk2MzZGNjQ2NTA5MDQ1MzY5N0E2NTAyMEUwMDAxMDg1Mzc0NjE2RTY0NjE3MjY0MDgwNzQzNjg2MTcyNzM2NTc0MDcwRjUyNTU1MzUzNDk0MTRFNUY0MzQ4NDE1MjUzNDU1NDBBNTM2OTdBNjU0NDZGNzU2MjZDNjUwMjFDMDg0NjZGNkU3NDRFNjE2RDY1MDYwRjU0Njk2RDY1NzMyMDRFNjU3NzIwNTI2RjZENjE2RTA3NTU2RTY5NjM2RjY0NjUwOTA0NTM2OTdBNjUwMjBFMDAwMA0KLTkgMiAwIDAgMCAwIDINCg0KMEUwMTA0NTQ2MTYyNzMwRTAwMDAwMTA4NTM3NDYxNkU2NDYxNzI2NDA4MDk0MTZDNjk2NzZFNkQ2NTZFNzQwNzBBNzI3NjYxNEE3NTczNzQ2OTY2NzkwNDU0NjE2MjczMEUwMDAwMDANCi05IDIgMCAwIDAgMCA0DQoNCjBFMDANCi05IDAgMCAwIDAgMCA3DQoxIDIgMSA4IDMgMA0KMUQwNDMwMDQyMDAwNDEwNDNBMDQ1NjA0M0IwNDRDMDQzQTA0MzgwNDIwMDAzMjA0NTYwNDM0MDQ0MTA0M0UwNDQyMDQzQTA0NTYwNDMyMDQyMDAwM0YwNDNFMDQzMjA0MzgwNDNEMDQzRDA0MzAwNDIwMDAzMTA0NDMwNDQyMDQzODA0MjAwMDNFMDQ0MTA0MzIwNDU2MDQ0MjA0M0IwNDM1MDQzRDA0MzAwNDIwMDAzRTA0MzQwNDNEMDQzMDA0MjAwMDNGMDQzRTA0MzIwNDM1MDQ0MDA0NDUwNDNEMDQ0RjA0MjAwMDMxMDQ1NjA0M0IwNDRDMDQ0ODA0MzUwNDIwMDAzNzA0MzAwNDIwMDA1NjA0M0QwNDQ4MDQ0MzA0MkMwMDIwMDA0OTA0M0UwNDMxMDQyMDAwMzcwNDNFMDQ0MDA0M0UwNDMyMDQzODA0MzkwNDIwMDAzMDA0M0QwNDMwMDQzQjA0NTYwNDM3MDQzMDA0NDIwNDNFMDQ0MDA0MjAwMDQxMDQzRjA0NDAwNDM4MDQzOTA0M0QwNDRGMDQzMjA0MjAwMDQwMDQ1NjA0MzcwNDNEMDQzODA0NDYwNDRFMDQyMDAwNTcwNDQ1MDQyMDAwM0UwNDQxMDQzMjA0NTYwNDQyMDQzQjA0MzUwNDNEMDQzRTA0NDEwNDQyMDQ1NjA0MjAwMDI4MDAzRjA0M0UwNDQwMDQ1NjA0MzMwNDIwMDA0MDA0M0UwNDM3MDQ0MDA0NTYwNDM3MDQzRDA0MzUwNDNEMDQzRDA0NEYwNDIwMDAzNzA0MzAwNDIwMDA0MTA0MzgwNDNCMDQzRTA0NEUwNDI5MDAzRjAwDQoNCg==</FormattedText>
					</QuestionText>
					<Options>
						<IsAllowRandom>true</IsAllowRandom>
						<IsCompulsory>false</IsCompulsory>
						<IsOnlyForEduMode>false</IsOnlyForEduMode>
						<IsDenyPartially>false</IsDenyPartially>
					</Options>
					<Variants>
						<VariantText CorrectAnswer="False">
							<PlainText>1,5-3,0%.</PlainText>
							<FormattedText>LTggMSAzIDINCi05IDEgMCAwIDAgMCAxMw0KOTYNCi05IDIgMCAwIDAgMCAxDQoNCjBFMDEwOTUzNzQ3OTZDNjU0RTYxNkQ2NTA2MEI0RTZGNzI2RDYxNkMyMDc0NjU3ODc0MEE1MzY5N0E2NTQ0NkY3NTYyNkM2NTAyMUMwODQ2NkY2RTc0NEU2MTZENjUwNjBGNTQ2OTZENjU3MzIwNEU2NTc3MjA1MjZGNkQ2MTZFMDc1NTZFNjk2MzZGNjQ2NTA5MDQ1MzY5N0E2NTAyMEUwMDAxMDg1Mzc0NjE2RTY0NjE3MjY0MDgwNzQzNjg2MTcyNzM2NTc0MDcwRjUyNTU1MzUzNDk0MTRFNUY0MzQ4NDE1MjUzNDU1NDBBNTM2OTdBNjU0NDZGNzU2MjZDNjUwMjFDMDg0NjZGNkU3NDRFNjE2RDY1MDYwRjU0Njk2RDY1NzMyMDRFNjU3NzIwNTI2RjZENjE2RTA3NTU2RTY5NjM2RjY0NjUwOTA0NTM2OTdBNjUwMjBFMDAwMA0KLTkgMiAwIDAgMCAwIDINCg0KMEUwMTA0NTQ2MTYyNzMwRTAwMDAwMA0KLTkgMiAwIDAgMCAwIDQNCg0KMEUwMA0KLTkgMCAwIDAgMCAwIDcNCjEgMSAwIDggMyAwDQozMTAwMkMwMDM1MDAyRDAwMzMwMDJDMDAzMDAwMjUwMDJFMDANCg==</FormattedText>
						</VariantText>
						<VariantText CorrectAnswer="True">
							<PlainText>1,0-1,5%.</PlainText>
							<FormattedText>LTggMSAzIDINCi05IDEgMCAwIDAgMCAxMw0KOTYNCi05IDIgMCAwIDAgMCAxDQoNCjBFMDEwOTUzNzQ3OTZDNjU0RTYxNkQ2NTA2MEI0RTZGNzI2RDYxNkMyMDc0NjU3ODc0MEE1MzY5N0E2NTQ0NkY3NTYyNkM2NTAyMUMwODQ2NkY2RTc0NEU2MTZENjUwNjBGNTQ2OTZENjU3MzIwNEU2NTc3MjA1MjZGNkQ2MTZFMDc1NTZFNjk2MzZGNjQ2NTA5MDQ1MzY5N0E2NTAyMEUwMDAxMDg1Mzc0NjE2RTY0NjE3MjY0MDgwNzQzNjg2MTcyNzM2NTc0MDcwRjUyNTU1MzUzNDk0MTRFNUY0MzQ4NDE1MjUzNDU1NDBBNTM2OTdBNjU0NDZGNzU2MjZDNjUwMjFDMDg0NjZGNkU3NDRFNjE2RDY1MDYwRjU0Njk2RDY1NzMyMDRFNjU3NzIwNTI2RjZENjE2RTA3NTU2RTY5NjM2RjY0NjUwOTA0NTM2OTdBNjUwMjBFMDAwMA0KLTkgMiAwIDAgMCAwIDINCg0KMEUwMTA0NTQ2MTYyNzMwRTAwMDAwMA0KLTkgMiAwIDAgMCAwIDQNCg0KMEUwMA0KLTkgMCAwIDAgMCAwIDcNCjEgMSAwIDggMyAwDQozMTAwMkMwMDMwMDAyRDAwMzEwMDJDMDAzNTAwMjUwMDJFMDANCg==</FormattedText>
						</VariantText>
						<VariantText CorrectAnswer="False">
							<PlainText>3,0-4,0%.</PlainText>
							<FormattedText>LTggMSAzIDINCi05IDEgMCAwIDAgMCAxMw0KOTYNCi05IDIgMCAwIDAgMCAxDQoNCjBFMDEwOTUzNzQ3OTZDNjU0RTYxNkQ2NTA2MEI0RTZGNzI2RDYxNkMyMDc0NjU3ODc0MEE1MzY5N0E2NTQ0NkY3NTYyNkM2NTAyMUMwODQ2NkY2RTc0NEU2MTZENjUwNjBGNTQ2OTZENjU3MzIwNEU2NTc3MjA1MjZGNkQ2MTZFMDc1NTZFNjk2MzZGNjQ2NTA5MDQ1MzY5N0E2NTAyMEUwMDAxMDg1Mzc0NjE2RTY0NjE3MjY0MDgwNzQzNjg2MTcyNzM2NTc0MDcwRjUyNTU1MzUzNDk0MTRFNUY0MzQ4NDE1MjUzNDU1NDBBNTM2OTdBNjU0NDZGNzU2MjZDNjUwMjFDMDg0NjZGNkU3NDRFNjE2RDY1MDYwRjU0Njk2RDY1NzMyMDRFNjU3NzIwNTI2RjZENjE2RTA3NTU2RTY5NjM2RjY0NjUwOTA0NTM2OTdBNjUwMjBFMDAwMA0KLTkgMiAwIDAgMCAwIDINCg0KMEUwMTA0NTQ2MTYyNzMwRTAwMDAwMA0KLTkgMiAwIDAgMCAwIDQNCg0KMEUwMA0KLTkgMCAwIDAgMCAwIDcNCjEgMSAwIDggMyAwDQozMzAwMkMwMDMwMDAyRDAwMzQwMDJDMDAzMDAwMjUwMDJFMDANCg==</FormattedText>
						</VariantText>
						<VariantText CorrectAnswer="False">
							<PlainText>5-7%.</PlainText>
							<FormattedText>LTggMSAzIDINCi05IDEgMCAwIDAgMCAxMw0KOTYNCi05IDIgMCAwIDAgMCAxDQoNCjBFMDEwOTUzNzQ3OTZDNjU0RTYxNkQ2NTA2MEI0RTZGNzI2RDYxNkMyMDc0NjU3ODc0MEE1MzY5N0E2NTQ0NkY3NTYyNkM2NTAyMUMwODQ2NkY2RTc0NEU2MTZENjUwNjBGNTQ2OTZENjU3MzIwNEU2NTc3MjA1MjZGNkQ2MTZFMDc1NTZFNjk2MzZGNjQ2NTA5MDQ1MzY5N0E2NTAyMEUwMDAxMDg1Mzc0NjE2RTY0NjE3MjY0MDgwNzQzNjg2MTcyNzM2NTc0MDcwRjUyNTU1MzUzNDk0MTRFNUY0MzQ4NDE1MjUzNDU1NDBBNTM2OTdBNjU0NDZGNzU2MjZDNjUwMjFDMDg0NjZGNkU3NDRFNjE2RDY1MDYwRjU0Njk2RDY1NzMyMDRFNjU3NzIwNTI2RjZENjE2RTA3NTU2RTY5NjM2RjY0NjUwOTA0NTM2OTdBNjUwMjBFMDAwMA0KLTkgMiAwIDAgMCAwIDINCg0KMEUwMTA0NTQ2MTYyNzMwRTAwMDAwMA0KLTkgMiAwIDAgMCAwIDQNCg0KMEUwMA0KLTkgMCAwIDAgMCAwIDcNCjEgMSAwIDggMyAwDQozNTAwMkQwMDM3MDAyNTAwMkUwMA0K</FormattedText>
						</VariantText>
						<VariantText CorrectAnswer="False">
							<PlainText>10%.</PlainText>
							<FormattedText>LTggMSAzIDINCi05IDEgMCAwIDAgMCAxMw0KOTYNCi05IDIgMCAwIDAgMCAxDQoNCjBFMDEwOTUzNzQ3OTZDNjU0RTYxNkQ2NTA2MEI0RTZGNzI2RDYxNkMyMDc0NjU3ODc0MEE1MzY5N0E2NTQ0NkY3NTYyNkM2NTAyMUMwODQ2NkY2RTc0NEU2MTZENjUwNjBGNTQ2OTZENjU3MzIwNEU2NTc3MjA1MjZGNkQ2MTZFMDc1NTZFNjk2MzZGNjQ2NTA5MDQ1MzY5N0E2NTAyMEUwMDAxMDg1Mzc0NjE2RTY0NjE3MjY0MDgwNzQzNjg2MTcyNzM2NTc0MDcwRjUyNTU1MzUzNDk0MTRFNUY0MzQ4NDE1MjUzNDU1NDBBNTM2OTdBNjU0NDZGNzU2MjZDNjUwMjFDMDg0NjZGNkU3NDRFNjE2RDY1MDYwRjU0Njk2RDY1NzMyMDRFNjU3NzIwNTI2RjZENjE2RTA3NTU2RTY5NjM2RjY0NjUwOTA0NTM2OTdBNjUwMjBFMDAwMA0KLTkgMiAwIDAgMCAwIDINCg0KMEUwMTA0NTQ2MTYyNzMwRTAwMDAwMA0KLTkgMiAwIDAgMCAwIDQNCg0KMEUwMA0KLTkgMCAwIDAgMCAwIDcNCjEgMSAwIDggMyAwDQozMTAwMzAwMDI1MDAyRTAwDQo=</FormattedText>
						</VariantText>
					</Variants>
				</Task>
				<!-- ***** -->
				<Task Type="TYPE_TASK_CHOICE_SINGLE" Score="1">
					<Title/>
					<QuestionText>
						<PlainText>Під яким кутом нормальне око з гостротою зору 1,0 здатне розрізняти дві точки простору (поріг розрізнення простору)?</PlainText>
						<FormattedText>LTggMSAzIDINCi05IDEgMCAwIDAgMCAxMw0KOTYNCi05IDIgMCAwIDAgMCAxDQoNCjBFMDEwOTUzNzQ3OTZDNjU0RTYxNkQ2NTA2MEI0RTZGNzI2RDYxNkMyMDc0NjU3ODc0MEE1MzY5N0E2NTQ0NkY3NTYyNkM2NTAyMUMwODQ2NkY2RTc0NEU2MTZENjUwNjBGNTQ2OTZENjU3MzIwNEU2NTc3MjA1MjZGNkQ2MTZFMDc1NTZFNjk2MzZGNjQ2NTA5MDQ1MzY5N0E2NTAyMEUwMDAxMDg1Mzc0NjE2RTY0NjE3MjY0MDgwNzQzNjg2MTcyNzM2NTc0MDcwRjUyNTU1MzUzNDk0MTRFNUY0MzQ4NDE1MjUzNDU1NDBBNTM2OTdBNjU0NDZGNzU2MjZDNjUwMjFDMDg0NjZGNkU3NDRFNjE2RDY1MDYwRjU0Njk2RDY1NzMyMDRFNjU3NzIwNTI2RjZENjE2RTA3NTU2RTY5NjM2RjY0NjUwOTA0NTM2OTdBNjUwMjBFMDAwMA0KLTkgMiAwIDAgMCAwIDINCg0KMEUwMTA0NTQ2MTYyNzMwRTAwMDAwMTA4NTM3NDYxNkU2NDYxNzI2NDA4MDk0MTZDNjk2NzZFNkQ2NTZFNzQwNzBBNzI3NjYxNEE3NTczNzQ2OTY2NzkwNDU0NjE2MjczMEUwMDAwMDANCi05IDIgMCAwIDAgMCA0DQoNCjBFMDANCi05IDAgMCAwIDAgMCA3DQoxIDIgMSA4IDMgMA0KMUYwNDU2MDQzNDA0MjAwMDRGMDQzQTA0MzgwNDNDMDQyMDAwM0EwNDQzMDQ0MjA0M0UwNDNDMDQyMDAwM0QwNDNFMDQ0MDA0M0MwNDMwMDQzQjA0NEMwNDNEMDQzNTA0MjAwMDNFMDQzQTA0M0UwNDIwMDAzNzA0MjAwMDMzMDQzRTA0NDEwNDQyMDQ0MDA0M0UwNDQyMDQzRTA0NEUwNDIwMDAzNzA0M0UwNDQwMDQ0MzA0MjAwMDMxMDAyQzAwMzAwMDIwMDAzNzA0MzQwNDMwMDQ0MjA0M0QwNDM1MDQyMDAwNDAwNDNFMDQzNzA0NDAwNDU2MDQzNzA0M0QwNDRGMDQ0MjA0MzgwNDIwMDAzNDA0MzIwNDU2MDQyMDAwNDIwNDNFMDQ0NzA0M0EwNDM4MDQyMDAwM0YwNDQwMDQzRTA0NDEwNDQyMDQzRTA0NDAwNDQzMDQyMDAwMjgwMDNGMDQzRTA0NDAwNDU2MDQzMzA0MjAwMDQwMDQzRTA0MzcwNDQwMDQ1NjA0MzcwNDNEMDQzNTA0M0QwNDNEMDQ0RjA0MjAwMDNGMDQ0MDA0M0UwNDQxMDQ0MjA0M0UwNDQwMDQ0MzA0MjkwMDNGMDANCg0K</FormattedText>
					</QuestionText>
					<Options>
						<IsAllowRandom>true</IsAllowRandom>
						<IsCompulsory>false</IsCompulsory>
						<IsOnlyForEduMode>false</IsOnlyForEduMode>
						<IsDenyPartially>false</IsDenyPartially>
					</Options>
					<Variants>
						<VariantText CorrectAnswer="False">
							<PlainText>Під кутом у 0,5 хв.</PlainText>
							<FormattedText>LTggMSAzIDINCi05IDEgMCAwIDAgMCAxMw0KOTYNCi05IDIgMCAwIDAgMCAxDQoNCjBFMDEwOTUzNzQ3OTZDNjU0RTYxNkQ2NTA2MEI0RTZGNzI2RDYxNkMyMDc0NjU3ODc0MEE1MzY5N0E2NTQ0NkY3NTYyNkM2NTAyMUMwODQ2NkY2RTc0NEU2MTZENjUwNjBGNTQ2OTZENjU3MzIwNEU2NTc3MjA1MjZGNkQ2MTZFMDc1NTZFNjk2MzZGNjQ2NTA5MDQ1MzY5N0E2NTAyMEUwMDAxMDg1Mzc0NjE2RTY0NjE3MjY0MDgwNzQzNjg2MTcyNzM2NTc0MDcwRjUyNTU1MzUzNDk0MTRFNUY0MzQ4NDE1MjUzNDU1NDBBNTM2OTdBNjU0NDZGNzU2MjZDNjUwMjFDMDg0NjZGNkU3NDRFNjE2RDY1MDYwRjU0Njk2RDY1NzMyMDRFNjU3NzIwNTI2RjZENjE2RTA3NTU2RTY5NjM2RjY0NjUwOTA0NTM2OTdBNjUwMjBFMDAwMA0KLTkgMiAwIDAgMCAwIDINCg0KMEUwMTA0NTQ2MTYyNzMwRTAwMDAwMA0KLTkgMiAwIDAgMCAwIDQNCg0KMEUwMA0KLTkgMCAwIDAgMCAwIDcNCjEgMSAwIDggMyAwDQoxRjA0NTYwNDM0MDQyMDAwM0EwNDQzMDQ0MjA0M0UwNDNDMDQyMDAwNDMwNDIwMDAzMDAwMkMwMDM1MDAyMDAwNDUwNDMyMDQyRTAwDQo=</FormattedText>
						</VariantText>
						<VariantText CorrectAnswer="False">
							<PlainText>Під кутом у 4 хв.</PlainText>
							<FormattedText>LTggMSAzIDINCi05IDEgMCAwIDAgMCAxMw0KOTYNCi05IDIgMCAwIDAgMCAxDQoNCjBFMDEwOTUzNzQ3OTZDNjU0RTYxNkQ2NTA2MEI0RTZGNzI2RDYxNkMyMDc0NjU3ODc0MEE1MzY5N0E2NTQ0NkY3NTYyNkM2NTAyMUMwODQ2NkY2RTc0NEU2MTZENjUwNjBGNTQ2OTZENjU3MzIwNEU2NTc3MjA1MjZGNkQ2MTZFMDc1NTZFNjk2MzZGNjQ2NTA5MDQ1MzY5N0E2NTAyMEUwMDAxMDg1Mzc0NjE2RTY0NjE3MjY0MDgwNzQzNjg2MTcyNzM2NTc0MDcwRjUyNTU1MzUzNDk0MTRFNUY0MzQ4NDE1MjUzNDU1NDBBNTM2OTdBNjU0NDZGNzU2MjZDNjUwMjFDMDg0NjZGNkU3NDRFNjE2RDY1MDYwRjU0Njk2RDY1NzMyMDRFNjU3NzIwNTI2RjZENjE2RTA3NTU2RTY5NjM2RjY0NjUwOTA0NTM2OTdBNjUwMjBFMDAwMA0KLTkgMiAwIDAgMCAwIDINCg0KMEUwMTA0NTQ2MTYyNzMwRTAwMDAwMA0KLTkgMiAwIDAgMCAwIDQNCg0KMEUwMA0KLTkgMCAwIDAgMCAwIDcNCjEgMSAwIDggMyAwDQoxRjA0NTYwNDM0MDQyMDAwM0EwNDQzMDQ0MjA0M0UwNDNDMDQyMDAwNDMwNDIwMDAzNDAwMjAwMDQ1MDQzMjA0MkUwMA0K</FormattedText>
						</VariantText>
						<VariantText CorrectAnswer="True">
							<PlainText>Під кутом у 1 хв.</PlainText>
							<FormattedText>LTggMSAzIDINCi05IDEgMCAwIDAgMCAxMw0KOTYNCi05IDIgMCAwIDAgMCAxDQoNCjBFMDEwOTUzNzQ3OTZDNjU0RTYxNkQ2NTA2MEI0RTZGNzI2RDYxNkMyMDc0NjU3ODc0MEE1MzY5N0E2NTQ0NkY3NTYyNkM2NTAyMUMwODQ2NkY2RTc0NEU2MTZENjUwNjBGNTQ2OTZENjU3MzIwNEU2NTc3MjA1MjZGNkQ2MTZFMDc1NTZFNjk2MzZGNjQ2NTA5MDQ1MzY5N0E2NTAyMEUwMDAxMDg1Mzc0NjE2RTY0NjE3MjY0MDgwNzQzNjg2MTcyNzM2NTc0MDcwRjUyNTU1MzUzNDk0MTRFNUY0MzQ4NDE1MjUzNDU1NDBBNTM2OTdBNjU0NDZGNzU2MjZDNjUwMjFDMDg0NjZGNkU3NDRFNjE2RDY1MDYwRjU0Njk2RDY1NzMyMDRFNjU3NzIwNTI2RjZENjE2RTA3NTU2RTY5NjM2RjY0NjUwOTA0NTM2OTdBNjUwMjBFMDAwMA0KLTkgMiAwIDAgMCAwIDINCg0KMEUwMTA0NTQ2MTYyNzMwRTAwMDAwMA0KLTkgMiAwIDAgMCAwIDQNCg0KMEUwMA0KLTkgMCAwIDAgMCAwIDcNCjEgMSAwIDggMyAwDQoxRjA0NTYwNDM0MDQyMDAwM0EwNDQzMDQ0MjA0M0UwNDNDMDQyMDAwNDMwNDIwMDAzMTAwMjAwMDQ1MDQzMjA0MkUwMA0K</FormattedText>
						</VariantText>
						<VariantText CorrectAnswer="False">
							<PlainText>Під кутом у 6 хв.</PlainText>
							<FormattedText>LTggMSAzIDINCi05IDEgMCAwIDAgMCAxMw0KOTYNCi05IDIgMCAwIDAgMCAxDQoNCjBFMDEwOTUzNzQ3OTZDNjU0RTYxNkQ2NTA2MEI0RTZGNzI2RDYxNkMyMDc0NjU3ODc0MEE1MzY5N0E2NTQ0NkY3NTYyNkM2NTAyMUMwODQ2NkY2RTc0NEU2MTZENjUwNjBGNTQ2OTZENjU3MzIwNEU2NTc3MjA1MjZGNkQ2MTZFMDc1NTZFNjk2MzZGNjQ2NTA5MDQ1MzY5N0E2NTAyMEUwMDAxMDg1Mzc0NjE2RTY0NjE3MjY0MDgwNzQzNjg2MTcyNzM2NTc0MDcwRjUyNTU1MzUzNDk0MTRFNUY0MzQ4NDE1MjUzNDU1NDBBNTM2OTdBNjU0NDZGNzU2MjZDNjUwMjFDMDg0NjZGNkU3NDRFNjE2RDY1MDYwRjU0Njk2RDY1NzMyMDRFNjU3NzIwNTI2RjZENjE2RTA3NTU2RTY5NjM2RjY0NjUwOTA0NTM2OTdBNjUwMjBFMDAwMA0KLTkgMiAwIDAgMCAwIDINCg0KMEUwMTA0NTQ2MTYyNzMwRTAwMDAwMA0KLTkgMiAwIDAgMCAwIDQNCg0KMEUwMA0KLTkgMCAwIDAgMCAwIDcNCjEgMSAwIDggMyAwDQoxRjA0NTYwNDM0MDQyMDAwM0EwNDQzMDQ0MjA0M0UwNDNDMDQyMDAwNDMwNDIwMDAzNjAwMjAwMDQ1MDQzMjA0MkUwMA0K</FormattedText>
						</VariantText>
					</Variants>
				</Task>
				<!-- ***** -->
			</Tasks>
		</Group>
	</Groups>
</MyTestX>
